2012/03/08 02:19:42 INFO  - jmeter.util.JMeterUtils: Setting Locale to en_US 
2012/03/08 02:19:42 INFO  - jmeter.JMeter: Loading user properties from: /home/tester1/jakarta-jmeter-2.5.1/bin/user.properties 
2012/03/08 02:19:42 INFO  - jmeter.JMeter: Loading system properties from: /home/tester1/jakarta-jmeter-2.5.1/bin/system.properties 
2012/03/08 02:19:42 INFO  - jmeter.JMeter: Copyright (c) 1998-2011 The Apache Software Foundation 
2012/03/08 02:19:42 INFO  - jmeter.JMeter: Version 2.5.1 r1177103 
2012/03/08 02:19:42 INFO  - jmeter.JMeter: java.version=1.6.0_22 
2012/03/08 02:19:42 INFO  - jmeter.JMeter: java.vm.name=OpenJDK Server VM 
2012/03/08 02:19:42 INFO  - jmeter.JMeter: os.name=Linux 
2012/03/08 02:19:42 INFO  - jmeter.JMeter: os.arch=i386 
2012/03/08 02:19:42 INFO  - jmeter.JMeter: os.version=2.6.41.9-1.fc15.i686 
2012/03/08 02:19:42 INFO  - jmeter.JMeter: file.encoding=UTF-8 
2012/03/08 02:19:42 INFO  - jmeter.JMeter: Default Locale=English (United States) 
2012/03/08 02:19:42 INFO  - jmeter.JMeter: JMeter  Locale=English (United States) 
2012/03/08 02:19:42 INFO  - jmeter.JMeter: JMeterHome=/home/tester1/jakarta-jmeter-2.5.1 
2012/03/08 02:19:42 INFO  - jmeter.JMeter: user.dir  =/home/tester1/jakarta-jmeter-2.5.1/bin 
2012/03/08 02:19:42 INFO  - jmeter.JMeter: PWD       =/home/tester1/jakarta-jmeter-2.5.1/bin 
2012/03/08 02:19:42 INFO  - jmeter.JMeter: IP: 192.168.5.236 Name: zejmeter01.zeomega.int FullName: zejmeter01.zeomega.int 
2012/03/08 02:19:42 INFO  - jmeter.services.FileServer: Default base='/home/tester1/jakarta-jmeter-2.5.1/bin' 
2012/03/08 02:19:42 INFO  - jmeter.services.FileServer: Set new base '/home/tester1/workspace/BCBSLA/ForMultiTestPlans' 
2012/03/08 02:19:42 INFO  - jmeter.JMeter: Loading file: /home/tester1/workspace/BCBSLA/ForMultiTestPlans/TestPlan.jmx 
2012/03/08 02:19:42 INFO  - jmeter.save.SaveService: Testplan (JMX) version: 2.2. Testlog (JTL) version: 2.2 
2012/03/08 02:19:42 INFO  - jmeter.save.SaveService: Using SaveService properties file encoding UTF-8 
2012/03/08 02:19:42 INFO  - jmeter.save.SaveService: Using SaveService properties file version 1050447 
2012/03/08 02:19:42 INFO  - jmeter.save.SaveService: Using SaveService properties version 2.1 
2012/03/08 02:19:42 INFO  - jmeter.save.SaveService: All converter versions present and correct 
2012/03/08 02:19:42 INFO  - jmeter.control.IncludeController: loadIncludedElements -- try to load included module: /home/tester1/jakarta-jmeter-2.5.1/bin/../../workspace/BCBSLA/ForMultiTestPlans/001_UM_Stay_Fragment1.jmx 
2012/03/08 02:19:42 INFO  - jmeter.protocol.http.control.CookieManager: Settings: Delete null: true Check: true Allow variable: true Save: false Prefix: COOKIE_ 
2012/03/08 02:19:42 INFO  - jmeter.protocol.http.sampler.HTTPSamplerBase: Cannot find .className property for htmlParser, using default 
2012/03/08 02:19:42 INFO  - jmeter.protocol.http.sampler.HTTPSamplerBase: Parser for text/html is  
2012/03/08 02:19:42 INFO  - jmeter.protocol.http.sampler.HTTPSamplerBase: Parser for application/xhtml+xml is  
2012/03/08 02:19:42 INFO  - jmeter.protocol.http.sampler.HTTPSamplerBase: Parser for application/xml is  
2012/03/08 02:19:42 INFO  - jmeter.protocol.http.sampler.HTTPSamplerBase: Parser for text/xml is  
2012/03/08 02:19:42 INFO  - jmeter.protocol.http.sampler.HTTPSamplerBase: Parser for text/vnd.wap.wml is org.apache.jmeter.protocol.http.parser.RegexpHTMLParser 
2012/03/08 02:19:42 INFO  - jmeter.protocol.http.sampler.HTTPSamplerBase: Reuse SSL session context on subsequent iterations: true 
2012/03/08 02:19:43 INFO  - jmeter.control.IncludeController: loadIncludedElements -- try to load included module: /home/tester1/jakarta-jmeter-2.5.1/bin/../../workspace/BCBSLA/ForMultiTestPlans/002_UM_OP_Fragment.jmx 
2012/03/08 02:19:43 INFO  - jmeter.control.IncludeController: loadIncludedElements -- try to load included module: /home/tester1/jakarta-jmeter-2.5.1/bin/../../workspace/BCBSLA/ForMultiTestPlans/001_UM_Stay_Fragment1.jmx 
2012/03/08 02:19:43 INFO  - jmeter.control.IncludeController: loadIncludedElements -- try to load included module: /home/tester1/jakarta-jmeter-2.5.1/bin/../../workspace/BCBSLA/ForMultiTestPlans/002_UM_OP_Fragment.jmx 
2012/03/08 02:19:43 INFO  - jmeter.JMeter: Configuring remote engine for 192.168.5.236 
2012/03/08 02:19:43 INFO  - jmeter.control.IncludeController: loadIncludedElements -- try to load included module: /home/tester1/jakarta-jmeter-2.5.1/bin/../../workspace/BCBSLA/ForMultiTestPlans/001_UM_Stay_Fragment1.jmx 
2012/03/08 02:19:43 INFO  - jmeter.control.IncludeController: loadIncludedElements -- try to load included module: /home/tester1/jakarta-jmeter-2.5.1/bin/../../workspace/BCBSLA/ForMultiTestPlans/002_UM_OP_Fragment.jmx 
2012/03/08 02:19:44 INFO  - jmeter.JMeter: Configuring remote engine for  192.168.5.237 
2012/03/08 02:19:44 INFO  - jmeter.control.IncludeController: loadIncludedElements -- try to load included module: /home/tester1/jakarta-jmeter-2.5.1/bin/../../workspace/BCBSLA/ForMultiTestPlans/001_UM_Stay_Fragment1.jmx 
2012/03/08 02:19:44 INFO  - jmeter.control.IncludeController: loadIncludedElements -- try to load included module: /home/tester1/jakarta-jmeter-2.5.1/bin/../../workspace/BCBSLA/ForMultiTestPlans/002_UM_OP_Fragment.jmx 
2012/03/08 02:19:44 INFO  - jmeter.JMeter: Starting remote engines 
2012/03/08 02:19:44 INFO  - jmeter.engine.ClientJMeterEngine: running clientengine run method 
2012/03/08 02:19:44 INFO  - jmeter.engine.util.CompoundVariable: Note: Function class names must contain the string: '.functions.' 
2012/03/08 02:19:44 INFO  - jmeter.engine.util.CompoundVariable: Note: Function class names must not contain the string: '.gui.' 
2012/03/08 02:19:44 INFO  - jmeter.samplers.StandardSampleSender: Using Standard Remote Sampler for this test run 
2012/03/08 02:19:45 INFO  - jmeter.engine.ClientJMeterEngine: sent test to 192.168.5.236 basedir='.' 
2012/03/08 02:19:45 INFO  - jmeter.engine.ClientJMeterEngine: sent run command to 192.168.5.236 
2012/03/08 02:19:45 INFO  - jmeter.engine.ClientJMeterEngine: running clientengine run method 
2012/03/08 02:19:45 INFO  - jmeter.JMeter: Started remote host:  192.168.5.236 (1331194785334) 
2012/03/08 02:19:45 INFO  - jmeter.engine.ClientJMeterEngine: sent test to 192.168.5.237 basedir='.' 
2012/03/08 02:19:45 INFO  - jmeter.engine.ClientJMeterEngine: sent run command to 192.168.5.237 
2012/03/08 02:19:45 INFO  - jmeter.JMeter: Remote engines have been started 
2012/03/08 02:19:45 INFO  - jmeter.JMeter: Started remote host:  192.168.5.237 (1331194785892) 
2012/03/08 02:19:48 INFO  - jmeter.samplers.SampleResult: Note: Sample TimeStamps are START times 
2012/03/08 02:19:48 INFO  - jmeter.samplers.SampleResult: sampleresult.default.encoding is set to ISO-8859-1 
2012/03/08 02:19:48 INFO  - jmeter.samplers.SampleResult: sampleresult.useNanoTime=true 
2012/03/08 02:21:57 INFO  - jmeter.JMeter: Finished remote host: 192.168.5.236 (1331194917226) 
2012/03/08 02:22:00 INFO  - jmeter.JMeter: Finished remote host: 192.168.5.237 (1331194920070) 
2012/03/08 02:22:05 INFO  - jmeter.JMeter: Interrupting RMI Reaper 
