"SwingWorker-pool-3-thread-1" Id=49 WAITING on java.util.concurrent.locks.AbstractQueuedSynchronizer$ConditionObject@1739606
	at sun.misc.Unsafe.park(Native Method)
	-  waiting on java.util.concurrent.locks.AbstractQueuedSynchronizer$ConditionObject@1739606
	at java.util.concurrent.locks.LockSupport.park(Unknown Source)
	at java.util.concurrent.locks.AbstractQueuedSynchronizer$ConditionObject.await(Unknown Source)
	at java.util.concurrent.LinkedBlockingQueue.take(Unknown Source)
	at java.util.concurrent.ThreadPoolExecutor.getTask(Unknown Source)
	at java.util.concurrent.ThreadPoolExecutor.runWorker(Unknown Source)
	at java.util.concurrent.ThreadPoolExecutor$Worker.run(Unknown Source)
	at java.lang.Thread.run(Unknown Source)

"StandardJMeterEngine" Id=39 RUNNABLE
	at java.lang.Thread.isAlive(Native Method)
	at org.apache.jmeter.threads.ThreadGroup.waitThreadStopped(ThreadGroup.java:560)
	at org.apache.jmeter.threads.ThreadGroup.waitThreadsStopped(ThreadGroup.java:548)
	at org.apache.jmeter.engine.StandardJMeterEngine.waitThreadsStopped(StandardJMeterEngine.java:547)
	at org.apache.jmeter.engine.StandardJMeterEngine.run(StandardJMeterEngine.java:474)
	at java.lang.Thread.run(Unknown Source)

"NanoOffset" Id=26 TIMED_WAITING
	at java.lang.Thread.sleep(Native Method)
	at java.lang.Thread.sleep(Unknown Source)
	at java.util.concurrent.TimeUnit.sleep(Unknown Source)
	at org.apache.jmeter.samplers.SampleResult$NanoOffset.getOffset(SampleResult.java:1472)
	at org.apache.jmeter.samplers.SampleResult$NanoOffset.run(SampleResult.java:1465)

"Swing-Shell" Id=23 WAITING on java.util.concurrent.locks.AbstractQueuedSynchronizer$ConditionObject@e44370
	at sun.misc.Unsafe.park(Native Method)
	-  waiting on java.util.concurrent.locks.AbstractQueuedSynchronizer$ConditionObject@e44370
	at java.util.concurrent.locks.LockSupport.park(Unknown Source)
	at java.util.concurrent.locks.AbstractQueuedSynchronizer$ConditionObject.await(Unknown Source)
	at java.util.concurrent.LinkedBlockingQueue.take(Unknown Source)
	at java.util.concurrent.ThreadPoolExecutor.getTask(Unknown Source)
	at java.util.concurrent.ThreadPoolExecutor.runWorker(Unknown Source)
	at java.util.concurrent.ThreadPoolExecutor$Worker.run(Unknown Source)
	at sun.awt.shell.Win32ShellFolderManager2$ComInvoker$3.run(Unknown Source)
	...

"DestroyJavaVM" Id=20 RUNNABLE

"TimerQueue" Id=17 TIMED_WAITING on java.util.concurrent.locks.AbstractQueuedSynchronizer$ConditionObject@d7daca
	at sun.misc.Unsafe.park(Native Method)
	-  waiting on java.util.concurrent.locks.AbstractQueuedSynchronizer$ConditionObject@d7daca
	at java.util.concurrent.locks.LockSupport.parkNanos(Unknown Source)
	at java.util.concurrent.locks.AbstractQueuedSynchronizer$ConditionObject.awaitNanos(Unknown Source)
	at java.util.concurrent.DelayQueue.take(Unknown Source)
	at javax.swing.TimerQueue.run(Unknown Source)
	at java.lang.Thread.run(Unknown Source)

	Number of locked synchronizers = 1
	- java.util.concurrent.locks.ReentrantLock$NonfairSync@197cf63

"AWT-EventQueue-0" Id=16 RUNNABLE
	at sun.management.ThreadImpl.dumpThreads0(Native Method)
	at sun.management.ThreadImpl.dumpAllThreads(Unknown Source)
	at org.apache.jorphan.util.ThreadDumper.writeThreadDump(ThreadDumper.java:78)
	at org.apache.jorphan.util.ThreadDumper.threadDump(ThreadDumper.java:66)
	at org.apache.jorphan.util.ThreadDumper.threadDump(ThreadDumper.java:50)
	at org.apache.jmeter.gui.action.What.doAction(What.java:91)
	at org.apache.jmeter.gui.action.ActionRouter.performAction(ActionRouter.java:80)
	at org.apache.jmeter.gui.action.ActionRouter.lambda$actionPerformed$0(ActionRouter.java:65)
	...

"AWT-Windows" Id=12 RUNNABLE (in native)
	at sun.awt.windows.WToolkit.eventLoop(Native Method)
	at sun.awt.windows.WToolkit.run(Unknown Source)
	at java.lang.Thread.run(Unknown Source)

"AWT-Shutdown" Id=11 WAITING on java.lang.Object@1d1bb30
	at java.lang.Object.wait(Native Method)
	-  waiting on java.lang.Object@1d1bb30
	at java.lang.Object.wait(Unknown Source)
	at sun.awt.AWTAutoShutdown.run(Unknown Source)
	at java.lang.Thread.run(Unknown Source)

"Java2D Disposer" Id=10 WAITING on java.lang.ref.ReferenceQueue$Lock@1ac9b79
	at java.lang.Object.wait(Native Method)
	-  waiting on java.lang.ref.ReferenceQueue$Lock@1ac9b79
	at java.lang.ref.ReferenceQueue.remove(Unknown Source)
	at java.lang.ref.ReferenceQueue.remove(Unknown Source)
	at sun.java2d.Disposer.run(Unknown Source)
	at java.lang.Thread.run(Unknown Source)

"Attach Listener" Id=5 RUNNABLE

"Signal Dispatcher" Id=4 RUNNABLE

"Finalizer" Id=3 WAITING on java.lang.ref.ReferenceQueue$Lock@bac78
	at java.lang.Object.wait(Native Method)
	-  waiting on java.lang.ref.ReferenceQueue$Lock@bac78
	at java.lang.ref.ReferenceQueue.remove(Unknown Source)
	at java.lang.ref.ReferenceQueue.remove(Unknown Source)
	at java.lang.ref.Finalizer$FinalizerThread.run(Unknown Source)

"Reference Handler" Id=2 WAITING on java.lang.ref.Reference$Lock@9622f9
	at java.lang.Object.wait(Native Method)
	-  waiting on java.lang.ref.Reference$Lock@9622f9
	at java.lang.Object.wait(Unknown Source)
	at java.lang.ref.Reference.tryHandlePending(Unknown Source)
	at java.lang.ref.Reference$ReferenceHandler.run(Unknown Source)

