2016/07/22 22:41:43 INFO  - jmeter.util.JMeterUtils: Setting Locale to ja_JP 
2016/07/22 22:41:43 INFO  - jmeter.util.JMeterUtils: Could not find resources for 'ja_JP', using 'ja' 
2016/07/22 22:41:43 INFO  - jmeter.JMeter: Loading user properties from: D:\Program Files\apache-jmeter-3.0\bin\user.properties 
2016/07/22 22:41:43 INFO  - jmeter.JMeter: Loading system properties from: D:\Program Files\apache-jmeter-3.0\bin\system.properties 
2016/07/22 22:41:43 INFO  - jmeter.JMeter: Copyright (c) 1998-2016 The Apache Software Foundation 
2016/07/22 22:41:43 INFO  - jmeter.JMeter: Version 3.0 r1743807 
2016/07/22 22:41:43 INFO  - jmeter.JMeter: java.version=1.8.0_91 
2016/07/22 22:41:43 INFO  - jmeter.JMeter: java.vm.name=Java HotSpot(TM) 64-Bit Server VM 
2016/07/22 22:41:43 INFO  - jmeter.JMeter: os.name=Windows 10 
2016/07/22 22:41:43 INFO  - jmeter.JMeter: os.arch=amd64 
2016/07/22 22:41:43 INFO  - jmeter.JMeter: os.version=10.0 
2016/07/22 22:41:43 INFO  - jmeter.JMeter: file.encoding=MS932 
2016/07/22 22:41:43 INFO  - jmeter.JMeter: Max memory     =523763712 
2016/07/22 22:41:43 INFO  - jmeter.JMeter: Available Processors =8 
2016/07/22 22:41:43 INFO  - jmeter.JMeter: Default Locale=日本語 (日本) 
2016/07/22 22:41:43 INFO  - jmeter.JMeter: JMeter  Locale=日本語 (日本) 
2016/07/22 22:41:43 INFO  - jmeter.JMeter: JMeterHome=D:\Program Files\apache-jmeter-3.0 
2016/07/22 22:41:43 INFO  - jmeter.JMeter: user.dir  =D:\Program Files\apache-jmeter-3.0\bin 
2016/07/22 22:41:43 INFO  - jmeter.JMeter: PWD       =D:\Program Files\apache-jmeter-3.0\bin 
2016/07/22 22:41:43 INFO  - jmeter.JMeter: IP: 10.65.1.33 Name: tonaki-PC FullName: 10.65.1.33 
2016/07/22 22:41:43 INFO  - jmeter.JMeter: Setting property 'jmeter.reportgenerator.outputdir' to:'D:\Program Files\apache-jmeter-3.0\bin\report' 
2016/07/22 22:41:43 INFO  - jmeter.report.dashboard.ReportGenerator: ReportGenerator will use for Parsing the separator:',' 
2016/07/22 22:41:43 INFO  - jmeter.report.dashboard.ReportGenerator: Will only generate report from results file:workspace\Testcase001.jtl 
2016/07/22 22:41:43 INFO  - jmeter.report.dashboard.ReportGenerator: Reading report generator properties from:D:\Program Files\apache-jmeter-3.0\bin\reportgenerator.properties 
2016/07/22 22:41:43 INFO  - jmeter.report.dashboard.ReportGenerator: Merging with JMeter properties 
2016/07/22 22:41:43 INFO  - jmeter.report.config.ReportGeneratorConfiguration: Property "jmeter.reportgenerator.temp_dir" not found, using default value "temp" instead. 
2016/07/22 22:41:43 INFO  - jmeter.report.config.ReportGeneratorConfiguration: Property "jmeter.reportgenerator.apdex_satisfied_threshold" not found, using default value "500" instead. 
2016/07/22 22:41:43 INFO  - jmeter.report.config.ReportGeneratorConfiguration: Property "jmeter.reportgenerator.apdex_tolerated_threshold" not found, using default value "1500" instead. 
2016/07/22 22:41:43 INFO  - jmeter.report.config.ReportGeneratorConfiguration: Property "jmeter.reportgenerator.sample_filter" not found, using default value "null" instead. 
2016/07/22 22:41:43 INFO  - jmeter.report.config.ReportGeneratorConfiguration: Property "jmeter.reportgenerator.report_title" not found, using default value "null" instead. 
2016/07/22 22:41:43 INFO  - jmeter.report.config.ReportGeneratorConfiguration: Property "jmeter.reportgenerator.graph.responseTimePercentiles.exclude_controllers" not found, using default value "false" instead. 
2016/07/22 22:41:43 INFO  - jmeter.report.config.ReportGeneratorConfiguration: Property "jmeter.reportgenerator.graph.responseTimesOverTime.exclude_controllers" not found, using default value "false" instead. 
2016/07/22 22:41:43 INFO  - jmeter.report.config.ReportGeneratorConfiguration: Property "jmeter.reportgenerator.graph.bytesThroughputOverTime.exclude_controllers" not found, using default value "false" instead. 
2016/07/22 22:41:43 INFO  - jmeter.report.config.ReportGeneratorConfiguration: Property "jmeter.reportgenerator.graph.activeThreadsOverTime.exclude_controllers" not found, using default value "false" instead. 
2016/07/22 22:41:43 INFO  - jmeter.report.config.ReportGeneratorConfiguration: Property "jmeter.reportgenerator.graph.timeVsThreads.exclude_controllers" not found, using default value "false" instead. 
2016/07/22 22:41:43 INFO  - jmeter.report.config.ReportGeneratorConfiguration: Property "jmeter.reportgenerator.graph.responseTimeDistribution.exclude_controllers" not found, using default value "false" instead. 
2016/07/22 22:41:43 INFO  - jmeter.report.config.ReportGeneratorConfiguration: Property "jmeter.reportgenerator.graph.latenciesOverTime.exclude_controllers" not found, using default value "false" instead. 
2016/07/22 22:41:43 INFO  - jmeter.report.config.ReportGeneratorConfiguration: Property "jmeter.reportgenerator.graph.transactionsPerSecond.exclude_controllers" not found, using default value "false" instead. 
2016/07/22 22:41:43 INFO  - jmeter.report.config.ReportGeneratorConfiguration: Property "jmeter.reportgenerator.exporter.html.filters_only_sample_series" not found, using default value "true" instead. 
2016/07/22 22:41:43 INFO  - jmeter.report.config.ReportGeneratorConfiguration: Property "jmeter.reportgenerator.exporter.html.series_filter" not found, using default value "" instead. 
2016/07/22 22:41:43 INFO  - jmeter.report.config.ReportGeneratorConfiguration: Property "jmeter.reportgenerator.exporter.html.show_controllers_only" not found, using default value "false" instead. 
2016/07/22 22:41:43 INFO  - jmeter.report.processor.NormalizerSampleConsumer: Using format:ms to parse timeStamp field 
2016/07/22 22:41:43 INFO  - org.apache.jmeter.report.processor.AbstractSampleConsumer: class org.apache.jmeter.report.processor.AggregateConsumer#stopProducing(): beginDate produced 0 samples 
2016/07/22 22:41:43 INFO  - org.apache.jmeter.report.processor.AbstractSampleConsumer: class org.apache.jmeter.report.processor.AggregateConsumer#stopProducing(): endDate produced 0 samples 
2016/07/22 22:41:43 INFO  - org.apache.jmeter.report.processor.AbstractSampleConsumer: class org.apache.jmeter.report.processor.ApdexSummaryConsumer#stopProducing(): apdexSummary produced 0 samples 
2016/07/22 22:41:43 INFO  - org.apache.jmeter.report.processor.AbstractSampleConsumer: class org.apache.jmeter.report.processor.RequestsSummaryConsumer#stopProducing(): requestsSummary produced 0 samples 
2016/07/22 22:41:43 INFO  - org.apache.jmeter.report.processor.AbstractSampleConsumer: class org.apache.jmeter.report.processor.StatisticsSummaryConsumer#stopProducing(): statisticsSummary produced 0 samples 
2016/07/22 22:41:43 INFO  - org.apache.jmeter.report.processor.AbstractSampleConsumer: class org.apache.jmeter.report.processor.ErrorsSummaryConsumer#stopProducing(): errorsSummary produced 0 samples 
2016/07/22 22:41:43 INFO  - org.apache.jmeter.report.processor.AbstractSampleConsumer: class org.apache.jmeter.report.processor.graph.impl.LatencyVSRequestGraphConsumer#stopProducing(): latencyVsRequest produced 0 samples 
2016/07/22 22:41:43 INFO  - org.apache.jmeter.report.processor.AbstractSampleConsumer: class org.apache.jmeter.report.processor.graph.impl.HitsPerSecondGraphConsumer#stopProducing(): hitsPerSecond produced 0 samples 
2016/07/22 22:41:43 INFO  - org.apache.jmeter.report.processor.AbstractSampleConsumer: class org.apache.jmeter.report.processor.graph.impl.CodesPerSecondGraphConsumer#stopProducing(): codesPerSecond produced 0 samples 
2016/07/22 22:41:43 INFO  - org.apache.jmeter.report.processor.AbstractSampleConsumer: class org.apache.jmeter.report.processor.graph.impl.ResponseTimeVSRequestGraphConsumer#stopProducing(): responseTimeVsRequest produced 0 samples 
2016/07/22 22:41:43 INFO  - org.apache.jmeter.report.processor.AbstractSampleConsumer: class org.apache.jmeter.report.processor.FilterConsumer#stopProducing(): startIntervalControlerFilter produced 225 samples 
2016/07/22 22:41:43 INFO  - org.apache.jmeter.report.processor.AbstractSampleConsumer: class org.apache.jmeter.report.processor.graph.impl.ResponseTimePercentilesGraphConsumer#stopProducing(): responseTimePercentiles produced 0 samples 
2016/07/22 22:41:43 INFO  - org.apache.jmeter.report.processor.AbstractSampleConsumer: class org.apache.jmeter.report.processor.graph.impl.ResponseTimeOverTimeGraphConsumer#stopProducing(): responseTimesOverTime produced 0 samples 
2016/07/22 22:41:43 INFO  - org.apache.jmeter.report.processor.AbstractSampleConsumer: class org.apache.jmeter.report.processor.graph.impl.BytesThroughputGraphConsumer#stopProducing(): bytesThroughputOverTime produced 0 samples 
2016/07/22 22:41:43 INFO  - org.apache.jmeter.report.processor.AbstractSampleConsumer: class org.apache.jmeter.report.processor.graph.impl.ActiveThreadsGraphConsumer#stopProducing(): activeThreadsOverTime produced 0 samples 
2016/07/22 22:41:43 INFO  - org.apache.jmeter.report.processor.AbstractSampleConsumer: class org.apache.jmeter.report.processor.graph.impl.TimeVSThreadGraphConsumer#stopProducing(): timeVsThreads produced 0 samples 
2016/07/22 22:41:43 INFO  - org.apache.jmeter.report.processor.AbstractSampleConsumer: class org.apache.jmeter.report.processor.graph.impl.ResponseTimeDistributionGraphConsumer#stopProducing(): responseTimeDistribution produced 0 samples 
2016/07/22 22:41:43 INFO  - org.apache.jmeter.report.processor.AbstractSampleConsumer: class org.apache.jmeter.report.processor.graph.impl.LatencyOverTimeGraphConsumer#stopProducing(): latenciesOverTime produced 0 samples 
2016/07/22 22:41:43 INFO  - org.apache.jmeter.report.processor.AbstractSampleConsumer: class org.apache.jmeter.report.processor.graph.impl.TransactionsPerSecondGraphConsumer#stopProducing(): transactionsPerSecond produced 0 samples 
2016/07/22 22:41:43 INFO  - org.apache.jmeter.report.processor.AbstractSampleConsumer: class org.apache.jmeter.report.processor.FilterConsumer#stopProducing(): nameFilter produced 540 samples 
2016/07/22 22:41:43 INFO  - org.apache.jmeter.report.processor.AbstractSampleConsumer: class org.apache.jmeter.report.processor.NormalizerSampleConsumer#stopProducing(): normalizer produced 135 samples 
2016/07/22 22:41:43 INFO  - org.apache.jmeter.report.processor.CsvFileSampleSource: produce(): 45 samples produced in 163ms on channel 0 
2016/07/22 22:41:43 INFO  - jmeter.report.dashboard.ReportGenerator: Exporting data using exporter:'html' of className:'org.apache.jmeter.report.dashboard.HtmlTemplateExporter' 
2016/07/22 22:41:43 INFO  - jmeter.report.dashboard.HtmlTemplateExporter: Will generate dashboard in folder:D:\Program Files\apache-jmeter-3.0\bin\report 
2016/07/22 22:41:43 INFO  - jmeter.report.dashboard.HtmlTemplateExporter: Report will be generated in:D:\Program Files\apache-jmeter-3.0\bin\report, creating folder structure 
