2012/10/30 14:51:46 INFO  - jmeter.util.JMeterUtils: Setting Locale to en_US 
2012/10/30 14:51:46 INFO  - jmeter.JMeter: Loading user properties from: D:\Work\APTF_Code_Git-Repos\working\jmeter\2.6\bin\user.properties 
2012/10/30 14:51:46 INFO  - jmeter.JMeter: Loading system properties from: D:\Work\APTF_Code_Git-Repos\working\jmeter\2.6\bin\system.properties 
2012/10/30 14:51:46 INFO  - jmeter.JMeter: Copyright (c) 1998-2012 The Apache Software Foundation 
2012/10/30 14:51:46 INFO  - jmeter.JMeter: Version 2.6 r1237317 
2012/10/30 14:51:46 INFO  - jmeter.JMeter: java.version=1.7.0_02 
2012/10/30 14:51:46 INFO  - jmeter.JMeter: java.vm.name=Java HotSpot(TM) 64-Bit Server VM 
2012/10/30 14:51:46 INFO  - jmeter.JMeter: os.name=Windows XP 
2012/10/30 14:51:46 INFO  - jmeter.JMeter: os.arch=amd64 
2012/10/30 14:51:46 INFO  - jmeter.JMeter: os.version=5.2 
2012/10/30 14:51:46 INFO  - jmeter.JMeter: file.encoding=Cp1252 
2012/10/30 14:51:46 INFO  - jmeter.JMeter: Default Locale=English (United States) 
2012/10/30 14:51:46 INFO  - jmeter.JMeter: JMeter  Locale=English (United States) 
2012/10/30 14:51:46 INFO  - jmeter.JMeter: JMeterHome=D:\Work\APTF_Code_Git-Repos\working\jmeter\2.6 
2012/10/30 14:51:46 INFO  - jmeter.JMeter: user.dir  =D:\Work\APTF_Code_Git-Repos\working\jmeter\2.6\bin 
2012/10/30 14:51:46 INFO  - jmeter.JMeter: PWD       =D:\Work\APTF_Code_Git-Repos\working\jmeter\2.6\bin 
2012/10/30 14:51:46 INFO  - jmeter.JMeter: IP: 10.179.3.150 Name: eclkvm01 FullName: eclkvm01.eclg.org 
2012/10/30 14:51:46 INFO  - jmeter.engine.RemoteJMeterEngineImpl: Starting backing engine on 1099 
2012/10/30 14:51:46 INFO  - jmeter.engine.RemoteJMeterEngineImpl: IP address=10.179.3.150 
2012/10/30 14:51:46 INFO  - jmeter.engine.RemoteJMeterEngineImpl: IP address is a site-local address; this may cause problems with remote access.
	Can be overridden by defining the system property 'java.rmi.server.hostname' - see jmeter-server script file 
2012/10/30 14:51:46 INFO  - jmeter.engine.RemoteJMeterEngineImpl: Creating RMI registry (server.rmi.create=true) 
2012/10/30 14:51:46 INFO  - jmeter.engine.RemoteJMeterEngineImpl: Bound to registry on port 1099 
2012/10/30 14:52:11 INFO  - jmeter.samplers.StandardSampleSender: Using StandardSampleSender for this test run 
2012/10/30 14:52:11 INFO  - jmeter.samplers.StandardSampleSender: Using StandardSampleSender for this test run 
2012/10/30 14:52:11 INFO  - jmeter.samplers.StandardSampleSender: Using StandardSampleSender for this test run 
2012/10/30 14:52:11 INFO  - jmeter.samplers.StandardSampleSender: Using StandardSampleSender for this test run 
2012/10/30 14:52:11 INFO  - jmeter.samplers.StandardSampleSender: Using StandardSampleSender for this test run 
2012/10/30 14:52:11 INFO  - jmeter.samplers.StandardSampleSender: Using StandardSampleSender for this test run 
2012/10/30 14:52:11 INFO  - jmeter.samplers.StandardSampleSender: Using StandardSampleSender for this test run 
2012/10/30 14:52:11 INFO  - jmeter.samplers.StandardSampleSender: Using StandardSampleSender for this test run 
2012/10/30 14:52:11 INFO  - jmeter.protocol.http.sampler.HTTPSamplerBase: Cannot find .className property for htmlParser, using default 
2012/10/30 14:52:11 INFO  - jmeter.protocol.http.sampler.HTTPSamplerBase: Parser for text/html is  
2012/10/30 14:52:11 INFO  - jmeter.protocol.http.sampler.HTTPSamplerBase: Parser for application/xhtml+xml is  
2012/10/30 14:52:11 INFO  - jmeter.protocol.http.sampler.HTTPSamplerBase: Parser for application/xml is  
2012/10/30 14:52:11 INFO  - jmeter.protocol.http.sampler.HTTPSamplerBase: Parser for text/xml is  
2012/10/30 14:52:11 INFO  - jmeter.protocol.http.sampler.HTTPSamplerBase: Parser for text/vnd.wap.wml is org.apache.jmeter.protocol.http.parser.RegexpHTMLParser 
2012/10/30 14:52:11 INFO  - jmeter.protocol.http.sampler.HTTPSamplerBase: Reuse SSL session context on subsequent iterations: true 
2012/10/30 14:52:11 INFO  - jmeter.samplers.StandardSampleSender: Using StandardSampleSender for this test run 
2012/10/30 14:52:11 INFO  - jmeter.samplers.StandardSampleSender: Using StandardSampleSender for this test run 
2012/10/30 14:52:11 INFO  - jmeter.samplers.StandardSampleSender: Using StandardSampleSender for this test run 
2012/10/30 14:52:12 INFO  - jmeter.engine.RemoteJMeterEngineImpl: Creating JMeter engine on host 10.179.3.150 base '.' 
2012/10/30 14:52:12 INFO  - jmeter.engine.StandardJMeterEngine: Listeners will be started after enabling running version 
2012/10/30 14:52:12 INFO  - jmeter.engine.StandardJMeterEngine: To revert to the earlier behaviour, define jmeterengine.startlistenerslater=false 
2012/10/30 14:52:12 INFO  - jmeter.services.FileServer: Default base='D:\Work\APTF_Code_Git-Repos\working\jmeter\2.6\bin' 
2012/10/30 14:52:12 INFO  - jmeter.services.FileServer: Set new base='.' 
2012/10/30 14:52:12 INFO  - jmeter.engine.RemoteJMeterEngineImpl: Running test 
2012/10/30 14:52:12 INFO  - jmeter.engine.StandardJMeterEngine: Running the test! 
2012/10/30 14:52:12 INFO  - jmeter.engine.util.CompoundVariable: Note: Function class names must contain the string: '.functions.' 
2012/10/30 14:52:12 INFO  - jmeter.engine.util.CompoundVariable: Note: Function class names must not contain the string: '.gui.' 
2012/10/30 14:52:12 INFO  - jmeter.engine.StandardJMeterEngine: Starting 26 threads for group Thread Group. 
2012/10/30 14:52:12 INFO  - jmeter.engine.StandardJMeterEngine: Thread will continue on error 
2012/10/30 14:52:12 INFO  - jmeter.threads.JMeterThread: jmeterthread.startearlier=true (see jmeter.properties) 
2012/10/30 14:52:12 INFO  - jmeter.threads.JMeterThread: Running PostProcessors in forward order 
2012/10/30 14:52:12 INFO  - jmeter.control.IncludeController: loadIncludedElements -- try to load included module: D:\Work\APTF_Code_Git-Repos\working\jmeter\2.6\bin\common\listeners\Perfmon_CPU_All.jmx 
2012/10/30 14:52:12 INFO  - jmeter.save.SaveService: Testplan (JMX) version: 2.2. Testlog (JTL) version: 2.2 
2012/10/30 14:52:12 INFO  - jmeter.save.SaveService: Using SaveService properties file encoding UTF-8 
2012/10/30 14:52:12 INFO  - jmeter.save.SaveService: Using SaveService properties file version 1234216 
2012/10/30 14:52:12 INFO  - jmeter.save.SaveService: Using SaveService properties version 2.2 
2012/10/30 14:52:12 INFO  - jmeter.save.SaveService: All converter versions present and correct 
2012/10/30 14:52:13 INFO  - jmeter.control.IncludeController: loadIncludedElements -- try to load included module: D:\Work\APTF_Code_Git-Repos\working\jmeter\2.6\bin\common\listeners\Perfmon_Memory_All.jmx 
2012/10/30 14:52:13 INFO  - jmeter.control.IncludeController: loadIncludedElements -- try to load included module: D:\Work\APTF_Code_Git-Repos\working\jmeter\2.6\bin\common\listeners\Perfmon_DisksIO_All.jmx 
2012/10/30 14:52:13 INFO  - jmeter.control.IncludeController: loadIncludedElements -- try to load included module: D:\Work\APTF_Code_Git-Repos\working\jmeter\2.6\bin\common\listeners\Perfmon_NetworkIO_All.jmx 
2012/10/30 14:52:13 INFO  - jmeter.control.IncludeController: loadIncludedElements -- try to load included module: D:\Work\APTF_Code_Git-Repos\working\jmeter\2.6\bin\common\listeners\Perfmon_Swap_All.jmx 
2012/10/30 14:52:13 INFO  - jmeter.control.IncludeController: loadIncludedElements -- try to load included module: D:\Work\APTF_Code_Git-Repos\working\jmeter\2.6\bin\common\listeners\Perfmon_TCP_All.jmx 
2012/10/30 14:52:13 INFO  - jmeter.control.IncludeController: loadIncludedElements -- try to load included module: D:\Work\APTF_Code_Git-Repos\working\jmeter\2.6\bin\common\listeners\Perfmon_CPU_All.jmx 
2012/10/30 14:52:13 INFO  - jmeter.control.IncludeController: loadIncludedElements -- try to load included module: D:\Work\APTF_Code_Git-Repos\working\jmeter\2.6\bin\common\listeners\Perfmon_Memory_All.jmx 
2012/10/30 14:52:13 INFO  - jmeter.control.IncludeController: loadIncludedElements -- try to load included module: D:\Work\APTF_Code_Git-Repos\working\jmeter\2.6\bin\common\listeners\Perfmon_DisksIO_All.jmx 
2012/10/30 14:52:13 INFO  - jmeter.control.IncludeController: loadIncludedElements -- try to load included module: D:\Work\APTF_Code_Git-Repos\working\jmeter\2.6\bin\common\listeners\Perfmon_NetworkIO_All.jmx 
2012/10/30 14:52:13 INFO  - jmeter.control.IncludeController: loadIncludedElements -- try to load included module: D:\Work\APTF_Code_Git-Repos\working\jmeter\2.6\bin\common\listeners\Perfmon_Swap_All.jmx 
2012/10/30 14:52:13 INFO  - jmeter.control.IncludeController: loadIncludedElements -- try to load included module: D:\Work\APTF_Code_Git-Repos\working\jmeter\2.6\bin\common\listeners\Perfmon_TCP_All.jmx 
2012/10/30 14:52:13 INFO  - jmeter.control.IncludeController: loadIncludedElements -- try to load included module: D:\Work\APTF_Code_Git-Repos\working\jmeter\2.6\bin\common\listeners\Perfmon_CPU_All.jmx 
2012/10/30 14:52:13 INFO  - jmeter.control.IncludeController: loadIncludedElements -- try to load included module: D:\Work\APTF_Code_Git-Repos\working\jmeter\2.6\bin\common\listeners\Perfmon_Memory_All.jmx 
2012/10/30 14:52:13 INFO  - jmeter.control.IncludeController: loadIncludedElements -- try to load included module: D:\Work\APTF_Code_Git-Repos\working\jmeter\2.6\bin\common\listeners\Perfmon_DisksIO_All.jmx 
2012/10/30 14:52:13 INFO  - jmeter.control.IncludeController: loadIncludedElements -- try to load included module: D:\Work\APTF_Code_Git-Repos\working\jmeter\2.6\bin\common\listeners\Perfmon_NetworkIO_All.jmx 
2012/10/30 14:52:13 INFO  - jmeter.control.IncludeController: loadIncludedElements -- try to load included module: D:\Work\APTF_Code_Git-Repos\working\jmeter\2.6\bin\common\listeners\Perfmon_Swap_All.jmx 
2012/10/30 14:52:13 INFO  - jmeter.control.IncludeController: loadIncludedElements -- try to load included module: D:\Work\APTF_Code_Git-Repos\working\jmeter\2.6\bin\common\listeners\Perfmon_TCP_All.jmx 
2012/10/30 14:52:13 INFO  - jmeter.control.IncludeController: loadIncludedElements -- try to load included module: D:\Work\APTF_Code_Git-Repos\working\jmeter\2.6\bin\common\listeners\Perfmon_CPU_All.jmx 
2012/10/30 14:52:13 INFO  - jmeter.control.IncludeController: loadIncludedElements -- try to load included module: D:\Work\APTF_Code_Git-Repos\working\jmeter\2.6\bin\common\listeners\Perfmon_Memory_All.jmx 
2012/10/30 14:52:13 INFO  - jmeter.control.IncludeController: loadIncludedElements -- try to load included module: D:\Work\APTF_Code_Git-Repos\working\jmeter\2.6\bin\common\listeners\Perfmon_DisksIO_All.jmx 
2012/10/30 14:52:13 INFO  - jmeter.control.IncludeController: loadIncludedElements -- try to load included module: D:\Work\APTF_Code_Git-Repos\working\jmeter\2.6\bin\common\listeners\Perfmon_NetworkIO_All.jmx 
2012/10/30 14:52:13 INFO  - jmeter.control.IncludeController: loadIncludedElements -- try to load included module: D:\Work\APTF_Code_Git-Repos\working\jmeter\2.6\bin\common\listeners\Perfmon_Swap_All.jmx 
2012/10/30 14:52:13 INFO  - jmeter.control.IncludeController: loadIncludedElements -- try to load included module: D:\Work\APTF_Code_Git-Repos\working\jmeter\2.6\bin\common\listeners\Perfmon_TCP_All.jmx 
2012/10/30 14:52:13 INFO  - jmeter.control.IncludeController: loadIncludedElements -- try to load included module: D:\Work\APTF_Code_Git-Repos\working\jmeter\2.6\bin\common\listeners\Perfmon_CPU_All.jmx 
2012/10/30 14:52:13 INFO  - jmeter.control.IncludeController: loadIncludedElements -- try to load included module: D:\Work\APTF_Code_Git-Repos\working\jmeter\2.6\bin\common\listeners\Perfmon_Memory_All.jmx 
2012/10/30 14:52:13 INFO  - jmeter.control.IncludeController: loadIncludedElements -- try to load included module: D:\Work\APTF_Code_Git-Repos\working\jmeter\2.6\bin\common\listeners\Perfmon_DisksIO_All.jmx 
2012/10/30 14:52:13 INFO  - jmeter.control.IncludeController: loadIncludedElements -- try to load included module: D:\Work\APTF_Code_Git-Repos\working\jmeter\2.6\bin\common\listeners\Perfmon_NetworkIO_All.jmx 
2012/10/30 14:52:13 INFO  - jmeter.control.IncludeController: loadIncludedElements -- try to load included module: D:\Work\APTF_Code_Git-Repos\working\jmeter\2.6\bin\common\listeners\Perfmon_Swap_All.jmx 
2012/10/30 14:52:13 INFO  - jmeter.control.IncludeController: loadIncludedElements -- try to load included module: D:\Work\APTF_Code_Git-Repos\working\jmeter\2.6\bin\common\listeners\Perfmon_TCP_All.jmx 
2012/10/30 14:52:13 INFO  - jmeter.threads.JMeterThread: Thread started: Thread Group 1-1 
2012/10/30 14:52:13 INFO  - jmeter.control.IncludeController: loadIncludedElements -- try to load included module: D:\Work\APTF_Code_Git-Repos\working\jmeter\2.6\bin\common\listeners\Perfmon_CPU_All.jmx 
2012/10/30 14:52:13 INFO  - jmeter.services.FileServer: Stored: /Data/1.csv Alias: /Data/1.csv@779930484 
2012/10/30 14:52:13 ERROR - jmeter.config.CSVDataSet: java.io.FileNotFoundException: .\Data\1.csv (The system cannot find the file specified) 
2012/10/30 14:52:13 INFO  - jmeter.threads.JMeterThread: Stop Thread seen: org.apache.jorphan.util.JMeterStopThreadException: End of file detected 
2012/10/30 14:52:13 INFO  - jmeter.threads.JMeterThread: Thread finished: Thread Group 1-1 
2012/10/30 14:52:13 INFO  - jmeter.engine.StandardJMeterEngine: Ending thread Thread Group 1-1 
2012/10/30 14:52:13 INFO  - jmeter.control.IncludeController: loadIncludedElements -- try to load included module: D:\Work\APTF_Code_Git-Repos\working\jmeter\2.6\bin\common\listeners\Perfmon_Memory_All.jmx 
2012/10/30 14:52:13 INFO  - jmeter.control.IncludeController: loadIncludedElements -- try to load included module: D:\Work\APTF_Code_Git-Repos\working\jmeter\2.6\bin\common\listeners\Perfmon_DisksIO_All.jmx 
2012/10/30 14:52:13 INFO  - jmeter.control.IncludeController: loadIncludedElements -- try to load included module: D:\Work\APTF_Code_Git-Repos\working\jmeter\2.6\bin\common\listeners\Perfmon_NetworkIO_All.jmx 
2012/10/30 14:52:13 INFO  - jmeter.threads.JMeterThread: Thread started: Thread Group 1-2 
2012/10/30 14:52:13 INFO  - jmeter.control.IncludeController: loadIncludedElements -- try to load included module: D:\Work\APTF_Code_Git-Repos\working\jmeter\2.6\bin\common\listeners\Perfmon_Swap_All.jmx 
2012/10/30 14:52:13 ERROR - jmeter.config.CSVDataSet: java.io.FileNotFoundException: .\Data\1.csv (The system cannot find the file specified) 
2012/10/30 14:52:13 INFO  - jmeter.threads.JMeterThread: Stop Thread seen: org.apache.jorphan.util.JMeterStopThreadException: End of file detected 
2012/10/30 14:52:13 INFO  - jmeter.threads.JMeterThread: Thread finished: Thread Group 1-2 
2012/10/30 14:52:13 INFO  - jmeter.engine.StandardJMeterEngine: Ending thread Thread Group 1-2 
2012/10/30 14:52:13 INFO  - jmeter.control.IncludeController: loadIncludedElements -- try to load included module: D:\Work\APTF_Code_Git-Repos\working\jmeter\2.6\bin\common\listeners\Perfmon_TCP_All.jmx 
2012/10/30 14:52:13 INFO  - jmeter.control.IncludeController: loadIncludedElements -- try to load included module: D:\Work\APTF_Code_Git-Repos\working\jmeter\2.6\bin\common\listeners\Perfmon_CPU_All.jmx 
2012/10/30 14:52:13 INFO  - jmeter.control.IncludeController: loadIncludedElements -- try to load included module: D:\Work\APTF_Code_Git-Repos\working\jmeter\2.6\bin\common\listeners\Perfmon_Memory_All.jmx 
2012/10/30 14:52:13 INFO  - jmeter.threads.JMeterThread: Thread started: Thread Group 1-4 
2012/10/30 14:52:13 INFO  - jmeter.control.IncludeController: loadIncludedElements -- try to load included module: D:\Work\APTF_Code_Git-Repos\working\jmeter\2.6\bin\common\listeners\Perfmon_DisksIO_All.jmx 
2012/10/30 14:52:13 INFO  - jmeter.threads.JMeterThread: Thread started: Thread Group 1-3 
2012/10/30 14:52:13 ERROR - jmeter.config.CSVDataSet: java.io.FileNotFoundException: .\Data\1.csv (The system cannot find the file specified) 
2012/10/30 14:52:13 INFO  - jmeter.threads.JMeterThread: Stop Thread seen: org.apache.jorphan.util.JMeterStopThreadException: End of file detected 
2012/10/30 14:52:13 INFO  - jmeter.threads.JMeterThread: Thread finished: Thread Group 1-4 
2012/10/30 14:52:13 INFO  - jmeter.engine.StandardJMeterEngine: Ending thread Thread Group 1-4 
2012/10/30 14:52:13 INFO  - jmeter.control.IncludeController: loadIncludedElements -- try to load included module: D:\Work\APTF_Code_Git-Repos\working\jmeter\2.6\bin\common\listeners\Perfmon_NetworkIO_All.jmx 
2012/10/30 14:52:13 INFO  - jmeter.control.IncludeController: loadIncludedElements -- try to load included module: D:\Work\APTF_Code_Git-Repos\working\jmeter\2.6\bin\common\listeners\Perfmon_Swap_All.jmx 
2012/10/30 14:52:13 INFO  - jmeter.control.IncludeController: loadIncludedElements -- try to load included module: D:\Work\APTF_Code_Git-Repos\working\jmeter\2.6\bin\common\listeners\Perfmon_TCP_All.jmx 
2012/10/30 14:52:13 INFO  - jmeter.control.IncludeController: loadIncludedElements -- try to load included module: D:\Work\APTF_Code_Git-Repos\working\jmeter\2.6\bin\common\listeners\Perfmon_CPU_All.jmx 
2012/10/30 14:52:13 ERROR - jmeter.config.CSVDataSet: java.io.FileNotFoundException: .\Data\1.csv (The system cannot find the file specified) 
2012/10/30 14:52:13 INFO  - jmeter.threads.JMeterThread: Stop Thread seen: org.apache.jorphan.util.JMeterStopThreadException: End of file detected 
2012/10/30 14:52:13 INFO  - jmeter.threads.JMeterThread: Thread finished: Thread Group 1-3 
2012/10/30 14:52:13 INFO  - jmeter.engine.StandardJMeterEngine: Ending thread Thread Group 1-3 
2012/10/30 14:52:13 INFO  - jmeter.control.IncludeController: loadIncludedElements -- try to load included module: D:\Work\APTF_Code_Git-Repos\working\jmeter\2.6\bin\common\listeners\Perfmon_Memory_All.jmx 
2012/10/30 14:52:13 INFO  - jmeter.control.IncludeController: loadIncludedElements -- try to load included module: D:\Work\APTF_Code_Git-Repos\working\jmeter\2.6\bin\common\listeners\Perfmon_DisksIO_All.jmx 
2012/10/30 14:52:13 INFO  - jmeter.control.IncludeController: loadIncludedElements -- try to load included module: D:\Work\APTF_Code_Git-Repos\working\jmeter\2.6\bin\common\listeners\Perfmon_NetworkIO_All.jmx 
2012/10/30 14:52:13 INFO  - jmeter.control.IncludeController: loadIncludedElements -- try to load included module: D:\Work\APTF_Code_Git-Repos\working\jmeter\2.6\bin\common\listeners\Perfmon_Swap_All.jmx 
2012/10/30 14:52:13 INFO  - jmeter.control.IncludeController: loadIncludedElements -- try to load included module: D:\Work\APTF_Code_Git-Repos\working\jmeter\2.6\bin\common\listeners\Perfmon_TCP_All.jmx 
2012/10/30 14:52:13 INFO  - jmeter.control.IncludeController: loadIncludedElements -- try to load included module: D:\Work\APTF_Code_Git-Repos\working\jmeter\2.6\bin\common\listeners\Perfmon_CPU_All.jmx 
2012/10/30 14:52:13 INFO  - jmeter.control.IncludeController: loadIncludedElements -- try to load included module: D:\Work\APTF_Code_Git-Repos\working\jmeter\2.6\bin\common\listeners\Perfmon_Memory_All.jmx 
2012/10/30 14:52:13 INFO  - jmeter.control.IncludeController: loadIncludedElements -- try to load included module: D:\Work\APTF_Code_Git-Repos\working\jmeter\2.6\bin\common\listeners\Perfmon_DisksIO_All.jmx 
2012/10/30 14:52:13 INFO  - jmeter.control.IncludeController: loadIncludedElements -- try to load included module: D:\Work\APTF_Code_Git-Repos\working\jmeter\2.6\bin\common\listeners\Perfmon_NetworkIO_All.jmx 
2012/10/30 14:52:13 INFO  - jmeter.control.IncludeController: loadIncludedElements -- try to load included module: D:\Work\APTF_Code_Git-Repos\working\jmeter\2.6\bin\common\listeners\Perfmon_Swap_All.jmx 
2012/10/30 14:52:13 INFO  - jmeter.control.IncludeController: loadIncludedElements -- try to load included module: D:\Work\APTF_Code_Git-Repos\working\jmeter\2.6\bin\common\listeners\Perfmon_TCP_All.jmx 
2012/10/30 14:52:13 INFO  - jmeter.control.IncludeController: loadIncludedElements -- try to load included module: D:\Work\APTF_Code_Git-Repos\working\jmeter\2.6\bin\common\listeners\Perfmon_CPU_All.jmx 
2012/10/30 14:52:13 INFO  - jmeter.threads.JMeterThread: Thread started: Thread Group 1-5 
2012/10/30 14:52:13 ERROR - jmeter.config.CSVDataSet: java.io.FileNotFoundException: .\Data\1.csv (The system cannot find the file specified) 
2012/10/30 14:52:13 INFO  - jmeter.threads.JMeterThread: Stop Thread seen: org.apache.jorphan.util.JMeterStopThreadException: End of file detected 
2012/10/30 14:52:13 INFO  - jmeter.threads.JMeterThread: Thread finished: Thread Group 1-5 
2012/10/30 14:52:13 INFO  - jmeter.engine.StandardJMeterEngine: Ending thread Thread Group 1-5 
2012/10/30 14:52:13 INFO  - jmeter.control.IncludeController: loadIncludedElements -- try to load included module: D:\Work\APTF_Code_Git-Repos\working\jmeter\2.6\bin\common\listeners\Perfmon_Memory_All.jmx 
2012/10/30 14:52:13 INFO  - jmeter.control.IncludeController: loadIncludedElements -- try to load included module: D:\Work\APTF_Code_Git-Repos\working\jmeter\2.6\bin\common\listeners\Perfmon_DisksIO_All.jmx 
2012/10/30 14:52:13 INFO  - jmeter.control.IncludeController: loadIncludedElements -- try to load included module: D:\Work\APTF_Code_Git-Repos\working\jmeter\2.6\bin\common\listeners\Perfmon_NetworkIO_All.jmx 
2012/10/30 14:52:13 INFO  - jmeter.control.IncludeController: loadIncludedElements -- try to load included module: D:\Work\APTF_Code_Git-Repos\working\jmeter\2.6\bin\common\listeners\Perfmon_Swap_All.jmx 
2012/10/30 14:52:13 INFO  - jmeter.control.IncludeController: loadIncludedElements -- try to load included module: D:\Work\APTF_Code_Git-Repos\working\jmeter\2.6\bin\common\listeners\Perfmon_TCP_All.jmx 
2012/10/30 14:52:13 INFO  - jmeter.control.IncludeController: loadIncludedElements -- try to load included module: D:\Work\APTF_Code_Git-Repos\working\jmeter\2.6\bin\common\listeners\Perfmon_CPU_All.jmx 
2012/10/30 14:52:13 INFO  - jmeter.control.IncludeController: loadIncludedElements -- try to load included module: D:\Work\APTF_Code_Git-Repos\working\jmeter\2.6\bin\common\listeners\Perfmon_Memory_All.jmx 
2012/10/30 14:52:14 INFO  - jmeter.control.IncludeController: loadIncludedElements -- try to load included module: D:\Work\APTF_Code_Git-Repos\working\jmeter\2.6\bin\common\listeners\Perfmon_DisksIO_All.jmx 
2012/10/30 14:52:14 INFO  - jmeter.control.IncludeController: loadIncludedElements -- try to load included module: D:\Work\APTF_Code_Git-Repos\working\jmeter\2.6\bin\common\listeners\Perfmon_NetworkIO_All.jmx 
2012/10/30 14:52:14 INFO  - jmeter.control.IncludeController: loadIncludedElements -- try to load included module: D:\Work\APTF_Code_Git-Repos\working\jmeter\2.6\bin\common\listeners\Perfmon_Swap_All.jmx 
2012/10/30 14:52:14 INFO  - jmeter.control.IncludeController: loadIncludedElements -- try to load included module: D:\Work\APTF_Code_Git-Repos\working\jmeter\2.6\bin\common\listeners\Perfmon_TCP_All.jmx 
2012/10/30 14:52:14 INFO  - jmeter.control.IncludeController: loadIncludedElements -- try to load included module: D:\Work\APTF_Code_Git-Repos\working\jmeter\2.6\bin\common\listeners\Perfmon_CPU_All.jmx 
2012/10/30 14:52:14 INFO  - jmeter.control.IncludeController: loadIncludedElements -- try to load included module: D:\Work\APTF_Code_Git-Repos\working\jmeter\2.6\bin\common\listeners\Perfmon_Memory_All.jmx 
2012/10/30 14:52:14 INFO  - jmeter.control.IncludeController: loadIncludedElements -- try to load included module: D:\Work\APTF_Code_Git-Repos\working\jmeter\2.6\bin\common\listeners\Perfmon_DisksIO_All.jmx 
2012/10/30 14:52:14 INFO  - jmeter.control.IncludeController: loadIncludedElements -- try to load included module: D:\Work\APTF_Code_Git-Repos\working\jmeter\2.6\bin\common\listeners\Perfmon_NetworkIO_All.jmx 
2012/10/30 14:52:14 INFO  - jmeter.control.IncludeController: loadIncludedElements -- try to load included module: D:\Work\APTF_Code_Git-Repos\working\jmeter\2.6\bin\common\listeners\Perfmon_Swap_All.jmx 
2012/10/30 14:52:14 INFO  - jmeter.control.IncludeController: loadIncludedElements -- try to load included module: D:\Work\APTF_Code_Git-Repos\working\jmeter\2.6\bin\common\listeners\Perfmon_TCP_All.jmx 
2012/10/30 14:52:14 INFO  - jmeter.threads.JMeterThread: Thread started: Thread Group 1-6 
2012/10/30 14:52:14 ERROR - jmeter.config.CSVDataSet: java.io.FileNotFoundException: .\Data\1.csv (The system cannot find the file specified) 
2012/10/30 14:52:14 INFO  - jmeter.threads.JMeterThread: Stop Thread seen: org.apache.jorphan.util.JMeterStopThreadException: End of file detected 
2012/10/30 14:52:14 INFO  - jmeter.threads.JMeterThread: Thread finished: Thread Group 1-6 
2012/10/30 14:52:14 INFO  - jmeter.engine.StandardJMeterEngine: Ending thread Thread Group 1-6 
2012/10/30 14:52:14 INFO  - jmeter.control.IncludeController: loadIncludedElements -- try to load included module: D:\Work\APTF_Code_Git-Repos\working\jmeter\2.6\bin\common\listeners\Perfmon_CPU_All.jmx 
2012/10/30 14:52:14 INFO  - jmeter.control.IncludeController: loadIncludedElements -- try to load included module: D:\Work\APTF_Code_Git-Repos\working\jmeter\2.6\bin\common\listeners\Perfmon_Memory_All.jmx 
2012/10/30 14:52:14 INFO  - jmeter.control.IncludeController: loadIncludedElements -- try to load included module: D:\Work\APTF_Code_Git-Repos\working\jmeter\2.6\bin\common\listeners\Perfmon_DisksIO_All.jmx 
2012/10/30 14:52:14 INFO  - jmeter.control.IncludeController: loadIncludedElements -- try to load included module: D:\Work\APTF_Code_Git-Repos\working\jmeter\2.6\bin\common\listeners\Perfmon_NetworkIO_All.jmx 
2012/10/30 14:52:14 INFO  - jmeter.control.IncludeController: loadIncludedElements -- try to load included module: D:\Work\APTF_Code_Git-Repos\working\jmeter\2.6\bin\common\listeners\Perfmon_Swap_All.jmx 
2012/10/30 14:52:14 INFO  - jmeter.control.IncludeController: loadIncludedElements -- try to load included module: D:\Work\APTF_Code_Git-Repos\working\jmeter\2.6\bin\common\listeners\Perfmon_TCP_All.jmx 
2012/10/30 14:52:14 INFO  - jmeter.control.IncludeController: loadIncludedElements -- try to load included module: D:\Work\APTF_Code_Git-Repos\working\jmeter\2.6\bin\common\listeners\Perfmon_CPU_All.jmx 
2012/10/30 14:52:14 INFO  - jmeter.threads.JMeterThread: Thread started: Thread Group 1-7 
2012/10/30 14:52:14 ERROR - jmeter.config.CSVDataSet: java.io.FileNotFoundException: .\Data\1.csv (The system cannot find the file specified) 
2012/10/30 14:52:14 INFO  - jmeter.threads.JMeterThread: Stop Thread seen: org.apache.jorphan.util.JMeterStopThreadException: End of file detected 
2012/10/30 14:52:14 INFO  - jmeter.threads.JMeterThread: Thread finished: Thread Group 1-7 
2012/10/30 14:52:14 INFO  - jmeter.engine.StandardJMeterEngine: Ending thread Thread Group 1-7 
2012/10/30 14:52:14 INFO  - jmeter.control.IncludeController: loadIncludedElements -- try to load included module: D:\Work\APTF_Code_Git-Repos\working\jmeter\2.6\bin\common\listeners\Perfmon_Memory_All.jmx 
2012/10/30 14:52:14 INFO  - jmeter.control.IncludeController: loadIncludedElements -- try to load included module: D:\Work\APTF_Code_Git-Repos\working\jmeter\2.6\bin\common\listeners\Perfmon_DisksIO_All.jmx 
2012/10/30 14:52:14 INFO  - jmeter.control.IncludeController: loadIncludedElements -- try to load included module: D:\Work\APTF_Code_Git-Repos\working\jmeter\2.6\bin\common\listeners\Perfmon_NetworkIO_All.jmx 
2012/10/30 14:52:14 INFO  - jmeter.control.IncludeController: loadIncludedElements -- try to load included module: D:\Work\APTF_Code_Git-Repos\working\jmeter\2.6\bin\common\listeners\Perfmon_Swap_All.jmx 
2012/10/30 14:52:14 INFO  - jmeter.control.IncludeController: loadIncludedElements -- try to load included module: D:\Work\APTF_Code_Git-Repos\working\jmeter\2.6\bin\common\listeners\Perfmon_TCP_All.jmx 
2012/10/30 14:52:14 INFO  - jmeter.control.IncludeController: loadIncludedElements -- try to load included module: D:\Work\APTF_Code_Git-Repos\working\jmeter\2.6\bin\common\listeners\Perfmon_CPU_All.jmx 
2012/10/30 14:52:14 INFO  - jmeter.control.IncludeController: loadIncludedElements -- try to load included module: D:\Work\APTF_Code_Git-Repos\working\jmeter\2.6\bin\common\listeners\Perfmon_Memory_All.jmx 
2012/10/30 14:52:14 INFO  - jmeter.control.IncludeController: loadIncludedElements -- try to load included module: D:\Work\APTF_Code_Git-Repos\working\jmeter\2.6\bin\common\listeners\Perfmon_DisksIO_All.jmx 
2012/10/30 14:52:14 INFO  - jmeter.control.IncludeController: loadIncludedElements -- try to load included module: D:\Work\APTF_Code_Git-Repos\working\jmeter\2.6\bin\common\listeners\Perfmon_NetworkIO_All.jmx 
2012/10/30 14:52:14 INFO  - jmeter.control.IncludeController: loadIncludedElements -- try to load included module: D:\Work\APTF_Code_Git-Repos\working\jmeter\2.6\bin\common\listeners\Perfmon_Swap_All.jmx 
2012/10/30 14:52:14 INFO  - jmeter.control.IncludeController: loadIncludedElements -- try to load included module: D:\Work\APTF_Code_Git-Repos\working\jmeter\2.6\bin\common\listeners\Perfmon_TCP_All.jmx 
2012/10/30 14:52:14 INFO  - jmeter.control.IncludeController: loadIncludedElements -- try to load included module: D:\Work\APTF_Code_Git-Repos\working\jmeter\2.6\bin\common\listeners\Perfmon_CPU_All.jmx 
2012/10/30 14:52:14 INFO  - jmeter.control.IncludeController: loadIncludedElements -- try to load included module: D:\Work\APTF_Code_Git-Repos\working\jmeter\2.6\bin\common\listeners\Perfmon_Memory_All.jmx 
2012/10/30 14:52:14 INFO  - jmeter.control.IncludeController: loadIncludedElements -- try to load included module: D:\Work\APTF_Code_Git-Repos\working\jmeter\2.6\bin\common\listeners\Perfmon_DisksIO_All.jmx 
2012/10/30 14:52:14 INFO  - jmeter.control.IncludeController: loadIncludedElements -- try to load included module: D:\Work\APTF_Code_Git-Repos\working\jmeter\2.6\bin\common\listeners\Perfmon_NetworkIO_All.jmx 
2012/10/30 14:52:14 INFO  - jmeter.control.IncludeController: loadIncludedElements -- try to load included module: D:\Work\APTF_Code_Git-Repos\working\jmeter\2.6\bin\common\listeners\Perfmon_Swap_All.jmx 
2012/10/30 14:52:14 INFO  - jmeter.control.IncludeController: loadIncludedElements -- try to load included module: D:\Work\APTF_Code_Git-Repos\working\jmeter\2.6\bin\common\listeners\Perfmon_TCP_All.jmx 
2012/10/30 14:52:14 INFO  - jmeter.control.IncludeController: loadIncludedElements -- try to load included module: D:\Work\APTF_Code_Git-Repos\working\jmeter\2.6\bin\common\listeners\Perfmon_CPU_All.jmx 
2012/10/30 14:52:14 INFO  - jmeter.control.IncludeController: loadIncludedElements -- try to load included module: D:\Work\APTF_Code_Git-Repos\working\jmeter\2.6\bin\common\listeners\Perfmon_Memory_All.jmx 
2012/10/30 14:52:14 INFO  - jmeter.threads.JMeterThread: Thread started: Thread Group 1-8 
2012/10/30 14:52:14 INFO  - jmeter.control.IncludeController: loadIncludedElements -- try to load included module: D:\Work\APTF_Code_Git-Repos\working\jmeter\2.6\bin\common\listeners\Perfmon_DisksIO_All.jmx 
2012/10/30 14:52:14 ERROR - jmeter.config.CSVDataSet: java.io.FileNotFoundException: .\Data\1.csv (The system cannot find the file specified) 
2012/10/30 14:52:14 INFO  - jmeter.threads.JMeterThread: Stop Thread seen: org.apache.jorphan.util.JMeterStopThreadException: End of file detected 
2012/10/30 14:52:14 INFO  - jmeter.threads.JMeterThread: Thread finished: Thread Group 1-8 
2012/10/30 14:52:14 INFO  - jmeter.engine.StandardJMeterEngine: Ending thread Thread Group 1-8 
2012/10/30 14:52:14 INFO  - jmeter.control.IncludeController: loadIncludedElements -- try to load included module: D:\Work\APTF_Code_Git-Repos\working\jmeter\2.6\bin\common\listeners\Perfmon_NetworkIO_All.jmx 
2012/10/30 14:52:14 INFO  - jmeter.control.IncludeController: loadIncludedElements -- try to load included module: D:\Work\APTF_Code_Git-Repos\working\jmeter\2.6\bin\common\listeners\Perfmon_Swap_All.jmx 
2012/10/30 14:52:14 INFO  - jmeter.control.IncludeController: loadIncludedElements -- try to load included module: D:\Work\APTF_Code_Git-Repos\working\jmeter\2.6\bin\common\listeners\Perfmon_TCP_All.jmx 
2012/10/30 14:52:14 INFO  - jmeter.control.IncludeController: loadIncludedElements -- try to load included module: D:\Work\APTF_Code_Git-Repos\working\jmeter\2.6\bin\common\listeners\Perfmon_CPU_All.jmx 
2012/10/30 14:52:14 INFO  - jmeter.control.IncludeController: loadIncludedElements -- try to load included module: D:\Work\APTF_Code_Git-Repos\working\jmeter\2.6\bin\common\listeners\Perfmon_Memory_All.jmx 
2012/10/30 14:52:14 INFO  - jmeter.control.IncludeController: loadIncludedElements -- try to load included module: D:\Work\APTF_Code_Git-Repos\working\jmeter\2.6\bin\common\listeners\Perfmon_DisksIO_All.jmx 
2012/10/30 14:52:14 INFO  - jmeter.control.IncludeController: loadIncludedElements -- try to load included module: D:\Work\APTF_Code_Git-Repos\working\jmeter\2.6\bin\common\listeners\Perfmon_NetworkIO_All.jmx 
2012/10/30 14:52:14 INFO  - jmeter.control.IncludeController: loadIncludedElements -- try to load included module: D:\Work\APTF_Code_Git-Repos\working\jmeter\2.6\bin\common\listeners\Perfmon_Swap_All.jmx 
2012/10/30 14:52:14 INFO  - jmeter.control.IncludeController: loadIncludedElements -- try to load included module: D:\Work\APTF_Code_Git-Repos\working\jmeter\2.6\bin\common\listeners\Perfmon_TCP_All.jmx 
2012/10/30 14:52:14 INFO  - jmeter.control.IncludeController: loadIncludedElements -- try to load included module: D:\Work\APTF_Code_Git-Repos\working\jmeter\2.6\bin\common\listeners\Perfmon_CPU_All.jmx 
2012/10/30 14:52:14 INFO  - jmeter.control.IncludeController: loadIncludedElements -- try to load included module: D:\Work\APTF_Code_Git-Repos\working\jmeter\2.6\bin\common\listeners\Perfmon_Memory_All.jmx 
2012/10/30 14:52:14 INFO  - jmeter.control.IncludeController: loadIncludedElements -- try to load included module: D:\Work\APTF_Code_Git-Repos\working\jmeter\2.6\bin\common\listeners\Perfmon_DisksIO_All.jmx 
2012/10/30 14:52:14 INFO  - jmeter.threads.JMeterThread: Thread started: Thread Group 1-9 
2012/10/30 14:52:14 ERROR - jmeter.config.CSVDataSet: java.io.FileNotFoundException: .\Data\1.csv (The system cannot find the file specified) 
2012/10/30 14:52:14 INFO  - jmeter.threads.JMeterThread: Stop Thread seen: org.apache.jorphan.util.JMeterStopThreadException: End of file detected 
2012/10/30 14:52:14 INFO  - jmeter.threads.JMeterThread: Thread finished: Thread Group 1-9 
2012/10/30 14:52:14 INFO  - jmeter.engine.StandardJMeterEngine: Ending thread Thread Group 1-9 
2012/10/30 14:52:14 INFO  - jmeter.control.IncludeController: loadIncludedElements -- try to load included module: D:\Work\APTF_Code_Git-Repos\working\jmeter\2.6\bin\common\listeners\Perfmon_NetworkIO_All.jmx 
2012/10/30 14:52:14 INFO  - jmeter.control.IncludeController: loadIncludedElements -- try to load included module: D:\Work\APTF_Code_Git-Repos\working\jmeter\2.6\bin\common\listeners\Perfmon_Swap_All.jmx 
2012/10/30 14:52:14 INFO  - jmeter.control.IncludeController: loadIncludedElements -- try to load included module: D:\Work\APTF_Code_Git-Repos\working\jmeter\2.6\bin\common\listeners\Perfmon_TCP_All.jmx 
2012/10/30 14:52:14 INFO  - jmeter.control.IncludeController: loadIncludedElements -- try to load included module: D:\Work\APTF_Code_Git-Repos\working\jmeter\2.6\bin\common\listeners\Perfmon_CPU_All.jmx 
2012/10/30 14:52:14 INFO  - jmeter.control.IncludeController: loadIncludedElements -- try to load included module: D:\Work\APTF_Code_Git-Repos\working\jmeter\2.6\bin\common\listeners\Perfmon_Memory_All.jmx 
2012/10/30 14:52:14 INFO  - jmeter.control.IncludeController: loadIncludedElements -- try to load included module: D:\Work\APTF_Code_Git-Repos\working\jmeter\2.6\bin\common\listeners\Perfmon_DisksIO_All.jmx 
2012/10/30 14:52:14 INFO  - jmeter.control.IncludeController: loadIncludedElements -- try to load included module: D:\Work\APTF_Code_Git-Repos\working\jmeter\2.6\bin\common\listeners\Perfmon_NetworkIO_All.jmx 
2012/10/30 14:52:14 INFO  - jmeter.control.IncludeController: loadIncludedElements -- try to load included module: D:\Work\APTF_Code_Git-Repos\working\jmeter\2.6\bin\common\listeners\Perfmon_Swap_All.jmx 
2012/10/30 14:52:14 INFO  - jmeter.control.IncludeController: loadIncludedElements -- try to load included module: D:\Work\APTF_Code_Git-Repos\working\jmeter\2.6\bin\common\listeners\Perfmon_TCP_All.jmx 
2012/10/30 14:52:14 INFO  - jmeter.control.IncludeController: loadIncludedElements -- try to load included module: D:\Work\APTF_Code_Git-Repos\working\jmeter\2.6\bin\common\listeners\Perfmon_CPU_All.jmx 
2012/10/30 14:52:14 INFO  - jmeter.control.IncludeController: loadIncludedElements -- try to load included module: D:\Work\APTF_Code_Git-Repos\working\jmeter\2.6\bin\common\listeners\Perfmon_Memory_All.jmx 
2012/10/30 14:52:14 INFO  - jmeter.control.IncludeController: loadIncludedElements -- try to load included module: D:\Work\APTF_Code_Git-Repos\working\jmeter\2.6\bin\common\listeners\Perfmon_DisksIO_All.jmx 
2012/10/30 14:52:14 INFO  - jmeter.control.IncludeController: loadIncludedElements -- try to load included module: D:\Work\APTF_Code_Git-Repos\working\jmeter\2.6\bin\common\listeners\Perfmon_NetworkIO_All.jmx 
2012/10/30 14:52:14 INFO  - jmeter.control.IncludeController: loadIncludedElements -- try to load included module: D:\Work\APTF_Code_Git-Repos\working\jmeter\2.6\bin\common\listeners\Perfmon_Swap_All.jmx 
2012/10/30 14:52:14 INFO  - jmeter.control.IncludeController: loadIncludedElements -- try to load included module: D:\Work\APTF_Code_Git-Repos\working\jmeter\2.6\bin\common\listeners\Perfmon_TCP_All.jmx 
2012/10/30 14:52:14 INFO  - jmeter.threads.JMeterThread: Thread started: Thread Group 1-10 
2012/10/30 14:52:14 INFO  - jmeter.control.IncludeController: loadIncludedElements -- try to load included module: D:\Work\APTF_Code_Git-Repos\working\jmeter\2.6\bin\common\listeners\Perfmon_CPU_All.jmx 
2012/10/30 14:52:14 INFO  - jmeter.control.IncludeController: loadIncludedElements -- try to load included module: D:\Work\APTF_Code_Git-Repos\working\jmeter\2.6\bin\common\listeners\Perfmon_Memory_All.jmx 
2012/10/30 14:52:14 INFO  - jmeter.threads.JMeterThread: Thread started: Thread Group 1-11 
2012/10/30 14:52:14 INFO  - jmeter.control.IncludeController: loadIncludedElements -- try to load included module: D:\Work\APTF_Code_Git-Repos\working\jmeter\2.6\bin\common\listeners\Perfmon_DisksIO_All.jmx 
2012/10/30 14:52:14 INFO  - jmeter.control.IncludeController: loadIncludedElements -- try to load included module: D:\Work\APTF_Code_Git-Repos\working\jmeter\2.6\bin\common\listeners\Perfmon_NetworkIO_All.jmx 
2012/10/30 14:52:14 INFO  - jmeter.control.IncludeController: loadIncludedElements -- try to load included module: D:\Work\APTF_Code_Git-Repos\working\jmeter\2.6\bin\common\listeners\Perfmon_Swap_All.jmx 
2012/10/30 14:52:14 INFO  - jmeter.control.IncludeController: loadIncludedElements -- try to load included module: D:\Work\APTF_Code_Git-Repos\working\jmeter\2.6\bin\common\listeners\Perfmon_TCP_All.jmx 
2012/10/30 14:52:14 INFO  - jmeter.control.IncludeController: loadIncludedElements -- try to load included module: D:\Work\APTF_Code_Git-Repos\working\jmeter\2.6\bin\common\listeners\Perfmon_CPU_All.jmx 
2012/10/30 14:52:14 ERROR - jmeter.config.CSVDataSet: java.io.FileNotFoundException: .\Data\1.csv (The system cannot find the file specified) 
2012/10/30 14:52:14 INFO  - jmeter.threads.JMeterThread: Stop Thread seen: org.apache.jorphan.util.JMeterStopThreadException: End of file detected 
2012/10/30 14:52:14 INFO  - jmeter.threads.JMeterThread: Thread finished: Thread Group 1-10 
2012/10/30 14:52:14 ERROR - jmeter.config.CSVDataSet: java.io.FileNotFoundException: .\Data\1.csv (The system cannot find the file specified) 
2012/10/30 14:52:14 INFO  - jmeter.engine.StandardJMeterEngine: Ending thread Thread Group 1-10 
2012/10/30 14:52:14 INFO  - jmeter.threads.JMeterThread: Stop Thread seen: org.apache.jorphan.util.JMeterStopThreadException: End of file detected 
2012/10/30 14:52:14 INFO  - jmeter.threads.JMeterThread: Thread finished: Thread Group 1-11 
2012/10/30 14:52:14 INFO  - jmeter.engine.StandardJMeterEngine: Ending thread Thread Group 1-11 
2012/10/30 14:52:14 INFO  - jmeter.control.IncludeController: loadIncludedElements -- try to load included module: D:\Work\APTF_Code_Git-Repos\working\jmeter\2.6\bin\common\listeners\Perfmon_Memory_All.jmx 
2012/10/30 14:52:14 INFO  - jmeter.control.IncludeController: loadIncludedElements -- try to load included module: D:\Work\APTF_Code_Git-Repos\working\jmeter\2.6\bin\common\listeners\Perfmon_DisksIO_All.jmx 
2012/10/30 14:52:14 INFO  - jmeter.control.IncludeController: loadIncludedElements -- try to load included module: D:\Work\APTF_Code_Git-Repos\working\jmeter\2.6\bin\common\listeners\Perfmon_NetworkIO_All.jmx 
2012/10/30 14:52:14 INFO  - jmeter.control.IncludeController: loadIncludedElements -- try to load included module: D:\Work\APTF_Code_Git-Repos\working\jmeter\2.6\bin\common\listeners\Perfmon_Swap_All.jmx 
2012/10/30 14:52:14 INFO  - jmeter.control.IncludeController: loadIncludedElements -- try to load included module: D:\Work\APTF_Code_Git-Repos\working\jmeter\2.6\bin\common\listeners\Perfmon_TCP_All.jmx 
2012/10/30 14:52:14 INFO  - jmeter.control.IncludeController: loadIncludedElements -- try to load included module: D:\Work\APTF_Code_Git-Repos\working\jmeter\2.6\bin\common\listeners\Perfmon_CPU_All.jmx 
2012/10/30 14:52:14 INFO  - jmeter.control.IncludeController: loadIncludedElements -- try to load included module: D:\Work\APTF_Code_Git-Repos\working\jmeter\2.6\bin\common\listeners\Perfmon_Memory_All.jmx 
2012/10/30 14:52:14 INFO  - jmeter.control.IncludeController: loadIncludedElements -- try to load included module: D:\Work\APTF_Code_Git-Repos\working\jmeter\2.6\bin\common\listeners\Perfmon_DisksIO_All.jmx 
2012/10/30 14:52:14 INFO  - jmeter.control.IncludeController: loadIncludedElements -- try to load included module: D:\Work\APTF_Code_Git-Repos\working\jmeter\2.6\bin\common\listeners\Perfmon_NetworkIO_All.jmx 
2012/10/30 14:52:14 INFO  - jmeter.control.IncludeController: loadIncludedElements -- try to load included module: D:\Work\APTF_Code_Git-Repos\working\jmeter\2.6\bin\common\listeners\Perfmon_Swap_All.jmx 
2012/10/30 14:52:14 INFO  - jmeter.control.IncludeController: loadIncludedElements -- try to load included module: D:\Work\APTF_Code_Git-Repos\working\jmeter\2.6\bin\common\listeners\Perfmon_TCP_All.jmx 
2012/10/30 14:52:14 INFO  - jmeter.control.IncludeController: loadIncludedElements -- try to load included module: D:\Work\APTF_Code_Git-Repos\working\jmeter\2.6\bin\common\listeners\Perfmon_CPU_All.jmx 
2012/10/30 14:52:14 INFO  - jmeter.control.IncludeController: loadIncludedElements -- try to load included module: D:\Work\APTF_Code_Git-Repos\working\jmeter\2.6\bin\common\listeners\Perfmon_Memory_All.jmx 
2012/10/30 14:52:14 INFO  - jmeter.control.IncludeController: loadIncludedElements -- try to load included module: D:\Work\APTF_Code_Git-Repos\working\jmeter\2.6\bin\common\listeners\Perfmon_DisksIO_All.jmx 
2012/10/30 14:52:14 INFO  - jmeter.control.IncludeController: loadIncludedElements -- try to load included module: D:\Work\APTF_Code_Git-Repos\working\jmeter\2.6\bin\common\listeners\Perfmon_NetworkIO_All.jmx 
2012/10/30 14:52:14 INFO  - jmeter.control.IncludeController: loadIncludedElements -- try to load included module: D:\Work\APTF_Code_Git-Repos\working\jmeter\2.6\bin\common\listeners\Perfmon_Swap_All.jmx 
2012/10/30 14:52:14 INFO  - jmeter.control.IncludeController: loadIncludedElements -- try to load included module: D:\Work\APTF_Code_Git-Repos\working\jmeter\2.6\bin\common\listeners\Perfmon_TCP_All.jmx 
2012/10/30 14:52:14 INFO  - jmeter.threads.JMeterThread: Thread started: Thread Group 1-12 
2012/10/30 14:52:14 ERROR - jmeter.config.CSVDataSet: java.io.FileNotFoundException: .\Data\1.csv (The system cannot find the file specified) 
2012/10/30 14:52:14 INFO  - jmeter.threads.JMeterThread: Stop Thread seen: org.apache.jorphan.util.JMeterStopThreadException: End of file detected 
2012/10/30 14:52:14 INFO  - jmeter.threads.JMeterThread: Thread finished: Thread Group 1-12 
2012/10/30 14:52:14 INFO  - jmeter.engine.StandardJMeterEngine: Ending thread Thread Group 1-12 
2012/10/30 14:52:14 INFO  - jmeter.control.IncludeController: loadIncludedElements -- try to load included module: D:\Work\APTF_Code_Git-Repos\working\jmeter\2.6\bin\common\listeners\Perfmon_CPU_All.jmx 
2012/10/30 14:52:14 INFO  - jmeter.control.IncludeController: loadIncludedElements -- try to load included module: D:\Work\APTF_Code_Git-Repos\working\jmeter\2.6\bin\common\listeners\Perfmon_Memory_All.jmx 
2012/10/30 14:52:14 INFO  - jmeter.control.IncludeController: loadIncludedElements -- try to load included module: D:\Work\APTF_Code_Git-Repos\working\jmeter\2.6\bin\common\listeners\Perfmon_DisksIO_All.jmx 
2012/10/30 14:52:14 INFO  - jmeter.control.IncludeController: loadIncludedElements -- try to load included module: D:\Work\APTF_Code_Git-Repos\working\jmeter\2.6\bin\common\listeners\Perfmon_NetworkIO_All.jmx 
2012/10/30 14:52:14 INFO  - jmeter.control.IncludeController: loadIncludedElements -- try to load included module: D:\Work\APTF_Code_Git-Repos\working\jmeter\2.6\bin\common\listeners\Perfmon_Swap_All.jmx 
2012/10/30 14:52:14 INFO  - jmeter.control.IncludeController: loadIncludedElements -- try to load included module: D:\Work\APTF_Code_Git-Repos\working\jmeter\2.6\bin\common\listeners\Perfmon_TCP_All.jmx 
2012/10/30 14:52:14 INFO  - jmeter.engine.StandardJMeterEngine: All threads have been started 
2012/10/30 14:52:14 INFO  - jmeter.threads.JMeterThread: Thread started: Thread Group 1-13 
2012/10/30 14:52:14 ERROR - jmeter.config.CSVDataSet: java.io.FileNotFoundException: .\Data\1.csv (The system cannot find the file specified) 
2012/10/30 14:52:14 INFO  - jmeter.threads.JMeterThread: Stop Thread seen: org.apache.jorphan.util.JMeterStopThreadException: End of file detected 
2012/10/30 14:52:14 INFO  - jmeter.threads.JMeterThread: Thread finished: Thread Group 1-13 
2012/10/30 14:52:14 INFO  - jmeter.engine.StandardJMeterEngine: Ending thread Thread Group 1-13 
2012/10/30 14:52:14 INFO  - jmeter.threads.JMeterThread: Thread started: Thread Group 1-14 
2012/10/30 14:52:14 ERROR - jmeter.config.CSVDataSet: java.io.FileNotFoundException: .\Data\1.csv (The system cannot find the file specified) 
2012/10/30 14:52:14 INFO  - jmeter.threads.JMeterThread: Stop Thread seen: org.apache.jorphan.util.JMeterStopThreadException: End of file detected 
2012/10/30 14:52:14 INFO  - jmeter.threads.JMeterThread: Thread finished: Thread Group 1-14 
2012/10/30 14:52:14 INFO  - jmeter.engine.StandardJMeterEngine: Ending thread Thread Group 1-14 
2012/10/30 14:52:14 INFO  - jmeter.threads.JMeterThread: Thread started: Thread Group 1-15 
2012/10/30 14:52:14 ERROR - jmeter.config.CSVDataSet: java.io.FileNotFoundException: .\Data\1.csv (The system cannot find the file specified) 
2012/10/30 14:52:14 INFO  - jmeter.threads.JMeterThread: Stop Thread seen: org.apache.jorphan.util.JMeterStopThreadException: End of file detected 
2012/10/30 14:52:14 INFO  - jmeter.threads.JMeterThread: Thread finished: Thread Group 1-15 
2012/10/30 14:52:14 INFO  - jmeter.engine.StandardJMeterEngine: Ending thread Thread Group 1-15 
2012/10/30 14:52:14 INFO  - jmeter.threads.JMeterThread: Thread started: Thread Group 1-16 
2012/10/30 14:52:14 ERROR - jmeter.config.CSVDataSet: java.io.FileNotFoundException: .\Data\1.csv (The system cannot find the file specified) 
2012/10/30 14:52:14 INFO  - jmeter.threads.JMeterThread: Stop Thread seen: org.apache.jorphan.util.JMeterStopThreadException: End of file detected 
2012/10/30 14:52:14 INFO  - jmeter.threads.JMeterThread: Thread finished: Thread Group 1-16 
2012/10/30 14:52:14 INFO  - jmeter.engine.StandardJMeterEngine: Ending thread Thread Group 1-16 
2012/10/30 14:52:14 INFO  - jmeter.threads.JMeterThread: Thread started: Thread Group 1-17 
2012/10/30 14:52:14 ERROR - jmeter.config.CSVDataSet: java.io.FileNotFoundException: .\Data\1.csv (The system cannot find the file specified) 
2012/10/30 14:52:14 INFO  - jmeter.threads.JMeterThread: Stop Thread seen: org.apache.jorphan.util.JMeterStopThreadException: End of file detected 
2012/10/30 14:52:14 INFO  - jmeter.threads.JMeterThread: Thread finished: Thread Group 1-17 
2012/10/30 14:52:14 INFO  - jmeter.engine.StandardJMeterEngine: Ending thread Thread Group 1-17 
2012/10/30 14:52:14 INFO  - jmeter.threads.JMeterThread: Thread started: Thread Group 1-18 
2012/10/30 14:52:14 ERROR - jmeter.config.CSVDataSet: java.io.FileNotFoundException: .\Data\1.csv (The system cannot find the file specified) 
2012/10/30 14:52:14 INFO  - jmeter.threads.JMeterThread: Stop Thread seen: org.apache.jorphan.util.JMeterStopThreadException: End of file detected 
2012/10/30 14:52:14 INFO  - jmeter.threads.JMeterThread: Thread finished: Thread Group 1-18 
2012/10/30 14:52:14 INFO  - jmeter.engine.StandardJMeterEngine: Ending thread Thread Group 1-18 
2012/10/30 14:52:15 INFO  - jmeter.threads.JMeterThread: Thread started: Thread Group 1-19 
2012/10/30 14:52:15 ERROR - jmeter.config.CSVDataSet: java.io.FileNotFoundException: .\Data\1.csv (The system cannot find the file specified) 
2012/10/30 14:52:15 INFO  - jmeter.threads.JMeterThread: Stop Thread seen: org.apache.jorphan.util.JMeterStopThreadException: End of file detected 
2012/10/30 14:52:15 INFO  - jmeter.threads.JMeterThread: Thread finished: Thread Group 1-19 
2012/10/30 14:52:15 INFO  - jmeter.engine.StandardJMeterEngine: Ending thread Thread Group 1-19 
2012/10/30 14:52:15 INFO  - jmeter.threads.JMeterThread: Thread started: Thread Group 1-20 
2012/10/30 14:52:15 ERROR - jmeter.config.CSVDataSet: java.io.FileNotFoundException: .\Data\1.csv (The system cannot find the file specified) 
2012/10/30 14:52:15 INFO  - jmeter.threads.JMeterThread: Stop Thread seen: org.apache.jorphan.util.JMeterStopThreadException: End of file detected 
2012/10/30 14:52:15 INFO  - jmeter.threads.JMeterThread: Thread finished: Thread Group 1-20 
2012/10/30 14:52:15 INFO  - jmeter.engine.StandardJMeterEngine: Ending thread Thread Group 1-20 
2012/10/30 14:52:15 INFO  - jmeter.threads.JMeterThread: Thread started: Thread Group 1-21 
2012/10/30 14:52:15 ERROR - jmeter.config.CSVDataSet: java.io.FileNotFoundException: .\Data\1.csv (The system cannot find the file specified) 
2012/10/30 14:52:15 INFO  - jmeter.threads.JMeterThread: Stop Thread seen: org.apache.jorphan.util.JMeterStopThreadException: End of file detected 
2012/10/30 14:52:15 INFO  - jmeter.threads.JMeterThread: Thread finished: Thread Group 1-21 
2012/10/30 14:52:15 INFO  - jmeter.engine.StandardJMeterEngine: Ending thread Thread Group 1-21 
2012/10/30 14:52:15 INFO  - jmeter.threads.JMeterThread: Thread started: Thread Group 1-22 
2012/10/30 14:52:15 ERROR - jmeter.config.CSVDataSet: java.io.FileNotFoundException: .\Data\1.csv (The system cannot find the file specified) 
2012/10/30 14:52:15 INFO  - jmeter.threads.JMeterThread: Stop Thread seen: org.apache.jorphan.util.JMeterStopThreadException: End of file detected 
2012/10/30 14:52:15 INFO  - jmeter.threads.JMeterThread: Thread finished: Thread Group 1-22 
2012/10/30 14:52:15 INFO  - jmeter.engine.StandardJMeterEngine: Ending thread Thread Group 1-22 
2012/10/30 14:52:15 INFO  - jmeter.threads.JMeterThread: Thread started: Thread Group 1-23 
2012/10/30 14:52:15 ERROR - jmeter.config.CSVDataSet: java.io.FileNotFoundException: .\Data\1.csv (The system cannot find the file specified) 
2012/10/30 14:52:15 INFO  - jmeter.threads.JMeterThread: Stop Thread seen: org.apache.jorphan.util.JMeterStopThreadException: End of file detected 
2012/10/30 14:52:15 INFO  - jmeter.threads.JMeterThread: Thread finished: Thread Group 1-23 
2012/10/30 14:52:15 INFO  - jmeter.engine.StandardJMeterEngine: Ending thread Thread Group 1-23 
2012/10/30 14:52:15 INFO  - jmeter.threads.JMeterThread: Thread started: Thread Group 1-24 
2012/10/30 14:52:15 ERROR - jmeter.config.CSVDataSet: java.io.FileNotFoundException: .\Data\1.csv (The system cannot find the file specified) 
2012/10/30 14:52:15 INFO  - jmeter.threads.JMeterThread: Stop Thread seen: org.apache.jorphan.util.JMeterStopThreadException: End of file detected 
2012/10/30 14:52:15 INFO  - jmeter.threads.JMeterThread: Thread finished: Thread Group 1-24 
2012/10/30 14:52:15 INFO  - jmeter.engine.StandardJMeterEngine: Ending thread Thread Group 1-24 
2012/10/30 14:52:15 INFO  - jmeter.threads.JMeterThread: Thread started: Thread Group 1-25 
2012/10/30 14:52:15 ERROR - jmeter.config.CSVDataSet: java.io.FileNotFoundException: .\Data\1.csv (The system cannot find the file specified) 
2012/10/30 14:52:15 INFO  - jmeter.threads.JMeterThread: Stop Thread seen: org.apache.jorphan.util.JMeterStopThreadException: End of file detected 
2012/10/30 14:52:15 INFO  - jmeter.threads.JMeterThread: Thread finished: Thread Group 1-25 
2012/10/30 14:52:15 INFO  - jmeter.engine.StandardJMeterEngine: Ending thread Thread Group 1-25 
2012/10/30 14:52:15 INFO  - jmeter.threads.JMeterThread: Thread started: Thread Group 1-26 
2012/10/30 14:52:15 ERROR - jmeter.config.CSVDataSet: java.io.FileNotFoundException: .\Data\1.csv (The system cannot find the file specified) 
2012/10/30 14:52:15 INFO  - jmeter.threads.JMeterThread: Stop Thread seen: org.apache.jorphan.util.JMeterStopThreadException: End of file detected 
2012/10/30 14:52:15 INFO  - jmeter.threads.JMeterThread: Thread finished: Thread Group 1-26 
2012/10/30 14:52:15 INFO  - jmeter.engine.StandardJMeterEngine: Ending thread Thread Group 1-26 
2012/10/30 14:52:15 INFO  - jmeter.engine.StandardJMeterEngine: Notifying test listeners of end of test 
2012/10/30 14:52:15 INFO  - jmeter.samplers.StandardSampleSender: Test Ended on 10.179.3.150 
2012/10/30 14:52:15 INFO  - jmeter.samplers.StandardSampleSender: Test Ended on 10.179.3.150 
2012/10/30 14:52:15 INFO  - jmeter.samplers.StandardSampleSender: Test Ended on 10.179.3.150 
2012/10/30 14:52:15 INFO  - jmeter.samplers.StandardSampleSender: Test Ended on 10.179.3.150 
2012/10/30 14:52:15 INFO  - jmeter.samplers.StandardSampleSender: Test Ended on 10.179.3.150 
2012/10/30 14:52:15 INFO  - jmeter.samplers.StandardSampleSender: Test Ended on 10.179.3.150 
2012/10/30 14:52:15 INFO  - jmeter.samplers.StandardSampleSender: Test Ended on 10.179.3.150 
2012/10/30 14:52:15 INFO  - jmeter.samplers.StandardSampleSender: Test Ended on 10.179.3.150 
2012/10/30 14:52:15 INFO  - jmeter.samplers.StandardSampleSender: Test Ended on 10.179.3.150 
2012/10/30 14:52:15 INFO  - jmeter.samplers.StandardSampleSender: Test Ended on 10.179.3.150 
2012/10/30 14:52:15 INFO  - jmeter.samplers.StandardSampleSender: Test Ended on 10.179.3.150 
2012/10/30 14:52:15 INFO  - jmeter.engine.StandardJMeterEngine: Test has ended on host 10.179.3.150 
