2018-04-12 14:38:26,110 INFO o.a.j.u.JMeterUtils: Setting Locale to en_US
2018-04-12 14:38:26,126 INFO o.a.j.JMeter: Loading user properties from: user.properties
2018-04-12 14:38:26,126 INFO o.a.j.JMeter: Loading system properties from: system.properties
2018-04-12 14:38:26,126 INFO o.a.j.JMeter: Copyright (c) 1998-2017 The Apache Software Foundation
2018-04-12 14:38:26,126 INFO o.a.j.JMeter: Version 3.2 r1790748
2018-04-12 14:38:26,126 INFO o.a.j.JMeter: java.version=1.8.0_161
2018-04-12 14:38:26,126 INFO o.a.j.JMeter: java.vm.name=Java HotSpot(TM) 64-Bit Server VM
2018-04-12 14:38:26,126 INFO o.a.j.JMeter: os.name=Windows 10
2018-04-12 14:38:26,126 INFO o.a.j.JMeter: os.arch=amd64
2018-04-12 14:38:26,126 INFO o.a.j.JMeter: os.version=10.0
2018-04-12 14:38:26,126 INFO o.a.j.JMeter: file.encoding=Cp1252
2018-04-12 14:38:26,126 INFO o.a.j.JMeter: Max memory     =4294967296
2018-04-12 14:38:26,126 INFO o.a.j.JMeter: Available Processors =4
2018-04-12 14:38:26,141 INFO o.a.j.JMeter: Default Locale=English (United States)
2018-04-12 14:38:26,141 INFO o.a.j.JMeter: JMeter  Locale=English (United States)
2018-04-12 14:38:26,141 INFO o.a.j.JMeter: JMeterHome=C:\apache-jmeter-3.2
2018-04-12 14:38:26,141 INFO o.a.j.JMeter: user.dir  =C:\apache-jmeter-3.2\bin
2018-04-12 14:38:26,141 INFO o.a.j.JMeter: PWD       =C:\apache-jmeter-3.2\bin
2018-04-12 14:38:26,141 INFO o.a.j.JMeter: IP: 10.103.2.149 Name: BRK-L710668N FullName: BRK-L710668N.corp.ds.<Companyname>.com
2018-04-12 14:38:26,141 INFO o.a.j.JMeter: user.classpath=C:/apache-jmeter-3.2/workspace/jndi.properties
2018-04-12 14:38:26,141 INFO o.a.j.JMeter: Adding to classpath and loader: C:/apache-jmeter-3.2/workspace/jndi.properties
2018-04-12 14:38:26,344 INFO o.a.j.g.a.LookAndFeelCommand: Using look and feel: javax.swing.plaf.metal.MetalLookAndFeel [Metal, CrossPlatform]
2018-04-12 14:38:26,360 INFO o.a.j.JMeter: Loaded icon properties from org/apache/jmeter/images/icon.properties
2018-04-12 14:38:26,751 INFO o.a.j.e.u.CompoundVariable: Note: Function class names must contain the string: '.functions.'
2018-04-12 14:38:26,751 INFO o.a.j.e.u.CompoundVariable: Note: Function class names must not contain the string: '.gui.'
2018-04-12 14:38:27,531 INFO o.a.j.g.u.MenuFactory: Skipping org.apache.jmeter.assertions.BSFAssertion
2018-04-12 14:38:27,876 INFO o.a.j.g.u.MenuFactory: Skipping org.apache.jmeter.extractor.BSFPostProcessor
2018-04-12 14:38:27,908 INFO o.a.j.g.u.MenuFactory: Skipping org.apache.jmeter.modifiers.BSFPreProcessor
2018-04-12 14:38:27,939 INFO o.a.j.p.h.s.HTTPSamplerBase: Parser for text/html is org.apache.jmeter.protocol.http.parser.LagartoBasedHtmlParser
2018-04-12 14:38:27,939 INFO o.a.j.p.h.s.HTTPSamplerBase: Parser for application/xhtml+xml is org.apache.jmeter.protocol.http.parser.LagartoBasedHtmlParser
2018-04-12 14:38:27,939 INFO o.a.j.p.h.s.HTTPSamplerBase: Parser for application/xml is org.apache.jmeter.protocol.http.parser.LagartoBasedHtmlParser
2018-04-12 14:38:27,939 INFO o.a.j.p.h.s.HTTPSamplerBase: Parser for text/xml is org.apache.jmeter.protocol.http.parser.LagartoBasedHtmlParser
2018-04-12 14:38:27,939 INFO o.a.j.p.h.s.HTTPSamplerBase: Parser for text/vnd.wap.wml is org.apache.jmeter.protocol.http.parser.RegexpHTMLParser
2018-04-12 14:38:27,939 INFO o.a.j.p.h.s.HTTPSamplerBase: Parser for text/css is org.apache.jmeter.protocol.http.parser.CssParser
2018-04-12 14:38:28,427 INFO o.a.j.e.KeyToolUtils: keytool found at 'keytool'
2018-04-12 14:38:28,427 INFO o.a.j.p.h.p.ProxyControl: HTTP(S) Test Script Recorder SSL Proxy will use keys that support embedded 3rd party resources in file C:\apache-jmeter-3.2\bin\proxyserver.jks
2018-04-12 14:38:28,568 WARN o.a.j.r.ClassFinder: Can not open the jar C:/apache-jmeter-3.2/workspace/jndi.properties error in opening zip file
java.util.zip.ZipException: error in opening zip file
	at java.util.zip.ZipFile.open(Native Method) ~[?:1.8.0_161]
	at java.util.zip.ZipFile.<init>(Unknown Source) ~[?:1.8.0_161]
	at java.util.zip.ZipFile.<init>(Unknown Source) ~[?:1.8.0_161]
	at java.util.zip.ZipFile.<init>(Unknown Source) ~[?:1.8.0_161]
	at org.apache.jorphan.reflect.ClassFinder.findClassesInOnePath(ClassFinder.java:435) ~[jorphan.jar:3.2 r1790748]
	at org.apache.jorphan.reflect.ClassFinder.findClasses(ClassFinder.java:284) ~[jorphan.jar:3.2 r1790748]
	at org.apache.jorphan.reflect.ClassFinder.findClassesThatExtend(ClassFinder.java:259) ~[jorphan.jar:3.2 r1790748]
	at org.apache.jorphan.reflect.ClassFinder.findClassesThatExtend(ClassFinder.java:191) ~[jorphan.jar:3.2 r1790748]
	at org.apache.jorphan.reflect.ClassFinder.findClassesThatExtend(ClassFinder.java:173) ~[jorphan.jar:3.2 r1790748]
	at org.apache.jorphan.reflect.ClassFinder.findClassesThatExtend(ClassFinder.java:139) ~[jorphan.jar:3.2 r1790748]
	at org.apache.jmeter.protocol.java.control.gui.JUnitTestSamplerGui.setupClasslist(JUnitTestSamplerGui.java:181) ~[ApacheJMeter_junit.jar:3.2 r1790748]
	at org.apache.jmeter.protocol.java.control.gui.JUnitTestSamplerGui.createClassPanel(JUnitTestSamplerGui.java:212) ~[ApacheJMeter_junit.jar:3.2 r1790748]
	at org.apache.jmeter.protocol.java.control.gui.JUnitTestSamplerGui.init(JUnitTestSamplerGui.java:167) ~[ApacheJMeter_junit.jar:3.2 r1790748]
	at org.apache.jmeter.protocol.java.control.gui.JUnitTestSamplerGui.<init>(JUnitTestSamplerGui.java:147) ~[ApacheJMeter_junit.jar:3.2 r1790748]
	at sun.reflect.NativeConstructorAccessorImpl.newInstance0(Native Method) ~[?:1.8.0_161]
	at sun.reflect.NativeConstructorAccessorImpl.newInstance(Unknown Source) ~[?:1.8.0_161]
	at sun.reflect.DelegatingConstructorAccessorImpl.newInstance(Unknown Source) ~[?:1.8.0_161]
	at java.lang.reflect.Constructor.newInstance(Unknown Source) ~[?:1.8.0_161]
	at java.lang.Class.newInstance(Unknown Source) ~[?:1.8.0_161]
	at org.apache.jmeter.gui.util.MenuFactory.initializeMenus(MenuFactory.java:505) ~[ApacheJMeter_core.jar:3.2 r1790748]
	at org.apache.jmeter.gui.util.MenuFactory.<clinit>(MenuFactory.java:169) ~[ApacheJMeter_core.jar:3.2 r1790748]
	at org.apache.jmeter.control.gui.WorkBenchGui.createPopupMenu(WorkBenchGui.java:119) ~[ApacheJMeter_core.jar:3.2 r1790748]
	at org.apache.jmeter.gui.tree.JMeterTreeNode.createPopupMenu(JMeterTreeNode.java:156) ~[ApacheJMeter_core.jar:3.2 r1790748]
	at org.apache.jmeter.gui.action.EditCommand.doAction(EditCommand.java:46) ~[ApacheJMeter_core.jar:3.2 r1790748]
	at org.apache.jmeter.gui.action.ActionRouter.performAction(ActionRouter.java:74) ~[ApacheJMeter_core.jar:3.2 r1790748]
	at org.apache.jmeter.gui.action.ActionRouter.lambda$actionPerformed$0(ActionRouter.java:59) ~[ApacheJMeter_core.jar:3.2 r1790748]
	at java.awt.event.InvocationEvent.dispatch(Unknown Source) [?:1.8.0_161]
	at java.awt.EventQueue.dispatchEventImpl(Unknown Source) [?:1.8.0_161]
	at java.awt.EventQueue.access$500(Unknown Source) [?:1.8.0_161]
	at java.awt.EventQueue$3.run(Unknown Source) [?:1.8.0_161]
	at java.awt.EventQueue$3.run(Unknown Source) [?:1.8.0_161]
	at java.security.AccessController.doPrivileged(Native Method) ~[?:1.8.0_161]
	at java.security.ProtectionDomain$JavaSecurityAccessImpl.doIntersectionPrivilege(Unknown Source) [?:1.8.0_161]
	at java.awt.EventQueue.dispatchEvent(Unknown Source) [?:1.8.0_161]
	at java.awt.EventDispatchThread.pumpOneEventForFilters(Unknown Source) [?:1.8.0_161]
	at java.awt.EventDispatchThread.pumpEventsForFilter(Unknown Source) [?:1.8.0_161]
	at java.awt.EventDispatchThread.pumpEventsForHierarchy(Unknown Source) [?:1.8.0_161]
	at java.awt.EventDispatchThread.pumpEvents(Unknown Source) [?:1.8.0_161]
	at java.awt.EventDispatchThread.pumpEvents(Unknown Source) [?:1.8.0_161]
	at java.awt.EventDispatchThread.run(Unknown Source) [?:1.8.0_161]
2018-04-12 14:38:28,583 INFO o.a.j.g.u.MenuFactory: Skipping org.apache.jmeter.protocol.java.sampler.BSFSampler
2018-04-12 14:38:28,615 INFO o.a.j.s.FileServer: Default base='C:\apache-jmeter-3.2\bin'
2018-04-12 14:38:28,677 INFO o.a.j.g.u.MenuFactory: Skipping org.apache.jmeter.protocol.mongodb.config.MongoSourceElement
2018-04-12 14:38:28,677 INFO o.a.j.g.u.MenuFactory: Skipping org.apache.jmeter.protocol.mongodb.sampler.MongoScriptSampler
2018-04-12 14:38:29,175 INFO o.a.j.g.u.MenuFactory: Skipping org.apache.jmeter.timers.BSFTimer
2018-04-12 14:38:29,207 INFO o.a.j.g.u.MenuFactory: Skipping org.apache.jmeter.visualizers.BSFListener
2018-04-12 14:38:29,316 INFO o.a.j.s.SampleResult: Note: Sample TimeStamps are START times
2018-04-12 14:38:29,316 INFO o.a.j.s.SampleResult: sampleresult.default.encoding is set to ISO-8859-1
2018-04-12 14:38:29,316 INFO o.a.j.s.SampleResult: sampleresult.useNanoTime=true
2018-04-12 14:38:29,316 INFO o.a.j.s.SampleResult: sampleresult.nanoThreadSleep=5000
2018-04-12 14:45:36,801 INFO o.a.j.g.a.Load: Loading file: C:\apache-jmeter-3.2\bin\JMS Point-to-Point ActivePkgToSplitter.jmx
2018-04-12 14:45:36,801 INFO o.a.j.s.FileServer: Set new base='C:\apache-jmeter-3.2\bin'
2018-04-12 14:45:36,863 INFO o.a.j.s.SaveService: Testplan (JMX) version: 2.2. Testlog (JTL) version: 2.2
2018-04-12 14:45:36,879 INFO o.a.j.s.SaveService: Using SaveService properties file encoding UTF-8
2018-04-12 14:45:36,879 INFO o.a.j.s.SaveService: Using SaveService properties version 3.2
2018-04-12 14:45:36,879 INFO o.a.j.s.SaveService: Loading file: C:\apache-jmeter-3.2\bin\JMS Point-to-Point ActivePkgToSplitter.jmx
2018-04-12 14:45:37,020 INFO o.a.j.s.FileServer: Set new base='C:\apache-jmeter-3.2\bin'
2018-04-12 14:46:25,836 INFO o.a.j.e.StandardJMeterEngine: Running the test!
2018-04-12 14:46:25,838 INFO o.a.j.s.SampleEvent: List of sample_variables: []
2018-04-12 14:46:25,838 INFO o.a.j.s.SampleEvent: List of sample_variables: []
2018-04-12 14:46:25,841 INFO o.a.j.g.u.JMeterMenuBar: setRunning(true, *local*)
2018-04-12 14:46:25,899 INFO o.a.j.e.StandardJMeterEngine: Starting ThreadGroup: 1 : LoadTestSplitter
2018-04-12 14:46:25,899 INFO o.a.j.e.StandardJMeterEngine: Starting 1 threads for group LoadTestSplitter.
2018-04-12 14:46:25,899 INFO o.a.j.e.StandardJMeterEngine: Thread will continue on error
2018-04-12 14:46:25,899 INFO o.a.j.t.ThreadGroup: Starting thread group... number=1 threads=1 ramp-up=1 perThread=1000.0 delayedStart=false
2018-04-12 14:46:25,914 INFO o.a.j.t.ThreadGroup: Started thread group number 1
2018-04-12 14:46:25,914 INFO o.a.j.e.StandardJMeterEngine: All thread groups have been started
2018-04-12 14:46:25,914 INFO o.a.j.t.JMeterThread: Thread started: LoadTestSplitter 1-1
2018-04-12 14:46:26,055 INFO o.a.j.t.JMeterThread: Thread is done: LoadTestSplitter 1-1
2018-04-12 14:46:26,055 INFO o.a.j.t.JMeterThread: Thread finished: LoadTestSplitter 1-1
2018-04-12 14:46:26,055 INFO o.a.j.e.StandardJMeterEngine: Notifying test listeners of end of test
2018-04-12 14:46:26,055 INFO o.a.j.p.j.c.InitialContextFactory: InitialContextFactory.close() called and Context instances cleaned up
2018-04-12 14:46:26,055 INFO o.a.j.g.u.JMeterMenuBar: setRunning(false, *local*)
2018-04-12 14:47:06,853 INFO o.a.j.e.StandardJMeterEngine: Running the test!
2018-04-12 14:47:06,853 INFO o.a.j.s.SampleEvent: List of sample_variables: []
2018-04-12 14:47:06,853 INFO o.a.j.g.u.JMeterMenuBar: setRunning(true, *local*)
2018-04-12 14:47:06,948 INFO o.a.j.e.StandardJMeterEngine: Starting ThreadGroup: 1 : LoadTestSplitter
2018-04-12 14:47:06,948 INFO o.a.j.e.StandardJMeterEngine: Starting 1 threads for group LoadTestSplitter.
2018-04-12 14:47:06,948 INFO o.a.j.e.StandardJMeterEngine: Thread will continue on error
2018-04-12 14:47:06,948 INFO o.a.j.t.ThreadGroup: Starting thread group... number=1 threads=1 ramp-up=1 perThread=1000.0 delayedStart=false
2018-04-12 14:47:06,948 INFO o.a.j.t.ThreadGroup: Started thread group number 1
2018-04-12 14:47:06,948 INFO o.a.j.e.StandardJMeterEngine: All thread groups have been started
2018-04-12 14:47:06,948 INFO o.a.j.t.JMeterThread: Thread started: LoadTestSplitter 1-1
2018-04-12 14:47:06,948 INFO o.a.j.t.JMeterThread: Thread is done: LoadTestSplitter 1-1
2018-04-12 14:47:06,948 INFO o.a.j.t.JMeterThread: Thread finished: LoadTestSplitter 1-1
2018-04-12 14:47:06,948 INFO o.a.j.e.StandardJMeterEngine: Notifying test listeners of end of test
2018-04-12 14:47:06,948 INFO o.a.j.p.j.c.InitialContextFactory: InitialContextFactory.close() called and Context instances cleaned up
2018-04-12 14:47:06,948 INFO o.a.j.g.u.JMeterMenuBar: setRunning(false, *local*)
2018-04-12 14:49:50,624 INFO o.a.j.e.StandardJMeterEngine: Running the test!
2018-04-12 14:49:50,625 INFO o.a.j.s.SampleEvent: List of sample_variables: []
2018-04-12 14:49:50,627 INFO o.a.j.g.u.JMeterMenuBar: setRunning(true, *local*)
2018-04-12 14:49:50,729 INFO o.a.j.e.StandardJMeterEngine: Starting ThreadGroup: 1 : LoadTestSplitter
2018-04-12 14:49:50,729 INFO o.a.j.e.StandardJMeterEngine: Starting 1 threads for group LoadTestSplitter.
2018-04-12 14:49:50,729 INFO o.a.j.e.StandardJMeterEngine: Thread will continue on error
2018-04-12 14:49:50,729 INFO o.a.j.t.ThreadGroup: Starting thread group... number=1 threads=1 ramp-up=1 perThread=1000.0 delayedStart=false
2018-04-12 14:49:50,730 INFO o.a.j.t.ThreadGroup: Started thread group number 1
2018-04-12 14:49:50,730 INFO o.a.j.e.StandardJMeterEngine: All thread groups have been started
2018-04-12 14:49:50,731 INFO o.a.j.t.JMeterThread: Thread started: LoadTestSplitter 1-1
2018-04-12 14:49:50,740 INFO c.f.m.d.j.<Companyname>TibcoInitialContext: InitalContext Envirnonment: {java.naming.provider.url=ldap://apptstldap.corp.<Companyname>.com/ou=messaging,dc=corp,dc=<Companyname>,dc=com, java.naming.factory.initial=com.<Companyname>.mi.decorator.jms.<Companyname>TibcoInitialContext}
2018-04-12 14:49:50,747 INFO c.f.m.d.j.Ldap: First <Companyname>JMSDecorator lookup call; current version: <Companyname>JMS 7.1.2 06/09/2014
2018-04-12 14:49:50,747 INFO c.f.m.d.j.Ldap: Attempting lookup on name: fxClientUID=VS.FXGSHIP.FXG.ACTIVEPKG.QCF.L1 Using url: ldap://apptstldap.corp.<Companyname>.com/ou=messaging,dc=corp,dc=<Companyname>,dc=com
2018-04-12 14:49:50,898 INFO c.f.m.d.j.Ldap: Found fxJMSClientServerDestRef: VE.EMS02.MITVIS01.GROUND.<Companyname>.COM
2018-04-12 14:49:50,935 INFO c.f.m.d.j.Ldap: Found fxJMSClientServerDestUID: {objectclass=objectClass: fxJMSClientServerDest, top, fxjmsclientserverdestuid=fxJMSClientServerDestUID: VE.EMS02.MITVIS01.GROUND.<Companyname>.COM, fxjmsclientserverurl=fxJMSClientServerURL: tcp://mitvis01.ground.<Companyname>.com:48202}
2018-04-12 14:49:50,937 INFO c.f.m.d.j.Ldap: fxClient type is Virtual.
2018-04-12 14:49:50,941 INFO c.f.m.d.j.fxObject: fxJMSClientProperties not found. If applicable, using the following default: shutdownHookWaitInSeconds=5
2018-04-12 14:49:50,944 INFO c.f.m.d.j.fxObject: javax.jms.Session ACK Mode is set to: com.tibco.tibjms.Tibjms.EXPLICIT_CLIENT_ACKNOWLEDGE User cannont override this value.
2018-04-12 14:49:50,945 INFO c.f.m.d.j.fxObject: Using fxClientTimeToLive : 0 milliseconds. Messages will live forever or until consumed or explicitly purged.
2018-04-12 14:49:50,946 INFO c.f.m.d.j.fxObject: fxJMSClientPreserveUndelivered : true -- Tibco specific message property set by <Companyname>jms decorator. This property will place expired/undeliverable queue messages into a special system queue for possible later retrival.
2018-04-12 14:49:50,947 INFO c.f.m.d.j.fxObject: fxJMSClientDeliveryMode=PERSISTENT
2018-04-12 14:49:50,947 INFO c.f.m.d.j.fxObject: Set jmsClientPriority: 4 Users may override this value
2018-04-12 14:49:50,947 INFO c.f.m.d.j.<Companyname>JmsVirtualDistribution: Using REFRESH FROM LDAP INTERVAL  : 1800000 milli seconds.
2018-04-12 14:49:50,947 INFO c.f.m.d.j.<Companyname>JmsVirtualDistribution: Using ATTEMPT RECONNECT INTERVAL  : 60000 milli seconds.
2018-04-12 14:49:50,947 INFO c.f.m.d.j.<Companyname>JmsVirtualDistribution: Using HIDE FAILED CONNECTION THRESHOLD  : 50.0%.
2018-04-12 14:49:50,947 INFO c.f.m.d.j.<Companyname>JmsVirtualDistribution: Using LOAD DISTRIBUTION METHOD  : RoundRobin
2018-04-12 14:49:50,948 INFO c.f.m.d.j.<Companyname>JmsVirtualDistribution: Using FX CLIENT DISTRIBUTE TO TOPIC ALL OR SINGLE  : SingleViaRoundRobin
2018-04-12 14:49:50,948 INFO c.f.m.d.j.<Companyname>JmsVirtualDistribution: Using STARVED CONSUMER FORAGE TIMEOUT: 1000
2018-04-12 14:49:50,948 INFO c.f.m.d.j.<Companyname>JmsVirtualDistribution: Using ENFORCE JMS SERVER TO DESTINATION CORRELATION FLAG: false
2018-04-12 14:49:50,948 INFO c.f.m.d.j.<Companyname>JmsVirtualDistribution: Using ALLOW DISTRIBUTED TOPIC SUBSCRIBERS FLAG: false
2018-04-12 14:49:50,948 INFO c.f.m.d.j.<Companyname>JmsVirtualDistribution: Validated VIRTUAL ENDPOINT with URL = tcp://mitvis01.ground.<Companyname>.com:48202 and Dest = null
2018-04-12 14:49:50,958 INFO c.f.m.d.j.Ldap: Ldap.unlockAtrributesFile: unlocking lock file: C:\Users\5291077\AppData\Local\Temp\LDAP_cache_for_5291077_from_ldap___apptstldap_corp_<Companyname>_com_ou_messaging_dc_corp_dc_<Companyname>_dc_com\fxClientUID_VS.FXGSHIP.FXG.ACTIVEPKG.QCF.L1.ldif.lock in thread: LoadTestSplitter 1-1
2018-04-12 14:49:50,965 INFO c.f.m.d.j.Ldap: Ldap.unlockAtrributesFile: unlocking lock file: C:\Users\5291077\AppData\Local\Temp\LDAP_cache_for_5291077_from_ldap___apptstldap_corp_<Companyname>_com_ou_messaging_dc_corp_dc_<Companyname>_dc_com\fxJMSClientServerDestUID_VE.EMS02.MITVIS01.GROUND.<Companyname>.COM.ldif.lock in thread: LoadTestSplitter 1-1
2018-04-12 14:49:50,968 INFO c.f.m.d.j.<Companyname>TibcoSSL: SSL JMS Server URL not found in url: 
2018-04-12 14:49:50,968 INFO c.f.m.d.j.Ldap: No SSL properties will be applied.
2018-04-12 14:49:50,972 INFO c.f.m.d.j.<Companyname>JmsVirtualConnectionFactory: Creating single QueueConnectionFactory connectionFactory for server URL: tcp://mitvis01.ground.<Companyname>.com:48202
2018-04-12 14:49:50,979 INFO c.f.m.d.j.Ldap: Attempting lookup on name: fxClientDestinationUID=D.FXGSHIP.FXG.ACTIVEPKG.FXSP_GATEWAYSPLITTER_7525 Using url: ldap://apptstldap.corp.<Companyname>.com/ou=messaging,dc=corp,dc=<Companyname>,dc=com
2018-04-12 14:49:51,114 INFO c.f.m.d.j.Ldap: Ldap.unlockAtrributesFile: unlocking lock file: C:\Users\5291077\AppData\Local\Temp\LDAP_cache_for_5291077_from_ldap___apptstldap_corp_<Companyname>_com_ou_messaging_dc_corp_dc_<Companyname>_dc_com\fxClientDestinationUID_D.FXGSHIP.FXG.ACTIVEPKG.FXSP_GATEWAYSPLITTER_7525.ldif.lock in thread: LoadTestSplitter 1-1
2018-04-12 14:49:51,231 ERROR c.f.m.d.j.<Companyname>JmsVirtualConnectionFactory: Caught exception: javax.jms.JMSSecurityException: invalid name or password
2018-04-12 14:49:51,231 INFO c.f.m.d.j.<Companyname>JmsVirtualConnectionFactory: Connection status size = 1
2018-04-12 14:49:51,231 INFO c.f.m.d.j.<Companyname>JmsVirtualConnectionFactory: Checking connected(0.0) vs threshold(0.5)
2018-04-12 14:49:51,231 ERROR o.a.j.p.j.s.JMSSampler: invalid name or password
javax.jms.JMSSecurityException: invalid name or password
	at com.tibco.tibjms.Tibjmsx.buildException(Tibjmsx.java:586) ~[tibjms-6.1.0.jar:6.1.0]
	at com.tibco.tibjms.TibjmsConnection._create(TibjmsConnection.java:1344) ~[tibjms-6.1.0.jar:6.1.0]
	at com.tibco.tibjms.TibjmsConnection.<init>(TibjmsConnection.java:4182) ~[tibjms-6.1.0.jar:6.1.0]
	at com.tibco.tibjms.TibjmsQueueConnection.<init>(TibjmsQueueConnection.java:36) ~[tibjms-6.1.0.jar:6.1.0]
	at com.tibco.tibjms.TibjmsxCFImpl._createImpl(TibjmsxCFImpl.java:200) ~[tibjms-6.1.0.jar:6.1.0]
	at com.tibco.tibjms.TibjmsxCFImpl._createConnection(TibjmsxCFImpl.java:253) ~[tibjms-6.1.0.jar:6.1.0]
	at com.tibco.tibjms.TibjmsQueueConnectionFactory.createQueueConnection(TibjmsQueueConnectionFactory.java:65) ~[tibjms-6.1.0.jar:6.1.0]
	at com.<Companyname>.mi.decorator.jms.<Companyname>JmsVirtualConnectionFactory.addConnectionAtIndex(<Companyname>JmsVirtualConnectionFactory.java:376) ~[<Companyname>jms-7.1.2.jar:?]
	at com.<Companyname>.mi.decorator.jms.<Companyname>JmsVirtualConnectionFactory.createConnectionVariant(<Companyname>JmsVirtualConnectionFactory.java:281) ~[<Companyname>jms-7.1.2.jar:?]
	at com.<Companyname>.mi.decorator.jms.<Companyname>JmsVirtualQueueConnectionFactory.createQueueConnection(<Companyname>JmsVirtualQueueConnectionFactory.java:59) ~[<Companyname>jms-7.1.2.jar:?]
	at org.apache.jmeter.protocol.jms.sampler.JMSSampler.threadStarted(JMSSampler.java:355) [ApacheJMeter_jms.jar:3.2 r1790748]
	at org.apache.jmeter.threads.JMeterThread$ThreadListenerTraverser.addNode(JMeterThread.java:677) [ApacheJMeter_core.jar:3.2 r1790748]
	at org.apache.jorphan.collections.HashTree.traverseInto(HashTree.java:996) [jorphan.jar:3.2 r1790748]
	at org.apache.jorphan.collections.HashTree.traverse(HashTree.java:978) [jorphan.jar:3.2 r1790748]
	at org.apache.jmeter.threads.JMeterThread.threadStarted(JMeterThread.java:646) [ApacheJMeter_core.jar:3.2 r1790748]
	at org.apache.jmeter.threads.JMeterThread.initRun(JMeterThread.java:634) [ApacheJMeter_core.jar:3.2 r1790748]
	at org.apache.jmeter.threads.JMeterThread.run(JMeterThread.java:250) [ApacheJMeter_core.jar:3.2 r1790748]
	at java.lang.Thread.run(Unknown Source) [?:1.8.0_161]
2018-04-12 14:49:51,233 WARN o.a.j.p.j.s.JMSSampler: Session may not be null while creating message
java.lang.IllegalStateException: Session may not be null while creating message
	at org.apache.jmeter.protocol.jms.sampler.JMSSampler.createMessage(JMSSampler.java:189) ~[ApacheJMeter_jms.jar:3.2 r1790748]
	at org.apache.jmeter.protocol.jms.sampler.JMSSampler.sample(JMSSampler.java:145) [ApacheJMeter_jms.jar:3.2 r1790748]
	at org.apache.jmeter.threads.JMeterThread.executeSamplePackage(JMeterThread.java:491) [ApacheJMeter_core.jar:3.2 r1790748]
	at org.apache.jmeter.threads.JMeterThread.processSampler(JMeterThread.java:425) [ApacheJMeter_core.jar:3.2 r1790748]
	at org.apache.jmeter.threads.JMeterThread.run(JMeterThread.java:254) [ApacheJMeter_core.jar:3.2 r1790748]
	at java.lang.Thread.run(Unknown Source) [?:1.8.0_161]
2018-04-12 14:49:51,233 INFO o.a.j.t.JMeterThread: Thread is done: LoadTestSplitter 1-1
2018-04-12 14:49:51,233 INFO o.a.j.t.JMeterThread: Thread finished: LoadTestSplitter 1-1
2018-04-12 14:49:51,234 INFO o.a.j.e.StandardJMeterEngine: Notifying test listeners of end of test
2018-04-12 14:49:51,234 INFO o.a.j.g.u.JMeterMenuBar: setRunning(false, *local*)
2018-04-12 14:50:31,448 INFO o.a.j.e.StandardJMeterEngine: Running the test!
2018-04-12 14:50:31,448 INFO o.a.j.s.SampleEvent: List of sample_variables: []
2018-04-12 14:50:31,464 INFO o.a.j.g.u.JMeterMenuBar: setRunning(true, *local*)
2018-04-12 14:50:31,542 INFO o.a.j.e.StandardJMeterEngine: Starting ThreadGroup: 1 : LoadTestSplitter
2018-04-12 14:50:31,542 INFO o.a.j.e.StandardJMeterEngine: Starting 1 threads for group LoadTestSplitter.
2018-04-12 14:50:31,542 INFO o.a.j.e.StandardJMeterEngine: Thread will continue on error
2018-04-12 14:50:31,542 INFO o.a.j.t.ThreadGroup: Starting thread group... number=1 threads=1 ramp-up=1 perThread=1000.0 delayedStart=false
2018-04-12 14:50:31,542 INFO o.a.j.t.ThreadGroup: Started thread group number 1
2018-04-12 14:50:31,542 INFO o.a.j.e.StandardJMeterEngine: All thread groups have been started
2018-04-12 14:50:31,542 INFO o.a.j.t.JMeterThread: Thread started: LoadTestSplitter 1-1
2018-04-12 14:50:31,542 ERROR o.a.j.p.j.s.JMSSampler: Need to specify class name in environment or system property, or as an applet parameter, or in an application resource file:  java.naming.factory.initial
javax.naming.NoInitialContextException: Need to specify class name in environment or system property, or as an applet parameter, or in an application resource file:  java.naming.factory.initial
	at javax.naming.spi.NamingManager.getInitialContext(Unknown Source) ~[?:1.8.0_161]
	at javax.naming.InitialContext.getDefaultInitCtx(Unknown Source) ~[?:1.8.0_161]
	at javax.naming.InitialContext.getURLOrDefaultInitCtx(Unknown Source) ~[?:1.8.0_161]
	at javax.naming.InitialContext.lookup(Unknown Source) ~[?:1.8.0_161]
	at org.apache.jmeter.protocol.jms.sampler.JMSSampler.threadStarted(JMSSampler.java:329) [ApacheJMeter_jms.jar:3.2 r1790748]
	at org.apache.jmeter.threads.JMeterThread$ThreadListenerTraverser.addNode(JMeterThread.java:677) [ApacheJMeter_core.jar:3.2 r1790748]
	at org.apache.jorphan.collections.HashTree.traverseInto(HashTree.java:996) [jorphan.jar:3.2 r1790748]
	at org.apache.jorphan.collections.HashTree.traverse(HashTree.java:978) [jorphan.jar:3.2 r1790748]
	at org.apache.jmeter.threads.JMeterThread.threadStarted(JMeterThread.java:646) [ApacheJMeter_core.jar:3.2 r1790748]
	at org.apache.jmeter.threads.JMeterThread.initRun(JMeterThread.java:634) [ApacheJMeter_core.jar:3.2 r1790748]
	at org.apache.jmeter.threads.JMeterThread.run(JMeterThread.java:250) [ApacheJMeter_core.jar:3.2 r1790748]
	at java.lang.Thread.run(Unknown Source) [?:1.8.0_161]
2018-04-12 14:50:31,542 WARN o.a.j.p.j.s.JMSSampler: Session may not be null while creating message
java.lang.IllegalStateException: Session may not be null while creating message
	at org.apache.jmeter.protocol.jms.sampler.JMSSampler.createMessage(JMSSampler.java:189) ~[ApacheJMeter_jms.jar:3.2 r1790748]
	at org.apache.jmeter.protocol.jms.sampler.JMSSampler.sample(JMSSampler.java:145) [ApacheJMeter_jms.jar:3.2 r1790748]
	at org.apache.jmeter.threads.JMeterThread.executeSamplePackage(JMeterThread.java:491) [ApacheJMeter_core.jar:3.2 r1790748]
	at org.apache.jmeter.threads.JMeterThread.processSampler(JMeterThread.java:425) [ApacheJMeter_core.jar:3.2 r1790748]
	at org.apache.jmeter.threads.JMeterThread.run(JMeterThread.java:254) [ApacheJMeter_core.jar:3.2 r1790748]
	at java.lang.Thread.run(Unknown Source) [?:1.8.0_161]
2018-04-12 14:50:31,542 INFO o.a.j.t.JMeterThread: Thread is done: LoadTestSplitter 1-1
2018-04-12 14:50:31,542 INFO o.a.j.t.JMeterThread: Thread finished: LoadTestSplitter 1-1
2018-04-12 14:50:31,542 INFO o.a.j.e.StandardJMeterEngine: Notifying test listeners of end of test
2018-04-12 14:50:31,542 INFO o.a.j.g.u.JMeterMenuBar: setRunning(false, *local*)
2018-04-12 14:58:33,436 INFO o.a.j.e.StandardJMeterEngine: Running the test!
2018-04-12 14:58:33,436 INFO o.a.j.s.SampleEvent: List of sample_variables: []
2018-04-12 14:58:33,436 INFO o.a.j.g.u.JMeterMenuBar: setRunning(true, *local*)
2018-04-12 14:58:33,451 INFO o.a.j.e.StandardJMeterEngine: Starting ThreadGroup: 1 : LoadTestSplitter
2018-04-12 14:58:33,451 INFO o.a.j.e.StandardJMeterEngine: Starting 1 threads for group LoadTestSplitter.
2018-04-12 14:58:33,451 INFO o.a.j.e.StandardJMeterEngine: Thread will continue on error
2018-04-12 14:58:33,451 INFO o.a.j.t.ThreadGroup: Starting thread group... number=1 threads=1 ramp-up=1 perThread=1000.0 delayedStart=false
2018-04-12 14:58:33,451 INFO o.a.j.t.ThreadGroup: Started thread group number 1
2018-04-12 14:58:33,451 INFO o.a.j.e.StandardJMeterEngine: All thread groups have been started
2018-04-12 14:58:33,451 INFO o.a.j.t.JMeterThread: Thread started: LoadTestSplitter 1-1
2018-04-12 14:58:33,451 INFO c.f.m.d.j.<Companyname>TibcoInitialContext: InitalContext Envirnonment: {java.naming.provider.url=ldap://apptstldap.corp.<Companyname>.com/ou=messaging,dc=corp,dc=<Companyname>,dc=com, java.naming.factory.initial=com.<Companyname>.mi.decorator.jms.<Companyname>TibcoInitialContext}
2018-04-12 14:58:33,451 INFO c.f.m.d.j.Ldap: Attempting lookup on name: fxClientUID=VS.FXGSHIP.FXG.ACTIVEPKG.QCF.L2 Using url: ldap://apptstldap.corp.<Companyname>.com/ou=messaging,dc=corp,dc=<Companyname>,dc=com
2018-04-12 14:58:33,576 INFO c.f.m.d.j.Ldap: Found fxJMSClientServerDestRef: VE.EMS05.MITVIS01.GROUND.<Companyname>.COM
2018-04-12 14:58:33,608 INFO c.f.m.d.j.Ldap: Found fxJMSClientServerDestUID: {objectclass=objectClass: fxJMSClientServerDest, top, fxjmsclientserverdestuid=fxJMSClientServerDestUID: VE.EMS05.MITVIS01.GROUND.<Companyname>.COM, fxjmsclientserverurl=fxJMSClientServerURL: tcp://mitvis01.ground.<Companyname>.com:49208}
2018-04-12 14:58:33,623 INFO c.f.m.d.j.Ldap: fxClient type is Virtual.
2018-04-12 14:58:33,623 INFO c.f.m.d.j.fxObject: fxJMSClientProperties not found. If applicable, using the following default: shutdownHookWaitInSeconds=5
2018-04-12 14:58:33,623 INFO c.f.m.d.j.fxObject: javax.jms.Session ACK Mode is set to: com.tibco.tibjms.Tibjms.EXPLICIT_CLIENT_ACKNOWLEDGE User cannont override this value.
2018-04-12 14:58:33,623 INFO c.f.m.d.j.fxObject: Using fxClientTimeToLive : 0 milliseconds. Messages will live forever or until consumed or explicitly purged.
2018-04-12 14:58:33,623 INFO c.f.m.d.j.fxObject: fxJMSClientPreserveUndelivered : true -- Tibco specific message property set by <Companyname>jms decorator. This property will place expired/undeliverable queue messages into a special system queue for possible later retrival.
2018-04-12 14:58:33,623 INFO c.f.m.d.j.fxObject: fxJMSClientDeliveryMode=PERSISTENT
2018-04-12 14:58:33,623 INFO c.f.m.d.j.fxObject: Set jmsClientPriority: 4 Users may override this value
2018-04-12 14:58:33,623 INFO c.f.m.d.j.<Companyname>JmsVirtualDistribution: Using REFRESH FROM LDAP INTERVAL  : 1800000 milli seconds.
2018-04-12 14:58:33,623 INFO c.f.m.d.j.<Companyname>JmsVirtualDistribution: Using ATTEMPT RECONNECT INTERVAL  : 60000 milli seconds.
2018-04-12 14:58:33,623 INFO c.f.m.d.j.<Companyname>JmsVirtualDistribution: Using HIDE FAILED CONNECTION THRESHOLD  : 50.0%.
2018-04-12 14:58:33,623 INFO c.f.m.d.j.<Companyname>JmsVirtualDistribution: Using LOAD DISTRIBUTION METHOD  : RoundRobin
2018-04-12 14:58:33,623 INFO c.f.m.d.j.<Companyname>JmsVirtualDistribution: Using FX CLIENT DISTRIBUTE TO TOPIC ALL OR SINGLE  : SingleViaRoundRobin
2018-04-12 14:58:33,623 INFO c.f.m.d.j.<Companyname>JmsVirtualDistribution: Using STARVED CONSUMER FORAGE TIMEOUT: 1000
2018-04-12 14:58:33,623 INFO c.f.m.d.j.<Companyname>JmsVirtualDistribution: Using ENFORCE JMS SERVER TO DESTINATION CORRELATION FLAG: false
2018-04-12 14:58:33,623 INFO c.f.m.d.j.<Companyname>JmsVirtualDistribution: Using ALLOW DISTRIBUTED TOPIC SUBSCRIBERS FLAG: false
2018-04-12 14:58:33,623 INFO c.f.m.d.j.<Companyname>JmsVirtualDistribution: Validated VIRTUAL ENDPOINT with URL = tcp://mitvis01.ground.<Companyname>.com:49208 and Dest = null
2018-04-12 14:58:33,623 INFO c.f.m.d.j.Ldap: Ldap.unlockAtrributesFile: unlocking lock file: C:\Users\5291077\AppData\Local\Temp\LDAP_cache_for_5291077_from_ldap___apptstldap_corp_<Companyname>_com_ou_messaging_dc_corp_dc_<Companyname>_dc_com\fxClientUID_VS.FXGSHIP.FXG.ACTIVEPKG.QCF.L2.ldif.lock in thread: LoadTestSplitter 1-1
2018-04-12 14:58:33,639 INFO c.f.m.d.j.Ldap: Ldap.unlockAtrributesFile: unlocking lock file: C:\Users\5291077\AppData\Local\Temp\LDAP_cache_for_5291077_from_ldap___apptstldap_corp_<Companyname>_com_ou_messaging_dc_corp_dc_<Companyname>_dc_com\fxJMSClientServerDestUID_VE.EMS05.MITVIS01.GROUND.<Companyname>.COM.ldif.lock in thread: LoadTestSplitter 1-1
2018-04-12 14:58:33,639 INFO c.f.m.d.j.<Companyname>TibcoSSL: SSL JMS Server URL not found in url: 
2018-04-12 14:58:33,639 INFO c.f.m.d.j.Ldap: No SSL properties will be applied.
2018-04-12 14:58:33,639 INFO c.f.m.d.j.<Companyname>JmsVirtualConnectionFactory: Creating single QueueConnectionFactory connectionFactory for server URL: tcp://mitvis01.ground.<Companyname>.com:49208
2018-04-12 14:58:33,701 ERROR c.f.m.d.j.<Companyname>JmsVirtualConnectionFactory: Caught exception: javax.jms.JMSSecurityException: invalid name or password
2018-04-12 14:58:33,701 INFO c.f.m.d.j.<Companyname>JmsVirtualConnectionFactory: Connection status size = 1
2018-04-12 14:58:33,701 INFO c.f.m.d.j.<Companyname>JmsVirtualConnectionFactory: Checking connected(0.0) vs threshold(0.5)
2018-04-12 14:58:33,717 INFO o.a.j.t.JMeterThread: Thread is done: LoadTestSplitter 1-1
2018-04-12 14:58:33,717 INFO o.a.j.t.JMeterThread: Thread finished: LoadTestSplitter 1-1
2018-04-12 14:58:33,717 INFO o.a.j.e.StandardJMeterEngine: Notifying test listeners of end of test
2018-04-12 14:58:33,717 INFO o.a.j.p.j.c.InitialContextFactory: InitialContextFactory.close() called and Context instances cleaned up
2018-04-12 14:58:33,717 INFO o.a.j.g.u.JMeterMenuBar: setRunning(false, *local*)
2018-04-12 15:01:52,564 INFO o.a.j.e.StandardJMeterEngine: Running the test!
2018-04-12 15:01:52,564 INFO o.a.j.s.SampleEvent: List of sample_variables: []
2018-04-12 15:01:52,564 INFO o.a.j.g.u.JMeterMenuBar: setRunning(true, *local*)
2018-04-12 15:01:52,579 INFO o.a.j.e.StandardJMeterEngine: Starting ThreadGroup: 1 : LoadTestSplitter
2018-04-12 15:01:52,579 INFO o.a.j.e.StandardJMeterEngine: Starting 1 threads for group LoadTestSplitter.
2018-04-12 15:01:52,579 INFO o.a.j.e.StandardJMeterEngine: Thread will continue on error
2018-04-12 15:01:52,579 INFO o.a.j.t.ThreadGroup: Starting thread group... number=1 threads=1 ramp-up=1 perThread=1000.0 delayedStart=false
2018-04-12 15:01:52,579 INFO o.a.j.t.ThreadGroup: Started thread group number 1
2018-04-12 15:01:52,579 INFO o.a.j.e.StandardJMeterEngine: All thread groups have been started
2018-04-12 15:01:52,579 INFO o.a.j.t.JMeterThread: Thread started: LoadTestSplitter 1-1
2018-04-12 15:01:52,579 INFO o.a.j.p.j.c.InitialContextFactory: authentication properties set
2018-04-12 15:01:52,579 INFO c.f.m.d.j.<Companyname>TibcoInitialContext: InitalContext Envirnonment: {java.naming.provider.url=ldap://apptstldap.corp.<Companyname>.com/ou=messaging,dc=corp,dc=<Companyname>,dc=com, java.naming.factory.initial=com.<Companyname>.mi.decorator.jms.<Companyname>TibcoInitialContext, java.naming.security.principal=FXSP-SHIPM-7525, java.naming.security.credentials=LCgZ8FHqNqtIf4iOgYGfVq2cpTuk}
2018-04-12 15:01:52,579 INFO c.f.m.d.j.Ldap: Attempting lookup on name: fxClientUID=VS.FXGSHIP.FXG.ACTIVEPKG.QCF.L2 Using url: ldap://apptstldap.corp.<Companyname>.com/ou=messaging,dc=corp,dc=<Companyname>,dc=com
2018-04-12 15:01:52,705 INFO c.f.m.d.j.Ldap: Found fxJMSClientServerDestRef: VE.EMS05.MITVIS01.GROUND.<Companyname>.COM
2018-04-12 15:01:52,752 INFO c.f.m.d.j.Ldap: Found fxJMSClientServerDestUID: {objectclass=objectClass: fxJMSClientServerDest, top, fxjmsclientserverdestuid=fxJMSClientServerDestUID: VE.EMS05.MITVIS01.GROUND.<Companyname>.COM, fxjmsclientserverurl=fxJMSClientServerURL: tcp://mitvis01.ground.<Companyname>.com:49208}
2018-04-12 15:01:52,752 INFO c.f.m.d.j.Ldap: fxClient type is Virtual.
2018-04-12 15:01:52,752 INFO c.f.m.d.j.fxObject: fxJMSClientProperties not found. If applicable, using the following default: shutdownHookWaitInSeconds=5
2018-04-12 15:01:52,752 INFO c.f.m.d.j.fxObject: javax.jms.Session ACK Mode is set to: com.tibco.tibjms.Tibjms.EXPLICIT_CLIENT_ACKNOWLEDGE User cannont override this value.
2018-04-12 15:01:52,752 INFO c.f.m.d.j.fxObject: Using fxClientTimeToLive : 0 milliseconds. Messages will live forever or until consumed or explicitly purged.
2018-04-12 15:01:52,752 INFO c.f.m.d.j.fxObject: fxJMSClientPreserveUndelivered : true -- Tibco specific message property set by <Companyname>jms decorator. This property will place expired/undeliverable queue messages into a special system queue for possible later retrival.
2018-04-12 15:01:52,752 INFO c.f.m.d.j.fxObject: fxJMSClientDeliveryMode=PERSISTENT
2018-04-12 15:01:52,752 INFO c.f.m.d.j.fxObject: Set jmsClientPriority: 4 Users may override this value
2018-04-12 15:01:52,752 INFO c.f.m.d.j.<Companyname>JmsVirtualDistribution: Using REFRESH FROM LDAP INTERVAL  : 1800000 milli seconds.
2018-04-12 15:01:52,752 INFO c.f.m.d.j.<Companyname>JmsVirtualDistribution: Using ATTEMPT RECONNECT INTERVAL  : 60000 milli seconds.
2018-04-12 15:01:52,752 INFO c.f.m.d.j.<Companyname>JmsVirtualDistribution: Using HIDE FAILED CONNECTION THRESHOLD  : 50.0%.
2018-04-12 15:01:52,752 INFO c.f.m.d.j.<Companyname>JmsVirtualDistribution: Using LOAD DISTRIBUTION METHOD  : RoundRobin
2018-04-12 15:01:52,752 INFO c.f.m.d.j.<Companyname>JmsVirtualDistribution: Using FX CLIENT DISTRIBUTE TO TOPIC ALL OR SINGLE  : SingleViaRoundRobin
2018-04-12 15:01:52,752 INFO c.f.m.d.j.<Companyname>JmsVirtualDistribution: Using STARVED CONSUMER FORAGE TIMEOUT: 1000
2018-04-12 15:01:52,752 INFO c.f.m.d.j.<Companyname>JmsVirtualDistribution: Using ENFORCE JMS SERVER TO DESTINATION CORRELATION FLAG: false
2018-04-12 15:01:52,752 INFO c.f.m.d.j.<Companyname>JmsVirtualDistribution: Using ALLOW DISTRIBUTED TOPIC SUBSCRIBERS FLAG: false
2018-04-12 15:01:52,752 INFO c.f.m.d.j.<Companyname>JmsVirtualDistribution: Validated VIRTUAL ENDPOINT with URL = tcp://mitvis01.ground.<Companyname>.com:49208 and Dest = null
2018-04-12 15:01:52,767 INFO c.f.m.d.j.Ldap: Ldap.unlockAtrributesFile: unlocking lock file: C:\Users\5291077\AppData\Local\Temp\LDAP_cache_for_5291077_from_ldap___apptstldap_corp_<Companyname>_com_ou_messaging_dc_corp_dc_<Companyname>_dc_com\fxClientUID_VS.FXGSHIP.FXG.ACTIVEPKG.QCF.L2.ldif.lock in thread: LoadTestSplitter 1-1
2018-04-12 15:01:52,783 INFO c.f.m.d.j.Ldap: Ldap.unlockAtrributesFile: unlocking lock file: C:\Users\5291077\AppData\Local\Temp\LDAP_cache_for_5291077_from_ldap___apptstldap_corp_<Companyname>_com_ou_messaging_dc_corp_dc_<Companyname>_dc_com\fxJMSClientServerDestUID_VE.EMS05.MITVIS01.GROUND.<Companyname>.COM.ldif.lock in thread: LoadTestSplitter 1-1
2018-04-12 15:01:52,783 INFO c.f.m.d.j.<Companyname>TibcoSSL: SSL JMS Server URL not found in url: 
2018-04-12 15:01:52,783 INFO c.f.m.d.j.Ldap: No SSL properties will be applied.
2018-04-12 15:01:52,783 INFO c.f.m.d.j.<Companyname>JmsVirtualConnectionFactory: Creating single QueueConnectionFactory connectionFactory for server URL: tcp://mitvis01.ground.<Companyname>.com:49208
2018-04-12 15:01:52,845 ERROR c.f.m.d.j.<Companyname>JmsVirtualConnectionFactory: Caught exception: javax.jms.JMSSecurityException: invalid name or password
2018-04-12 15:01:52,845 INFO c.f.m.d.j.<Companyname>JmsVirtualConnectionFactory: Connection status size = 1
2018-04-12 15:01:52,845 INFO c.f.m.d.j.<Companyname>JmsVirtualConnectionFactory: Checking connected(0.0) vs threshold(0.5)
2018-04-12 15:01:52,845 INFO o.a.j.t.JMeterThread: Thread is done: LoadTestSplitter 1-1
2018-04-12 15:01:52,845 INFO o.a.j.t.JMeterThread: Thread finished: LoadTestSplitter 1-1
2018-04-12 15:01:52,861 INFO o.a.j.e.StandardJMeterEngine: Notifying test listeners of end of test
2018-04-12 15:01:52,861 INFO o.a.j.p.j.c.InitialContextFactory: InitialContextFactory.close() called and Context instances cleaned up
2018-04-12 15:01:52,861 INFO o.a.j.g.u.JMeterMenuBar: setRunning(false, *local*)
2018-04-12 15:11:27,294 INFO o.a.j.g.a.Load: Loading file: C:\apache-jmeter-3.2\bin\loadtestTibcoJMSQueue.jmx
2018-04-12 15:11:27,294 INFO o.a.j.s.FileServer: Set new base='C:\apache-jmeter-3.2\bin'
2018-04-12 15:11:27,294 INFO o.a.j.s.SaveService: Loading file: C:\apache-jmeter-3.2\bin\loadtestTibcoJMSQueue.jmx
2018-04-12 15:11:27,356 INFO o.a.j.s.FileServer: Set new base='C:\apache-jmeter-3.2\bin'
2018-04-12 15:12:32,504 INFO o.a.j.e.StandardJMeterEngine: Running the test!
2018-04-12 15:12:32,504 INFO o.a.j.s.SampleEvent: List of sample_variables: []
2018-04-12 15:12:32,504 INFO o.a.j.g.u.JMeterMenuBar: setRunning(true, *local*)
2018-04-12 15:12:32,520 INFO o.a.j.e.StandardJMeterEngine: Starting ThreadGroup: 1 : LoadTestSplitter
2018-04-12 15:12:32,520 INFO o.a.j.e.StandardJMeterEngine: Starting 1 threads for group LoadTestSplitter.
2018-04-12 15:12:32,520 INFO o.a.j.e.StandardJMeterEngine: Thread will continue on error
2018-04-12 15:12:32,520 INFO o.a.j.t.ThreadGroup: Starting thread group... number=1 threads=1 ramp-up=1 perThread=1000.0 delayedStart=false
2018-04-12 15:12:32,520 INFO o.a.j.t.ThreadGroup: Started thread group number 1
2018-04-12 15:12:32,534 INFO o.a.j.e.StandardJMeterEngine: All thread groups have been started
2018-04-12 15:12:32,537 INFO o.a.j.t.JMeterThread: Thread started: LoadTestSplitter 1-1
2018-04-12 15:12:32,537 INFO o.a.j.p.j.c.InitialContextFactory: authentication properties set
2018-04-12 15:12:32,537 INFO o.a.j.t.JMeterThread: Thread is done: LoadTestSplitter 1-1
2018-04-12 15:12:32,537 INFO o.a.j.t.JMeterThread: Thread finished: LoadTestSplitter 1-1
2018-04-12 15:12:32,537 INFO o.a.j.e.StandardJMeterEngine: Notifying test listeners of end of test
2018-04-12 15:12:32,537 INFO o.a.j.p.j.c.InitialContextFactory: InitialContextFactory.close() called and Context instances cleaned up
2018-04-12 15:12:32,537 INFO o.a.j.g.u.JMeterMenuBar: setRunning(false, *local*)
2018-04-12 15:13:47,698 INFO o.a.j.e.StandardJMeterEngine: Running the test!
2018-04-12 15:13:47,698 INFO o.a.j.s.SampleEvent: List of sample_variables: []
2018-04-12 15:13:47,698 INFO o.a.j.g.u.JMeterMenuBar: setRunning(true, *local*)
2018-04-12 15:13:47,713 INFO o.a.j.e.StandardJMeterEngine: Starting ThreadGroup: 1 : LoadTestSplitter
2018-04-12 15:13:47,713 INFO o.a.j.e.StandardJMeterEngine: Starting 1 threads for group LoadTestSplitter.
2018-04-12 15:13:47,713 INFO o.a.j.e.StandardJMeterEngine: Thread will continue on error
2018-04-12 15:13:47,713 INFO o.a.j.t.ThreadGroup: Starting thread group... number=1 threads=1 ramp-up=1 perThread=1000.0 delayedStart=false
2018-04-12 15:13:47,713 INFO o.a.j.t.ThreadGroup: Started thread group number 1
2018-04-12 15:13:47,713 INFO o.a.j.e.StandardJMeterEngine: All thread groups have been started
2018-04-12 15:13:47,713 INFO o.a.j.t.JMeterThread: Thread started: LoadTestSplitter 1-1
2018-04-12 15:13:47,713 INFO o.a.j.p.j.c.InitialContextFactory: authentication properties set
2018-04-12 15:13:47,713 INFO o.a.j.t.JMeterThread: Thread is done: LoadTestSplitter 1-1
2018-04-12 15:13:47,713 INFO o.a.j.t.JMeterThread: Thread finished: LoadTestSplitter 1-1
2018-04-12 15:13:47,713 INFO o.a.j.e.StandardJMeterEngine: Notifying test listeners of end of test
2018-04-12 15:13:47,713 INFO o.a.j.p.j.c.InitialContextFactory: InitialContextFactory.close() called and Context instances cleaned up
2018-04-12 15:13:47,713 INFO o.a.j.g.u.JMeterMenuBar: setRunning(false, *local*)
