2014/01/08 10:56:00 INFO  - jmeter.util.JMeterUtils: Setting Locale to en_US 
2014/01/08 10:56:01 INFO  - jmeter.JMeter: Loading user properties from: C:\Users\lmaragnani\Programs\apache-jmeter-2.11\bin\user.properties 
2014/01/08 10:56:01 INFO  - jmeter.JMeter: Loading system properties from: C:\Users\lmaragnani\Programs\apache-jmeter-2.11\bin\system.properties 
2014/01/08 10:56:01 INFO  - jmeter.JMeter: Copyright (c) 1998-2014 The Apache Software Foundation 
2014/01/08 10:56:01 INFO  - jmeter.JMeter: Version 2.11 r1554548 
2014/01/08 10:56:01 INFO  - jmeter.JMeter: java.version=1.7.0_45 
2014/01/08 10:56:01 INFO  - jmeter.JMeter: java.vm.name=Java HotSpot(TM) Client VM 
2014/01/08 10:56:01 INFO  - jmeter.JMeter: os.name=Windows 7 
2014/01/08 10:56:01 INFO  - jmeter.JMeter: os.arch=x86 
2014/01/08 10:56:01 INFO  - jmeter.JMeter: os.version=6.1 
2014/01/08 10:56:01 INFO  - jmeter.JMeter: file.encoding=Cp1252 
2014/01/08 10:56:01 INFO  - jmeter.JMeter: Default Locale=English (United States) 
2014/01/08 10:56:01 INFO  - jmeter.JMeter: JMeter  Locale=English (United States) 
2014/01/08 10:56:01 INFO  - jmeter.JMeter: JMeterHome=C:\Users\lmaragnani\Programs\apache-jmeter-2.11 
2014/01/08 10:56:01 INFO  - jmeter.JMeter: user.dir  =C:\Users\lmaragnani\Programs\apache-jmeter-2.11\bin 
2014/01/08 10:56:01 INFO  - jmeter.JMeter: PWD       =C:\Users\lmaragnani\Programs\apache-jmeter-2.11\bin 
2014/01/08 10:56:01 INFO  - jmeter.JMeter: IP: 10.24.26.13 Name: lmarag-d7l FullName: lmarag-d7l.fastwebit.ofc 
2014/01/08 10:56:01 INFO  - jmeter.JMeter: Loaded icon properties from org/apache/jmeter/images/icon.properties 
2014/01/08 10:56:01 INFO  - jmeter.engine.util.CompoundVariable: Note: Function class names must contain the string: '.functions.' 
2014/01/08 10:56:01 INFO  - jmeter.engine.util.CompoundVariable: Note: Function class names must not contain the string: '.gui.' 
2014/01/08 10:56:02 INFO  - jmeter.gui.action.LookAndFeelCommand: Using look and feel: javax.swing.plaf.metal.MetalLookAndFeel [Metal, CrossPlatform] 
2014/01/08 10:56:03 INFO  - jmeter.util.BSFTestElement: Registering JMeter version of JavaScript engine as work-round for BSF-22 
2014/01/08 10:56:03 INFO  - jmeter.protocol.http.sampler.HTTPSamplerBase: Cannot find .className property for htmlParser, using default 
2014/01/08 10:56:03 INFO  - jmeter.protocol.http.sampler.HTTPSamplerBase: Parser for text/html is  
2014/01/08 10:56:03 INFO  - jmeter.protocol.http.sampler.HTTPSamplerBase: Parser for application/xhtml+xml is  
2014/01/08 10:56:03 INFO  - jmeter.protocol.http.sampler.HTTPSamplerBase: Parser for application/xml is  
2014/01/08 10:56:03 INFO  - jmeter.protocol.http.sampler.HTTPSamplerBase: Parser for text/xml is  
2014/01/08 10:56:03 INFO  - jmeter.protocol.http.sampler.HTTPSamplerBase: Parser for text/vnd.wap.wml is org.apache.jmeter.protocol.http.parser.RegexpHTMLParser 
2014/01/08 10:56:03 INFO  - jmeter.gui.util.MenuFactory: Skipping org.apache.jmeter.protocol.http.control.gui.WebServiceSamplerGui 
2014/01/08 10:56:03 INFO  - jmeter.gui.util.MenuFactory: Skipping org.apache.jmeter.protocol.http.modifier.gui.ParamModifierGui 
2014/01/08 10:56:04 INFO  - jorphan.exec.KeyToolUtils: keytool found at 'C:\Program Files\Java\jre7\bin\keytool' 
2014/01/08 10:56:04 INFO  - jmeter.protocol.http.proxy.ProxyControl: HTTP(S) Test Script Recorder SSL Proxy will use keys that support embedded 3rd party resources in file C:\Users\lmaragnani\Programs\apache-jmeter-2.11\bin\proxyserver.jks 
2014/01/08 10:56:05 INFO  - jmeter.samplers.SampleResult: Note: Sample TimeStamps are START times 
2014/01/08 10:56:05 INFO  - jmeter.samplers.SampleResult: sampleresult.default.encoding is set to ISO-8859-1 
2014/01/08 10:56:05 INFO  - jmeter.samplers.SampleResult: sampleresult.useNanoTime=true 
2014/01/08 10:56:05 INFO  - jmeter.samplers.SampleResult: sampleresult.nanoThreadSleep=5000 
2014/01/08 10:56:10 INFO  - jmeter.services.FileServer: Default base='C:\Users\lmaragnani\Programs\apache-jmeter-2.11\bin' 
2014/01/08 10:56:10 INFO  - jmeter.gui.action.Load: Loading file: C:\Users\lmaragnani\Desktop\Debug - JDBC Request.jmx 
2014/01/08 10:56:10 INFO  - jmeter.services.FileServer: Set new base='C:\Users\lmaragnani\Desktop' 
2014/01/08 10:56:10 INFO  - jmeter.save.SaveService: Testplan (JMX) version: 2.2. Testlog (JTL) version: 2.2 
2014/01/08 10:56:10 INFO  - jmeter.save.SaveService: Using SaveService properties file encoding UTF-8 
2014/01/08 10:56:10 INFO  - jmeter.save.SaveService: Using SaveService properties version 2.6 
2014/01/08 10:56:10 INFO  - jmeter.save.SaveService: Using SaveService properties file version 1554411 
2014/01/08 10:56:10 INFO  - jmeter.save.SaveService: All converter versions present and correct 
2014/01/08 10:56:10 INFO  - jmeter.services.FileServer: Set new base='C:\Users\lmaragnani\Desktop' 
2014/01/08 10:56:13 INFO  - jmeter.engine.StandardJMeterEngine: Listeners will be started after enabling running version 
2014/01/08 10:56:13 INFO  - jmeter.engine.StandardJMeterEngine: To revert to the earlier behaviour, define jmeterengine.startlistenerslater=false 
2014/01/08 10:56:13 INFO  - jmeter.engine.StandardJMeterEngine: Running the test! 
2014/01/08 10:56:13 INFO  - jmeter.samplers.SampleEvent: List of sample_variables: [] 
2014/01/08 10:56:13 INFO  - jmeter.samplers.SampleEvent: List of sample_variables: [] 
2014/01/08 10:56:13 DEBUG - jmeter.protocol.jdbc.config.DataSourceElement: MaxPool: 10 Timeout: 10000 TrimInt: 60000 Auto-Commit: true 
2014/01/08 10:56:13 DEBUG - jmeter.protocol.jdbc.config.DataSourceElement: KeepAlive: true Age: 5000 CheckQuery: Select 1 from dual 
2014/01/08 10:56:13 DEBUG - jmeter.protocol.jdbc.config.DataSourceElement: Driver: oracle.jdbc.driver.OracleDriver DbUrl: jdbc:oracle:thin:@db902unm.intranet.fw:1521:UNM_PRE User: CTI2_CR10 
2014/01/08 10:56:13 DEBUG - jmeter.protocol.jdbc.config.DataSourceElement: Loading new driver: oracle.jdbc.driver.OracleDriver 
2014/01/08 10:56:14 INFO  - jmeter.gui.util.JMeterMenuBar: setRunning(true,*local*) 
2014/01/08 10:56:14 INFO  - jmeter.engine.StandardJMeterEngine: Starting ThreadGroup: 1 : Thread Group 
2014/01/08 10:56:14 INFO  - jmeter.engine.StandardJMeterEngine: Starting 1 threads for group Thread Group. 
2014/01/08 10:56:14 INFO  - jmeter.engine.StandardJMeterEngine: Thread will continue on error 
2014/01/08 10:56:14 INFO  - jmeter.threads.ThreadGroup: Starting thread group number 1 threads 1 ramp-up 1 perThread 1000.0 delayedStart=false 
2014/01/08 10:56:14 INFO  - jmeter.threads.JMeterThread: jmeterthread.startearlier=true (see jmeter.properties) 
2014/01/08 10:56:14 INFO  - jmeter.threads.JMeterThread: Running PostProcessors in forward order 
2014/01/08 10:56:14 INFO  - jmeter.threads.ThreadGroup: Started thread group number 1 
2014/01/08 10:56:14 INFO  - jmeter.engine.StandardJMeterEngine: All thread groups have been started 
2014/01/08 10:56:14 INFO  - jmeter.threads.JMeterThread: Thread started: Thread Group 1-1 
2014/01/08 10:56:14 DEBUG - jmeter.protocol.jdbc.sampler.JDBCSampler: sampling jdbc 
2014/01/08 10:56:14 DEBUG - jmeter.protocol.jdbc.config.DataSourceElement: Marking 0 objects as old in pool. 
2014/01/08 10:56:14 DEBUG - jmeter.protocol.jdbc.config.DataSourceElement: JdbcConnection object created 
2014/01/08 10:56:14 DEBUG - jmeter.protocol.jdbc.config.DataSourceElement: Created a new com.sun.proxy.$Proxy0 from the object factory. 
2014/01/08 10:56:14 DEBUG - jmeter.protocol.jdbc.config.DataSourceElement: Got a com.sun.proxy.$Proxy0 from the pool. 
2014/01/08 10:56:14 DEBUG - jmeter.protocol.jdbc.AbstractJDBCTestElement: executing jdbc 
2014/01/08 10:56:14 DEBUG - jmeter.protocol.jdbc.config.DataSourceElement: Put a com.sun.proxy.$Proxy0 back into the pool. 
2014/01/08 10:56:15 DEBUG - jmeter.protocol.jdbc.sampler.JDBCSampler: sampling jdbc 
2014/01/08 10:56:15 DEBUG - jmeter.protocol.jdbc.config.DataSourceElement: Got a com.sun.proxy.$Proxy0 from the pool. 
2014/01/08 10:56:15 DEBUG - jmeter.protocol.jdbc.AbstractJDBCTestElement: executing jdbc 
2014/01/08 10:56:15 DEBUG - jmeter.protocol.jdbc.config.DataSourceElement: Put a com.sun.proxy.$Proxy0 back into the pool. 
2014/01/08 10:56:16 DEBUG - jmeter.protocol.jdbc.sampler.JDBCSampler: sampling jdbc 
2014/01/08 10:56:16 DEBUG - jmeter.protocol.jdbc.config.DataSourceElement: Got a com.sun.proxy.$Proxy0 from the pool. 
2014/01/08 10:56:16 DEBUG - jmeter.protocol.jdbc.AbstractJDBCTestElement: executing jdbc 
2014/01/08 10:56:16 DEBUG - jmeter.protocol.jdbc.config.DataSourceElement: Put a com.sun.proxy.$Proxy0 back into the pool. 
2014/01/08 10:56:17 DEBUG - jmeter.protocol.jdbc.sampler.JDBCSampler: sampling jdbc 
2014/01/08 10:56:17 DEBUG - jmeter.protocol.jdbc.config.DataSourceElement: Got a com.sun.proxy.$Proxy0 from the pool. 
2014/01/08 10:56:17 DEBUG - jmeter.protocol.jdbc.AbstractJDBCTestElement: executing jdbc 
2014/01/08 10:56:17 DEBUG - jmeter.protocol.jdbc.config.DataSourceElement: Put a com.sun.proxy.$Proxy0 back into the pool. 
2014/01/08 10:56:18 DEBUG - jmeter.protocol.jdbc.sampler.JDBCSampler: sampling jdbc 
2014/01/08 10:56:18 DEBUG - jmeter.protocol.jdbc.config.DataSourceElement: Got a com.sun.proxy.$Proxy0 from the pool. 
2014/01/08 10:56:18 DEBUG - jmeter.protocol.jdbc.AbstractJDBCTestElement: executing jdbc 
2014/01/08 10:56:18 DEBUG - jmeter.protocol.jdbc.config.DataSourceElement: Put a com.sun.proxy.$Proxy0 back into the pool. 
2014/01/08 10:56:19 DEBUG - jmeter.protocol.jdbc.sampler.JDBCSampler: sampling jdbc 
2014/01/08 10:56:19 DEBUG - jmeter.protocol.jdbc.config.DataSourceElement: Got a com.sun.proxy.$Proxy0 from the pool. 
2014/01/08 10:56:19 DEBUG - jmeter.protocol.jdbc.AbstractJDBCTestElement: executing jdbc 
2014/01/08 10:56:19 DEBUG - jmeter.protocol.jdbc.config.DataSourceElement: Put a com.sun.proxy.$Proxy0 back into the pool. 
2014/01/08 10:56:20 DEBUG - jmeter.protocol.jdbc.sampler.JDBCSampler: sampling jdbc 
2014/01/08 10:56:20 DEBUG - jmeter.protocol.jdbc.config.DataSourceElement: Got a com.sun.proxy.$Proxy0 from the pool. 
2014/01/08 10:56:20 DEBUG - jmeter.protocol.jdbc.config.DataSourceElement: Pinging database after 5999ms of inactivity. 
2014/01/08 10:56:20 DEBUG - jmeter.protocol.jdbc.AbstractJDBCTestElement: executing jdbc 
2014/01/08 10:56:20 DEBUG - jmeter.protocol.jdbc.config.DataSourceElement: Put a com.sun.proxy.$Proxy0 back into the pool. 
2014/01/08 10:56:21 DEBUG - jmeter.protocol.jdbc.sampler.JDBCSampler: sampling jdbc 
2014/01/08 10:56:21 DEBUG - jmeter.protocol.jdbc.config.DataSourceElement: Got a com.sun.proxy.$Proxy0 from the pool. 
2014/01/08 10:56:21 DEBUG - jmeter.protocol.jdbc.config.DataSourceElement: Pinging database after 6999ms of inactivity. 
2014/01/08 10:56:21 DEBUG - jmeter.protocol.jdbc.AbstractJDBCTestElement: executing jdbc 
2014/01/08 10:56:21 DEBUG - jmeter.protocol.jdbc.config.DataSourceElement: Put a com.sun.proxy.$Proxy0 back into the pool. 
2014/01/08 10:56:22 DEBUG - jmeter.protocol.jdbc.sampler.JDBCSampler: sampling jdbc 
2014/01/08 10:56:22 DEBUG - jmeter.protocol.jdbc.config.DataSourceElement: Got a com.sun.proxy.$Proxy0 from the pool. 
2014/01/08 10:56:22 DEBUG - jmeter.protocol.jdbc.config.DataSourceElement: Pinging database after 7999ms of inactivity. 
2014/01/08 10:56:22 DEBUG - jmeter.protocol.jdbc.AbstractJDBCTestElement: executing jdbc 
2014/01/08 10:56:22 DEBUG - jmeter.protocol.jdbc.config.DataSourceElement: Put a com.sun.proxy.$Proxy0 back into the pool. 
2014/01/08 10:56:23 DEBUG - jmeter.protocol.jdbc.sampler.JDBCSampler: sampling jdbc 
2014/01/08 10:56:23 DEBUG - jmeter.protocol.jdbc.config.DataSourceElement: Got a com.sun.proxy.$Proxy0 from the pool. 
2014/01/08 10:56:23 DEBUG - jmeter.protocol.jdbc.config.DataSourceElement: Pinging database after 8999ms of inactivity. 
2014/01/08 10:56:23 DEBUG - jmeter.protocol.jdbc.AbstractJDBCTestElement: executing jdbc 
2014/01/08 10:56:23 DEBUG - jmeter.protocol.jdbc.config.DataSourceElement: Put a com.sun.proxy.$Proxy0 back into the pool. 
2014/01/08 10:56:24 DEBUG - jmeter.protocol.jdbc.sampler.JDBCSampler: sampling jdbc 
2014/01/08 10:56:24 DEBUG - jmeter.protocol.jdbc.config.DataSourceElement: Got a com.sun.proxy.$Proxy0 from the pool. 
2014/01/08 10:56:24 DEBUG - jmeter.protocol.jdbc.config.DataSourceElement: Pinging database after 9999ms of inactivity. 
2014/01/08 10:56:24 DEBUG - jmeter.protocol.jdbc.AbstractJDBCTestElement: executing jdbc 
2014/01/08 10:56:24 DEBUG - jmeter.protocol.jdbc.config.DataSourceElement: Put a com.sun.proxy.$Proxy0 back into the pool. 
2014/01/08 10:56:25 DEBUG - jmeter.protocol.jdbc.sampler.JDBCSampler: sampling jdbc 
2014/01/08 10:56:25 DEBUG - jmeter.protocol.jdbc.config.DataSourceElement: Got a com.sun.proxy.$Proxy0 from the pool. 
2014/01/08 10:56:25 DEBUG - jmeter.protocol.jdbc.config.DataSourceElement: Pinging database after 10999ms of inactivity. 
2014/01/08 10:56:25 DEBUG - jmeter.protocol.jdbc.AbstractJDBCTestElement: executing jdbc 
2014/01/08 10:56:25 DEBUG - jmeter.protocol.jdbc.config.DataSourceElement: Put a com.sun.proxy.$Proxy0 back into the pool. 
2014/01/08 10:56:26 DEBUG - jmeter.protocol.jdbc.sampler.JDBCSampler: sampling jdbc 
2014/01/08 10:56:26 DEBUG - jmeter.protocol.jdbc.config.DataSourceElement: Got a com.sun.proxy.$Proxy0 from the pool. 
2014/01/08 10:56:26 DEBUG - jmeter.protocol.jdbc.config.DataSourceElement: Pinging database after 12000ms of inactivity. 
2014/01/08 10:56:26 DEBUG - jmeter.protocol.jdbc.AbstractJDBCTestElement: executing jdbc 
2014/01/08 10:56:26 DEBUG - jmeter.protocol.jdbc.config.DataSourceElement: Put a com.sun.proxy.$Proxy0 back into the pool. 
2014/01/08 10:56:27 DEBUG - jmeter.protocol.jdbc.sampler.JDBCSampler: sampling jdbc 
2014/01/08 10:56:27 DEBUG - jmeter.protocol.jdbc.config.DataSourceElement: Got a com.sun.proxy.$Proxy0 from the pool. 
2014/01/08 10:56:27 DEBUG - jmeter.protocol.jdbc.config.DataSourceElement: Pinging database after 13000ms of inactivity. 
2014/01/08 10:56:27 DEBUG - jmeter.protocol.jdbc.AbstractJDBCTestElement: executing jdbc 
2014/01/08 10:56:27 DEBUG - jmeter.protocol.jdbc.config.DataSourceElement: Put a com.sun.proxy.$Proxy0 back into the pool. 
2014/01/08 10:56:27 INFO  - jmeter.gui.action.Start: Stopping test 
2014/01/08 10:56:27 INFO  - jmeter.threads.JMeterThread: Stopping: Thread Group 1-1 
2014/01/08 10:56:27 WARN  - jmeter.threads.JMeterThread: The delay timer was interrupted - probably did not wait as long as intended. 
2014/01/08 10:56:27 DEBUG - jmeter.protocol.jdbc.sampler.JDBCSampler: sampling jdbc 
2014/01/08 10:56:27 DEBUG - jmeter.protocol.jdbc.config.DataSourceElement: Got a com.sun.proxy.$Proxy0 from the pool. 
2014/01/08 10:56:27 DEBUG - jmeter.protocol.jdbc.config.DataSourceElement: Pinging database after 13268ms of inactivity. 
2014/01/08 10:56:27 DEBUG - jmeter.protocol.jdbc.AbstractJDBCTestElement: executing jdbc 
2014/01/08 10:56:27 DEBUG - jmeter.protocol.jdbc.config.DataSourceElement: Put a com.sun.proxy.$Proxy0 back into the pool. 
2014/01/08 10:56:27 INFO  - jmeter.threads.JMeterThread: Thread finished: Thread Group 1-1 
2014/01/08 10:56:27 INFO  - jmeter.engine.StandardJMeterEngine: Notifying test listeners of end of test 
2014/01/08 10:56:27 DEBUG - jmeter.protocol.jdbc.config.DataSourceElement: JdbcConnection object disposed 
2014/01/08 10:56:27 INFO  - jmeter.gui.util.JMeterMenuBar: setRunning(false,*local*) 
