2020-09-23 15:53:01,923 INFO o.a.j.u.JMeterUtils: Setting Locale to en_EN
2020-09-23 15:53:01,942 INFO o.a.j.JMeter: Loading user properties from: /home/frank/tools/apache-jmeter-5.3.1-SNAPSHOT/bin/user.properties
2020-09-23 15:53:01,943 INFO o.a.j.JMeter: Loading system properties from: /home/frank/tools/apache-jmeter-5.3.1-SNAPSHOT/bin/system.properties
2020-09-23 15:53:01,945 INFO o.a.j.JMeter: Copyright (c) 1998-2020 The Apache Software Foundation
2020-09-23 15:53:01,945 INFO o.a.j.JMeter: Version 5.3.1-SNAPSHOT 455e5da
2020-09-23 15:53:01,945 INFO o.a.j.JMeter: java.version=1.8.0_265
2020-09-23 15:53:01,945 INFO o.a.j.JMeter: java.vm.name=OpenJDK 64-Bit Server VM
2020-09-23 15:53:01,945 INFO o.a.j.JMeter: os.name=Linux
2020-09-23 15:53:01,945 INFO o.a.j.JMeter: os.arch=amd64
2020-09-23 15:53:01,945 INFO o.a.j.JMeter: os.version=5.7.14-200.fc32.x86_64
2020-09-23 15:53:01,945 INFO o.a.j.JMeter: file.encoding=UTF-8
2020-09-23 15:53:01,945 INFO o.a.j.JMeter: java.awt.headless=null
2020-09-23 15:53:01,946 INFO o.a.j.JMeter: Max memory     =1073741824
2020-09-23 15:53:01,946 INFO o.a.j.JMeter: Available Processors =2
2020-09-23 15:53:01,955 INFO o.a.j.JMeter: Default Locale=English (EN)
2020-09-23 15:53:01,956 INFO o.a.j.JMeter: JMeter  Locale=English (EN)
2020-09-23 15:53:01,956 INFO o.a.j.JMeter: JMeterHome=/home/frank/tools/apache-jmeter-5.3.1-SNAPSHOT
2020-09-23 15:53:01,956 INFO o.a.j.JMeter: user.dir  =/home/frank/tools/apache-jmeter-5.3.1-SNAPSHOT
2020-09-23 15:53:01,956 INFO o.a.j.JMeter: PWD       =/home/frank/tools/apache-jmeter-5.3.1-SNAPSHOT
2020-09-23 15:53:01,957 INFO o.a.j.JMeter: IP: XXXXXXX Name: XXXXXXXXXXXX
2020-09-23 15:53:02,268 INFO o.a.j.JMeter: Setting LAF to: laf:javax.swing.plaf.metal.MetalLookAndFeel
2020-09-23 15:53:02,677 INFO o.a.j.JMeter: Loaded icon properties from org/apache/jmeter/images/icon.properties
2020-09-23 15:56:21,617 INFO o.a.j.p.h.s.HTTPSamplerBase: Parser for text/html is org.apache.jmeter.protocol.http.parser.LagartoBasedHtmlParser
2020-09-23 15:56:21,620 INFO o.a.j.p.h.s.HTTPSamplerBase: Parser for application/xhtml+xml is org.apache.jmeter.protocol.http.parser.LagartoBasedHtmlParser
2020-09-23 15:56:21,620 INFO o.a.j.p.h.s.HTTPSamplerBase: Parser for application/xml is org.apache.jmeter.protocol.http.parser.LagartoBasedHtmlParser
2020-09-23 15:56:21,620 INFO o.a.j.p.h.s.HTTPSamplerBase: Parser for text/xml is org.apache.jmeter.protocol.http.parser.LagartoBasedHtmlParser
2020-09-23 15:56:21,620 INFO o.a.j.p.h.s.HTTPSamplerBase: Parser for text/vnd.wap.wml is org.apache.jmeter.protocol.http.parser.RegexpHTMLParser
2020-09-23 15:56:21,621 INFO o.a.j.p.h.s.HTTPSamplerBase: Parser for text/css is org.apache.jmeter.protocol.http.parser.CssParser
2020-09-23 15:56:52,733 INFO o.a.j.g.a.LogLevelCommand: Setting root log level: ALL
2020-09-23 15:56:56,709 DEBUG o.a.j.g.t.JMeterTreeListener: value changed, updating currentPath
2020-09-23 15:56:56,711 DEBUG o.a.j.g.GuiPackage: Updating current node Test Plan
2020-09-23 15:56:56,711 DEBUG o.a.j.g.GuiPackage: Gui retrieved = org.apache.jmeter.control.gui.TestPlanGui[Test Plan,0,-2096528,2097071x2097440,layout=java.awt.BorderLayout,alignmentX=0.0,alignmentY=0.0,border=javax.swing.border.EmptyBorder@144b1a43,flags=9,maximumSize=,minimumSize=,preferredSize=]
2020-09-23 15:56:56,712 DEBUG o.a.j.g.AbstractJMeterGuiComponent: setting element to enabled: true
2020-09-23 15:56:56,712 DEBUG o.a.j.g.AbstractJMeterGuiComponent: setting element to enabled: true
2020-09-23 15:56:56,712 DEBUG o.a.j.g.GuiPackage: Gui retrieved = org.apache.jmeter.threads.gui.ThreadGroupGui[Thread Group,0,-6290310,2097081x6291222,invalid,layout=java.awt.BorderLayout,alignmentX=0.0,alignmentY=0.0,border=javax.swing.border.EmptyBorder@65e55920,flags=9,maximumSize=,minimumSize=,preferredSize=]
2020-09-23 15:56:56,713 DEBUG o.a.j.g.GuiPackage: Updating current node Thread Group
2020-09-23 15:56:56,714 DEBUG o.a.j.g.GuiPackage: Gui retrieved = org.apache.jmeter.threads.gui.ThreadGroupGui[Thread Group,0,-6290310,2097081x6291222,invalid,layout=java.awt.BorderLayout,alignmentX=0.0,alignmentY=0.0,border=javax.swing.border.EmptyBorder@65e55920,flags=9,maximumSize=,minimumSize=,preferredSize=]
2020-09-23 15:56:56,715 DEBUG o.a.j.g.AbstractJMeterGuiComponent: setting element to enabled: true
2020-09-23 15:56:56,716 DEBUG o.a.j.g.AbstractJMeterGuiComponent: setting element to enabled: true
2020-09-23 15:56:56,716 DEBUG o.a.j.g.GuiPackage: Gui retrieved = org.apache.jmeter.threads.gui.ThreadGroupGui[Thread Group,0,-6290310,2097081x6291222,invalid,layout=java.awt.BorderLayout,alignmentX=0.0,alignmentY=0.0,border=javax.swing.border.EmptyBorder@65e55920,flags=9,maximumSize=,minimumSize=,preferredSize=]
2020-09-23 15:56:56,717 DEBUG o.a.j.g.GuiPackage: Updating gui to new node
2020-09-23 15:56:56,725 DEBUG o.a.j.g.GuiPackage: Gui retrieved = org.apache.jmeter.threads.gui.ThreadGroupGui[Thread Group,0,-6290310,2097081x6291222,invalid,layout=java.awt.BorderLayout,alignmentX=0.0,alignmentY=0.0,border=javax.swing.border.EmptyBorder@65e55920,flags=9,maximumSize=,minimumSize=,preferredSize=]
2020-09-23 15:56:56,735 DEBUG o.a.j.g.GuiPackage: Updating current node Thread Group
2020-09-23 15:56:56,736 DEBUG o.a.j.g.GuiPackage: Gui retrieved = org.apache.jmeter.threads.gui.ThreadGroupGui[Thread Group,0,-6290310,2097081x6291222,invalid,layout=java.awt.BorderLayout,alignmentX=0.0,alignmentY=0.0,border=javax.swing.border.EmptyBorder@65e55920,flags=9,maximumSize=,minimumSize=,preferredSize=]
2020-09-23 15:56:56,736 DEBUG o.a.j.g.AbstractJMeterGuiComponent: setting element to enabled: true
2020-09-23 15:56:56,736 DEBUG o.a.j.g.AbstractJMeterGuiComponent: setting element to enabled: true
