2012/11/05 23:08:50 INFO  - jmeter.util.JMeterUtils: Setting Locale to fr_FR 
2012/11/05 23:08:50 INFO  - jmeter.util.JMeterUtils: Could not find resources for 'fr_FR', using 'fr' 
2012/11/05 23:08:50 INFO  - jmeter.JMeter: Loading user properties from: /Volumes/HD2/data/jmeter/jmeters/apache-jmeter-2.8/bin/user.properties 
2012/11/05 23:08:50 INFO  - jmeter.JMeter: Loading system properties from: /Volumes/HD2/data/jmeter/jmeters/apache-jmeter-2.8/bin/system.properties 
2012/11/05 23:08:50 INFO  - jmeter.JMeter: Setting System property: server_port=1099 
2012/11/05 23:08:50 INFO  - jmeter.JMeter: Copyright (c) 1998-2012 The Apache Software Foundation 
2012/11/05 23:08:50 INFO  - jmeter.JMeter: Version 2.8 r1393162 
2012/11/05 23:08:50 INFO  - jmeter.JMeter: java.version=1.6.0_35 
2012/11/05 23:08:50 INFO  - jmeter.JMeter: java.vm.name=Java HotSpot(TM) 64-Bit Server VM 
2012/11/05 23:08:50 INFO  - jmeter.JMeter: os.name=Mac OS X 
2012/11/05 23:08:50 INFO  - jmeter.JMeter: os.arch=x86_64 
2012/11/05 23:08:50 INFO  - jmeter.JMeter: os.version=10.6.8 
2012/11/05 23:08:50 INFO  - jmeter.JMeter: file.encoding=MacRoman 
2012/11/05 23:08:50 INFO  - jmeter.JMeter: Default Locale=français (France) 
2012/11/05 23:08:50 INFO  - jmeter.JMeter: JMeter  Locale=français (France) 
2012/11/05 23:08:50 INFO  - jmeter.JMeter: JMeterHome=/Volumes/HD2/data/jmeter/jmeters/apache-jmeter-2.8 
2012/11/05 23:08:50 INFO  - jmeter.JMeter: user.dir  =/Volumes/HD2/data/jmeter/jmeters/apache-jmeter-2.8/bin 
2012/11/05 23:08:50 INFO  - jmeter.JMeter: PWD       =/Volumes/HD2/data/jmeter/jmeters/apache-jmeter-2.8/bin 
2012/11/05 23:08:50 INFO  - jmeter.JMeter: IP: 192.168.0.14 Name: macbook-pro-de-philippe-mouawad.local FullName: 192.168.0.14 
2012/11/05 23:08:50 INFO  - jmeter.engine.RemoteJMeterEngineImpl: Starting backing engine on 1099 
2012/11/05 23:08:50 INFO  - jmeter.engine.RemoteJMeterEngineImpl: IP address=192.168.0.14 
2012/11/05 23:08:50 INFO  - jmeter.engine.RemoteJMeterEngineImpl: IP address is a site-local address; this may cause problems with remote access.
	Can be overridden by defining the system property 'java.rmi.server.hostname' - see jmeter-server script file 
2012/11/05 23:08:50 INFO  - jmeter.engine.RemoteJMeterEngineImpl: Creating RMI registry (server.rmi.create=true) 
2012/11/05 23:08:50 INFO  - jmeter.engine.RemoteJMeterEngineImpl: Bound to registry on port 1099 
2012/11/05 23:08:56 WARN  - jmeter.engine.RemoteJMeterEngineImpl: Backing engine is null, ignoring reset 
2012/11/05 23:08:56 INFO  - jmeter.samplers.StandardSampleSender: Using StandardSampleSender for this test run 
2012/11/05 23:08:56 INFO  - jmeter.protocol.http.sampler.HTTPSamplerBase: Cannot find .className property for htmlParser, using default 
2012/11/05 23:08:56 INFO  - jmeter.protocol.http.sampler.HTTPSamplerBase: Parser for text/html is  
2012/11/05 23:08:56 INFO  - jmeter.protocol.http.sampler.HTTPSamplerBase: Parser for application/xhtml+xml is  
2012/11/05 23:08:56 INFO  - jmeter.protocol.http.sampler.HTTPSamplerBase: Parser for application/xml is  
2012/11/05 23:08:56 INFO  - jmeter.protocol.http.sampler.HTTPSamplerBase: Parser for text/xml is  
2012/11/05 23:08:56 INFO  - jmeter.protocol.http.sampler.HTTPSamplerBase: Parser for text/vnd.wap.wml is org.apache.jmeter.protocol.http.parser.RegexpHTMLParser 
2012/11/05 23:08:56 INFO  - jmeter.protocol.http.sampler.HTTPSamplerBase: Reuse SSL session context on subsequent iterations: true 
2012/11/05 23:08:56 INFO  - jmeter.engine.RemoteJMeterEngineImpl: Creating JMeter engine on host localhost base '.' 
2012/11/05 23:08:56 INFO  - jmeter.engine.StandardJMeterEngine: Listeners will be started after enabling running version 
2012/11/05 23:08:56 INFO  - jmeter.engine.StandardJMeterEngine: To revert to the earlier behaviour, define jmeterengine.startlistenerslater=false 
2012/11/05 23:08:56 INFO  - jmeter.services.FileServer: Default base='/Volumes/HD2/data/jmeter/jmeters/apache-jmeter-2.8/bin' 
2012/11/05 23:08:56 INFO  - jmeter.services.FileServer: Set new base='.' 
2012/11/05 23:09:00 INFO  - jmeter.engine.StandardJMeterEngine: Applying properties {} 
2012/11/05 23:09:00 INFO  - jmeter.engine.RemoteJMeterEngineImpl: Running test 
2012/11/05 23:09:00 INFO  - jmeter.engine.StandardJMeterEngine: Running the test! 
2012/11/05 23:09:00 INFO  - jmeter.engine.util.CompoundVariable: Note: Function class names must contain the string: '.functions.' 
2012/11/05 23:09:00 INFO  - jmeter.engine.util.CompoundVariable: Note: Function class names must not contain the string: '.gui.' 
2012/11/05 23:09:01 INFO  - jmeter.engine.StandardJMeterEngine: Starting ThreadGroup: 1 : Thread Group 
2012/11/05 23:09:01 INFO  - jmeter.engine.StandardJMeterEngine: Starting 2 threads for group Thread Group. 
2012/11/05 23:09:01 INFO  - jmeter.engine.StandardJMeterEngine: Thread will continue on error 
2012/11/05 23:09:01 INFO  - jmeter.threads.ThreadGroup: Starting thread group number 1 threads 2 ramp-up 10 perThread 5000.0 delayedStart=false 
2012/11/05 23:09:01 INFO  - jmeter.threads.JMeterThread: jmeterthread.startearlier=true (see jmeter.properties) 
2012/11/05 23:09:01 INFO  - jmeter.threads.JMeterThread: Running PostProcessors in forward order 
2012/11/05 23:09:01 INFO  - jmeter.threads.ThreadGroup: Started thread group number 1 
2012/11/05 23:09:01 INFO  - jmeter.engine.StandardJMeterEngine: All thread groups have been started 
2012/11/05 23:09:01 INFO  - jmeter.threads.JMeterThread: Thread started: Thread Group 1-1 
2012/11/05 23:09:01 INFO  - jmeter.services.FileServer: Stored: BUG_54097.csv Alias: BUG_54097.csv@All threads 
2012/11/05 23:09:01 ERROR - jmeter.config.CSVDataSet: java.io.FileNotFoundException: ./BUG_54097.csv (No such file or directory) 
2012/11/05 23:09:04 INFO  - jmeter.protocol.http.sampler.HTTPHCAbstractImpl: Local host = macbook-pro-de-philippe-mouawad.local 
2012/11/05 23:09:04 INFO  - jmeter.protocol.http.sampler.HTTPHC4Impl: HTTP request retry count = 1 
2012/11/05 23:09:05 INFO  - jmeter.protocol.http.sampler.HTTPHC4Impl: Setting up HTTPS TrustAll scheme 
2012/11/05 23:09:05 INFO  - jmeter.util.JsseSSLManager: Using default SSL protocol: TLS 
2012/11/05 23:09:05 INFO  - jmeter.util.JsseSSLManager: SSL session context: per-thread 
2012/11/05 23:09:05 INFO  - jmeter.samplers.SampleResult: Note: Sample TimeStamps are START times 
2012/11/05 23:09:05 INFO  - jmeter.samplers.SampleResult: sampleresult.default.encoding is set to ISO-8859-1 
2012/11/05 23:09:05 INFO  - jmeter.samplers.SampleResult: sampleresult.useNanoTime=true 
2012/11/05 23:09:05 INFO  - jmeter.samplers.SampleResult: sampleresult.nanoThreadSleep=5000 
2012/11/05 23:09:06 INFO  - jmeter.threads.JMeterThread: Thread started: Thread Group 1-2 
2012/11/05 23:09:06 ERROR - jmeter.config.CSVDataSet: java.io.FileNotFoundException: ./BUG_54097.csv (No such file or directory) 
2012/11/05 23:09:08 ERROR - jmeter.config.CSVDataSet: java.io.FileNotFoundException: ./BUG_54097.csv (No such file or directory) 
2012/11/05 23:09:12 ERROR - jmeter.config.CSVDataSet: java.io.FileNotFoundException: ./BUG_54097.csv (No such file or directory) 
2012/11/05 23:09:14 INFO  - jmeter.threads.JMeterThread: Thread finished: Thread Group 1-1 
2012/11/05 23:09:18 INFO  - jmeter.threads.JMeterThread: Thread finished: Thread Group 1-2 
2012/11/05 23:09:18 INFO  - jmeter.engine.StandardJMeterEngine: Notifying test listeners of end of test 
2012/11/05 23:09:18 INFO  - jmeter.samplers.StandardSampleSender: Test Ended on localhost 
2012/11/05 23:09:18 INFO  - jmeter.engine.StandardJMeterEngine: Test has ended on host localhost 
2012/11/05 23:10:07 INFO  - jmeter.engine.RemoteJMeterEngineImpl: Reset 
2012/11/05 23:10:07 INFO  - jmeter.samplers.StandardSampleSender: Using StandardSampleSender for this test run 
2012/11/05 23:10:07 INFO  - jmeter.engine.RemoteJMeterEngineImpl: Creating JMeter engine on host localhost base '.' 
2012/11/05 23:10:07 INFO  - jmeter.services.FileServer: Set new base='.' 
2012/11/05 23:10:09 INFO  - jmeter.engine.RemoteJMeterEngineImpl: Cleaning previously set properties {} 
2012/11/05 23:10:09 INFO  - jmeter.engine.StandardJMeterEngine: Applying properties {} 
2012/11/05 23:10:09 INFO  - jmeter.engine.RemoteJMeterEngineImpl: Running test 
2012/11/05 23:10:09 INFO  - jmeter.engine.StandardJMeterEngine: Running the test! 
2012/11/05 23:10:09 INFO  - jmeter.engine.StandardJMeterEngine: Starting ThreadGroup: 1 : Thread Group 
2012/11/05 23:10:09 INFO  - jmeter.engine.StandardJMeterEngine: Starting 2 threads for group Thread Group. 
2012/11/05 23:10:09 INFO  - jmeter.engine.StandardJMeterEngine: Thread will continue on error 
2012/11/05 23:10:09 INFO  - jmeter.threads.ThreadGroup: Starting thread group number 1 threads 2 ramp-up 10 perThread 5000.0 delayedStart=false 
2012/11/05 23:10:09 INFO  - jmeter.threads.ThreadGroup: Started thread group number 1 
2012/11/05 23:10:09 INFO  - jmeter.engine.StandardJMeterEngine: All thread groups have been started 
2012/11/05 23:10:09 INFO  - jmeter.threads.JMeterThread: Thread started: Thread Group 1-1 
2012/11/05 23:10:09 INFO  - jmeter.services.FileServer: Stored: /Volumes/HD2/BUG_54097.csv Alias: /Volumes/HD2/BUG_54097.csv@All threads 
2012/11/05 23:10:14 INFO  - jmeter.threads.JMeterThread: Thread started: Thread Group 1-2 
2012/11/05 23:10:22 INFO  - jmeter.threads.JMeterThread: Thread finished: Thread Group 1-1 
2012/11/05 23:10:26 INFO  - jmeter.engine.RemoteJMeterEngineImpl: Stopping test ... 
2012/11/05 23:10:26 INFO  - jmeter.engine.RemoteJMeterEngineImpl: ... stopped 
2012/11/05 23:10:26 INFO  - jmeter.threads.JMeterThread: Stopping: Thread Group 1-2 
2012/11/05 23:10:26 WARN  - jmeter.threads.JMeterThread: The delay timer was interrupted - probably did not wait as long as intended. 
2012/11/05 23:10:26 INFO  - jmeter.threads.JMeterThread: Thread finished: Thread Group 1-2 
2012/11/05 23:10:26 INFO  - jmeter.engine.StandardJMeterEngine: Notifying test listeners of end of test 
2012/11/05 23:10:26 INFO  - jmeter.services.FileServer: Close: /Volumes/HD2/BUG_54097.csv@All threads 
2012/11/05 23:10:26 INFO  - jmeter.samplers.StandardSampleSender: Test Ended on localhost 
2012/11/05 23:10:26 INFO  - jmeter.engine.StandardJMeterEngine: Test has ended on host localhost 
2012/11/05 23:11:49 INFO  - jmeter.engine.RemoteJMeterEngineImpl: Reset 
2012/11/05 23:11:49 INFO  - jmeter.samplers.StandardSampleSender: Using StandardSampleSender for this test run 
2012/11/05 23:11:49 INFO  - jmeter.engine.RemoteJMeterEngineImpl: Creating JMeter engine on host localhost base '.' 
2012/11/05 23:11:49 INFO  - jmeter.services.FileServer: Set new base='.' 
2012/11/05 23:11:51 INFO  - jmeter.engine.RemoteJMeterEngineImpl: Cleaning previously set properties {} 
2012/11/05 23:11:51 INFO  - jmeter.engine.StandardJMeterEngine: Applying properties {} 
2012/11/05 23:11:51 INFO  - jmeter.engine.RemoteJMeterEngineImpl: Running test 
2012/11/05 23:11:51 INFO  - jmeter.engine.StandardJMeterEngine: Running the test! 
2012/11/05 23:11:51 INFO  - jmeter.engine.StandardJMeterEngine: Starting ThreadGroup: 1 : Thread Group 
2012/11/05 23:11:51 INFO  - jmeter.engine.StandardJMeterEngine: Starting 2 threads for group Thread Group. 
2012/11/05 23:11:51 INFO  - jmeter.engine.StandardJMeterEngine: Thread will continue on error 
2012/11/05 23:11:51 INFO  - jmeter.threads.ThreadGroup: Starting thread group number 1 threads 2 ramp-up 10 perThread 5000.0 delayedStart=false 
2012/11/05 23:11:51 INFO  - jmeter.threads.ThreadGroup: Started thread group number 1 
2012/11/05 23:11:51 INFO  - jmeter.engine.StandardJMeterEngine: All thread groups have been started 
2012/11/05 23:11:51 INFO  - jmeter.threads.JMeterThread: Thread started: Thread Group 1-1 
2012/11/05 23:11:51 INFO  - jmeter.services.FileServer: Stored: BUG_54097.csv Alias: BUG_54097.csv@All threads 
2012/11/05 23:11:51 ERROR - jmeter.config.CSVDataSet: java.io.FileNotFoundException: ./BUG_54097.csv (No such file or directory) 
2012/11/05 23:11:56 INFO  - jmeter.threads.JMeterThread: Thread started: Thread Group 1-2 
2012/11/05 23:11:56 ERROR - jmeter.config.CSVDataSet: java.io.FileNotFoundException: ./BUG_54097.csv (No such file or directory) 
2012/11/05 23:11:57 ERROR - jmeter.config.CSVDataSet: java.io.FileNotFoundException: ./BUG_54097.csv (No such file or directory) 
2012/11/05 23:12:02 ERROR - jmeter.config.CSVDataSet: java.io.FileNotFoundException: ./BUG_54097.csv (No such file or directory) 
2012/11/05 23:12:03 INFO  - jmeter.threads.JMeterThread: Thread finished: Thread Group 1-1 
2012/11/05 23:12:08 INFO  - jmeter.threads.JMeterThread: Thread finished: Thread Group 1-2 
2012/11/05 23:12:08 INFO  - jmeter.engine.StandardJMeterEngine: Notifying test listeners of end of test 
2012/11/05 23:12:08 INFO  - jmeter.samplers.StandardSampleSender: Test Ended on localhost 
2012/11/05 23:12:08 INFO  - jmeter.engine.StandardJMeterEngine: Test has ended on host localhost 
2012/11/05 23:13:04 INFO  - jmeter.engine.RemoteJMeterEngineImpl: Reset 
2012/11/05 23:13:04 INFO  - jmeter.samplers.StandardSampleSender: Using StandardSampleSender for this test run 
2012/11/05 23:13:04 INFO  - jmeter.engine.RemoteJMeterEngineImpl: Creating JMeter engine on host localhost base '.' 
2012/11/05 23:13:04 INFO  - jmeter.services.FileServer: Set new base='.' 
2012/11/05 23:13:07 INFO  - jmeter.engine.RemoteJMeterEngineImpl: Cleaning previously set properties {} 
2012/11/05 23:13:07 INFO  - jmeter.engine.StandardJMeterEngine: Applying properties {} 
2012/11/05 23:13:07 INFO  - jmeter.engine.RemoteJMeterEngineImpl: Running test 
2012/11/05 23:13:07 INFO  - jmeter.engine.StandardJMeterEngine: Running the test! 
2012/11/05 23:13:07 INFO  - jmeter.engine.StandardJMeterEngine: Starting ThreadGroup: 1 : Thread Group 
2012/11/05 23:13:07 INFO  - jmeter.engine.StandardJMeterEngine: Starting 2 threads for group Thread Group. 
2012/11/05 23:13:07 INFO  - jmeter.engine.StandardJMeterEngine: Thread will continue on error 
2012/11/05 23:13:07 INFO  - jmeter.threads.ThreadGroup: Starting thread group number 1 threads 2 ramp-up 10 perThread 5000.0 delayedStart=false 
2012/11/05 23:13:07 INFO  - jmeter.threads.JMeterThread: Thread started: Thread Group 1-1 
2012/11/05 23:13:07 INFO  - jmeter.services.FileServer: Stored: BUG_54097.csv Alias: BUG_54097.csv@All threads 
2012/11/05 23:13:07 ERROR - jmeter.config.CSVDataSet: java.io.FileNotFoundException: ./BUG_54097.csv (No such file or directory) 
2012/11/05 23:13:07 INFO  - jmeter.threads.ThreadGroup: Started thread group number 1 
2012/11/05 23:13:07 INFO  - jmeter.engine.StandardJMeterEngine: All thread groups have been started 
2012/11/05 23:13:12 INFO  - jmeter.threads.JMeterThread: Thread started: Thread Group 1-2 
2012/11/05 23:13:12 ERROR - jmeter.config.CSVDataSet: java.io.FileNotFoundException: ./BUG_54097.csv (No such file or directory) 
2012/11/05 23:13:13 ERROR - jmeter.config.CSVDataSet: java.io.FileNotFoundException: ./BUG_54097.csv (No such file or directory) 
2012/11/05 23:13:18 ERROR - jmeter.config.CSVDataSet: java.io.FileNotFoundException: ./BUG_54097.csv (No such file or directory) 
2012/11/05 23:13:19 INFO  - jmeter.threads.JMeterThread: Thread finished: Thread Group 1-1 
2012/11/05 23:13:24 INFO  - jmeter.threads.JMeterThread: Thread finished: Thread Group 1-2 
2012/11/05 23:13:24 INFO  - jmeter.engine.StandardJMeterEngine: Notifying test listeners of end of test 
2012/11/05 23:13:24 INFO  - jmeter.samplers.StandardSampleSender: Test Ended on localhost 
2012/11/05 23:13:24 INFO  - jmeter.engine.StandardJMeterEngine: Test has ended on host localhost 
