2015/12/14 13:00:24 INFO  - jmeter.util.JMeterUtils: Setting Locale to en_IN 
2015/12/14 13:00:24 INFO  - jmeter.JMeter: Loading user properties from: C:\apache-jmeter-2.13\bin\user.properties 
2015/12/14 13:00:24 INFO  - jmeter.JMeter: Loading system properties from: C:\apache-jmeter-2.13\bin\system.properties 
2015/12/14 13:00:24 INFO  - jmeter.JMeter: Copyright (c) 1998-2015 The Apache Software Foundation 
2015/12/14 13:00:24 INFO  - jmeter.JMeter: Version 2.13 r1665067 
2015/12/14 13:00:24 INFO  - jmeter.JMeter: java.version=1.8.0_51 
2015/12/14 13:00:24 INFO  - jmeter.JMeter: java.vm.name=Java HotSpot(TM) 64-Bit Server VM 
2015/12/14 13:00:24 INFO  - jmeter.JMeter: os.name=Windows 7 
2015/12/14 13:00:24 INFO  - jmeter.JMeter: os.arch=amd64 
2015/12/14 13:00:24 INFO  - jmeter.JMeter: os.version=6.1 
2015/12/14 13:00:24 INFO  - jmeter.JMeter: file.encoding=Cp1252 
2015/12/14 13:00:24 INFO  - jmeter.JMeter: Default Locale=English (India) 
2015/12/14 13:00:24 INFO  - jmeter.JMeter: JMeter  Locale=English (India) 
2015/12/14 13:00:24 INFO  - jmeter.JMeter: JMeterHome=C:\apache-jmeter-2.13 
2015/12/14 13:00:24 INFO  - jmeter.JMeter: user.dir  =C:\apache-jmeter-2.13\bin 
2015/12/14 13:00:24 INFO  - jmeter.JMeter: PWD       =C:\apache-jmeter-2.13\bin 
2015/12/14 13:00:24 INFO  - jmeter.JMeter: IP: 10.15.32.142 Name: pnq-ashishk FullName: pnq-ashishk.corp.telligent.com 
2015/12/14 13:00:24 INFO  - jmeter.gui.action.LookAndFeelCommand: Using look and feel: javax.swing.plaf.metal.MetalLookAndFeel [Metal, CrossPlatform] 
2015/12/14 13:00:24 INFO  - jmeter.JMeter: Loaded icon properties from org/apache/jmeter/images/icon.properties 
2015/12/14 13:00:24 INFO  - jmeter.engine.util.CompoundVariable: Note: Function class names must contain the string: '.functions.' 
2015/12/14 13:00:24 INFO  - jmeter.engine.util.CompoundVariable: Note: Function class names must not contain the string: '.gui.' 
2015/12/14 13:00:25 INFO  - jmeter.util.BSFTestElement: Registering JMeter version of JavaScript engine as work-round for BSF-22 
2015/12/14 13:00:25 INFO  - jmeter.protocol.http.sampler.HTTPSamplerBase: Cannot find .className property for htmlParser, using default 
2015/12/14 13:00:25 INFO  - jmeter.protocol.http.sampler.HTTPSamplerBase: Parser for text/html is  
2015/12/14 13:00:25 INFO  - jmeter.protocol.http.sampler.HTTPSamplerBase: Parser for application/xhtml+xml is  
2015/12/14 13:00:25 INFO  - jmeter.protocol.http.sampler.HTTPSamplerBase: Parser for application/xml is  
2015/12/14 13:00:25 INFO  - jmeter.protocol.http.sampler.HTTPSamplerBase: Parser for text/xml is  
2015/12/14 13:00:25 INFO  - jmeter.protocol.http.sampler.HTTPSamplerBase: Parser for text/vnd.wap.wml is org.apache.jmeter.protocol.http.parser.RegexpHTMLParser 
2015/12/14 13:00:25 INFO  - jmeter.gui.util.MenuFactory: Skipping org.apache.jmeter.protocol.http.control.gui.WebServiceSamplerGui 
2015/12/14 13:00:25 INFO  - jmeter.gui.util.MenuFactory: Skipping org.apache.jmeter.protocol.http.modifier.gui.ParamModifierGui 
2015/12/14 13:00:25 INFO  - jorphan.exec.KeyToolUtils: keytool found at 'keytool' 
2015/12/14 13:00:25 INFO  - jmeter.protocol.http.proxy.ProxyControl: HTTP(S) Test Script Recorder SSL Proxy will use keys that support embedded 3rd party resources in file C:\apache-jmeter-2.13\bin\proxyserver.jks 
2015/12/14 13:00:26 INFO  - jmeter.samplers.SampleResult: Note: Sample TimeStamps are START times 
2015/12/14 13:00:26 INFO  - jmeter.samplers.SampleResult: sampleresult.default.encoding is set to ISO-8859-1 
2015/12/14 13:00:26 INFO  - jmeter.samplers.SampleResult: sampleresult.useNanoTime=true 
2015/12/14 13:00:26 INFO  - jmeter.samplers.SampleResult: sampleresult.nanoThreadSleep=5000 
2015/12/14 13:01:06 INFO  - jmeter.services.FileServer: Default base='C:\apache-jmeter-2.13\bin' 
2015/12/14 13:01:06 INFO  - jmeter.gui.action.Load: Loading file: C:\Personal\JnJm\qatools\jmeter_web_parser\src\main\jmx_files\data_and_event_driven.jmx 
2015/12/14 13:01:06 INFO  - jmeter.services.FileServer: Set new base='C:\Personal\JnJm\qatools\jmeter_web_parser\src\main\jmx_files' 
2015/12/14 13:01:06 INFO  - jmeter.save.SaveService: Testplan (JMX) version: 2.2. Testlog (JTL) version: 2.2 
2015/12/14 13:01:06 INFO  - jmeter.save.SaveService: Using SaveService properties file encoding UTF-8 
2015/12/14 13:01:06 INFO  - jmeter.save.SaveService: Using SaveService properties file version 1656252 
2015/12/14 13:01:06 INFO  - jmeter.save.SaveService: Using SaveService properties version 2.8 
2015/12/14 13:01:06 INFO  - jmeter.save.SaveService: All converter versions present and correct 
2015/12/14 13:01:06 INFO  - jmeter.save.SaveService: Loading file: C:\Personal\JnJm\qatools\jmeter_web_parser\src\main\jmx_files\data_and_event_driven.jmx 
2015/12/14 13:01:06 WARN  - jmeter.gui.action.Load: Unexpected error java.lang.IllegalArgumentException: Problem loading XML from:'C:\Personal\JnJm\qatools\jmeter_web_parser\src\main\jmx_files\data_and_event_driven.jmx', conversion error com.thoughtworks.xstream.converters.ConversionException: kg.apc.jmeter.vizualizers.CorrectedResultCollector : kg.apc.jmeter.vizualizers.CorrectedResultCollector
---- Debugging information ----
message             : kg.apc.jmeter.vizualizers.CorrectedResultCollector
cause-exception     : com.thoughtworks.xstream.mapper.CannotResolveClassException
cause-message       : kg.apc.jmeter.vizualizers.CorrectedResultCollector
class               : org.apache.jorphan.collections.ListedHashTree
required-type       : org.apache.jorphan.collections.ListedHashTree
converter-type      : org.apache.jmeter.save.converters.HashTreeConverter
path                : /jmeterTestPlan/hashTree/hashTree/kg.apc.jmeter.vizualizers.CorrectedResultCollector
line number         : 4807
------------------------------- : kg.apc.jmeter.vizualizers.CorrectedResultCollector : kg.apc.jmeter.vizualizers.CorrectedResultCollector
---- Debugging information ----
message             : kg.apc.jmeter.vizualizers.CorrectedResultCollector
cause-exception     : com.thoughtworks.xstream.mapper.CannotResolveClassException
cause-message       : kg.apc.jmeter.vizualizers.CorrectedResultCollector
class               : org.apache.jorphan.collections.ListedHashTree
required-type       : org.apache.jorphan.collections.ListedHashTree
converter-type      : org.apache.jmeter.save.converters.HashTreeConverter
path                : /jmeterTestPlan/hashTree/hashTree/kg.apc.jmeter.vizualizers.CorrectedResultCollector
line number         : 4807
-------------------------------
message             : kg.apc.jmeter.vizualizers.CorrectedResultCollector : kg.apc.jmeter.vizualizers.CorrectedResultCollector
---- Debugging information ----
message             : kg.apc.jmeter.vizualizers.CorrectedResultCollector
cause-exception     : com.thoughtworks.xstream.mapper.CannotResolveClassException
cause-message       : kg.apc.jmeter.vizualizers.CorrectedResultCollector
class               : org.apache.jorphan.collections.ListedHashTree
required-type       : org.apache.jorphan.collections.ListedHashTree
converter-type      : org.apache.jmeter.save.converters.HashTreeConverter
path                : /jmeterTestPlan/hashTree/hashTree/kg.apc.jmeter.vizualizers.CorrectedResultCollector
line number         : 4807
-------------------------------
cause-exception     : com.thoughtworks.xstream.converters.ConversionException
cause-message       : kg.apc.jmeter.vizualizers.CorrectedResultCollector : kg.apc.jmeter.vizualizers.CorrectedResultCollector
first-jmeter-class  : org.apache.jmeter.save.converters.HashTreeConverter.unmarshal(HashTreeConverter.java:67)
class               : org.apache.jmeter.save.ScriptWrapper
required-type       : org.apache.jorphan.collections.ListedHashTree
converter-type      : org.apache.jmeter.save.ScriptWrapperConverter
path                : /jmeterTestPlan/hashTree/hashTree/kg.apc.jmeter.vizualizers.CorrectedResultCollector
line number         : 4807
version             : 2.13 r1665067
-------------------------------
	at org.apache.jmeter.save.SaveService.readTree(SaveService.java:586)
	at org.apache.jmeter.save.SaveService.loadTree(SaveService.java:537)
	at org.apache.jmeter.gui.action.Load.loadProjectFile(Load.java:130)
	at org.apache.jmeter.gui.action.Load.loadProjectFile(Load.java:102)
	at org.apache.jmeter.gui.action.Load.doAction(Load.java:89)
	at org.apache.jmeter.gui.action.ActionRouter.performAction(ActionRouter.java:81)
	at org.apache.jmeter.gui.action.ActionRouter.access$000(ActionRouter.java:40)
	at org.apache.jmeter.gui.action.ActionRouter$1.run(ActionRouter.java:63)
	at java.awt.event.InvocationEvent.dispatch(Unknown Source)
	at java.awt.EventQueue.dispatchEventImpl(Unknown Source)
	at java.awt.EventQueue.access$500(Unknown Source)
	at java.awt.EventQueue$3.run(Unknown Source)
	at java.awt.EventQueue$3.run(Unknown Source)
	at java.security.AccessController.doPrivileged(Native Method)
	at java.security.ProtectionDomain$1.doIntersectionPrivilege(Unknown Source)
	at java.awt.EventQueue.dispatchEvent(Unknown Source)
	at java.awt.EventDispatchThread.pumpOneEventForFilters(Unknown Source)
	at java.awt.EventDispatchThread.pumpEventsForFilter(Unknown Source)
	at java.awt.EventDispatchThread.pumpEventsForHierarchy(Unknown Source)
	at java.awt.EventDispatchThread.pumpEvents(Unknown Source)
	at java.awt.EventDispatchThread.pumpEvents(Unknown Source)
	at java.awt.EventDispatchThread.run(Unknown Source)
Caused by: com.thoughtworks.xstream.converters.ConversionException: kg.apc.jmeter.vizualizers.CorrectedResultCollector : kg.apc.jmeter.vizualizers.CorrectedResultCollector
---- Debugging information ----
message             : kg.apc.jmeter.vizualizers.CorrectedResultCollector
cause-exception     : com.thoughtworks.xstream.mapper.CannotResolveClassException
cause-message       : kg.apc.jmeter.vizualizers.CorrectedResultCollector
class               : org.apache.jorphan.collections.ListedHashTree
required-type       : org.apache.jorphan.collections.ListedHashTree
converter-type      : org.apache.jmeter.save.converters.HashTreeConverter
path                : /jmeterTestPlan/hashTree/hashTree/kg.apc.jmeter.vizualizers.CorrectedResultCollector
line number         : 4807
------------------------------- : kg.apc.jmeter.vizualizers.CorrectedResultCollector : kg.apc.jmeter.vizualizers.CorrectedResultCollector
---- Debugging information ----
message             : kg.apc.jmeter.vizualizers.CorrectedResultCollector
cause-exception     : com.thoughtworks.xstream.mapper.CannotResolveClassException
cause-message       : kg.apc.jmeter.vizualizers.CorrectedResultCollector
class               : org.apache.jorphan.collections.ListedHashTree
required-type       : org.apache.jorphan.collections.ListedHashTree
converter-type      : org.apache.jmeter.save.converters.HashTreeConverter
path                : /jmeterTestPlan/hashTree/hashTree/kg.apc.jmeter.vizualizers.CorrectedResultCollector
line number         : 4807
-------------------------------
message             : kg.apc.jmeter.vizualizers.CorrectedResultCollector : kg.apc.jmeter.vizualizers.CorrectedResultCollector
---- Debugging information ----
message             : kg.apc.jmeter.vizualizers.CorrectedResultCollector
cause-exception     : com.thoughtworks.xstream.mapper.CannotResolveClassException
cause-message       : kg.apc.jmeter.vizualizers.CorrectedResultCollector
class               : org.apache.jorphan.collections.ListedHashTree
required-type       : org.apache.jorphan.collections.ListedHashTree
converter-type      : org.apache.jmeter.save.converters.HashTreeConverter
path                : /jmeterTestPlan/hashTree/hashTree/kg.apc.jmeter.vizualizers.CorrectedResultCollector
line number         : 4807
-------------------------------
cause-exception     : com.thoughtworks.xstream.converters.ConversionException
cause-message       : kg.apc.jmeter.vizualizers.CorrectedResultCollector : kg.apc.jmeter.vizualizers.CorrectedResultCollector
first-jmeter-class  : org.apache.jmeter.save.converters.HashTreeConverter.unmarshal(HashTreeConverter.java:67)
class               : org.apache.jmeter.save.ScriptWrapper
required-type       : org.apache.jorphan.collections.ListedHashTree
converter-type      : org.apache.jmeter.save.ScriptWrapperConverter
path                : /jmeterTestPlan/hashTree/hashTree/kg.apc.jmeter.vizualizers.CorrectedResultCollector
line number         : 4807
version             : 2.13 r1665067
-------------------------------
	at org.apache.jmeter.save.ScriptWrapperConverter.createConversionException(ScriptWrapperConverter.java:105)
	at org.apache.jmeter.save.ScriptWrapperConverter.unmarshal(ScriptWrapperConverter.java:99)
	at com.thoughtworks.xstream.core.TreeUnmarshaller.convert(TreeUnmarshaller.java:72)
	at com.thoughtworks.xstream.core.AbstractReferenceUnmarshaller.convert(AbstractReferenceUnmarshaller.java:65)
	at com.thoughtworks.xstream.core.TreeUnmarshaller.convertAnother(TreeUnmarshaller.java:66)
	at com.thoughtworks.xstream.core.TreeUnmarshaller.convertAnother(TreeUnmarshaller.java:50)
	at com.thoughtworks.xstream.core.TreeUnmarshaller.start(TreeUnmarshaller.java:134)
	at com.thoughtworks.xstream.core.AbstractTreeMarshallingStrategy.unmarshal(AbstractTreeMarshallingStrategy.java:32)
	at com.thoughtworks.xstream.XStream.unmarshal(XStream.java:1206)
	at com.thoughtworks.xstream.XStream.unmarshal(XStream.java:1190)
	at com.thoughtworks.xstream.XStream.fromXML(XStream.java:1061)
	at org.apache.jmeter.save.SaveService.readTree(SaveService.java:559)
	... 21 more
Caused by: com.thoughtworks.xstream.converters.ConversionException: kg.apc.jmeter.vizualizers.CorrectedResultCollector : kg.apc.jmeter.vizualizers.CorrectedResultCollector
---- Debugging information ----
message             : kg.apc.jmeter.vizualizers.CorrectedResultCollector
cause-exception     : com.thoughtworks.xstream.mapper.CannotResolveClassException
cause-message       : kg.apc.jmeter.vizualizers.CorrectedResultCollector
class               : org.apache.jorphan.collections.ListedHashTree
required-type       : org.apache.jorphan.collections.ListedHashTree
converter-type      : org.apache.jmeter.save.converters.HashTreeConverter
path                : /jmeterTestPlan/hashTree/hashTree/kg.apc.jmeter.vizualizers.CorrectedResultCollector
line number         : 4807
-------------------------------
	at com.thoughtworks.xstream.core.TreeUnmarshaller.convert(TreeUnmarshaller.java:79)
	at com.thoughtworks.xstream.core.AbstractReferenceUnmarshaller.convert(AbstractReferenceUnmarshaller.java:65)
	at com.thoughtworks.xstream.core.TreeUnmarshaller.convertAnother(TreeUnmarshaller.java:66)
	at com.thoughtworks.xstream.core.TreeUnmarshaller.convertAnother(TreeUnmarshaller.java:50)
	at com.thoughtworks.xstream.converters.collections.AbstractCollectionConverter.readItem(AbstractCollectionConverter.java:71)
	at org.apache.jmeter.save.converters.HashTreeConverter.unmarshal(HashTreeConverter.java:67)
	at com.thoughtworks.xstream.core.TreeUnmarshaller.convert(TreeUnmarshaller.java:72)
	at com.thoughtworks.xstream.core.AbstractReferenceUnmarshaller.convert(AbstractReferenceUnmarshaller.java:65)
	at com.thoughtworks.xstream.core.TreeUnmarshaller.convertAnother(TreeUnmarshaller.java:66)
	at com.thoughtworks.xstream.core.TreeUnmarshaller.convertAnother(TreeUnmarshaller.java:50)
	at org.apache.jmeter.save.ScriptWrapperConverter.unmarshal(ScriptWrapperConverter.java:95)
	... 31 more
Caused by: com.thoughtworks.xstream.mapper.CannotResolveClassException: kg.apc.jmeter.vizualizers.CorrectedResultCollector
	at com.thoughtworks.xstream.mapper.DefaultMapper.realClass(DefaultMapper.java:79)
	at com.thoughtworks.xstream.mapper.MapperWrapper.realClass(MapperWrapper.java:30)
	at com.thoughtworks.xstream.mapper.DynamicProxyMapper.realClass(DynamicProxyMapper.java:55)
	at com.thoughtworks.xstream.mapper.MapperWrapper.realClass(MapperWrapper.java:30)
	at com.thoughtworks.xstream.mapper.PackageAliasingMapper.realClass(PackageAliasingMapper.java:88)
	at com.thoughtworks.xstream.mapper.MapperWrapper.realClass(MapperWrapper.java:30)
	at com.thoughtworks.xstream.mapper.ClassAliasingMapper.realClass(ClassAliasingMapper.java:79)
	at com.thoughtworks.xstream.mapper.MapperWrapper.realClass(MapperWrapper.java:30)
	at com.thoughtworks.xstream.mapper.MapperWrapper.realClass(MapperWrapper.java:30)
	at com.thoughtworks.xstream.mapper.MapperWrapper.realClass(MapperWrapper.java:30)
	at com.thoughtworks.xstream.mapper.MapperWrapper.realClass(MapperWrapper.java:30)
	at com.thoughtworks.xstream.mapper.MapperWrapper.realClass(MapperWrapper.java:30)
	at com.thoughtworks.xstream.mapper.MapperWrapper.realClass(MapperWrapper.java:30)
	at com.thoughtworks.xstream.mapper.ArrayMapper.realClass(ArrayMapper.java:74)
	at com.thoughtworks.xstream.mapper.MapperWrapper.realClass(MapperWrapper.java:30)
	at com.thoughtworks.xstream.mapper.MapperWrapper.realClass(MapperWrapper.java:30)
	at com.thoughtworks.xstream.mapper.MapperWrapper.realClass(MapperWrapper.java:30)
	at com.thoughtworks.xstream.mapper.MapperWrapper.realClass(MapperWrapper.java:30)
	at com.thoughtworks.xstream.mapper.MapperWrapper.realClass(MapperWrapper.java:30)
	at com.thoughtworks.xstream.mapper.MapperWrapper.realClass(MapperWrapper.java:30)
	at com.thoughtworks.xstream.mapper.MapperWrapper.realClass(MapperWrapper.java:30)
	at com.thoughtworks.xstream.mapper.SecurityMapper.realClass(SecurityMapper.java:71)
	at com.thoughtworks.xstream.mapper.MapperWrapper.realClass(MapperWrapper.java:30)
	at com.thoughtworks.xstream.mapper.MapperWrapper.realClass(MapperWrapper.java:30)
	at org.apache.jmeter.save.SaveService$XStreamWrapper$1.realClass(SaveService.java:94)
	at com.thoughtworks.xstream.mapper.MapperWrapper.realClass(MapperWrapper.java:30)
	at com.thoughtworks.xstream.mapper.CachingMapper.realClass(CachingMapper.java:47)
	at com.thoughtworks.xstream.core.util.HierarchicalStreams.readClassType(HierarchicalStreams.java:29)
	at com.thoughtworks.xstream.converters.collections.AbstractCollectionConverter.readItem(AbstractCollectionConverter.java:70)
	at org.apache.jmeter.save.converters.HashTreeConverter.unmarshal(HashTreeConverter.java:67)
	at com.thoughtworks.xstream.core.TreeUnmarshaller.convert(TreeUnmarshaller.java:72)
	... 41 more

2015/12/14 13:01:14 INFO  - jmeter.gui.action.Load: Loading file: C:\Personal\JnJm\qatools\jmeter_web_parser\src\main\jmx_files\data_and_event_driven_labels.jmx 
2015/12/14 13:01:14 INFO  - jmeter.services.FileServer: Set new base='C:\Personal\JnJm\qatools\jmeter_web_parser\src\main\jmx_files' 
2015/12/14 13:01:14 INFO  - jmeter.save.SaveService: Loading file: C:\Personal\JnJm\qatools\jmeter_web_parser\src\main\jmx_files\data_and_event_driven_labels.jmx 
2015/12/14 13:01:14 WARN  - jmeter.gui.action.Load: Unexpected error java.lang.IllegalArgumentException: Problem loading XML from:'C:\Personal\JnJm\qatools\jmeter_web_parser\src\main\jmx_files\data_and_event_driven_labels.jmx', conversion error com.thoughtworks.xstream.converters.ConversionException: kg.apc.jmeter.vizualizers.CorrectedResultCollector : kg.apc.jmeter.vizualizers.CorrectedResultCollector
---- Debugging information ----
message             : kg.apc.jmeter.vizualizers.CorrectedResultCollector
cause-exception     : com.thoughtworks.xstream.mapper.CannotResolveClassException
cause-message       : kg.apc.jmeter.vizualizers.CorrectedResultCollector
class               : org.apache.jorphan.collections.ListedHashTree
required-type       : org.apache.jorphan.collections.ListedHashTree
converter-type      : org.apache.jmeter.save.converters.HashTreeConverter
path                : /jmeterTestPlan/hashTree/hashTree/kg.apc.jmeter.vizualizers.CorrectedResultCollector
line number         : 4890
------------------------------- : kg.apc.jmeter.vizualizers.CorrectedResultCollector : kg.apc.jmeter.vizualizers.CorrectedResultCollector
---- Debugging information ----
message             : kg.apc.jmeter.vizualizers.CorrectedResultCollector
cause-exception     : com.thoughtworks.xstream.mapper.CannotResolveClassException
cause-message       : kg.apc.jmeter.vizualizers.CorrectedResultCollector
class               : org.apache.jorphan.collections.ListedHashTree
required-type       : org.apache.jorphan.collections.ListedHashTree
converter-type      : org.apache.jmeter.save.converters.HashTreeConverter
path                : /jmeterTestPlan/hashTree/hashTree/kg.apc.jmeter.vizualizers.CorrectedResultCollector
line number         : 4890
-------------------------------
message             : kg.apc.jmeter.vizualizers.CorrectedResultCollector : kg.apc.jmeter.vizualizers.CorrectedResultCollector
---- Debugging information ----
message             : kg.apc.jmeter.vizualizers.CorrectedResultCollector
cause-exception     : com.thoughtworks.xstream.mapper.CannotResolveClassException
cause-message       : kg.apc.jmeter.vizualizers.CorrectedResultCollector
class               : org.apache.jorphan.collections.ListedHashTree
required-type       : org.apache.jorphan.collections.ListedHashTree
converter-type      : org.apache.jmeter.save.converters.HashTreeConverter
path                : /jmeterTestPlan/hashTree/hashTree/kg.apc.jmeter.vizualizers.CorrectedResultCollector
line number         : 4890
-------------------------------
cause-exception     : com.thoughtworks.xstream.converters.ConversionException
cause-message       : kg.apc.jmeter.vizualizers.CorrectedResultCollector : kg.apc.jmeter.vizualizers.CorrectedResultCollector
first-jmeter-class  : org.apache.jmeter.save.converters.HashTreeConverter.unmarshal(HashTreeConverter.java:67)
class               : org.apache.jmeter.save.ScriptWrapper
required-type       : org.apache.jorphan.collections.ListedHashTree
converter-type      : org.apache.jmeter.save.ScriptWrapperConverter
path                : /jmeterTestPlan/hashTree/hashTree/kg.apc.jmeter.vizualizers.CorrectedResultCollector
line number         : 4890
version             : 2.13 r1665067
-------------------------------
	at org.apache.jmeter.save.SaveService.readTree(SaveService.java:586)
	at org.apache.jmeter.save.SaveService.loadTree(SaveService.java:537)
	at org.apache.jmeter.gui.action.Load.loadProjectFile(Load.java:130)
	at org.apache.jmeter.gui.action.Load.loadProjectFile(Load.java:102)
	at org.apache.jmeter.gui.action.Load.doAction(Load.java:89)
	at org.apache.jmeter.gui.action.ActionRouter.performAction(ActionRouter.java:81)
	at org.apache.jmeter.gui.action.ActionRouter.access$000(ActionRouter.java:40)
	at org.apache.jmeter.gui.action.ActionRouter$1.run(ActionRouter.java:63)
	at java.awt.event.InvocationEvent.dispatch(Unknown Source)
	at java.awt.EventQueue.dispatchEventImpl(Unknown Source)
	at java.awt.EventQueue.access$500(Unknown Source)
	at java.awt.EventQueue$3.run(Unknown Source)
	at java.awt.EventQueue$3.run(Unknown Source)
	at java.security.AccessController.doPrivileged(Native Method)
	at java.security.ProtectionDomain$1.doIntersectionPrivilege(Unknown Source)
	at java.awt.EventQueue.dispatchEvent(Unknown Source)
	at java.awt.EventDispatchThread.pumpOneEventForFilters(Unknown Source)
	at java.awt.EventDispatchThread.pumpEventsForFilter(Unknown Source)
	at java.awt.EventDispatchThread.pumpEventsForHierarchy(Unknown Source)
	at java.awt.EventDispatchThread.pumpEvents(Unknown Source)
	at java.awt.EventDispatchThread.pumpEvents(Unknown Source)
	at java.awt.EventDispatchThread.run(Unknown Source)
Caused by: com.thoughtworks.xstream.converters.ConversionException: kg.apc.jmeter.vizualizers.CorrectedResultCollector : kg.apc.jmeter.vizualizers.CorrectedResultCollector
---- Debugging information ----
message             : kg.apc.jmeter.vizualizers.CorrectedResultCollector
cause-exception     : com.thoughtworks.xstream.mapper.CannotResolveClassException
cause-message       : kg.apc.jmeter.vizualizers.CorrectedResultCollector
class               : org.apache.jorphan.collections.ListedHashTree
required-type       : org.apache.jorphan.collections.ListedHashTree
converter-type      : org.apache.jmeter.save.converters.HashTreeConverter
path                : /jmeterTestPlan/hashTree/hashTree/kg.apc.jmeter.vizualizers.CorrectedResultCollector
line number         : 4890
------------------------------- : kg.apc.jmeter.vizualizers.CorrectedResultCollector : kg.apc.jmeter.vizualizers.CorrectedResultCollector
---- Debugging information ----
message             : kg.apc.jmeter.vizualizers.CorrectedResultCollector
cause-exception     : com.thoughtworks.xstream.mapper.CannotResolveClassException
cause-message       : kg.apc.jmeter.vizualizers.CorrectedResultCollector
class               : org.apache.jorphan.collections.ListedHashTree
required-type       : org.apache.jorphan.collections.ListedHashTree
converter-type      : org.apache.jmeter.save.converters.HashTreeConverter
path                : /jmeterTestPlan/hashTree/hashTree/kg.apc.jmeter.vizualizers.CorrectedResultCollector
line number         : 4890
-------------------------------
message             : kg.apc.jmeter.vizualizers.CorrectedResultCollector : kg.apc.jmeter.vizualizers.CorrectedResultCollector
---- Debugging information ----
message             : kg.apc.jmeter.vizualizers.CorrectedResultCollector
cause-exception     : com.thoughtworks.xstream.mapper.CannotResolveClassException
cause-message       : kg.apc.jmeter.vizualizers.CorrectedResultCollector
class               : org.apache.jorphan.collections.ListedHashTree
required-type       : org.apache.jorphan.collections.ListedHashTree
converter-type      : org.apache.jmeter.save.converters.HashTreeConverter
path                : /jmeterTestPlan/hashTree/hashTree/kg.apc.jmeter.vizualizers.CorrectedResultCollector
line number         : 4890
-------------------------------
cause-exception     : com.thoughtworks.xstream.converters.ConversionException
cause-message       : kg.apc.jmeter.vizualizers.CorrectedResultCollector : kg.apc.jmeter.vizualizers.CorrectedResultCollector
first-jmeter-class  : org.apache.jmeter.save.converters.HashTreeConverter.unmarshal(HashTreeConverter.java:67)
class               : org.apache.jmeter.save.ScriptWrapper
required-type       : org.apache.jorphan.collections.ListedHashTree
converter-type      : org.apache.jmeter.save.ScriptWrapperConverter
path                : /jmeterTestPlan/hashTree/hashTree/kg.apc.jmeter.vizualizers.CorrectedResultCollector
line number         : 4890
version             : 2.13 r1665067
-------------------------------
	at org.apache.jmeter.save.ScriptWrapperConverter.createConversionException(ScriptWrapperConverter.java:105)
	at org.apache.jmeter.save.ScriptWrapperConverter.unmarshal(ScriptWrapperConverter.java:99)
	at com.thoughtworks.xstream.core.TreeUnmarshaller.convert(TreeUnmarshaller.java:72)
	at com.thoughtworks.xstream.core.AbstractReferenceUnmarshaller.convert(AbstractReferenceUnmarshaller.java:65)
	at com.thoughtworks.xstream.core.TreeUnmarshaller.convertAnother(TreeUnmarshaller.java:66)
	at com.thoughtworks.xstream.core.TreeUnmarshaller.convertAnother(TreeUnmarshaller.java:50)
	at com.thoughtworks.xstream.core.TreeUnmarshaller.start(TreeUnmarshaller.java:134)
	at com.thoughtworks.xstream.core.AbstractTreeMarshallingStrategy.unmarshal(AbstractTreeMarshallingStrategy.java:32)
	at com.thoughtworks.xstream.XStream.unmarshal(XStream.java:1206)
	at com.thoughtworks.xstream.XStream.unmarshal(XStream.java:1190)
	at com.thoughtworks.xstream.XStream.fromXML(XStream.java:1061)
	at org.apache.jmeter.save.SaveService.readTree(SaveService.java:559)
	... 21 more
Caused by: com.thoughtworks.xstream.converters.ConversionException: kg.apc.jmeter.vizualizers.CorrectedResultCollector : kg.apc.jmeter.vizualizers.CorrectedResultCollector
---- Debugging information ----
message             : kg.apc.jmeter.vizualizers.CorrectedResultCollector
cause-exception     : com.thoughtworks.xstream.mapper.CannotResolveClassException
cause-message       : kg.apc.jmeter.vizualizers.CorrectedResultCollector
class               : org.apache.jorphan.collections.ListedHashTree
required-type       : org.apache.jorphan.collections.ListedHashTree
converter-type      : org.apache.jmeter.save.converters.HashTreeConverter
path                : /jmeterTestPlan/hashTree/hashTree/kg.apc.jmeter.vizualizers.CorrectedResultCollector
line number         : 4890
-------------------------------
	at com.thoughtworks.xstream.core.TreeUnmarshaller.convert(TreeUnmarshaller.java:79)
	at com.thoughtworks.xstream.core.AbstractReferenceUnmarshaller.convert(AbstractReferenceUnmarshaller.java:65)
	at com.thoughtworks.xstream.core.TreeUnmarshaller.convertAnother(TreeUnmarshaller.java:66)
	at com.thoughtworks.xstream.core.TreeUnmarshaller.convertAnother(TreeUnmarshaller.java:50)
	at com.thoughtworks.xstream.converters.collections.AbstractCollectionConverter.readItem(AbstractCollectionConverter.java:71)
	at org.apache.jmeter.save.converters.HashTreeConverter.unmarshal(HashTreeConverter.java:67)
	at com.thoughtworks.xstream.core.TreeUnmarshaller.convert(TreeUnmarshaller.java:72)
	at com.thoughtworks.xstream.core.AbstractReferenceUnmarshaller.convert(AbstractReferenceUnmarshaller.java:65)
	at com.thoughtworks.xstream.core.TreeUnmarshaller.convertAnother(TreeUnmarshaller.java:66)
	at com.thoughtworks.xstream.core.TreeUnmarshaller.convertAnother(TreeUnmarshaller.java:50)
	at org.apache.jmeter.save.ScriptWrapperConverter.unmarshal(ScriptWrapperConverter.java:95)
	... 31 more
Caused by: com.thoughtworks.xstream.mapper.CannotResolveClassException: kg.apc.jmeter.vizualizers.CorrectedResultCollector
	at com.thoughtworks.xstream.mapper.DefaultMapper.realClass(DefaultMapper.java:79)
	at com.thoughtworks.xstream.mapper.MapperWrapper.realClass(MapperWrapper.java:30)
	at com.thoughtworks.xstream.mapper.DynamicProxyMapper.realClass(DynamicProxyMapper.java:55)
	at com.thoughtworks.xstream.mapper.MapperWrapper.realClass(MapperWrapper.java:30)
	at com.thoughtworks.xstream.mapper.PackageAliasingMapper.realClass(PackageAliasingMapper.java:88)
	at com.thoughtworks.xstream.mapper.MapperWrapper.realClass(MapperWrapper.java:30)
	at com.thoughtworks.xstream.mapper.ClassAliasingMapper.realClass(ClassAliasingMapper.java:79)
	at com.thoughtworks.xstream.mapper.MapperWrapper.realClass(MapperWrapper.java:30)
	at com.thoughtworks.xstream.mapper.MapperWrapper.realClass(MapperWrapper.java:30)
	at com.thoughtworks.xstream.mapper.MapperWrapper.realClass(MapperWrapper.java:30)
	at com.thoughtworks.xstream.mapper.MapperWrapper.realClass(MapperWrapper.java:30)
	at com.thoughtworks.xstream.mapper.MapperWrapper.realClass(MapperWrapper.java:30)
	at com.thoughtworks.xstream.mapper.MapperWrapper.realClass(MapperWrapper.java:30)
	at com.thoughtworks.xstream.mapper.ArrayMapper.realClass(ArrayMapper.java:74)
	at com.thoughtworks.xstream.mapper.MapperWrapper.realClass(MapperWrapper.java:30)
	at com.thoughtworks.xstream.mapper.MapperWrapper.realClass(MapperWrapper.java:30)
	at com.thoughtworks.xstream.mapper.MapperWrapper.realClass(MapperWrapper.java:30)
	at com.thoughtworks.xstream.mapper.MapperWrapper.realClass(MapperWrapper.java:30)
	at com.thoughtworks.xstream.mapper.MapperWrapper.realClass(MapperWrapper.java:30)
	at com.thoughtworks.xstream.mapper.MapperWrapper.realClass(MapperWrapper.java:30)
	at com.thoughtworks.xstream.mapper.MapperWrapper.realClass(MapperWrapper.java:30)
	at com.thoughtworks.xstream.mapper.SecurityMapper.realClass(SecurityMapper.java:71)
	at com.thoughtworks.xstream.mapper.MapperWrapper.realClass(MapperWrapper.java:30)
	at com.thoughtworks.xstream.mapper.MapperWrapper.realClass(MapperWrapper.java:30)
	at org.apache.jmeter.save.SaveService$XStreamWrapper$1.realClass(SaveService.java:94)
	at com.thoughtworks.xstream.mapper.MapperWrapper.realClass(MapperWrapper.java:30)
	at com.thoughtworks.xstream.mapper.CachingMapper.realClass(CachingMapper.java:47)
	at com.thoughtworks.xstream.core.util.HierarchicalStreams.readClassType(HierarchicalStreams.java:29)
	at com.thoughtworks.xstream.converters.collections.AbstractCollectionConverter.readItem(AbstractCollectionConverter.java:70)
	at org.apache.jmeter.save.converters.HashTreeConverter.unmarshal(HashTreeConverter.java:67)
	at com.thoughtworks.xstream.core.TreeUnmarshaller.convert(TreeUnmarshaller.java:72)
	... 41 more

2015/12/14 13:01:22 INFO  - jmeter.gui.action.Load: Loading file: C:\Personal\JnJm\qatools\jmeter_web_parser\src\main\jmx_files\data_and_event_driven_labels.jmx 
2015/12/14 13:01:22 INFO  - jmeter.services.FileServer: Set new base='C:\Personal\JnJm\qatools\jmeter_web_parser\src\main\jmx_files' 
2015/12/14 13:01:22 INFO  - jmeter.save.SaveService: Loading file: C:\Personal\JnJm\qatools\jmeter_web_parser\src\main\jmx_files\data_and_event_driven_labels.jmx 
2015/12/14 13:01:23 WARN  - jmeter.gui.action.Load: Unexpected error java.lang.IllegalArgumentException: Problem loading XML from:'C:\Personal\JnJm\qatools\jmeter_web_parser\src\main\jmx_files\data_and_event_driven_labels.jmx', conversion error com.thoughtworks.xstream.converters.ConversionException: kg.apc.jmeter.vizualizers.CorrectedResultCollector : kg.apc.jmeter.vizualizers.CorrectedResultCollector
---- Debugging information ----
message             : kg.apc.jmeter.vizualizers.CorrectedResultCollector
cause-exception     : com.thoughtworks.xstream.mapper.CannotResolveClassException
cause-message       : kg.apc.jmeter.vizualizers.CorrectedResultCollector
class               : org.apache.jorphan.collections.ListedHashTree
required-type       : org.apache.jorphan.collections.ListedHashTree
converter-type      : org.apache.jmeter.save.converters.HashTreeConverter
path                : /jmeterTestPlan/hashTree/hashTree/kg.apc.jmeter.vizualizers.CorrectedResultCollector
line number         : 4890
------------------------------- : kg.apc.jmeter.vizualizers.CorrectedResultCollector : kg.apc.jmeter.vizualizers.CorrectedResultCollector
---- Debugging information ----
message             : kg.apc.jmeter.vizualizers.CorrectedResultCollector
cause-exception     : com.thoughtworks.xstream.mapper.CannotResolveClassException
cause-message       : kg.apc.jmeter.vizualizers.CorrectedResultCollector
class               : org.apache.jorphan.collections.ListedHashTree
required-type       : org.apache.jorphan.collections.ListedHashTree
converter-type      : org.apache.jmeter.save.converters.HashTreeConverter
path                : /jmeterTestPlan/hashTree/hashTree/kg.apc.jmeter.vizualizers.CorrectedResultCollector
line number         : 4890
-------------------------------
message             : kg.apc.jmeter.vizualizers.CorrectedResultCollector : kg.apc.jmeter.vizualizers.CorrectedResultCollector
---- Debugging information ----
message             : kg.apc.jmeter.vizualizers.CorrectedResultCollector
cause-exception     : com.thoughtworks.xstream.mapper.CannotResolveClassException
cause-message       : kg.apc.jmeter.vizualizers.CorrectedResultCollector
class               : org.apache.jorphan.collections.ListedHashTree
required-type       : org.apache.jorphan.collections.ListedHashTree
converter-type      : org.apache.jmeter.save.converters.HashTreeConverter
path                : /jmeterTestPlan/hashTree/hashTree/kg.apc.jmeter.vizualizers.CorrectedResultCollector
line number         : 4890
-------------------------------
cause-exception     : com.thoughtworks.xstream.converters.ConversionException
cause-message       : kg.apc.jmeter.vizualizers.CorrectedResultCollector : kg.apc.jmeter.vizualizers.CorrectedResultCollector
first-jmeter-class  : org.apache.jmeter.save.converters.HashTreeConverter.unmarshal(HashTreeConverter.java:67)
class               : org.apache.jmeter.save.ScriptWrapper
required-type       : org.apache.jorphan.collections.ListedHashTree
converter-type      : org.apache.jmeter.save.ScriptWrapperConverter
path                : /jmeterTestPlan/hashTree/hashTree/kg.apc.jmeter.vizualizers.CorrectedResultCollector
line number         : 4890
version             : 2.13 r1665067
-------------------------------
	at org.apache.jmeter.save.SaveService.readTree(SaveService.java:586)
	at org.apache.jmeter.save.SaveService.loadTree(SaveService.java:537)
	at org.apache.jmeter.gui.action.Load.loadProjectFile(Load.java:130)
	at org.apache.jmeter.gui.action.Load.loadProjectFile(Load.java:102)
	at org.apache.jmeter.gui.action.Load.doAction(Load.java:89)
	at org.apache.jmeter.gui.action.ActionRouter.performAction(ActionRouter.java:81)
	at org.apache.jmeter.gui.action.ActionRouter.access$000(ActionRouter.java:40)
	at org.apache.jmeter.gui.action.ActionRouter$1.run(ActionRouter.java:63)
	at java.awt.event.InvocationEvent.dispatch(Unknown Source)
	at java.awt.EventQueue.dispatchEventImpl(Unknown Source)
	at java.awt.EventQueue.access$500(Unknown Source)
	at java.awt.EventQueue$3.run(Unknown Source)
	at java.awt.EventQueue$3.run(Unknown Source)
	at java.security.AccessController.doPrivileged(Native Method)
	at java.security.ProtectionDomain$1.doIntersectionPrivilege(Unknown Source)
	at java.awt.EventQueue.dispatchEvent(Unknown Source)
	at java.awt.EventDispatchThread.pumpOneEventForFilters(Unknown Source)
	at java.awt.EventDispatchThread.pumpEventsForFilter(Unknown Source)
	at java.awt.EventDispatchThread.pumpEventsForHierarchy(Unknown Source)
	at java.awt.EventDispatchThread.pumpEvents(Unknown Source)
	at java.awt.EventDispatchThread.pumpEvents(Unknown Source)
	at java.awt.EventDispatchThread.run(Unknown Source)
Caused by: com.thoughtworks.xstream.converters.ConversionException: kg.apc.jmeter.vizualizers.CorrectedResultCollector : kg.apc.jmeter.vizualizers.CorrectedResultCollector
---- Debugging information ----
message             : kg.apc.jmeter.vizualizers.CorrectedResultCollector
cause-exception     : com.thoughtworks.xstream.mapper.CannotResolveClassException
cause-message       : kg.apc.jmeter.vizualizers.CorrectedResultCollector
class               : org.apache.jorphan.collections.ListedHashTree
required-type       : org.apache.jorphan.collections.ListedHashTree
converter-type      : org.apache.jmeter.save.converters.HashTreeConverter
path                : /jmeterTestPlan/hashTree/hashTree/kg.apc.jmeter.vizualizers.CorrectedResultCollector
line number         : 4890
------------------------------- : kg.apc.jmeter.vizualizers.CorrectedResultCollector : kg.apc.jmeter.vizualizers.CorrectedResultCollector
---- Debugging information ----
message             : kg.apc.jmeter.vizualizers.CorrectedResultCollector
cause-exception     : com.thoughtworks.xstream.mapper.CannotResolveClassException
cause-message       : kg.apc.jmeter.vizualizers.CorrectedResultCollector
class               : org.apache.jorphan.collections.ListedHashTree
required-type       : org.apache.jorphan.collections.ListedHashTree
converter-type      : org.apache.jmeter.save.converters.HashTreeConverter
path                : /jmeterTestPlan/hashTree/hashTree/kg.apc.jmeter.vizualizers.CorrectedResultCollector
line number         : 4890
-------------------------------
message             : kg.apc.jmeter.vizualizers.CorrectedResultCollector : kg.apc.jmeter.vizualizers.CorrectedResultCollector
---- Debugging information ----
message             : kg.apc.jmeter.vizualizers.CorrectedResultCollector
cause-exception     : com.thoughtworks.xstream.mapper.CannotResolveClassException
cause-message       : kg.apc.jmeter.vizualizers.CorrectedResultCollector
class               : org.apache.jorphan.collections.ListedHashTree
required-type       : org.apache.jorphan.collections.ListedHashTree
converter-type      : org.apache.jmeter.save.converters.HashTreeConverter
path                : /jmeterTestPlan/hashTree/hashTree/kg.apc.jmeter.vizualizers.CorrectedResultCollector
line number         : 4890
-------------------------------
cause-exception     : com.thoughtworks.xstream.converters.ConversionException
cause-message       : kg.apc.jmeter.vizualizers.CorrectedResultCollector : kg.apc.jmeter.vizualizers.CorrectedResultCollector
first-jmeter-class  : org.apache.jmeter.save.converters.HashTreeConverter.unmarshal(HashTreeConverter.java:67)
class               : org.apache.jmeter.save.ScriptWrapper
required-type       : org.apache.jorphan.collections.ListedHashTree
converter-type      : org.apache.jmeter.save.ScriptWrapperConverter
path                : /jmeterTestPlan/hashTree/hashTree/kg.apc.jmeter.vizualizers.CorrectedResultCollector
line number         : 4890
version             : 2.13 r1665067
-------------------------------
	at org.apache.jmeter.save.ScriptWrapperConverter.createConversionException(ScriptWrapperConverter.java:105)
	at org.apache.jmeter.save.ScriptWrapperConverter.unmarshal(ScriptWrapperConverter.java:99)
	at com.thoughtworks.xstream.core.TreeUnmarshaller.convert(TreeUnmarshaller.java:72)
	at com.thoughtworks.xstream.core.AbstractReferenceUnmarshaller.convert(AbstractReferenceUnmarshaller.java:65)
	at com.thoughtworks.xstream.core.TreeUnmarshaller.convertAnother(TreeUnmarshaller.java:66)
	at com.thoughtworks.xstream.core.TreeUnmarshaller.convertAnother(TreeUnmarshaller.java:50)
	at com.thoughtworks.xstream.core.TreeUnmarshaller.start(TreeUnmarshaller.java:134)
	at com.thoughtworks.xstream.core.AbstractTreeMarshallingStrategy.unmarshal(AbstractTreeMarshallingStrategy.java:32)
	at com.thoughtworks.xstream.XStream.unmarshal(XStream.java:1206)
	at com.thoughtworks.xstream.XStream.unmarshal(XStream.java:1190)
	at com.thoughtworks.xstream.XStream.fromXML(XStream.java:1061)
	at org.apache.jmeter.save.SaveService.readTree(SaveService.java:559)
	... 21 more
Caused by: com.thoughtworks.xstream.converters.ConversionException: kg.apc.jmeter.vizualizers.CorrectedResultCollector : kg.apc.jmeter.vizualizers.CorrectedResultCollector
---- Debugging information ----
message             : kg.apc.jmeter.vizualizers.CorrectedResultCollector
cause-exception     : com.thoughtworks.xstream.mapper.CannotResolveClassException
cause-message       : kg.apc.jmeter.vizualizers.CorrectedResultCollector
class               : org.apache.jorphan.collections.ListedHashTree
required-type       : org.apache.jorphan.collections.ListedHashTree
converter-type      : org.apache.jmeter.save.converters.HashTreeConverter
path                : /jmeterTestPlan/hashTree/hashTree/kg.apc.jmeter.vizualizers.CorrectedResultCollector
line number         : 4890
-------------------------------
	at com.thoughtworks.xstream.core.TreeUnmarshaller.convert(TreeUnmarshaller.java:79)
	at com.thoughtworks.xstream.core.AbstractReferenceUnmarshaller.convert(AbstractReferenceUnmarshaller.java:65)
	at com.thoughtworks.xstream.core.TreeUnmarshaller.convertAnother(TreeUnmarshaller.java:66)
	at com.thoughtworks.xstream.core.TreeUnmarshaller.convertAnother(TreeUnmarshaller.java:50)
	at com.thoughtworks.xstream.converters.collections.AbstractCollectionConverter.readItem(AbstractCollectionConverter.java:71)
	at org.apache.jmeter.save.converters.HashTreeConverter.unmarshal(HashTreeConverter.java:67)
	at com.thoughtworks.xstream.core.TreeUnmarshaller.convert(TreeUnmarshaller.java:72)
	at com.thoughtworks.xstream.core.AbstractReferenceUnmarshaller.convert(AbstractReferenceUnmarshaller.java:65)
	at com.thoughtworks.xstream.core.TreeUnmarshaller.convertAnother(TreeUnmarshaller.java:66)
	at com.thoughtworks.xstream.core.TreeUnmarshaller.convertAnother(TreeUnmarshaller.java:50)
	at org.apache.jmeter.save.ScriptWrapperConverter.unmarshal(ScriptWrapperConverter.java:95)
	... 31 more
Caused by: com.thoughtworks.xstream.mapper.CannotResolveClassException: kg.apc.jmeter.vizualizers.CorrectedResultCollector
	at com.thoughtworks.xstream.mapper.DefaultMapper.realClass(DefaultMapper.java:79)
	at com.thoughtworks.xstream.mapper.MapperWrapper.realClass(MapperWrapper.java:30)
	at com.thoughtworks.xstream.mapper.DynamicProxyMapper.realClass(DynamicProxyMapper.java:55)
	at com.thoughtworks.xstream.mapper.MapperWrapper.realClass(MapperWrapper.java:30)
	at com.thoughtworks.xstream.mapper.PackageAliasingMapper.realClass(PackageAliasingMapper.java:88)
	at com.thoughtworks.xstream.mapper.MapperWrapper.realClass(MapperWrapper.java:30)
	at com.thoughtworks.xstream.mapper.ClassAliasingMapper.realClass(ClassAliasingMapper.java:79)
	at com.thoughtworks.xstream.mapper.MapperWrapper.realClass(MapperWrapper.java:30)
	at com.thoughtworks.xstream.mapper.MapperWrapper.realClass(MapperWrapper.java:30)
	at com.thoughtworks.xstream.mapper.MapperWrapper.realClass(MapperWrapper.java:30)
	at com.thoughtworks.xstream.mapper.MapperWrapper.realClass(MapperWrapper.java:30)
	at com.thoughtworks.xstream.mapper.MapperWrapper.realClass(MapperWrapper.java:30)
	at com.thoughtworks.xstream.mapper.MapperWrapper.realClass(MapperWrapper.java:30)
	at com.thoughtworks.xstream.mapper.ArrayMapper.realClass(ArrayMapper.java:74)
	at com.thoughtworks.xstream.mapper.MapperWrapper.realClass(MapperWrapper.java:30)
	at com.thoughtworks.xstream.mapper.MapperWrapper.realClass(MapperWrapper.java:30)
	at com.thoughtworks.xstream.mapper.MapperWrapper.realClass(MapperWrapper.java:30)
	at com.thoughtworks.xstream.mapper.MapperWrapper.realClass(MapperWrapper.java:30)
	at com.thoughtworks.xstream.mapper.MapperWrapper.realClass(MapperWrapper.java:30)
	at com.thoughtworks.xstream.mapper.MapperWrapper.realClass(MapperWrapper.java:30)
	at com.thoughtworks.xstream.mapper.MapperWrapper.realClass(MapperWrapper.java:30)
	at com.thoughtworks.xstream.mapper.SecurityMapper.realClass(SecurityMapper.java:71)
	at com.thoughtworks.xstream.mapper.MapperWrapper.realClass(MapperWrapper.java:30)
	at com.thoughtworks.xstream.mapper.MapperWrapper.realClass(MapperWrapper.java:30)
	at org.apache.jmeter.save.SaveService$XStreamWrapper$1.realClass(SaveService.java:94)
	at com.thoughtworks.xstream.mapper.MapperWrapper.realClass(MapperWrapper.java:30)
	at com.thoughtworks.xstream.mapper.CachingMapper.realClass(CachingMapper.java:47)
	at com.thoughtworks.xstream.core.util.HierarchicalStreams.readClassType(HierarchicalStreams.java:29)
	at com.thoughtworks.xstream.converters.collections.AbstractCollectionConverter.readItem(AbstractCollectionConverter.java:70)
	at org.apache.jmeter.save.converters.HashTreeConverter.unmarshal(HashTreeConverter.java:67)
	at com.thoughtworks.xstream.core.TreeUnmarshaller.convert(TreeUnmarshaller.java:72)
	... 41 more

