2019-01-10 10:14:04,645 INFO o.a.j.u.JMeterUtils: Setting Locale to en_US
2019-01-10 10:14:04,662 INFO o.a.j.JMeter: Loading user properties from: user.properties
2019-01-10 10:14:04,662 INFO o.a.j.JMeter: Loading system properties from: system.properties
2019-01-10 10:14:04,668 INFO o.a.j.JMeter: Copyright (c) 1998-2018 The Apache Software Foundation
2019-01-10 10:14:04,668 INFO o.a.j.JMeter: Version 5.0 r1840935
2019-01-10 10:14:04,668 INFO o.a.j.JMeter: java.version=1.8.0_45
2019-01-10 10:14:04,668 INFO o.a.j.JMeter: java.vm.name=Java HotSpot(TM) 64-Bit Server VM
2019-01-10 10:14:04,668 INFO o.a.j.JMeter: os.name=Linux
2019-01-10 10:14:04,668 INFO o.a.j.JMeter: os.arch=amd64
2019-01-10 10:14:04,668 INFO o.a.j.JMeter: os.version=3.10.0-693.2.2.el7.x86_64
2019-01-10 10:14:04,668 INFO o.a.j.JMeter: file.encoding=UTF-8
2019-01-10 10:14:04,668 INFO o.a.j.JMeter: Max memory     =2770337792
2019-01-10 10:14:04,669 INFO o.a.j.JMeter: Available Processors =8
2019-01-10 10:14:04,673 INFO o.a.j.JMeter: Default Locale=English (United States)
2019-01-10 10:14:04,673 INFO o.a.j.JMeter: JMeter  Locale=English (United States)
2019-01-10 10:14:04,673 INFO o.a.j.JMeter: JMeterHome=/app/apache-jmeter-r1850618
2019-01-10 10:14:04,673 INFO o.a.j.JMeter: user.dir  =/app/apache-jmeter-r1850618/bin
2019-01-10 10:14:04,674 INFO o.a.j.JMeter: PWD       =/app/apache-jmeter-r1850618/bin

2019-01-10 10:14:10,655 INFO o.a.j.p.h.s.HTTPSamplerBase: Parser for text/html is org.apache.jmeter.protocol.http.parser.LagartoBasedHtmlParser
2019-01-10 10:14:10,656 INFO o.a.j.p.h.s.HTTPSamplerBase: Parser for application/xhtml+xml is org.apache.jmeter.protocol.http.parser.LagartoBasedHtmlParser
2019-01-10 10:14:10,656 INFO o.a.j.p.h.s.HTTPSamplerBase: Parser for application/xml is org.apache.jmeter.protocol.http.parser.LagartoBasedHtmlParser
2019-01-10 10:14:10,656 INFO o.a.j.p.h.s.HTTPSamplerBase: Parser for text/xml is org.apache.jmeter.protocol.http.parser.LagartoBasedHtmlParser
2019-01-10 10:14:10,656 INFO o.a.j.p.h.s.HTTPSamplerBase: Parser for text/vnd.wap.wml is org.apache.jmeter.protocol.http.parser.RegexpHTMLParser
2019-01-10 10:14:10,656 INFO o.a.j.p.h.s.HTTPSamplerBase: Parser for text/css is org.apache.jmeter.protocol.http.parser.CssParser
2019-01-10 10:14:10,914 INFO o.a.j.e.KeyToolUtils: keytool found at 'keytool'
2019-01-10 10:14:10,915 INFO o.a.j.p.h.p.ProxyControl: HTTP(S) Test Script Recorder SSL Proxy will use keys that support embedded 3rd party resources in file /app/apache-jmeter-r1850618/bin/proxyserver.jks
2019-01-10 10:14:11,092 INFO o.a.j.s.FileServer: Default base='/app/apache-jmeter-r1850618/bin'
2019-01-10 10:14:11,399 INFO o.a.j.s.SampleResult: Note: Sample TimeStamps are START times
2019-01-10 10:14:11,399 INFO o.a.j.s.SampleResult: sampleresult.default.encoding is set to ISO-8859-1
2019-01-10 10:14:11,399 INFO o.a.j.s.SampleResult: sampleresult.useNanoTime=true
2019-01-10 10:14:11,400 INFO o.a.j.s.SampleResult: sampleresult.nanoThreadSleep=5000
2019-01-10 10:17:20,024 INFO o.a.j.g.a.Load: Loading file: /app/apache-jmeter-5.0/scripts/test.jmx
2019-01-10 10:17:20,024 INFO o.a.j.s.FileServer: Set new base='/app/apache-jmeter-5.0/scripts/'
2019-01-10 10:17:20,152 INFO o.a.j.s.SaveService: Testplan (JMX) version: 2.2. Testlog (JTL) version: 2.2
2019-01-10 10:17:20,157 INFO o.a.j.s.SaveService: Using SaveService properties file encoding UTF-8
2019-01-10 10:17:20,158 INFO o.a.j.s.SaveService: Using SaveService properties version 5.0
2019-01-10 10:17:20,161 INFO o.a.j.s.SaveService: Loading file: /app/apache-jmeter-5.0/scripts/test.jmx
2019-01-10 10:17:21,018 INFO o.a.j.p.h.c.CookieManager: Settings: Delete null: true Check: true Allow variable: true Save: false Prefix: COOKIE_
2019-01-10 10:17:21,045 INFO o.a.j.u.BSFTestElement: Registering JMeter version of JavaScript engine as work-round for BSF-22
2019-01-10 10:17:27,610 INFO o.a.j.s.FileServer: Set new base='/app/apache-jmeter-5.0/scripts/'
2019-01-10 10:17:36,625 WARN o.a.j.u.JMeterUtils: ERROR! Resource string not found: [label]
2019-01-10 10:17:36,629 WARN o.a.j.u.JMeterUtils: ERROR! Resource string not found: [label]
2019-01-10 10:17:36,630 WARN o.a.j.u.JMeterUtils: ERROR! Resource string not found: [label]
2019-01-10 10:17:36,630 WARN o.a.j.u.JMeterUtils: ERROR! Resource string not found: [label]
2019-01-10 10:17:36,632 WARN o.a.j.u.JMeterUtils: ERROR! Resource string not found: [label]
2019-01-10 10:17:36,634 WARN o.a.j.u.JMeterUtils: ERROR! Resource string not found: [label]
2019-01-10 10:17:36,634 WARN o.a.j.u.JMeterUtils: ERROR! Resource string not found: [#_samples]
2019-01-10 10:17:36,635 WARN o.a.j.u.JMeterUtils: ERROR! Resource string not found: [median]
2019-01-10 10:17:36,635 WARN o.a.j.u.JMeterUtils: ERROR! Resource string not found: [90%_line]
2019-01-10 10:17:36,635 WARN o.a.j.u.JMeterUtils: ERROR! Resource string not found: [95%_line]
2019-01-10 10:17:36,635 WARN o.a.j.u.JMeterUtils: ERROR! Resource string not found: [99%_line]
2019-01-10 10:17:36,636 WARN o.a.j.u.JMeterUtils: ERROR! Resource string not found: [min]
2019-01-10 10:17:36,636 WARN o.a.j.u.JMeterUtils: ERROR! Resource string not found: [error_%]
2019-01-10 10:17:36,636 WARN o.a.j.u.JMeterUtils: ERROR! Resource string not found: [throughput]
2019-01-10 10:17:36,636 WARN o.a.j.u.JMeterUtils: ERROR! Resource string not found: [received_kb/sec]
2019-01-10 10:17:36,636 WARN o.a.j.u.JMeterUtils: ERROR! Resource string not found: [sent_kb/sec]
2019-01-10 10:17:36,656 WARN o.a.j.u.JMeterUtils: ERROR! Resource string not found: [label]
2019-01-10 10:17:36,656 WARN o.a.j.u.JMeterUtils: ERROR! Resource string not found: [label]
2019-01-10 10:17:36,736 WARN o.a.j.u.JMeterUtils: ERROR! Resource string not found: [label]
2019-01-10 10:17:36,736 WARN o.a.j.u.JMeterUtils: ERROR! Resource string not found: [#_samples]
2019-01-10 10:17:36,736 WARN o.a.j.u.JMeterUtils: ERROR! Resource string not found: [median]
2019-01-10 10:17:36,736 WARN o.a.j.u.JMeterUtils: ERROR! Resource string not found: [90%_line]
2019-01-10 10:17:36,737 WARN o.a.j.u.JMeterUtils: ERROR! Resource string not found: [95%_line]
2019-01-10 10:17:36,737 WARN o.a.j.u.JMeterUtils: ERROR! Resource string not found: [99%_line]
2019-01-10 10:17:36,737 WARN o.a.j.u.JMeterUtils: ERROR! Resource string not found: [min]
2019-01-10 10:17:36,737 WARN o.a.j.u.JMeterUtils: ERROR! Resource string not found: [error_%]
2019-01-10 10:17:36,737 WARN o.a.j.u.JMeterUtils: ERROR! Resource string not found: [throughput]
2019-01-10 10:17:36,738 WARN o.a.j.u.JMeterUtils: ERROR! Resource string not found: [received_kb/sec]
2019-01-10 10:17:36,738 WARN o.a.j.u.JMeterUtils: ERROR! Resource string not found: [sent_kb/sec]
2019-01-10 10:17:42,779 WARN o.a.j.u.JMeterUtils: ERROR! Resource string not found: [label]
2019-01-10 10:17:42,786 WARN o.a.j.u.JMeterUtils: ERROR! Resource string not found: [label]
2019-01-10 10:17:42,786 WARN o.a.j.u.JMeterUtils: ERROR! Resource string not found: [#_samples]
2019-01-10 10:17:42,786 WARN o.a.j.u.JMeterUtils: ERROR! Resource string not found: [median]
2019-01-10 10:17:42,787 WARN o.a.j.u.JMeterUtils: ERROR! Resource string not found: [90%_line]
2019-01-10 10:17:42,787 WARN o.a.j.u.JMeterUtils: ERROR! Resource string not found: [95%_line]
2019-01-10 10:17:42,787 WARN o.a.j.u.JMeterUtils: ERROR! Resource string not found: [99%_line]
2019-01-10 10:17:42,787 WARN o.a.j.u.JMeterUtils: ERROR! Resource string not found: [min]
2019-01-10 10:17:42,788 WARN o.a.j.u.JMeterUtils: ERROR! Resource string not found: [error_%]
2019-01-10 10:17:42,788 WARN o.a.j.u.JMeterUtils: ERROR! Resource string not found: [throughput]
2019-01-10 10:17:42,788 WARN o.a.j.u.JMeterUtils: ERROR! Resource string not found: [received_kb/sec]
2019-01-10 10:17:42,788 WARN o.a.j.u.JMeterUtils: ERROR! Resource string not found: [sent_kb/sec]
2019-01-10 10:17:42,808 WARN o.a.j.u.JMeterUtils: ERROR! Resource string not found: [label]
2019-01-10 10:17:42,809 WARN o.a.j.u.JMeterUtils: ERROR! Resource string not found: [label]
2019-01-10 10:17:42,810 WARN o.a.j.u.JMeterUtils: ERROR! Resource string not found: [label]
2019-01-10 10:17:42,814 WARN o.a.j.u.JMeterUtils: ERROR! Resource string not found: [label]
2019-01-10 10:17:42,814 WARN o.a.j.u.JMeterUtils: ERROR! Resource string not found: [#_samples]
2019-01-10 10:17:42,814 WARN o.a.j.u.JMeterUtils: ERROR! Resource string not found: [median]
2019-01-10 10:17:42,815 WARN o.a.j.u.JMeterUtils: ERROR! Resource string not found: [90%_line]
2019-01-10 10:17:42,815 WARN o.a.j.u.JMeterUtils: ERROR! Resource string not found: [95%_line]
2019-01-10 10:17:42,815 WARN o.a.j.u.JMeterUtils: ERROR! Resource string not found: [99%_line]
2019-01-10 10:17:42,815 WARN o.a.j.u.JMeterUtils: ERROR! Resource string not found: [min]
2019-01-10 10:17:42,815 WARN o.a.j.u.JMeterUtils: ERROR! Resource string not found: [error_%]
2019-01-10 10:17:42,816 WARN o.a.j.u.JMeterUtils: ERROR! Resource string not found: [throughput]
2019-01-10 10:17:42,816 WARN o.a.j.u.JMeterUtils: ERROR! Resource string not found: [received_kb/sec]
2019-01-10 10:17:42,816 WARN o.a.j.u.JMeterUtils: ERROR! Resource string not found: [sent_kb/sec]
2019-01-10 10:17:56,911 WARN o.a.j.u.JMeterUtils: ERROR! Resource string not found: [label]
2019-01-10 10:17:56,912 WARN o.a.j.u.JMeterUtils: ERROR! Resource string not found: [#_samples]
2019-01-10 10:17:56,912 WARN o.a.j.u.JMeterUtils: ERROR! Resource string not found: [median]
2019-01-10 10:17:56,912 WARN o.a.j.u.JMeterUtils: ERROR! Resource string not found: [90%_line]
2019-01-10 10:17:56,912 WARN o.a.j.u.JMeterUtils: ERROR! Resource string not found: [95%_line]
2019-01-10 10:17:56,912 WARN o.a.j.u.JMeterUtils: ERROR! Resource string not found: [99%_line]
2019-01-10 10:17:56,912 WARN o.a.j.u.JMeterUtils: ERROR! Resource string not found: [min]
2019-01-10 10:17:56,913 WARN o.a.j.u.JMeterUtils: ERROR! Resource string not found: [error_%]
2019-01-10 10:17:56,913 WARN o.a.j.u.JMeterUtils: ERROR! Resource string not found: [throughput]
2019-01-10 10:17:56,913 WARN o.a.j.u.JMeterUtils: ERROR! Resource string not found: [received_kb/sec]
2019-01-10 10:17:56,913 WARN o.a.j.u.JMeterUtils: ERROR! Resource string not found: [sent_kb/sec]
2019-01-10 10:17:59,066 WARN o.a.j.u.JMeterUtils: ERROR! Resource string not found: [label]
2019-01-10 10:17:59,069 WARN o.a.j.u.JMeterUtils: ERROR! Resource string not found: [label]
2019-01-10 10:17:59,069 WARN o.a.j.u.JMeterUtils: ERROR! Resource string not found: [label]
2019-01-10 10:17:59,071 WARN o.a.j.u.JMeterUtils: ERROR! Resource string not found: [label]
2019-01-10 10:17:59,071 WARN o.a.j.u.JMeterUtils: ERROR! Resource string not found: [#_samples]
2019-01-10 10:17:59,072 WARN o.a.j.u.JMeterUtils: ERROR! Resource string not found: [median]
2019-01-10 10:17:59,072 WARN o.a.j.u.JMeterUtils: ERROR! Resource string not found: [90%_line]
2019-01-10 10:17:59,072 WARN o.a.j.u.JMeterUtils: ERROR! Resource string not found: [95%_line]
2019-01-10 10:17:59,072 WARN o.a.j.u.JMeterUtils: ERROR! Resource string not found: [99%_line]
2019-01-10 10:17:59,072 WARN o.a.j.u.JMeterUtils: ERROR! Resource string not found: [min]
2019-01-10 10:17:59,073 WARN o.a.j.u.JMeterUtils: ERROR! Resource string not found: [error_%]
2019-01-10 10:17:59,073 WARN o.a.j.u.JMeterUtils: ERROR! Resource string not found: [throughput]
2019-01-10 10:17:59,073 WARN o.a.j.u.JMeterUtils: ERROR! Resource string not found: [received_kb/sec]
2019-01-10 10:17:59,073 WARN o.a.j.u.JMeterUtils: ERROR! Resource string not found: [sent_kb/sec]
2019-01-10 10:17:59,220 WARN o.a.j.u.JMeterUtils: ERROR! Resource string not found: [label]
2019-01-10 10:17:59,220 WARN o.a.j.u.JMeterUtils: ERROR! Resource string not found: [#_samples]
2019-01-10 10:17:59,220 WARN o.a.j.u.JMeterUtils: ERROR! Resource string not found: [median]
2019-01-10 10:17:59,220 WARN o.a.j.u.JMeterUtils: ERROR! Resource string not found: [90%_line]
2019-01-10 10:17:59,220 WARN o.a.j.u.JMeterUtils: ERROR! Resource string not found: [95%_line]
2019-01-10 10:17:59,221 WARN o.a.j.u.JMeterUtils: ERROR! Resource string not found: [99%_line]
2019-01-10 10:17:59,221 WARN o.a.j.u.JMeterUtils: ERROR! Resource string not found: [min]
2019-01-10 10:17:59,221 WARN o.a.j.u.JMeterUtils: ERROR! Resource string not found: [error_%]
2019-01-10 10:17:59,221 WARN o.a.j.u.JMeterUtils: ERROR! Resource string not found: [throughput]
2019-01-10 10:17:59,221 WARN o.a.j.u.JMeterUtils: ERROR! Resource string not found: [received_kb/sec]
2019-01-10 10:17:59,221 WARN o.a.j.u.JMeterUtils: ERROR! Resource string not found: [sent_kb/sec]
