2011/10/06 11:20:51 INFO  - jmeter.util.JMeterUtils: Setting Locale to fr_FR 
2011/10/06 11:20:51 WARN  - jmeter.util.JMeterUtils: Could not find resources for 'fr_FR', using 'fr' 
2011/10/06 11:20:51 INFO  - jmeter.JMeter: Loading user properties from: C:\Tools\jakarta-jmeter-2.5.1\jakarta-jmeter-2.5.1\bin\user.properties 
2011/10/06 11:20:51 INFO  - jmeter.JMeter: Loading system properties from: C:\Tools\jakarta-jmeter-2.5.1\jakarta-jmeter-2.5.1\bin\system.properties 
2011/10/06 11:20:51 INFO  - jmeter.JMeter: Copyright (c) 1998-2011 The Apache Software Foundation 
2011/10/06 11:20:51 INFO  - jmeter.JMeter: Version 2.5.1 r1175373 
2011/10/06 11:20:51 INFO  - jmeter.JMeter: java.version=1.6.0_13 
2011/10/06 11:20:51 INFO  - jmeter.JMeter: java.vm.name=Java HotSpot(TM) Client VM 
2011/10/06 11:20:51 INFO  - jmeter.JMeter: os.name=Windows Vista 
2011/10/06 11:20:51 INFO  - jmeter.JMeter: os.arch=x86 
2011/10/06 11:20:51 INFO  - jmeter.JMeter: os.version=6.0 
2011/10/06 11:20:51 INFO  - jmeter.JMeter: file.encoding=Cp1252 
2011/10/06 11:20:51 INFO  - jmeter.JMeter: Default Locale=français (France) 
2011/10/06 11:20:51 INFO  - jmeter.JMeter: JMeter  Locale=français (France) 
2011/10/06 11:20:51 INFO  - jmeter.JMeter: JMeterHome=C:\Tools\jakarta-jmeter-2.5.1\jakarta-jmeter-2.5.1 
2011/10/06 11:20:51 INFO  - jmeter.JMeter: user.dir  =C:\Tools\jakarta-jmeter-2.5.1\jakarta-jmeter-2.5.1\bin 
2011/10/06 11:20:51 INFO  - jmeter.JMeter: PWD       =C:\Tools\jakarta-jmeter-2.5.1\jakarta-jmeter-2.5.1\bin 
2011/10/06 11:20:51 INFO  - jmeter.JMeter: IP: 10.156.240.148 Name: PC-de-BOB FullName: PC-de-BOB 
2011/10/06 11:20:51 INFO  - jmeter.JMeter: Loaded icon properties from org/apache/jmeter/images/icon.properties 
2011/10/06 11:20:51 INFO  - jmeter.engine.util.CompoundVariable: Note: Function class names must contain the string: '.functions.' 
2011/10/06 11:20:51 INFO  - jmeter.engine.util.CompoundVariable: Note: Function class names must not contain the string: '.gui.' 
2011/10/06 11:20:52 INFO  - jmeter.util.BSFTestElement: Registering JMeter version of JavaScript engine as work-round for BSF-22 
2011/10/06 11:20:52 INFO  - jmeter.protocol.http.sampler.HTTPSamplerBase: Cannot find .className property for htmlParser, using default 
2011/10/06 11:20:52 INFO  - jmeter.protocol.http.sampler.HTTPSamplerBase: Parser for text/html is  
2011/10/06 11:20:52 INFO  - jmeter.protocol.http.sampler.HTTPSamplerBase: Parser for application/xhtml+xml is  
2011/10/06 11:20:52 INFO  - jmeter.protocol.http.sampler.HTTPSamplerBase: Parser for application/xml is  
2011/10/06 11:20:52 INFO  - jmeter.protocol.http.sampler.HTTPSamplerBase: Parser for text/xml is  
2011/10/06 11:20:52 INFO  - jmeter.protocol.http.sampler.HTTPSamplerBase: Parser for text/vnd.wap.wml is org.apache.jmeter.protocol.http.parser.RegexpHTMLParser 
2011/10/06 11:20:52 INFO  - jmeter.protocol.http.sampler.HTTPSamplerBase: Reuse SSL session context on subsequent iterations: true 
2011/10/06 11:20:52 INFO  - jmeter.protocol.http.control.CookieManager: Settings: Delete null: true Check: true Allow variable: true Save: false Prefix: COOKIE_ 
2011/10/06 11:20:53 INFO  - jmeter.samplers.SampleResult: Note: Sample TimeStamps are START times 
2011/10/06 11:20:53 INFO  - jmeter.samplers.SampleResult: sampleresult.default.encoding is set to ISO-8859-1 
2011/10/06 11:20:53 INFO  - jmeter.samplers.SampleResult: sampleresult.useNanoTime=true 
2011/10/06 11:20:57 INFO  - jmeter.services.FileServer: Default base='C:\Tools\jakarta-jmeter-2.5.1\jakarta-jmeter-2.5.1\bin' 
2011/10/06 11:20:57 INFO  - jmeter.gui.action.Load: Loading file: C:\Users\BOB\Desktop\Core\COREv8.jmx 
2011/10/06 11:20:57 INFO  - jmeter.services.FileServer: Set new base 'C:\Users\BOB\Desktop\Core' 
2011/10/06 11:20:58 INFO  - jmeter.save.SaveService: Testplan (JMX) version: 2.2. Testlog (JTL) version: 2.2 
2011/10/06 11:20:58 INFO  - jmeter.save.SaveService: Using SaveService properties file encoding UTF-8 
2011/10/06 11:20:58 INFO  - jmeter.save.SaveService: Using SaveService properties file version 1050447 
2011/10/06 11:20:58 INFO  - jmeter.save.SaveService: Using SaveService properties version 2.1 
2011/10/06 11:20:58 INFO  - jmeter.save.SaveService: All converter versions present and correct 
2011/10/06 11:20:58 ERROR - jmeter.save.SaveService: Conversion error com.thoughtworks.xstream.converters.ConversionException: kg.apc.jmeter.threads.SteppingThreadGroup : kg.apc.jmeter.threads.SteppingThreadGroup : kg.apc.jmeter.threads.SteppingThreadGroup : kg.apc.jmeter.threads.SteppingThreadGroup
---- Debugging information ----
message             : kg.apc.jmeter.threads.SteppingThreadGroup : kg.apc.jmeter.threads.SteppingThreadGroup
cause-exception     : com.thoughtworks.xstream.mapper.CannotResolveClassException
cause-message       : kg.apc.jmeter.threads.SteppingThreadGroup : kg.apc.jmeter.threads.SteppingThreadGroup
class               : org.apache.jorphan.collections.ListedHashTree
required-type       : org.apache.jorphan.collections.ListedHashTree
path                : /jmeterTestPlan/hashTree/hashTree/kg.apc.jmeter.threads.SteppingThreadGroup
line number         : 14
------------------------------- : kg.apc.jmeter.threads.SteppingThreadGroup : kg.apc.jmeter.threads.SteppingThreadGroup : kg.apc.jmeter.threads.SteppingThreadGroup : kg.apc.jmeter.threads.SteppingThreadGroup
---- Debugging information ----
message             : kg.apc.jmeter.threads.SteppingThreadGroup : kg.apc.jmeter.threads.SteppingThreadGroup
cause-exception     : com.thoughtworks.xstream.mapper.CannotResolveClassException
cause-message       : kg.apc.jmeter.threads.SteppingThreadGroup : kg.apc.jmeter.threads.SteppingThreadGroup
class               : org.apache.jorphan.collections.ListedHashTree
required-type       : org.apache.jorphan.collections.ListedHashTree
path                : /jmeterTestPlan/hashTree/hashTree/kg.apc.jmeter.threads.SteppingThreadGroup
line number         : 14
-------------------------------
message             : kg.apc.jmeter.threads.SteppingThreadGroup : kg.apc.jmeter.threads.SteppingThreadGroup : kg.apc.jmeter.threads.SteppingThreadGroup : kg.apc.jmeter.threads.SteppingThreadGroup
---- Debugging information ----
message             : kg.apc.jmeter.threads.SteppingThreadGroup : kg.apc.jmeter.threads.SteppingThreadGroup
cause-exception     : com.thoughtworks.xstream.mapper.CannotResolveClassException
cause-message       : kg.apc.jmeter.threads.SteppingThreadGroup : kg.apc.jmeter.threads.SteppingThreadGroup
class               : org.apache.jorphan.collections.ListedHashTree
required-type       : org.apache.jorphan.collections.ListedHashTree
path                : /jmeterTestPlan/hashTree/hashTree/kg.apc.jmeter.threads.SteppingThreadGroup
line number         : 14
-------------------------------
cause-exception     : com.thoughtworks.xstream.converters.ConversionException
cause-message       : kg.apc.jmeter.threads.SteppingThreadGroup : kg.apc.jmeter.threads.SteppingThreadGroup : kg.apc.jmeter.threads.SteppingThreadGroup : kg.apc.jmeter.threads.SteppingThreadGroup
first-jmeter-class  : org.apache.jmeter.save.converters.HashTreeConverter.unmarshal(HashTreeConverter.java:69)
class               : org.apache.jmeter.save.ScriptWrapper
required-type       : org.apache.jorphan.collections.ListedHashTree
path                : /jmeterTestPlan/hashTree/hashTree/kg.apc.jmeter.threads.SteppingThreadGroup
line number         : 14
------------------------------- 
2011/10/06 11:20:58 WARN  - jmeter.gui.action.Load: Unexpected error java.lang.Exception: Error in TestPlan - see log file
	at org.apache.jmeter.gui.action.Load.insertLoadedTree(Load.java:155)
	at org.apache.jmeter.gui.action.Load.loadProjectFile(Load.java:110)
	at org.apache.jmeter.gui.action.LoadRecentProject.doAction(LoadRecentProject.java:68)
	at org.apache.jmeter.gui.action.ActionRouter.performAction(ActionRouter.java:82)
	at org.apache.jmeter.gui.action.ActionRouter.access$000(ActionRouter.java:42)
	at org.apache.jmeter.gui.action.ActionRouter$1.run(ActionRouter.java:61)
	at java.awt.event.InvocationEvent.dispatch(Unknown Source)
	at java.awt.EventQueue.dispatchEvent(Unknown Source)
	at java.awt.EventDispatchThread.pumpOneEventForFilters(Unknown Source)
	at java.awt.EventDispatchThread.pumpEventsForFilter(Unknown Source)
	at java.awt.EventDispatchThread.pumpEventsForHierarchy(Unknown Source)
	at java.awt.EventDispatchThread.pumpEvents(Unknown Source)
	at java.awt.EventDispatchThread.pumpEvents(Unknown Source)
	at java.awt.EventDispatchThread.run(Unknown Source)

