
2012/05/03 09:16:56 WARN  - jmeter.gui.tree.JMeterTreeNode: Can't get icon for class http:/ java.lang.ClassNotFoundException: 
	at java.lang.Class.forName0(Native Method)
	at java.lang.Class.forName(Unknown Source)
	at org.apache.jmeter.gui.tree.JMeterTreeNode.getIcon(JMeterTreeNode.java:139)
	at org.apache.jmeter.gui.tree.JMeterTreeNode.getIcon(JMeterTreeNode.java:113)
	at org.apache.jmeter.gui.tree.JMeterCellRenderer.getTreeCellRendererComponent(JMeterCellRenderer.java:57)
	at javax.swing.plaf.basic.BasicTreeUI.paintRow(Unknown Source)
	at javax.swing.plaf.basic.BasicTreeUI.paint(Unknown Source)
	at javax.swing.plaf.ComponentUI.update(Unknown Source)
	at javax.swing.JComponent.paintComponent(Unknown Source)
	at javax.swing.JComponent.paint(Unknown Source)
	at javax.swing.JComponent.paintToOffscreen(Unknown Source)
	at javax.swing.BufferStrategyPaintManager.paint(Unknown Source)
	at javax.swing.RepaintManager.paint(Unknown Source)
	at javax.swing.JComponent._paintImmediately(Unknown Source)
	at javax.swing.JComponent.paintImmediately(Unknown Source)
	at javax.swing.RepaintManager.paintDirtyRegions(Unknown Source)
	at javax.swing.RepaintManager.paintDirtyRegions(Unknown Source)
	at javax.swing.RepaintManager.prePaintDirtyRegions(Unknown Source)
	at javax.swing.RepaintManager.access$700(Unknown Source)
	at javax.swing.RepaintManager$ProcessingRunnable.run(Unknown Source)
	at java.awt.event.InvocationEvent.dispatch(Unknown Source)
	at java.awt.EventQueue.dispatchEventImpl(Unknown Source)
	at java.awt.EventQueue.access$000(Unknown Source)
	at java.awt.EventQueue$3.run(Unknown Source)
	at java.awt.EventQueue$3.run(Unknown Source)
	at java.security.AccessController.doPrivileged(Native Method)
	at java.security.ProtectionDomain$1.doIntersectionPrivilege(Unknown Source)
	at java.awt.EventQueue.dispatchEvent(Unknown Source)
	at java.awt.EventDispatchThread.pumpOneEventForFilters(Unknown Source)
	at java.awt.EventDispatchThread.pumpEventsForFilter(Unknown Source)
	at java.awt.EventDispatchThread.pumpEventsForHierarchy(Unknown Source)
	at java.awt.EventDispatchThread.pumpEvents(Unknown Source)
	at java.awt.EventDispatchThread.pumpEvents(Unknown Source)
	at java.awt.EventDispatchThread.run(Unknown Source)


and also:

2012/05/03 09:16:55 ERROR - jmeter.gui.GuiPackage: Problem retrieving gui java.lang.NullPointerException
	at org.apache.jmeter.gui.AbstractJMeterGuiComponent.configure(AbstractJMeterGuiComponent.java:190)
	at org.apache.jmeter.config.gui.ArgumentsPanel.configure(ArgumentsPanel.java:234)
	at org.apache.jmeter.protocol.http.gui.HTTPArgumentsPanel.configure(HTTPArgumentsPanel.java:121)
	at org.apache.jmeter.protocol.http.config.gui.UrlConfigGui.configure(UrlConfigGui.java:282)
	at org.apache.jmeter.protocol.http.config.gui.MultipartUrlConfigGui.configure(MultipartUrlConfigGui.java:66)
	at org.apache.jmeter.protocol.http.control.gui.HttpTestSampleGui.configure(HttpTestSampleGui.java:87)
	at org.apache.jmeter.gui.GuiPackage.getCurrentGui(GuiPackage.java:253)
	at org.apache.jmeter.gui.util.MenuFactory.addFileMenu(MenuFactory.java:209)
	at org.apache.jmeter.gui.util.MenuFactory.getDefaultSamplerMenu(MenuFactory.java:271)
	at org.apache.jmeter.samplers.gui.AbstractSamplerGui.createPopupMenu(AbstractSamplerGui.java:48)
	at org.apache.jmeter.gui.tree.JMeterTreeNode.createPopupMenu(JMeterTreeNode.java:158)
	at org.apache.jmeter.gui.action.EditCommand.doAction(EditCommand.java:46)
	at org.apache.jmeter.gui.action.ActionRouter.performAction(ActionRouter.java:80)
	at org.apache.jmeter.gui.action.ActionRouter.access$000(ActionRouter.java:41)
	at org.apache.jmeter.gui.action.ActionRouter$1.run(ActionRouter.java:62)
	at java.awt.event.InvocationEvent.dispatch(Unknown Source)
	at java.awt.EventQueue.dispatchEventImpl(Unknown Source)
	at java.awt.EventQueue.access$000(Unknown Source)
	at java.awt.EventQueue$3.run(Unknown Source)
	at java.awt.EventQueue$3.run(Unknown Source)
	at java.security.AccessController.doPrivileged(Native Method)
	at java.security.ProtectionDomain$1.doIntersectionPrivilege(Unknown Source)
	at java.awt.EventQueue.dispatchEvent(Unknown Source)
	at java.awt.EventDispatchThread.pumpOneEventForFilters(Unknown Source)
	at java.awt.EventDispatchThread.pumpEventsForFilter(Unknown Source)
	at java.awt.EventDispatchThread.pumpEventsForHierarchy(Unknown Source)
	at java.awt.EventDispatchThread.pumpEvents(Unknown Source)
	at java.awt.EventDispatchThread.pumpEvents(Unknown Source)
	at java.awt.EventDispatchThread.run(Unknown Source)