2017-11-03 14:49:11,394 INFO o.a.j.u.JMeterUtils: Setting Locale to en_US
2017-11-03 14:49:11,439 INFO o.a.j.JMeter: Loading user properties from: user.properties
2017-11-03 14:49:11,441 INFO o.a.j.JMeter: Loading system properties from: system.properties
2017-11-03 14:49:11,460 INFO o.a.j.JMeter: Copyright (c) 1998-2017 The Apache Software Foundation
2017-11-03 14:49:11,460 INFO o.a.j.JMeter: Version r1814153
2017-11-03 14:49:11,461 INFO o.a.j.JMeter: java.version=9-ea
2017-11-03 14:49:11,461 INFO o.a.j.JMeter: java.vm.name=Java HotSpot(TM) 64-Bit Server VM
2017-11-03 14:49:11,461 INFO o.a.j.JMeter: os.name=Windows 10
2017-11-03 14:49:11,461 INFO o.a.j.JMeter: os.arch=amd64
2017-11-03 14:49:11,462 INFO o.a.j.JMeter: os.version=10.0
2017-11-03 14:49:11,462 INFO o.a.j.JMeter: file.encoding=Cp1252
2017-11-03 14:49:11,462 INFO o.a.j.JMeter: Max memory     =536870912
2017-11-03 14:49:11,462 INFO o.a.j.JMeter: Available Processors =4
2017-11-03 14:49:11,480 INFO o.a.j.JMeter: Default Locale=English (United States)
2017-11-03 14:49:11,481 INFO o.a.j.JMeter: JMeter  Locale=English (United States)
2017-11-03 14:49:11,481 INFO o.a.j.JMeter: JMeterHome=C:\apache-jmeter-r1814153
2017-11-03 14:49:11,481 INFO o.a.j.JMeter: user.dir  =C:\apache-jmeter-r1814153\bin
2017-11-03 14:49:11,482 INFO o.a.j.JMeter: PWD       =C:\apache-jmeter-r1814153\bin
2017-11-03 14:49:11,487 INFO o.a.j.JMeter: IP: 10.146.249.253 Name: APODELKO-US FullName: APODELKO-US.oradev.oraclecorp.com
2017-11-03 14:49:12,032 INFO o.a.j.g.a.LookAndFeelCommand: Using look and feel: Darcula
2017-11-03 14:49:12,032 WARN o.a.j.JMeter: Could not set LAF to: Darcula
java.lang.ClassNotFoundException: Darcula
	at java.net.URLClassLoader.findClass(Unknown Source) ~[?:?]
	at java.lang.ClassLoader.loadClass(Unknown Source) ~[?:?]
	at java.lang.ClassLoader.loadClass(Unknown Source) ~[?:?]
	at java.lang.Class.forName0(Native Method) ~[?:?]
	at java.lang.Class.forName(Unknown Source) ~[?:?]
	at javax.swing.SwingUtilities.loadSystemClass(Unknown Source) ~[?:?]
	at javax.swing.UIManager.setLookAndFeel(Unknown Source) ~[?:?]
	at org.apache.jmeter.JMeter.startGui(JMeter.java:358) [ApacheJMeter_core.jar:r1814153]
	at org.apache.jmeter.JMeter.start(JMeter.java:519) [ApacheJMeter_core.jar:r1814153]
	at jdk.internal.reflect.NativeMethodAccessorImpl.invoke0(Native Method) ~[?:?]
	at jdk.internal.reflect.NativeMethodAccessorImpl.invoke(Unknown Source) ~[?:?]
	at jdk.internal.reflect.DelegatingMethodAccessorImpl.invoke(Unknown Source) ~[?:?]
	at java.lang.reflect.Method.invoke(Unknown Source) ~[?:?]
	at org.apache.jmeter.NewDriver.main(NewDriver.java:248) [ApacheJMeter.jar:r1814153]
2017-11-03 14:49:12,049 INFO o.a.j.JMeter: Loaded icon properties from org/apache/jmeter/images/icon.properties
2017-11-03 14:49:12,647 INFO o.a.j.e.u.CompoundVariable: Note: Function class names must contain the string: '.functions.'
2017-11-03 14:49:12,648 INFO o.a.j.e.u.CompoundVariable: Note: Function class names must not contain the string: '.gui.'
2017-11-03 14:49:13,633 INFO o.a.j.g.u.MenuFactory: Skipping org.apache.jmeter.assertions.BSFAssertion
2017-11-03 14:49:14,258 INFO o.a.j.g.u.MenuFactory: Skipping org.apache.jmeter.extractor.BSFPostProcessor
2017-11-03 14:49:14,321 INFO o.a.j.g.u.MenuFactory: Skipping org.apache.jmeter.modifiers.BSFPreProcessor
2017-11-03 14:49:14,367 INFO o.a.j.p.h.s.HTTPSamplerBase: Parser for text/html is org.apache.jmeter.protocol.http.parser.LagartoBasedHtmlParser
2017-11-03 14:49:14,367 INFO o.a.j.p.h.s.HTTPSamplerBase: Parser for application/xhtml+xml is org.apache.jmeter.protocol.http.parser.LagartoBasedHtmlParser
2017-11-03 14:49:14,367 INFO o.a.j.p.h.s.HTTPSamplerBase: Parser for application/xml is org.apache.jmeter.protocol.http.parser.LagartoBasedHtmlParser
2017-11-03 14:49:14,367 INFO o.a.j.p.h.s.HTTPSamplerBase: Parser for text/xml is org.apache.jmeter.protocol.http.parser.LagartoBasedHtmlParser
2017-11-03 14:49:14,368 INFO o.a.j.p.h.s.HTTPSamplerBase: Parser for text/vnd.wap.wml is org.apache.jmeter.protocol.http.parser.RegexpHTMLParser
2017-11-03 14:49:14,368 INFO o.a.j.p.h.s.HTTPSamplerBase: Parser for text/css is org.apache.jmeter.protocol.http.parser.CssParser
2017-11-03 14:49:14,625 INFO o.a.j.e.KeyToolUtils: Exception checking for keytool existence, will return false, try another way.
2017-11-03 14:49:14,987 INFO o.a.j.e.KeyToolUtils: keytool found at 'C:\Program Files\Java\jre-9\bin\keytool'
2017-11-03 14:49:14,989 INFO o.a.j.p.h.p.ProxyControl: HTTP(S) Test Script Recorder SSL Proxy will use keys that support embedded 3rd party resources in file C:\apache-jmeter-r1814153\bin\proxyserver.jks
2017-11-03 14:49:15,192 INFO o.a.j.g.u.MenuFactory: Skipping org.apache.jmeter.protocol.java.sampler.BSFSampler
2017-11-03 14:49:15,261 INFO o.a.j.s.FileServer: Default base='C:\apache-jmeter-r1814153\bin'
2017-11-03 14:49:15,418 INFO o.a.j.g.u.MenuFactory: Skipping org.apache.jmeter.protocol.mongodb.config.MongoSourceElement
2017-11-03 14:49:15,418 INFO o.a.j.g.u.MenuFactory: Skipping org.apache.jmeter.protocol.mongodb.sampler.MongoScriptSampler
2017-11-03 14:49:16,441 INFO o.a.j.g.u.MenuFactory: Skipping org.apache.jmeter.timers.BSFTimer
2017-11-03 14:49:16,479 INFO o.a.j.g.u.MenuFactory: Skipping org.apache.jmeter.visualizers.BSFListener
2017-11-03 14:49:16,665 INFO o.a.j.s.SampleResult: Note: Sample TimeStamps are START times
2017-11-03 14:49:16,665 INFO o.a.j.s.SampleResult: sampleresult.default.encoding is set to ISO-8859-1
2017-11-03 14:49:16,665 INFO o.a.j.s.SampleResult: sampleresult.useNanoTime=true
2017-11-03 14:49:16,666 INFO o.a.j.s.SampleResult: sampleresult.nanoThreadSleep=5000
2017-11-03 14:49:47,161 INFO o.a.j.g.a.Load: Loading file: C:\projects\JMeter\dmcs_171_modified.jmx
2017-11-03 14:49:47,162 INFO o.a.j.s.FileServer: Set new base='C:\projects\JMeter'
2017-11-03 14:49:47,339 ERROR o.a.j.JMeter: Uncaught exception: 
java.lang.ExceptionInInitializerError: null
	at com.thoughtworks.xstream.XStream.setupConverters(XStream.java:989) ~[xstream-1.4.10.jar:1.4.10]
	at com.thoughtworks.xstream.XStream.<init>(XStream.java:592) ~[xstream-1.4.10.jar:1.4.10]
	at com.thoughtworks.xstream.XStream.<init>(XStream.java:514) ~[xstream-1.4.10.jar:1.4.10]
	at com.thoughtworks.xstream.XStream.<init>(XStream.java:483) ~[xstream-1.4.10.jar:1.4.10]
	at com.thoughtworks.xstream.XStream.<init>(XStream.java:429) ~[xstream-1.4.10.jar:1.4.10]
	at com.thoughtworks.xstream.XStream.<init>(XStream.java:382) ~[xstream-1.4.10.jar:1.4.10]
	at org.apache.jmeter.save.SaveService$XStreamWrapper.<init>(SaveService.java:82) ~[ApacheJMeter_core.jar:r1814153]
	at org.apache.jmeter.save.SaveService$XStreamWrapper.<init>(SaveService.java:80) ~[ApacheJMeter_core.jar:r1814153]
	at org.apache.jmeter.save.SaveService.<clinit>(SaveService.java:113) ~[ApacheJMeter_core.jar:r1814153]
	at org.apache.jmeter.gui.action.Load.loadProjectFile(Load.java:130) ~[ApacheJMeter_core.jar:r1814153]
	at org.apache.jmeter.gui.action.Load.loadProjectFile(Load.java:102) ~[ApacheJMeter_core.jar:r1814153]
	at org.apache.jmeter.gui.action.Load.doActionAfterCheck(Load.java:89) ~[ApacheJMeter_core.jar:r1814153]
	at org.apache.jmeter.gui.action.AbstractActionWithNoRunningTest.doAction(AbstractActionWithNoRunningTest.java:45) ~[ApacheJMeter_core.jar:r1814153]
	at org.apache.jmeter.gui.action.ActionRouter.performAction(ActionRouter.java:88) ~[ApacheJMeter_core.jar:r1814153]
	at org.apache.jmeter.gui.action.ActionRouter.lambda$actionPerformed$0(ActionRouter.java:70) ~[ApacheJMeter_core.jar:r1814153]
	at java.awt.event.InvocationEvent.dispatch(Unknown Source) ~[?:?]
	at java.awt.EventQueue.dispatchEventImpl(Unknown Source) ~[?:?]
	at java.awt.EventQueue.access$500(Unknown Source) ~[?:?]
	at java.awt.EventQueue$3.run(Unknown Source) ~[?:?]
	at java.awt.EventQueue$3.run(Unknown Source) ~[?:?]
	at java.security.AccessController.doPrivileged(Native Method) ~[?:?]
	at java.security.ProtectionDomain$JavaSecurityAccessImpl.doIntersectionPrivilege(Unknown Source) ~[?:?]
	at java.awt.EventQueue.dispatchEvent(Unknown Source) ~[?:?]
	at java.awt.EventDispatchThread.pumpOneEventForFilters(Unknown Source) [?:?]
	at java.awt.EventDispatchThread.pumpEventsForFilter(Unknown Source) [?:?]
	at java.awt.EventDispatchThread.pumpEventsForHierarchy(Unknown Source) [?:?]
	at java.awt.EventDispatchThread.pumpEvents(Unknown Source) [?:?]
	at java.awt.EventDispatchThread.pumpEvents(Unknown Source) [?:?]
	at java.awt.EventDispatchThread.run(Unknown Source) [?:?]
Caused by: java.lang.reflect.InaccessibleObjectException: Unable to make field private final java.util.Comparator java.util.TreeMap.comparator accessible: module java.base does not "opens java.util" to unnamed module @554e218
	at java.lang.reflect.AccessibleObject.checkCanSetAccessible(Unknown Source) ~[?:?]
	at java.lang.reflect.AccessibleObject.checkCanSetAccessible(Unknown Source) ~[?:?]
	at java.lang.reflect.Field.checkCanSetAccessible(Unknown Source) ~[?:?]
	at java.lang.reflect.Field.setAccessible(Unknown Source) ~[?:?]
	at com.thoughtworks.xstream.core.util.Fields.locate(Fields.java:40) ~[xstream-1.4.10.jar:1.4.10]
	at com.thoughtworks.xstream.converters.collections.TreeMapConverter.<clinit>(TreeMapConverter.java:50) ~[xstream-1.4.10.jar:1.4.10]
	... 29 more
