2007/07/05 15:29:24 INFO  - jmeter.util.JMeterUtils: Setting Locale to en 
2007/07/05 15:29:25 INFO  - jmeter.JMeter: Copyright (c) 1998-2007 The Apache Software Foundation 
2007/07/05 15:29:25 INFO  - jmeter.JMeter: Version 2.3RC1 
2007/07/05 15:29:25 INFO  - jmeter.JMeter: java.version=1.5.0_11 
2007/07/05 15:29:25 INFO  - jmeter.JMeter: os.name=Windows XP 
2007/07/05 15:29:25 INFO  - jmeter.JMeter: os.arch=x86 
2007/07/05 15:29:25 INFO  - jmeter.JMeter: os.version=5.1 
2007/07/05 15:29:25 INFO  - jmeter.JMeter: Default Locale=Deutsch (Deutschland) 
2007/07/05 15:29:25 INFO  - jmeter.JMeter: JMeter  Locale=Englisch 
2007/07/05 15:29:25 INFO  - jmeter.JMeter: JMeterHome=C:\Java\jakarta-jmeter-2.3RC1 
2007/07/05 15:29:25 INFO  - jmeter.JMeter: user.dir  =C:\Java\jakarta-jmeter-2.3RC1 
2007/07/05 15:29:25 INFO  - jmeter.JMeter: PWD       =C:\Java\jakarta-jmeter-2.3RC1 
2007/07/05 15:29:25 INFO  - jmeter.JMeter: Set http[s].proxyHost: proxy Port: 8080 
2007/07/05 15:29:25 INFO  - jmeter.JMeter: Loading file: RCTestPlan.jmx 
2007/07/05 15:29:25 INFO  - jmeter.save.SaveService: Testplan (JMX) version: 2.2. Testlog (JTL) version: 2.0 
2007/07/05 15:29:25 INFO  - jmeter.save.SaveService: Using SaveService properties file encoding UTF-8 
2007/07/05 15:29:25 INFO  - jmeter.samplers.SampleResult: Note: Sample TimeStamps are START times 
2007/07/05 15:29:25 INFO  - jmeter.samplers.SampleResult: sampleresult.default.encoding is set to ISO-8859-1 
2007/07/05 15:29:25 INFO  - jmeter.save.SaveService: Using SaveService properties file version 545311 
2007/07/05 15:29:25 WARN  - jmeter.save.SaveService: Could not set up alias MailerModel java.lang.NoClassDefFoundError: javax/mail/Message 
2007/07/05 15:29:25 INFO  - jmeter.protocol.http.sampler.HTTPSamplerBase: Cannot find .className property for htmlParser, using default 
2007/07/05 15:29:25 INFO  - jmeter.protocol.http.sampler.HTTPSamplerBase: Parser for text/html is  
2007/07/05 15:29:25 INFO  - jmeter.protocol.http.sampler.HTTPSamplerBase: Parser for application/xhtml+xml is  
2007/07/05 15:29:25 INFO  - jmeter.protocol.http.sampler.HTTPSamplerBase: Parser for application/xml is  
2007/07/05 15:29:25 INFO  - jmeter.protocol.http.sampler.HTTPSamplerBase: Parser for text/xml is  
2007/07/05 15:29:25 INFO  - jmeter.protocol.http.sampler.HTTPSamplerBase: Parser for text/vnd.wap.wml is org.apache.jmeter.protocol.http.parser.RegexpHTMLParser 
2007/07/05 15:29:25 INFO  - jmeter.protocol.http.sampler.HTTPSampler2: Local host = reswrk21 
2007/07/05 15:29:25 INFO  - jmeter.protocol.http.sampler.HTTPSampler: Maximum connection retries = 10 
2007/07/05 15:29:25 WARN  - jmeter.save.SaveService: Could not set up alias JMSSampler java.lang.NoClassDefFoundError: javax/jms/JMSException 
2007/07/05 15:29:26 WARN  - jmeter.save.SaveService: Could not set up alias SubscriberSampler java.lang.NoClassDefFoundError: javax/jms/MessageListener 
2007/07/05 15:29:26 WARN  - jmeter.save.SaveService: Could not set up alias MailerVisualizer java.lang.NoClassDefFoundError: javax/mail/MessagingException 
2007/07/05 15:29:26 INFO  - jmeter.save.SaveService: Using SaveService properties version 1.8 
2007/07/05 15:29:26 INFO  - jmeter.save.SaveService: All converter versions present and correct 
2007/07/05 15:29:26 INFO  - jmeter.engine.StandardJMeterEngine: Listeners will be started after enabling running version 
2007/07/05 15:29:26 INFO  - jmeter.engine.StandardJMeterEngine: To revert to the earlier behaviour, define jmeterengine.startlistenerslater=false 
2007/07/05 15:29:26 INFO  - jmeter.engine.StandardJMeterEngine: Running the test! 
2007/07/05 15:29:26 INFO  - jmeter.JMeter: Running test (1183642166875) 
2007/07/05 15:29:26 INFO  - jmeter.engine.StandardJMeterEngine: Starting 1 threads for group Thread Group. Ramp up = 1. 
2007/07/05 15:29:26 INFO  - jmeter.engine.StandardJMeterEngine: Continue on error 
2007/07/05 15:29:26 WARN  - jmeter.threads.JMeterThread: jmeterthread.startearlier=true (see jmeter.properties) 
2007/07/05 15:29:26 INFO  - jmeter.threads.JMeterThread: Running PostProcessors in forward order 
2007/07/05 15:29:27 INFO  - jmeter.threads.JMeterThread: Thread Thread Group 1-1 started 
2007/07/05 15:29:27 INFO  - jmeter.util.JsseSSLManager: Using default SSL protocol: TLS 
2007/07/05 15:29:27 INFO  - jmeter.util.JsseSSLManager: SSL session context: per-thread 
2007/07/05 15:29:48 INFO  - jmeter.util.SSLManager: JmeterKeyStore Location: C:\Dokumente und Einstellungen\VossJ\.keystore 
2007/07/05 15:29:48 INFO  - jmeter.util.SSLManager: KeyStore created OK, Type: JKS 
2007/07/05 15:29:48 ERROR - jmeter.util.SSLManager: Problem loading keystore: null 
2007/07/05 15:29:48 ERROR - jmeter.threads.JMeterThread:  java.lang.NullPointerException
	at org.apache.jmeter.util.JsseSSLManager.createContext(JsseSSLManager.java:231)
	at org.apache.jmeter.util.JsseSSLManager.getContext(JsseSSLManager.java:196)
	at org.apache.jmeter.util.HttpSSLProtocolSocketFactory.getSSLSocketFactory(HttpSSLProtocolSocketFactory.java:125)
	at org.apache.jmeter.util.HttpSSLProtocolSocketFactory.createSocket(HttpSSLProtocolSocketFactory.java:205)
	at sun.net.www.protocol.https.HttpsClient.afterConnect(HttpsClient.java:372)
	at sun.net.www.http.HttpClient.parseHTTPHeader(HttpClient.java:736)
	at sun.net.www.http.HttpClient.parseHTTP(HttpClient.java:604)
	at sun.net.www.protocol.http.HttpURLConnection.getInputStream(HttpURLConnection.java:961)
	at sun.net.www.protocol.http.HttpURLConnection.getHeaderField(HttpURLConnection.java:1899)
	at sun.net.www.protocol.https.HttpsURLConnectionImpl.getHeaderField(HttpsURLConnectionImpl.java:271)
	at org.apache.jmeter.protocol.http.sampler.HTTPSampler.disconnect(HTTPSampler.java:559)
	at org.apache.jmeter.protocol.http.sampler.HTTPSampler.sample(HTTPSampler.java:553)
	at org.apache.jmeter.protocol.http.sampler.HTTPSamplerBase.sample(HTTPSamplerBase.java:889)
	at org.apache.jmeter.protocol.http.sampler.HTTPSamplerBase.sample(HTTPSamplerBase.java:875)
	at org.apache.jmeter.threads.JMeterThread.run(JMeterThread.java:292)
	at java.lang.Thread.run(Thread.java:595)

2007/07/05 15:29:48 INFO  - jmeter.threads.JMeterThread: Thread Thread Group 1-1 is done 
2007/07/05 15:29:48 INFO  - jmeter.engine.StandardJMeterEngine: Ending thread Thread Group 1-1 
2007/07/05 15:29:48 INFO  - jmeter.engine.StandardJMeterEngine: Stopping test 
2007/07/05 15:29:48 INFO  - jmeter.engine.StandardJMeterEngine: Notifying test listeners of end of test 
2007/07/05 15:29:48 INFO  - jmeter.engine.StandardJMeterEngine: Test has ended 
