2010/05/20 10:39:22 INFO  - jmeter.util.JMeterUtils: Setting Locale to en_US 
2010/05/20 10:39:22 INFO  - jmeter.JMeter: Loading user properties from: /yyy/plab/perf_test_xxx_during_refactoring/jmeter/bin/user.properties 
2010/05/20 10:39:22 INFO  - jmeter.JMeter: Loading system properties from: /yyy/plab/perf_test_xxx_during_refactoring/jmeter/bin/system.properties 
2010/05/20 10:39:22 INFO  - jmeter.JMeter: Setting JMeter property: yyy_HOSTSM=auth.my.cert.zzz 
2010/05/20 10:39:22 INFO  - jmeter.JMeter: Setting JMeter property: yyy_HOST=xxxws.my.cert.zzz 
2010/05/20 10:39:22 INFO  - jmeter.JMeter: Setting JMeter property: yyy_PROTOCOL=https 
2010/05/20 10:39:22 INFO  - jmeter.JMeter: Setting JMeter property: yyy_NUM_USERS=50 
2010/05/20 10:39:22 INFO  - jmeter.JMeter: Setting JMeter property: yyy_NUM_COUNTS=1 
2010/05/20 10:39:22 INFO  - jmeter.JMeter: Copyright (c) 1998-2009 The Apache Software Foundation 
2010/05/20 10:39:22 INFO  - jmeter.JMeter: Version 2.3.4 r785646 
2010/05/20 10:39:22 INFO  - jmeter.JMeter: java.version=1.6.0_13 
2010/05/20 10:39:22 INFO  - jmeter.JMeter: java.vm.name=Java HotSpot(TM) 64-Bit Server VM 
2010/05/20 10:39:22 INFO  - jmeter.JMeter: os.name=Linux 
2010/05/20 10:39:22 INFO  - jmeter.JMeter: os.arch=amd64 
2010/05/20 10:39:22 INFO  - jmeter.JMeter: os.version=2.6.18-92.el5 
2010/05/20 10:39:22 INFO  - jmeter.JMeter: file.encoding=UTF-8 
2010/05/20 10:39:22 INFO  - jmeter.JMeter: Default Locale=English (United States) 
2010/05/20 10:39:22 INFO  - jmeter.JMeter: JMeter  Locale=English (United States) 
2010/05/20 10:39:22 INFO  - jmeter.JMeter: JMeterHome=/yyy/plab/perf_test_xxx_during_refactoring/jmeter 
2010/05/20 10:39:22 INFO  - jmeter.JMeter: user.dir  =/yyy/plab/perf_test_xxx_during_refactoring/jmeter/yyy-bin 
2010/05/20 10:39:22 INFO  - jmeter.JMeter: PWD       =/yyy/plab/perf_test_xxx_during_refactoring/jmeter/yyy-bin 
2010/05/20 10:39:22 INFO  - jmeter.JMeter: IP: 10.19.148.51 Name: plabep07.dev.zzz FullName: plabep07.dev.zzz 
2010/05/20 10:39:22 INFO  - jmeter.JMeter: Loaded icon properties from org/apache/jmeter/images/icon.properties 
2010/05/20 10:39:23 INFO  - jmeter.engine.util.CompoundVariable: Note: Function class names must contain the string: '.functions.' 
2010/05/20 10:39:23 INFO  - jmeter.engine.util.CompoundVariable: Note: Function class names must not contain the string: '.gui.' 
2010/05/20 10:39:24 INFO  - jmeter.JMeter: Loading file: ../../yyy-plans/ws.jmx 
2010/05/20 10:39:24 INFO  - jmeter.util.BSFTestElement: Registering JMeter version of JavaScript engine as work-round for BSF-22 
2010/05/20 10:39:24 INFO  - jmeter.save.SaveService: Testplan (JMX) version: 2.2. Testlog (JTL) version: 2.2 
2010/05/20 10:39:24 INFO  - jmeter.save.SaveService: Using SaveService properties file encoding UTF-8 
2010/05/20 10:39:24 INFO  - jmeter.save.SaveService: Using SaveService properties file version 697317 
2010/05/20 10:39:24 INFO  - jmeter.save.SaveService: Using SaveService properties version 2.1 
2010/05/20 10:39:24 INFO  - jmeter.save.SaveService: All converter versions present and correct 
2010/05/20 10:39:24 INFO  - jmeter.samplers.SampleResult: Note: Sample TimeStamps are START times 
2010/05/20 10:39:24 INFO  - jmeter.samplers.SampleResult: sampleresult.default.encoding is set to ISO-8859-1 
2010/05/20 10:39:24 INFO  - jmeter.protocol.http.sampler.HTTPSamplerBase: Cannot find .className property for htmlParser, using default 
2010/05/20 10:39:24 INFO  - jmeter.protocol.http.sampler.HTTPSamplerBase: Parser for text/html is  
2010/05/20 10:39:24 INFO  - jmeter.protocol.http.sampler.HTTPSamplerBase: Parser for application/xhtml+xml is  
2010/05/20 10:39:24 INFO  - jmeter.protocol.http.sampler.HTTPSamplerBase: Parser for application/xml is  
2010/05/20 10:39:24 INFO  - jmeter.protocol.http.sampler.HTTPSamplerBase: Parser for text/xml is  
2010/05/20 10:39:24 INFO  - jmeter.protocol.http.sampler.HTTPSamplerBase: Parser for text/vnd.wap.wml is org.apache.jmeter.protocol.http.parser.RegexpHTMLParser 
2010/05/20 10:39:24 INFO  - jmeter.protocol.http.sampler.HTTPSampler: Maximum connection retries = 10 
2010/05/20 10:39:24 INFO  - jmeter.protocol.http.sampler.HTTPSampler: Connection and read timeouts are available on this JVM 
2010/05/20 10:39:24 INFO  - jmeter.services.FileServer: Default base=/yyy/plab/perf_test_xxx_during_refactoring/jmeter/yyy-bin 
2010/05/20 10:39:24 INFO  - jmeter.services.FileServer: Set new base=/yyy/plab/perf_test_xxx_during_refactoring/jmeter/yyy-bin/../../yyy-plans 
2010/05/20 10:39:24 INFO  - jmeter.gui.util.MenuFactory: Skipping org.apache.jmeter.protocol.http.modifier.gui.ParamModifierGui 
2010/05/20 10:39:24 INFO  - jmeter.gui.util.MenuFactory: Skipping org.apache.jmeter.protocol.http.modifier.gui.UserParameterModifierGui 
2010/05/20 10:39:25 WARN  - jmeter.gui.util.MenuFactory: Missing jar? Could not create org.apache.jmeter.visualizers.MailerVisualizer. java.lang.NoClassDefFoundError: javax/mail/MessagingException 
