2022-01-14 16:32:45,506 INFO o.a.j.u.JMeterUtils: Setting Locale to ru_RU
2022-01-14 16:32:45,596 ERROR o.a.j.u.JMeterUtils: Could not find resources for 'ru_RU'
2022-01-14 16:32:45,629 INFO o.a.j.JMeter: Loading user properties from: user.properties
2022-01-14 16:32:45,653 INFO o.a.j.JMeter: Loading system properties from: system.properties
2022-01-14 16:32:45,683 INFO o.a.j.JMeter: Copyright (c) 1998-2021 The Apache Software Foundation
2022-01-14 16:32:45,683 INFO o.a.j.JMeter: Version 5.4.3
2022-01-14 16:32:45,683 INFO o.a.j.JMeter: java.version=9
2022-01-14 16:32:45,683 INFO o.a.j.JMeter: java.vm.name=Java HotSpot(TM) 64-Bit Server VM
2022-01-14 16:32:45,684 INFO o.a.j.JMeter: os.name=Windows 10
2022-01-14 16:32:45,684 INFO o.a.j.JMeter: os.arch=amd64
2022-01-14 16:32:45,697 INFO o.a.j.JMeter: os.version=10.0
2022-01-14 16:32:45,698 INFO o.a.j.JMeter: file.encoding=Cp1251
2022-01-14 16:32:45,698 INFO o.a.j.JMeter: java.awt.headless=null
2022-01-14 16:32:45,700 INFO o.a.j.JMeter: Max memory     =2116026368
2022-01-14 16:32:45,700 INFO o.a.j.JMeter: Available Processors =4
2022-01-14 16:32:45,828 INFO o.a.j.JMeter: Default Locale=русский (Россия)
2022-01-14 16:32:45,830 INFO o.a.j.JMeter: JMeter  Locale=русский (Россия)
2022-01-14 16:32:45,831 INFO o.a.j.JMeter: JMeterHome=D:\Work\apache-jmeter-5.4.3
2022-01-14 16:32:45,831 INFO o.a.j.JMeter: user.dir  =D:\Work\apache-jmeter-5.4.3\bin
2022-01-14 16:32:45,832 INFO o.a.j.JMeter: PWD       =D:\Work\apache-jmeter-5.4.3\bin
2022-01-14 16:32:45,839 INFO o.a.j.JMeter: IP: 10.20.1.5 Name: Anna FullName: Anna
2022-01-14 16:32:46,484 INFO o.a.j.JMeter: Setting LAF to: com.github.weisj.darklaf.DarkLaf:com.github.weisj.darklaf.theme.DarculaTheme
2022-01-14 16:32:48,847 INFO o.a.j.JMeter: Loaded icon properties from org/apache/jmeter/images/icon.properties
2022-01-14 16:34:00,903 INFO o.a.j.s.FileServer: Default base='D:\Work\apache-jmeter-5.4.3\bin'
2022-01-14 16:34:00,907 INFO o.a.j.g.a.Load: Loading file: D:\Work\apache-jmeter-5.3\tests\wewe.jmx
2022-01-14 16:34:00,907 INFO o.a.j.s.FileServer: Set new base='D:\Work\apache-jmeter-5.3\tests'
2022-01-14 16:34:01,172 INFO o.a.j.s.SaveService: Testplan (JMX) version: 2.2. Testlog (JTL) version: 2.2
2022-01-14 16:34:01,264 INFO o.a.j.s.SaveService: Using SaveService properties version 5.0
2022-01-14 16:34:01,268 INFO o.a.j.s.SaveService: Using SaveService properties file encoding UTF-8
2022-01-14 16:34:01,274 INFO o.a.j.s.SaveService: Loading file: D:\Work\apache-jmeter-5.3\tests\wewe.jmx
2022-01-14 16:34:01,437 INFO o.a.j.p.h.s.HTTPSamplerBase: Parser for text/html is org.apache.jmeter.protocol.http.parser.LagartoBasedHtmlParser
2022-01-14 16:34:01,438 INFO o.a.j.p.h.s.HTTPSamplerBase: Parser for application/xhtml+xml is org.apache.jmeter.protocol.http.parser.LagartoBasedHtmlParser
2022-01-14 16:34:01,439 INFO o.a.j.p.h.s.HTTPSamplerBase: Parser for application/xml is org.apache.jmeter.protocol.http.parser.LagartoBasedHtmlParser
2022-01-14 16:34:01,439 INFO o.a.j.p.h.s.HTTPSamplerBase: Parser for text/xml is org.apache.jmeter.protocol.http.parser.LagartoBasedHtmlParser
2022-01-14 16:34:01,440 INFO o.a.j.p.h.s.HTTPSamplerBase: Parser for text/vnd.wap.wml is org.apache.jmeter.protocol.http.parser.RegexpHTMLParser
2022-01-14 16:34:01,441 INFO o.a.j.p.h.s.HTTPSamplerBase: Parser for text/css is org.apache.jmeter.protocol.http.parser.CssParser
2022-01-14 16:34:01,948 INFO o.a.j.s.SampleResult: Note: Sample TimeStamps are START times
2022-01-14 16:34:01,949 INFO o.a.j.s.SampleResult: sampleresult.default.encoding is set to ISO-8859-1
2022-01-14 16:34:01,949 INFO o.a.j.s.SampleResult: sampleresult.useNanoTime=true
2022-01-14 16:34:01,949 INFO o.a.j.s.SampleResult: sampleresult.nanoThreadSleep=5000
2022-01-14 16:34:02,508 INFO o.a.j.s.FileServer: Set new base='D:\Work\apache-jmeter-5.3\tests'
2022-01-14 16:34:50,836 INFO o.a.j.e.StandardJMeterEngine: Running the test!
2022-01-14 16:34:50,884 INFO o.a.j.s.SampleEvent: List of sample_variables: []
2022-01-14 16:34:50,884 INFO o.a.j.s.SampleEvent: List of sample_variables: []
2022-01-14 16:34:50,888 INFO o.a.j.e.u.CompoundVariable: Note: Function class names must contain the string: '.functions.'
2022-01-14 16:34:50,889 INFO o.a.j.e.u.CompoundVariable: Note: Function class names must not contain the string: '.gui.'
2022-01-14 16:34:51,495 INFO o.a.j.g.u.JMeterMenuBar: setRunning(true, *local*)
2022-01-14 16:34:51,603 INFO o.a.j.e.StandardJMeterEngine: Starting ThreadGroup: 1 : Thread Group
2022-01-14 16:34:51,603 INFO o.a.j.e.StandardJMeterEngine: Starting 50 threads for group Thread Group.
2022-01-14 16:34:51,603 INFO o.a.j.e.StandardJMeterEngine: Thread will continue on error
2022-01-14 16:34:51,604 INFO o.a.j.t.ThreadGroup: Starting thread group... number=1 threads=50 ramp-up=60 delayedStart=true
2022-01-14 16:34:51,605 INFO o.a.j.t.ThreadGroup: Started thread group number 1
2022-01-14 16:34:51,605 INFO o.a.j.e.StandardJMeterEngine: All thread groups have been started
2022-01-14 16:34:51,615 INFO o.a.j.t.JMeterThread: Thread started: Thread Group 1-1
2022-01-14 16:34:51,617 INFO o.a.j.s.FileServer: Stored: D:\Work\apache-jmeter-5.3\tests\users.csv Alias: D:\Work\apache-jmeter-5.3\tests\users.csv@455247926
2022-01-14 16:34:51,779 INFO o.a.j.p.h.s.HTTPHCAbstractImpl: Local host = Anna
2022-01-14 16:34:51,861 INFO o.a.j.p.h.s.HTTPHC4Impl: HTTP request retry count = 0
2022-01-14 16:34:52,117 INFO o.a.j.p.h.s.h.LazyLayeredConnectionSocketFactory: Setting up HTTPS TrustAll Socket Factory
2022-01-14 16:34:52,123 INFO o.a.j.u.JsseSSLManager: Using default SSL protocol: TLS
2022-01-14 16:34:52,123 INFO o.a.j.u.JsseSSLManager: SSL session context: per-thread
2022-01-14 16:34:52,378 INFO o.a.j.u.SSLManager: JmeterKeyStore Location:  type JKS
2022-01-14 16:34:52,384 INFO o.a.j.u.SSLManager: KeyStore created OK
2022-01-14 16:34:52,384 WARN o.a.j.u.SSLManager: Keystore file not found, loading empty keystore
2022-01-14 16:34:52,839 INFO o.a.j.t.JMeterThread: Thread started: Thread Group 1-2
2022-01-14 16:34:52,839 INFO o.a.j.s.FileServer: Stored: D:\Work\apache-jmeter-5.3\tests\users.csv Alias: D:\Work\apache-jmeter-5.3\tests\users.csv@296264555
2022-01-14 16:34:54,061 INFO o.a.j.t.JMeterThread: Thread started: Thread Group 1-3
2022-01-14 16:34:54,061 INFO o.a.j.s.FileServer: Stored: D:\Work\apache-jmeter-5.3\tests\users.csv Alias: D:\Work\apache-jmeter-5.3\tests\users.csv@129163478
2022-01-14 16:34:55,257 INFO o.a.j.g.a.Start: Stopping test
2022-01-14 16:34:55,272 INFO o.a.j.t.JMeterThread: Stopping: Thread Group 1-2
2022-01-14 16:34:55,273 WARN o.a.j.t.JMeterThread: Interrupting: Thread Group 1-2 sampler: Get profile info
2022-01-14 16:34:55,275 INFO o.a.j.t.JMeterThread: Thread started: Thread Group 1-4
2022-01-14 16:34:55,276 INFO o.a.j.t.JMeterThread: Stopping: Thread Group 1-1
2022-01-14 16:34:55,276 WARN o.a.j.t.JMeterThread: Interrupting: Thread Group 1-1 sampler: Get profile info
2022-01-14 16:34:55,279 INFO o.a.j.t.JMeterThread: Thread finished: Thread Group 1-2
2022-01-14 16:34:55,282 INFO o.a.j.t.JMeterThread: Thread finished: Thread Group 1-1
2022-01-14 16:34:55,282 INFO o.a.j.t.JMeterThread: Stopping: Thread Group 1-3
2022-01-14 16:34:55,283 WARN o.a.j.t.JMeterThread: Interrupting: Thread Group 1-3 sampler: Get profile info
2022-01-14 16:34:55,282 INFO o.a.j.s.FileServer: Stored: D:\Work\apache-jmeter-5.3\tests\users.csv Alias: D:\Work\apache-jmeter-5.3\tests\users.csv@910562154
2022-01-14 16:34:55,292 INFO o.a.j.t.JMeterThread: Stopping: Thread Group 1-4
2022-01-14 16:34:55,293 INFO o.a.j.t.JMeterThread: Thread finished: Thread Group 1-3
2022-01-14 16:34:55,295 ERROR o.a.j.t.JMeterThread: Test failed!
java.lang.IllegalArgumentException: Could not read file header line for file D:\Work\apache-jmeter-5.3\tests\users.csv
	at org.apache.jmeter.services.FileServer.reserveFile(FileServer.java:283) ~[ApacheJMeter_core.jar:5.4.3]
	at org.apache.jmeter.config.CSVDataSet.initVars(CSVDataSet.java:216) ~[ApacheJMeter_components.jar:5.4.3]
	at org.apache.jmeter.config.CSVDataSet.iterationStart(CSVDataSet.java:171) ~[ApacheJMeter_components.jar:5.4.3]
	at org.apache.jmeter.control.GenericController.fireIterationStart(GenericController.java:399) ~[ApacheJMeter_core.jar:5.4.3]
	at org.apache.jmeter.control.GenericController.fireIterEvents(GenericController.java:391) ~[ApacheJMeter_core.jar:5.4.3]
	at org.apache.jmeter.control.GenericController.next(GenericController.java:160) ~[ApacheJMeter_core.jar:5.4.3]
	at org.apache.jmeter.control.LoopController.next(LoopController.java:134) ~[ApacheJMeter_core.jar:5.4.3]
	at org.apache.jmeter.threads.AbstractThreadGroup.next(AbstractThreadGroup.java:91) ~[ApacheJMeter_core.jar:5.4.3]
	at org.apache.jmeter.threads.JMeterThread.run(JMeterThread.java:254) [ApacheJMeter_core.jar:5.4.3]
	at java.lang.Thread.run(Unknown Source) [?:?]
Caused by: java.nio.channels.ClosedByInterruptException
	at java.nio.channels.spi.AbstractInterruptibleChannel.end(Unknown Source) ~[?:?]
	at sun.nio.ch.FileChannelImpl.read(Unknown Source) ~[?:?]
	at sun.nio.ch.ChannelInputStream.read(Unknown Source) ~[?:?]
	at sun.nio.ch.ChannelInputStream.read(Unknown Source) ~[?:?]
	at sun.nio.ch.ChannelInputStream.read(Unknown Source) ~[?:?]
	at org.apache.commons.io.input.BOMInputStream.read(BOMInputStream.java:336) ~[commons-io-2.8.0.jar:2.8.0]
	at sun.nio.cs.StreamDecoder.readBytes(Unknown Source) ~[?:?]
	at sun.nio.cs.StreamDecoder.implRead(Unknown Source) ~[?:?]
	at sun.nio.cs.StreamDecoder.read(Unknown Source) ~[?:?]
	at java.io.InputStreamReader.read(Unknown Source) ~[?:?]
	at java.io.BufferedReader.fill(Unknown Source) ~[?:?]
	at java.io.BufferedReader.readLine(Unknown Source) ~[?:?]
	at java.io.BufferedReader.readLine(Unknown Source) ~[?:?]
	at org.apache.jmeter.services.FileServer.readLine(FileServer.java:345) ~[ApacheJMeter_core.jar:5.4.3]
	at org.apache.jmeter.services.FileServer.readLine(FileServer.java:324) ~[ApacheJMeter_core.jar:5.4.3]
	at org.apache.jmeter.services.FileServer.reserveFile(FileServer.java:272) ~[ApacheJMeter_core.jar:5.4.3]
	... 9 more
2022-01-14 16:34:55,416 INFO o.a.j.t.JMeterThread: Thread finished: Thread Group 1-4
2022-01-14 16:34:55,416 INFO o.a.j.e.StandardJMeterEngine: Notifying test listeners of end of test
2022-01-14 16:34:55,417 INFO o.a.j.s.FileServer: Close: D:\Work\apache-jmeter-5.3\tests\users.csv@455247926
2022-01-14 16:34:55,433 INFO o.a.j.s.FileServer: Close: D:\Work\apache-jmeter-5.3\tests\users.csv@910562154
2022-01-14 16:34:55,434 INFO o.a.j.s.FileServer: Close: D:\Work\apache-jmeter-5.3\tests\users.csv@129163478
2022-01-14 16:34:55,434 INFO o.a.j.s.FileServer: Close: D:\Work\apache-jmeter-5.3\tests\users.csv@296264555
2022-01-14 16:34:55,436 INFO o.a.j.r.Summariser: Generate Summary Results =     18 in 00:00:04 =    4,6/s Avg:   357 Min:    23 Max:  1672 Err:     8 (44,44%)
2022-01-14 16:34:55,437 INFO o.a.j.g.u.JMeterMenuBar: setRunning(false, *local*)
