2018-01-12 12:28:20,682 INFO o.a.j.u.JMeterUtils: Setting Locale to en_US
2018-01-12 12:28:20,704 INFO o.a.j.JMeter: Loading user properties from: user.properties
2018-01-12 12:28:20,704 INFO o.a.j.JMeter: Loading system properties from: system.properties
2018-01-12 12:28:20,718 INFO o.a.j.JMeter: Copyright (c) 1998-2017 The Apache Software Foundation
2018-01-12 12:28:20,718 INFO o.a.j.JMeter: Version 3.3 r1808647
2018-01-12 12:28:20,718 INFO o.a.j.JMeter: java.version=1.8.0_151
2018-01-12 12:28:20,718 INFO o.a.j.JMeter: java.vm.name=Java HotSpot(TM) 64-Bit Server VM
2018-01-12 12:28:20,719 INFO o.a.j.JMeter: os.name=Windows Server 2012 R2
2018-01-12 12:28:20,719 INFO o.a.j.JMeter: os.arch=amd64
2018-01-12 12:28:20,719 INFO o.a.j.JMeter: os.version=6.3
2018-01-12 12:28:20,719 INFO o.a.j.JMeter: file.encoding=Cp1252
2018-01-12 12:28:20,719 INFO o.a.j.JMeter: Max memory     =536870912
2018-01-12 12:28:20,719 INFO o.a.j.JMeter: Available Processors =8
2018-01-12 12:28:20,748 INFO o.a.j.JMeter: Default Locale=English (United States)
2018-01-12 12:28:20,748 INFO o.a.j.JMeter: JMeter  Locale=English (United States)
2018-01-12 12:28:20,748 INFO o.a.j.JMeter: JMeterHome=C:\apache-jmeter-3.3
2018-01-12 12:28:20,748 INFO o.a.j.JMeter: user.dir  =C:\apache-jmeter-3.3\bin
2018-01-12 12:28:20,748 INFO o.a.j.JMeter: PWD       =C:\apache-jmeter-3.3\bin
2018-01-12 12:28:20,750 INFO o.a.j.JMeter: IP: 10.240.5.231 Name: slc15gux FullName: slc15gux.us.oracle.com
2018-01-12 12:28:21,119 INFO o.a.j.g.a.LookAndFeelCommand: Using look and feel: javax.swing.plaf.metal.MetalLookAndFeel [Metal, CrossPlatform]
2018-01-12 12:28:21,122 INFO o.a.j.JMeter: Loaded icon properties from org/apache/jmeter/images/icon.properties
2018-01-12 12:28:21,798 INFO o.a.j.e.u.CompoundVariable: Note: Function class names must contain the string: '.functions.'
2018-01-12 12:28:21,798 INFO o.a.j.e.u.CompoundVariable: Note: Function class names must not contain the string: '.gui.'
2018-01-12 12:28:22,890 INFO o.a.j.g.u.MenuFactory: Skipping org.apache.jmeter.assertions.BSFAssertion
2018-01-12 12:28:23,378 INFO o.a.j.g.u.MenuFactory: Skipping org.apache.jmeter.extractor.BSFPostProcessor
2018-01-12 12:28:23,415 INFO o.a.j.g.u.MenuFactory: Skipping org.apache.jmeter.modifiers.BSFPreProcessor
2018-01-12 12:28:23,446 INFO o.a.j.p.h.s.HTTPSamplerBase: Parser for text/html is org.apache.jmeter.protocol.http.parser.LagartoBasedHtmlParser
2018-01-12 12:28:23,446 INFO o.a.j.p.h.s.HTTPSamplerBase: Parser for application/xhtml+xml is org.apache.jmeter.protocol.http.parser.LagartoBasedHtmlParser
2018-01-12 12:28:23,446 INFO o.a.j.p.h.s.HTTPSamplerBase: Parser for application/xml is org.apache.jmeter.protocol.http.parser.LagartoBasedHtmlParser
2018-01-12 12:28:23,447 INFO o.a.j.p.h.s.HTTPSamplerBase: Parser for text/xml is org.apache.jmeter.protocol.http.parser.LagartoBasedHtmlParser
2018-01-12 12:28:23,447 INFO o.a.j.p.h.s.HTTPSamplerBase: Parser for text/vnd.wap.wml is org.apache.jmeter.protocol.http.parser.RegexpHTMLParser
2018-01-12 12:28:23,447 INFO o.a.j.p.h.s.HTTPSamplerBase: Parser for text/css is org.apache.jmeter.protocol.http.parser.CssParser
2018-01-12 12:28:23,654 INFO o.a.j.e.KeyToolUtils: Exception checking for keytool existence, will return false, try another way.
2018-01-12 12:28:24,086 INFO o.a.j.e.KeyToolUtils: keytool found at 'C:\Program Files\Java\jre1.8.0_151\bin\keytool'
2018-01-12 12:28:24,087 INFO o.a.j.p.h.p.ProxyControl: HTTP(S) Test Script Recorder SSL Proxy will use keys that support embedded 3rd party resources in file C:\apache-jmeter-3.3\bin\proxyserver.jks
2018-01-12 12:28:24,271 INFO o.a.j.g.u.MenuFactory: Skipping org.apache.jmeter.protocol.java.sampler.BSFSampler
2018-01-12 12:28:24,301 INFO o.a.j.s.FileServer: Default base='C:\apache-jmeter-3.3\bin'
2018-01-12 12:28:24,379 INFO o.a.j.g.u.MenuFactory: Skipping org.apache.jmeter.protocol.mongodb.config.MongoSourceElement
2018-01-12 12:28:24,379 INFO o.a.j.g.u.MenuFactory: Skipping org.apache.jmeter.protocol.mongodb.sampler.MongoScriptSampler
2018-01-12 12:28:24,607 INFO o.a.j.g.u.MenuFactory: Skipping org.apache.jmeter.timers.BSFTimer
2018-01-12 12:28:24,632 INFO o.a.j.g.u.MenuFactory: Skipping org.apache.jmeter.visualizers.BSFListener
2018-01-12 12:28:24,777 INFO o.a.j.s.SampleResult: Note: Sample TimeStamps are START times
2018-01-12 12:28:24,777 INFO o.a.j.s.SampleResult: sampleresult.default.encoding is set to ISO-8859-1
2018-01-12 12:28:24,777 INFO o.a.j.s.SampleResult: sampleresult.useNanoTime=true
2018-01-12 12:28:24,777 INFO o.a.j.s.SampleResult: sampleresult.nanoThreadSleep=5000
2018-01-12 12:30:35,699 INFO o.a.j.g.a.t.TemplateManager: Reading templates from: C:\apache-jmeter-3.3\bin\templates\templates.xml
2018-01-12 12:30:37,305 INFO o.a.j.g.a.Load: Loading file: C:\apache-jmeter-3.3\bin\templates\recording.jmx
2018-01-12 12:30:37,316 INFO o.a.j.s.SaveService: Testplan (JMX) version: 2.2. Testlog (JTL) version: 2.2
2018-01-12 12:30:37,355 INFO o.a.j.s.SaveService: Using SaveService properties file encoding UTF-8
2018-01-12 12:30:37,357 INFO o.a.j.s.SaveService: Using SaveService properties version 3.2
2018-01-12 12:30:37,360 INFO o.a.j.s.SaveService: Loading file: C:\apache-jmeter-3.3\bin\templates\recording.jmx
2018-01-12 12:30:37,380 INFO o.a.j.p.h.c.CookieManager: Settings: Delete null: true Check: true Allow variable: true Save: false Prefix: COOKIE_
2018-01-12 12:30:54,672 INFO o.a.j.g.a.Load: Loading file: C:\Temp\dmcs-test.jmx
2018-01-12 12:30:54,673 INFO o.a.j.s.FileServer: Set new base='C:\Temp'
2018-01-12 12:30:54,673 INFO o.a.j.s.SaveService: Loading file: C:\Temp\dmcs-test.jmx
2018-01-12 12:30:55,764 INFO o.a.j.s.FileServer: Set new base='C:\Temp'
2018-01-12 12:31:14,958 INFO o.a.j.g.a.Load: Merging file: C:\Temp\dmcs-test.jmx
2018-01-12 12:31:14,958 INFO o.a.j.s.SaveService: Loading file: C:\Temp\dmcs-test.jmx
2018-01-12 12:32:10,419 INFO o.a.j.g.a.Load: Loading file: C:\Temp\dmcs-test.jtl
2018-01-12 12:32:10,419 INFO o.a.j.s.FileServer: Set new base='C:\Temp'
2018-01-12 12:32:10,419 INFO o.a.j.s.SaveService: Loading file: C:\Temp\dmcs-test.jtl
2018-01-12 12:32:10,462 WARN o.a.j.g.a.Load: Unexpected error. java.lang.ClassCastException: org.apache.jmeter.save.TestResultWrapper cannot be cast to org.apache.jmeter.save.ScriptWrapper
java.lang.ClassCastException: org.apache.jmeter.save.TestResultWrapper cannot be cast to org.apache.jmeter.save.ScriptWrapper
	at org.apache.jmeter.save.SaveService.readTree(SaveService.java:443) ~[ApacheJMeter_core.jar:3.3 r1808647]
	at org.apache.jmeter.save.SaveService.loadTree(SaveService.java:426) ~[ApacheJMeter_core.jar:3.3 r1808647]
	at org.apache.jmeter.gui.action.Load.loadProjectFile(Load.java:130) ~[ApacheJMeter_core.jar:3.3 r1808647]
	at org.apache.jmeter.gui.action.Load.loadProjectFile(Load.java:102) ~[ApacheJMeter_core.jar:3.3 r1808647]
	at org.apache.jmeter.gui.action.Load.doActionAfterCheck(Load.java:89) ~[ApacheJMeter_core.jar:3.3 r1808647]
	at org.apache.jmeter.gui.action.AbstractActionWithNoRunningTest.doAction(AbstractActionWithNoRunningTest.java:45) ~[ApacheJMeter_core.jar:3.3 r1808647]
	at org.apache.jmeter.gui.action.ActionRouter.performAction(ActionRouter.java:80) ~[ApacheJMeter_core.jar:3.3 r1808647]
	at org.apache.jmeter.gui.action.ActionRouter.lambda$actionPerformed$0(ActionRouter.java:65) ~[ApacheJMeter_core.jar:3.3 r1808647]
	at java.awt.event.InvocationEvent.dispatch(Unknown Source) [?:1.8.0_151]
	at java.awt.EventQueue.dispatchEventImpl(Unknown Source) [?:1.8.0_151]
	at java.awt.EventQueue.access$500(Unknown Source) [?:1.8.0_151]
	at java.awt.EventQueue$3.run(Unknown Source) [?:1.8.0_151]
	at java.awt.EventQueue$3.run(Unknown Source) [?:1.8.0_151]
	at java.security.AccessController.doPrivileged(Native Method) ~[?:1.8.0_151]
	at java.security.ProtectionDomain$JavaSecurityAccessImpl.doIntersectionPrivilege(Unknown Source) [?:1.8.0_151]
	at java.awt.EventQueue.dispatchEvent(Unknown Source) [?:1.8.0_151]
	at java.awt.EventDispatchThread.pumpOneEventForFilters(Unknown Source) [?:1.8.0_151]
	at java.awt.EventDispatchThread.pumpEventsForFilter(Unknown Source) [?:1.8.0_151]
	at java.awt.EventDispatchThread.pumpEventsForHierarchy(Unknown Source) [?:1.8.0_151]
	at java.awt.EventDispatchThread.pumpEvents(Unknown Source) [?:1.8.0_151]
	at java.awt.EventDispatchThread.pumpEvents(Unknown Source) [?:1.8.0_151]
	at java.awt.EventDispatchThread.run(Unknown Source) [?:1.8.0_151]
2018-01-12 12:32:18,222 INFO o.a.j.g.a.Load: Loading file: C:\apache-jmeter-3.3\bin\templates\recording.jmx
2018-01-12 12:32:18,223 INFO o.a.j.s.SaveService: Loading file: C:\apache-jmeter-3.3\bin\templates\recording.jmx
2018-01-12 12:32:42,233 INFO o.a.j.g.a.Load: Loading file: C:\Temp\dmcs-test.jtl
2018-01-12 12:32:42,233 INFO o.a.j.s.FileServer: Set new base='C:\Temp'
2018-01-12 12:32:42,233 INFO o.a.j.s.SaveService: Loading file: C:\Temp\dmcs-test.jtl
2018-01-12 12:32:42,253 WARN o.a.j.g.a.Load: Unexpected error. java.lang.ClassCastException: org.apache.jmeter.save.TestResultWrapper cannot be cast to org.apache.jmeter.save.ScriptWrapper
java.lang.ClassCastException: org.apache.jmeter.save.TestResultWrapper cannot be cast to org.apache.jmeter.save.ScriptWrapper
	at org.apache.jmeter.save.SaveService.readTree(SaveService.java:443) ~[ApacheJMeter_core.jar:3.3 r1808647]
	at org.apache.jmeter.save.SaveService.loadTree(SaveService.java:426) ~[ApacheJMeter_core.jar:3.3 r1808647]
	at org.apache.jmeter.gui.action.Load.loadProjectFile(Load.java:130) ~[ApacheJMeter_core.jar:3.3 r1808647]
	at org.apache.jmeter.gui.action.Load.loadProjectFile(Load.java:102) ~[ApacheJMeter_core.jar:3.3 r1808647]
	at org.apache.jmeter.gui.action.Load.doActionAfterCheck(Load.java:89) ~[ApacheJMeter_core.jar:3.3 r1808647]
	at org.apache.jmeter.gui.action.AbstractActionWithNoRunningTest.doAction(AbstractActionWithNoRunningTest.java:45) ~[ApacheJMeter_core.jar:3.3 r1808647]
	at org.apache.jmeter.gui.action.ActionRouter.performAction(ActionRouter.java:80) ~[ApacheJMeter_core.jar:3.3 r1808647]
	at org.apache.jmeter.gui.action.ActionRouter.lambda$actionPerformed$0(ActionRouter.java:65) ~[ApacheJMeter_core.jar:3.3 r1808647]
	at java.awt.event.InvocationEvent.dispatch(Unknown Source) [?:1.8.0_151]
	at java.awt.EventQueue.dispatchEventImpl(Unknown Source) [?:1.8.0_151]
	at java.awt.EventQueue.access$500(Unknown Source) [?:1.8.0_151]
	at java.awt.EventQueue$3.run(Unknown Source) [?:1.8.0_151]
	at java.awt.EventQueue$3.run(Unknown Source) [?:1.8.0_151]
	at java.security.AccessController.doPrivileged(Native Method) ~[?:1.8.0_151]
	at java.security.ProtectionDomain$JavaSecurityAccessImpl.doIntersectionPrivilege(Unknown Source) [?:1.8.0_151]
	at java.awt.EventQueue.dispatchEvent(Unknown Source) [?:1.8.0_151]
	at java.awt.EventDispatchThread.pumpOneEventForFilters(Unknown Source) [?:1.8.0_151]
	at java.awt.EventDispatchThread.pumpEventsForFilter(Unknown Source) [?:1.8.0_151]
	at java.awt.EventDispatchThread.pumpEventsForHierarchy(Unknown Source) [?:1.8.0_151]
	at java.awt.EventDispatchThread.pumpEvents(Unknown Source) [?:1.8.0_151]
	at java.awt.EventDispatchThread.pumpEvents(Unknown Source) [?:1.8.0_151]
	at java.awt.EventDispatchThread.run(Unknown Source) [?:1.8.0_151]
2018-01-12 12:33:00,239 INFO o.a.j.g.a.Load: Loading file: C:\apache-jmeter-3.3\bin\templates\recording.jmx
2018-01-12 12:33:00,239 INFO o.a.j.s.SaveService: Loading file: C:\apache-jmeter-3.3\bin\templates\recording.jmx
2018-01-17 13:40:32,836 INFO o.a.j.g.a.Load: Loading file: C:\Temp\dmcs-test.jtl
2018-01-17 13:40:32,836 INFO o.a.j.s.FileServer: Set new base='C:\Temp'
2018-01-17 13:40:32,836 INFO o.a.j.s.SaveService: Loading file: C:\Temp\dmcs-test.jtl
2018-01-17 13:40:32,867 WARN o.a.j.g.a.Load: Unexpected error. java.lang.ClassCastException: org.apache.jmeter.save.TestResultWrapper cannot be cast to org.apache.jmeter.save.ScriptWrapper
java.lang.ClassCastException: org.apache.jmeter.save.TestResultWrapper cannot be cast to org.apache.jmeter.save.ScriptWrapper
	at org.apache.jmeter.save.SaveService.readTree(SaveService.java:443) ~[ApacheJMeter_core.jar:3.3 r1808647]
	at org.apache.jmeter.save.SaveService.loadTree(SaveService.java:426) ~[ApacheJMeter_core.jar:3.3 r1808647]
	at org.apache.jmeter.gui.action.Load.loadProjectFile(Load.java:130) ~[ApacheJMeter_core.jar:3.3 r1808647]
	at org.apache.jmeter.gui.action.Load.loadProjectFile(Load.java:102) ~[ApacheJMeter_core.jar:3.3 r1808647]
	at org.apache.jmeter.gui.action.Load.doActionAfterCheck(Load.java:89) ~[ApacheJMeter_core.jar:3.3 r1808647]
	at org.apache.jmeter.gui.action.AbstractActionWithNoRunningTest.doAction(AbstractActionWithNoRunningTest.java:45) ~[ApacheJMeter_core.jar:3.3 r1808647]
	at org.apache.jmeter.gui.action.ActionRouter.performAction(ActionRouter.java:80) ~[ApacheJMeter_core.jar:3.3 r1808647]
	at org.apache.jmeter.gui.action.ActionRouter.lambda$actionPerformed$0(ActionRouter.java:65) ~[ApacheJMeter_core.jar:3.3 r1808647]
	at java.awt.event.InvocationEvent.dispatch(Unknown Source) [?:1.8.0_151]
	at java.awt.EventQueue.dispatchEventImpl(Unknown Source) [?:1.8.0_151]
	at java.awt.EventQueue.access$500(Unknown Source) [?:1.8.0_151]
	at java.awt.EventQueue$3.run(Unknown Source) [?:1.8.0_151]
	at java.awt.EventQueue$3.run(Unknown Source) [?:1.8.0_151]
	at java.security.AccessController.doPrivileged(Native Method) ~[?:1.8.0_151]
	at java.security.ProtectionDomain$JavaSecurityAccessImpl.doIntersectionPrivilege(Unknown Source) [?:1.8.0_151]
	at java.awt.EventQueue.dispatchEvent(Unknown Source) [?:1.8.0_151]
	at java.awt.EventDispatchThread.pumpOneEventForFilters(Unknown Source) [?:1.8.0_151]
	at java.awt.EventDispatchThread.pumpEventsForFilter(Unknown Source) [?:1.8.0_151]
	at java.awt.EventDispatchThread.pumpEventsForHierarchy(Unknown Source) [?:1.8.0_151]
	at java.awt.EventDispatchThread.pumpEvents(Unknown Source) [?:1.8.0_151]
	at java.awt.EventDispatchThread.pumpEvents(Unknown Source) [?:1.8.0_151]
	at java.awt.EventDispatchThread.run(Unknown Source) [?:1.8.0_151]
2018-01-17 13:40:40,977 INFO o.a.j.g.a.Load: Loading file: C:\apache-jmeter-3.3\bin\templates\recording.jmx
2018-01-17 13:40:40,977 INFO o.a.j.s.SaveService: Loading file: C:\apache-jmeter-3.3\bin\templates\recording.jmx
2018-01-17 13:40:50,150 INFO o.a.j.g.a.Load: Loading file: C:\apache-jmeter-3.3\bin\templates\dmcs-test.jtl
2018-01-17 13:40:50,150 INFO o.a.j.s.FileServer: Set new base='C:\apache-jmeter-3.3\bin\templates'
2018-01-17 13:40:50,150 INFO o.a.j.s.SaveService: Loading file: C:\apache-jmeter-3.3\bin\templates\dmcs-test.jtl
2018-01-17 13:40:50,150 WARN o.a.j.g.a.Load: Error reading file. java.io.FileNotFoundException: C:\apache-jmeter-3.3\bin\templates\dmcs-test.jtl (The system cannot find the file specified)
2018-01-17 13:41:09,792 INFO o.a.j.g.a.Load: Loading file: C:\apache-jmeter-3.3\bin\templates\recording.jmx
2018-01-17 13:41:09,792 INFO o.a.j.s.SaveService: Loading file: C:\apache-jmeter-3.3\bin\templates\recording.jmx
2018-01-17 13:41:42,326 INFO o.a.j.g.a.Load: Loading file: C:\Temp\dmcs-test.jtl
2018-01-17 13:41:42,326 INFO o.a.j.s.FileServer: Set new base='C:\Temp'
2018-01-17 13:41:42,326 INFO o.a.j.s.SaveService: Loading file: C:\Temp\dmcs-test.jtl
2018-01-17 13:41:42,341 WARN o.a.j.g.a.Load: Unexpected error. java.lang.ClassCastException: org.apache.jmeter.save.TestResultWrapper cannot be cast to org.apache.jmeter.save.ScriptWrapper
java.lang.ClassCastException: org.apache.jmeter.save.TestResultWrapper cannot be cast to org.apache.jmeter.save.ScriptWrapper
	at org.apache.jmeter.save.SaveService.readTree(SaveService.java:443) ~[ApacheJMeter_core.jar:3.3 r1808647]
	at org.apache.jmeter.save.SaveService.loadTree(SaveService.java:426) ~[ApacheJMeter_core.jar:3.3 r1808647]
	at org.apache.jmeter.gui.action.Load.loadProjectFile(Load.java:130) ~[ApacheJMeter_core.jar:3.3 r1808647]
	at org.apache.jmeter.gui.action.Load.loadProjectFile(Load.java:102) ~[ApacheJMeter_core.jar:3.3 r1808647]
	at org.apache.jmeter.gui.action.Load.doActionAfterCheck(Load.java:89) ~[ApacheJMeter_core.jar:3.3 r1808647]
	at org.apache.jmeter.gui.action.AbstractActionWithNoRunningTest.doAction(AbstractActionWithNoRunningTest.java:45) ~[ApacheJMeter_core.jar:3.3 r1808647]
	at org.apache.jmeter.gui.action.ActionRouter.performAction(ActionRouter.java:80) ~[ApacheJMeter_core.jar:3.3 r1808647]
	at org.apache.jmeter.gui.action.ActionRouter.lambda$actionPerformed$0(ActionRouter.java:65) ~[ApacheJMeter_core.jar:3.3 r1808647]
	at java.awt.event.InvocationEvent.dispatch(Unknown Source) [?:1.8.0_151]
	at java.awt.EventQueue.dispatchEventImpl(Unknown Source) [?:1.8.0_151]
	at java.awt.EventQueue.access$500(Unknown Source) [?:1.8.0_151]
	at java.awt.EventQueue$3.run(Unknown Source) [?:1.8.0_151]
	at java.awt.EventQueue$3.run(Unknown Source) [?:1.8.0_151]
	at java.security.AccessController.doPrivileged(Native Method) ~[?:1.8.0_151]
	at java.security.ProtectionDomain$JavaSecurityAccessImpl.doIntersectionPrivilege(Unknown Source) [?:1.8.0_151]
	at java.awt.EventQueue.dispatchEvent(Unknown Source) [?:1.8.0_151]
	at java.awt.EventDispatchThread.pumpOneEventForFilters(Unknown Source) [?:1.8.0_151]
	at java.awt.EventDispatchThread.pumpEventsForFilter(Unknown Source) [?:1.8.0_151]
	at java.awt.EventDispatchThread.pumpEventsForHierarchy(Unknown Source) [?:1.8.0_151]
	at java.awt.EventDispatchThread.pumpEvents(Unknown Source) [?:1.8.0_151]
	at java.awt.EventDispatchThread.pumpEvents(Unknown Source) [?:1.8.0_151]
	at java.awt.EventDispatchThread.run(Unknown Source) [?:1.8.0_151]
2018-01-17 13:41:59,811 INFO o.a.j.g.a.Load: Loading file: C:\apache-jmeter-3.3\bin\templates\recording.jmx
2018-01-17 13:41:59,811 INFO o.a.j.s.SaveService: Loading file: C:\apache-jmeter-3.3\bin\templates\recording.jmx
2018-01-17 13:42:31,798 INFO o.a.j.g.a.Load: Merging file: C:\Temp\dmcs-test.jtl
2018-01-17 13:42:31,798 INFO o.a.j.s.SaveService: Loading file: C:\Temp\dmcs-test.jtl
2018-01-17 13:42:31,830 WARN o.a.j.g.a.Load: Unexpected error. java.lang.ClassCastException: org.apache.jmeter.save.TestResultWrapper cannot be cast to org.apache.jmeter.save.ScriptWrapper
java.lang.ClassCastException: org.apache.jmeter.save.TestResultWrapper cannot be cast to org.apache.jmeter.save.ScriptWrapper
	at org.apache.jmeter.save.SaveService.readTree(SaveService.java:443) ~[ApacheJMeter_core.jar:3.3 r1808647]
	at org.apache.jmeter.save.SaveService.loadTree(SaveService.java:426) ~[ApacheJMeter_core.jar:3.3 r1808647]
	at org.apache.jmeter.gui.action.Load.loadProjectFile(Load.java:130) ~[ApacheJMeter_core.jar:3.3 r1808647]
	at org.apache.jmeter.gui.action.Load.loadProjectFile(Load.java:102) ~[ApacheJMeter_core.jar:3.3 r1808647]
	at org.apache.jmeter.gui.action.Load.doActionAfterCheck(Load.java:89) ~[ApacheJMeter_core.jar:3.3 r1808647]
	at org.apache.jmeter.gui.action.AbstractActionWithNoRunningTest.doAction(AbstractActionWithNoRunningTest.java:45) ~[ApacheJMeter_core.jar:3.3 r1808647]
	at org.apache.jmeter.gui.action.ActionRouter.performAction(ActionRouter.java:80) ~[ApacheJMeter_core.jar:3.3 r1808647]
	at org.apache.jmeter.gui.action.ActionRouter.lambda$actionPerformed$0(ActionRouter.java:65) ~[ApacheJMeter_core.jar:3.3 r1808647]
	at java.awt.event.InvocationEvent.dispatch(Unknown Source) [?:1.8.0_151]
	at java.awt.EventQueue.dispatchEventImpl(Unknown Source) [?:1.8.0_151]
	at java.awt.EventQueue.access$500(Unknown Source) [?:1.8.0_151]
	at java.awt.EventQueue$3.run(Unknown Source) [?:1.8.0_151]
	at java.awt.EventQueue$3.run(Unknown Source) [?:1.8.0_151]
	at java.security.AccessController.doPrivileged(Native Method) ~[?:1.8.0_151]
	at java.security.ProtectionDomain$JavaSecurityAccessImpl.doIntersectionPrivilege(Unknown Source) [?:1.8.0_151]
	at java.awt.EventQueue.dispatchEvent(Unknown Source) [?:1.8.0_151]
	at java.awt.EventDispatchThread.pumpOneEventForFilters(Unknown Source) [?:1.8.0_151]
	at java.awt.EventDispatchThread.pumpEventsForFilter(Unknown Source) [?:1.8.0_151]
	at java.awt.EventDispatchThread.pumpEventsForHierarchy(Unknown Source) [?:1.8.0_151]
	at java.awt.EventDispatchThread.pumpEvents(Unknown Source) [?:1.8.0_151]
	at java.awt.EventDispatchThread.pumpEvents(Unknown Source) [?:1.8.0_151]
	at java.awt.EventDispatchThread.run(Unknown Source) [?:1.8.0_151]
