
2010-03-11 17:01:01
Full thread dump Java HotSpot(TM) Client VM (14.3-b01 mixed mode):

"RMI TCP Connection(25)-10.201.10.60" daemon prio=6 tid=0x337e2400 nid=0xe38 runnable [0x32a4f000]
   java.lang.Thread.State: RUNNABLE
	at java.net.SocketInputStream.socketRead0(Native Method)
	at java.net.SocketInputStream.read(Unknown Source)
	at java.io.BufferedInputStream.fill(Unknown Source)
	at java.io.BufferedInputStream.read(Unknown Source)
	- locked <0x0ca5e5b8> (a java.io.BufferedInputStream)
	at java.io.FilterInputStream.read(Unknown Source)
	at sun.rmi.transport.tcp.TCPTransport.handleMessages(Unknown Source)
	at sun.rmi.transport.tcp.TCPTransport$ConnectionHandler.run0(Unknown Source)
	at sun.rmi.transport.tcp.TCPTransport$ConnectionHandler.run(Unknown Source)
	at java.util.concurrent.ThreadPoolExecutor$Worker.runTask(Unknown Source)
	at java.util.concurrent.ThreadPoolExecutor$Worker.run(Unknown Source)
	at java.lang.Thread.run(Unknown Source)

   Locked ownable synchronizers:
	- <0x0de1d9e0> (a java.util.concurrent.locks.ReentrantLock$NonfairSync)

"validateToken 1-100" prio=6 tid=0x336c1c00 nid=0x2e8 in Object.wait() [0x3681f000]
   java.lang.Thread.State: WAITING (on object monitor)
	at java.lang.Object.wait(Native Method)
	at java.lang.Object.wait(Object.java:485)
	at org.apache.jmeter.timers.SyncTimer.delay(SyncTimer.java:90)
	- locked <0x0c3a8b38> (a java.lang.Object)
	at org.apache.jmeter.threads.JMeterThread.delay(JMeterThread.java:543)
	at org.apache.jmeter.threads.JMeterThread.run(JMeterThread.java:284)
	at java.lang.Thread.run(Unknown Source)

   Locked ownable synchronizers:
	- None

"validateToken 1-99" prio=6 tid=0x33ed6400 nid=0xdcc in Object.wait() [0x365df000]
   java.lang.Thread.State: WAITING (on object monitor)
	at java.lang.Object.wait(Native Method)
	at java.lang.Object.wait(Object.java:485)
	at org.apache.jmeter.timers.SyncTimer.delay(SyncTimer.java:90)
	- locked <0x0c3a8b38> (a java.lang.Object)
	at org.apache.jmeter.threads.JMeterThread.delay(JMeterThread.java:543)
	at org.apache.jmeter.threads.JMeterThread.run(JMeterThread.java:284)
	at java.lang.Thread.run(Unknown Source)

   Locked ownable synchronizers:
	- None

"validateToken 1-98" prio=6 tid=0x33f44800 nid=0x764 in Object.wait() [0x3658f000]
   java.lang.Thread.State: WAITING (on object monitor)
	at java.lang.Object.wait(Native Method)
	at java.lang.Object.wait(Object.java:485)
	at org.apache.jmeter.timers.SyncTimer.delay(SyncTimer.java:90)
	- locked <0x0c3a8b38> (a java.lang.Object)
	at org.apache.jmeter.threads.JMeterThread.delay(JMeterThread.java:543)
	at org.apache.jmeter.threads.JMeterThread.run(JMeterThread.java:284)
	at java.lang.Thread.run(Unknown Source)

   Locked ownable synchronizers:
	- None

"validateToken 1-97" prio=6 tid=0x33a74000 nid=0xe2c in Object.wait() [0x3653f000]
   java.lang.Thread.State: WAITING (on object monitor)
	at java.lang.Object.wait(Native Method)
	at java.lang.Object.wait(Object.java:485)
	at org.apache.jmeter.timers.SyncTimer.delay(SyncTimer.java:90)
	- locked <0x0c3a8b38> (a java.lang.Object)
	at org.apache.jmeter.threads.JMeterThread.delay(JMeterThread.java:543)
	at org.apache.jmeter.threads.JMeterThread.run(JMeterThread.java:284)
	at java.lang.Thread.run(Unknown Source)

   Locked ownable synchronizers:
	- None

"validateToken 1-96" prio=6 tid=0x341b7800 nid=0x774 in Object.wait() [0x364ef000]
   java.lang.Thread.State: WAITING (on object monitor)
	at java.lang.Object.wait(Native Method)
	at java.lang.Object.wait(Object.java:485)
	at org.apache.jmeter.timers.SyncTimer.delay(SyncTimer.java:90)
	- locked <0x0c3a8b38> (a java.lang.Object)
	at org.apache.jmeter.threads.JMeterThread.delay(JMeterThread.java:543)
	at org.apache.jmeter.threads.JMeterThread.run(JMeterThread.java:284)
	at java.lang.Thread.run(Unknown Source)

   Locked ownable synchronizers:
	- None

"validateToken 1-95" prio=6 tid=0x33dfc800 nid=0xfb0 in Object.wait() [0x3649f000]
   java.lang.Thread.State: WAITING (on object monitor)
	at java.lang.Object.wait(Native Method)
	at java.lang.Object.wait(Object.java:485)
	at org.apache.jmeter.timers.SyncTimer.delay(SyncTimer.java:90)
	- locked <0x0c3a8b38> (a java.lang.Object)
	at org.apache.jmeter.threads.JMeterThread.delay(JMeterThread.java:543)
	at org.apache.jmeter.threads.JMeterThread.run(JMeterThread.java:284)
	at java.lang.Thread.run(Unknown Source)

   Locked ownable synchronizers:
	- None

"validateToken 1-94" prio=6 tid=0x344f5800 nid=0xe80 in Object.wait() [0x3644f000]
   java.lang.Thread.State: WAITING (on object monitor)
	at java.lang.Object.wait(Native Method)
	at java.lang.Object.wait(Object.java:485)
	at org.apache.jmeter.timers.SyncTimer.delay(SyncTimer.java:90)
	- locked <0x0c3a8b38> (a java.lang.Object)
	at org.apache.jmeter.threads.JMeterThread.delay(JMeterThread.java:543)
	at org.apache.jmeter.threads.JMeterThread.run(JMeterThread.java:284)
	at java.lang.Thread.run(Unknown Source)

   Locked ownable synchronizers:
	- None

"validateToken 1-93" prio=6 tid=0x33d44800 nid=0x758 in Object.wait() [0x363ff000]
   java.lang.Thread.State: WAITING (on object monitor)
	at java.lang.Object.wait(Native Method)
	at java.lang.Object.wait(Object.java:485)
	at org.apache.jmeter.timers.SyncTimer.delay(SyncTimer.java:90)
	- locked <0x0c3a8b38> (a java.lang.Object)
	at org.apache.jmeter.threads.JMeterThread.delay(JMeterThread.java:543)
	at org.apache.jmeter.threads.JMeterThread.run(JMeterThread.java:284)
	at java.lang.Thread.run(Unknown Source)

   Locked ownable synchronizers:
	- None

"validateToken 1-92" prio=6 tid=0x336bc400 nid=0x480 in Object.wait() [0x363af000]
   java.lang.Thread.State: WAITING (on object monitor)
	at java.lang.Object.wait(Native Method)
	at java.lang.Object.wait(Object.java:485)
	at org.apache.jmeter.timers.SyncTimer.delay(SyncTimer.java:90)
	- locked <0x0c3a8b38> (a java.lang.Object)
	at org.apache.jmeter.threads.JMeterThread.delay(JMeterThread.java:543)
	at org.apache.jmeter.threads.JMeterThread.run(JMeterThread.java:284)
	at java.lang.Thread.run(Unknown Source)

   Locked ownable synchronizers:
	- None

"validateToken 1-91" prio=6 tid=0x33fb6800 nid=0x99c in Object.wait() [0x3635f000]
   java.lang.Thread.State: WAITING (on object monitor)
	at java.lang.Object.wait(Native Method)
	at java.lang.Object.wait(Object.java:485)
	at org.apache.jmeter.timers.SyncTimer.delay(SyncTimer.java:90)
	- locked <0x0c3a8b38> (a java.lang.Object)
	at org.apache.jmeter.threads.JMeterThread.delay(JMeterThread.java:543)
	at org.apache.jmeter.threads.JMeterThread.run(JMeterThread.java:284)
	at java.lang.Thread.run(Unknown Source)

   Locked ownable synchronizers:
	- None

"validateToken 1-90" prio=6 tid=0x34749800 nid=0x9f8 in Object.wait() [0x3630f000]
   java.lang.Thread.State: WAITING (on object monitor)
	at java.lang.Object.wait(Native Method)
	at java.lang.Object.wait(Object.java:485)
	at org.apache.jmeter.timers.SyncTimer.delay(SyncTimer.java:90)
	- locked <0x0c3a8b38> (a java.lang.Object)
	at org.apache.jmeter.threads.JMeterThread.delay(JMeterThread.java:543)
	at org.apache.jmeter.threads.JMeterThread.run(JMeterThread.java:284)
	at java.lang.Thread.run(Unknown Source)

   Locked ownable synchronizers:
	- None

"validateToken 1-89" prio=6 tid=0x345ae400 nid=0xe24 in Object.wait() [0x362bf000]
   java.lang.Thread.State: WAITING (on object monitor)
	at java.lang.Object.wait(Native Method)
	at java.lang.Object.wait(Object.java:485)
	at org.apache.jmeter.timers.SyncTimer.delay(SyncTimer.java:90)
	- locked <0x0c3a8b38> (a java.lang.Object)
	at org.apache.jmeter.threads.JMeterThread.delay(JMeterThread.java:543)
	at org.apache.jmeter.threads.JMeterThread.run(JMeterThread.java:284)
	at java.lang.Thread.run(Unknown Source)

   Locked ownable synchronizers:
	- None

"validateToken 1-88" prio=6 tid=0x322ba000 nid=0x968 in Object.wait() [0x3626f000]
   java.lang.Thread.State: WAITING (on object monitor)
	at java.lang.Object.wait(Native Method)
	at java.lang.Object.wait(Object.java:485)
	at org.apache.jmeter.timers.SyncTimer.delay(SyncTimer.java:90)
	- locked <0x0c3a8b38> (a java.lang.Object)
	at org.apache.jmeter.threads.JMeterThread.delay(JMeterThread.java:543)
	at org.apache.jmeter.threads.JMeterThread.run(JMeterThread.java:284)
	at java.lang.Thread.run(Unknown Source)

   Locked ownable synchronizers:
	- None

"validateToken 1-87" prio=6 tid=0x33f87400 nid=0xf7c in Object.wait() [0x3621f000]
   java.lang.Thread.State: WAITING (on object monitor)
	at java.lang.Object.wait(Native Method)
	at java.lang.Object.wait(Object.java:485)
	at org.apache.jmeter.timers.SyncTimer.delay(SyncTimer.java:90)
	- locked <0x0c3a8b38> (a java.lang.Object)
	at org.apache.jmeter.threads.JMeterThread.delay(JMeterThread.java:543)
	at org.apache.jmeter.threads.JMeterThread.run(JMeterThread.java:284)
	at java.lang.Thread.run(Unknown Source)

   Locked ownable synchronizers:
	- None

"validateToken 1-86" prio=6 tid=0x33fe5400 nid=0xb98 in Object.wait() [0x361cf000]
   java.lang.Thread.State: WAITING (on object monitor)
	at java.lang.Object.wait(Native Method)
	at java.lang.Object.wait(Object.java:485)
	at org.apache.jmeter.timers.SyncTimer.delay(SyncTimer.java:90)
	- locked <0x0c3a8b38> (a java.lang.Object)
	at org.apache.jmeter.threads.JMeterThread.delay(JMeterThread.java:543)
	at org.apache.jmeter.threads.JMeterThread.run(JMeterThread.java:284)
	at java.lang.Thread.run(Unknown Source)

   Locked ownable synchronizers:
	- None

"validateToken 1-85" prio=6 tid=0x32590400 nid=0xaa4 in Object.wait() [0x3617f000]
   java.lang.Thread.State: WAITING (on object monitor)
	at java.lang.Object.wait(Native Method)
	at java.lang.Object.wait(Object.java:485)
	at org.apache.jmeter.timers.SyncTimer.delay(SyncTimer.java:90)
	- locked <0x0c3a8b38> (a java.lang.Object)
	at org.apache.jmeter.threads.JMeterThread.delay(JMeterThread.java:543)
	at org.apache.jmeter.threads.JMeterThread.run(JMeterThread.java:284)
	at java.lang.Thread.run(Unknown Source)

   Locked ownable synchronizers:
	- None

"validateToken 1-84" prio=6 tid=0x3354c000 nid=0xb80 in Object.wait() [0x3612f000]
   java.lang.Thread.State: WAITING (on object monitor)
	at java.lang.Object.wait(Native Method)
	at java.lang.Object.wait(Object.java:485)
	at org.apache.jmeter.timers.SyncTimer.delay(SyncTimer.java:90)
	- locked <0x0c3a8b38> (a java.lang.Object)
	at org.apache.jmeter.threads.JMeterThread.delay(JMeterThread.java:543)
	at org.apache.jmeter.threads.JMeterThread.run(JMeterThread.java:284)
	at java.lang.Thread.run(Unknown Source)

   Locked ownable synchronizers:
	- None

"validateToken 1-83" prio=6 tid=0x33300400 nid=0xb78 in Object.wait() [0x360df000]
   java.lang.Thread.State: WAITING (on object monitor)
	at java.lang.Object.wait(Native Method)
	at java.lang.Object.wait(Object.java:485)
	at org.apache.jmeter.timers.SyncTimer.delay(SyncTimer.java:90)
	- locked <0x0c3a8b38> (a java.lang.Object)
	at org.apache.jmeter.threads.JMeterThread.delay(JMeterThread.java:543)
	at org.apache.jmeter.threads.JMeterThread.run(JMeterThread.java:284)
	at java.lang.Thread.run(Unknown Source)

   Locked ownable synchronizers:
	- None

"validateToken 1-82" prio=6 tid=0x344a9400 nid=0x94c in Object.wait() [0x3608f000]
   java.lang.Thread.State: WAITING (on object monitor)
	at java.lang.Object.wait(Native Method)
	at java.lang.Object.wait(Object.java:485)
	at org.apache.jmeter.timers.SyncTimer.delay(SyncTimer.java:90)
	- locked <0x0c3a8b38> (a java.lang.Object)
	at org.apache.jmeter.threads.JMeterThread.delay(JMeterThread.java:543)
	at org.apache.jmeter.threads.JMeterThread.run(JMeterThread.java:284)
	at java.lang.Thread.run(Unknown Source)

   Locked ownable synchronizers:
	- None

"validateToken 1-81" prio=6 tid=0x32125000 nid=0x9b4 in Object.wait() [0x3603f000]
   java.lang.Thread.State: WAITING (on object monitor)
	at java.lang.Object.wait(Native Method)
	at java.lang.Object.wait(Object.java:485)
	at org.apache.jmeter.timers.SyncTimer.delay(SyncTimer.java:90)
	- locked <0x0c3a8b38> (a java.lang.Object)
	at org.apache.jmeter.threads.JMeterThread.delay(JMeterThread.java:543)
	at org.apache.jmeter.threads.JMeterThread.run(JMeterThread.java:284)
	at java.lang.Thread.run(Unknown Source)

   Locked ownable synchronizers:
	- None

"validateToken 1-80" prio=6 tid=0x325ecc00 nid=0x9f4 in Object.wait() [0x35fef000]
   java.lang.Thread.State: WAITING (on object monitor)
	at java.lang.Object.wait(Native Method)
	at java.lang.Object.wait(Object.java:485)
	at org.apache.jmeter.timers.SyncTimer.delay(SyncTimer.java:90)
	- locked <0x0c3a8b38> (a java.lang.Object)
	at org.apache.jmeter.threads.JMeterThread.delay(JMeterThread.java:543)
	at org.apache.jmeter.threads.JMeterThread.run(JMeterThread.java:284)
	at java.lang.Thread.run(Unknown Source)

   Locked ownable synchronizers:
	- None

"validateToken 1-79" prio=6 tid=0x345f4800 nid=0x470 in Object.wait() [0x35f9f000]
   java.lang.Thread.State: WAITING (on object monitor)
	at java.lang.Object.wait(Native Method)
	at java.lang.Object.wait(Object.java:485)
	at org.apache.jmeter.timers.SyncTimer.delay(SyncTimer.java:90)
	- locked <0x0c3a8b38> (a java.lang.Object)
	at org.apache.jmeter.threads.JMeterThread.delay(JMeterThread.java:543)
	at org.apache.jmeter.threads.JMeterThread.run(JMeterThread.java:284)
	at java.lang.Thread.run(Unknown Source)

   Locked ownable synchronizers:
	- None

"validateToken 1-78" prio=6 tid=0x343f2400 nid=0xff4 in Object.wait() [0x35f4f000]
   java.lang.Thread.State: WAITING (on object monitor)
	at java.lang.Object.wait(Native Method)
	at java.lang.Object.wait(Object.java:485)
	at org.apache.jmeter.timers.SyncTimer.delay(SyncTimer.java:90)
	- locked <0x0c3a8b38> (a java.lang.Object)
	at org.apache.jmeter.threads.JMeterThread.delay(JMeterThread.java:543)
	at org.apache.jmeter.threads.JMeterThread.run(JMeterThread.java:284)
	at java.lang.Thread.run(Unknown Source)

   Locked ownable synchronizers:
	- None

"validateToken 1-77" prio=6 tid=0x33ebd400 nid=0xabc in Object.wait() [0x35eff000]
   java.lang.Thread.State: WAITING (on object monitor)
	at java.lang.Object.wait(Native Method)
	at java.lang.Object.wait(Object.java:485)
	at org.apache.jmeter.timers.SyncTimer.delay(SyncTimer.java:90)
	- locked <0x0c3a8b38> (a java.lang.Object)
	at org.apache.jmeter.threads.JMeterThread.delay(JMeterThread.java:543)
	at org.apache.jmeter.threads.JMeterThread.run(JMeterThread.java:284)
	at java.lang.Thread.run(Unknown Source)

   Locked ownable synchronizers:
	- None

"validateToken 1-76" prio=6 tid=0x325a5400 nid=0x8dc in Object.wait() [0x35eaf000]
   java.lang.Thread.State: WAITING (on object monitor)
	at java.lang.Object.wait(Native Method)
	at java.lang.Object.wait(Object.java:485)
	at org.apache.jmeter.timers.SyncTimer.delay(SyncTimer.java:90)
	- locked <0x0c3a8b38> (a java.lang.Object)
	at org.apache.jmeter.threads.JMeterThread.delay(JMeterThread.java:543)
	at org.apache.jmeter.threads.JMeterThread.run(JMeterThread.java:284)
	at java.lang.Thread.run(Unknown Source)

   Locked ownable synchronizers:
	- None

"validateToken 1-75" prio=6 tid=0x3211cc00 nid=0x104 in Object.wait() [0x35e5f000]
   java.lang.Thread.State: WAITING (on object monitor)
	at java.lang.Object.wait(Native Method)
	at java.lang.Object.wait(Object.java:485)
	at org.apache.jmeter.timers.SyncTimer.delay(SyncTimer.java:90)
	- locked <0x0c3a8b38> (a java.lang.Object)
	at org.apache.jmeter.threads.JMeterThread.delay(JMeterThread.java:543)
	at org.apache.jmeter.threads.JMeterThread.run(JMeterThread.java:284)
	at java.lang.Thread.run(Unknown Source)

   Locked ownable synchronizers:
	- None

"validateToken 1-74" prio=6 tid=0x33eb5c00 nid=0x998 in Object.wait() [0x35e0f000]
   java.lang.Thread.State: WAITING (on object monitor)
	at java.lang.Object.wait(Native Method)
	at java.lang.Object.wait(Object.java:485)
	at org.apache.jmeter.timers.SyncTimer.delay(SyncTimer.java:90)
	- locked <0x0c3a8b38> (a java.lang.Object)
	at org.apache.jmeter.threads.JMeterThread.delay(JMeterThread.java:543)
	at org.apache.jmeter.threads.JMeterThread.run(JMeterThread.java:284)
	at java.lang.Thread.run(Unknown Source)

   Locked ownable synchronizers:
	- None

"validateToken 1-73" prio=6 tid=0x32396400 nid=0x904 in Object.wait() [0x35dbf000]
   java.lang.Thread.State: WAITING (on object monitor)
	at java.lang.Object.wait(Native Method)
	at java.lang.Object.wait(Object.java:485)
	at org.apache.jmeter.timers.SyncTimer.delay(SyncTimer.java:90)
	- locked <0x0c3a8b38> (a java.lang.Object)
	at org.apache.jmeter.threads.JMeterThread.delay(JMeterThread.java:543)
	at org.apache.jmeter.threads.JMeterThread.run(JMeterThread.java:284)
	at java.lang.Thread.run(Unknown Source)

   Locked ownable synchronizers:
	- None

"validateToken 1-72" prio=6 tid=0x336d3400 nid=0x748 in Object.wait() [0x35d6f000]
   java.lang.Thread.State: WAITING (on object monitor)
	at java.lang.Object.wait(Native Method)
	at java.lang.Object.wait(Object.java:485)
	at org.apache.jmeter.timers.SyncTimer.delay(SyncTimer.java:90)
	- locked <0x0c3a8b38> (a java.lang.Object)
	at org.apache.jmeter.threads.JMeterThread.delay(JMeterThread.java:543)
	at org.apache.jmeter.threads.JMeterThread.run(JMeterThread.java:284)
	at java.lang.Thread.run(Unknown Source)

   Locked ownable synchronizers:
	- None

"validateToken 1-71" prio=6 tid=0x3401ac00 nid=0x920 in Object.wait() [0x35d1f000]
   java.lang.Thread.State: WAITING (on object monitor)
	at java.lang.Object.wait(Native Method)
	at java.lang.Object.wait(Object.java:485)
	at org.apache.jmeter.timers.SyncTimer.delay(SyncTimer.java:90)
	- locked <0x0c3a8b38> (a java.lang.Object)
	at org.apache.jmeter.threads.JMeterThread.delay(JMeterThread.java:543)
	at org.apache.jmeter.threads.JMeterThread.run(JMeterThread.java:284)
	at java.lang.Thread.run(Unknown Source)

   Locked ownable synchronizers:
	- None

"validateToken 1-70" prio=6 tid=0x343eac00 nid=0xe7c in Object.wait() [0x35ccf000]
   java.lang.Thread.State: WAITING (on object monitor)
	at java.lang.Object.wait(Native Method)
	at java.lang.Object.wait(Object.java:485)
	at org.apache.jmeter.timers.SyncTimer.delay(SyncTimer.java:90)
	- locked <0x0c3a8b38> (a java.lang.Object)
	at org.apache.jmeter.threads.JMeterThread.delay(JMeterThread.java:543)
	at org.apache.jmeter.threads.JMeterThread.run(JMeterThread.java:284)
	at java.lang.Thread.run(Unknown Source)

   Locked ownable synchronizers:
	- None

"validateToken 1-69" prio=6 tid=0x336e5800 nid=0xd1c in Object.wait() [0x35c7f000]
   java.lang.Thread.State: WAITING (on object monitor)
	at java.lang.Object.wait(Native Method)
	at java.lang.Object.wait(Object.java:485)
	at org.apache.jmeter.timers.SyncTimer.delay(SyncTimer.java:90)
	- locked <0x0c3a8b38> (a java.lang.Object)
	at org.apache.jmeter.threads.JMeterThread.delay(JMeterThread.java:543)
	at org.apache.jmeter.threads.JMeterThread.run(JMeterThread.java:284)
	at java.lang.Thread.run(Unknown Source)

   Locked ownable synchronizers:
	- None

"validateToken 1-68" prio=6 tid=0x34489c00 nid=0x158 in Object.wait() [0x35c2f000]
   java.lang.Thread.State: WAITING (on object monitor)
	at java.lang.Object.wait(Native Method)
	at java.lang.Object.wait(Object.java:485)
	at org.apache.jmeter.timers.SyncTimer.delay(SyncTimer.java:90)
	- locked <0x0c3a8b38> (a java.lang.Object)
	at org.apache.jmeter.threads.JMeterThread.delay(JMeterThread.java:543)
	at org.apache.jmeter.threads.JMeterThread.run(JMeterThread.java:284)
	at java.lang.Thread.run(Unknown Source)

   Locked ownable synchronizers:
	- None

"validateToken 1-67" prio=6 tid=0x32699800 nid=0xd18 in Object.wait() [0x35bdf000]
   java.lang.Thread.State: WAITING (on object monitor)
	at java.lang.Object.wait(Native Method)
	at java.lang.Object.wait(Object.java:485)
	at org.apache.jmeter.timers.SyncTimer.delay(SyncTimer.java:90)
	- locked <0x0c3a8b38> (a java.lang.Object)
	at org.apache.jmeter.threads.JMeterThread.delay(JMeterThread.java:543)
	at org.apache.jmeter.threads.JMeterThread.run(JMeterThread.java:284)
	at java.lang.Thread.run(Unknown Source)

   Locked ownable synchronizers:
	- None

"validateToken 1-66" prio=6 tid=0x346adc00 nid=0x5e8 in Object.wait() [0x35b8f000]
   java.lang.Thread.State: WAITING (on object monitor)
	at java.lang.Object.wait(Native Method)
	at java.lang.Object.wait(Object.java:485)
	at org.apache.jmeter.timers.SyncTimer.delay(SyncTimer.java:90)
	- locked <0x0c3a8b38> (a java.lang.Object)
	at org.apache.jmeter.threads.JMeterThread.delay(JMeterThread.java:543)
	at org.apache.jmeter.threads.JMeterThread.run(JMeterThread.java:284)
	at java.lang.Thread.run(Unknown Source)

   Locked ownable synchronizers:
	- None

"validateToken 1-65" prio=6 tid=0x3483e400 nid=0x944 in Object.wait() [0x35b3f000]
   java.lang.Thread.State: WAITING (on object monitor)
	at java.lang.Object.wait(Native Method)
	at java.lang.Object.wait(Object.java:485)
	at org.apache.jmeter.timers.SyncTimer.delay(SyncTimer.java:90)
	- locked <0x0c3a8b38> (a java.lang.Object)
	at org.apache.jmeter.threads.JMeterThread.delay(JMeterThread.java:543)
	at org.apache.jmeter.threads.JMeterThread.run(JMeterThread.java:284)
	at java.lang.Thread.run(Unknown Source)

   Locked ownable synchronizers:
	- None

"validateToken 1-64" prio=6 tid=0x33790800 nid=0xdb8 in Object.wait() [0x35aef000]
   java.lang.Thread.State: WAITING (on object monitor)
	at java.lang.Object.wait(Native Method)
	at java.lang.Object.wait(Object.java:485)
	at org.apache.jmeter.timers.SyncTimer.delay(SyncTimer.java:90)
	- locked <0x0c3a8b38> (a java.lang.Object)
	at org.apache.jmeter.threads.JMeterThread.delay(JMeterThread.java:543)
	at org.apache.jmeter.threads.JMeterThread.run(JMeterThread.java:284)
	at java.lang.Thread.run(Unknown Source)

   Locked ownable synchronizers:
	- None

"validateToken 1-63" prio=6 tid=0x33f77c00 nid=0x960 in Object.wait() [0x35a9f000]
   java.lang.Thread.State: WAITING (on object monitor)
	at java.lang.Object.wait(Native Method)
	at java.lang.Object.wait(Object.java:485)
	at org.apache.jmeter.timers.SyncTimer.delay(SyncTimer.java:90)
	- locked <0x0c3a8b38> (a java.lang.Object)
	at org.apache.jmeter.threads.JMeterThread.delay(JMeterThread.java:543)
	at org.apache.jmeter.threads.JMeterThread.run(JMeterThread.java:284)
	at java.lang.Thread.run(Unknown Source)

   Locked ownable synchronizers:
	- None

"validateToken 1-62" prio=6 tid=0x345a6c00 nid=0xe08 in Object.wait() [0x35a4f000]
   java.lang.Thread.State: WAITING (on object monitor)
	at java.lang.Object.wait(Native Method)
	at java.lang.Object.wait(Object.java:485)
	at org.apache.jmeter.timers.SyncTimer.delay(SyncTimer.java:90)
	- locked <0x0c3a8b38> (a java.lang.Object)
	at org.apache.jmeter.threads.JMeterThread.delay(JMeterThread.java:543)
	at org.apache.jmeter.threads.JMeterThread.run(JMeterThread.java:284)
	at java.lang.Thread.run(Unknown Source)

   Locked ownable synchronizers:
	- None

"validateToken 1-61" prio=6 tid=0x32657800 nid=0xd34 in Object.wait() [0x359ff000]
   java.lang.Thread.State: WAITING (on object monitor)
	at java.lang.Object.wait(Native Method)
	at java.lang.Object.wait(Object.java:485)
	at org.apache.jmeter.timers.SyncTimer.delay(SyncTimer.java:90)
	- locked <0x0c3a8b38> (a java.lang.Object)
	at org.apache.jmeter.threads.JMeterThread.delay(JMeterThread.java:543)
	at org.apache.jmeter.threads.JMeterThread.run(JMeterThread.java:284)
	at java.lang.Thread.run(Unknown Source)

   Locked ownable synchronizers:
	- None

"validateToken 1-60" prio=6 tid=0x33eed000 nid=0xc6c in Object.wait() [0x359af000]
   java.lang.Thread.State: WAITING (on object monitor)
	at java.lang.Object.wait(Native Method)
	at java.lang.Object.wait(Object.java:485)
	at org.apache.jmeter.timers.SyncTimer.delay(SyncTimer.java:90)
	- locked <0x0c3a8b38> (a java.lang.Object)
	at org.apache.jmeter.threads.JMeterThread.delay(JMeterThread.java:543)
	at org.apache.jmeter.threads.JMeterThread.run(JMeterThread.java:284)
	at java.lang.Thread.run(Unknown Source)

   Locked ownable synchronizers:
	- None

"validateToken 1-59" prio=6 tid=0x3472f800 nid=0xd54 in Object.wait() [0x3595f000]
   java.lang.Thread.State: WAITING (on object monitor)
	at java.lang.Object.wait(Native Method)
	at java.lang.Object.wait(Object.java:485)
	at org.apache.jmeter.timers.SyncTimer.delay(SyncTimer.java:90)
	- locked <0x0c3a8b38> (a java.lang.Object)
	at org.apache.jmeter.threads.JMeterThread.delay(JMeterThread.java:543)
	at org.apache.jmeter.threads.JMeterThread.run(JMeterThread.java:284)
	at java.lang.Thread.run(Unknown Source)

   Locked ownable synchronizers:
	- None

"validateToken 1-58" prio=6 tid=0x344fd400 nid=0x854 in Object.wait() [0x3590f000]
   java.lang.Thread.State: WAITING (on object monitor)
	at java.lang.Object.wait(Native Method)
	at java.lang.Object.wait(Object.java:485)
	at org.apache.jmeter.timers.SyncTimer.delay(SyncTimer.java:90)
	- locked <0x0c3a8b38> (a java.lang.Object)
	at org.apache.jmeter.threads.JMeterThread.delay(JMeterThread.java:543)
	at org.apache.jmeter.threads.JMeterThread.run(JMeterThread.java:284)
	at java.lang.Thread.run(Unknown Source)

   Locked ownable synchronizers:
	- None

"validateToken 1-57" prio=6 tid=0x341aac00 nid=0x8bc in Object.wait() [0x358bf000]
   java.lang.Thread.State: WAITING (on object monitor)
	at java.lang.Object.wait(Native Method)
	at java.lang.Object.wait(Object.java:485)
	at org.apache.jmeter.timers.SyncTimer.delay(SyncTimer.java:90)
	- locked <0x0c3a8b38> (a java.lang.Object)
	at org.apache.jmeter.threads.JMeterThread.delay(JMeterThread.java:543)
	at org.apache.jmeter.threads.JMeterThread.run(JMeterThread.java:284)
	at java.lang.Thread.run(Unknown Source)

   Locked ownable synchronizers:
	- None

"validateToken 1-56" prio=6 tid=0x33edd400 nid=0xe14 in Object.wait() [0x3586f000]
   java.lang.Thread.State: WAITING (on object monitor)
	at java.lang.Object.wait(Native Method)
	at java.lang.Object.wait(Object.java:485)
	at org.apache.jmeter.timers.SyncTimer.delay(SyncTimer.java:90)
	- locked <0x0c3a8b38> (a java.lang.Object)
	at org.apache.jmeter.threads.JMeterThread.delay(JMeterThread.java:543)
	at org.apache.jmeter.threads.JMeterThread.run(JMeterThread.java:284)
	at java.lang.Thread.run(Unknown Source)

   Locked ownable synchronizers:
	- None

"validateToken 1-55" prio=6 tid=0x33cdf400 nid=0xfe4 in Object.wait() [0x3581f000]
   java.lang.Thread.State: WAITING (on object monitor)
	at java.lang.Object.wait(Native Method)
	at java.lang.Object.wait(Object.java:485)
	at org.apache.jmeter.timers.SyncTimer.delay(SyncTimer.java:90)
	- locked <0x0c3a8b38> (a java.lang.Object)
	at org.apache.jmeter.threads.JMeterThread.delay(JMeterThread.java:543)
	at org.apache.jmeter.threads.JMeterThread.run(JMeterThread.java:284)
	at java.lang.Thread.run(Unknown Source)

   Locked ownable synchronizers:
	- None

"validateToken 1-54" prio=6 tid=0x33f54400 nid=0x5d4 in Object.wait() [0x357cf000]
   java.lang.Thread.State: WAITING (on object monitor)
	at java.lang.Object.wait(Native Method)
	at java.lang.Object.wait(Object.java:485)
	at org.apache.jmeter.timers.SyncTimer.delay(SyncTimer.java:90)
	- locked <0x0c3a8b38> (a java.lang.Object)
	at org.apache.jmeter.threads.JMeterThread.delay(JMeterThread.java:543)
	at org.apache.jmeter.threads.JMeterThread.run(JMeterThread.java:284)
	at java.lang.Thread.run(Unknown Source)

   Locked ownable synchronizers:
	- None

"validateToken 1-53" prio=6 tid=0x34328400 nid=0xb54 in Object.wait() [0x3577f000]
   java.lang.Thread.State: WAITING (on object monitor)
	at java.lang.Object.wait(Native Method)
	at java.lang.Object.wait(Object.java:485)
	at org.apache.jmeter.timers.SyncTimer.delay(SyncTimer.java:90)
	- locked <0x0c3a8b38> (a java.lang.Object)
	at org.apache.jmeter.threads.JMeterThread.delay(JMeterThread.java:543)
	at org.apache.jmeter.threads.JMeterThread.run(JMeterThread.java:284)
	at java.lang.Thread.run(Unknown Source)

   Locked ownable synchronizers:
	- None

"validateToken 1-52" prio=6 tid=0x325ee400 nid=0xd08 in Object.wait() [0x3572f000]
   java.lang.Thread.State: WAITING (on object monitor)
	at java.lang.Object.wait(Native Method)
	at java.lang.Object.wait(Object.java:485)
	at org.apache.jmeter.timers.SyncTimer.delay(SyncTimer.java:90)
	- locked <0x0c3a8b38> (a java.lang.Object)
	at org.apache.jmeter.threads.JMeterThread.delay(JMeterThread.java:543)
	at org.apache.jmeter.threads.JMeterThread.run(JMeterThread.java:284)
	at java.lang.Thread.run(Unknown Source)

   Locked ownable synchronizers:
	- None

"validateToken 1-51" prio=6 tid=0x33caac00 nid=0xca8 in Object.wait() [0x356df000]
   java.lang.Thread.State: WAITING (on object monitor)
	at java.lang.Object.wait(Native Method)
	at java.lang.Object.wait(Object.java:485)
	at org.apache.jmeter.timers.SyncTimer.delay(SyncTimer.java:90)
	- locked <0x0c3a8b38> (a java.lang.Object)
	at org.apache.jmeter.threads.JMeterThread.delay(JMeterThread.java:543)
	at org.apache.jmeter.threads.JMeterThread.run(JMeterThread.java:284)
	at java.lang.Thread.run(Unknown Source)

   Locked ownable synchronizers:
	- None

"validateToken 1-50" prio=6 tid=0x32496000 nid=0x9b0 in Object.wait() [0x3568f000]
   java.lang.Thread.State: WAITING (on object monitor)
	at java.lang.Object.wait(Native Method)
	at java.lang.Object.wait(Object.java:485)
	at org.apache.jmeter.timers.SyncTimer.delay(SyncTimer.java:90)
	- locked <0x0c3a8b38> (a java.lang.Object)
	at org.apache.jmeter.threads.JMeterThread.delay(JMeterThread.java:543)
	at org.apache.jmeter.threads.JMeterThread.run(JMeterThread.java:284)
	at java.lang.Thread.run(Unknown Source)

   Locked ownable synchronizers:
	- None

"validateToken 1-49" prio=6 tid=0x3262a000 nid=0xb74 in Object.wait() [0x3563f000]
   java.lang.Thread.State: WAITING (on object monitor)
	at java.lang.Object.wait(Native Method)
	at java.lang.Object.wait(Object.java:485)
	at org.apache.jmeter.timers.SyncTimer.delay(SyncTimer.java:90)
	- locked <0x0c3a8b38> (a java.lang.Object)
	at org.apache.jmeter.threads.JMeterThread.delay(JMeterThread.java:543)
	at org.apache.jmeter.threads.JMeterThread.run(JMeterThread.java:284)
	at java.lang.Thread.run(Unknown Source)

   Locked ownable synchronizers:
	- None

"validateToken 1-48" prio=6 tid=0x34893c00 nid=0x8a4 in Object.wait() [0x355ef000]
   java.lang.Thread.State: WAITING (on object monitor)
	at java.lang.Object.wait(Native Method)
	at java.lang.Object.wait(Object.java:485)
	at org.apache.jmeter.timers.SyncTimer.delay(SyncTimer.java:90)
	- locked <0x0c3a8b38> (a java.lang.Object)
	at org.apache.jmeter.threads.JMeterThread.delay(JMeterThread.java:543)
	at org.apache.jmeter.threads.JMeterThread.run(JMeterThread.java:284)
	at java.lang.Thread.run(Unknown Source)

   Locked ownable synchronizers:
	- None

"validateToken 1-47" prio=6 tid=0x33924400 nid=0x83c in Object.wait() [0x3559f000]
   java.lang.Thread.State: WAITING (on object monitor)
	at java.lang.Object.wait(Native Method)
	at java.lang.Object.wait(Object.java:485)
	at org.apache.jmeter.timers.SyncTimer.delay(SyncTimer.java:90)
	- locked <0x0c3a8b38> (a java.lang.Object)
	at org.apache.jmeter.threads.JMeterThread.delay(JMeterThread.java:543)
	at org.apache.jmeter.threads.JMeterThread.run(JMeterThread.java:284)
	at java.lang.Thread.run(Unknown Source)

   Locked ownable synchronizers:
	- None

"validateToken 1-46" prio=6 tid=0x32655c00 nid=0xcc8 in Object.wait() [0x3554f000]
   java.lang.Thread.State: WAITING (on object monitor)
	at java.lang.Object.wait(Native Method)
	at java.lang.Object.wait(Object.java:485)
	at org.apache.jmeter.timers.SyncTimer.delay(SyncTimer.java:90)
	- locked <0x0c3a8b38> (a java.lang.Object)
	at org.apache.jmeter.threads.JMeterThread.delay(JMeterThread.java:543)
	at org.apache.jmeter.threads.JMeterThread.run(JMeterThread.java:284)
	at java.lang.Thread.run(Unknown Source)

   Locked ownable synchronizers:
	- None

"validateToken 1-45" prio=6 tid=0x3463fc00 nid=0xc4c in Object.wait() [0x354ff000]
   java.lang.Thread.State: WAITING (on object monitor)
	at java.lang.Object.wait(Native Method)
	at java.lang.Object.wait(Object.java:485)
	at org.apache.jmeter.timers.SyncTimer.delay(SyncTimer.java:90)
	- locked <0x0c3a8b38> (a java.lang.Object)
	at org.apache.jmeter.threads.JMeterThread.delay(JMeterThread.java:543)
	at org.apache.jmeter.threads.JMeterThread.run(JMeterThread.java:284)
	at java.lang.Thread.run(Unknown Source)

   Locked ownable synchronizers:
	- None

"validateToken 1-44" prio=6 tid=0x340ae400 nid=0x75c in Object.wait() [0x354af000]
   java.lang.Thread.State: WAITING (on object monitor)
	at java.lang.Object.wait(Native Method)
	at java.lang.Object.wait(Object.java:485)
	at org.apache.jmeter.timers.SyncTimer.delay(SyncTimer.java:90)
	- locked <0x0c3a8b38> (a java.lang.Object)
	at org.apache.jmeter.threads.JMeterThread.delay(JMeterThread.java:543)
	at org.apache.jmeter.threads.JMeterThread.run(JMeterThread.java:284)
	at java.lang.Thread.run(Unknown Source)

   Locked ownable synchronizers:
	- None

"validateToken 1-43" prio=6 tid=0x338f0c00 nid=0xe00 in Object.wait() [0x3545f000]
   java.lang.Thread.State: WAITING (on object monitor)
	at java.lang.Object.wait(Native Method)
	at java.lang.Object.wait(Object.java:485)
	at org.apache.jmeter.timers.SyncTimer.delay(SyncTimer.java:90)
	- locked <0x0c3a8b38> (a java.lang.Object)
	at org.apache.jmeter.threads.JMeterThread.delay(JMeterThread.java:543)
	at org.apache.jmeter.threads.JMeterThread.run(JMeterThread.java:284)
	at java.lang.Thread.run(Unknown Source)

   Locked ownable synchronizers:
	- None

"validateToken 1-42" prio=6 tid=0x3355c400 nid=0x400 in Object.wait() [0x3540f000]
   java.lang.Thread.State: WAITING (on object monitor)
	at java.lang.Object.wait(Native Method)
	at java.lang.Object.wait(Object.java:485)
	at org.apache.jmeter.timers.SyncTimer.delay(SyncTimer.java:90)
	- locked <0x0c3a8b38> (a java.lang.Object)
	at org.apache.jmeter.threads.JMeterThread.delay(JMeterThread.java:543)
	at org.apache.jmeter.threads.JMeterThread.run(JMeterThread.java:284)
	at java.lang.Thread.run(Unknown Source)

   Locked ownable synchronizers:
	- None

"validateToken 1-41" prio=6 tid=0x33354800 nid=0xe90 in Object.wait() [0x353bf000]
   java.lang.Thread.State: WAITING (on object monitor)
	at java.lang.Object.wait(Native Method)
	at java.lang.Object.wait(Object.java:485)
	at org.apache.jmeter.timers.SyncTimer.delay(SyncTimer.java:90)
	- locked <0x0c3a8b38> (a java.lang.Object)
	at org.apache.jmeter.threads.JMeterThread.delay(JMeterThread.java:543)
	at org.apache.jmeter.threads.JMeterThread.run(JMeterThread.java:284)
	at java.lang.Thread.run(Unknown Source)

   Locked ownable synchronizers:
	- None

"validateToken 1-40" prio=6 tid=0x33d97400 nid=0xa08 in Object.wait() [0x3536f000]
   java.lang.Thread.State: WAITING (on object monitor)
	at java.lang.Object.wait(Native Method)
	at java.lang.Object.wait(Object.java:485)
	at org.apache.jmeter.timers.SyncTimer.delay(SyncTimer.java:90)
	- locked <0x0c3a8b38> (a java.lang.Object)
	at org.apache.jmeter.threads.JMeterThread.delay(JMeterThread.java:543)
	at org.apache.jmeter.threads.JMeterThread.run(JMeterThread.java:284)
	at java.lang.Thread.run(Unknown Source)

   Locked ownable synchronizers:
	- None

"validateToken 1-39" prio=6 tid=0x33afc400 nid=0x1f8 in Object.wait() [0x3531f000]
   java.lang.Thread.State: WAITING (on object monitor)
	at java.lang.Object.wait(Native Method)
	at java.lang.Object.wait(Object.java:485)
	at org.apache.jmeter.timers.SyncTimer.delay(SyncTimer.java:90)
	- locked <0x0c3a8b38> (a java.lang.Object)
	at org.apache.jmeter.threads.JMeterThread.delay(JMeterThread.java:543)
	at org.apache.jmeter.threads.JMeterThread.run(JMeterThread.java:284)
	at java.lang.Thread.run(Unknown Source)

   Locked ownable synchronizers:
	- None

"validateToken 1-38" prio=6 tid=0x3342b000 nid=0x9a4 in Object.wait() [0x352cf000]
   java.lang.Thread.State: WAITING (on object monitor)
	at java.lang.Object.wait(Native Method)
	at java.lang.Object.wait(Object.java:485)
	at org.apache.jmeter.timers.SyncTimer.delay(SyncTimer.java:90)
	- locked <0x0c3a8b38> (a java.lang.Object)
	at org.apache.jmeter.threads.JMeterThread.delay(JMeterThread.java:543)
	at org.apache.jmeter.threads.JMeterThread.run(JMeterThread.java:284)
	at java.lang.Thread.run(Unknown Source)

   Locked ownable synchronizers:
	- None

"validateToken 1-37" prio=6 tid=0x344c9400 nid=0xc54 in Object.wait() [0x3527f000]
   java.lang.Thread.State: WAITING (on object monitor)
	at java.lang.Object.wait(Native Method)
	at java.lang.Object.wait(Object.java:485)
	at org.apache.jmeter.timers.SyncTimer.delay(SyncTimer.java:90)
	- locked <0x0c3a8b38> (a java.lang.Object)
	at org.apache.jmeter.threads.JMeterThread.delay(JMeterThread.java:543)
	at org.apache.jmeter.threads.JMeterThread.run(JMeterThread.java:284)
	at java.lang.Thread.run(Unknown Source)

   Locked ownable synchronizers:
	- None

"validateToken 1-36" prio=6 tid=0x34087c00 nid=0x978 in Object.wait() [0x3522f000]
   java.lang.Thread.State: WAITING (on object monitor)
	at java.lang.Object.wait(Native Method)
	at java.lang.Object.wait(Object.java:485)
	at org.apache.jmeter.timers.SyncTimer.delay(SyncTimer.java:90)
	- locked <0x0c3a8b38> (a java.lang.Object)
	at org.apache.jmeter.threads.JMeterThread.delay(JMeterThread.java:543)
	at org.apache.jmeter.threads.JMeterThread.run(JMeterThread.java:284)
	at java.lang.Thread.run(Unknown Source)

   Locked ownable synchronizers:
	- None

"validateToken 1-35" prio=6 tid=0x32666c00 nid=0x190 in Object.wait() [0x351df000]
   java.lang.Thread.State: WAITING (on object monitor)
	at java.lang.Object.wait(Native Method)
	at java.lang.Object.wait(Object.java:485)
	at org.apache.jmeter.timers.SyncTimer.delay(SyncTimer.java:90)
	- locked <0x0c3a8b38> (a java.lang.Object)
	at org.apache.jmeter.threads.JMeterThread.delay(JMeterThread.java:543)
	at org.apache.jmeter.threads.JMeterThread.run(JMeterThread.java:284)
	at java.lang.Thread.run(Unknown Source)

   Locked ownable synchronizers:
	- None

"validateToken 1-34" prio=6 tid=0x336d3c00 nid=0xb30 in Object.wait() [0x3518f000]
   java.lang.Thread.State: WAITING (on object monitor)
	at java.lang.Object.wait(Native Method)
	at java.lang.Object.wait(Object.java:485)
	at org.apache.jmeter.timers.SyncTimer.delay(SyncTimer.java:90)
	- locked <0x0c3a8b38> (a java.lang.Object)
	at org.apache.jmeter.threads.JMeterThread.delay(JMeterThread.java:543)
	at org.apache.jmeter.threads.JMeterThread.run(JMeterThread.java:284)
	at java.lang.Thread.run(Unknown Source)

   Locked ownable synchronizers:
	- None

"validateToken 1-33" prio=6 tid=0x34578c00 nid=0x3ac in Object.wait() [0x3513f000]
   java.lang.Thread.State: WAITING (on object monitor)
	at java.lang.Object.wait(Native Method)
	at java.lang.Object.wait(Object.java:485)
	at org.apache.jmeter.timers.SyncTimer.delay(SyncTimer.java:90)
	- locked <0x0c3a8b38> (a java.lang.Object)
	at org.apache.jmeter.threads.JMeterThread.delay(JMeterThread.java:543)
	at org.apache.jmeter.threads.JMeterThread.run(JMeterThread.java:284)
	at java.lang.Thread.run(Unknown Source)

   Locked ownable synchronizers:
	- None

"validateToken 1-32" prio=6 tid=0x33fcfc00 nid=0x78c in Object.wait() [0x350ef000]
   java.lang.Thread.State: WAITING (on object monitor)
	at java.lang.Object.wait(Native Method)
	at java.lang.Object.wait(Object.java:485)
	at org.apache.jmeter.timers.SyncTimer.delay(SyncTimer.java:90)
	- locked <0x0c3a8b38> (a java.lang.Object)
	at org.apache.jmeter.threads.JMeterThread.delay(JMeterThread.java:543)
	at org.apache.jmeter.threads.JMeterThread.run(JMeterThread.java:284)
	at java.lang.Thread.run(Unknown Source)

   Locked ownable synchronizers:
	- None

"validateToken 1-31" prio=6 tid=0x324abc00 nid=0xcd8 in Object.wait() [0x3509f000]
   java.lang.Thread.State: WAITING (on object monitor)
	at java.lang.Object.wait(Native Method)
	at java.lang.Object.wait(Object.java:485)
	at org.apache.jmeter.timers.SyncTimer.delay(SyncTimer.java:90)
	- locked <0x0c3a8b38> (a java.lang.Object)
	at org.apache.jmeter.threads.JMeterThread.delay(JMeterThread.java:543)
	at org.apache.jmeter.threads.JMeterThread.run(JMeterThread.java:284)
	at java.lang.Thread.run(Unknown Source)

   Locked ownable synchronizers:
	- None

"validateToken 1-30" prio=6 tid=0x325ec000 nid=0x2f8 in Object.wait() [0x3504f000]
   java.lang.Thread.State: WAITING (on object monitor)
	at java.lang.Object.wait(Native Method)
	at java.lang.Object.wait(Object.java:485)
	at org.apache.jmeter.timers.SyncTimer.delay(SyncTimer.java:90)
	- locked <0x0c3a8b38> (a java.lang.Object)
	at org.apache.jmeter.threads.JMeterThread.delay(JMeterThread.java:543)
	at org.apache.jmeter.threads.JMeterThread.run(JMeterThread.java:284)
	at java.lang.Thread.run(Unknown Source)

   Locked ownable synchronizers:
	- None

"validateToken 1-29" prio=6 tid=0x34737800 nid=0x330 in Object.wait() [0x34fff000]
   java.lang.Thread.State: WAITING (on object monitor)
	at java.lang.Object.wait(Native Method)
	at java.lang.Object.wait(Object.java:485)
	at org.apache.jmeter.timers.SyncTimer.delay(SyncTimer.java:90)
	- locked <0x0c3a8b38> (a java.lang.Object)
	at org.apache.jmeter.threads.JMeterThread.delay(JMeterThread.java:543)
	at org.apache.jmeter.threads.JMeterThread.run(JMeterThread.java:284)
	at java.lang.Thread.run(Unknown Source)

   Locked ownable synchronizers:
	- None

"validateToken 1-28" prio=6 tid=0x32596800 nid=0x9e4 in Object.wait() [0x34faf000]
   java.lang.Thread.State: WAITING (on object monitor)
	at java.lang.Object.wait(Native Method)
	at java.lang.Object.wait(Object.java:485)
	at org.apache.jmeter.timers.SyncTimer.delay(SyncTimer.java:90)
	- locked <0x0c3a8b38> (a java.lang.Object)
	at org.apache.jmeter.threads.JMeterThread.delay(JMeterThread.java:543)
	at org.apache.jmeter.threads.JMeterThread.run(JMeterThread.java:284)
	at java.lang.Thread.run(Unknown Source)

   Locked ownable synchronizers:
	- None

"validateToken 1-27" prio=6 tid=0x324c7800 nid=0x8a8 in Object.wait() [0x34f5f000]
   java.lang.Thread.State: WAITING (on object monitor)
	at java.lang.Object.wait(Native Method)
	at java.lang.Object.wait(Object.java:485)
	at org.apache.jmeter.timers.SyncTimer.delay(SyncTimer.java:90)
	- locked <0x0c3a8b38> (a java.lang.Object)
	at org.apache.jmeter.threads.JMeterThread.delay(JMeterThread.java:543)
	at org.apache.jmeter.threads.JMeterThread.run(JMeterThread.java:284)
	at java.lang.Thread.run(Unknown Source)

   Locked ownable synchronizers:
	- None

"validateToken 1-26" prio=6 tid=0x3217ac00 nid=0xb34 in Object.wait() [0x34f0f000]
   java.lang.Thread.State: WAITING (on object monitor)
	at java.lang.Object.wait(Native Method)
	at java.lang.Object.wait(Object.java:485)
	at org.apache.jmeter.timers.SyncTimer.delay(SyncTimer.java:90)
	- locked <0x0c3a8b38> (a java.lang.Object)
	at org.apache.jmeter.threads.JMeterThread.delay(JMeterThread.java:543)
	at org.apache.jmeter.threads.JMeterThread.run(JMeterThread.java:284)
	at java.lang.Thread.run(Unknown Source)

   Locked ownable synchronizers:
	- None

"validateToken 1-25" prio=6 tid=0x33d01800 nid=0xfb4 in Object.wait() [0x34ebf000]
   java.lang.Thread.State: WAITING (on object monitor)
	at java.lang.Object.wait(Native Method)
	at java.lang.Object.wait(Object.java:485)
	at org.apache.jmeter.timers.SyncTimer.delay(SyncTimer.java:90)
	- locked <0x0c3a8b38> (a java.lang.Object)
	at org.apache.jmeter.threads.JMeterThread.delay(JMeterThread.java:543)
	at org.apache.jmeter.threads.JMeterThread.run(JMeterThread.java:284)
	at java.lang.Thread.run(Unknown Source)

   Locked ownable synchronizers:
	- None

"validateToken 1-24" prio=6 tid=0x3479e800 nid=0xaf0 in Object.wait() [0x34e6f000]
   java.lang.Thread.State: WAITING (on object monitor)
	at java.lang.Object.wait(Native Method)
	at java.lang.Object.wait(Object.java:485)
	at org.apache.jmeter.timers.SyncTimer.delay(SyncTimer.java:90)
	- locked <0x0c3a8b38> (a java.lang.Object)
	at org.apache.jmeter.threads.JMeterThread.delay(JMeterThread.java:543)
	at org.apache.jmeter.threads.JMeterThread.run(JMeterThread.java:284)
	at java.lang.Thread.run(Unknown Source)

   Locked ownable synchronizers:
	- None

"validateToken 1-23" prio=6 tid=0x344e7400 nid=0xbd4 in Object.wait() [0x34e1f000]
   java.lang.Thread.State: WAITING (on object monitor)
	at java.lang.Object.wait(Native Method)
	at java.lang.Object.wait(Object.java:485)
	at org.apache.jmeter.timers.SyncTimer.delay(SyncTimer.java:90)
	- locked <0x0c3a8b38> (a java.lang.Object)
	at org.apache.jmeter.threads.JMeterThread.delay(JMeterThread.java:543)
	at org.apache.jmeter.threads.JMeterThread.run(JMeterThread.java:284)
	at java.lang.Thread.run(Unknown Source)

   Locked ownable synchronizers:
	- None

"validateToken 1-22" prio=6 tid=0x34236400 nid=0x5a4 in Object.wait() [0x34dcf000]
   java.lang.Thread.State: WAITING (on object monitor)
	at java.lang.Object.wait(Native Method)
	at java.lang.Object.wait(Object.java:485)
	at org.apache.jmeter.timers.SyncTimer.delay(SyncTimer.java:90)
	- locked <0x0c3a8b38> (a java.lang.Object)
	at org.apache.jmeter.threads.JMeterThread.delay(JMeterThread.java:543)
	at org.apache.jmeter.threads.JMeterThread.run(JMeterThread.java:284)
	at java.lang.Thread.run(Unknown Source)

   Locked ownable synchronizers:
	- None

"validateToken 1-21" prio=6 tid=0x336df000 nid=0xac0 in Object.wait() [0x34d7f000]
   java.lang.Thread.State: WAITING (on object monitor)
	at java.lang.Object.wait(Native Method)
	at java.lang.Object.wait(Object.java:485)
	at org.apache.jmeter.timers.SyncTimer.delay(SyncTimer.java:90)
	- locked <0x0c3a8b38> (a java.lang.Object)
	at org.apache.jmeter.threads.JMeterThread.delay(JMeterThread.java:543)
	at org.apache.jmeter.threads.JMeterThread.run(JMeterThread.java:284)
	at java.lang.Thread.run(Unknown Source)

   Locked ownable synchronizers:
	- None

"validateToken 1-20" prio=6 tid=0x348f5400 nid=0x234 in Object.wait() [0x34d2f000]
   java.lang.Thread.State: WAITING (on object monitor)
	at java.lang.Object.wait(Native Method)
	at java.lang.Object.wait(Object.java:485)
	at org.apache.jmeter.timers.SyncTimer.delay(SyncTimer.java:90)
	- locked <0x0c3a8b38> (a java.lang.Object)
	at org.apache.jmeter.threads.JMeterThread.delay(JMeterThread.java:543)
	at org.apache.jmeter.threads.JMeterThread.run(JMeterThread.java:284)
	at java.lang.Thread.run(Unknown Source)

   Locked ownable synchronizers:
	- None

"validateToken 1-19" prio=6 tid=0x323f5800 nid=0xd80 in Object.wait() [0x34cdf000]
   java.lang.Thread.State: WAITING (on object monitor)
	at java.lang.Object.wait(Native Method)
	at java.lang.Object.wait(Object.java:485)
	at org.apache.jmeter.timers.SyncTimer.delay(SyncTimer.java:90)
	- locked <0x0c3a8b38> (a java.lang.Object)
	at org.apache.jmeter.threads.JMeterThread.delay(JMeterThread.java:543)
	at org.apache.jmeter.threads.JMeterThread.run(JMeterThread.java:284)
	at java.lang.Thread.run(Unknown Source)

   Locked ownable synchronizers:
	- None

"validateToken 1-18" prio=6 tid=0x33f92400 nid=0x1a0 in Object.wait() [0x34c8f000]
   java.lang.Thread.State: WAITING (on object monitor)
	at java.lang.Object.wait(Native Method)
	at java.lang.Object.wait(Object.java:485)
	at org.apache.jmeter.timers.SyncTimer.delay(SyncTimer.java:90)
	- locked <0x0c3a8b38> (a java.lang.Object)
	at org.apache.jmeter.threads.JMeterThread.delay(JMeterThread.java:543)
	at org.apache.jmeter.threads.JMeterThread.run(JMeterThread.java:284)
	at java.lang.Thread.run(Unknown Source)

   Locked ownable synchronizers:
	- None

"validateToken 1-17" prio=6 tid=0x323ef400 nid=0x814 in Object.wait() [0x34c3f000]
   java.lang.Thread.State: WAITING (on object monitor)
	at java.lang.Object.wait(Native Method)
	at java.lang.Object.wait(Object.java:485)
	at org.apache.jmeter.timers.SyncTimer.delay(SyncTimer.java:90)
	- locked <0x0c3a8b38> (a java.lang.Object)
	at org.apache.jmeter.threads.JMeterThread.delay(JMeterThread.java:543)
	at org.apache.jmeter.threads.JMeterThread.run(JMeterThread.java:284)
	at java.lang.Thread.run(Unknown Source)

   Locked ownable synchronizers:
	- None

"validateToken 1-16" prio=6 tid=0x33313400 nid=0xed0 in Object.wait() [0x34bef000]
   java.lang.Thread.State: WAITING (on object monitor)
	at java.lang.Object.wait(Native Method)
	at java.lang.Object.wait(Object.java:485)
	at org.apache.jmeter.timers.SyncTimer.delay(SyncTimer.java:90)
	- locked <0x0c3a8b38> (a java.lang.Object)
	at org.apache.jmeter.threads.JMeterThread.delay(JMeterThread.java:543)
	at org.apache.jmeter.threads.JMeterThread.run(JMeterThread.java:284)
	at java.lang.Thread.run(Unknown Source)

   Locked ownable synchronizers:
	- None

"validateToken 1-15" prio=6 tid=0x3350dc00 nid=0x680 in Object.wait() [0x34b9f000]
   java.lang.Thread.State: WAITING (on object monitor)
	at java.lang.Object.wait(Native Method)
	at java.lang.Object.wait(Object.java:485)
	at org.apache.jmeter.timers.SyncTimer.delay(SyncTimer.java:90)
	- locked <0x0c3a8b38> (a java.lang.Object)
	at org.apache.jmeter.threads.JMeterThread.delay(JMeterThread.java:543)
	at org.apache.jmeter.threads.JMeterThread.run(JMeterThread.java:284)
	at java.lang.Thread.run(Unknown Source)

   Locked ownable synchronizers:
	- None

"validateToken 1-14" prio=6 tid=0x3373b400 nid=0x990 in Object.wait() [0x34b4f000]
   java.lang.Thread.State: WAITING (on object monitor)
	at java.lang.Object.wait(Native Method)
	at java.lang.Object.wait(Object.java:485)
	at org.apache.jmeter.timers.SyncTimer.delay(SyncTimer.java:90)
	- locked <0x0c3a8b38> (a java.lang.Object)
	at org.apache.jmeter.threads.JMeterThread.delay(JMeterThread.java:543)
	at org.apache.jmeter.threads.JMeterThread.run(JMeterThread.java:284)
	at java.lang.Thread.run(Unknown Source)

   Locked ownable synchronizers:
	- None

"validateToken 1-13" prio=6 tid=0x333aa000 nid=0xfc8 in Object.wait() [0x332bf000]
   java.lang.Thread.State: WAITING (on object monitor)
	at java.lang.Object.wait(Native Method)
	at java.lang.Object.wait(Object.java:485)
	at org.apache.jmeter.timers.SyncTimer.delay(SyncTimer.java:90)
	- locked <0x0c3a8b38> (a java.lang.Object)
	at org.apache.jmeter.threads.JMeterThread.delay(JMeterThread.java:543)
	at org.apache.jmeter.threads.JMeterThread.run(JMeterThread.java:284)
	at java.lang.Thread.run(Unknown Source)

   Locked ownable synchronizers:
	- None

"validateToken 1-12" prio=6 tid=0x3334f400 nid=0xb28 in Object.wait() [0x3326f000]
   java.lang.Thread.State: WAITING (on object monitor)
	at java.lang.Object.wait(Native Method)
	at java.lang.Object.wait(Object.java:485)
	at org.apache.jmeter.timers.SyncTimer.delay(SyncTimer.java:90)
	- locked <0x0c3a8b38> (a java.lang.Object)
	at org.apache.jmeter.threads.JMeterThread.delay(JMeterThread.java:543)
	at org.apache.jmeter.threads.JMeterThread.run(JMeterThread.java:284)
	at java.lang.Thread.run(Unknown Source)

   Locked ownable synchronizers:
	- None

"validateToken 1-11" prio=6 tid=0x320f6c00 nid=0xfd4 in Object.wait() [0x3321f000]
   java.lang.Thread.State: WAITING (on object monitor)
	at java.lang.Object.wait(Native Method)
	at java.lang.Object.wait(Object.java:485)
	at org.apache.jmeter.timers.SyncTimer.delay(SyncTimer.java:90)
	- locked <0x0c3a8b38> (a java.lang.Object)
	at org.apache.jmeter.threads.JMeterThread.delay(JMeterThread.java:543)
	at org.apache.jmeter.threads.JMeterThread.run(JMeterThread.java:284)
	at java.lang.Thread.run(Unknown Source)

   Locked ownable synchronizers:
	- None

"validateToken 1-10" prio=6 tid=0x333b0400 nid=0xb38 in Object.wait() [0x331cf000]
   java.lang.Thread.State: WAITING (on object monitor)
	at java.lang.Object.wait(Native Method)
	at java.lang.Object.wait(Object.java:485)
	at org.apache.jmeter.timers.SyncTimer.delay(SyncTimer.java:90)
	- locked <0x0c3a8b38> (a java.lang.Object)
	at org.apache.jmeter.threads.JMeterThread.delay(JMeterThread.java:543)
	at org.apache.jmeter.threads.JMeterThread.run(JMeterThread.java:284)
	at java.lang.Thread.run(Unknown Source)

   Locked ownable synchronizers:
	- None

"validateToken 1-9" prio=6 tid=0x32698400 nid=0xf40 in Object.wait() [0x3317f000]
   java.lang.Thread.State: WAITING (on object monitor)
	at java.lang.Object.wait(Native Method)
	at java.lang.Object.wait(Object.java:485)
	at org.apache.jmeter.timers.SyncTimer.delay(SyncTimer.java:90)
	- locked <0x0c3a8b38> (a java.lang.Object)
	at org.apache.jmeter.threads.JMeterThread.delay(JMeterThread.java:543)
	at org.apache.jmeter.threads.JMeterThread.run(JMeterThread.java:284)
	at java.lang.Thread.run(Unknown Source)

   Locked ownable synchronizers:
	- None

"validateToken 1-8" prio=6 tid=0x333d6400 nid=0xa64 in Object.wait() [0x3312f000]
   java.lang.Thread.State: WAITING (on object monitor)
	at java.lang.Object.wait(Native Method)
	at java.lang.Object.wait(Object.java:485)
	at org.apache.jmeter.timers.SyncTimer.delay(SyncTimer.java:90)
	- locked <0x0c3a8b38> (a java.lang.Object)
	at org.apache.jmeter.threads.JMeterThread.delay(JMeterThread.java:543)
	at org.apache.jmeter.threads.JMeterThread.run(JMeterThread.java:284)
	at java.lang.Thread.run(Unknown Source)

   Locked ownable synchronizers:
	- None

"validateToken 1-7" prio=6 tid=0x3240d800 nid=0xb84 in Object.wait() [0x330df000]
   java.lang.Thread.State: WAITING (on object monitor)
	at java.lang.Object.wait(Native Method)
	at java.lang.Object.wait(Object.java:485)
	at org.apache.jmeter.timers.SyncTimer.delay(SyncTimer.java:90)
	- locked <0x0c3a8b38> (a java.lang.Object)
	at org.apache.jmeter.threads.JMeterThread.delay(JMeterThread.java:543)
	at org.apache.jmeter.threads.JMeterThread.run(JMeterThread.java:284)
	at java.lang.Thread.run(Unknown Source)

   Locked ownable synchronizers:
	- None

"validateToken 1-6" prio=6 tid=0x33ec0800 nid=0x26c in Object.wait() [0x3308f000]
   java.lang.Thread.State: WAITING (on object monitor)
	at java.lang.Object.wait(Native Method)
	at java.lang.Object.wait(Object.java:485)
	at org.apache.jmeter.timers.SyncTimer.delay(SyncTimer.java:90)
	- locked <0x0c3a8b38> (a java.lang.Object)
	at org.apache.jmeter.threads.JMeterThread.delay(JMeterThread.java:543)
	at org.apache.jmeter.threads.JMeterThread.run(JMeterThread.java:284)
	at java.lang.Thread.run(Unknown Source)

   Locked ownable synchronizers:
	- None

"validateToken 1-5" prio=6 tid=0x33380800 nid=0xc5c in Object.wait() [0x3303f000]
   java.lang.Thread.State: WAITING (on object monitor)
	at java.lang.Object.wait(Native Method)
	at java.lang.Object.wait(Object.java:485)
	at org.apache.jmeter.timers.SyncTimer.delay(SyncTimer.java:90)
	- locked <0x0c3a8b38> (a java.lang.Object)
	at org.apache.jmeter.threads.JMeterThread.delay(JMeterThread.java:543)
	at org.apache.jmeter.threads.JMeterThread.run(JMeterThread.java:284)
	at java.lang.Thread.run(Unknown Source)

   Locked ownable synchronizers:
	- None

"validateToken 1-4" prio=6 tid=0x33645800 nid=0x7ac in Object.wait() [0x32fef000]
   java.lang.Thread.State: WAITING (on object monitor)
	at java.lang.Object.wait(Native Method)
	at java.lang.Object.wait(Object.java:485)
	at org.apache.jmeter.timers.SyncTimer.delay(SyncTimer.java:90)
	- locked <0x0c3a8b38> (a java.lang.Object)
	at org.apache.jmeter.threads.JMeterThread.delay(JMeterThread.java:543)
	at org.apache.jmeter.threads.JMeterThread.run(JMeterThread.java:284)
	at java.lang.Thread.run(Unknown Source)

   Locked ownable synchronizers:
	- None

"validateToken 1-3" prio=6 tid=0x336aa400 nid=0xad4 in Object.wait() [0x32f9f000]
   java.lang.Thread.State: WAITING (on object monitor)
	at java.lang.Object.wait(Native Method)
	at java.lang.Object.wait(Object.java:485)
	at org.apache.jmeter.timers.SyncTimer.delay(SyncTimer.java:90)
	- locked <0x0c3a8b38> (a java.lang.Object)
	at org.apache.jmeter.threads.JMeterThread.delay(JMeterThread.java:543)
	at org.apache.jmeter.threads.JMeterThread.run(JMeterThread.java:284)
	at java.lang.Thread.run(Unknown Source)

   Locked ownable synchronizers:
	- None

"validateToken 1-2" prio=6 tid=0x34651400 nid=0x42c in Object.wait() [0x32aef000]
   java.lang.Thread.State: WAITING (on object monitor)
	at java.lang.Object.wait(Native Method)
	at java.lang.Object.wait(Object.java:485)
	at org.apache.jmeter.timers.SyncTimer.delay(SyncTimer.java:90)
	- locked <0x0c3a8b38> (a java.lang.Object)
	at org.apache.jmeter.threads.JMeterThread.delay(JMeterThread.java:543)
	at org.apache.jmeter.threads.JMeterThread.run(JMeterThread.java:284)
	at java.lang.Thread.run(Unknown Source)

   Locked ownable synchronizers:
	- None

"validateToken 1-1" prio=6 tid=0x32185400 nid=0xce0 in Object.wait() [0x32a9f000]
   java.lang.Thread.State: WAITING (on object monitor)
	at java.lang.Object.wait(Native Method)
	at java.lang.Object.wait(Object.java:485)
	at org.apache.jmeter.timers.SyncTimer.delay(SyncTimer.java:90)
	- locked <0x0c3a8b38> (a java.lang.Object)
	at org.apache.jmeter.threads.JMeterThread.delay(JMeterThread.java:543)
	at org.apache.jmeter.threads.JMeterThread.run(JMeterThread.java:284)
	at java.lang.Thread.run(Unknown Source)

   Locked ownable synchronizers:
	- None

"*** Profiler Agent Special Execution Thread 6" daemon prio=6 tid=0x336b7400 nid=0xf4c in Object.wait() [0x36d6f000]
   java.lang.Thread.State: WAITING (on object monitor)
	at java.lang.Object.wait(Native Method)
	at java.lang.Object.wait(Object.java:485)
	at org.netbeans.lib.profiler.server.ProfilerServer$SeparateCmdExecutionThread.run(ProfilerServer.java:286)
	- locked <0x0c722f10> (a java.lang.Object)

   Locked ownable synchronizers:
	- None

"*** JFluid Monitor thread ***" daemon prio=10 tid=0x32226c00 nid=0xcf8 waiting on condition [0x36d1f000]
   java.lang.Thread.State: TIMED_WAITING (sleeping)
	at java.lang.Thread.sleep(Native Method)
	at org.netbeans.lib.profiler.server.Monitors$SurvGenAndThreadsMonitor.run(Monitors.java:183)

   Locked ownable synchronizers:
	- None

"*** Profiler Agent Communication Thread" daemon prio=10 tid=0x334ab400 nid=0xf5c runnable [0x36ccf000]
   java.lang.Thread.State: RUNNABLE
	at java.net.SocketInputStream.socketRead0(Native Method)
	at java.net.SocketInputStream.read(Unknown Source)
	at java.net.SocketInputStream.read(Unknown Source)
	at java.io.ObjectInputStream$PeekInputStream.peek(Unknown Source)
	at java.io.ObjectInputStream$BlockDataInputStream.readBlockHeader(Unknown Source)
	at java.io.ObjectInputStream$BlockDataInputStream.refill(Unknown Source)
	at java.io.ObjectInputStream$BlockDataInputStream.read(Unknown Source)
	at java.io.ObjectInputStream.read(Unknown Source)
	at org.netbeans.lib.profiler.wireprotocol.WireIO.receiveCommandOrResponse(WireIO.java:85)
	at org.netbeans.lib.profiler.server.ProfilerServer.listenToClient(ProfilerServer.java:1711)
	at org.netbeans.lib.profiler.server.ProfilerServer.run(ProfilerServer.java:686)

   Locked ownable synchronizers:
	- None

"JMX server connection timeout 8889" daemon prio=6 tid=0x3363f800 nid=0x200 in Object.wait() [0x367cf000]
   java.lang.Thread.State: TIMED_WAITING (on object monitor)
	at java.lang.Object.wait(Native Method)
	at com.sun.jmx.remote.internal.ServerCommunicatorAdmin$Timeout.run(Unknown Source)
	- locked <0x0c710840> (a [I)
	at java.lang.Thread.run(Unknown Source)

   Locked ownable synchronizers:
	- None

"RMI Scheduler(0)" daemon prio=6 tid=0x32231400 nid=0xe1c waiting on condition [0x3677f000]
   java.lang.Thread.State: TIMED_WAITING (parking)
	at sun.misc.Unsafe.park(Native Method)
	- parking to wait for  <0x0c709408> (a java.util.concurrent.locks.AbstractQueuedSynchronizer$ConditionObject)
	at java.util.concurrent.locks.LockSupport.parkNanos(Unknown Source)
	at java.util.concurrent.locks.AbstractQueuedSynchronizer$ConditionObject.awaitNanos(Unknown Source)
	at java.util.concurrent.DelayQueue.take(Unknown Source)
	at java.util.concurrent.ScheduledThreadPoolExecutor$DelayedWorkQueue.take(Unknown Source)
	at java.util.concurrent.ScheduledThreadPoolExecutor$DelayedWorkQueue.take(Unknown Source)
	at java.util.concurrent.ThreadPoolExecutor.getTask(Unknown Source)
	at java.util.concurrent.ThreadPoolExecutor$Worker.run(Unknown Source)
	at java.lang.Thread.run(Unknown Source)

   Locked ownable synchronizers:
	- None

"RMI TCP Accept-0" daemon prio=6 tid=0x3336d400 nid=0xe40 runnable [0x329ff000]
   java.lang.Thread.State: RUNNABLE
	at java.net.PlainSocketImpl.socketAccept(Native Method)
	at java.net.PlainSocketImpl.accept(Unknown Source)
	- locked <0x0c709aa8> (a java.net.SocksSocketImpl)
	at java.net.ServerSocket.implAccept(Unknown Source)
	at java.net.ServerSocket.accept(Unknown Source)
	at sun.management.jmxremote.LocalRMIServerSocketFactory$1.accept(Unknown Source)
	at sun.rmi.transport.tcp.TCPTransport$AcceptLoop.executeAcceptLoop(Unknown Source)
	at sun.rmi.transport.tcp.TCPTransport$AcceptLoop.run(Unknown Source)
	at java.lang.Thread.run(Unknown Source)

   Locked ownable synchronizers:
	- None

"TimerQueue" daemon prio=6 tid=0x3253b800 nid=0xa78 in Object.wait() [0x32d1f000]
   java.lang.Thread.State: WAITING (on object monitor)
	at java.lang.Object.wait(Native Method)
	at javax.swing.TimerQueue.run(Unknown Source)
	- locked <0x0aab0fc0> (a javax.swing.TimerQueue)
	at java.lang.Thread.run(Unknown Source)

   Locked ownable synchronizers:
	- None

"DestroyJavaVM" prio=6 tid=0x003a7000 nid=0xa00 waiting on condition [0x00000000]
   java.lang.Thread.State: RUNNABLE

   Locked ownable synchronizers:
	- None

"AWT-EventQueue-0" prio=6 tid=0x3246b800 nid=0xe28 in Object.wait() [0x32b3f000]
   java.lang.Thread.State: WAITING (on object monitor)
	at java.lang.Object.wait(Native Method)
	at java.lang.Object.wait(Object.java:485)
	at java.awt.EventQueue.getNextEvent(Unknown Source)
	- locked <0x0aadba70> (a java.awt.EventQueue)
	at java.awt.EventDispatchThread.pumpOneEventForFilters(Unknown Source)
	at java.awt.EventDispatchThread.pumpEventsForFilter(Unknown Source)
	at java.awt.EventDispatchThread.pumpEventsForHierarchy(Unknown Source)
	at java.awt.EventDispatchThread.pumpEvents(Unknown Source)
	at java.awt.EventDispatchThread.pumpEvents(Unknown Source)
	at java.awt.EventDispatchThread.run(Unknown Source)

   Locked ownable synchronizers:
	- None

"AWT-Windows" daemon prio=6 tid=0x323ca400 nid=0xf9c runnable [0x3296f000]
   java.lang.Thread.State: RUNNABLE
	at sun.awt.windows.WToolkit.eventLoop(Native Method)
	at sun.awt.windows.WToolkit.run(Unknown Source)
	at java.lang.Thread.run(Unknown Source)

   Locked ownable synchronizers:
	- None

"AWT-Shutdown" prio=6 tid=0x323c8c00 nid=0x5dc in Object.wait() [0x3291f000]
   java.lang.Thread.State: WAITING (on object monitor)
	at java.lang.Object.wait(Native Method)
	at java.lang.Object.wait(Object.java:485)
	at sun.awt.AWTAutoShutdown.run(Unknown Source)
	- locked <0x0aab0ce0> (a java.lang.Object)
	at java.lang.Thread.run(Unknown Source)

   Locked ownable synchronizers:
	- None

"Java2D Disposer" daemon prio=10 tid=0x323c8000 nid=0xcc4 in Object.wait() [0x328cf000]
   java.lang.Thread.State: WAITING (on object monitor)
	at java.lang.Object.wait(Native Method)
	at java.lang.ref.ReferenceQueue.remove(Unknown Source)
	- locked <0x0aab0c70> (a java.lang.ref.ReferenceQueue$Lock)
	at java.lang.ref.ReferenceQueue.remove(Unknown Source)
	at sun.java2d.Disposer.run(Unknown Source)
	at java.lang.Thread.run(Unknown Source)

   Locked ownable synchronizers:
	- None

"Low Memory Detector" daemon prio=6 tid=0x305c4400 nid=0x634 runnable [0x00000000]
   java.lang.Thread.State: RUNNABLE

   Locked ownable synchronizers:
	- None

"CompilerThread0" daemon prio=10 tid=0x305be000 nid=0xa3c waiting on condition [0x00000000]
   java.lang.Thread.State: RUNNABLE

   Locked ownable synchronizers:
	- None

"Attach Listener" daemon prio=10 tid=0x305bc800 nid=0xd60 waiting on condition [0x00000000]
   java.lang.Thread.State: RUNNABLE

   Locked ownable synchronizers:
	- None

"Signal Dispatcher" daemon prio=10 tid=0x305bb000 nid=0x77c runnable [0x00000000]
   java.lang.Thread.State: RUNNABLE

   Locked ownable synchronizers:
	- None

"Surrogate Locker Thread (CMS)" daemon prio=6 tid=0x305b9c00 nid=0xc68 waiting on condition [0x00000000]
   java.lang.Thread.State: RUNNABLE

   Locked ownable synchronizers:
	- None

"Finalizer" daemon prio=8 tid=0x305a9c00 nid=0xbb8 in Object.wait() [0x31ebf000]
   java.lang.Thread.State: WAITING (on object monitor)
	at java.lang.Object.wait(Native Method)
	at java.lang.ref.ReferenceQueue.remove(Unknown Source)
	- locked <0x0aab0c50> (a java.lang.ref.ReferenceQueue$Lock)
	at java.lang.ref.ReferenceQueue.remove(Unknown Source)
	at java.lang.ref.Finalizer$FinalizerThread.run(Unknown Source)

   Locked ownable synchronizers:
	- None

"Reference Handler" daemon prio=10 tid=0x305a5000 nid=0xb7c in Object.wait() [0x31e6f000]
   java.lang.Thread.State: WAITING (on object monitor)
	at java.lang.Object.wait(Native Method)
	at java.lang.Object.wait(Object.java:485)
	at java.lang.ref.Reference$ReferenceHandler.run(Unknown Source)
	- locked <0x0aab0cf0> (a java.lang.ref.Reference$Lock)

   Locked ownable synchronizers:
	- None

"VM Thread" prio=10 tid=0x305a2000 nid=0xcd0 runnable 

"Concurrent Mark-Sweep GC Thread" prio=10 tid=0x3051d400 nid=0xb50 runnable 
"VM Periodic Task Thread" prio=10 tid=0x305c5c00 nid=0x88c waiting on condition 

JNI global references: 11195

