19-Apr-2011 14:51:40 org.apache.http.impl.conn.SingleClientConnManager getConnection
FINE: Get connection for route HttpRoute[{}->http://wiki.apache.org]
19-Apr-2011 14:51:41 org.apache.http.impl.conn.DefaultClientConnectionOperator openConnection
FINE: Connecting to wiki.apache.org/140.211.11.131:80
19-Apr-2011 14:51:41 org.apache.http.client.protocol.RequestAddCookies process
FINE: CookieSpec selected: best-match
19-Apr-2011 14:51:41 org.apache.http.client.protocol.RequestAuthCache process
FINE: Auth cache not set in the context
19-Apr-2011 14:51:41 org.apache.http.impl.client.DefaultRequestDirector tryExecute
FINE: Attempt 1 to execute request
19-Apr-2011 14:51:41 org.apache.http.impl.conn.DefaultClientConnection sendRequestHeader
FINE: Sending request: GET /jakarta-jmeter/JMeterCommitters HTTP/1.1
19-Apr-2011 14:51:41 org.apache.http.impl.conn.Wire wire
FINE: >> "GET /jakarta-jmeter/JMeterCommitters HTTP/1.1[\r][\n]"
19-Apr-2011 14:51:41 org.apache.http.impl.conn.Wire wire
FINE: >> "Host: wiki.apache.org[\r][\n]"
19-Apr-2011 14:51:41 org.apache.http.impl.conn.Wire wire
FINE: >> "Connection: Keep-Alive[\r][\n]"
19-Apr-2011 14:51:41 org.apache.http.impl.conn.Wire wire
FINE: >> "User-Agent: Apache-HttpClient/UNAVAILABLE (java 1.5)[\r][\n]"
19-Apr-2011 14:51:41 org.apache.http.impl.conn.Wire wire
FINE: >> "[\r][\n]"
19-Apr-2011 14:51:41 org.apache.http.impl.conn.DefaultClientConnection sendRequestHeader
FINE: >> GET /jakarta-jmeter/JMeterCommitters HTTP/1.1
19-Apr-2011 14:51:41 org.apache.http.impl.conn.DefaultClientConnection sendRequestHeader
FINE: >> Host: wiki.apache.org
19-Apr-2011 14:51:41 org.apache.http.impl.conn.DefaultClientConnection sendRequestHeader
FINE: >> Connection: Keep-Alive
19-Apr-2011 14:51:41 org.apache.http.impl.conn.DefaultClientConnection sendRequestHeader
FINE: >> User-Agent: Apache-HttpClient/UNAVAILABLE (java 1.5)
19-Apr-2011 14:51:42 org.apache.http.impl.conn.Wire wire
FINE: << "HTTP/1.1 200 OK[\r][\n]"
19-Apr-2011 14:51:42 org.apache.http.impl.conn.Wire wire
FINE: << "Date: Tue, 19 Apr 2011 13:51:42 GMT[\r][\n]"
19-Apr-2011 14:51:42 org.apache.http.impl.conn.Wire wire
FINE: << "Server: Apache/2.3.8 (Unix) mod_ssl/2.3.8 OpenSSL/1.0.0c[\r][\n]"
19-Apr-2011 14:51:42 org.apache.http.impl.conn.Wire wire
FINE: << "Vary: Cookie,User-Agent,Accept-Encoding[\r][\n]"
19-Apr-2011 14:51:42 org.apache.http.impl.conn.Wire wire
FINE: << "Keep-Alive: timeout=5, max=100[\r][\n]"
19-Apr-2011 14:51:42 org.apache.http.impl.conn.Wire wire
FINE: << "Connection: Keep-Alive[\r][\n]"
19-Apr-2011 14:51:42 org.apache.http.impl.conn.Wire wire
FINE: << "Transfer-Encoding: chunked[\r][\n]"
19-Apr-2011 14:51:42 org.apache.http.impl.conn.Wire wire
FINE: << "Content-Type: text/html; charset=utf-8[\r][\n]"
19-Apr-2011 14:51:42 org.apache.http.impl.conn.Wire wire
FINE: << "[\r][\n]"
19-Apr-2011 14:51:42 org.apache.http.impl.conn.DefaultClientConnection receiveResponseHeader
FINE: Receiving response: HTTP/1.1 200 OK
19-Apr-2011 14:51:42 org.apache.http.impl.conn.DefaultClientConnection receiveResponseHeader
FINE: << HTTP/1.1 200 OK
19-Apr-2011 14:51:42 org.apache.http.impl.conn.DefaultClientConnection receiveResponseHeader
FINE: << Date: Tue, 19 Apr 2011 13:51:42 GMT
19-Apr-2011 14:51:42 org.apache.http.impl.conn.DefaultClientConnection receiveResponseHeader
FINE: << Server: Apache/2.3.8 (Unix) mod_ssl/2.3.8 OpenSSL/1.0.0c
19-Apr-2011 14:51:42 org.apache.http.impl.conn.DefaultClientConnection receiveResponseHeader
FINE: << Vary: Cookie,User-Agent,Accept-Encoding
19-Apr-2011 14:51:42 org.apache.http.impl.conn.DefaultClientConnection receiveResponseHeader
FINE: << Keep-Alive: timeout=5, max=100
19-Apr-2011 14:51:42 org.apache.http.impl.conn.DefaultClientConnection receiveResponseHeader
FINE: << Connection: Keep-Alive
19-Apr-2011 14:51:42 org.apache.http.impl.conn.DefaultClientConnection receiveResponseHeader
FINE: << Transfer-Encoding: chunked
19-Apr-2011 14:51:42 org.apache.http.impl.conn.DefaultClientConnection receiveResponseHeader
FINE: << Content-Type: text/html; charset=utf-8
19-Apr-2011 14:51:42 org.apache.http.impl.client.DefaultRequestDirector execute
FINE: Connection can be kept alive for 5000 MILLISECONDS
**** HTTP/1.1 200 OK
*** HEADER 284
19-Apr-2011 14:51:42 org.apache.http.impl.conn.Wire wire
FINE: << "641[\r][\n]"
19-Apr-2011 14:51:42 org.apache.http.impl.conn.Wire wire
FINE: << "<!DOCTYPE HTML PUBLIC "-//W3C//DTD HTML 4.01//EN" "http://www.w3.org/TR/html4/strict.dtd">[\n]"
19-Apr-2011 14:51:42 org.apache.http.impl.conn.Wire wire
FINE: << "<html>[\n]"
19-Apr-2011 14:51:42 org.apache.http.impl.conn.Wire wire
FINE: << "<head>[\n]"
19-Apr-2011 14:51:42 org.apache.http.impl.conn.Wire wire
FINE: << "<meta http-equiv="Content-Type" content="text/html;charset=utf-8">[\n]"
19-Apr-2011 14:51:42 org.apache.http.impl.conn.Wire wire
FINE: << "<meta name="robots" content="index,nofollow">[\n]"
19-Apr-2011 14:51:42 org.apache.http.impl.conn.Wire wire
FINE: << "[\n]"
19-Apr-2011 14:51:42 org.apache.http.impl.conn.Wire wire
FINE: << "<title>JMeterCommitters - Jakarta-jmeter Wiki</title>[\n]"
19-Apr-2011 14:51:42 org.apache.http.impl.conn.Wire wire
FINE: << "<script type="text/javascript" src="/moin_static184/common/js/common.js"></script>[\n]"
19-Apr-2011 14:51:42 org.apache.http.impl.conn.Wire wire
FINE: << "[\n]"
19-Apr-2011 14:51:42 org.apache.http.impl.conn.Wire wire
FINE: << "<script type="text/javascript">[\n]"
19-Apr-2011 14:51:42 org.apache.http.impl.conn.Wire wire
FINE: << "<!--[\n]"
19-Apr-2011 14:51:42 org.apache.http.impl.conn.Wire wire
FINE: << "var search_hint = "Search";[\n]"
19-Apr-2011 14:51:42 org.apache.http.impl.conn.Wire wire
FINE: << "//-->[\n]"
19-Apr-2011 14:51:42 org.apache.http.impl.conn.Wire wire
FINE: << "</script>[\n]"
19-Apr-2011 14:51:42 org.apache.http.impl.conn.Wire wire
FINE: << "[\n]"
19-Apr-2011 14:51:42 org.apache.http.impl.conn.Wire wire
FINE: << "[\n]"
19-Apr-2011 14:51:42 org.apache.http.impl.conn.Wire wire
FINE: << "<link rel="stylesheet" type="text/css" charset="utf-8" media="all" href="/moin_static184/modernized/css/common.css">[\n]"
19-Apr-2011 14:51:42 org.apache.http.impl.conn.Wire wire
FINE: << "<link rel="stylesheet" type="text/css" charset="utf-8" media="screen" href="/moin_static184/modernized/css/screen.css">[\n]"
19-Apr-2011 14:51:42 org.apache.http.impl.conn.Wire wire
FINE: << "<link rel="stylesheet" type="text/css" charset="utf-8" media="print" href="/moin_static184/modernized/css/print.css">[\n]"
19-Apr-2011 14:51:42 org.apache.http.impl.conn.Wire wire
FINE: << "<link rel="stylesheet" type="text/css" charset="utf-8" media="projection" href="/moin_static184/modernized/css/projection.css">[\n]"
19-Apr-2011 14:51:42 org.apache.http.impl.conn.Wire wire
FINE: << "[\n]"
19-Apr-2011 14:51:42 org.apache.http.impl.conn.Wire wire
FINE: << "<!-- css only for MS IE6/IE7 browsers -->[\n]"
19-Apr-2011 14:51:42 org.apache.http.impl.conn.Wire wire
FINE: << "<!--[if lt IE 8]>[\n]"
19-Apr-2011 14:51:42 org.apache.http.impl.conn.Wire wire
FINE: << "   <link rel="stylesheet" type="text/css" charset="utf-8" media="all" href="/moin_static184/modernized/css/msie.css">[\n]"
19-Apr-2011 14:51:42 org.apache.http.impl.conn.Wire wire
FINE: << "<![endif]-->[\n]"
19-Apr-2011 14:51:42 org.apache.http.impl.conn.Wire wire
FINE: << "[\n]"
19-Apr-2011 14:51:42 org.apache.http.impl.conn.Wire wire
FINE: << "[\n]"
19-Apr-2011 14:51:42 org.apache.http.impl.conn.Wire wire
FINE: << "[\n]"
19-Apr-2011 14:51:42 org.apache.http.impl.conn.Wire wire
FINE: << "[\n]"
19-Apr-2011 14:51:42 org.apache.http.impl.conn.Wire wire
FINE: << "[\n]"
19-Apr-2011 14:51:42 org.apache.http.impl.conn.Wire wire
FINE: << "<link rel="Start" href="/jakarta-jmeter/FrontPage">[\n]"
19-Apr-2011 14:51:42 org.apache.http.impl.conn.Wire wire
FINE: << "<link rel="Alternate" title="Wiki Markup" href="/jakarta-jmeter/JMeterCommitters?action=raw">[\n]"
19-Apr-2011 14:51:42 org.apache.http.impl.conn.Wire wire
FINE: << "<link rel="Alternate" media="print" title="Print View" href="/jakarta-jmeter/JMeterCommitters?action=print">[\n]"
19-Apr-2011 14:51:42 org.apache.http.impl.conn.Wire wire
FINE: << "<link rel="Search" href="/jakarta-jmeter/FindPage">[\n]"
19-Apr-2011 14:51:42 org.apache.http.impl.conn.Wire wire
FINE: << "<link rel="Index" href="/jakarta-jmeter/TitleIndex">[\n]"
19-Apr-2011 14:51:42 org.apache.http.impl.conn.Wire wire
FINE: << "<link rel="Glossary" href="/jakarta-jmeter/WordIndex">[\n]"
19-Apr-2011 14:51:42 org.apache.http.impl.conn.Wire wire
FINE: << "<link rel="Help" href="/jakarta-jmeter/HelpOnFormatting">[\n]"
19-Apr-2011 14:51:42 org.apache.http.impl.conn.Wire wire
FINE: << "</head>[\n]"
19-Apr-2011 14:51:42 org.apache.http.impl.conn.Wire wire
FINE: << "[\r][\n]"
19-Apr-2011 14:51:42 org.apache.http.impl.conn.Wire wire
FINE: << "107c[\r][\n]"
19-Apr-2011 14:51:42 org.apache.http.impl.conn.Wire wire
FINE: << "[\n]"
19-Apr-2011 14:51:42 org.apache.http.impl.conn.Wire wire
FINE: << "<body  lang="en" dir="ltr">[\n]"
19-Apr-2011 14:51:42 org.apache.http.impl.conn.Wire wire
FINE: << "[\n]"
19-Apr-2011 14:51:42 org.apache.http.impl.conn.Wire wire
FINE: << "<div id="header">[\n]"
19-Apr-2011 14:51:42 org.apache.http.impl.conn.Wire wire
FINE: << "[\n]"
19-Apr-2011 14:51:42 org.apache.http.impl.conn.Wire wire
FINE: << "<form id="searchform" method="get" action="/jakarta-jmeter/JMeterCommitters">[\n]"
19-Apr-2011 14:51:42 org.apache.http.impl.conn.Wire wire
FINE: << "<div>[\n]"
19-Apr-2011 14:51:42 org.apache.http.impl.conn.Wire wire
FINE: << "<input type="hidden" name="action" value="fullsearch">[\n]"
19-Apr-2011 14:51:42 org.apache.http.impl.conn.Wire wire
FINE: << "<input type="hidden" name="context" value="180">[\n]"
19-Apr-2011 14:51:42 org.apache.http.impl.conn.Wire wire
FINE: << "<label for="searchinput">Search:</label>[\n]"
19-Apr-2011 14:51:42 org.apache.http.impl.conn.Wire wire
FINE: << "<input id="searchinput" type="text" name="value" value="" size="20"[\n]"
19-Apr-2011 14:51:42 org.apache.http.impl.conn.Wire wire
FINE: << "    onfocus="searchFocus(this)" onblur="searchBlur(this)"[\n]"
19-Apr-2011 14:51:42 org.apache.http.impl.conn.Wire wire
FINE: << "    onkeyup="searchChange(this)" onchange="searchChange(this)" alt="Search">[\n]"
19-Apr-2011 14:51:42 org.apache.http.impl.conn.Wire wire
FINE: << "<input id="titlesearch" name="titlesearch" type="submit"[\n]"
19-Apr-2011 14:51:42 org.apache.http.impl.conn.Wire wire
FINE: << "    value="Titles" alt="Search Titles">[\n]"
19-Apr-2011 14:51:42 org.apache.http.impl.conn.Wire wire
FINE: << "<input id="fullsearch" name="fullsearch" type="submit"[\n]"
19-Apr-2011 14:51:42 org.apache.http.impl.conn.Wire wire
FINE: << "    value="Text" alt="Search Full Text">[\n]"
19-Apr-2011 14:51:42 org.apache.http.impl.conn.Wire wire
FINE: << "</div>[\n]"
19-Apr-2011 14:51:42 org.apache.http.impl.conn.Wire wire
FINE: << "</form>[\n]"
19-Apr-2011 14:51:42 org.apache.http.impl.conn.Wire wire
FINE: << "<script type="text/javascript">[\n]"
19-Apr-2011 14:51:42 org.apache.http.impl.conn.Wire wire
FINE: << "<!--// Initialize search form[\n]"
19-Apr-2011 14:51:42 org.apache.http.impl.conn.Wire wire
FINE: << "var f = document.getElementById('searchform');[\n]"
19-Apr-2011 14:51:42 org.apache.http.impl.conn.Wire wire
FINE: << "f.getElementsByTagName('label')[0].style.display = 'none';[\n]"
19-Apr-2011 14:51:42 org.apache.http.impl.conn.Wire wire
FINE: << "var e = document.getElementById('searchinput');[\n]"
19-Apr-2011 14:51:42 org.apache.http.impl.conn.Wire wire
FINE: << "searchChange(e);[\n]"
19-Apr-2011 14:51:42 org.apache.http.impl.conn.Wire wire
FINE: << "searchBlur(e);[\n]"
19-Apr-2011 14:51:42 org.apache.http.impl.conn.Wire wire
FINE: << "//-->[\n]"
19-Apr-2011 14:51:42 org.apache.http.impl.conn.Wire wire
FINE: << "</script>[\n]"
19-Apr-2011 14:51:42 org.apache.http.impl.conn.Wire wire
FINE: << "[\n]"
19-Apr-2011 14:51:42 org.apache.http.impl.conn.Wire wire
FINE: << "<div id="logo"><a href="/jakarta-jmeter/FrontPage">Jakarta-jmeter Wiki</a></div>[\n]"
19-Apr-2011 14:51:42 org.apache.http.impl.conn.Wire wire
FINE: << "<div id="username"><a href="/jakarta-jmeter/JMeterCommitters?action=login" id="login" rel="nofollow">Login</a></div>[\n]"
19-Apr-2011 14:51:42 org.apache.http.impl.conn.Wire wire
FINE: << "<h1 id="locationline">[\n]"
19-Apr-2011 14:51:42 org.apache.http.impl.conn.Wire wire
FINE: << "[\n]"
19-Apr-2011 14:51:42 org.apache.http.impl.conn.Wire wire
FINE: << "<span id="pagelocation"><a class="backlink" href="/jakarta-jmeter/JMeterCommitters?action=fullsearch&amp;context=180&amp;value=linkto%3A%22JMeterCommitters%22" rel="nofollow" title="Click to do a full-text search for this title">JMeterCommitters</a></span>[\n]"
19-Apr-2011 14:51:42 org.apache.http.impl.conn.Wire wire
FINE: << "</h1>[\n]"
19-Apr-2011 14:51:42 org.apache.http.impl.conn.Wire wire
FINE: << "[\n]"
19-Apr-2011 14:51:42 org.apache.http.impl.conn.Wire wire
FINE: << "[\n]"
19-Apr-2011 14:51:42 org.apache.http.impl.conn.Wire wire
FINE: << "<ul id="navibar">[\n]"
19-Apr-2011 14:51:42 org.apache.http.impl.conn.Wire wire
FINE: << "<li class="wikilink"><a href="/jakarta-jmeter/FrontPage">FrontPage</a></li><li class="wikilink"><a href="/jakarta-jmeter/RecentChanges">RecentChanges</a></li><li class="wikilink"><a href="/jakarta-jmeter/FindPage">FindPage</a></li><li class="wikilink"><a href="/jakarta-jmeter/HelpContents">HelpContents</a></li><li class="current"><a href="/jakarta-jmeter/JMeterCommitters">JMeterCommitters</a></li>[\n]"
19-Apr-2011 14:51:42 org.apache.http.impl.conn.Wire wire
FINE: << "</ul>[\n]"
19-Apr-2011 14:51:42 org.apache.http.impl.conn.Wire wire
FINE: << "[\n]"
19-Apr-2011 14:51:42 org.apache.http.impl.conn.Wire wire
FINE: << "<div id="pageline"><hr style="display:none;"></div>[\n]"
19-Apr-2011 14:51:42 org.apache.http.impl.conn.Wire wire
FINE: << "[\n]"
19-Apr-2011 14:51:42 org.apache.http.impl.conn.Wire wire
FINE: << "<ul class="editbar"><li><span class="disabled">Immutable Page</span></li><li class="toggleCommentsButton" style="display:none;">"
19-Apr-2011 14:51:42 org.apache.http.impl.conn.Wire wire
FINE: << "<a href="#" class="nbcomment" onClick="toggleComments();return false;">Comments</a></li><li><a class="nbinfo" href="/jakarta-jmeter/JMeterCommitters?action=info" rel="nofollow">Info</a></li><li>[\n]"
19-Apr-2011 14:51:42 org.apache.http.impl.conn.Wire wire
FINE: << "<form class="actionsmenu" method="GET" action="/jakarta-jmeter/JMeterCommitters">[\n]"
19-Apr-2011 14:51:42 org.apache.http.impl.conn.Wire wire
FINE: << "<div>[\n]"
19-Apr-2011 14:51:42 org.apache.http.impl.conn.Wire wire
FINE: << "    <label>More Actions:</label>[\n]"
19-Apr-2011 14:51:42 org.apache.http.impl.conn.Wire wire
FINE: << "    <select name="action"[\n]"
19-Apr-2011 14:51:42 org.apache.http.impl.conn.Wire wire
FINE: << "        onchange="if ((this.selectedIndex != 0) &&[\n]"
19-Apr-2011 14:51:42 org.apache.http.impl.conn.Wire wire
FINE: << "                      (this.options[this.selec"
19-Apr-2011 14:51:42 org.apache.http.impl.conn.Wire wire
FINE: << "tedIndex].disabled == false)) {[\n]"
19-Apr-2011 14:51:42 org.apache.http.impl.conn.Wire wire
FINE: << "                this.form.submit();[\n]"
19-Apr-2011 14:51:42 org.apache.http.impl.conn.Wire wire
FINE: << "            }[\n]"
19-Apr-2011 14:51:42 org.apache.http.impl.conn.Wire wire
FINE: << "            this.selectedIndex = 0;">[\n]"
19-Apr-2011 14:51:42 org.apache.http.impl.conn.Wire wire
FINE: << "        <option value="raw">Raw Text</option>[\n]"
19-Apr-2011 14:51:42 org.apache.http.impl.conn.Wire wire
FINE: << "<option value="print">Print View</option>[\n]"
19-Apr-2011 14:51:42 org.apache.http.impl.conn.Wire wire
FINE: << "<option value="RenderAsDocbook">Render as Docbook</option>[\n]"
19-Apr-2011 14:51:42 org.apache.http.impl.conn.Wire wire
FINE: << "<option value="refresh">Delete Cache</option>[\n]"
19-Apr-2011 14:51:42 org.apache.http.impl.conn.Wire wire
FINE: << "<option value="show" disabled class="disabled">------------------------</option>[\n]"
19-Apr-2011 14:51:42 org.apache.http.impl.conn.Wire wire
FINE: << "<option value="SpellCheck">Check Spelling</option>[\n]"
19-Apr-2011 14:51:42 org.apache.http.impl.conn.Wire wire
FINE: << "<option value="LikePages">Like Pages</option>[\n]"
19-Apr-2011 14:51:42 org.apache.http.impl.conn.Wire wire
FINE: << "<option value="LocalSiteMap">Local Site Map</option>[\n]"
19-Apr-2011 14:51:42 org.apache.http.impl.conn.Wire wire
FINE: << "<option value="show" disabled class="disabled">------------------------</option>[\n]"
19-Apr-2011 14:51:42 org.apache.http.impl.conn.Wire wire
FINE: << "<option value="RenamePage" disabled class="disabled">Rename Page</option>[\n]"
19-Apr-2011 14:51:42 org.apache.http.impl.conn.Wire wire
FINE: << "<option value="CopyPage">Copy Page</option>[\n]"
19-Apr-2011 14:51:42 org.apache.http.impl.conn.Wire wire
FINE: << "<option value="DeletePage" disabled class="disabled">Delete Page</option>[\n]"
19-Apr-2011 14:51:42 org.apache.http.impl.conn.Wire wire
FINE: << "<option value="show" disabled class="disabled">------------------------</option>[\n]"
19-Apr-2011 14:51:42 org.apache.http.impl.conn.Wire wire
FINE: << "<option value="MyPages">My Pages</option>[\n]"
19-Apr-2011 14:51:42 org.apache.http.impl.conn.Wire wire
FINE: << "<option value="show" disabled class="disabled">Subscribe User</option>[\n]"
19-Apr-2011 14:51:42 org.apache.http.impl.conn.Wire wire
FINE: << "<option value="show" disabled class="disabled">------------------------</option>[\n]"
19-Apr-2011 14:51:42 org.apache.http.impl.conn.Wire wire
FINE: << "<option value="show" disabled class="disabled">Remove Spam</option>[\n]"
19-Apr-2011 14:51:42 org.apache.http.impl.conn.Wire wire
FINE: << "<option value="show" disabled class="disabled">Revert to this revision</option>[\n]"
19-Apr-2011 14:51:42 org.apache.http.impl.conn.Wire wire
FINE: << "<option value="show" disabled class="disabled">Package Pages</option>[\n]"
19-Apr-2011 14:51:42 org.apache.http.impl.conn.Wire wire
FINE: << "<option value="SyncPages">Sync Pages</option>[\n]"
19-Apr-2011 14:51:42 org.apache.http.impl.conn.Wire wire
FINE: << "<option value="show" disabled class="disabled">---"
19-Apr-2011 14:51:42 org.apache.http.impl.conn.Wire wire
FINE: << "---------------------</option>[\n]"
19-Apr-2011 14:51:42 org.apache.http.impl.conn.Wire wire
FINE: << "<option value="Load">Load</option>[\n]"
19-Apr-2011 14:51:42 org.apache.http.impl.conn.Wire wire
FINE: << "<option value="Save">Save</option>[\n]"
19-Apr-2011 14:51:42 org.apache.http.impl.conn.Wire wire
FINE: << "    </select>[\n]"
19-Apr-2011 14:51:42 org.apache.http.impl.conn.Wire wire
FINE: << "    <input type="submit" value="Do">[\n]"
19-Apr-2011 14:51:42 org.apache.http.impl.conn.Wire wire
FINE: << "    [\n]"
19-Apr-2011 14:51:42 org.apache.http.impl.conn.Wire wire
FINE: << "</div>[\n]"
19-Apr-2011 14:51:42 org.apache.http.impl.conn.Wire wire
FINE: << "<script type="text/javascript">[\n]"
19-Apr-2011 14:51:42 org.apache.http.impl.conn.Wire wire
FINE: << "<!--// Init menu[\n]"
19-Apr-2011 14:51:42 org.apache.http.impl.conn.Wire wire
FINE: << "actionsMenuInit('More Actions:');[\n]"
19-Apr-2011 14:51:42 org.apache.http.impl.conn.Wire wire
FINE: << "//-->[\n]"
19-Apr-2011 14:51:42 org.apache.http.impl.conn.Wire wire
FINE: << "</script>[\n]"
19-Apr-2011 14:51:42 org.apache.http.impl.conn.Wire wire
FINE: << "</form>[\n]"
19-Apr-2011 14:51:42 org.apache.http.impl.conn.Wire wire
FINE: << "</li></ul>[\n]"
19-Apr-2011 14:51:42 org.apache.http.impl.conn.Wire wire
FINE: << "[\n]"
19-Apr-2011 14:51:42 org.apache.http.impl.conn.Wire wire
FINE: << "</div>[\n]"
19-Apr-2011 14:51:42 org.apache.http.impl.conn.Wire wire
FINE: << "[\n]"
19-Apr-2011 14:51:42 org.apache.http.impl.conn.Wire wire
FINE: << "<div id="page" lang="en" dir="ltr">[\n]"
19-Apr-2011 14:51:42 org.apache.http.impl.conn.Wire wire
FINE: << "[\r][\n]"
19-Apr-2011 14:51:42 org.apache.http.impl.conn.Wire wire
FINE: << "2000[\r][\n]"
19-Apr-2011 14:51:42 org.apache.http.impl.conn.Wire wire
FINE: << "<div dir="ltr" id="content" lang="en"><span class="anchor" id="top"></span>[\n]"
19-Apr-2011 14:51:42 org.apache.http.impl.conn.Wire wire
FINE: << "<span class="anchor" id="line-1"></span><p class="line867"><strong>Navigation trail:</strong> <a href="/jakarta-jmeter/JMeterProjectPages">JMeterProjectPages</a> <span class="anchor" id="line-2"></span><hr class="hr1" /><p class="line874"> <span class="anchor" id="line-3"></span>Committers <span class="anchor" id="line-4"></span><span class="anchor" id="line-5"></span><ul><li><p class="line891"><a class="nonexistent" href="/jakarta-jmeter/JordiSalvat">JordiSalvat</a>  <span class="anchor" id="line-6"></span></li><li><p class="line891"><a href="/jakarta-jmeter/MikeStover">MikeStover</a>  <span class="anchor" id="line-7"></span></li><li><p class="line891"><a class="nonexistent" href="/jakarta-jmeter/OliverRossmueller">OliverRossmueller</a>  <span class="anchor" id="line-8"></span></li><li><p class="line891"><a class="nonexistent" href="/jakarta-jmeter/WolframRittmeyer">WolframRittmeyer</a> <span class="anchor" id="line-9"></span></li><li><p class="line891"><a class="nonexistent" href="/jakarta-jmeter/DrewGulino">DrewGulino</a> <span class="anchor" id="line-10"></span></li><li><p class="line891"><a class="nonexistent" href="/jakarta-jmeter/MichalKostrzewa">MichalKostrzewa</a> <span class="anchor" id="line-11"></span></li><li><p class="line891"><a href="/jakarta-jmeter/KeithCassell">KeithCassell</a> <span class="anchor" id="line-12"></span></li><li><p class="line891"><a class="nonexistent" href="/jakarta-jmeter/JamesBoutcher">JamesBoutcher</a> <span class="anchor" id="line-13"></span></li><li><p class="line891"><a class="nonexistent" href="/jakarta-jmeter/JeremyArnold">JeremyArnold</a> <span class="anchor" id="line-14"></span></li><li><p class="line891"><a href="/jakarta-jmeter/ThadSmith">ThadSmith</a> <span class="anchor" id="line-15"></span></li><li><p class="line891"><a href="/jakarta-jmeter/PeterLin">PeterLin</a> <span class="anchor" id="line-16"></span></li><li><p class="line891"><a class="nonexistent" href="/jakarta-jmete"
19-Apr-2011 14:51:42 org.apache.http.impl.conn.Wire wire
FINE: << "r/SebastianBazley">SebastianBazley</a> <span class="anchor" id="line-17"></span></li><li><p class="line891"><a href="/jakarta-jmeter/ElanChezhiyan">ElanChezhiyan</a> <span class="anchor" id="line-18"></span></li><li><p class="line891"><a class="nonexistent" href="/jakarta-jmeter/AlfHogemark">AlfHogemark</a> <span class="anchor" id="line-19"></span></li><li><p class="line891"><a class="http" href="http://people.apache.org/~milamber/">Milamber</a> <span class="anchor" id="line-20"></span><span class="anchor" id="line-21"></span></li></ul><p class="line874">Contributors - Feel free to enter your own name and make a new page for yourself. <span class="anchor" id="line-22"></span><span class="anchor" id="line-23"></span><ul><li>Martin Ramshaw - mramshaw at alumni dot concordia dot ca <span class="anchor" id="line-24"></span></li><li>Derek Baum <span class="anchor" id="line-25"></span></li><li>William Weber <span class="anchor" id="line-26"></span></li><li><p class="line862">Dion <a class="nonexistent" href="/jakarta-jmeter/McMurtrie">McMurtrie</a> <span class="anchor" id="line-27"></span></li><li>Jonathan Carlson - jacarlco at katun dot com <span class="anchor" id="line-28"></span></li><li><p class="line891"><a class="nonexistent" href="/jakarta-jmeter/HidetoTange">HidetoTange</a> <span class="anchor" id="line-29"></span></li><li>Keith Lancaster - klancast at swbell dot net <span class="a"
19-Apr-2011 14:51:42 org.apache.http.impl.conn.Wire wire
FINE: << "nchor" id="line-30"></span></li><li>Berin Loritsch - bloritsch at apache dot oug <span class="anchor" id="line-31"></span></li><li>Bo Regnlin - bo.regnlin at pc dot nu <span class="anchor" id="line-32"></span></li><li>Giacomo Pati - giacomo at apache dot org <span class="anchor" id="line-33"></span></li><li>Gottfried Szing - gottfried at szing dot at <span class="anchor" id="line-34"></span></li><li>Jorg Heymans - jh at domek dot be <span class="anchor" id="line-35"></span></li><li>Raphael Luta - luta.raphael at networks dot vivendi dot com <span class="anchor" id="line-36"></span></li><li><p class="line891"><a class="http" href="http://www.alternatifs.eu/jip/about/Jean-Pierre-Norguet.html">Jean-Pierre Norguet</a> - jnorguet at gmail dot com <span class="anchor" id="line-37"></span></li><li>Sean Dowd - sdows at arcmail dot com <span class="anchor" id="line-38"></span></li><li>Jonathan Kwadzo - sjkwadzo at praize dot com <span class="anchor" id="line-39"></span></li><li>Stefano Mazzocchi - stefano at apache dot org <span class="anchor" id="line-40"></span></li><li>Sturart Schmukler - stuart at personalmd dot com <span class="anchor" id="line-41"></span></li><li>Vlad Roubtsov - vroubtsov at illinoisalumni dot org <span class="anchor" id="line-42"></span></li><li><p class="line891"><a class="http" href="http://www.ubik-ingenierie.com/">Beno[0xc3][0xae]t Wiart</a> <span class="anchor" id="line-43""
19-Apr-2011 14:51:42 org.apache.http.impl.conn.Wire wire
FINE: << "></span></li><li>Brad Kiewel <span class="anchor" id="line-44"></span></li><li>Brendan Burns <span class="anchor" id="line-45"></span></li><li>Burt Beckwith <span class="anchor" id="line-46"></span></li><li>Colin Mummery - equitysoft at iname dot com <span class="anchor" id="line-47"></span></li><li>Cyrus Montakab <span class="anchor" id="line-48"></span></li><li>David La France <span class="anchor" id="line-49"></span></li><li><p class="line891"><a href="/jakarta-jmeter/DolfSmits">DolfSmits</a> -dolfsmits at zonnet dot nl <span class="anchor" id="line-50"></span></li><li>Giles Cope - gilescope at users dot sourceforge dot net <span class="anchor" id="line-51"></span></li><li>Kevin Hammond <span class="anchor" id="line-52"></span></li><li>Khor Soon Hin <span class="anchor" id="line-53"></span></li><li>Mark Walsh <span class="anchor" id="line-54"></span></li><li>Mike Verdone <span class="anchor" id="line-55"></span></li><li>T.Elanjchezhiyan - chezhiyan at siptech dot co dot in <span class="anchor" id="line-56"></span></li><li>Tom Schneider <span class="anchor" id="line-57"></span></li><li>Silvio Haldi <span class="anchor" id="line-58"></span></li><li>Martijn Blankestijn <span class="anchor" id="line-59"></span></li><li><p class="line891"><a href="/jakarta-jmeter/GeorgeVarghese">GeorgeVarghese</a> <span class="anchor" id="line-60"></span></li><li>Henryk Paluch - hpaluch at gitus dot cz <span class="anchor" id="line-61"></span></li><li>Lars Krog-jensen <span class="anchor" id="line-62"></span></li><li>Giuseppe C <span class="anchor" id="line-63"></span></li><li>Jonathan O'Keeffe <span class="anchor" id="line-64"></span></li><li>Carl Nygaard - cnygaard at google dot com <span class="anchor" id="line-65"></span></li><li><p class="line891"><a class="http" href="http://wiki.apache.org/jakarta-jmeter/thomasbarjou">Thomas Barjou</a> - tbarjou at henix dot fr <span class="anchor" id="line-66"></span></li><li>Oghie Sheehy - osheehy at fexcodcc dot com <span class="anchor" id="line-67"></span></li><li><p class="line891"><a c"
19-Apr-2011 14:51:42 org.apache.http.impl.conn.Wire wire
FINE: << "lass="http" href="http://wiki.apache.org/jakarta-jmeter/mangipudi">Avinash Mangipudi</a> - avirads at gmail dot com <span class="anchor" id="line-68"></span></li><li><p class="line891"><a class="http" href="http://www.ubik-ingenierie.com/">Philippe Mouawad</a> <span class="anchor" id="line-69"></span><span class="anchor" id="line-70"></span></li></ul><p class="line874">I would like to express my deepest thanks to everyone who has contributed to JMeter.   <span class="anchor" id="line-71"></span><span class="anchor" id="bottom"></span></div><p id="pageinfo" class="info" lang="en" dir="ltr">JMeterCommitters  (last edited 2010-11-30 22:03:47 by <span title="Milamber @ 41.248.146.90[41.248.146.90]"><a class="nonexistent" href="/jakarta-jmeter/Milamber" title="Milamber @ 41.248.146.90[41.248.146.90]">Milamber</a></span>)</p>[\n]"
19-Apr-2011 14:51:42 org.apache.http.impl.conn.Wire wire
FINE: << "[\n]"
19-Apr-2011 14:51:42 org.apache.http.impl.conn.Wire wire
FINE: << "<div id="pagebottom"></div>[\n]"
19-Apr-2011 14:51:42 org.apache.http.impl.conn.Wire wire
FINE: << "</div>[\n]"
19-Apr-2011 14:51:42 org.apache.http.impl.conn.Wire wire
FINE: << "[\n]"
19-Apr-2011 14:51:42 org.apache.http.impl.conn.Wire wire
FINE: << "[\n]"
19-Apr-2011 14:51:42 org.apache.http.impl.conn.Wire wire
FINE: << "<div id="footer">[\n]"
19-Apr-2011 14:51:42 org.apache.http.impl.conn.Wire wire
FINE: << "<ul class="editbar"><li><span class="disabled">Immutable Page</span></li><li class="toggleCommentsButton" style="display:none;"><a href="#" class="nbcomment" onClick="toggleComments();return false;">Comments</a></li><li><a class="nbinfo" href="/jakarta-jmeter/JMeterCommitters?action=info" rel="nofollow">Info</a></li><li>[\n]"
19-Apr-2011 14:51:42 org.apache.http.impl.conn.Wire wire
FINE: << "<form class="actionsmenu" method="GET" action="/jakarta-jmeter/JMeterCommitters">[\n]"
19-Apr-2011 14:51:42 org.apache.http.impl.conn.Wire wire
FINE: << "<div>[\n]"
19-Apr-2011 14:51:42 org.apache.http.impl.conn.Wire wire
FINE: << "[\r][\n]"
19-Apr-2011 14:51:42 org.apache.http.impl.conn.Wire wire
FINE: << "90c[\r][\n]"
19-Apr-2011 14:51:42 org.apache.http.impl.conn.Wire wire
FINE: << "    <label>More Actions:</label>[\n]"
19-Apr-2011 14:51:42 org.apache.http.impl.conn.Wire wire
FINE: << "    <select name="action"[\n]"
19-Apr-2011 14:51:42 org.apache.http.impl.conn.Wire wire
FINE: << "        onchange="if ((this.selectedIndex != 0) &&[\n]"
19-Apr-2011 14:51:42 org.apache.http.impl.conn.Wire wire
FINE: << "                      (this.options[this.selectedIndex].disabled == false)) {[\n]"
19-Apr-2011 14:51:42 org.apache.http.impl.conn.Wire wire
FINE: << "                this.form.submit();[\n]"
19-Apr-2011 14:51:42 org.apache.http.impl.conn.Wire wire
FINE: << "            }[\n]"
19-Apr-2011 14:51:42 org.apache.http.impl.conn.Wire wire
FINE: << "            this.selectedIndex = 0;">[\n]"
19-Apr-2011 14:51:42 org.apache.http.impl.conn.Wire wire
FINE: << "        <option value="raw">Raw Text</option>[\n]"
19-Apr-2011 14:51:42 org.apache.http.impl.conn.Wire wire
FINE: << "<option value="print">Print View</option>[\n]"
19-Apr-2011 14:51:42 org.apache.http.impl.conn.Wire wire
FINE: << "<option value="RenderAsDocbook">Render as Docbook</option>[\n]"
19-Apr-2011 14:51:42 org.apache.http.impl.conn.Wire wire
FINE: << "<option value="refresh">Delete Cache</option>[\n]"
19-Apr-2011 14:51:42 org.apache.http.impl.conn.Wire wire
FINE: << "<option value="show" disabled class="disabled">------------------------</option>[\n]"
19-Apr-2011 14:51:42 org.apache.http.impl.conn.Wire wire
FINE: << "<option value="SpellCheck">Check Spelling</option>[\n]"
19-Apr-2011 14:51:42 org.apache.http.impl.conn.Wire wire
FINE: << "<option value="LikePages">Like Pages</option>[\n]"
19-Apr-2011 14:51:42 org.apache.http.impl.conn.Wire wire
FINE: << "<option value="LocalSiteMap">Local Site Map</option>[\n]"
19-Apr-2011 14:51:42 org.apache.http.impl.conn.Wire wire
FINE: << "<option value="show" disabled class="disabled">------------------------</option>[\n]"
19-Apr-2011 14:51:42 org.apache.http.impl.conn.Wire wire
FINE: << "<option value="RenamePage" disabled class="disabled">Rename Page</option>[\n]"
19-Apr-2011 14:51:42 org.apache.http.impl.conn.Wire wire
FINE: << "<option value="CopyPage">Copy Page</option>[\n]"
19-Apr-2011 14:51:42 org.apache.http.impl.conn.Wire wire
FINE: << "<option value="DeletePage" disabled class="disabled">Delete Page</option>[\n]"
19-Apr-2011 14:51:42 org.apache.http.impl.conn.Wire wire
FINE: << "<option value="show" disabled class="disabled">------------------------</option>[\n]"
19-Apr-2011 14:51:42 org.apache.http.impl.conn.Wire wire
FINE: << "<option value="MyPages">My Pages</option>[\n]"
19-Apr-2011 14:51:42 org.apache.http.impl.conn.Wire wire
FINE: << "<option value="show" disabled class="disabled">Subscribe User</option>[\n]"
19-Apr-2011 14:51:42 org.apache.http.impl.conn.Wire wire
FINE: << "<option value="show" disabled class="disabled">------------------------</option>[\n]"
19-Apr-2011 14:51:42 org.apache.http.impl.conn.Wire wire
FINE: << "<option value="show" disabled class="disabled">Remove Spam</option>[\n]"
19-Apr-2011 14:51:42 org.apache.http.impl.conn.Wire wire
FINE: << "<option value="show" disabled class="disabled">Revert to this revision</option>[\n]"
19-Apr-2011 14:51:42 org.apache.http.impl.conn.Wire wire
FINE: << "<option value="show" disabled class="disabled">Package Pages</option>[\n]"
19-Apr-2011 14:51:42 org.apache.http.impl.conn.Wire wire
FINE: << "<option value="SyncPages">Sync Pages</option>[\n]"
19-Apr-2011 14:51:42 org.apache.http.impl.conn.Wire wire
FINE: << "<option value="show" disabled class="disabled">------------------------</option>[\n]"
19-Apr-2011 14:51:42 org.apache.http.impl.conn.Wire wire
FINE: << "<option value="Load">Load</option>[\n]"
19-Apr-2011 14:51:42 org.apache.http.impl.conn.Wire wire
FINE: << "<option value="Save">Save</option>[\n]"
19-Apr-2011 14:51:42 org.apache.http.impl.conn.Wire wire
FINE: << "    </select>[\n]"
19-Apr-2011 14:51:42 org.apache.http.impl.conn.Wire wire
FINE: << "    <input type="submit" value="Do">[\n]"
19-Apr-2011 14:51:42 org.apache.http.impl.conn.Wire wire
FINE: << "    [\n]"
19-Apr-2011 14:51:42 org.apache.http.impl.conn.Wire wire
FINE: << "</div>[\n]"
19-Apr-2011 14:51:42 org.apache.http.impl.conn.Wire wire
FINE: << "<script type="text/javascript">[\n]"
19-Apr-2011 14:51:42 org.apache.http.impl.conn.Wire wire
FINE: << "<!--// Init menu[\n]"
19-Apr-2011 14:51:42 org.apache.http.impl.conn.Wire wire
FINE: << "actionsMenuInit('More Actions:');[\n]"
19-Apr-2011 14:51:42 org.apache.http.impl.conn.Wire wire
FINE: << "//-->[\n]"
19-Apr-2011 14:51:42 org.apache.http.impl.conn.Wire wire
FINE: << "</script>[\n]"
19-Apr-2011 14:51:42 org.apache.http.impl.conn.Wire wire
FINE: << "</form>[\n]"
19-Apr-2011 14:51:42 org.apache.http.impl.conn.Wire wire
FINE: << "</li></ul>[\n]"
19-Apr-2011 14:51:42 org.apache.http.impl.conn.Wire wire
FINE: << "[\n]"
19-Apr-2011 14:51:42 org.apache.http.impl.conn.Wire wire
FINE: << "<ul id="credits">[\n]"
19-Apr-2011 14:51:42 org.apache.http.impl.conn.Wire wire
FINE: << "<li><a href="http://moinmo.in/" title="This site uses the MoinMoin Wiki software.">MoinMoin Powered</a></li><li><a href="http://moinmo.in/Python" title="MoinMoin is written in Python.">"
19-Apr-2011 14:51:42 org.apache.http.impl.conn.Wire wire
FINE: << "Python Powered</a></li><li><a href="http://moinmo.in/GPL" title="MoinMoin is GPL licensed.">GPL licensed</a></li><li><a href="http://validator.w3.org/check?uri=referer" title="Click here to validate this page.">Valid HTML 4.01</a></li>[\n]"
19-Apr-2011 14:51:42 org.apache.http.impl.conn.Wire wire
FINE: << "</ul>[\n]"
19-Apr-2011 14:51:42 org.apache.http.impl.conn.Wire wire
FINE: << "[\n]"
19-Apr-2011 14:51:42 org.apache.http.impl.conn.Wire wire
FINE: << "[\n]"
19-Apr-2011 14:51:42 org.apache.http.impl.conn.Wire wire
FINE: << "</div>[\n]"
19-Apr-2011 14:51:42 org.apache.http.impl.conn.Wire wire
FINE: << "</body>[\n]"
19-Apr-2011 14:51:42 org.apache.http.impl.conn.Wire wire
FINE: << "</html>[\n]"
19-Apr-2011 14:51:42 org.apache.http.impl.conn.Wire wire
FINE: << "[\n]"
19-Apr-2011 14:51:42 org.apache.http.impl.conn.Wire wire
FINE: << "[\r][\n]"
19-Apr-2011 14:51:42 org.apache.http.impl.conn.Wire wire
FINE: << "0[\r][\n]"
19-Apr-2011 14:51:42 org.apache.http.impl.conn.Wire wire
FINE: << "[\r][\n]"
19-Apr-2011 14:51:42 org.apache.http.impl.conn.SingleClientConnManager releaseConnection
FINE: Releasing connection org.apache.http.impl.conn.SingleClientConnManager$ConnAdapter@193385d
*** TOTAL 16643
19-Apr-2011 14:51:42 org.apache.http.impl.conn.DefaultClientConnection shutdown
FINE: Connection shut down
