2004/02/25 12:42:22 INFO  - jmeter.JMeter: Setting JMeter property: DBName=CENSORED
2004/02/25 12:42:22 INFO  - jmeter.JMeter: Setting JMeter property: DBUser=CENSORED
2004/02/25 12:42:22 INFO  - jmeter.JMeter: Setting JMeter property: DBServer=CENSORED
2004/02/25 12:42:22 INFO  - jmeter.JMeter: Setting JMeter property: DBPass=CENSORED
2004/02/25 12:42:22 INFO  - jmeter.JMeter: LogLevel: jmeter=DEBUG
2004/02/25 12:42:22 INFO  - jmeter.JMeter: Version 1.9.20040225
2004/02/25 12:42:22 INFO  - jmeter.JMeter: java.version=1.4.1_03
2004/02/25 12:42:22 INFO  - jmeter.JMeter: Loading file: d:\dmcjmx\dbtest.jmx
2004/02/25 12:42:24 INFO  - jmeter.engine.StandardJMeterEngine: Running the test!
2004/02/25 12:42:26 DEBUG - jmeter.functions.StringFromFile: ++++++++ Construct org.apache.jmeter.functions.StringFromFile@16921fd
2004/02/25 12:42:26 DEBUG - jmeter.engine.util.ValueReplacer: About to replace in property of tipe: class org.apache.jmeter.testelement.property.StringProperty: TestElement.gui_class=org.apache.jmeter.threads.gui.ThreadGroupGui
2004/02/25 12:42:26 DEBUG - jmeter.engine.util.ValueReplacer: Replacement result: TestElement.gui_class=org.apache.jmeter.threads.gui.ThreadGroupGui
2004/02/25 12:42:26 DEBUG - jmeter.engine.util.ValueReplacer: About to replace in property of tipe: class org.apache.jmeter.testelement.property.LongProperty: ThreadGroup.start_time=1074632059000
2004/02/25 12:42:26 DEBUG - jmeter.engine.util.ValueReplacer: Won't replace.
2004/02/25 12:42:26 DEBUG - jmeter.engine.util.ValueReplacer: About to replace in property of tipe: class org.apache.jmeter.testelement.property.StringProperty: ThreadGroup.delay=
2004/02/25 12:42:26 DEBUG - jmeter.engine.util.ValueReplacer: Replacement result: ThreadGroup.delay=
2004/02/25 12:42:26 DEBUG - jmeter.engine.util.ValueReplacer: About to replace in property of tipe: class org.apache.jmeter.testelement.property.StringProperty: TestElement.test_class=org.apache.jmeter.threads.ThreadGroup
2004/02/25 12:42:26 DEBUG - jmeter.engine.util.ValueReplacer: Replacement result: TestElement.test_class=org.apache.jmeter.threads.ThreadGroup
2004/02/25 12:42:26 DEBUG - jmeter.engine.util.ValueReplacer: About to replace in property of tipe: class org.apache.jmeter.testelement.property.TestElementProperty: ThreadGroup.main_controller=org.apache.jmeter.control.LoopController@3411a
2004/02/25 12:42:26 DEBUG - jmeter.engine.util.ValueReplacer: About to replace in property of tipe: class org.apache.jmeter.testelement.property.StringProperty: TestElement.gui_class=org.apache.jmeter.control.gui.LoopControlPanel
2004/02/25 12:42:26 DEBUG - jmeter.engine.util.ValueReplacer: Replacement result: TestElement.gui_class=org.apache.jmeter.control.gui.LoopControlPanel
2004/02/25 12:42:26 DEBUG - jmeter.engine.util.ValueReplacer: About to replace in property of tipe: class org.apache.jmeter.testelement.property.StringProperty: TestElement.test_class=org.apache.jmeter.control.LoopController
2004/02/25 12:42:26 DEBUG - jmeter.engine.util.ValueReplacer: Replacement result: TestElement.test_class=org.apache.jmeter.control.LoopController
2004/02/25 12:42:26 DEBUG - jmeter.engine.util.ValueReplacer: About to replace in property of tipe: class org.apache.jmeter.testelement.property.StringProperty: LoopController.loops=1
2004/02/25 12:42:26 DEBUG - jmeter.engine.util.ValueReplacer: Replacement result: LoopController.loops=1
2004/02/25 12:42:26 DEBUG - jmeter.engine.util.ValueReplacer: About to replace in property of tipe: class org.apache.jmeter.testelement.property.StringProperty: TestElement.name=Loop Controller
2004/02/25 12:42:26 DEBUG - jmeter.engine.util.ValueReplacer: Replacement result: TestElement.name=Loop Controller
2004/02/25 12:42:26 DEBUG - jmeter.engine.util.ValueReplacer: About to replace in property of tipe: class org.apache.jmeter.testelement.property.BooleanProperty: TestElement.enabled=true
2004/02/25 12:42:26 DEBUG - jmeter.engine.util.ValueReplacer: Won't replace.
2004/02/25 12:42:26 DEBUG - jmeter.engine.util.ValueReplacer: About to replace in property of tipe: class org.apache.jmeter.testelement.property.BooleanProperty: LoopController.continue_forever=false
2004/02/25 12:42:26 DEBUG - jmeter.engine.util.ValueReplacer: Won't replace.
2004/02/25 12:42:26 DEBUG - jmeter.engine.util.ValueReplacer: Replacement result: ThreadGroup.main_controller=org.apache.jmeter.control.LoopController@3411a
2004/02/25 12:42:26 DEBUG - jmeter.engine.util.ValueReplacer: About to replace in property of tipe: class org.apache.jmeter.testelement.property.StringProperty: TestElement.name=Thread Group
2004/02/25 12:42:26 DEBUG - jmeter.engine.util.ValueReplacer: Replacement result: TestElement.name=Thread Group
2004/02/25 12:42:26 DEBUG - jmeter.engine.util.ValueReplacer: About to replace in property of tipe: class org.apache.jmeter.testelement.property.LongProperty: ThreadGroup.end_time=1074632059000
2004/02/25 12:42:26 DEBUG - jmeter.engine.util.ValueReplacer: Won't replace.
2004/02/25 12:42:26 DEBUG - jmeter.engine.util.ValueReplacer: About to replace in property of tipe: class org.apache.jmeter.testelement.property.StringProperty: ThreadGroup.duration=
2004/02/25 12:42:26 DEBUG - jmeter.engine.util.ValueReplacer: Replacement result: ThreadGroup.duration=
2004/02/25 12:42:26 DEBUG - jmeter.engine.util.ValueReplacer: About to replace in property of tipe: class org.apache.jmeter.testelement.property.StringProperty: ThreadGroup.on_sample_error=continue
2004/02/25 12:42:26 DEBUG - jmeter.engine.util.ValueReplacer: Replacement result: ThreadGroup.on_sample_error=continue
2004/02/25 12:42:26 DEBUG - jmeter.engine.util.ValueReplacer: About to replace in property of tipe: class org.apache.jmeter.testelement.property.BooleanProperty: TestElement.enabled=true
2004/02/25 12:42:26 DEBUG - jmeter.engine.util.ValueReplacer: Won't replace.
2004/02/25 12:42:26 DEBUG - jmeter.engine.util.ValueReplacer: About to replace in property of tipe: class org.apache.jmeter.testelement.property.StringProperty: ThreadGroup.num_threads=1
2004/02/25 12:42:26 DEBUG - jmeter.engine.util.ValueReplacer: Replacement result: ThreadGroup.num_threads=1
2004/02/25 12:42:26 DEBUG - jmeter.engine.util.ValueReplacer: About to replace in property of tipe: class org.apache.jmeter.testelement.property.BooleanProperty: ThreadGroup.scheduler=false
2004/02/25 12:42:26 DEBUG - jmeter.engine.util.ValueReplacer: Won't replace.
2004/02/25 12:42:26 DEBUG - jmeter.engine.util.ValueReplacer: About to replace in property of tipe: class org.apache.jmeter.testelement.property.StringProperty: ThreadGroup.ramp_time=0
2004/02/25 12:42:26 DEBUG - jmeter.engine.util.ValueReplacer: Replacement result: ThreadGroup.ramp_time=0
2004/02/25 12:42:26 DEBUG - jmeter.engine.util.ValueReplacer: About to replace in property of tipe: class org.apache.jmeter.testelement.property.StringProperty: JDBCSampler.url=jdbc:inetdae7:${__property(DBServer)}:1433?database=${__property(DBName)}
2004/02/25 12:42:26 DEBUG - jmeter.testelement.property.AbstractProperty: Calling getStringValue from FunctionProperty
2004/02/25 12:42:26 DEBUG - jmeter.testelement.property.AbstractProperty: boogedy boogedy
2004/02/25 12:42:26 DEBUG - jmeter.testelement.property.AbstractProperty: Not running version, return raw function string
2004/02/25 12:42:26 DEBUG - jmeter.engine.util.ValueReplacer: Replacement result: JDBCSampler.url=jdbc:inetdae7:${__property(DBServer)}:1433?database=${__property(DBName)}
2004/02/25 12:42:26 DEBUG - jmeter.engine.util.ValueReplacer: About to replace in property of tipe: class org.apache.jmeter.testelement.property.StringProperty: TestElement.gui_class=org.apache.jmeter.protocol.jdbc.control.gui.JdbcTestSampleGui
2004/02/25 12:42:26 DEBUG - jmeter.engine.util.ValueReplacer: Replacement result: TestElement.gui_class=org.apache.jmeter.protocol.jdbc.control.gui.JdbcTestSampleGui
2004/02/25 12:42:26 DEBUG - jmeter.engine.util.ValueReplacer: About to replace in property of tipe: class org.apache.jmeter.testelement.property.StringProperty: JDBCSampler.connections=1
2004/02/25 12:42:26 DEBUG - jmeter.engine.util.ValueReplacer: Replacement result: JDBCSampler.connections=1
2004/02/25 12:42:26 DEBUG - jmeter.engine.util.ValueReplacer: About to replace in property of tipe: class org.apache.jmeter.testelement.property.StringProperty: TestElement.test_class=org.apache.jmeter.protocol.jdbc.sampler.JDBCSampler
2004/02/25 12:42:26 DEBUG - jmeter.engine.util.ValueReplacer: Replacement result: TestElement.test_class=org.apache.jmeter.protocol.jdbc.sampler.JDBCSampler
2004/02/25 12:42:26 DEBUG - jmeter.engine.util.ValueReplacer: About to replace in property of tipe: class org.apache.jmeter.testelement.property.StringProperty: TestElement.name=DBClean
2004/02/25 12:42:26 DEBUG - jmeter.engine.util.ValueReplacer: Replacement result: TestElement.name=DBClean
2004/02/25 12:42:26 DEBUG - jmeter.engine.util.ValueReplacer: About to replace in property of tipe: class org.apache.jmeter.testelement.property.StringProperty: JDBCSampler.driver=com.inet.tds.TdsDriver
2004/02/25 12:42:26 DEBUG - jmeter.engine.util.ValueReplacer: Replacement result: JDBCSampler.driver=com.inet.tds.TdsDriver
2004/02/25 12:42:26 DEBUG - jmeter.engine.util.ValueReplacer: About to replace in property of tipe: class org.apache.jmeter.testelement.property.StringProperty: JDBCSampler.connPoolClass=org.apache.jmeter.protocol.jdbc.util.JMeter19ConnectionPool
2004/02/25 12:42:26 DEBUG - jmeter.engine.util.ValueReplacer: Replacement result: JDBCSampler.connPoolClass=org.apache.jmeter.protocol.jdbc.util.JMeter19ConnectionPool
2004/02/25 12:42:26 DEBUG - jmeter.engine.util.ValueReplacer: About to replace in property of tipe: class org.apache.jmeter.testelement.property.StringProperty: ConfigTestElement.username=${__property(DBUser)}
2004/02/25 12:42:26 DEBUG - jmeter.testelement.property.AbstractProperty: Calling getStringValue from FunctionProperty
2004/02/25 12:42:26 DEBUG - jmeter.testelement.property.AbstractProperty: boogedy boogedy
2004/02/25 12:42:26 DEBUG - jmeter.testelement.property.AbstractProperty: Not running version, return raw function string
2004/02/25 12:42:26 DEBUG - jmeter.engine.util.ValueReplacer: Replacement result: ConfigTestElement.username=${__property(DBUser)}
2004/02/25 12:42:26 DEBUG - jmeter.engine.util.ValueReplacer: About to replace in property of tipe: class org.apache.jmeter.testelement.property.StringProperty: JDBCSampler.query=SELECT 1
2004/02/25 12:42:26 DEBUG - jmeter.engine.util.ValueReplacer: Replacement result: JDBCSampler.query=SELECT 1
2004/02/25 12:42:26 DEBUG - jmeter.engine.util.ValueReplacer: About to replace in property of tipe: class org.apache.jmeter.testelement.property.StringProperty: JDBCSampler.maxuse=1
2004/02/25 12:42:26 DEBUG - jmeter.engine.util.ValueReplacer: Replacement result: JDBCSampler.maxuse=1
2004/02/25 12:42:26 DEBUG - jmeter.engine.util.ValueReplacer: About to replace in property of tipe: class org.apache.jmeter.testelement.property.BooleanProperty: TestElement.enabled=true
2004/02/25 12:42:26 DEBUG - jmeter.engine.util.ValueReplacer: Won't replace.
2004/02/25 12:42:26 DEBUG - jmeter.engine.util.ValueReplacer: About to replace in property of tipe: class org.apache.jmeter.testelement.property.StringProperty: ConfigTestElement.password=${__property(DBPass)}
2004/02/25 12:42:26 DEBUG - jmeter.testelement.property.AbstractProperty: Calling getStringValue from FunctionProperty
2004/02/25 12:42:26 DEBUG - jmeter.testelement.property.AbstractProperty: boogedy boogedy
2004/02/25 12:42:26 DEBUG - jmeter.testelement.property.AbstractProperty: Not running version, return raw function string
2004/02/25 12:42:26 DEBUG - jmeter.engine.util.ValueReplacer: Replacement result: ConfigTestElement.password=${__property(DBPass)}
2004/02/25 12:42:26 DEBUG - jmeter.engine.util.ValueReplacer: About to replace in property of tipe: class org.apache.jmeter.testelement.property.StringProperty: TestElement.gui_class=org.apache.jmeter.visualizers.ViewResultsFullVisualizer
2004/02/25 12:42:26 DEBUG - jmeter.engine.util.ValueReplacer: Replacement result: TestElement.gui_class=org.apache.jmeter.visualizers.ViewResultsFullVisualizer
2004/02/25 12:42:26 DEBUG - jmeter.engine.util.ValueReplacer: About to replace in property of tipe: class org.apache.jmeter.testelement.property.StringProperty: TestElement.test_class=org.apache.jmeter.reporters.ResultCollector
2004/02/25 12:42:26 DEBUG - jmeter.engine.util.ValueReplacer: Replacement result: TestElement.test_class=org.apache.jmeter.reporters.ResultCollector
2004/02/25 12:42:26 DEBUG - jmeter.engine.util.ValueReplacer: About to replace in property of tipe: class org.apache.jmeter.testelement.property.StringProperty: TestElement.name=View Results Tree
2004/02/25 12:42:26 DEBUG - jmeter.engine.util.ValueReplacer: Replacement result: TestElement.name=View Results Tree
2004/02/25 12:42:26 DEBUG - jmeter.engine.util.ValueReplacer: About to replace in property of tipe: class org.apache.jmeter.testelement.property.BooleanProperty: TestElement.enabled=true
2004/02/25 12:42:26 DEBUG - jmeter.engine.util.ValueReplacer: Won't replace.
2004/02/25 12:42:26 DEBUG - jmeter.engine.util.ValueReplacer: About to replace in property of tipe: class org.apache.jmeter.testelement.property.StringProperty: filename=
2004/02/25 12:42:26 DEBUG - jmeter.engine.util.ValueReplacer: Replacement result: filename=
2004/02/25 12:42:26 DEBUG - jmeter.engine.util.ValueReplacer: About to replace in property of tipe: class org.apache.jmeter.testelement.property.BooleanProperty: ResultCollector.error_logging=false
2004/02/25 12:42:26 DEBUG - jmeter.engine.util.ValueReplacer: Won't replace.
2004/02/25 12:42:26 DEBUG - jmeter.engine.util.ValueReplacer: About to replace in property of tipe: class org.apache.jmeter.testelement.property.StringProperty: filename=dbtest.jtl
2004/02/25 12:42:26 DEBUG - jmeter.engine.util.ValueReplacer: Replacement result: filename=dbtest.jtl
2004/02/25 12:42:26 DEBUG - jmeter.engine.util.ValueReplacer: About to replace in property of tipe: class org.apache.jmeter.testelement.property.BooleanProperty: ResultCollector.error_logging=false
2004/02/25 12:42:26 DEBUG - jmeter.engine.util.ValueReplacer: Won't replace.
2004/02/25 12:42:27 DEBUG - jmeter.functions.StringFromFile: -------- Finalize org.apache.jmeter.functions.StringFromFile@16921fd
2004/02/25 12:42:27 DEBUG - jmeter.testelement.property.AbstractProperty: Calling getStringValue from FunctionProperty
2004/02/25 12:42:27 DEBUG - jmeter.testelement.property.AbstractProperty: boogedy boogedy
2004/02/25 12:42:27 DEBUG - jmeter.testelement.property.AbstractProperty: Not running version, return raw function string
2004/02/25 12:42:27 DEBUG - jmeter.testelement.property.AbstractProperty: Calling getStringValue from FunctionProperty
2004/02/25 12:42:27 DEBUG - jmeter.testelement.property.AbstractProperty: boogedy boogedy
2004/02/25 12:42:27 DEBUG - jmeter.testelement.property.AbstractProperty: Not running version, return raw function string
2004/02/25 12:42:27 DEBUG - jmeter.testelement.property.AbstractProperty: Calling getStringValue from FunctionProperty
2004/02/25 12:42:27 DEBUG - jmeter.testelement.property.AbstractProperty: boogedy boogedy
2004/02/25 12:42:27 DEBUG - jmeter.testelement.property.AbstractProperty: Not running version, return raw function string
2004/02/25 12:42:27 ERROR - jmeter.protocol.jdbc.util.JMeter19ConnectionPool: Couldn't get connection to database com.inet.tds.SQLException: ${__property(DBServer)}
java.net.UnknownHostException: ${__property(DBServer)}
	at java.net.PlainSocketImpl.connect(PlainSocketImpl.java:153)
	at java.net.Socket.connect(Socket.java:434)
	at java.net.Socket.connect(Socket.java:384)
	at java.net.Socket.<init>(Socket.java:291)
	at java.net.Socket.<init>(Socket.java:119)
	at com.inet.tds.TdsDriver.a(Unknown Source)
	at com.inet.tds.TdsDriver.connect(Unknown Source)
	at java.sql.DriverManager.getConnection(DriverManager.java:512)
	at java.sql.DriverManager.getConnection(DriverManager.java:171)
	at org.apache.jmeter.protocol.jdbc.util.JMeter19ConnectionPool.validateMaxConnections(JMeter19ConnectionPool.java:88)
	at org.apache.jmeter.protocol.jdbc.util.JMeter19ConnectionPool.<init>(JMeter19ConnectionPool.java:64)
	at sun.reflect.NativeConstructorAccessorImpl.newInstance0(Native Method)
	at sun.reflect.NativeConstructorAccessorImpl.newInstance(NativeConstructorAccessorImpl.java:39)
	at sun.reflect.DelegatingConstructorAccessorImpl.newInstance(DelegatingConstructorAccessorImpl.java:27)
	at java.lang.reflect.Constructor.newInstance(Constructor.java:274)
	at org.apache.jmeter.protocol.jdbc.util.DBConnectionManager.createConnectionPool(DBConnectionManager.java:131)
	at org.apache.jmeter.protocol.jdbc.util.DBConnectionManager.getKey(DBConnectionManager.java:103)
	at org.apache.jmeter.protocol.jdbc.sampler.JDBCSampler.getKey(JDBCSampler.java:173)
	at org.apache.jmeter.protocol.jdbc.sampler.JDBCSampler.testStarted(JDBCSampler.java:282)
	at org.apache.jmeter.engine.StandardJMeterEngine.notifyTestListenersOfStart(StandardJMeterEngine.java:149)
	at org.apache.jmeter.engine.StandardJMeterEngine.run(StandardJMeterEngine.java:268)
	at java.lang.Thread.run(Thread.java:536)

2004/02/25 12:42:27 INFO  - jmeter.JMeter: Running test
2004/02/25 12:42:27 INFO  - jmeter.engine.StandardJMeterEngine: Starting 1 threads for group Thread Group. Ramp up = 0.
2004/02/25 12:42:27 INFO  - jmeter.engine.StandardJMeterEngine: Continue on error
2004/02/25 12:42:27 DEBUG - jmeter.threads.TestCompiler: Subtracting node, stack size = 2
2004/02/25 12:42:27 DEBUG - jmeter.threads.SamplePackage: configs is null: false
2004/02/25 12:42:27 DEBUG - jmeter.threads.TestCompiler: Subtracting node, stack size = 2
2004/02/25 12:42:27 DEBUG - jmeter.threads.TestCompiler: Subtracting node, stack size = 2
2004/02/25 12:42:27 DEBUG - jmeter.threads.TestCompiler: Subtracting node, stack size = 1
2004/02/25 12:42:27 INFO  - jmeter.threads.JMeterThread: Thread Thread Group1-1 started
2004/02/25 12:42:27 DEBUG - jmeter.control.GenericController: Calling next on: org.apache.jmeter.control.LoopController
2004/02/25 12:42:27 DEBUG - jmeter.testelement.property.AbstractProperty: Calling getStringValue from FunctionProperty
2004/02/25 12:42:27 DEBUG - jmeter.testelement.property.AbstractProperty: boogedy boogedy
2004/02/25 12:42:27 DEBUG - jmeter.testelement.property.AbstractProperty: Running version, executing function
2004/02/25 12:42:27 DEBUG - jmeter.testelement.property.AbstractProperty: Calling getStringValue from FunctionProperty
2004/02/25 12:42:27 DEBUG - jmeter.testelement.property.AbstractProperty: boogedy boogedy
2004/02/25 12:42:27 DEBUG - jmeter.testelement.property.AbstractProperty: Running version, executing function
2004/02/25 12:42:27 DEBUG - jmeter.testelement.property.AbstractProperty: Calling getStringValue from FunctionProperty
2004/02/25 12:42:27 DEBUG - jmeter.testelement.property.AbstractProperty: boogedy boogedy
2004/02/25 12:42:27 DEBUG - jmeter.testelement.property.AbstractProperty: Running version, executing function
2004/02/25 12:42:27 DEBUG - jmeter.testelement.property.AbstractProperty: Calling getStringValue from FunctionProperty
2004/02/25 12:42:27 DEBUG - jmeter.testelement.property.AbstractProperty: boogedy boogedy
2004/02/25 12:42:27 DEBUG - jmeter.testelement.property.AbstractProperty: Running version, executing function
2004/02/25 12:42:27 DEBUG - jmeter.testelement.property.AbstractProperty: Calling getStringValue from FunctionProperty
2004/02/25 12:42:27 DEBUG - jmeter.testelement.property.AbstractProperty: boogedy boogedy
2004/02/25 12:42:27 DEBUG - jmeter.testelement.property.AbstractProperty: Running version, executing function
2004/02/25 12:42:27 DEBUG - jmeter.protocol.jdbc.util.ConnectionObject: Connection is available.Marking it as in use.
2004/02/25 12:42:27 DEBUG - jmeter.control.GenericController: Calling next on: org.apache.jmeter.control.LoopController
2004/02/25 12:42:27 INFO  - jmeter.threads.JMeterThread: Thread Thread Group1-1 is done
