2013/04/15 18:42:52 INFO  - jmeter.util.JMeterUtils: Setting Locale to en_US 
2013/04/15 18:42:52 INFO  - jmeter.JMeter: Loading user properties from: /Users/speteanu/Downloads/apache-jmeter-2.9/bin/user.properties 
2013/04/15 18:42:52 INFO  - jmeter.JMeter: Loading system properties from: /Users/speteanu/Downloads/apache-jmeter-2.9/bin/system.properties 
2013/04/15 18:42:52 INFO  - jmeter.JMeter: Copyright (c) 1998-2013 The Apache Software Foundation 
2013/04/15 18:42:52 INFO  - jmeter.JMeter: Version 2.9 r1437961 
2013/04/15 18:42:52 INFO  - jmeter.JMeter: java.version=1.7.0_17 
2013/04/15 18:42:52 INFO  - jmeter.JMeter: java.vm.name=Java HotSpot(TM) 64-Bit Server VM 
2013/04/15 18:42:52 INFO  - jmeter.JMeter: os.name=Mac OS X 
2013/04/15 18:42:52 INFO  - jmeter.JMeter: os.arch=x86_64 
2013/04/15 18:42:52 INFO  - jmeter.JMeter: os.version=10.7.5 
2013/04/15 18:42:52 INFO  - jmeter.JMeter: file.encoding=US-ASCII 
2013/04/15 18:42:52 INFO  - jmeter.JMeter: Default Locale=English (United States) 
2013/04/15 18:42:52 INFO  - jmeter.JMeter: JMeter  Locale=English (United States) 
2013/04/15 18:42:52 INFO  - jmeter.JMeter: JMeterHome=/Users/speteanu/Downloads/apache-jmeter-2.9 
2013/04/15 18:42:52 INFO  - jmeter.JMeter: user.dir  =/Users/speteanu/Downloads/apache-jmeter-2.9/bin 
2013/04/15 18:42:52 INFO  - jmeter.JMeter: PWD       =/Users/speteanu/Downloads/apache-jmeter-2.9/bin 
2013/04/15 18:42:52 INFO  - jmeter.JMeter: IP: 10.131.168.65 Name: speteanu-macpro.eur.adobe.com FullName: speteanu-macpro.eur.adobe.com 
2013/04/15 18:42:52 DEBUG - jmeter.JMeter: ClassPath 
2013/04/15 18:42:52 DEBUG - jmeter.JMeter: /Users/speteanu/Downloads/apache-jmeter-2.9/bin/ApacheJMeter.jar 
2013/04/15 18:42:52 DEBUG - jmeter.JMeter: /Users/speteanu/Downloads/apache-jmeter-2.9/lib/activation-1.1.1.jar 
2013/04/15 18:42:52 DEBUG - jmeter.JMeter: /Users/speteanu/Downloads/apache-jmeter-2.9/lib/avalon-framework-4.1.4.jar 
2013/04/15 18:42:52 DEBUG - jmeter.JMeter: /Users/speteanu/Downloads/apache-jmeter-2.9/lib/bsf-2.4.0.jar 
2013/04/15 18:42:52 DEBUG - jmeter.JMeter: /Users/speteanu/Downloads/apache-jmeter-2.9/lib/bsh-2.0b5.jar 
2013/04/15 18:42:52 DEBUG - jmeter.JMeter: /Users/speteanu/Downloads/apache-jmeter-2.9/lib/bshclient.jar 
2013/04/15 18:42:52 DEBUG - jmeter.JMeter: /Users/speteanu/Downloads/apache-jmeter-2.9/lib/commons-codec-1.6.jar 
2013/04/15 18:42:52 DEBUG - jmeter.JMeter: /Users/speteanu/Downloads/apache-jmeter-2.9/lib/commons-collections-3.2.1.jar 
2013/04/15 18:42:52 DEBUG - jmeter.JMeter: /Users/speteanu/Downloads/apache-jmeter-2.9/lib/commons-httpclient-3.1.jar 
2013/04/15 18:42:52 DEBUG - jmeter.JMeter: /Users/speteanu/Downloads/apache-jmeter-2.9/lib/commons-io-2.2.jar 
2013/04/15 18:42:52 DEBUG - jmeter.JMeter: /Users/speteanu/Downloads/apache-jmeter-2.9/lib/commons-jexl-1.1.jar 
2013/04/15 18:42:52 DEBUG - jmeter.JMeter: /Users/speteanu/Downloads/apache-jmeter-2.9/lib/commons-jexl-2.1.1.jar 
2013/04/15 18:42:52 DEBUG - jmeter.JMeter: /Users/speteanu/Downloads/apache-jmeter-2.9/lib/commons-lang-2.6.jar 
2013/04/15 18:42:52 DEBUG - jmeter.JMeter: /Users/speteanu/Downloads/apache-jmeter-2.9/lib/commons-lang3-3.1.jar 
2013/04/15 18:42:52 DEBUG - jmeter.JMeter: /Users/speteanu/Downloads/apache-jmeter-2.9/lib/commons-logging-1.1.1.jar 
2013/04/15 18:42:52 DEBUG - jmeter.JMeter: /Users/speteanu/Downloads/apache-jmeter-2.9/lib/commons-net-3.1.jar 
2013/04/15 18:42:52 DEBUG - jmeter.JMeter: /Users/speteanu/Downloads/apache-jmeter-2.9/lib/excalibur-datasource-1.1.1.jar 
2013/04/15 18:42:52 DEBUG - jmeter.JMeter: /Users/speteanu/Downloads/apache-jmeter-2.9/lib/excalibur-instrument-1.0.jar 
2013/04/15 18:42:52 DEBUG - jmeter.JMeter: /Users/speteanu/Downloads/apache-jmeter-2.9/lib/excalibur-logger-1.1.jar 
2013/04/15 18:42:52 DEBUG - jmeter.JMeter: /Users/speteanu/Downloads/apache-jmeter-2.9/lib/excalibur-pool-1.2.jar 
2013/04/15 18:42:52 DEBUG - jmeter.JMeter: /Users/speteanu/Downloads/apache-jmeter-2.9/lib/geronimo-jms_1.1_spec-1.1.1.jar 
2013/04/15 18:42:52 DEBUG - jmeter.JMeter: /Users/speteanu/Downloads/apache-jmeter-2.9/lib/htmllexer-2.1.jar 
2013/04/15 18:42:52 DEBUG - jmeter.JMeter: /Users/speteanu/Downloads/apache-jmeter-2.9/lib/htmlparser-2.1.jar 
2013/04/15 18:42:52 DEBUG - jmeter.JMeter: /Users/speteanu/Downloads/apache-jmeter-2.9/lib/httpclient-4.2.3.jar 
2013/04/15 18:42:52 DEBUG - jmeter.JMeter: /Users/speteanu/Downloads/apache-jmeter-2.9/lib/httpcore-4.2.3.jar 
2013/04/15 18:42:52 DEBUG - jmeter.JMeter: /Users/speteanu/Downloads/apache-jmeter-2.9/lib/httpmime-4.2.3.jar 
2013/04/15 18:42:52 DEBUG - jmeter.JMeter: /Users/speteanu/Downloads/apache-jmeter-2.9/lib/jcharts-0.7.5.jar 
2013/04/15 18:42:52 DEBUG - jmeter.JMeter: /Users/speteanu/Downloads/apache-jmeter-2.9/lib/jdom-1.1.2.jar 
2013/04/15 18:42:52 DEBUG - jmeter.JMeter: /Users/speteanu/Downloads/apache-jmeter-2.9/lib/jodd-core-3.4.1.jar 
2013/04/15 18:42:52 DEBUG - jmeter.JMeter: /Users/speteanu/Downloads/apache-jmeter-2.9/lib/jodd-lagarto-3.4.1.jar 
2013/04/15 18:42:52 DEBUG - jmeter.JMeter: /Users/speteanu/Downloads/apache-jmeter-2.9/lib/jorphan.jar 
2013/04/15 18:42:52 DEBUG - jmeter.JMeter: /Users/speteanu/Downloads/apache-jmeter-2.9/lib/jsoup-1.7.1.jar 
2013/04/15 18:42:52 DEBUG - jmeter.JMeter: /Users/speteanu/Downloads/apache-jmeter-2.9/lib/jtidy-r938.jar 
2013/04/15 18:42:52 DEBUG - jmeter.JMeter: /Users/speteanu/Downloads/apache-jmeter-2.9/lib/junit-4.10.jar 
2013/04/15 18:42:52 DEBUG - jmeter.JMeter: /Users/speteanu/Downloads/apache-jmeter-2.9/lib/logkit-2.0.jar 
2013/04/15 18:42:52 DEBUG - jmeter.JMeter: /Users/speteanu/Downloads/apache-jmeter-2.9/lib/mail-1.4.4.jar 
2013/04/15 18:42:52 DEBUG - jmeter.JMeter: /Users/speteanu/Downloads/apache-jmeter-2.9/lib/oro-2.0.8.jar 
2013/04/15 18:42:52 DEBUG - jmeter.JMeter: /Users/speteanu/Downloads/apache-jmeter-2.9/lib/rhino-1.7R4.jar 
2013/04/15 18:42:52 DEBUG - jmeter.JMeter: /Users/speteanu/Downloads/apache-jmeter-2.9/lib/serializer-2.7.1.jar 
2013/04/15 18:42:52 DEBUG - jmeter.JMeter: /Users/speteanu/Downloads/apache-jmeter-2.9/lib/slf4j-api-1.7.2.jar 
2013/04/15 18:42:52 DEBUG - jmeter.JMeter: /Users/speteanu/Downloads/apache-jmeter-2.9/lib/soap-2.3.1.jar 
2013/04/15 18:42:52 DEBUG - jmeter.JMeter: /Users/speteanu/Downloads/apache-jmeter-2.9/lib/tika-core-1.3.jar 
2013/04/15 18:42:52 DEBUG - jmeter.JMeter: /Users/speteanu/Downloads/apache-jmeter-2.9/lib/tika-parsers-1.3.jar 
2013/04/15 18:42:52 DEBUG - jmeter.JMeter: /Users/speteanu/Downloads/apache-jmeter-2.9/lib/xalan-2.7.1.jar 
2013/04/15 18:42:52 DEBUG - jmeter.JMeter: /Users/speteanu/Downloads/apache-jmeter-2.9/lib/xercesImpl-2.9.1.jar 
2013/04/15 18:42:52 DEBUG - jmeter.JMeter: /Users/speteanu/Downloads/apache-jmeter-2.9/lib/xml-apis-1.3.04.jar 
2013/04/15 18:42:52 DEBUG - jmeter.JMeter: /Users/speteanu/Downloads/apache-jmeter-2.9/lib/xmlgraphics-commons-1.3.1.jar 
2013/04/15 18:42:52 DEBUG - jmeter.JMeter: /Users/speteanu/Downloads/apache-jmeter-2.9/lib/xmlpull-1.1.3.1.jar 
2013/04/15 18:42:52 DEBUG - jmeter.JMeter: /Users/speteanu/Downloads/apache-jmeter-2.9/lib/xpp3_min-1.1.4c.jar 
2013/04/15 18:42:52 DEBUG - jmeter.JMeter: /Users/speteanu/Downloads/apache-jmeter-2.9/lib/xstream-1.4.2.jar 
2013/04/15 18:42:52 DEBUG - jmeter.JMeter: /Users/speteanu/Downloads/apache-jmeter-2.9/lib/ext/ApacheJMeter_components.jar 
2013/04/15 18:42:52 DEBUG - jmeter.JMeter: /Users/speteanu/Downloads/apache-jmeter-2.9/lib/ext/ApacheJMeter_core.jar 
2013/04/15 18:42:52 DEBUG - jmeter.JMeter: /Users/speteanu/Downloads/apache-jmeter-2.9/lib/ext/ApacheJMeter_ftp.jar 
2013/04/15 18:42:52 DEBUG - jmeter.JMeter: /Users/speteanu/Downloads/apache-jmeter-2.9/lib/ext/ApacheJMeter_functions.jar 
2013/04/15 18:42:52 DEBUG - jmeter.JMeter: /Users/speteanu/Downloads/apache-jmeter-2.9/lib/ext/ApacheJMeter_http.jar 
2013/04/15 18:42:52 DEBUG - jmeter.JMeter: /Users/speteanu/Downloads/apache-jmeter-2.9/lib/ext/ApacheJMeter_java.jar 
2013/04/15 18:42:52 DEBUG - jmeter.JMeter: /Users/speteanu/Downloads/apache-jmeter-2.9/lib/ext/ApacheJMeter_jdbc.jar 
2013/04/15 18:42:52 DEBUG - jmeter.JMeter: /Users/speteanu/Downloads/apache-jmeter-2.9/lib/ext/ApacheJMeter_jms.jar 
2013/04/15 18:42:52 DEBUG - jmeter.JMeter: /Users/speteanu/Downloads/apache-jmeter-2.9/lib/ext/ApacheJMeter_junit.jar 
2013/04/15 18:42:52 DEBUG - jmeter.JMeter: /Users/speteanu/Downloads/apache-jmeter-2.9/lib/ext/ApacheJMeter_ldap.jar 
2013/04/15 18:42:52 DEBUG - jmeter.JMeter: /Users/speteanu/Downloads/apache-jmeter-2.9/lib/ext/ApacheJMeter_mail.jar 
2013/04/15 18:42:52 DEBUG - jmeter.JMeter: /Users/speteanu/Downloads/apache-jmeter-2.9/lib/ext/ApacheJMeter_monitors.jar 
2013/04/15 18:42:52 DEBUG - jmeter.JMeter: /Users/speteanu/Downloads/apache-jmeter-2.9/lib/ext/ApacheJMeter_native.jar 
2013/04/15 18:42:52 DEBUG - jmeter.JMeter: /Users/speteanu/Downloads/apache-jmeter-2.9/lib/ext/ApacheJMeter_report.jar 
2013/04/15 18:42:52 DEBUG - jmeter.JMeter: /Users/speteanu/Downloads/apache-jmeter-2.9/lib/ext/ApacheJMeter_tcp.jar 
2013/04/15 18:42:52 DEBUG - jmeter.JMeter: /Users/speteanu/Downloads/apache-jmeter-2.9/lib/junit/test.jar 
2013/04/15 18:42:52 DEBUG - jmeter.JMeter: /Users/speteanu/Downloads/apache-jmeter-2.9/bin/ApacheJMeter.jar:/Users/speteanu/Downloads/apache-jmeter-2.9/lib/activation-1.1.1.jar:/Users/speteanu/Downloads/apache-jmeter-2.9/lib/avalon-framework-4.1.4.jar:/Users/speteanu/Downloads/apache-jmeter-2.9/lib/bsf-2.4.0.jar:/Users/speteanu/Downloads/apache-jmeter-2.9/lib/bsh-2.0b5.jar:/Users/speteanu/Downloads/apache-jmeter-2.9/lib/bshclient.jar:/Users/speteanu/Downloads/apache-jmeter-2.9/lib/commons-codec-1.6.jar:/Users/speteanu/Downloads/apache-jmeter-2.9/lib/commons-collections-3.2.1.jar:/Users/speteanu/Downloads/apache-jmeter-2.9/lib/commons-httpclient-3.1.jar:/Users/speteanu/Downloads/apache-jmeter-2.9/lib/commons-io-2.2.jar:/Users/speteanu/Downloads/apache-jmeter-2.9/lib/commons-jexl-1.1.jar:/Users/speteanu/Downloads/apache-jmeter-2.9/lib/commons-jexl-2.1.1.jar:/Users/speteanu/Downloads/apache-jmeter-2.9/lib/commons-lang-2.6.jar:/Users/speteanu/Downloads/apache-jmeter-2.9/lib/commons-lang3-3.1.jar:/Users/speteanu/Downloads/apache-jmeter-2.9/lib/commons-logging-1.1.1.jar:/Users/speteanu/Downloads/apache-jmeter-2.9/lib/commons-net-3.1.jar:/Users/speteanu/Downloads/apache-jmeter-2.9/lib/excalibur-datasource-1.1.1.jar:/Users/speteanu/Downloads/apache-jmeter-2.9/lib/excalibur-instrument-1.0.jar:/Users/speteanu/Downloads/apache-jmeter-2.9/lib/excalibur-logger-1.1.jar:/Users/speteanu/Downloads/apache-jmeter-2.9/lib/excalibur-pool-1.2.jar:/Users/speteanu/Downloads/apache-jmeter-2.9/lib/geronimo-jms_1.1_spec-1.1.1.jar:/Users/speteanu/Downloads/apache-jmeter-2.9/lib/htmllexer-2.1.jar:/Users/speteanu/Downloads/apache-jmeter-2.9/lib/htmlparser-2.1.jar:/Users/speteanu/Downloads/apache-jmeter-2.9/lib/httpclient-4.2.3.jar:/Users/speteanu/Downloads/apache-jmeter-2.9/lib/httpcore-4.2.3.jar:/Users/speteanu/Downloads/apache-jmeter-2.9/lib/httpmime-4.2.3.jar:/Users/speteanu/Downloads/apache-jmeter-2.9/lib/jcharts-0.7.5.jar:/Users/speteanu/Downloads/apache-jmeter-2.9/lib/jdom-1.1.2.jar:/Users/speteanu/Downloads/apache-jmeter-2.9/lib/jodd-core-3.4.1.jar:/Users/speteanu/Downloads/apache-jmeter-2.9/lib/jodd-lagarto-3.4.1.jar:/Users/speteanu/Downloads/apache-jmeter-2.9/lib/jorphan.jar:/Users/speteanu/Downloads/apache-jmeter-2.9/lib/jsoup-1.7.1.jar:/Users/speteanu/Downloads/apache-jmeter-2.9/lib/jtidy-r938.jar:/Users/speteanu/Downloads/apache-jmeter-2.9/lib/junit-4.10.jar:/Users/speteanu/Downloads/apache-jmeter-2.9/lib/logkit-2.0.jar:/Users/speteanu/Downloads/apache-jmeter-2.9/lib/mail-1.4.4.jar:/Users/speteanu/Downloads/apache-jmeter-2.9/lib/oro-2.0.8.jar:/Users/speteanu/Downloads/apache-jmeter-2.9/lib/rhino-1.7R4.jar:/Users/speteanu/Downloads/apache-jmeter-2.9/lib/serializer-2.7.1.jar:/Users/speteanu/Downloads/apache-jmeter-2.9/lib/slf4j-api-1.7.2.jar:/Users/speteanu/Downloads/apache-jmeter-2.9/lib/soap-2.3.1.jar:/Users/speteanu/Downloads/apache-jmeter-2.9/lib/tika-core-1.3.jar:/Users/speteanu/Downloads/apache-jmeter-2.9/lib/tika-parsers-1.3.jar:/Users/speteanu/Downloads/apache-jmeter-2.9/lib/xalan-2.7.1.jar:/Users/speteanu/Downloads/apache-jmeter-2.9/lib/xercesImpl-2.9.1.jar:/Users/speteanu/Downloads/apache-jmeter-2.9/lib/xml-apis-1.3.04.jar:/Users/speteanu/Downloads/apache-jmeter-2.9/lib/xmlgraphics-commons-1.3.1.jar:/Users/speteanu/Downloads/apache-jmeter-2.9/lib/xmlpull-1.1.3.1.jar:/Users/speteanu/Downloads/apache-jmeter-2.9/lib/xpp3_min-1.1.4c.jar:/Users/speteanu/Downloads/apache-jmeter-2.9/lib/xstream-1.4.2.jar:/Users/speteanu/Downloads/apache-jmeter-2.9/lib/ext/ApacheJMeter_components.jar:/Users/speteanu/Downloads/apache-jmeter-2.9/lib/ext/ApacheJMeter_core.jar:/Users/speteanu/Downloads/apache-jmeter-2.9/lib/ext/ApacheJMeter_ftp.jar:/Users/speteanu/Downloads/apache-jmeter-2.9/lib/ext/ApacheJMeter_functions.jar:/Users/speteanu/Downloads/apache-jmeter-2.9/lib/ext/ApacheJMeter_http.jar:/Users/speteanu/Downloads/apache-jmeter-2.9/lib/ext/ApacheJMeter_java.jar:/Users/speteanu/Downloads/apache-jmeter-2.9/lib/ext/ApacheJMeter_jdbc.jar:/Users/speteanu/Downloads/apache-jmeter-2.9/lib/ext/ApacheJMeter_jms.jar:/Users/speteanu/Downloads/apache-jmeter-2.9/lib/ext/ApacheJMeter_junit.jar:/Users/speteanu/Downloads/apache-jmeter-2.9/lib/ext/ApacheJMeter_ldap.jar:/Users/speteanu/Downloads/apache-jmeter-2.9/lib/ext/ApacheJMeter_mail.jar:/Users/speteanu/Downloads/apache-jmeter-2.9/lib/ext/ApacheJMeter_monitors.jar:/Users/speteanu/Downloads/apache-jmeter-2.9/lib/ext/ApacheJMeter_native.jar:/Users/speteanu/Downloads/apache-jmeter-2.9/lib/ext/ApacheJMeter_report.jar:/Users/speteanu/Downloads/apache-jmeter-2.9/lib/ext/ApacheJMeter_tcp.jar:/Users/speteanu/Downloads/apache-jmeter-2.9/lib/junit/test.jar 
2013/04/15 18:42:52 INFO  - jmeter.JMeter: Loaded icon properties from org/apache/jmeter/images/icon.properties 
2013/04/15 18:42:56 DEBUG - jmeter.gui.AbstractJMeterGuiComponent: setting element to enabled: true 
2013/04/15 18:42:56 DEBUG - jmeter.gui.AbstractJMeterGuiComponent: setting element to enabled: true 
2013/04/15 18:42:56 DEBUG - jmeter.gui.AbstractJMeterGuiComponent: setting element to enabled: true 
2013/04/15 18:42:57 INFO  - jmeter.engine.util.CompoundVariable: Note: Function class names must contain the string: '.functions.' 
2013/04/15 18:42:57 INFO  - jmeter.engine.util.CompoundVariable: Note: Function class names must not contain the string: '.gui.' 
2013/04/15 18:42:57 DEBUG - jmeter.functions.StringFromFile: ++++++++ Construct org.apache.jmeter.functions.StringFromFile@1d548012 
2013/04/15 18:42:57 DEBUG - jmeter.engine.util.CompoundVariable: Function count: 36 
2013/04/15 18:42:58 INFO  - jmeter.gui.action.LookAndFeelCommand: Using look and feel: com.apple.laf.AquaLookAndFeel [Mac OS X, System] 
2013/04/15 18:42:58 DEBUG - jmeter.gui.util.JMeterToolBar: Toolbar icon key: new 
2013/04/15 18:42:58 DEBUG - jmeter.gui.util.JMeterToolBar: Toolbar icon key: open 
2013/04/15 18:42:58 DEBUG - jmeter.gui.util.JMeterToolBar: Toolbar icon key: close 
2013/04/15 18:42:58 DEBUG - jmeter.gui.util.JMeterToolBar: Toolbar icon key: save 
2013/04/15 18:42:58 DEBUG - jmeter.gui.util.JMeterToolBar: Toolbar icon key: save_as_testplan 
2013/04/15 18:42:58 DEBUG - jmeter.gui.util.JMeterToolBar: Toolbar icon key: | 
2013/04/15 18:42:58 DEBUG - jmeter.gui.util.JMeterToolBar: Toolbar icon key: cut 
2013/04/15 18:42:58 DEBUG - jmeter.gui.util.JMeterToolBar: Toolbar icon key: copy 
2013/04/15 18:42:58 DEBUG - jmeter.gui.util.JMeterToolBar: Toolbar icon key: paste 
2013/04/15 18:42:58 DEBUG - jmeter.gui.util.JMeterToolBar: Toolbar icon key: | 
2013/04/15 18:42:58 DEBUG - jmeter.gui.util.JMeterToolBar: Toolbar icon key: expand 
2013/04/15 18:42:58 DEBUG - jmeter.gui.util.JMeterToolBar: Toolbar icon key: collapse 
2013/04/15 18:42:58 DEBUG - jmeter.gui.util.JMeterToolBar: Toolbar icon key: toggle 
2013/04/15 18:42:58 DEBUG - jmeter.gui.util.JMeterToolBar: Toolbar icon key: | 
2013/04/15 18:42:58 DEBUG - jmeter.gui.util.JMeterToolBar: Toolbar icon key: test_start 
2013/04/15 18:42:58 DEBUG - jmeter.gui.util.JMeterToolBar: Toolbar icon key: test_start_notimers 
2013/04/15 18:42:58 DEBUG - jmeter.gui.util.JMeterToolBar: Toolbar icon key: test_stop 
2013/04/15 18:42:58 DEBUG - jmeter.gui.util.JMeterToolBar: Toolbar icon key: test_shutdown 
2013/04/15 18:42:58 DEBUG - jmeter.gui.util.JMeterToolBar: Toolbar icon key: | 
2013/04/15 18:42:58 DEBUG - jmeter.gui.util.JMeterToolBar: Toolbar icon key: test_start_remote_all 
2013/04/15 18:42:58 DEBUG - jmeter.gui.util.JMeterToolBar: Toolbar icon key: test_stop_remote_all 
2013/04/15 18:42:58 DEBUG - jmeter.gui.util.JMeterToolBar: Toolbar icon key: test_shutdown_remote_all 
2013/04/15 18:42:58 DEBUG - jmeter.gui.util.JMeterToolBar: Toolbar icon key: | 
2013/04/15 18:42:58 DEBUG - jmeter.gui.util.JMeterToolBar: Toolbar icon key: test_clear 
2013/04/15 18:42:58 DEBUG - jmeter.gui.util.JMeterToolBar: Toolbar icon key: test_clear_all 
2013/04/15 18:42:58 DEBUG - jmeter.gui.util.JMeterToolBar: Toolbar icon key: | 
2013/04/15 18:42:58 DEBUG - jmeter.gui.util.JMeterToolBar: Toolbar icon key: search 
2013/04/15 18:42:58 DEBUG - jmeter.gui.util.JMeterToolBar: Toolbar icon key: search_reset 
2013/04/15 18:42:58 DEBUG - jmeter.gui.util.JMeterToolBar: Toolbar icon key: | 
2013/04/15 18:42:58 DEBUG - jmeter.gui.util.JMeterToolBar: Toolbar icon key: function_helper 
2013/04/15 18:42:58 DEBUG - jmeter.gui.util.JMeterToolBar: Toolbar icon key: help 
2013/04/15 18:42:58 DEBUG - jmeter.gui.tree.JMeterTreeListener: value changed, updating currentPath 
2013/04/15 18:42:58 DEBUG - jmeter.gui.GuiPackage: Gui retrieved = org.apache.jmeter.control.gui.WorkBenchGui[WorkBench,0,0,0x0,invalid,layout=java.awt.BorderLayout,alignmentX=0.0,alignmentY=0.0,border=javax.swing.border.EmptyBorder@34a7fc0,flags=9,maximumSize=,minimumSize=,preferredSize=] 
2013/04/15 18:42:58 DEBUG - jmeter.gui.GuiPackage: Updating current node WorkBench 
2013/04/15 18:42:58 DEBUG - jmeter.gui.GuiPackage: Gui retrieved = org.apache.jmeter.control.gui.WorkBenchGui[WorkBench,0,0,0x0,invalid,layout=java.awt.BorderLayout,alignmentX=0.0,alignmentY=0.0,border=javax.swing.border.EmptyBorder@34a7fc0,flags=9,maximumSize=,minimumSize=,preferredSize=] 
2013/04/15 18:42:58 DEBUG - jmeter.gui.AbstractJMeterGuiComponent: setting element to enabled: true 
2013/04/15 18:42:58 DEBUG - jmeter.gui.GuiPackage: Gui retrieved = org.apache.jmeter.control.gui.WorkBenchGui[WorkBench,0,0,0x0,invalid,layout=java.awt.BorderLayout,alignmentX=0.0,alignmentY=0.0,border=javax.swing.border.EmptyBorder@34a7fc0,flags=9,maximumSize=,minimumSize=,preferredSize=] 
2013/04/15 18:42:58 DEBUG - jmeter.gui.GuiPackage: Updating gui to new node 
2013/04/15 18:42:58 DEBUG - jmeter.gui.GuiPackage: Gui retrieved = org.apache.jmeter.control.gui.WorkBenchGui[WorkBench,0,0,0x0,invalid,layout=java.awt.BorderLayout,alignmentX=0.0,alignmentY=0.0,border=javax.swing.border.EmptyBorder@34a7fc0,flags=9,maximumSize=,minimumSize=,preferredSize=] 
2013/04/15 18:42:58 DEBUG - jmeter.gui.tree.JMeterTreeListener: value changed, updating currentPath 
2013/04/15 18:42:59 INFO  - jmeter.util.BSFTestElement: Registering JMeter version of JavaScript engine as work-round for BSF-22 
2013/04/15 18:42:59 DEBUG - jmeter.testbeans.gui.TestBeanGUI: testing class: org.apache.jmeter.assertions.BSFAssertion 
2013/04/15 18:42:59 DEBUG - jmeter.testbeans.BeanInfoSupport: Getting property for: scriptLanguage 
2013/04/15 18:42:59 DEBUG - jmeter.testbeans.BeanInfoSupport: Getting property for: parameters 
2013/04/15 18:42:59 DEBUG - jmeter.testbeans.BeanInfoSupport: Getting property for: filename 
2013/04/15 18:42:59 DEBUG - jmeter.testbeans.BeanInfoSupport: Getting property for: script 
2013/04/15 18:42:59 DEBUG - jmeter.testbeans.gui.TestBeanGUI: testing class: org.apache.jmeter.assertions.CompareAssertion 
2013/04/15 18:42:59 DEBUG - jmeter.testbeans.BeanInfoSupport: Getting property for: compareContent 
2013/04/15 18:42:59 DEBUG - jmeter.testbeans.BeanInfoSupport: Getting property for: compareTime 
2013/04/15 18:42:59 DEBUG - jmeter.testbeans.BeanInfoSupport: Getting property for: stringsToSkip 
2013/04/15 18:42:59 DEBUG - jmeter.testbeans.gui.TestBeanGUI: testing class: org.apache.jmeter.assertions.JSR223Assertion 
2013/04/15 18:42:59 DEBUG - jmeter.testbeans.BeanInfoSupport: Getting property for: scriptLanguage 
2013/04/15 18:42:59 DEBUG - jmeter.testbeans.BeanInfoSupport: Getting property for: parameters 
2013/04/15 18:42:59 DEBUG - jmeter.testbeans.BeanInfoSupport: Getting property for: filename 
2013/04/15 18:42:59 DEBUG - jmeter.testbeans.BeanInfoSupport: Getting property for: cacheKey 
2013/04/15 18:42:59 DEBUG - jmeter.testbeans.BeanInfoSupport: Getting property for: script 
2013/04/15 18:42:59 DEBUG - jmeter.testbeans.gui.TestBeanGUI: testing class: org.apache.jmeter.config.CSVDataSet 
2013/04/15 18:42:59 DEBUG - jmeter.testbeans.BeanInfoSupport: Getting property for: filename 
2013/04/15 18:42:59 DEBUG - jmeter.testbeans.BeanInfoSupport: Getting property for: fileEncoding 
2013/04/15 18:42:59 DEBUG - jmeter.testbeans.BeanInfoSupport: Getting property for: variableNames 
2013/04/15 18:42:59 DEBUG - jmeter.testbeans.BeanInfoSupport: Getting property for: delimiter 
2013/04/15 18:42:59 DEBUG - jmeter.testbeans.BeanInfoSupport: Getting property for: quotedData 
2013/04/15 18:42:59 DEBUG - jmeter.testbeans.BeanInfoSupport: Getting property for: recycle 
2013/04/15 18:42:59 DEBUG - jmeter.testbeans.BeanInfoSupport: Getting property for: stopThread 
2013/04/15 18:42:59 DEBUG - jmeter.testbeans.BeanInfoSupport: Getting property for: shareMode 
2013/04/15 18:42:59 DEBUG - jmeter.testbeans.gui.TestBeanGUI: testing class: org.apache.jmeter.config.KeystoreConfig 
2013/04/15 18:42:59 DEBUG - jmeter.testbeans.BeanInfoSupport: Getting property for: preload 
2013/04/15 18:42:59 DEBUG - jmeter.testbeans.BeanInfoSupport: Getting property for: startIndex 
2013/04/15 18:42:59 DEBUG - jmeter.testbeans.BeanInfoSupport: Getting property for: endIndex 
2013/04/15 18:42:59 DEBUG - jmeter.testbeans.gui.TestBeanGUI: testing class: org.apache.jmeter.config.RandomVariableConfig 
2013/04/15 18:42:59 DEBUG - jmeter.testbeans.BeanInfoSupport: Getting property for: variableName 
2013/04/15 18:42:59 DEBUG - jmeter.testbeans.BeanInfoSupport: Getting property for: outputFormat 
2013/04/15 18:42:59 DEBUG - jmeter.testbeans.BeanInfoSupport: Getting property for: minimumValue 
2013/04/15 18:42:59 DEBUG - jmeter.testbeans.BeanInfoSupport: Getting property for: maximumValue 
2013/04/15 18:42:59 DEBUG - jmeter.testbeans.BeanInfoSupport: Getting property for: randomSeed 
2013/04/15 18:42:59 DEBUG - jmeter.testbeans.BeanInfoSupport: Getting property for: perThread 
2013/04/15 18:42:59 DEBUG - jmeter.gui.util.MenuFactory: org.apache.jmeter.config.gui.ObsoleteGui participates in no menus. 
2013/04/15 18:42:59 DEBUG - jmeter.gui.util.MenuFactory: org.apache.jmeter.control.gui.ReportGui participates in no menus. 
2013/04/15 18:42:59 DEBUG - jmeter.gui.util.MenuFactory: org.apache.jmeter.control.gui.TestPlanGui participates in no menus. 
2013/04/15 18:42:59 DEBUG - jmeter.gui.util.MenuFactory: org.apache.jmeter.control.gui.WorkBenchGui participates in no menus. 
2013/04/15 18:42:59 DEBUG - jmeter.testbeans.gui.TestBeanGUI: testing class: org.apache.jmeter.extractor.BSFPostProcessor 
2013/04/15 18:42:59 DEBUG - jmeter.testbeans.BeanInfoSupport: Getting property for: scriptLanguage 
2013/04/15 18:42:59 DEBUG - jmeter.testbeans.BeanInfoSupport: Getting property for: parameters 
2013/04/15 18:42:59 DEBUG - jmeter.testbeans.BeanInfoSupport: Getting property for: filename 
2013/04/15 18:42:59 DEBUG - jmeter.testbeans.BeanInfoSupport: Getting property for: script 
2013/04/15 18:42:59 DEBUG - jmeter.testbeans.gui.TestBeanGUI: testing class: org.apache.jmeter.extractor.BeanShellPostProcessor 
2013/04/15 18:42:59 DEBUG - jmeter.testbeans.BeanInfoSupport: Localized short description not available for property resetInterpreter in class org.apache.jmeter.extractor.BeanShellPostProcessor 
2013/04/15 18:42:59 DEBUG - jmeter.testbeans.BeanInfoSupport: Getting property for: resetInterpreter 
2013/04/15 18:42:59 DEBUG - jmeter.testbeans.BeanInfoSupport: Getting property for: parameters 
2013/04/15 18:42:59 DEBUG - jmeter.testbeans.BeanInfoSupport: Getting property for: filename 
2013/04/15 18:42:59 DEBUG - jmeter.testbeans.BeanInfoSupport: Getting property for: script 
2013/04/15 18:42:59 DEBUG - jmeter.testbeans.gui.TestBeanGUI: testing class: org.apache.jmeter.extractor.DebugPostProcessor 
2013/04/15 18:42:59 DEBUG - jmeter.testbeans.gui.TestBeanGUI: testing class: org.apache.jmeter.extractor.JSR223PostProcessor 
2013/04/15 18:42:59 DEBUG - jmeter.testbeans.BeanInfoSupport: Getting property for: scriptLanguage 
2013/04/15 18:42:59 DEBUG - jmeter.testbeans.BeanInfoSupport: Getting property for: parameters 
2013/04/15 18:42:59 DEBUG - jmeter.testbeans.BeanInfoSupport: Getting property for: filename 
2013/04/15 18:42:59 DEBUG - jmeter.testbeans.BeanInfoSupport: Getting property for: cacheKey 
2013/04/15 18:42:59 DEBUG - jmeter.testbeans.BeanInfoSupport: Getting property for: script 
2013/04/15 18:42:59 DEBUG - jmeter.gui.util.MenuFactory: org.apache.jmeter.gui.NamePanel participates in no menus. 
2013/04/15 18:42:59 DEBUG - jmeter.testbeans.gui.TestBeanGUI: testing class: org.apache.jmeter.modifiers.BSFPreProcessor 
2013/04/15 18:42:59 DEBUG - jmeter.testbeans.BeanInfoSupport: Getting property for: scriptLanguage 
2013/04/15 18:42:59 DEBUG - jmeter.testbeans.BeanInfoSupport: Getting property for: parameters 
2013/04/15 18:42:59 DEBUG - jmeter.testbeans.BeanInfoSupport: Getting property for: filename 
2013/04/15 18:42:59 DEBUG - jmeter.testbeans.BeanInfoSupport: Getting property for: script 
2013/04/15 18:42:59 DEBUG - jmeter.testbeans.gui.TestBeanGUI: testing class: org.apache.jmeter.modifiers.BeanShellPreProcessor 
2013/04/15 18:42:59 DEBUG - jmeter.testbeans.BeanInfoSupport: Localized short description not available for property resetInterpreter in class org.apache.jmeter.modifiers.BeanShellPreProcessor 
2013/04/15 18:42:59 DEBUG - jmeter.testbeans.BeanInfoSupport: Getting property for: resetInterpreter 
2013/04/15 18:42:59 DEBUG - jmeter.testbeans.BeanInfoSupport: Getting property for: parameters 
2013/04/15 18:42:59 DEBUG - jmeter.testbeans.BeanInfoSupport: Getting property for: filename 
2013/04/15 18:42:59 DEBUG - jmeter.testbeans.BeanInfoSupport: Getting property for: script 
2013/04/15 18:42:59 DEBUG - jmeter.testbeans.gui.TestBeanGUI: testing class: org.apache.jmeter.modifiers.JSR223PreProcessor 
2013/04/15 18:42:59 DEBUG - jmeter.testbeans.BeanInfoSupport: Getting property for: scriptLanguage 
2013/04/15 18:42:59 DEBUG - jmeter.testbeans.BeanInfoSupport: Getting property for: parameters 
2013/04/15 18:42:59 DEBUG - jmeter.testbeans.BeanInfoSupport: Getting property for: filename 
2013/04/15 18:42:59 DEBUG - jmeter.testbeans.BeanInfoSupport: Getting property for: cacheKey 
2013/04/15 18:42:59 DEBUG - jmeter.testbeans.BeanInfoSupport: Getting property for: script 
2013/04/15 18:43:00 INFO  - jmeter.protocol.http.sampler.HTTPSamplerBase: Cannot find .className property for htmlParser, using default 
2013/04/15 18:43:00 INFO  - jmeter.protocol.http.sampler.HTTPSamplerBase: Parser for text/html is  
2013/04/15 18:43:00 INFO  - jmeter.protocol.http.sampler.HTTPSamplerBase: Parser for application/xhtml+xml is  
2013/04/15 18:43:00 INFO  - jmeter.protocol.http.sampler.HTTPSamplerBase: Parser for application/xml is  
2013/04/15 18:43:00 INFO  - jmeter.protocol.http.sampler.HTTPSamplerBase: Parser for text/xml is  
2013/04/15 18:43:00 INFO  - jmeter.protocol.http.sampler.HTTPSamplerBase: Parser for text/vnd.wap.wml is org.apache.jmeter.protocol.http.parser.RegexpHTMLParser 
2013/04/15 18:43:00 INFO  - jmeter.protocol.http.sampler.HTTPSamplerBase: Reuse SSL session context on subsequent iterations: true 
2013/04/15 18:43:00 DEBUG - jmeter.protocol.http.control.gui.HttpMirrorControlGui: Creating HttpMirrorControlGui 
2013/04/15 18:43:00 DEBUG - jmeter.gui.util.MenuFactory: org.apache.jmeter.protocol.http.gui.HTTPArgumentsPanel participates in no menus. 
2013/04/15 18:43:00 INFO  - jmeter.gui.util.MenuFactory: Skipping org.apache.jmeter.protocol.http.modifier.gui.ParamModifierGui 
2013/04/15 18:43:00 DEBUG - jmeter.protocol.http.proxy.gui.ProxyControlGui: Creating ProxyControlGui 
2013/04/15 18:43:00 DEBUG - jmeter.testbeans.gui.TestBeanGUI: testing class: org.apache.jmeter.protocol.http.sampler.AccessLogSampler 
2013/04/15 18:43:00 DEBUG - jmeter.protocol.http.sampler.AccessLogSamplerBeanInfo: Entered access log sampler bean info 
2013/04/15 18:43:00 DEBUG - jmeter.testbeans.BeanInfoSupport: Getting property for: domain 
2013/04/15 18:43:00 DEBUG - jmeter.testbeans.BeanInfoSupport: Getting property for: portString 
2013/04/15 18:43:00 DEBUG - jmeter.testbeans.BeanInfoSupport: Getting property for: imageParsing 
2013/04/15 18:43:00 DEBUG - jmeter.testbeans.BeanInfoSupport: Getting property for: parserClassName 
2013/04/15 18:43:00 DEBUG - jmeter.testbeans.BeanInfoSupport: Getting property for: filterClassName 
2013/04/15 18:43:00 DEBUG - jmeter.testbeans.BeanInfoSupport: Getting property for: logFile 
2013/04/15 18:43:00 DEBUG - jmeter.protocol.http.sampler.AccessLogSamplerBeanInfo: found parsers: [org.apache.jmeter.protocol.http.util.accesslog.OrderPreservingLogParser, org.apache.jmeter.protocol.http.util.accesslog.SharedTCLogParser, org.apache.jmeter.protocol.http.util.accesslog.TCLogParser] 
2013/04/15 18:43:00 DEBUG - jmeter.protocol.http.sampler.AccessLogSamplerBeanInfo: Got to end of access log samper bean info init 
2013/04/15 18:43:00 DEBUG - jmeter.testbeans.gui.TestBeanGUI: testing class: org.apache.jmeter.protocol.java.sampler.BSFSampler 
2013/04/15 18:43:00 DEBUG - jmeter.testbeans.BeanInfoSupport: Localized display name not available for property label in class org.apache.jmeter.protocol.java.sampler.BSFSampler 
2013/04/15 18:43:00 DEBUG - jmeter.testbeans.BeanInfoSupport: Localized short description not available for property label in class org.apache.jmeter.protocol.java.sampler.BSFSampler 
2013/04/15 18:43:00 DEBUG - jmeter.testbeans.BeanInfoSupport: Getting property for: scriptLanguage 
2013/04/15 18:43:00 DEBUG - jmeter.testbeans.BeanInfoSupport: Getting property for: parameters 
2013/04/15 18:43:00 DEBUG - jmeter.testbeans.BeanInfoSupport: Getting property for: filename 
2013/04/15 18:43:00 DEBUG - jmeter.testbeans.BeanInfoSupport: Getting property for: script 
2013/04/15 18:43:00 DEBUG - jmeter.testbeans.gui.TestBeanGUI: testing class: org.apache.jmeter.protocol.java.sampler.JSR223Sampler 
2013/04/15 18:43:00 DEBUG - jmeter.testbeans.BeanInfoSupport: Getting property for: scriptLanguage 
2013/04/15 18:43:00 DEBUG - jmeter.testbeans.BeanInfoSupport: Getting property for: parameters 
2013/04/15 18:43:00 DEBUG - jmeter.testbeans.BeanInfoSupport: Getting property for: filename 
2013/04/15 18:43:00 DEBUG - jmeter.testbeans.BeanInfoSupport: Getting property for: cacheKey 
2013/04/15 18:43:00 DEBUG - jmeter.testbeans.BeanInfoSupport: Getting property for: script 
2013/04/15 18:43:00 DEBUG - jmeter.testbeans.gui.TestBeanGUI: testing class: org.apache.jmeter.protocol.jdbc.config.DataSourceElement 
2013/04/15 18:43:00 DEBUG - jmeter.testbeans.BeanInfoSupport: Getting property for: dataSource 
2013/04/15 18:43:00 DEBUG - jmeter.testbeans.BeanInfoSupport: Getting property for: poolMax 
2013/04/15 18:43:00 DEBUG - jmeter.testbeans.BeanInfoSupport: Getting property for: timeout 
2013/04/15 18:43:00 DEBUG - jmeter.testbeans.BeanInfoSupport: Getting property for: trimInterval 
2013/04/15 18:43:00 DEBUG - jmeter.testbeans.BeanInfoSupport: Getting property for: autocommit 
2013/04/15 18:43:00 DEBUG - jmeter.testbeans.BeanInfoSupport: Getting property for: transactionIsolation 
2013/04/15 18:43:00 DEBUG - jmeter.testbeans.BeanInfoSupport: Getting property for: keepAlive 
2013/04/15 18:43:00 DEBUG - jmeter.testbeans.BeanInfoSupport: Getting property for: connectionAge 
2013/04/15 18:43:00 DEBUG - jmeter.testbeans.BeanInfoSupport: Getting property for: checkQuery 
2013/04/15 18:43:00 DEBUG - jmeter.testbeans.BeanInfoSupport: Getting property for: dbUrl 
2013/04/15 18:43:00 DEBUG - jmeter.testbeans.BeanInfoSupport: Getting property for: driver 
2013/04/15 18:43:00 DEBUG - jmeter.testbeans.BeanInfoSupport: Getting property for: username 
2013/04/15 18:43:00 DEBUG - jmeter.testbeans.BeanInfoSupport: Getting property for: password 
2013/04/15 18:43:00 DEBUG - jmeter.testbeans.gui.TestBeanGUI: testing class: org.apache.jmeter.protocol.jdbc.processor.JDBCPostProcessor 
2013/04/15 18:43:00 DEBUG - jmeter.testbeans.BeanInfoSupport: Getting property for: dataSource 
2013/04/15 18:43:00 DEBUG - jmeter.testbeans.BeanInfoSupport: Getting property for: queryType 
2013/04/15 18:43:00 DEBUG - jmeter.testbeans.BeanInfoSupport: Getting property for: query 
2013/04/15 18:43:00 DEBUG - jmeter.testbeans.BeanInfoSupport: Getting property for: queryArguments 
2013/04/15 18:43:00 DEBUG - jmeter.testbeans.BeanInfoSupport: Getting property for: queryArgumentsTypes 
2013/04/15 18:43:00 DEBUG - jmeter.testbeans.BeanInfoSupport: Getting property for: variableNames 
2013/04/15 18:43:00 DEBUG - jmeter.testbeans.BeanInfoSupport: Getting property for: resultVariable 
2013/04/15 18:43:00 DEBUG - jmeter.testbeans.gui.TestBeanGUI: testing class: org.apache.jmeter.protocol.jdbc.processor.JDBCPreProcessor 
2013/04/15 18:43:00 DEBUG - jmeter.testbeans.BeanInfoSupport: Getting property for: dataSource 
2013/04/15 18:43:00 DEBUG - jmeter.testbeans.BeanInfoSupport: Getting property for: queryType 
2013/04/15 18:43:00 DEBUG - jmeter.testbeans.BeanInfoSupport: Getting property for: query 
2013/04/15 18:43:00 DEBUG - jmeter.testbeans.BeanInfoSupport: Getting property for: queryArguments 
2013/04/15 18:43:00 DEBUG - jmeter.testbeans.BeanInfoSupport: Getting property for: queryArgumentsTypes 
2013/04/15 18:43:00 DEBUG - jmeter.testbeans.BeanInfoSupport: Getting property for: variableNames 
2013/04/15 18:43:00 DEBUG - jmeter.testbeans.BeanInfoSupport: Getting property for: resultVariable 
2013/04/15 18:43:00 DEBUG - jmeter.testbeans.gui.TestBeanGUI: testing class: org.apache.jmeter.protocol.jdbc.sampler.JDBCSampler 
2013/04/15 18:43:00 DEBUG - jmeter.testbeans.BeanInfoSupport: Getting property for: dataSource 
2013/04/15 18:43:00 DEBUG - jmeter.testbeans.BeanInfoSupport: Getting property for: queryType 
2013/04/15 18:43:00 DEBUG - jmeter.testbeans.BeanInfoSupport: Getting property for: query 
2013/04/15 18:43:00 DEBUG - jmeter.testbeans.BeanInfoSupport: Getting property for: queryArguments 
2013/04/15 18:43:00 DEBUG - jmeter.testbeans.BeanInfoSupport: Getting property for: queryArgumentsTypes 
2013/04/15 18:43:00 DEBUG - jmeter.testbeans.BeanInfoSupport: Getting property for: variableNames 
2013/04/15 18:43:00 DEBUG - jmeter.testbeans.BeanInfoSupport: Getting property for: resultVariable 
2013/04/15 18:43:00 DEBUG - jmeter.gui.util.MenuFactory: org.apache.jmeter.protocol.ldap.config.gui.LDAPArgumentsPanel participates in no menus. 
2013/04/15 18:43:00 DEBUG - jmeter.testbeans.gui.TestBeanGUI: testing class: org.apache.jmeter.sampler.DebugSampler 
2013/04/15 18:43:00 DEBUG - jmeter.gui.AbstractJMeterGuiComponent: setting element to enabled: true 
2013/04/15 18:43:00 DEBUG - jmeter.gui.AbstractJMeterGuiComponent: setting element to enabled: true 
2013/04/15 18:43:00 DEBUG - jmeter.gui.AbstractJMeterGuiComponent: setting element to enabled: true 
2013/04/15 18:43:00 DEBUG - jmeter.testbeans.gui.TestBeanGUI: testing class: org.apache.jmeter.timers.BSFTimer 
2013/04/15 18:43:00 DEBUG - jmeter.testbeans.BeanInfoSupport: Getting property for: scriptLanguage 
2013/04/15 18:43:00 DEBUG - jmeter.testbeans.BeanInfoSupport: Getting property for: parameters 
2013/04/15 18:43:00 DEBUG - jmeter.testbeans.BeanInfoSupport: Getting property for: filename 
2013/04/15 18:43:00 DEBUG - jmeter.testbeans.BeanInfoSupport: Getting property for: script 
2013/04/15 18:43:00 DEBUG - jmeter.testbeans.gui.TestBeanGUI: testing class: org.apache.jmeter.timers.BeanShellTimer 
2013/04/15 18:43:00 DEBUG - jmeter.testbeans.BeanInfoSupport: Localized short description not available for property resetInterpreter in class org.apache.jmeter.timers.BeanShellTimer 
2013/04/15 18:43:00 DEBUG - jmeter.testbeans.BeanInfoSupport: Getting property for: resetInterpreter 
2013/04/15 18:43:00 DEBUG - jmeter.testbeans.BeanInfoSupport: Getting property for: parameters 
2013/04/15 18:43:00 DEBUG - jmeter.testbeans.BeanInfoSupport: Getting property for: filename 
2013/04/15 18:43:00 DEBUG - jmeter.testbeans.BeanInfoSupport: Getting property for: script 
2013/04/15 18:43:00 DEBUG - jmeter.testbeans.gui.TestBeanGUI: testing class: org.apache.jmeter.timers.ConstantThroughputTimer 
2013/04/15 18:43:00 DEBUG - jmeter.testbeans.BeanInfoSupport: Getting property for: throughput 
2013/04/15 18:43:00 DEBUG - jmeter.testbeans.BeanInfoSupport: Getting property for: calcMode 
2013/04/15 18:43:00 DEBUG - jmeter.testbeans.gui.TestBeanGUI: testing class: org.apache.jmeter.timers.JSR223Timer 
2013/04/15 18:43:00 DEBUG - jmeter.testbeans.BeanInfoSupport: Getting property for: scriptLanguage 
2013/04/15 18:43:00 DEBUG - jmeter.testbeans.BeanInfoSupport: Getting property for: parameters 
2013/04/15 18:43:00 DEBUG - jmeter.testbeans.BeanInfoSupport: Getting property for: filename 
2013/04/15 18:43:00 DEBUG - jmeter.testbeans.BeanInfoSupport: Getting property for: cacheKey 
2013/04/15 18:43:00 DEBUG - jmeter.testbeans.BeanInfoSupport: Getting property for: script 
2013/04/15 18:43:00 DEBUG - jmeter.testbeans.gui.TestBeanGUI: testing class: org.apache.jmeter.timers.SyncTimer 
2013/04/15 18:43:00 DEBUG - jmeter.testbeans.BeanInfoSupport: Getting property for: groupSize 
2013/04/15 18:43:00 DEBUG - jmeter.testbeans.gui.TestBeanGUI: testing class: org.apache.jmeter.visualizers.BSFListener 
2013/04/15 18:43:00 DEBUG - jmeter.testbeans.BeanInfoSupport: Localized display name not available for property stats in class org.apache.jmeter.visualizers.BSFListener 
2013/04/15 18:43:00 DEBUG - jmeter.testbeans.BeanInfoSupport: Localized short description not available for property stats in class org.apache.jmeter.visualizers.BSFListener 
2013/04/15 18:43:00 DEBUG - jmeter.testbeans.BeanInfoSupport: Getting property for: scriptLanguage 
2013/04/15 18:43:00 DEBUG - jmeter.testbeans.BeanInfoSupport: Getting property for: parameters 
2013/04/15 18:43:00 DEBUG - jmeter.testbeans.BeanInfoSupport: Getting property for: filename 
2013/04/15 18:43:00 DEBUG - jmeter.testbeans.BeanInfoSupport: Getting property for: script 
2013/04/15 18:43:00 DEBUG - jmeter.testbeans.gui.TestBeanGUI: testing class: org.apache.jmeter.visualizers.BeanShellListener 
2013/04/15 18:43:00 DEBUG - jmeter.testbeans.BeanInfoSupport: Localized short description not available for property resetInterpreter in class org.apache.jmeter.visualizers.BeanShellListener 
2013/04/15 18:43:00 DEBUG - jmeter.testbeans.BeanInfoSupport: Localized display name not available for property stats in class org.apache.jmeter.visualizers.BeanShellListener 
2013/04/15 18:43:00 DEBUG - jmeter.testbeans.BeanInfoSupport: Localized short description not available for property stats in class org.apache.jmeter.visualizers.BeanShellListener 
2013/04/15 18:43:00 DEBUG - jmeter.testbeans.BeanInfoSupport: Getting property for: resetInterpreter 
2013/04/15 18:43:00 DEBUG - jmeter.testbeans.BeanInfoSupport: Getting property for: parameters 
2013/04/15 18:43:00 DEBUG - jmeter.testbeans.BeanInfoSupport: Getting property for: filename 
2013/04/15 18:43:00 DEBUG - jmeter.testbeans.BeanInfoSupport: Getting property for: script 
2013/04/15 18:43:00 DEBUG - jmeter.testbeans.gui.TestBeanGUI: testing class: org.apache.jmeter.visualizers.JSR223Listener 
2013/04/15 18:43:00 DEBUG - jmeter.testbeans.BeanInfoSupport: Localized display name not available for property stats in class org.apache.jmeter.visualizers.JSR223Listener 
2013/04/15 18:43:00 DEBUG - jmeter.testbeans.BeanInfoSupport: Localized short description not available for property stats in class org.apache.jmeter.visualizers.JSR223Listener 
2013/04/15 18:43:00 DEBUG - jmeter.testbeans.BeanInfoSupport: Getting property for: scriptLanguage 
2013/04/15 18:43:00 DEBUG - jmeter.testbeans.BeanInfoSupport: Getting property for: parameters 
2013/04/15 18:43:00 DEBUG - jmeter.testbeans.BeanInfoSupport: Getting property for: filename 
2013/04/15 18:43:00 DEBUG - jmeter.testbeans.BeanInfoSupport: Getting property for: cacheKey 
2013/04/15 18:43:00 DEBUG - jmeter.testbeans.BeanInfoSupport: Getting property for: script 
2013/04/15 18:43:00 INFO  - jmeter.samplers.SampleResult: Note: Sample TimeStamps are START times 
2013/04/15 18:43:00 INFO  - jmeter.samplers.SampleResult: sampleresult.default.encoding is set to ISO-8859-1 
2013/04/15 18:43:00 INFO  - jmeter.samplers.SampleResult: sampleresult.useNanoTime=true 
2013/04/15 18:43:00 INFO  - jmeter.samplers.SampleResult: sampleresult.nanoThreadSleep=5000 
2013/04/15 18:43:01 DEBUG - jmeter.visualizers.ViewResultsFullVisualizer: init() - pass 
2013/04/15 18:43:01 DEBUG - jmeter.gui.GuiPackage: Updating current node WorkBench 
2013/04/15 18:43:01 DEBUG - jmeter.gui.GuiPackage: Gui retrieved = org.apache.jmeter.control.gui.WorkBenchGui[WorkBench,0,0,1181x878,layout=java.awt.BorderLayout,alignmentX=0.0,alignmentY=0.0,border=javax.swing.border.EmptyBorder@34a7fc0,flags=9,maximumSize=,minimumSize=,preferredSize=] 
2013/04/15 18:43:01 DEBUG - jmeter.gui.AbstractJMeterGuiComponent: setting element to enabled: true 
2013/04/15 18:43:01 DEBUG - jmeter.gui.GuiPackage: Gui retrieved = org.apache.jmeter.control.gui.TestPlanGui[Test Plan,0,0,0x0,invalid,layout=java.awt.BorderLayout,alignmentX=0.0,alignmentY=0.0,border=javax.swing.border.EmptyBorder@3b0cb2cb,flags=9,maximumSize=,minimumSize=,preferredSize=] 
2013/04/15 18:43:01 DEBUG - jmeter.gui.GuiPackage: Updating gui to new node 
2013/04/15 18:43:01 DEBUG - jmeter.gui.GuiPackage: Updating current node Test Plan 
2013/04/15 18:43:01 DEBUG - jmeter.gui.GuiPackage: Gui retrieved = org.apache.jmeter.control.gui.TestPlanGui[Test Plan,0,0,0x0,invalid,layout=java.awt.BorderLayout,alignmentX=0.0,alignmentY=0.0,border=javax.swing.border.EmptyBorder@3b0cb2cb,flags=9,maximumSize=,minimumSize=,preferredSize=] 
2013/04/15 18:43:01 DEBUG - jmeter.gui.AbstractJMeterGuiComponent: setting element to enabled: true 
2013/04/15 18:43:01 DEBUG - jmeter.gui.AbstractJMeterGuiComponent: setting element to enabled: true 
2013/04/15 18:43:01 DEBUG - jmeter.gui.GuiPackage: Gui retrieved = org.apache.jmeter.control.gui.TestPlanGui[Test Plan,0,0,0x0,invalid,layout=java.awt.BorderLayout,alignmentX=0.0,alignmentY=0.0,border=javax.swing.border.EmptyBorder@3b0cb2cb,flags=9,maximumSize=,minimumSize=,preferredSize=] 
2013/04/15 18:43:01 DEBUG - jmeter.gui.action.CheckDirty: Node is class:class org.apache.jmeter.gui.tree.JMeterTreeNode 
2013/04/15 18:43:01 DEBUG - jmeter.gui.action.CheckDirty: Node is class:class org.apache.jmeter.gui.tree.JMeterTreeNode 
2013/04/15 18:43:01 DEBUG - jmeter.gui.GuiPackage: Updating current node Test Plan 
2013/04/15 18:43:01 DEBUG - jmeter.gui.GuiPackage: Gui retrieved = org.apache.jmeter.control.gui.TestPlanGui[Test Plan,0,0,0x0,invalid,layout=java.awt.BorderLayout,alignmentX=0.0,alignmentY=0.0,border=javax.swing.border.EmptyBorder@3b0cb2cb,flags=9,maximumSize=,minimumSize=,preferredSize=] 
2013/04/15 18:43:01 DEBUG - jmeter.gui.AbstractJMeterGuiComponent: setting element to enabled: true 
2013/04/15 18:43:01 DEBUG - jmeter.gui.AbstractJMeterGuiComponent: setting element to enabled: true 
2013/04/15 18:43:01 DEBUG - jmeter.gui.GuiPackage: Gui retrieved = org.apache.jmeter.control.gui.TestPlanGui[Test Plan,0,0,0x0,invalid,layout=java.awt.BorderLayout,alignmentX=0.0,alignmentY=0.0,border=javax.swing.border.EmptyBorder@3b0cb2cb,flags=9,maximumSize=,minimumSize=,preferredSize=] 
2013/04/15 18:43:01 DEBUG - jmeter.gui.GuiPackage: Updating current node Test Plan 
2013/04/15 18:43:01 DEBUG - jmeter.gui.GuiPackage: Gui retrieved = org.apache.jmeter.control.gui.TestPlanGui[Test Plan,0,0,0x0,invalid,layout=java.awt.BorderLayout,alignmentX=0.0,alignmentY=0.0,border=javax.swing.border.EmptyBorder@3b0cb2cb,flags=9,maximumSize=,minimumSize=,preferredSize=] 
2013/04/15 18:43:01 DEBUG - jmeter.gui.AbstractJMeterGuiComponent: setting element to enabled: true 
2013/04/15 18:43:01 DEBUG - jmeter.gui.AbstractJMeterGuiComponent: setting element to enabled: true 
2013/04/15 18:43:01 DEBUG - jmeter.gui.GuiPackage: Gui retrieved = org.apache.jmeter.control.gui.TestPlanGui[Test Plan,0,0,0x0,invalid,layout=java.awt.BorderLayout,alignmentX=0.0,alignmentY=0.0,border=javax.swing.border.EmptyBorder@3b0cb2cb,flags=9,maximumSize=,minimumSize=,preferredSize=] 
2013/04/15 18:43:01 DEBUG - jmeter.gui.GuiPackage: Updating gui to new node 
2013/04/15 18:43:01 DEBUG - jmeter.gui.GuiPackage: Gui retrieved = org.apache.jmeter.control.gui.TestPlanGui[Test Plan,0,0,0x0,invalid,layout=java.awt.BorderLayout,alignmentX=0.0,alignmentY=0.0,border=javax.swing.border.EmptyBorder@3b0cb2cb,flags=9,maximumSize=,minimumSize=,preferredSize=] 
2013/04/15 18:43:01 DEBUG - jmeter.gui.GuiPackage: Updating current node Test Plan 
2013/04/15 18:43:01 DEBUG - jmeter.gui.GuiPackage: Gui retrieved = org.apache.jmeter.control.gui.TestPlanGui[Test Plan,0,0,0x0,invalid,layout=java.awt.BorderLayout,alignmentX=0.0,alignmentY=0.0,border=javax.swing.border.EmptyBorder@3b0cb2cb,flags=9,maximumSize=,minimumSize=,preferredSize=] 
2013/04/15 18:43:01 DEBUG - jmeter.gui.AbstractJMeterGuiComponent: setting element to enabled: true 
2013/04/15 18:43:01 DEBUG - jmeter.gui.AbstractJMeterGuiComponent: setting element to enabled: true 
2013/04/15 18:43:01 DEBUG - jmeter.gui.GuiPackage: Gui retrieved = org.apache.jmeter.control.gui.TestPlanGui[Test Plan,0,0,0x0,invalid,layout=java.awt.BorderLayout,alignmentX=0.0,alignmentY=0.0,border=javax.swing.border.EmptyBorder@3b0cb2cb,flags=9,maximumSize=,minimumSize=,preferredSize=] 
2013/04/15 18:43:01 DEBUG - jmeter.gui.GuiPackage: Updating gui to new node 
2013/04/15 18:51:48 DEBUG - jmeter.gui.GuiPackage: Updating current node Test Plan 
2013/04/15 18:51:48 DEBUG - jmeter.gui.GuiPackage: Gui retrieved = org.apache.jmeter.control.gui.TestPlanGui[Test Plan,0,0,1181x878,layout=java.awt.BorderLayout,alignmentX=0.0,alignmentY=0.0,border=javax.swing.border.EmptyBorder@3b0cb2cb,flags=9,maximumSize=,minimumSize=,preferredSize=] 
2013/04/15 18:51:48 DEBUG - jmeter.gui.AbstractJMeterGuiComponent: setting element to enabled: true 
2013/04/15 18:51:48 DEBUG - jmeter.gui.AbstractJMeterGuiComponent: setting element to enabled: true 
2013/04/15 18:51:48 DEBUG - jmeter.gui.GuiPackage: Gui retrieved = org.apache.jmeter.control.gui.TestPlanGui[Test Plan,0,0,1181x878,layout=java.awt.BorderLayout,alignmentX=0.0,alignmentY=0.0,border=javax.swing.border.EmptyBorder@3b0cb2cb,flags=9,maximumSize=,minimumSize=,preferredSize=] 
2013/04/15 18:51:50 DEBUG - jmeter.gui.tree.JMeterTreeListener: mouse pressed, updating currentPath 
2013/04/15 18:51:53 DEBUG - jmeter.gui.GuiPackage: Updating current node Test Plan 
2013/04/15 18:51:53 DEBUG - jmeter.gui.GuiPackage: Gui retrieved = org.apache.jmeter.control.gui.TestPlanGui[Test Plan,0,0,1181x694,layout=java.awt.BorderLayout,alignmentX=0.0,alignmentY=0.0,border=javax.swing.border.EmptyBorder@3b0cb2cb,flags=9,maximumSize=,minimumSize=,preferredSize=] 
2013/04/15 18:51:53 DEBUG - jmeter.gui.AbstractJMeterGuiComponent: setting element to enabled: true 
2013/04/15 18:51:53 DEBUG - jmeter.gui.AbstractJMeterGuiComponent: setting element to enabled: true 
2013/04/15 18:51:53 DEBUG - jmeter.gui.GuiPackage: Gui retrieved = org.apache.jmeter.control.gui.TestPlanGui[Test Plan,0,0,1181x694,layout=java.awt.BorderLayout,alignmentX=0.0,alignmentY=0.0,border=javax.swing.border.EmptyBorder@3b0cb2cb,flags=9,maximumSize=,minimumSize=,preferredSize=] 
2013/04/15 18:51:53 WARN  - jmeter.util.JMeterUtils: ERROR! Resource string not found: [clipboard_node_read_error] 
2013/04/15 18:51:53 ERROR - jmeter.JMeter: Uncaught exception:  java.lang.InternalError: incorrect component
	at javax.swing.plaf.basic.BasicTreeUI.paint(BasicTreeUI.java:1139)
	at com.apple.laf.AquaTreeUI.paint(AquaTreeUI.java:129)
	at javax.swing.plaf.ComponentUI.update(ComponentUI.java:161)
	at javax.swing.JComponent.paintComponent(JComponent.java:778)
	at javax.swing.JComponent.paint(JComponent.java:1054)
	at javax.swing.JComponent.paintToOffscreen(JComponent.java:5221)
	at javax.swing.RepaintManager$PaintManager.paintDoubleBuffered(RepaintManager.java:1512)
	at javax.swing.RepaintManager$PaintManager.paint(RepaintManager.java:1443)
	at javax.swing.RepaintManager.paint(RepaintManager.java:1236)
	at javax.swing.JComponent._paintImmediately(JComponent.java:5169)
	at javax.swing.JComponent.paintImmediately(JComponent.java:4980)
	at javax.swing.RepaintManager$3.run(RepaintManager.java:796)
	at javax.swing.RepaintManager$3.run(RepaintManager.java:784)
	at java.security.AccessController.doPrivileged(Native Method)
	at java.security.ProtectionDomain$1.doIntersectionPrivilege(ProtectionDomain.java:76)
	at javax.swing.RepaintManager.paintDirtyRegions(RepaintManager.java:784)
	at javax.swing.RepaintManager.paintDirtyRegions(RepaintManager.java:757)
	at javax.swing.RepaintManager.prePaintDirtyRegions(RepaintManager.java:706)
	at javax.swing.RepaintManager.access$1000(RepaintManager.java:62)
	at javax.swing.RepaintManager$ProcessingRunnable.run(RepaintManager.java:1651)
	at java.awt.event.InvocationEvent.dispatch(InvocationEvent.java:251)
	at java.awt.EventQueue.dispatchEventImpl(EventQueue.java:727)
	at java.awt.EventQueue.access$200(EventQueue.java:103)
	at java.awt.EventQueue$3.run(EventQueue.java:688)
	at java.awt.EventQueue$3.run(EventQueue.java:686)
	at java.security.AccessController.doPrivileged(Native Method)
	at java.security.ProtectionDomain$1.doIntersectionPrivilege(ProtectionDomain.java:76)
	at java.awt.EventQueue.dispatchEvent(EventQueue.java:697)
	at java.awt.EventDispatchThread.pumpOneEventForFilters(EventDispatchThread.java:242)
	at java.awt.EventDispatchThread.pumpEventsForFilter(EventDispatchThread.java:161)
	at java.awt.EventDispatchThread.pumpEventsForFilter(EventDispatchThread.java:154)
	at java.awt.WaitDispatchSupport$2.run(WaitDispatchSupport.java:182)
	at java.awt.WaitDispatchSupport$4.run(WaitDispatchSupport.java:221)
	at java.security.AccessController.doPrivileged(Native Method)
	at java.awt.WaitDispatchSupport.enter(WaitDispatchSupport.java:219)
	at java.awt.Dialog.show(Dialog.java:1082)
	at javax.swing.JOptionPane.showOptionDialog(JOptionPane.java:870)
	at javax.swing.JOptionPane.showMessageDialog(JOptionPane.java:667)
	at javax.swing.JOptionPane.showMessageDialog(JOptionPane.java:638)
	at org.apache.jmeter.gui.action.Copy.setCopiedNodes(Copy.java:89)
	at org.apache.jmeter.gui.action.Copy.doAction(Copy.java:60)
	at org.apache.jmeter.gui.action.ActionRouter.performAction(ActionRouter.java:81)
	at org.apache.jmeter.gui.action.ActionRouter.doActionNow(ActionRouter.java:114)
	at org.apache.jmeter.gui.tree.JMeterTreeListener.keyPressed(JMeterTreeListener.java:295)
	at java.awt.AWTEventMulticaster.keyPressed(AWTEventMulticaster.java:250)
	at java.awt.Component.processKeyEvent(Component.java:6463)
	at javax.swing.JComponent.processKeyEvent(JComponent.java:2829)
	at java.awt.Component.processEvent(Component.java:6282)
	at java.awt.Container.processEvent(Container.java:2229)
	at java.awt.Component.dispatchEventImpl(Component.java:4861)
	at java.awt.Container.dispatchEventImpl(Container.java:2287)
	at java.awt.Component.dispatchEvent(Component.java:4687)
	at java.awt.KeyboardFocusManager.redispatchEvent(KeyboardFocusManager.java:1895)
	at java.awt.DefaultKeyboardFocusManager.dispatchKeyEvent(DefaultKeyboardFocusManager.java:762)
	at java.awt.DefaultKeyboardFocusManager.preDispatchKeyEvent(DefaultKeyboardFocusManager.java:1027)
	at java.awt.DefaultKeyboardFocusManager.typeAheadAssertions(DefaultKeyboardFocusManager.java:899)
	at java.awt.DefaultKeyboardFocusManager.dispatchEvent(DefaultKeyboardFocusManager.java:727)
	at java.awt.Component.dispatchEventImpl(Component.java:4731)
	at java.awt.Container.dispatchEventImpl(Container.java:2287)
	at java.awt.Window.dispatchEventImpl(Window.java:2719)
	at java.awt.Component.dispatchEvent(Component.java:4687)
	at java.awt.EventQueue.dispatchEventImpl(EventQueue.java:729)
	at java.awt.EventQueue.access$200(EventQueue.java:103)
	at java.awt.EventQueue$3.run(EventQueue.java:688)
	at java.awt.EventQueue$3.run(EventQueue.java:686)
	at java.security.AccessController.doPrivileged(Native Method)
	at java.security.ProtectionDomain$1.doIntersectionPrivilege(ProtectionDomain.java:76)
	at java.security.ProtectionDomain$1.doIntersectionPrivilege(ProtectionDomain.java:87)
	at java.awt.EventQueue$4.run(EventQueue.java:702)
	at java.awt.EventQueue$4.run(EventQueue.java:700)
	at java.security.AccessController.doPrivileged(Native Method)
	at java.security.ProtectionDomain$1.doIntersectionPrivilege(ProtectionDomain.java:76)
	at java.awt.EventQueue.dispatchEvent(EventQueue.java:699)
	at java.awt.EventDispatchThread.pumpOneEventForFilters(EventDispatchThread.java:242)
	at java.awt.EventDispatchThread.pumpEventsForFilter(EventDispatchThread.java:161)
	at java.awt.EventDispatchThread.pumpEventsForHierarchy(EventDispatchThread.java:150)
	at java.awt.EventDispatchThread.pumpEvents(EventDispatchThread.java:146)
	at java.awt.EventDispatchThread.pumpEvents(EventDispatchThread.java:138)
	at java.awt.EventDispatchThread.run(EventDispatchThread.java:91)

2013/04/15 18:51:56 DEBUG - jmeter.gui.GuiPackage: Updating current node Test Plan 
2013/04/15 18:51:56 DEBUG - jmeter.gui.GuiPackage: Gui retrieved = org.apache.jmeter.control.gui.TestPlanGui[Test Plan,0,0,1181x694,layout=java.awt.BorderLayout,alignmentX=0.0,alignmentY=0.0,border=javax.swing.border.EmptyBorder@3b0cb2cb,flags=9,maximumSize=,minimumSize=,preferredSize=] 
2013/04/15 18:51:56 DEBUG - jmeter.gui.AbstractJMeterGuiComponent: setting element to enabled: true 
2013/04/15 18:51:56 DEBUG - jmeter.gui.AbstractJMeterGuiComponent: setting element to enabled: true 
2013/04/15 18:51:56 DEBUG - jmeter.gui.GuiPackage: Gui retrieved = org.apache.jmeter.control.gui.TestPlanGui[Test Plan,0,0,1181x694,layout=java.awt.BorderLayout,alignmentX=0.0,alignmentY=0.0,border=javax.swing.border.EmptyBorder@3b0cb2cb,flags=9,maximumSize=,minimumSize=,preferredSize=] 
2013/04/15 18:51:56 DEBUG - jmeter.gui.action.CheckDirty: Node is class:class org.apache.jmeter.gui.tree.JMeterTreeNode 
2013/04/15 18:51:56 DEBUG - jmeter.gui.GuiPackage: Updating current node Test Plan 
2013/04/15 18:51:56 DEBUG - jmeter.gui.GuiPackage: Gui retrieved = org.apache.jmeter.control.gui.TestPlanGui[Test Plan,0,0,1181x694,invalid,layout=java.awt.BorderLayout,alignmentX=0.0,alignmentY=0.0,border=javax.swing.border.EmptyBorder@3b0cb2cb,flags=9,maximumSize=,minimumSize=,preferredSize=] 
2013/04/15 18:51:56 DEBUG - jmeter.gui.AbstractJMeterGuiComponent: setting element to enabled: true 
2013/04/15 18:51:56 DEBUG - jmeter.gui.AbstractJMeterGuiComponent: setting element to enabled: true 
2013/04/15 18:51:56 DEBUG - jmeter.gui.GuiPackage: Gui retrieved = org.apache.jmeter.control.gui.TestPlanGui[Test Plan,0,0,1181x694,invalid,layout=java.awt.BorderLayout,alignmentX=0.0,alignmentY=0.0,border=javax.swing.border.EmptyBorder@3b0cb2cb,flags=9,maximumSize=,minimumSize=,preferredSize=] 
2013/04/15 18:51:56 DEBUG - jmeter.gui.action.CheckDirty: Node is class:class org.apache.jmeter.gui.tree.JMeterTreeNode 
