2005/08/24 16:33:37 INFO  - jmeter.JMeter: Version 2.0.3 
2005/08/24 16:33:37 INFO  - jmeter.JMeter: java.version=1.5.0_04 
2005/08/24 16:33:37 INFO  - jmeter.JMeter: Copyright (c) 1998-2005 The Apache Software Foundation 
2005/08/24 16:33:39 INFO  - jmeter.samplers.SampleResult: Note: Sample TimeStamps are END times 
2005/08/24 16:33:39 INFO  - jmeter.samplers.SampleResult: sampleresult.default.encoding is set to ISO-8859-1 
2005/08/24 16:33:50 INFO  - jmeter.gui.action.Load: Loading file: C:\tools\jakarta-jmeter-2.0.3\test-plans\localhost.jmx 
2005/08/24 16:34:34 INFO  - jmeter.engine.StandardJMeterEngine: Running the test! 
2005/08/24 16:34:34 INFO  - jmeter.engine.StandardJMeterEngine: About to call test listeners 
2005/08/24 16:34:34 INFO  - jmeter.engine.StandardJMeterEngine: Notifying test listener: org.apache.jmeter.protocol.http.control.CookieManager 
2005/08/24 16:34:34 INFO  - jmeter.engine.StandardJMeterEngine: Notifying test listener: org.apache.jmeter.protocol.http.sampler.HTTPSampler 
2005/08/24 16:34:34 INFO  - jmeter.engine.StandardJMeterEngine: Notifying test listener: org.apache.jmeter.protocol.http.sampler.HTTPSampler 
2005/08/24 16:34:34 INFO  - jmeter.engine.StandardJMeterEngine: Notifying test listener: org.apache.jmeter.reporters.ResultCollector 
2005/08/24 16:34:34 INFO  - jmeter.engine.StandardJMeterEngine: Notifying test listener: org.apache.jmeter.gui.MainFrame 
2005/08/24 16:34:34 INFO  - jmeter.gui.util.JMeterMenuBar: setRunning(true,local) 
2005/08/24 16:34:35 INFO  - jmeter.engine.StandardJMeterEngine: Starting 1 threads for group UK019012 Test. Ramp up = 1. 
2005/08/24 16:34:35 INFO  - jmeter.engine.StandardJMeterEngine: Continue on error 
2005/08/24 16:34:35 WARN  - jmeter.threads.JMeterThread: jmeterthread.startearlier=true (see jmeter.properties) 
2005/08/24 16:34:35 INFO  - jmeter.threads.JMeterThread: Thread UK019012 Test 1-1 started 
2005/08/24 16:34:37 INFO  - jmeter.threads.JMeterThread: Thread UK019012 Test 1-1 is done 
2005/08/24 16:34:37 INFO  - jmeter.engine.StandardJMeterEngine: Notifying listeners of end of test 
2005/08/24 16:34:37 INFO  - jmeter.engine.StandardJMeterEngine: Notifying test listener: org.apache.jmeter.protocol.http.control.CookieManager 
2005/08/24 16:34:37 INFO  - jmeter.engine.StandardJMeterEngine: Notifying test listener: org.apache.jmeter.protocol.http.sampler.HTTPSampler 
2005/08/24 16:34:37 INFO  - jmeter.engine.StandardJMeterEngine: Notifying test listener: org.apache.jmeter.protocol.http.sampler.HTTPSampler 
2005/08/24 16:34:37 INFO  - jmeter.engine.StandardJMeterEngine: Notifying test listener: org.apache.jmeter.reporters.ResultCollector 
2005/08/24 16:34:37 INFO  - jmeter.engine.StandardJMeterEngine: Notifying test listener: org.apache.jmeter.gui.MainFrame 
2005/08/24 16:34:37 INFO  - jmeter.gui.util.JMeterMenuBar: setRunning(false,local) 
2005/08/24 16:34:37 INFO  - jmeter.engine.StandardJMeterEngine: Test has ended 
2005/08/24 16:35:02 INFO  - jmeter.engine.StandardJMeterEngine: Running the test! 
2005/08/24 16:35:02 INFO  - jmeter.engine.StandardJMeterEngine: About to call test listeners 
2005/08/24 16:35:02 INFO  - jmeter.engine.StandardJMeterEngine: Notifying test listener: org.apache.jmeter.protocol.http.control.CookieManager 
2005/08/24 16:35:02 INFO  - jmeter.engine.StandardJMeterEngine: Notifying test listener: org.apache.jmeter.protocol.http.sampler.HTTPSampler 
2005/08/24 16:35:02 INFO  - jmeter.engine.StandardJMeterEngine: Notifying test listener: org.apache.jmeter.protocol.http.sampler.HTTPSampler 
2005/08/24 16:35:02 INFO  - jmeter.engine.StandardJMeterEngine: Notifying test listener: org.apache.jmeter.reporters.ResultCollector 
2005/08/24 16:35:02 INFO  - jmeter.engine.StandardJMeterEngine: Notifying test listener: org.apache.jmeter.gui.MainFrame 
2005/08/24 16:35:02 INFO  - jmeter.gui.util.JMeterMenuBar: setRunning(true,local) 
2005/08/24 16:35:02 INFO  - jmeter.engine.StandardJMeterEngine: Starting 1 threads for group UK019012 Test. Ramp up = 1. 
2005/08/24 16:35:02 INFO  - jmeter.engine.StandardJMeterEngine: Continue on error 
2005/08/24 16:35:02 INFO  - jmeter.threads.JMeterThread: Thread UK019012 Test 1-1 started 
2005/08/24 16:35:05 INFO  - jmeter.threads.JMeterThread: Thread UK019012 Test 1-1 is done 
2005/08/24 16:35:05 INFO  - jmeter.engine.StandardJMeterEngine: Notifying listeners of end of test 
2005/08/24 16:35:05 INFO  - jmeter.engine.StandardJMeterEngine: Notifying test listener: org.apache.jmeter.protocol.http.control.CookieManager 
2005/08/24 16:35:05 INFO  - jmeter.engine.StandardJMeterEngine: Notifying test listener: org.apache.jmeter.protocol.http.sampler.HTTPSampler 
2005/08/24 16:35:05 INFO  - jmeter.engine.StandardJMeterEngine: Notifying test listener: org.apache.jmeter.protocol.http.sampler.HTTPSampler 
2005/08/24 16:35:05 INFO  - jmeter.engine.StandardJMeterEngine: Notifying test listener: org.apache.jmeter.reporters.ResultCollector 
2005/08/24 16:35:05 INFO  - jmeter.engine.StandardJMeterEngine: Notifying test listener: org.apache.jmeter.gui.MainFrame 
2005/08/24 16:35:05 INFO  - jmeter.gui.util.JMeterMenuBar: setRunning(false,local) 
2005/08/24 16:35:05 INFO  - jmeter.engine.StandardJMeterEngine: Test has ended 
