2006/05/17 15:51:19 INFO  - jmeter.util.JMeterUtils: Setting Locale to en 
2006/05/17 15:51:19 INFO  - jmeter.JMeter: Version 2.1.1 
2006/05/17 15:51:19 INFO  - jmeter.JMeter: java.version=1.5.0_06 
2006/05/17 15:51:19 INFO  - jmeter.JMeter: Locale=français (France) 
2006/05/17 15:51:19 INFO  - jmeter.JMeter: Copyright (c) 1998-2005 The Apache Software Foundation 
2006/05/17 15:51:19 INFO  - jmeter.JMeter: Loaded icon properties from org/apache/jmeter/images/icon_1.properties 
2006/05/17 15:51:21 INFO  - jmeter.JMeter: Loading file: C:\Documents and Settings\glhez\Bureau\jMeter\tests\com.glowria.jmeter.jmx 
2006/05/17 15:51:21 INFO  - jmeter.samplers.SampleResult: Note: Sample TimeStamps are END times 
2006/05/17 15:51:21 INFO  - jmeter.samplers.SampleResult: sampleresult.default.encoding is set to ISO-8859-1 
2006/05/17 15:51:21 INFO  - jmeter.protocol.http.sampler.HTTPSampler2: httpsampler2.basicauth=false 
2006/05/17 15:51:21 INFO  - jmeter.save.SaveService: Using SaveService properties file 1.7 
2006/05/17 15:51:21 WARN  - jmeter.save.SaveService: Could not set up alias WebServiceSampler java.lang.NoClassDefFoundError: javax/mail/MessagingException 
2006/05/17 15:51:21 INFO  - jmeter.save.SaveService: All converter versions present and correct 
2006/05/17 15:51:22 DEBUG - jmeter.control.WhileController: getCondition() => ${__getHasMoreMovie} 
2006/05/17 15:51:22 DEBUG - jmeter.control.WhileController: setCondition(${__getHasMoreMovie}) 
2006/05/17 15:51:22 DEBUG - jmeter.control.WhileController: getCondition() => ${__getHasMorePickingList} 
2006/05/17 15:51:22 DEBUG - jmeter.control.WhileController: setCondition(${__getHasMorePickingList}) 
2006/05/17 15:51:22 DEBUG - jmeter.control.WhileController: getCondition() => ${__getHasMoreMovieInPL(${pickingListe})} 
2006/05/17 15:51:22 DEBUG - jmeter.control.WhileController: setCondition(${__getHasMoreMovieInPL(${pickingListe})}) 
2006/05/17 15:51:22 DEBUG - jmeter.control.WhileController: getCondition() => ${__getHasMoreSubscriberInPL(${pickingListe})} 
2006/05/17 15:51:22 DEBUG - jmeter.control.WhileController: setCondition(${__getHasMoreSubscriberInPL(${pickingListe})}) 
2006/05/17 15:51:23 INFO  - jmeter.protocol.http.sampler.AccessLogSamplerBeanInfo: Entered access log sampler bean info 
2006/05/17 15:51:23 INFO  - jmeter.protocol.http.sampler.AccessLogSamplerBeanInfo: found parsers: [org.apache.jmeter.protocol.http.util.accesslog.OrderPreservingLogParser, org.apache.jmeter.protocol.http.util.accesslog.SharedTCLogParser, org.apache.jmeter.protocol.http.util.accesslog.TCLogParser] 
2006/05/17 15:51:23 INFO  - jmeter.protocol.http.sampler.AccessLogSamplerBeanInfo: Got to end of access log samper bean info init 
2006/05/17 15:51:23 WARN  - jmeter.gui.util.MenuFactory: Missing jar? Could not create org.apache.jmeter.visualizers.MailerVisualizer. java.lang.NoClassDefFoundError: javax/mail/MessagingException 
2006/05/17 15:51:23 INFO  - jmeter.control.IncludeController: loadIncludedElements -- try to load included module 
2006/05/17 15:51:23 INFO  - jmeter.control.IncludeController: loadIncludedElements -- try to load included module 
2006/05/17 15:51:23 INFO  - jmeter.control.IncludeController: loadIncludedElements -- try to load included module 
2006/05/17 15:51:24 INFO  - jmeter.control.IncludeController: loadIncludedElements -- try to load included module 
2006/05/17 15:51:24 INFO  - jmeter.control.IncludeController: loadIncludedElements -- try to load included module 
2006/05/17 15:51:24 INFO  - jmeter.control.IncludeController: loadIncludedElements -- try to load included module 
