2020-06-09 12:29:06,487 INFO o.a.j.u.JMeterUtils: Setting Locale to en_EN
2020-06-09 12:29:06,501 INFO o.a.j.JMeter: Loading user properties from: /home/onavratil/apache-jmeter-5.3/bin/user.properties
2020-06-09 12:29:06,502 INFO o.a.j.JMeter: Loading system properties from: /home/onavratil/apache-jmeter-5.3/bin/system.properties
2020-06-09 12:29:06,503 INFO o.a.j.JMeter: Copyright (c) 1998-2020 The Apache Software Foundation
2020-06-09 12:29:06,503 INFO o.a.j.JMeter: Version 5.3
2020-06-09 12:29:06,503 INFO o.a.j.JMeter: java.version=1.8.0_251
2020-06-09 12:29:06,503 INFO o.a.j.JMeter: java.vm.name=Java HotSpot(TM) 64-Bit Server VM
2020-06-09 12:29:06,503 INFO o.a.j.JMeter: os.name=Linux
2020-06-09 12:29:06,504 INFO o.a.j.JMeter: os.arch=amd64
2020-06-09 12:29:06,504 INFO o.a.j.JMeter: os.version=4.18.0-147.8.1.el8_1.x86_64
2020-06-09 12:29:06,504 INFO o.a.j.JMeter: file.encoding=UTF-8
2020-06-09 12:29:06,504 INFO o.a.j.JMeter: java.awt.headless=null
2020-06-09 12:29:06,504 INFO o.a.j.JMeter: Max memory     =1073741824
2020-06-09 12:29:06,504 INFO o.a.j.JMeter: Available Processors =4
2020-06-09 12:29:06,511 INFO o.a.j.JMeter: Default Locale=English (EN)
2020-06-09 12:29:06,512 INFO o.a.j.JMeter: JMeter  Locale=English (EN)
2020-06-09 12:29:06,512 INFO o.a.j.JMeter: JMeterHome=/home/onavratil/apache-jmeter-5.3
2020-06-09 12:29:06,512 INFO o.a.j.JMeter: user.dir  =/home/onavratil/casecore-v2
2020-06-09 12:29:06,512 INFO o.a.j.JMeter: PWD       =/home/onavratil/casecore-v2
2020-06-09 12:29:06,513 INFO o.a.j.JMeter: IP: 127.0.0.1 Name: localhost.localdomain FullName: localhost
2020-06-09 12:29:06,734 INFO o.a.j.JMeter: Setting LAF to: laf:com.sun.java.swing.plaf.gtk.GTKLookAndFeel
2020-06-09 12:29:07,190 INFO o.a.j.JMeter: Loaded icon properties from org/apache/jmeter/images/icon.properties
