2011-12-15 15:52:30
Full thread dump Java HotSpot(TM) 64-Bit Server VM (20.0-b11 mixed mode):

"RMI TCP Connection(idle)" daemon prio=10 tid=0x000000004153d800 nid=0x262d waiting on condition [0x00007fba8ad9c000]
   java.lang.Thread.State: TIMED_WAITING (parking)
	at sun.misc.Unsafe.park(Native Method)
	- parking to wait for  <0x00000007d7b09ba0> (a java.util.concurrent.SynchronousQueue$TransferStack)
	at java.util.concurrent.locks.LockSupport.parkNanos(LockSupport.java:198)
	at java.util.concurrent.SynchronousQueue$TransferStack.awaitFulfill(SynchronousQueue.java:424)
	at java.util.concurrent.SynchronousQueue$TransferStack.transfer(SynchronousQueue.java:323)
	at java.util.concurrent.SynchronousQueue.poll(SynchronousQueue.java:874)
	at java.util.concurrent.ThreadPoolExecutor.getTask(ThreadPoolExecutor.java:945)
	at java.util.concurrent.ThreadPoolExecutor$Worker.run(ThreadPoolExecutor.java:907)
	at java.lang.Thread.run(Thread.java:662)

"RMI TCP Connection(idle)" daemon prio=10 tid=0x000000004153d000 nid=0x262c waiting on condition [0x00007fba8af9e000]
   java.lang.Thread.State: TIMED_WAITING (parking)
	at sun.misc.Unsafe.park(Native Method)
	- parking to wait for  <0x00000007d7b09ba0> (a java.util.concurrent.SynchronousQueue$TransferStack)
	at java.util.concurrent.locks.LockSupport.parkNanos(LockSupport.java:198)
	at java.util.concurrent.SynchronousQueue$TransferStack.awaitFulfill(SynchronousQueue.java:424)
	at java.util.concurrent.SynchronousQueue$TransferStack.transfer(SynchronousQueue.java:323)
	at java.util.concurrent.SynchronousQueue.poll(SynchronousQueue.java:874)
	at java.util.concurrent.ThreadPoolExecutor.getTask(ThreadPoolExecutor.java:945)
	at java.util.concurrent.ThreadPoolExecutor$Worker.run(ThreadPoolExecutor.java:907)
	at java.lang.Thread.run(Thread.java:662)

"RMI TCP Connection(idle)" daemon prio=10 tid=0x0000000041176000 nid=0x262b waiting on condition [0x00007fba8ab9a000]
   java.lang.Thread.State: TIMED_WAITING (parking)
	at sun.misc.Unsafe.park(Native Method)
	- parking to wait for  <0x00000007d7b09ba0> (a java.util.concurrent.SynchronousQueue$TransferStack)
	at java.util.concurrent.locks.LockSupport.parkNanos(LockSupport.java:198)
	at java.util.concurrent.SynchronousQueue$TransferStack.awaitFulfill(SynchronousQueue.java:424)
	at java.util.concurrent.SynchronousQueue$TransferStack.transfer(SynchronousQueue.java:323)
	at java.util.concurrent.SynchronousQueue.poll(SynchronousQueue.java:874)
	at java.util.concurrent.ThreadPoolExecutor.getTask(ThreadPoolExecutor.java:945)
	at java.util.concurrent.ThreadPoolExecutor$Worker.run(ThreadPoolExecutor.java:907)
	at java.lang.Thread.run(Thread.java:662)

"RMI Scheduler(0)" daemon prio=10 tid=0x0000000041227000 nid=0x261f waiting on condition [0x00007fba8b2a1000]
   java.lang.Thread.State: TIMED_WAITING (parking)
	at sun.misc.Unsafe.park(Native Method)
	- parking to wait for  <0x00000007d7b1e718> (a java.util.concurrent.locks.AbstractQueuedSynchronizer$ConditionObject)
	at java.util.concurrent.locks.LockSupport.parkNanos(LockSupport.java:198)
	at java.util.concurrent.locks.AbstractQueuedSynchronizer$ConditionObject.awaitNanos(AbstractQueuedSynchronizer.java:2025)
	at java.util.concurrent.DelayQueue.take(DelayQueue.java:164)
	at java.util.concurrent.ScheduledThreadPoolExecutor$DelayedWorkQueue.take(ScheduledThreadPoolExecutor.java:609)
	at java.util.concurrent.ScheduledThreadPoolExecutor$DelayedWorkQueue.take(ScheduledThreadPoolExecutor.java:602)
	at java.util.concurrent.ThreadPoolExecutor.getTask(ThreadPoolExecutor.java:947)
	at java.util.concurrent.ThreadPoolExecutor$Worker.run(ThreadPoolExecutor.java:907)
	at java.lang.Thread.run(Thread.java:662)

"RMI TCP Connection(idle)" daemon prio=10 tid=0x0000000041214000 nid=0x261e waiting on condition [0x00007fba8ae9d000]
   java.lang.Thread.State: TIMED_WAITING (parking)
	at sun.misc.Unsafe.park(Native Method)
	- parking to wait for  <0x00000007d7b09ba0> (a java.util.concurrent.SynchronousQueue$TransferStack)
	at java.util.concurrent.locks.LockSupport.parkNanos(LockSupport.java:198)
	at java.util.concurrent.SynchronousQueue$TransferStack.awaitFulfill(SynchronousQueue.java:424)
	at java.util.concurrent.SynchronousQueue$TransferStack.transfer(SynchronousQueue.java:323)
	at java.util.concurrent.SynchronousQueue.poll(SynchronousQueue.java:874)
	at java.util.concurrent.ThreadPoolExecutor.getTask(ThreadPoolExecutor.java:945)
	at java.util.concurrent.ThreadPoolExecutor$Worker.run(ThreadPoolExecutor.java:907)
	at java.lang.Thread.run(Thread.java:662)

"RMI TCP Accept-0" daemon prio=10 tid=0x00007fba8c657000 nid=0x261b runnable [0x00007fba8b3a2000]
   java.lang.Thread.State: RUNNABLE
	at java.net.PlainSocketImpl.socketAccept(Native Method)
	at java.net.PlainSocketImpl.accept(PlainSocketImpl.java:408)
	- locked <0x00000007d7b25890> (a java.net.SocksSocketImpl)
	at java.net.ServerSocket.implAccept(ServerSocket.java:462)
	at java.net.ServerSocket.accept(ServerSocket.java:430)
	at sun.management.jmxremote.LocalRMIServerSocketFactory$1.accept(LocalRMIServerSocketFactory.java:34)
	at sun.rmi.transport.tcp.TCPTransport$AcceptLoop.executeAcceptLoop(TCPTransport.java:369)
	at sun.rmi.transport.tcp.TCPTransport$AcceptLoop.run(TCPTransport.java:341)
	at java.lang.Thread.run(Thread.java:662)

"Attach Listener" daemon prio=10 tid=0x000000004118a000 nid=0x261a waiting on condition [0x0000000000000000]
   java.lang.Thread.State: RUNNABLE

"Timer-0" prio=10 tid=0x00007fba8c6d2000 nid=0x2599 in Object.wait() [0x00007fba8a594000]
   java.lang.Thread.State: TIMED_WAITING (on object monitor)
	at java.lang.Object.wait(Native Method)
	- waiting on <0x00000007d724cc08> (a java.util.TaskQueue)
	at java.util.TimerThread.mainLoop(Timer.java:509)
	- locked <0x00000007d724cc08> (a java.util.TaskQueue)
	at java.util.TimerThread.run(Timer.java:462)

"Thread-3" prio=10 tid=0x00007fba8c17b800 nid=0x2593 waiting on condition [0x00007fba8a796000]
   java.lang.Thread.State: TIMED_WAITING (parking)
	at sun.misc.Unsafe.park(Native Method)
	- parking to wait for  <0x00000007d6f5ded8> (a java.util.concurrent.locks.AbstractQueuedSynchronizer$ConditionObject)
	at java.util.concurrent.locks.LockSupport.parkNanos(LockSupport.java:198)
	at java.util.concurrent.locks.AbstractQueuedSynchronizer$ConditionObject.awaitNanos(AbstractQueuedSynchronizer.java:2025)
	at java.util.concurrent.LinkedBlockingQueue.poll(LinkedBlockingQueue.java:424)
	at com.rayo.client.io.UnboundedQueueMessageDispatcher$2.run(UnboundedQueueMessageDispatcher.java:71)
	at java.lang.Thread.run(Thread.java:662)

"Thread-2" prio=10 tid=0x00007fba8c55d800 nid=0x2592 waiting on condition [0x00007fba8a897000]
   java.lang.Thread.State: TIMED_WAITING (parking)
	at sun.misc.Unsafe.park(Native Method)
	- parking to wait for  <0x00000007d6f5ddf0> (a java.util.concurrent.locks.AbstractQueuedSynchronizer$ConditionObject)
	at java.util.concurrent.locks.LockSupport.parkNanos(LockSupport.java:198)
	at java.util.concurrent.locks.AbstractQueuedSynchronizer$ConditionObject.awaitNanos(AbstractQueuedSynchronizer.java:2025)
	at java.util.concurrent.LinkedBlockingQueue.poll(LinkedBlockingQueue.java:424)
	at com.rayo.client.io.UnboundedQueueMessageDispatcher$1.run(UnboundedQueueMessageDispatcher.java:53)
	at java.lang.Thread.run(Thread.java:662)

"DestroyJavaVM" prio=10 tid=0x00007fba8c5e8800 nid=0x257b waiting on condition [0x0000000000000000]
   java.lang.Thread.State: RUNNABLE

"Low Memory Detector" daemon prio=10 tid=0x00007fba8c098000 nid=0x2584 runnable [0x0000000000000000]
   java.lang.Thread.State: RUNNABLE

"C2 CompilerThread1" daemon prio=10 tid=0x00007fba8c095000 nid=0x2583 waiting on condition [0x0000000000000000]
   java.lang.Thread.State: RUNNABLE

"C2 CompilerThread0" daemon prio=10 tid=0x00007fba8c092000 nid=0x2582 waiting on condition [0x0000000000000000]
   java.lang.Thread.State: RUNNABLE

"Signal Dispatcher" daemon prio=10 tid=0x00007fba8c090000 nid=0x2581 runnable [0x0000000000000000]
   java.lang.Thread.State: RUNNABLE

"Finalizer" daemon prio=10 tid=0x00007fba8c073800 nid=0x2580 in Object.wait() [0x00007fba904f6000]
   java.lang.Thread.State: WAITING (on object monitor)
	at java.lang.Object.wait(Native Method)
	- waiting on <0x0000000784011158> (a java.lang.ref.ReferenceQueue$Lock)
	at java.lang.ref.ReferenceQueue.remove(ReferenceQueue.java:118)
	- locked <0x0000000784011158> (a java.lang.ref.ReferenceQueue$Lock)
	at java.lang.ref.ReferenceQueue.remove(ReferenceQueue.java:134)
	at java.lang.ref.Finalizer$FinalizerThread.run(Finalizer.java:159)

"Reference Handler" daemon prio=10 tid=0x00007fba8c071800 nid=0x257f in Object.wait() [0x00007fba905f7000]
   java.lang.Thread.State: WAITING (on object monitor)
	at java.lang.Object.wait(Native Method)
	- waiting on <0x0000000784000190> (a java.lang.ref.Reference$Lock)
	at java.lang.Object.wait(Object.java:485)
	at java.lang.ref.Reference$ReferenceHandler.run(Reference.java:116)
	- locked <0x0000000784000190> (a java.lang.ref.Reference$Lock)

"VM Thread" prio=10 tid=0x00007fba8c06b000 nid=0x257e runnable 

"GC task thread#0 (ParallelGC)" prio=10 tid=0x00000000410c7000 nid=0x257c runnable 

"GC task thread#1 (ParallelGC)" prio=10 tid=0x00000000410c9000 nid=0x257d runnable 

"VM Periodic Task Thread" prio=10 tid=0x00007fba8c09a800 nid=0x2585 waiting on condition 

JNI global references: 936

