2013/10/09 11:30:03 INFO  - jmeter.util.JMeterUtils: Setting Locale to en_US
2013/10/09 11:30:03 INFO  - jmeter.JMeter: Loading user properties from: /Applications/jmeter_2.9/bin/user.properties
2013/10/09 11:30:03 INFO  - jmeter.JMeter: Loading system properties from: /Applications/jmeter_2.9/bin/system.properties
2013/10/09 11:30:03 INFO  - jmeter.JMeter: Copyright (c) 1998-2013 The Apache Software Foundation
2013/10/09 11:30:03 INFO  - jmeter.JMeter: Version 2.9 r1437961
2013/10/09 11:30:03 INFO  - jmeter.JMeter: java.version=1.6.0_51
2013/10/09 11:30:03 INFO  - jmeter.JMeter: java.vm.name=Java HotSpot(TM) 64-Bit Server VM
2013/10/09 11:30:03 INFO  - jmeter.JMeter: os.name=Mac OS X
2013/10/09 11:30:03 INFO  - jmeter.JMeter: os.arch=x86_64
2013/10/09 11:30:03 INFO  - jmeter.JMeter: os.version=10.7.5
2013/10/09 11:30:03 INFO  - jmeter.JMeter: file.encoding=MacRoman
2013/10/09 11:30:03 INFO  - jmeter.JMeter: Default Locale=English (United States)
2013/10/09 11:30:03 INFO  - jmeter.JMeter: JMeter  Locale=English (United States)
2013/10/09 11:30:03 INFO  - jmeter.JMeter: JMeterHome=/Applications/jmeter_2.9
2013/10/09 11:30:03 INFO  - jmeter.JMeter: user.dir  =/Users/me/Documents/loadtest/plans
2013/10/09 11:30:03 INFO  - jmeter.JMeter: PWD       =/Users/me/Documents/loadtest/plans
2013/10/09 11:30:03 INFO  - jmeter.JMeter: IP: 10.0.68.115 Name: msanc02h5340dv11 FullName: 10.0.68.115
2013/10/09 11:30:03 DEBUG - jmeter.JMeter: ClassPath
2013/10/09 11:30:03 DEBUG - jmeter.JMeter: /Applications/jmeter_2.9/bin/ApacheJMeter.jar
2013/10/09 11:30:03 DEBUG - jmeter.JMeter: /Applications/jmeter_2.9/lib/activation-1.1.1.jar
2013/10/09 11:30:03 DEBUG - jmeter.JMeter: /Applications/jmeter_2.9/lib/avalon-framework-4.1.4.jar
2013/10/09 11:30:03 DEBUG - jmeter.JMeter: /Applications/jmeter_2.9/lib/bsf-2.4.0.jar
2013/10/09 11:30:03 DEBUG - jmeter.JMeter: /Applications/jmeter_2.9/lib/bsh-2.0b5.jar
2013/10/09 11:30:03 DEBUG - jmeter.JMeter: /Applications/jmeter_2.9/lib/bshclient.jar
2013/10/09 11:30:03 DEBUG - jmeter.JMeter: /Applications/jmeter_2.9/lib/commons-codec-1.6.jar
2013/10/09 11:30:03 DEBUG - jmeter.JMeter: /Applications/jmeter_2.9/lib/commons-collections-3.2.1.jar
2013/10/09 11:30:03 DEBUG - jmeter.JMeter: /Applications/jmeter_2.9/lib/commons-httpclient-3.1.jar
2013/10/09 11:30:03 DEBUG - jmeter.JMeter: /Applications/jmeter_2.9/lib/commons-io-2.2.jar
2013/10/09 11:30:03 DEBUG - jmeter.JMeter: /Applications/jmeter_2.9/lib/commons-jexl-1.1.jar
2013/10/09 11:30:03 DEBUG - jmeter.JMeter: /Applications/jmeter_2.9/lib/commons-jexl-2.1.1.jar
2013/10/09 11:30:03 DEBUG - jmeter.JMeter: /Applications/jmeter_2.9/lib/commons-lang-2.6.jar
2013/10/09 11:30:03 DEBUG - jmeter.JMeter: /Applications/jmeter_2.9/lib/commons-lang3-3.1.jar
2013/10/09 11:30:03 DEBUG - jmeter.JMeter: /Applications/jmeter_2.9/lib/commons-logging-1.1.1.jar
2013/10/09 11:30:03 DEBUG - jmeter.JMeter: /Applications/jmeter_2.9/lib/commons-net-3.1.jar
2013/10/09 11:30:03 DEBUG - jmeter.JMeter: /Applications/jmeter_2.9/lib/excalibur-datasource-1.1.1.jar
2013/10/09 11:30:03 DEBUG - jmeter.JMeter: /Applications/jmeter_2.9/lib/excalibur-instrument-1.0.jar
2013/10/09 11:30:03 DEBUG - jmeter.JMeter: /Applications/jmeter_2.9/lib/excalibur-logger-1.1.jar
2013/10/09 11:30:03 DEBUG - jmeter.JMeter: /Applications/jmeter_2.9/lib/excalibur-pool-1.2.jar
2013/10/09 11:30:03 DEBUG - jmeter.JMeter: /Applications/jmeter_2.9/lib/geronimo-jms_1.1_spec-1.1.1.jar
2013/10/09 11:30:03 DEBUG - jmeter.JMeter: /Applications/jmeter_2.9/lib/htmllexer-2.1.jar
2013/10/09 11:30:03 DEBUG - jmeter.JMeter: /Applications/jmeter_2.9/lib/htmlparser-2.1.jar
2013/10/09 11:30:03 DEBUG - jmeter.JMeter: /Applications/jmeter_2.9/lib/httpclient-4.2.3.jar
2013/10/09 11:30:03 DEBUG - jmeter.JMeter: /Applications/jmeter_2.9/lib/httpcore-4.2.3.jar
2013/10/09 11:30:03 DEBUG - jmeter.JMeter: /Applications/jmeter_2.9/lib/httpmime-4.2.3.jar
2013/10/09 11:30:03 DEBUG - jmeter.JMeter: /Applications/jmeter_2.9/lib/jcharts-0.7.5.jar
2013/10/09 11:30:03 DEBUG - jmeter.JMeter: /Applications/jmeter_2.9/lib/jdom-1.1.2.jar
2013/10/09 11:30:03 DEBUG - jmeter.JMeter: /Applications/jmeter_2.9/lib/jodd-core-3.4.1.jar
2013/10/09 11:30:03 DEBUG - jmeter.JMeter: /Applications/jmeter_2.9/lib/jodd-lagarto-3.4.1.jar
2013/10/09 11:30:03 DEBUG - jmeter.JMeter: /Applications/jmeter_2.9/lib/jorphan.jar
2013/10/09 11:30:03 DEBUG - jmeter.JMeter: /Applications/jmeter_2.9/lib/jsoup-1.7.1.jar
2013/10/09 11:30:03 DEBUG - jmeter.JMeter: /Applications/jmeter_2.9/lib/jtidy-r938.jar
2013/10/09 11:30:03 DEBUG - jmeter.JMeter: /Applications/jmeter_2.9/lib/junit-4.10.jar
2013/10/09 11:30:03 DEBUG - jmeter.JMeter: /Applications/jmeter_2.9/lib/logkit-2.0.jar
2013/10/09 11:30:03 DEBUG - jmeter.JMeter: /Applications/jmeter_2.9/lib/mail-1.4.4.jar
2013/10/09 11:30:03 DEBUG - jmeter.JMeter: /Applications/jmeter_2.9/lib/oro-2.0.8.jar
2013/10/09 11:30:03 DEBUG - jmeter.JMeter: /Applications/jmeter_2.9/lib/rhino-1.7R4.jar
2013/10/09 11:30:03 DEBUG - jmeter.JMeter: /Applications/jmeter_2.9/lib/serializer-2.7.1.jar
2013/10/09 11:30:03 DEBUG - jmeter.JMeter: /Applications/jmeter_2.9/lib/slf4j-api-1.7.2.jar
2013/10/09 11:30:03 DEBUG - jmeter.JMeter: /Applications/jmeter_2.9/lib/soap-2.3.1.jar
2013/10/09 11:30:03 DEBUG - jmeter.JMeter: /Applications/jmeter_2.9/lib/tika-core-1.3.jar
2013/10/09 11:30:03 DEBUG - jmeter.JMeter: /Applications/jmeter_2.9/lib/tika-parsers-1.3.jar
2013/10/09 11:30:03 DEBUG - jmeter.JMeter: /Applications/jmeter_2.9/lib/xalan-2.7.1.jar
2013/10/09 11:30:03 DEBUG - jmeter.JMeter: /Applications/jmeter_2.9/lib/xercesImpl-2.9.1.jar
2013/10/09 11:30:03 DEBUG - jmeter.JMeter: /Applications/jmeter_2.9/lib/xml-apis-1.3.04.jar
2013/10/09 11:30:03 DEBUG - jmeter.JMeter: /Applications/jmeter_2.9/lib/xmlgraphics-commons-1.3.1.jar
2013/10/09 11:30:03 DEBUG - jmeter.JMeter: /Applications/jmeter_2.9/lib/xmlpull-1.1.3.1.jar
2013/10/09 11:30:03 DEBUG - jmeter.JMeter: /Applications/jmeter_2.9/lib/xpp3_min-1.1.4c.jar
2013/10/09 11:30:03 DEBUG - jmeter.JMeter: /Applications/jmeter_2.9/lib/xstream-1.4.2.jar
2013/10/09 11:30:03 DEBUG - jmeter.JMeter: /Applications/jmeter_2.9/lib/ext/ApacheJMeter_components.jar
2013/10/09 11:30:03 DEBUG - jmeter.JMeter: /Applications/jmeter_2.9/lib/ext/ApacheJMeter_core.jar
2013/10/09 11:30:03 DEBUG - jmeter.JMeter: /Applications/jmeter_2.9/lib/ext/ApacheJMeter_ftp.jar
2013/10/09 11:30:03 DEBUG - jmeter.JMeter: /Applications/jmeter_2.9/lib/ext/ApacheJMeter_functions.jar
2013/10/09 11:30:03 DEBUG - jmeter.JMeter: /Applications/jmeter_2.9/lib/ext/ApacheJMeter_http.jar
2013/10/09 11:30:03 DEBUG - jmeter.JMeter: /Applications/jmeter_2.9/lib/ext/ApacheJMeter_java.jar
2013/10/09 11:30:03 DEBUG - jmeter.JMeter: /Applications/jmeter_2.9/lib/ext/ApacheJMeter_jdbc.jar
2013/10/09 11:30:03 DEBUG - jmeter.JMeter: /Applications/jmeter_2.9/lib/ext/ApacheJMeter_jms.jar
2013/10/09 11:30:03 DEBUG - jmeter.JMeter: /Applications/jmeter_2.9/lib/ext/ApacheJMeter_junit.jar
2013/10/09 11:30:03 DEBUG - jmeter.JMeter: /Applications/jmeter_2.9/lib/ext/ApacheJMeter_ldap.jar
2013/10/09 11:30:03 DEBUG - jmeter.JMeter: /Applications/jmeter_2.9/lib/ext/ApacheJMeter_mail.jar
2013/10/09 11:30:03 DEBUG - jmeter.JMeter: /Applications/jmeter_2.9/lib/ext/ApacheJMeter_monitors.jar
2013/10/09 11:30:03 DEBUG - jmeter.JMeter: /Applications/jmeter_2.9/lib/ext/ApacheJMeter_native.jar
2013/10/09 11:30:03 DEBUG - jmeter.JMeter: /Applications/jmeter_2.9/lib/ext/ApacheJMeter_report.jar
2013/10/09 11:30:03 DEBUG - jmeter.JMeter: /Applications/jmeter_2.9/lib/ext/ApacheJMeter_tcp.jar
2013/10/09 11:30:03 DEBUG - jmeter.JMeter: /Applications/jmeter_2.9/lib/ext/jmeter-idea-plugin-1.4.jar
2013/10/09 11:30:03 DEBUG - jmeter.JMeter: /Applications/jmeter_2.9/lib/junit/test.jar
2013/10/09 11:30:03 DEBUG - jmeter.JMeter: /Applications/jmeter_2.9/bin/ApacheJMeter.jar:/Applications/jmeter_2.9/lib/activation-1.1.1.jar:/Applications/jmeter_2.9/lib/avalon-framework-4.1.4.jar:/Applications/jmeter_2.9/lib/bsf-2.4.0.jar:/Applications/jmeter_2.9/lib/bsh-2.0b5.jar:/Applications/jmeter_2.9/lib/bshclient.jar:/Applications/jmeter_2.9/lib/commons-codec-1.6.jar:/Applications/jmeter_2.9/lib/commons-collections-3.2.1.jar:/Applications/jmeter_2.9/lib/commons-httpclient-3.1.jar:/Applications/jmeter_2.9/lib/commons-io-2.2.jar:/Applications/jmeter_2.9/lib/commons-jexl-1.1.jar:/Applications/jmeter_2.9/lib/commons-jexl-2.1.1.jar:/Applications/jmeter_2.9/lib/commons-lang-2.6.jar:/Applications/jmeter_2.9/lib/commons-lang3-3.1.jar:/Applications/jmeter_2.9/lib/commons-logging-1.1.1.jar:/Applications/jmeter_2.9/lib/commons-net-3.1.jar:/Applications/jmeter_2.9/lib/excalibur-datasource-1.1.1.jar:/Applications/jmeter_2.9/lib/excalibur-instrument-1.0.jar:/Applications/jmeter_2.9/lib/excalibur-logger-1.1.jar:/Applications/jmeter_2.9/lib/excalibur-pool-1.2.jar:/Applications/jmeter_2.9/lib/geronimo-jms_1.1_spec-1.1.1.jar:/Applications/jmeter_2.9/lib/htmllexer-2.1.jar:/Applications/jmeter_2.9/lib/htmlparser-2.1.jar:/Applications/jmeter_2.9/lib/httpclient-4.2.3.jar:/Applications/jmeter_2.9/lib/httpcore-4.2.3.jar:/Applications/jmeter_2.9/lib/httpmime-4.2.3.jar:/Applications/jmeter_2.9/lib/jcharts-0.7.5.jar:/Applications/jmeter_2.9/lib/jdom-1.1.2.jar:/Applications/jmeter_2.9/lib/jodd-core-3.4.1.jar:/Applications/jmeter_2.9/lib/jodd-lagarto-3.4.1.jar:/Applications/jmeter_2.9/lib/jorphan.jar:/Applications/jmeter_2.9/lib/jsoup-1.7.1.jar:/Applications/jmeter_2.9/lib/jtidy-r938.jar:/Applications/jmeter_2.9/lib/junit-4.10.jar:/Applications/jmeter_2.9/lib/logkit-2.0.jar:/Applications/jmeter_2.9/lib/mail-1.4.4.jar:/Applications/jmeter_2.9/lib/oro-2.0.8.jar:/Applications/jmeter_2.9/lib/rhino-1.7R4.jar:/Applications/jmeter_2.9/lib/serializer-2.7.1.jar:/Applications/jmeter_2.9/lib/slf4j-api-1.7.2.jar:/Applications/jmeter_2.9/lib/soap-2.3.1.jar:/Applications/jmeter_2.9/lib/tika-core-1.3.jar:/Applications/jmeter_2.9/lib/tika-parsers-1.3.jar:/Applications/jmeter_2.9/lib/xalan-2.7.1.jar:/Applications/jmeter_2.9/lib/xercesImpl-2.9.1.jar:/Applications/jmeter_2.9/lib/xml-apis-1.3.04.jar:/Applications/jmeter_2.9/lib/xmlgraphics-commons-1.3.1.jar:/Applications/jmeter_2.9/lib/xmlpull-1.1.3.1.jar:/Applications/jmeter_2.9/lib/xpp3_min-1.1.4c.jar:/Applications/jmeter_2.9/lib/xstream-1.4.2.jar:/Applications/jmeter_2.9/lib/ext/ApacheJMeter_components.jar:/Applications/jmeter_2.9/lib/ext/ApacheJMeter_core.jar:/Applications/jmeter_2.9/lib/ext/ApacheJMeter_ftp.jar:/Applications/jmeter_2.9/lib/ext/ApacheJMeter_functions.jar:/Applications/jmeter_2.9/lib/ext/ApacheJMeter_http.jar:/Applications/jmeter_2.9/lib/ext/ApacheJMeter_java.jar:/Applications/jmeter_2.9/lib/ext/ApacheJMeter_jdbc.jar:/Applications/jmeter_2.9/lib/ext/ApacheJMeter_jms.jar:/Applications/jmeter_2.9/lib/ext/ApacheJMeter_junit.jar:/Applications/jmeter_2.9/lib/ext/ApacheJMeter_ldap.jar:/Applications/jmeter_2.9/lib/ext/ApacheJMeter_mail.jar:/Applications/jmeter_2.9/lib/ext/ApacheJMeter_monitors.jar:/Applications/jmeter_2.9/lib/ext/ApacheJMeter_native.jar:/Applications/jmeter_2.9/lib/ext/ApacheJMeter_report.jar:/Applications/jmeter_2.9/lib/ext/ApacheJMeter_tcp.jar:/Applications/jmeter_2.9/lib/ext/jmeter-idea-plugin-1.4.jar:/Applications/jmeter_2.9/lib/junit/test.jar
2013/10/09 11:30:03 INFO  - jmeter.JMeter: Loaded icon properties from org/apache/jmeter/images/icon.properties
2013/10/09 11:30:03 DEBUG - jmeter.gui.AbstractJMeterGuiComponent: setting element to enabled: true
2013/10/09 11:30:03 DEBUG - jmeter.gui.AbstractJMeterGuiComponent: setting element to enabled: true
2013/10/09 11:30:03 DEBUG - jmeter.gui.AbstractJMeterGuiComponent: setting element to enabled: true
2013/10/09 11:30:03 INFO  - jmeter.engine.util.CompoundVariable: Note: Function class names must contain the string: '.functions.'
2013/10/09 11:30:03 INFO  - jmeter.engine.util.CompoundVariable: Note: Function class names must not contain the string: '.gui.'
2013/10/09 11:30:03 DEBUG - jmeter.functions.StringFromFile: ++++++++ Construct org.apache.jmeter.functions.StringFromFile@7df44ec7
2013/10/09 11:30:03 DEBUG - jmeter.engine.util.CompoundVariable: Function count: 36
2013/10/09 11:30:03 INFO  - jmeter.gui.action.LookAndFeelCommand: Using look and feel: com.apple.laf.AquaLookAndFeel [Mac OS X, System]
2013/10/09 11:30:04 DEBUG - jmeter.gui.util.JMeterToolBar: Toolbar icon key: new
2013/10/09 11:30:04 DEBUG - jmeter.gui.util.JMeterToolBar: Toolbar icon key: open
2013/10/09 11:30:04 DEBUG - jmeter.gui.util.JMeterToolBar: Toolbar icon key: close
2013/10/09 11:30:04 DEBUG - jmeter.gui.util.JMeterToolBar: Toolbar icon key: save
2013/10/09 11:30:04 DEBUG - jmeter.gui.util.JMeterToolBar: Toolbar icon key: save_as_testplan
2013/10/09 11:30:04 DEBUG - jmeter.gui.util.JMeterToolBar: Toolbar icon key: |
2013/10/09 11:30:04 DEBUG - jmeter.gui.util.JMeterToolBar: Toolbar icon key: cut
2013/10/09 11:30:04 DEBUG - jmeter.gui.util.JMeterToolBar: Toolbar icon key: copy
2013/10/09 11:30:04 DEBUG - jmeter.gui.util.JMeterToolBar: Toolbar icon key: paste
2013/10/09 11:30:04 DEBUG - jmeter.gui.util.JMeterToolBar: Toolbar icon key: |
2013/10/09 11:30:04 DEBUG - jmeter.gui.util.JMeterToolBar: Toolbar icon key: expand
2013/10/09 11:30:04 DEBUG - jmeter.gui.util.JMeterToolBar: Toolbar icon key: collapse
2013/10/09 11:30:04 DEBUG - jmeter.gui.util.JMeterToolBar: Toolbar icon key: toggle
2013/10/09 11:30:04 DEBUG - jmeter.gui.util.JMeterToolBar: Toolbar icon key: |
2013/10/09 11:30:04 DEBUG - jmeter.gui.util.JMeterToolBar: Toolbar icon key: test_start
2013/10/09 11:30:04 DEBUG - jmeter.gui.util.JMeterToolBar: Toolbar icon key: test_start_notimers
2013/10/09 11:30:04 DEBUG - jmeter.gui.util.JMeterToolBar: Toolbar icon key: test_stop
2013/10/09 11:30:04 DEBUG - jmeter.gui.util.JMeterToolBar: Toolbar icon key: test_shutdown
2013/10/09 11:30:04 DEBUG - jmeter.gui.util.JMeterToolBar: Toolbar icon key: |
2013/10/09 11:30:04 DEBUG - jmeter.gui.util.JMeterToolBar: Toolbar icon key: test_start_remote_all
2013/10/09 11:30:04 DEBUG - jmeter.gui.util.JMeterToolBar: Toolbar icon key: test_stop_remote_all
2013/10/09 11:30:04 DEBUG - jmeter.gui.util.JMeterToolBar: Toolbar icon key: test_shutdown_remote_all
2013/10/09 11:30:04 DEBUG - jmeter.gui.util.JMeterToolBar: Toolbar icon key: |
2013/10/09 11:30:04 DEBUG - jmeter.gui.util.JMeterToolBar: Toolbar icon key: test_clear
2013/10/09 11:30:04 DEBUG - jmeter.gui.util.JMeterToolBar: Toolbar icon key: test_clear_all
2013/10/09 11:30:04 DEBUG - jmeter.gui.util.JMeterToolBar: Toolbar icon key: |
2013/10/09 11:30:04 DEBUG - jmeter.gui.util.JMeterToolBar: Toolbar icon key: search
2013/10/09 11:30:04 DEBUG - jmeter.gui.util.JMeterToolBar: Toolbar icon key: search_reset
2013/10/09 11:30:04 DEBUG - jmeter.gui.util.JMeterToolBar: Toolbar icon key: |
2013/10/09 11:30:04 DEBUG - jmeter.gui.util.JMeterToolBar: Toolbar icon key: function_helper
2013/10/09 11:30:04 DEBUG - jmeter.gui.util.JMeterToolBar: Toolbar icon key: help
2013/10/09 11:30:04 DEBUG - jmeter.gui.tree.JMeterTreeListener: value changed, updating currentPath
2013/10/09 11:30:04 DEBUG - jmeter.gui.GuiPackage: Gui retrieved = org.apache.jmeter.control.gui.WorkBenchGui[WorkBench,0,0,0x0,invalid,layout=java.awt.BorderLayout,alignmentX=0.0,alignmentY=0.0,border=javax.swing.border.EmptyBorder@77fe4169,flags=9,maximumSize=,minimumSize=,preferredSize=]
2013/10/09 11:30:04 DEBUG - jmeter.gui.GuiPackage: Updating current node WorkBench
2013/10/09 11:30:04 DEBUG - jmeter.gui.GuiPackage: Gui retrieved = org.apache.jmeter.control.gui.WorkBenchGui[WorkBench,0,0,0x0,invalid,layout=java.awt.BorderLayout,alignmentX=0.0,alignmentY=0.0,border=javax.swing.border.EmptyBorder@77fe4169,flags=9,maximumSize=,minimumSize=,preferredSize=]
2013/10/09 11:30:04 DEBUG - jmeter.gui.AbstractJMeterGuiComponent: setting element to enabled: true
2013/10/09 11:30:04 DEBUG - jmeter.gui.GuiPackage: Gui retrieved = org.apache.jmeter.control.gui.WorkBenchGui[WorkBench,0,0,0x0,invalid,layout=java.awt.BorderLayout,alignmentX=0.0,alignmentY=0.0,border=javax.swing.border.EmptyBorder@77fe4169,flags=9,maximumSize=,minimumSize=,preferredSize=]
2013/10/09 11:30:04 DEBUG - jmeter.gui.GuiPackage: Updating gui to new node
2013/10/09 11:30:04 DEBUG - jmeter.gui.GuiPackage: Gui retrieved = org.apache.jmeter.control.gui.WorkBenchGui[WorkBench,0,0,0x0,invalid,layout=java.awt.BorderLayout,alignmentX=0.0,alignmentY=0.0,border=javax.swing.border.EmptyBorder@77fe4169,flags=9,maximumSize=,minimumSize=,preferredSize=]
2013/10/09 11:30:04 DEBUG - jmeter.gui.tree.JMeterTreeListener: value changed, updating currentPath
2013/10/09 11:30:04 INFO  - jmeter.util.BSFTestElement: Registering JMeter version of JavaScript engine as work-round for BSF-22
2013/10/09 11:30:04 DEBUG - jmeter.testbeans.gui.TestBeanGUI: testing class: org.apache.jmeter.assertions.BSFAssertion
2013/10/09 11:30:04 DEBUG - jmeter.testbeans.BeanInfoSupport: Getting property for: scriptLanguage
2013/10/09 11:30:04 DEBUG - jmeter.testbeans.BeanInfoSupport: Getting property for: parameters
2013/10/09 11:30:04 DEBUG - jmeter.testbeans.BeanInfoSupport: Getting property for: filename
2013/10/09 11:30:04 DEBUG - jmeter.testbeans.BeanInfoSupport: Getting property for: script
2013/10/09 11:30:04 DEBUG - jmeter.testbeans.gui.TestBeanGUI: testing class: org.apache.jmeter.assertions.CompareAssertion
2013/10/09 11:30:04 DEBUG - jmeter.testbeans.BeanInfoSupport: Getting property for: compareContent
2013/10/09 11:30:04 DEBUG - jmeter.testbeans.BeanInfoSupport: Getting property for: compareTime
2013/10/09 11:30:04 DEBUG - jmeter.testbeans.BeanInfoSupport: Getting property for: stringsToSkip
2013/10/09 11:30:04 DEBUG - jmeter.testbeans.gui.TestBeanGUI: testing class: org.apache.jmeter.assertions.JSR223Assertion
2013/10/09 11:30:04 DEBUG - jmeter.testbeans.BeanInfoSupport: Getting property for: scriptLanguage
2013/10/09 11:30:04 DEBUG - jmeter.testbeans.BeanInfoSupport: Getting property for: parameters
2013/10/09 11:30:04 DEBUG - jmeter.testbeans.BeanInfoSupport: Getting property for: filename
2013/10/09 11:30:04 DEBUG - jmeter.testbeans.BeanInfoSupport: Getting property for: cacheKey
2013/10/09 11:30:04 DEBUG - jmeter.testbeans.BeanInfoSupport: Getting property for: script
2013/10/09 11:30:04 DEBUG - jmeter.testbeans.gui.TestBeanGUI: testing class: org.apache.jmeter.config.CSVDataSet
2013/10/09 11:30:04 DEBUG - jmeter.testbeans.BeanInfoSupport: Getting property for: filename
2013/10/09 11:30:04 DEBUG - jmeter.testbeans.BeanInfoSupport: Getting property for: fileEncoding
2013/10/09 11:30:04 DEBUG - jmeter.testbeans.BeanInfoSupport: Getting property for: variableNames
2013/10/09 11:30:04 DEBUG - jmeter.testbeans.BeanInfoSupport: Getting property for: delimiter
2013/10/09 11:30:04 DEBUG - jmeter.testbeans.BeanInfoSupport: Getting property for: quotedData
2013/10/09 11:30:04 DEBUG - jmeter.testbeans.BeanInfoSupport: Getting property for: recycle
2013/10/09 11:30:04 DEBUG - jmeter.testbeans.BeanInfoSupport: Getting property for: stopThread
2013/10/09 11:30:04 DEBUG - jmeter.testbeans.BeanInfoSupport: Getting property for: shareMode
2013/10/09 11:30:04 DEBUG - jmeter.testbeans.gui.TestBeanGUI: testing class: org.apache.jmeter.config.KeystoreConfig
2013/10/09 11:30:04 DEBUG - jmeter.testbeans.BeanInfoSupport: Getting property for: preload
2013/10/09 11:30:04 DEBUG - jmeter.testbeans.BeanInfoSupport: Getting property for: startIndex
2013/10/09 11:30:04 DEBUG - jmeter.testbeans.BeanInfoSupport: Getting property for: endIndex
2013/10/09 11:30:04 DEBUG - jmeter.testbeans.gui.TestBeanGUI: testing class: org.apache.jmeter.config.RandomVariableConfig
2013/10/09 11:30:04 DEBUG - jmeter.testbeans.BeanInfoSupport: Getting property for: variableName
2013/10/09 11:30:04 DEBUG - jmeter.testbeans.BeanInfoSupport: Getting property for: outputFormat
2013/10/09 11:30:04 DEBUG - jmeter.testbeans.BeanInfoSupport: Getting property for: minimumValue
2013/10/09 11:30:04 DEBUG - jmeter.testbeans.BeanInfoSupport: Getting property for: maximumValue
2013/10/09 11:30:04 DEBUG - jmeter.testbeans.BeanInfoSupport: Getting property for: randomSeed
2013/10/09 11:30:04 DEBUG - jmeter.testbeans.BeanInfoSupport: Getting property for: perThread
2013/10/09 11:30:04 DEBUG - jmeter.gui.util.MenuFactory: org.apache.jmeter.config.gui.ObsoleteGui participates in no menus.
2013/10/09 11:30:04 DEBUG - jmeter.gui.util.MenuFactory: org.apache.jmeter.control.gui.ReportGui participates in no menus.
2013/10/09 11:30:04 DEBUG - jmeter.gui.util.MenuFactory: org.apache.jmeter.control.gui.TestPlanGui participates in no menus.
2013/10/09 11:30:04 DEBUG - jmeter.gui.util.MenuFactory: org.apache.jmeter.control.gui.WorkBenchGui participates in no menus.
2013/10/09 11:30:04 DEBUG - jmeter.testbeans.gui.TestBeanGUI: testing class: org.apache.jmeter.extractor.BSFPostProcessor
2013/10/09 11:30:04 DEBUG - jmeter.testbeans.BeanInfoSupport: Getting property for: scriptLanguage
2013/10/09 11:30:04 DEBUG - jmeter.testbeans.BeanInfoSupport: Getting property for: parameters
2013/10/09 11:30:04 DEBUG - jmeter.testbeans.BeanInfoSupport: Getting property for: filename
2013/10/09 11:30:04 DEBUG - jmeter.testbeans.BeanInfoSupport: Getting property for: script
2013/10/09 11:30:04 DEBUG - jmeter.testbeans.gui.TestBeanGUI: testing class: org.apache.jmeter.extractor.BeanShellPostProcessor
2013/10/09 11:30:04 DEBUG - jmeter.testbeans.BeanInfoSupport: Localized short description not available for property resetInterpreter in class org.apache.jmeter.extractor.BeanShellPostProcessor
2013/10/09 11:30:04 DEBUG - jmeter.testbeans.BeanInfoSupport: Getting property for: resetInterpreter
2013/10/09 11:30:04 DEBUG - jmeter.testbeans.BeanInfoSupport: Getting property for: parameters
2013/10/09 11:30:04 DEBUG - jmeter.testbeans.BeanInfoSupport: Getting property for: filename
2013/10/09 11:30:04 DEBUG - jmeter.testbeans.BeanInfoSupport: Getting property for: script
2013/10/09 11:30:04 DEBUG - jmeter.testbeans.gui.TestBeanGUI: testing class: org.apache.jmeter.extractor.DebugPostProcessor
2013/10/09 11:30:04 DEBUG - jmeter.testbeans.gui.TestBeanGUI: testing class: org.apache.jmeter.extractor.JSR223PostProcessor
2013/10/09 11:30:04 DEBUG - jmeter.testbeans.BeanInfoSupport: Getting property for: scriptLanguage
2013/10/09 11:30:04 DEBUG - jmeter.testbeans.BeanInfoSupport: Getting property for: parameters
2013/10/09 11:30:04 DEBUG - jmeter.testbeans.BeanInfoSupport: Getting property for: filename
2013/10/09 11:30:04 DEBUG - jmeter.testbeans.BeanInfoSupport: Getting property for: cacheKey
2013/10/09 11:30:04 DEBUG - jmeter.testbeans.BeanInfoSupport: Getting property for: script
2013/10/09 11:30:04 DEBUG - jmeter.gui.util.MenuFactory: org.apache.jmeter.gui.NamePanel participates in no menus.
2013/10/09 11:30:04 DEBUG - jmeter.testbeans.gui.TestBeanGUI: testing class: org.apache.jmeter.modifiers.BSFPreProcessor
2013/10/09 11:30:04 DEBUG - jmeter.testbeans.BeanInfoSupport: Getting property for: scriptLanguage
2013/10/09 11:30:04 DEBUG - jmeter.testbeans.BeanInfoSupport: Getting property for: parameters
2013/10/09 11:30:04 DEBUG - jmeter.testbeans.BeanInfoSupport: Getting property for: filename
2013/10/09 11:30:04 DEBUG - jmeter.testbeans.BeanInfoSupport: Getting property for: script
2013/10/09 11:30:04 DEBUG - jmeter.testbeans.gui.TestBeanGUI: testing class: org.apache.jmeter.modifiers.BeanShellPreProcessor
2013/10/09 11:30:04 DEBUG - jmeter.testbeans.BeanInfoSupport: Localized short description not available for property resetInterpreter in class org.apache.jmeter.modifiers.BeanShellPreProcessor
2013/10/09 11:30:04 DEBUG - jmeter.testbeans.BeanInfoSupport: Getting property for: resetInterpreter
2013/10/09 11:30:04 DEBUG - jmeter.testbeans.BeanInfoSupport: Getting property for: parameters
2013/10/09 11:30:04 DEBUG - jmeter.testbeans.BeanInfoSupport: Getting property for: filename
2013/10/09 11:30:04 DEBUG - jmeter.testbeans.BeanInfoSupport: Getting property for: script
2013/10/09 11:30:04 DEBUG - jmeter.testbeans.gui.TestBeanGUI: testing class: org.apache.jmeter.modifiers.JSR223PreProcessor
2013/10/09 11:30:04 DEBUG - jmeter.testbeans.BeanInfoSupport: Getting property for: scriptLanguage
2013/10/09 11:30:04 DEBUG - jmeter.testbeans.BeanInfoSupport: Getting property for: parameters
2013/10/09 11:30:04 DEBUG - jmeter.testbeans.BeanInfoSupport: Getting property for: filename
2013/10/09 11:30:04 DEBUG - jmeter.testbeans.BeanInfoSupport: Getting property for: cacheKey
2013/10/09 11:30:04 DEBUG - jmeter.testbeans.BeanInfoSupport: Getting property for: script
2013/10/09 11:30:04 INFO  - jmeter.protocol.http.sampler.HTTPSamplerBase: Cannot find .className property for htmlParser, using default
2013/10/09 11:30:04 INFO  - jmeter.protocol.http.sampler.HTTPSamplerBase: Parser for text/html is
2013/10/09 11:30:04 INFO  - jmeter.protocol.http.sampler.HTTPSamplerBase: Parser for application/xhtml+xml is
2013/10/09 11:30:04 INFO  - jmeter.protocol.http.sampler.HTTPSamplerBase: Parser for application/xml is
2013/10/09 11:30:04 INFO  - jmeter.protocol.http.sampler.HTTPSamplerBase: Parser for text/xml is
2013/10/09 11:30:04 INFO  - jmeter.protocol.http.sampler.HTTPSamplerBase: Parser for text/vnd.wap.wml is org.apache.jmeter.protocol.http.parser.RegexpHTMLParser
2013/10/09 11:30:04 INFO  - jmeter.protocol.http.sampler.HTTPSamplerBase: Reuse SSL session context on subsequent iterations: true
2013/10/09 11:30:04 DEBUG - jmeter.protocol.http.control.gui.HttpMirrorControlGui: Creating HttpMirrorControlGui
2013/10/09 11:30:04 DEBUG - jmeter.gui.util.MenuFactory: org.apache.jmeter.protocol.http.gui.HTTPArgumentsPanel participates in no menus.
2013/10/09 11:30:04 INFO  - jmeter.gui.util.MenuFactory: Skipping org.apache.jmeter.protocol.http.modifier.gui.ParamModifierGui
2013/10/09 11:30:04 DEBUG - jmeter.protocol.http.proxy.gui.ProxyControlGui: Creating ProxyControlGui
2013/10/09 11:30:04 DEBUG - jmeter.testbeans.gui.TestBeanGUI: testing class: org.apache.jmeter.protocol.http.sampler.AccessLogSampler
2013/10/09 11:30:04 DEBUG - jmeter.protocol.http.sampler.AccessLogSamplerBeanInfo: Entered access log sampler bean info
2013/10/09 11:30:04 DEBUG - jmeter.testbeans.BeanInfoSupport: Getting property for: domain
2013/10/09 11:30:04 DEBUG - jmeter.testbeans.BeanInfoSupport: Getting property for: portString
2013/10/09 11:30:04 DEBUG - jmeter.testbeans.BeanInfoSupport: Getting property for: imageParsing
2013/10/09 11:30:04 DEBUG - jmeter.testbeans.BeanInfoSupport: Getting property for: parserClassName
2013/10/09 11:30:04 DEBUG - jmeter.testbeans.BeanInfoSupport: Getting property for: filterClassName
2013/10/09 11:30:04 DEBUG - jmeter.testbeans.BeanInfoSupport: Getting property for: logFile
2013/10/09 11:30:04 DEBUG - jmeter.protocol.http.sampler.AccessLogSamplerBeanInfo: found parsers: [org.apache.jmeter.protocol.http.util.accesslog.OrderPreservingLogParser, org.apache.jmeter.protocol.http.util.accesslog.SharedTCLogParser, org.apache.jmeter.protocol.http.util.accesslog.TCLogParser]
2013/10/09 11:30:04 DEBUG - jmeter.protocol.http.sampler.AccessLogSamplerBeanInfo: Got to end of access log samper bean info init
2013/10/09 11:30:04 DEBUG - jmeter.testbeans.gui.TestBeanGUI: testing class: org.apache.jmeter.protocol.java.sampler.BSFSampler
2013/10/09 11:30:04 DEBUG - jmeter.testbeans.BeanInfoSupport: Localized display name not available for property label in class org.apache.jmeter.protocol.java.sampler.BSFSampler
2013/10/09 11:30:04 DEBUG - jmeter.testbeans.BeanInfoSupport: Localized short description not available for property label in class org.apache.jmeter.protocol.java.sampler.BSFSampler
2013/10/09 11:30:04 DEBUG - jmeter.testbeans.BeanInfoSupport: Getting property for: scriptLanguage
2013/10/09 11:30:04 DEBUG - jmeter.testbeans.BeanInfoSupport: Getting property for: parameters
2013/10/09 11:30:04 DEBUG - jmeter.testbeans.BeanInfoSupport: Getting property for: filename
2013/10/09 11:30:04 DEBUG - jmeter.testbeans.BeanInfoSupport: Getting property for: script
2013/10/09 11:30:04 DEBUG - jmeter.testbeans.gui.TestBeanGUI: testing class: org.apache.jmeter.protocol.java.sampler.JSR223Sampler
2013/10/09 11:30:04 DEBUG - jmeter.testbeans.BeanInfoSupport: Getting property for: scriptLanguage
2013/10/09 11:30:04 DEBUG - jmeter.testbeans.BeanInfoSupport: Getting property for: parameters
2013/10/09 11:30:04 DEBUG - jmeter.testbeans.BeanInfoSupport: Getting property for: filename
2013/10/09 11:30:04 DEBUG - jmeter.testbeans.BeanInfoSupport: Getting property for: cacheKey
2013/10/09 11:30:04 DEBUG - jmeter.testbeans.BeanInfoSupport: Getting property for: script
2013/10/09 11:30:04 DEBUG - jmeter.testbeans.gui.TestBeanGUI: testing class: org.apache.jmeter.protocol.jdbc.config.DataSourceElement
2013/10/09 11:30:04 DEBUG - jmeter.testbeans.BeanInfoSupport: Getting property for: dataSource
2013/10/09 11:30:04 DEBUG - jmeter.testbeans.BeanInfoSupport: Getting property for: poolMax
2013/10/09 11:30:04 DEBUG - jmeter.testbeans.BeanInfoSupport: Getting property for: timeout
2013/10/09 11:30:04 DEBUG - jmeter.testbeans.BeanInfoSupport: Getting property for: trimInterval
2013/10/09 11:30:04 DEBUG - jmeter.testbeans.BeanInfoSupport: Getting property for: autocommit
2013/10/09 11:30:04 DEBUG - jmeter.testbeans.BeanInfoSupport: Getting property for: transactionIsolation
2013/10/09 11:30:04 DEBUG - jmeter.testbeans.BeanInfoSupport: Getting property for: keepAlive
2013/10/09 11:30:04 DEBUG - jmeter.testbeans.BeanInfoSupport: Getting property for: connectionAge
2013/10/09 11:30:04 DEBUG - jmeter.testbeans.BeanInfoSupport: Getting property for: checkQuery
2013/10/09 11:30:04 DEBUG - jmeter.testbeans.BeanInfoSupport: Getting property for: dbUrl
2013/10/09 11:30:04 DEBUG - jmeter.testbeans.BeanInfoSupport: Getting property for: driver
2013/10/09 11:30:04 DEBUG - jmeter.testbeans.BeanInfoSupport: Getting property for: username
2013/10/09 11:30:04 DEBUG - jmeter.testbeans.BeanInfoSupport: Getting property for: password
2013/10/09 11:30:04 DEBUG - jmeter.testbeans.gui.TestBeanGUI: testing class: org.apache.jmeter.protocol.jdbc.processor.JDBCPostProcessor
2013/10/09 11:30:04 DEBUG - jmeter.testbeans.BeanInfoSupport: Getting property for: dataSource
2013/10/09 11:30:04 DEBUG - jmeter.testbeans.BeanInfoSupport: Getting property for: queryType
2013/10/09 11:30:04 DEBUG - jmeter.testbeans.BeanInfoSupport: Getting property for: query
2013/10/09 11:30:04 DEBUG - jmeter.testbeans.BeanInfoSupport: Getting property for: queryArguments
2013/10/09 11:30:04 DEBUG - jmeter.testbeans.BeanInfoSupport: Getting property for: queryArgumentsTypes
2013/10/09 11:30:04 DEBUG - jmeter.testbeans.BeanInfoSupport: Getting property for: variableNames
2013/10/09 11:30:04 DEBUG - jmeter.testbeans.BeanInfoSupport: Getting property for: resultVariable
2013/10/09 11:30:04 DEBUG - jmeter.testbeans.gui.TestBeanGUI: testing class: org.apache.jmeter.protocol.jdbc.processor.JDBCPreProcessor
2013/10/09 11:30:04 DEBUG - jmeter.testbeans.BeanInfoSupport: Getting property for: dataSource
2013/10/09 11:30:04 DEBUG - jmeter.testbeans.BeanInfoSupport: Getting property for: queryType
2013/10/09 11:30:04 DEBUG - jmeter.testbeans.BeanInfoSupport: Getting property for: query
2013/10/09 11:30:04 DEBUG - jmeter.testbeans.BeanInfoSupport: Getting property for: queryArguments
2013/10/09 11:30:04 DEBUG - jmeter.testbeans.BeanInfoSupport: Getting property for: queryArgumentsTypes
2013/10/09 11:30:04 DEBUG - jmeter.testbeans.BeanInfoSupport: Getting property for: variableNames
2013/10/09 11:30:04 DEBUG - jmeter.testbeans.BeanInfoSupport: Getting property for: resultVariable
2013/10/09 11:30:04 DEBUG - jmeter.testbeans.gui.TestBeanGUI: testing class: org.apache.jmeter.protocol.jdbc.sampler.JDBCSampler
2013/10/09 11:30:04 DEBUG - jmeter.testbeans.BeanInfoSupport: Getting property for: dataSource
2013/10/09 11:30:04 DEBUG - jmeter.testbeans.BeanInfoSupport: Getting property for: queryType
2013/10/09 11:30:04 DEBUG - jmeter.testbeans.BeanInfoSupport: Getting property for: query
2013/10/09 11:30:04 DEBUG - jmeter.testbeans.BeanInfoSupport: Getting property for: queryArguments
2013/10/09 11:30:04 DEBUG - jmeter.testbeans.BeanInfoSupport: Getting property for: queryArgumentsTypes
2013/10/09 11:30:04 DEBUG - jmeter.testbeans.BeanInfoSupport: Getting property for: variableNames
2013/10/09 11:30:04 DEBUG - jmeter.testbeans.BeanInfoSupport: Getting property for: resultVariable
2013/10/09 11:30:04 DEBUG - jmeter.gui.util.MenuFactory: org.apache.jmeter.protocol.ldap.config.gui.LDAPArgumentsPanel participates in no menus.
2013/10/09 11:30:05 DEBUG - jmeter.testbeans.gui.TestBeanGUI: testing class: org.apache.jmeter.sampler.DebugSampler
2013/10/09 11:30:05 DEBUG - jmeter.gui.AbstractJMeterGuiComponent: setting element to enabled: true
2013/10/09 11:30:05 DEBUG - jmeter.gui.AbstractJMeterGuiComponent: setting element to enabled: true
2013/10/09 11:30:05 DEBUG - jmeter.gui.AbstractJMeterGuiComponent: setting element to enabled: true
2013/10/09 11:30:05 DEBUG - jmeter.testbeans.gui.TestBeanGUI: testing class: org.apache.jmeter.timers.BSFTimer
2013/10/09 11:30:05 DEBUG - jmeter.testbeans.BeanInfoSupport: Getting property for: scriptLanguage
2013/10/09 11:30:05 DEBUG - jmeter.testbeans.BeanInfoSupport: Getting property for: parameters
2013/10/09 11:30:05 DEBUG - jmeter.testbeans.BeanInfoSupport: Getting property for: filename
2013/10/09 11:30:05 DEBUG - jmeter.testbeans.BeanInfoSupport: Getting property for: script
2013/10/09 11:30:05 DEBUG - jmeter.testbeans.gui.TestBeanGUI: testing class: org.apache.jmeter.timers.BeanShellTimer
2013/10/09 11:30:05 DEBUG - jmeter.testbeans.BeanInfoSupport: Localized short description not available for property resetInterpreter in class org.apache.jmeter.timers.BeanShellTimer
2013/10/09 11:30:05 DEBUG - jmeter.testbeans.BeanInfoSupport: Getting property for: resetInterpreter
2013/10/09 11:30:05 DEBUG - jmeter.testbeans.BeanInfoSupport: Getting property for: parameters
2013/10/09 11:30:05 DEBUG - jmeter.testbeans.BeanInfoSupport: Getting property for: filename
2013/10/09 11:30:05 DEBUG - jmeter.testbeans.BeanInfoSupport: Getting property for: script
2013/10/09 11:30:05 DEBUG - jmeter.testbeans.gui.TestBeanGUI: testing class: org.apache.jmeter.timers.ConstantThroughputTimer
2013/10/09 11:30:05 DEBUG - jmeter.testbeans.BeanInfoSupport: Getting property for: throughput
2013/10/09 11:30:05 DEBUG - jmeter.testbeans.BeanInfoSupport: Getting property for: calcMode
2013/10/09 11:30:05 DEBUG - jmeter.testbeans.gui.TestBeanGUI: testing class: org.apache.jmeter.timers.JSR223Timer
2013/10/09 11:30:05 DEBUG - jmeter.testbeans.BeanInfoSupport: Getting property for: scriptLanguage
2013/10/09 11:30:05 DEBUG - jmeter.testbeans.BeanInfoSupport: Getting property for: parameters
2013/10/09 11:30:05 DEBUG - jmeter.testbeans.BeanInfoSupport: Getting property for: filename
2013/10/09 11:30:05 DEBUG - jmeter.testbeans.BeanInfoSupport: Getting property for: cacheKey
2013/10/09 11:30:05 DEBUG - jmeter.testbeans.BeanInfoSupport: Getting property for: script
2013/10/09 11:30:05 DEBUG - jmeter.testbeans.gui.TestBeanGUI: testing class: org.apache.jmeter.timers.SyncTimer
2013/10/09 11:30:05 DEBUG - jmeter.testbeans.BeanInfoSupport: Getting property for: groupSize
2013/10/09 11:30:05 DEBUG - jmeter.testbeans.gui.TestBeanGUI: testing class: org.apache.jmeter.visualizers.BSFListener
2013/10/09 11:30:05 DEBUG - jmeter.testbeans.BeanInfoSupport: Localized display name not available for property stats in class org.apache.jmeter.visualizers.BSFListener
2013/10/09 11:30:05 DEBUG - jmeter.testbeans.BeanInfoSupport: Localized short description not available for property stats in class org.apache.jmeter.visualizers.BSFListener
2013/10/09 11:30:05 DEBUG - jmeter.testbeans.BeanInfoSupport: Getting property for: scriptLanguage
2013/10/09 11:30:05 DEBUG - jmeter.testbeans.BeanInfoSupport: Getting property for: parameters
2013/10/09 11:30:05 DEBUG - jmeter.testbeans.BeanInfoSupport: Getting property for: filename
2013/10/09 11:30:05 DEBUG - jmeter.testbeans.BeanInfoSupport: Getting property for: script
2013/10/09 11:30:05 DEBUG - jmeter.testbeans.gui.TestBeanGUI: testing class: org.apache.jmeter.visualizers.BeanShellListener
2013/10/09 11:30:05 DEBUG - jmeter.testbeans.BeanInfoSupport: Localized short description not available for property resetInterpreter in class org.apache.jmeter.visualizers.BeanShellListener
2013/10/09 11:30:05 DEBUG - jmeter.testbeans.BeanInfoSupport: Localized display name not available for property stats in class org.apache.jmeter.visualizers.BeanShellListener
2013/10/09 11:30:05 DEBUG - jmeter.testbeans.BeanInfoSupport: Localized short description not available for property stats in class org.apache.jmeter.visualizers.BeanShellListener
2013/10/09 11:30:05 DEBUG - jmeter.testbeans.BeanInfoSupport: Getting property for: resetInterpreter
2013/10/09 11:30:05 DEBUG - jmeter.testbeans.BeanInfoSupport: Getting property for: parameters
2013/10/09 11:30:05 DEBUG - jmeter.testbeans.BeanInfoSupport: Getting property for: filename
2013/10/09 11:30:05 DEBUG - jmeter.testbeans.BeanInfoSupport: Getting property for: script
2013/10/09 11:30:05 DEBUG - jmeter.testbeans.gui.TestBeanGUI: testing class: org.apache.jmeter.visualizers.JSR223Listener
2013/10/09 11:30:05 DEBUG - jmeter.testbeans.BeanInfoSupport: Localized display name not available for property stats in class org.apache.jmeter.visualizers.JSR223Listener
2013/10/09 11:30:05 DEBUG - jmeter.testbeans.BeanInfoSupport: Localized short description not available for property stats in class org.apache.jmeter.visualizers.JSR223Listener
2013/10/09 11:30:05 DEBUG - jmeter.testbeans.BeanInfoSupport: Getting property for: scriptLanguage
2013/10/09 11:30:05 DEBUG - jmeter.testbeans.BeanInfoSupport: Getting property for: parameters
2013/10/09 11:30:05 DEBUG - jmeter.testbeans.BeanInfoSupport: Getting property for: filename
2013/10/09 11:30:05 DEBUG - jmeter.testbeans.BeanInfoSupport: Getting property for: cacheKey
2013/10/09 11:30:05 DEBUG - jmeter.testbeans.BeanInfoSupport: Getting property for: script
2013/10/09 11:30:05 INFO  - jmeter.samplers.SampleResult: Note: Sample TimeStamps are START times
2013/10/09 11:30:05 INFO  - jmeter.samplers.SampleResult: sampleresult.default.encoding is set to ISO-8859-1
2013/10/09 11:30:05 INFO  - jmeter.samplers.SampleResult: sampleresult.useNanoTime=true
2013/10/09 11:30:05 INFO  - jmeter.samplers.SampleResult: sampleresult.nanoThreadSleep=5000
2013/10/09 11:30:05 DEBUG - jmeter.visualizers.ViewResultsFullVisualizer: init() - pass
2013/10/09 11:30:05 DEBUG - jmeter.gui.GuiPackage: Updating current node WorkBench
2013/10/09 11:30:05 DEBUG - jmeter.gui.GuiPackage: Gui retrieved = org.apache.jmeter.control.gui.WorkBenchGui[WorkBench,0,0,1181x782,layout=java.awt.BorderLayout,alignmentX=0.0,alignmentY=0.0,border=javax.swing.border.EmptyBorder@77fe4169,flags=9,maximumSize=,minimumSize=,preferredSize=]
2013/10/09 11:30:05 DEBUG - jmeter.gui.AbstractJMeterGuiComponent: setting element to enabled: true
2013/10/09 11:30:05 DEBUG - jmeter.gui.GuiPackage: Gui retrieved = org.apache.jmeter.control.gui.TestPlanGui[Test Plan,0,0,0x0,invalid,layout=java.awt.BorderLayout,alignmentX=0.0,alignmentY=0.0,border=javax.swing.border.EmptyBorder@36e3fd79,flags=9,maximumSize=,minimumSize=,preferredSize=]
2013/10/09 11:30:05 DEBUG - jmeter.gui.GuiPackage: Updating gui to new node
2013/10/09 11:30:05 DEBUG - jmeter.gui.GuiPackage: Updating current node Test Plan
2013/10/09 11:30:05 DEBUG - jmeter.gui.GuiPackage: Gui retrieved = org.apache.jmeter.control.gui.TestPlanGui[Test Plan,0,0,0x0,invalid,layout=java.awt.BorderLayout,alignmentX=0.0,alignmentY=0.0,border=javax.swing.border.EmptyBorder@36e3fd79,flags=9,maximumSize=,minimumSize=,preferredSize=]
2013/10/09 11:30:05 DEBUG - jmeter.gui.AbstractJMeterGuiComponent: setting element to enabled: true
2013/10/09 11:30:05 DEBUG - jmeter.gui.AbstractJMeterGuiComponent: setting element to enabled: true
2013/10/09 11:30:05 DEBUG - jmeter.gui.GuiPackage: Gui retrieved = org.apache.jmeter.control.gui.TestPlanGui[Test Plan,0,0,0x0,invalid,layout=java.awt.BorderLayout,alignmentX=0.0,alignmentY=0.0,border=javax.swing.border.EmptyBorder@36e3fd79,flags=9,maximumSize=,minimumSize=,preferredSize=]
2013/10/09 11:30:05 DEBUG - jmeter.gui.action.CheckDirty: Node is class:class org.apache.jmeter.gui.tree.JMeterTreeNode
2013/10/09 11:30:05 DEBUG - jmeter.gui.action.CheckDirty: Node is class:class org.apache.jmeter.gui.tree.JMeterTreeNode
2013/10/09 11:30:05 DEBUG - jmeter.gui.GuiPackage: Updating current node Test Plan
2013/10/09 11:30:05 DEBUG - jmeter.gui.GuiPackage: Gui retrieved = org.apache.jmeter.control.gui.TestPlanGui[Test Plan,0,0,0x0,invalid,layout=java.awt.BorderLayout,alignmentX=0.0,alignmentY=0.0,border=javax.swing.border.EmptyBorder@36e3fd79,flags=9,maximumSize=,minimumSize=,preferredSize=]
2013/10/09 11:30:05 DEBUG - jmeter.gui.AbstractJMeterGuiComponent: setting element to enabled: true
2013/10/09 11:30:05 DEBUG - jmeter.gui.AbstractJMeterGuiComponent: setting element to enabled: true
2013/10/09 11:30:05 DEBUG - jmeter.gui.GuiPackage: Gui retrieved = org.apache.jmeter.control.gui.TestPlanGui[Test Plan,0,0,0x0,invalid,layout=java.awt.BorderLayout,alignmentX=0.0,alignmentY=0.0,border=javax.swing.border.EmptyBorder@36e3fd79,flags=9,maximumSize=,minimumSize=,preferredSize=]
2013/10/09 11:30:05 DEBUG - jmeter.gui.GuiPackage: Updating current node Test Plan
2013/10/09 11:30:05 DEBUG - jmeter.gui.GuiPackage: Gui retrieved = org.apache.jmeter.control.gui.TestPlanGui[Test Plan,0,0,0x0,invalid,layout=java.awt.BorderLayout,alignmentX=0.0,alignmentY=0.0,border=javax.swing.border.EmptyBorder@36e3fd79,flags=9,maximumSize=,minimumSize=,preferredSize=]
2013/10/09 11:30:05 DEBUG - jmeter.gui.AbstractJMeterGuiComponent: setting element to enabled: true
2013/10/09 11:30:05 DEBUG - jmeter.gui.AbstractJMeterGuiComponent: setting element to enabled: true
2013/10/09 11:30:05 DEBUG - jmeter.gui.GuiPackage: Gui retrieved = org.apache.jmeter.control.gui.TestPlanGui[Test Plan,0,0,0x0,invalid,layout=java.awt.BorderLayout,alignmentX=0.0,alignmentY=0.0,border=javax.swing.border.EmptyBorder@36e3fd79,flags=9,maximumSize=,minimumSize=,preferredSize=]
2013/10/09 11:30:05 DEBUG - jmeter.gui.GuiPackage: Updating gui to new node
2013/10/09 11:30:05 DEBUG - jmeter.gui.GuiPackage: Gui retrieved = org.apache.jmeter.control.gui.TestPlanGui[Test Plan,0,0,0x0,invalid,layout=java.awt.BorderLayout,alignmentX=0.0,alignmentY=0.0,border=javax.swing.border.EmptyBorder@36e3fd79,flags=9,maximumSize=,minimumSize=,preferredSize=]
2013/10/09 11:30:05 DEBUG - jmeter.gui.GuiPackage: Updating current node Test Plan
2013/10/09 11:30:05 DEBUG - jmeter.gui.GuiPackage: Gui retrieved = org.apache.jmeter.control.gui.TestPlanGui[Test Plan,0,0,0x0,invalid,layout=java.awt.BorderLayout,alignmentX=0.0,alignmentY=0.0,border=javax.swing.border.EmptyBorder@36e3fd79,flags=9,maximumSize=,minimumSize=,preferredSize=]
2013/10/09 11:30:05 DEBUG - jmeter.gui.AbstractJMeterGuiComponent: setting element to enabled: true
2013/10/09 11:30:05 DEBUG - jmeter.gui.AbstractJMeterGuiComponent: setting element to enabled: true
2013/10/09 11:30:05 DEBUG - jmeter.gui.GuiPackage: Gui retrieved = org.apache.jmeter.control.gui.TestPlanGui[Test Plan,0,0,0x0,invalid,layout=java.awt.BorderLayout,alignmentX=0.0,alignmentY=0.0,border=javax.swing.border.EmptyBorder@36e3fd79,flags=9,maximumSize=,minimumSize=,preferredSize=]
2013/10/09 11:30:05 DEBUG - jmeter.gui.GuiPackage: Updating gui to new node
2013/10/09 11:32:17 DEBUG - jmeter.gui.GuiPackage: Updating current node Test Plan
2013/10/09 11:32:17 DEBUG - jmeter.gui.GuiPackage: Gui retrieved = org.apache.jmeter.control.gui.TestPlanGui[Test Plan,0,0,1181x782,invalid,layout=java.awt.BorderLayout,alignmentX=0.0,alignmentY=0.0,border=javax.swing.border.EmptyBorder@36e3fd79,flags=9,maximumSize=,minimumSize=,preferredSize=]
2013/10/09 11:32:17 DEBUG - jmeter.gui.AbstractJMeterGuiComponent: setting element to enabled: true
2013/10/09 11:32:17 DEBUG - jmeter.gui.AbstractJMeterGuiComponent: setting element to enabled: true
2013/10/09 11:32:17 DEBUG - jmeter.gui.GuiPackage: Gui retrieved = org.apache.jmeter.control.gui.TestPlanGui[Test Plan,0,0,1181x782,invalid,layout=java.awt.BorderLayout,alignmentX=0.0,alignmentY=0.0,border=javax.swing.border.EmptyBorder@36e3fd79,flags=9,maximumSize=,minimumSize=,preferredSize=]
2013/10/09 11:32:17 DEBUG - jmeter.gui.GuiPackage: Updating current node Test Plan
2013/10/09 11:32:17 DEBUG - jmeter.gui.GuiPackage: Gui retrieved = org.apache.jmeter.control.gui.TestPlanGui[Test Plan,0,0,1181x782,invalid,layout=java.awt.BorderLayout,alignmentX=0.0,alignmentY=0.0,border=javax.swing.border.EmptyBorder@36e3fd79,flags=9,maximumSize=,minimumSize=,preferredSize=]
2013/10/09 11:32:17 DEBUG - jmeter.gui.AbstractJMeterGuiComponent: setting element to enabled: true
2013/10/09 11:32:17 DEBUG - jmeter.gui.AbstractJMeterGuiComponent: setting element to enabled: true
2013/10/09 11:32:17 DEBUG - jmeter.gui.GuiPackage: Gui retrieved = org.apache.jmeter.control.gui.TestPlanGui[Test Plan,0,0,1181x782,invalid,layout=java.awt.BorderLayout,alignmentX=0.0,alignmentY=0.0,border=javax.swing.border.EmptyBorder@36e3fd79,flags=9,maximumSize=,minimumSize=,preferredSize=]
2013/10/09 11:32:17 DEBUG - jmeter.gui.action.CheckDirty: Node is class:class org.apache.jmeter.gui.tree.JMeterTreeNode
2013/10/09 11:32:17 DEBUG - jmeter.gui.GuiPackage: Updating current node Test Plan
2013/10/09 11:32:17 DEBUG - jmeter.gui.GuiPackage: Gui retrieved = org.apache.jmeter.control.gui.TestPlanGui[Test Plan,0,0,1181x782,invalid,layout=java.awt.BorderLayout,alignmentX=0.0,alignmentY=0.0,border=javax.swing.border.EmptyBorder@36e3fd79,flags=9,maximumSize=,minimumSize=,preferredSize=]
2013/10/09 11:32:17 DEBUG - jmeter.gui.AbstractJMeterGuiComponent: setting element to enabled: true
2013/10/09 11:32:17 DEBUG - jmeter.gui.AbstractJMeterGuiComponent: setting element to enabled: true
2013/10/09 11:32:17 DEBUG - jmeter.gui.GuiPackage: Gui retrieved = org.apache.jmeter.control.gui.TestPlanGui[Test Plan,0,0,1181x782,invalid,layout=java.awt.BorderLayout,alignmentX=0.0,alignmentY=0.0,border=javax.swing.border.EmptyBorder@36e3fd79,flags=9,maximumSize=,minimumSize=,preferredSize=]
2013/10/09 11:32:17 DEBUG - jmeter.gui.AbstractJMeterGuiComponent: setting element to enabled: true
2013/10/09 11:32:17 DEBUG - jmeter.gui.AbstractJMeterGuiComponent: setting element to enabled: true
2013/10/09 11:32:17 DEBUG - jmeter.gui.tree.JMeterTreeListener: value changed, updating currentPath
2013/10/09 11:32:17 DEBUG - jmeter.gui.AbstractJMeterGuiComponent: setting element to enabled: true
2013/10/09 11:32:17 INFO  - jmeter.services.FileServer: Default base='/Users/me/Documents/loadtest/plans'
2013/10/09 11:32:17 DEBUG - jmeter.gui.tree.JMeterTreeListener: value changed, updating currentPath
2013/10/09 11:32:17 DEBUG - jmeter.gui.GuiPackage: Updating current node Test Plan
2013/10/09 11:32:17 DEBUG - jmeter.gui.GuiPackage: Gui retrieved = org.apache.jmeter.control.gui.TestPlanGui[Test Plan,0,0,1181x782,invalid,layout=java.awt.BorderLayout,alignmentX=0.0,alignmentY=0.0,border=javax.swing.border.EmptyBorder@36e3fd79,flags=9,maximumSize=,minimumSize=,preferredSize=]
2013/10/09 11:32:17 DEBUG - jmeter.gui.AbstractJMeterGuiComponent: setting element to enabled: true
2013/10/09 11:32:17 DEBUG - jmeter.gui.AbstractJMeterGuiComponent: setting element to enabled: true
2013/10/09 11:32:17 DEBUG - jmeter.gui.GuiPackage: Gui retrieved = org.apache.jmeter.control.gui.TestPlanGui[Test Plan,0,0,1181x782,invalid,layout=java.awt.BorderLayout,alignmentX=0.0,alignmentY=0.0,border=javax.swing.border.EmptyBorder@36e3fd79,flags=9,maximumSize=,minimumSize=,preferredSize=]
2013/10/09 11:32:17 INFO  - jmeter.gui.action.Load: Loading file: /Users/me/Documents/loadtest/plans/lb_test.jmx
2013/10/09 11:32:17 INFO  - jmeter.services.FileServer: Set new base='/Users/me/Documents/loadtest/plans'
2013/10/09 11:32:17 INFO  - jmeter.save.SaveService: Testplan (JMX) version: 2.2. Testlog (JTL) version: 2.2
2013/10/09 11:32:17 INFO  - jmeter.save.SaveService: Using SaveService properties file encoding UTF-8
2013/10/09 11:32:17 INFO  - jmeter.save.SaveService: Using SaveService properties file version 1427507
2013/10/09 11:32:17 INFO  - jmeter.save.SaveService: Using SaveService properties version 2.4
2013/10/09 11:32:17 INFO  - jmeter.save.SaveService: All converter versions present and correct
2013/10/09 11:32:17 INFO  - jmeter.protocol.http.control.CookieManager: Settings: Delete null: true Check: true Allow variable: true Save: false Prefix: COOKIE_
2013/10/09 11:32:17 DEBUG - jmeter.protocol.http.control.CookieManager: Clear all cookies from store
2013/10/09 11:32:17 DEBUG - jmeter.gui.tree.JMeterTreeListener: value changed, updating currentPath
2013/10/09 11:32:17 DEBUG - jmeter.gui.AbstractJMeterGuiComponent: setting element to enabled: true
2013/10/09 11:32:17 DEBUG - jmeter.gui.GuiPackage: Updating current node Test Plan
2013/10/09 11:32:17 DEBUG - jmeter.gui.GuiPackage: Gui retrieved = org.apache.jmeter.control.gui.TestPlanGui[Test Plan,0,0,1181x782,invalid,layout=java.awt.BorderLayout,alignmentX=0.0,alignmentY=0.0,border=javax.swing.border.EmptyBorder@36e3fd79,flags=9,maximumSize=,minimumSize=,preferredSize=]
2013/10/09 11:32:17 DEBUG - jmeter.gui.AbstractJMeterGuiComponent: setting element to enabled: true
2013/10/09 11:32:17 DEBUG - jmeter.gui.AbstractJMeterGuiComponent: setting element to enabled: true
2013/10/09 11:32:17 DEBUG - jmeter.gui.AbstractJMeterGuiComponent: setting element to enabled: true
2013/10/09 11:32:17 DEBUG - jmeter.gui.GuiPackage: Gui retrieved = org.apache.jmeter.threads.gui.ThreadGroupGui[Thread Group,0,0,0x0,invalid,layout=java.awt.BorderLayout,alignmentX=0.0,alignmentY=0.0,border=javax.swing.border.EmptyBorder@510699ea,flags=9,maximumSize=,minimumSize=,preferredSize=]
2013/10/09 11:32:17 DEBUG - jmeter.gui.AbstractJMeterGuiComponent: setting element to enabled: true
2013/10/09 11:32:17 DEBUG - jmeter.gui.AbstractJMeterGuiComponent: setting element to enabled: true
2013/10/09 11:32:17 DEBUG - jmeter.gui.GuiPackage: Gui retrieved = org.apache.jmeter.control.gui.WorkBenchGui[WorkBench,0,0,1181x782,invalid,layout=java.awt.BorderLayout,alignmentX=0.0,alignmentY=0.0,border=javax.swing.border.EmptyBorder@77fe4169,flags=9,maximumSize=,minimumSize=,preferredSize=]
2013/10/09 11:32:17 DEBUG - jmeter.gui.GuiPackage: Updating gui to new node
2013/10/09 11:32:17 DEBUG - jmeter.gui.GuiPackage: Updating current node WorkBench
2013/10/09 11:32:17 DEBUG - jmeter.gui.GuiPackage: Gui retrieved = org.apache.jmeter.control.gui.WorkBenchGui[WorkBench,0,0,1181x782,invalid,layout=java.awt.BorderLayout,alignmentX=0.0,alignmentY=0.0,border=javax.swing.border.EmptyBorder@77fe4169,flags=9,maximumSize=,minimumSize=,preferredSize=]
2013/10/09 11:32:17 DEBUG - jmeter.gui.AbstractJMeterGuiComponent: setting element to enabled: true
2013/10/09 11:32:17 DEBUG - jmeter.gui.GuiPackage: Gui retrieved = org.apache.jmeter.protocol.http.config.gui.HttpDefaultsGui[HTTP Request Defaults,0,0,0x0,invalid,layout=java.awt.BorderLayout,alignmentX=0.0,alignmentY=0.0,border=javax.swing.border.EmptyBorder@2180e7a4,flags=9,maximumSize=,minimumSize=,preferredSize=]
2013/10/09 11:32:17 DEBUG - jmeter.gui.AbstractJMeterGuiComponent: setting element to enabled: true
2013/10/09 11:32:17 DEBUG - jmeter.gui.AbstractJMeterGuiComponent: setting element to enabled: true
2013/10/09 11:32:17 DEBUG - jmeter.gui.GuiPackage: Gui retrieved = org.apache.jmeter.control.gui.WorkBenchGui[WorkBench,0,0,1181x782,invalid,layout=java.awt.BorderLayout,alignmentX=0.0,alignmentY=0.0,border=javax.swing.border.EmptyBorder@77fe4169,flags=9,maximumSize=,minimumSize=,preferredSize=]
2013/10/09 11:32:17 DEBUG - jmeter.gui.GuiPackage: Updating gui to new node
2013/10/09 11:32:17 DEBUG - jmeter.gui.GuiPackage: Updating current node WorkBench
2013/10/09 11:32:17 DEBUG - jmeter.gui.GuiPackage: Gui retrieved = org.apache.jmeter.control.gui.WorkBenchGui[WorkBench,0,0,1181x782,invalid,layout=java.awt.BorderLayout,alignmentX=0.0,alignmentY=0.0,border=javax.swing.border.EmptyBorder@77fe4169,flags=9,maximumSize=,minimumSize=,preferredSize=]
2013/10/09 11:32:17 DEBUG - jmeter.gui.AbstractJMeterGuiComponent: setting element to enabled: true
2013/10/09 11:32:17 DEBUG - jmeter.gui.GuiPackage: Gui retrieved = org.apache.jmeter.protocol.http.gui.CookiePanel[HTTP Cookie Manager,0,0,0x0,invalid,layout=java.awt.BorderLayout,alignmentX=0.0,alignmentY=0.0,border=javax.swing.border.EmptyBorder@2507e9a8,flags=9,maximumSize=,minimumSize=,preferredSize=]
2013/10/09 11:32:17 DEBUG - jmeter.protocol.http.control.CookieManager: Clear all cookies from store
2013/10/09 11:32:17 DEBUG - jmeter.gui.AbstractJMeterGuiComponent: setting element to enabled: true
2013/10/09 11:32:17 DEBUG - jmeter.gui.GuiPackage: Gui retrieved = org.apache.jmeter.control.gui.WorkBenchGui[WorkBench,0,0,1181x782,invalid,layout=java.awt.BorderLayout,alignmentX=0.0,alignmentY=0.0,border=javax.swing.border.EmptyBorder@77fe4169,flags=9,maximumSize=,minimumSize=,preferredSize=]
2013/10/09 11:32:17 DEBUG - jmeter.gui.GuiPackage: Updating gui to new node
2013/10/09 11:32:17 DEBUG - jmeter.gui.GuiPackage: Updating current node WorkBench
2013/10/09 11:32:17 DEBUG - jmeter.gui.GuiPackage: Gui retrieved = org.apache.jmeter.control.gui.WorkBenchGui[WorkBench,0,0,1181x782,invalid,layout=java.awt.BorderLayout,alignmentX=0.0,alignmentY=0.0,border=javax.swing.border.EmptyBorder@77fe4169,flags=9,maximumSize=,minimumSize=,preferredSize=]
2013/10/09 11:32:17 DEBUG - jmeter.gui.AbstractJMeterGuiComponent: setting element to enabled: true
2013/10/09 11:32:17 DEBUG - jmeter.gui.GuiPackage: Gui retrieved = org.apache.jmeter.protocol.http.gui.HeaderPanel[HTTP Header Manager,0,0,0x0,invalid,layout=java.awt.BorderLayout,alignmentX=0.0,alignmentY=0.0,border=javax.swing.border.EmptyBorder@7eb1fea4,flags=9,maximumSize=,minimumSize=,preferredSize=]
2013/10/09 11:32:17 DEBUG - jmeter.testelement.property.AbstractProperty: merging in class org.apache.jmeter.testelement.property.CollectionProperty
2013/10/09 11:32:17 DEBUG - jmeter.testelement.property.AbstractProperty: merging in class org.apache.jmeter.testelement.property.CollectionProperty
2013/10/09 11:32:17 DEBUG - jmeter.gui.AbstractJMeterGuiComponent: setting element to enabled: true
2013/10/09 11:32:17 DEBUG - jmeter.gui.GuiPackage: Gui retrieved = org.apache.jmeter.control.gui.WorkBenchGui[WorkBench,0,0,1181x782,invalid,layout=java.awt.BorderLayout,alignmentX=0.0,alignmentY=0.0,border=javax.swing.border.EmptyBorder@77fe4169,flags=9,maximumSize=,minimumSize=,preferredSize=]
2013/10/09 11:32:17 DEBUG - jmeter.gui.GuiPackage: Updating gui to new node
2013/10/09 11:32:17 DEBUG - jmeter.gui.GuiPackage: Updating current node WorkBench
2013/10/09 11:32:17 DEBUG - jmeter.gui.GuiPackage: Gui retrieved = org.apache.jmeter.control.gui.WorkBenchGui[WorkBench,0,0,1181x782,invalid,layout=java.awt.BorderLayout,alignmentX=0.0,alignmentY=0.0,border=javax.swing.border.EmptyBorder@77fe4169,flags=9,maximumSize=,minimumSize=,preferredSize=]
2013/10/09 11:32:17 DEBUG - jmeter.gui.AbstractJMeterGuiComponent: setting element to enabled: true
2013/10/09 11:32:17 DEBUG - jmeter.gui.GuiPackage: Gui retrieved = org.apache.jmeter.control.gui.LogicControllerGui[Simple Controller,0,0,0x0,invalid,layout=java.awt.BorderLayout,alignmentX=0.0,alignmentY=0.0,border=javax.swing.border.EmptyBorder@47042c25,flags=9,maximumSize=,minimumSize=,preferredSize=]
2013/10/09 11:32:17 DEBUG - jmeter.gui.AbstractJMeterGuiComponent: setting element to enabled: true
2013/10/09 11:32:17 DEBUG - jmeter.gui.GuiPackage: Gui retrieved = org.apache.jmeter.control.gui.WorkBenchGui[WorkBench,0,0,1181x782,invalid,layout=java.awt.BorderLayout,alignmentX=0.0,alignmentY=0.0,border=javax.swing.border.EmptyBorder@77fe4169,flags=9,maximumSize=,minimumSize=,preferredSize=]
2013/10/09 11:32:18 DEBUG - jmeter.gui.GuiPackage: Updating gui to new node
2013/10/09 11:32:18 DEBUG - jmeter.gui.GuiPackage: Updating current node WorkBench
2013/10/09 11:32:18 DEBUG - jmeter.gui.GuiPackage: Gui retrieved = org.apache.jmeter.control.gui.WorkBenchGui[WorkBench,0,0,1181x782,invalid,layout=java.awt.BorderLayout,alignmentX=0.0,alignmentY=0.0,border=javax.swing.border.EmptyBorder@77fe4169,flags=9,maximumSize=,minimumSize=,preferredSize=]
2013/10/09 11:32:18 DEBUG - jmeter.gui.AbstractJMeterGuiComponent: setting element to enabled: true
2013/10/09 11:32:18 DEBUG - jmeter.gui.GuiPackage: Gui retrieved = org.apache.jmeter.protocol.http.control.gui.HttpTestSampleGui[HTTP Request,0,0,0x0,invalid,layout=java.awt.BorderLayout,alignmentX=0.0,alignmentY=0.0,border=javax.swing.border.EmptyBorder@62ee558f,flags=9,maximumSize=,minimumSize=,preferredSize=]
2013/10/09 11:32:18 DEBUG - jmeter.gui.AbstractJMeterGuiComponent: setting element to enabled: true
2013/10/09 11:32:18 DEBUG - jmeter.gui.AbstractJMeterGuiComponent: setting element to enabled: true
2013/10/09 11:32:18 DEBUG - jmeter.gui.GuiPackage: Gui retrieved = org.apache.jmeter.control.gui.WorkBenchGui[WorkBench,0,0,1181x782,invalid,layout=java.awt.BorderLayout,alignmentX=0.0,alignmentY=0.0,border=javax.swing.border.EmptyBorder@77fe4169,flags=9,maximumSize=,minimumSize=,preferredSize=]
2013/10/09 11:32:18 DEBUG - jmeter.gui.GuiPackage: Updating gui to new node
2013/10/09 11:32:18 DEBUG - jmeter.gui.GuiPackage: Updating current node WorkBench
2013/10/09 11:32:18 DEBUG - jmeter.gui.GuiPackage: Gui retrieved = org.apache.jmeter.control.gui.WorkBenchGui[WorkBench,0,0,1181x782,invalid,layout=java.awt.BorderLayout,alignmentX=0.0,alignmentY=0.0,border=javax.swing.border.EmptyBorder@77fe4169,flags=9,maximumSize=,minimumSize=,preferredSize=]
2013/10/09 11:32:18 DEBUG - jmeter.gui.AbstractJMeterGuiComponent: setting element to enabled: true
2013/10/09 11:32:18 DEBUG - jmeter.visualizers.ViewResultsFullVisualizer: init() - pass
2013/10/09 11:32:18 DEBUG - jmeter.gui.GuiPackage: Gui retrieved = org.apache.jmeter.visualizers.ViewResultsFullVisualizer[View Results Tree,0,0,0x0,invalid,layout=java.awt.BorderLayout,alignmentX=0.0,alignmentY=0.0,border=javax.swing.border.EmptyBorder@1f8a6890,flags=9,maximumSize=,minimumSize=,preferredSize=]
2013/10/09 11:32:18 DEBUG - jmeter.gui.AbstractJMeterGuiComponent: setting element to enabled: false
2013/10/09 11:32:18 DEBUG - jmeter.gui.GuiPackage: Gui retrieved = org.apache.jmeter.control.gui.WorkBenchGui[WorkBench,0,0,1181x782,invalid,layout=java.awt.BorderLayout,alignmentX=0.0,alignmentY=0.0,border=javax.swing.border.EmptyBorder@77fe4169,flags=9,maximumSize=,minimumSize=,preferredSize=]
2013/10/09 11:32:18 DEBUG - jmeter.gui.GuiPackage: Updating gui to new node
2013/10/09 11:32:18 DEBUG - jmeter.gui.GuiPackage: Updating current node WorkBench
2013/10/09 11:32:18 DEBUG - jmeter.gui.GuiPackage: Gui retrieved = org.apache.jmeter.control.gui.WorkBenchGui[WorkBench,0,0,1181x782,invalid,layout=java.awt.BorderLayout,alignmentX=0.0,alignmentY=0.0,border=javax.swing.border.EmptyBorder@77fe4169,flags=9,maximumSize=,minimumSize=,preferredSize=]
2013/10/09 11:32:18 DEBUG - jmeter.gui.AbstractJMeterGuiComponent: setting element to enabled: true
2013/10/09 11:32:18 DEBUG - jmeter.gui.GuiPackage: Gui retrieved = org.apache.jmeter.control.gui.WorkBenchGui[WorkBench,0,0,1181x782,invalid,layout=java.awt.BorderLayout,alignmentX=0.0,alignmentY=0.0,border=javax.swing.border.EmptyBorder@77fe4169,flags=9,maximumSize=,minimumSize=,preferredSize=]
2013/10/09 11:32:18 DEBUG - jmeter.gui.tree.JMeterTreeListener: value changed, updating currentPath
2013/10/09 11:32:18 DEBUG - jmeter.gui.tree.JMeterTreeListener: value changed, updating currentPath
2013/10/09 11:32:18 INFO  - jmeter.services.FileServer: Set new base='/Users/me/Documents/loadtest/plans'
2013/10/09 11:32:18 DEBUG - jmeter.gui.GuiPackage: Updating current node WorkBench
2013/10/09 11:32:18 DEBUG - jmeter.gui.GuiPackage: Gui retrieved = org.apache.jmeter.control.gui.WorkBenchGui[WorkBench,0,0,1181x782,invalid,layout=java.awt.BorderLayout,alignmentX=0.0,alignmentY=0.0,border=javax.swing.border.EmptyBorder@77fe4169,flags=9,maximumSize=,minimumSize=,preferredSize=]
2013/10/09 11:32:18 DEBUG - jmeter.gui.AbstractJMeterGuiComponent: setting element to enabled: true
2013/10/09 11:32:18 DEBUG - jmeter.gui.GuiPackage: Gui retrieved = org.apache.jmeter.threads.gui.ThreadGroupGui[test threads,0,0,0x0,invalid,layout=java.awt.BorderLayout,alignmentX=0.0,alignmentY=0.0,border=javax.swing.border.EmptyBorder@510699ea,flags=9,maximumSize=,minimumSize=,preferredSize=]
2013/10/09 11:32:18 DEBUG - jmeter.gui.GuiPackage: Updating current node test threads
2013/10/09 11:32:18 DEBUG - jmeter.gui.GuiPackage: Gui retrieved = org.apache.jmeter.threads.gui.ThreadGroupGui[test threads,0,0,0x0,invalid,layout=java.awt.BorderLayout,alignmentX=0.0,alignmentY=0.0,border=javax.swing.border.EmptyBorder@510699ea,flags=9,maximumSize=,minimumSize=,preferredSize=]
2013/10/09 11:32:18 DEBUG - jmeter.gui.AbstractJMeterGuiComponent: setting element to enabled: true
2013/10/09 11:32:18 DEBUG - jmeter.gui.AbstractJMeterGuiComponent: setting element to enabled: true
2013/10/09 11:32:18 DEBUG - jmeter.gui.GuiPackage: Gui retrieved = org.apache.jmeter.threads.gui.ThreadGroupGui[test threads,0,0,0x0,invalid,layout=java.awt.BorderLayout,alignmentX=0.0,alignmentY=0.0,border=javax.swing.border.EmptyBorder@510699ea,flags=9,maximumSize=,minimumSize=,preferredSize=]
2013/10/09 11:32:18 DEBUG - jmeter.gui.GuiPackage: Updating current node test threads
2013/10/09 11:32:18 DEBUG - jmeter.gui.GuiPackage: Gui retrieved = org.apache.jmeter.threads.gui.ThreadGroupGui[test threads,0,0,0x0,invalid,layout=java.awt.BorderLayout,alignmentX=0.0,alignmentY=0.0,border=javax.swing.border.EmptyBorder@510699ea,flags=9,maximumSize=,minimumSize=,preferredSize=]
2013/10/09 11:32:18 DEBUG - jmeter.gui.AbstractJMeterGuiComponent: setting element to enabled: true
2013/10/09 11:32:18 DEBUG - jmeter.gui.AbstractJMeterGuiComponent: setting element to enabled: true
2013/10/09 11:32:18 DEBUG - jmeter.gui.GuiPackage: Gui retrieved = org.apache.jmeter.threads.gui.ThreadGroupGui[test threads,0,0,0x0,invalid,layout=java.awt.BorderLayout,alignmentX=0.0,alignmentY=0.0,border=javax.swing.border.EmptyBorder@510699ea,flags=9,maximumSize=,minimumSize=,preferredSize=]
2013/10/09 11:32:18 DEBUG - jmeter.gui.GuiPackage: Updating gui to new node
2013/10/09 11:32:18 DEBUG - jmeter.gui.GuiPackage: Gui retrieved = org.apache.jmeter.threads.gui.ThreadGroupGui[test threads,0,0,0x0,invalid,layout=java.awt.BorderLayout,alignmentX=0.0,alignmentY=0.0,border=javax.swing.border.EmptyBorder@510699ea,flags=9,maximumSize=,minimumSize=,preferredSize=]
2013/10/09 11:32:18 DEBUG - jmeter.gui.GuiPackage: Updating current node test threads
2013/10/09 11:32:18 DEBUG - jmeter.gui.GuiPackage: Gui retrieved = org.apache.jmeter.threads.gui.ThreadGroupGui[test threads,0,0,0x0,invalid,layout=java.awt.BorderLayout,alignmentX=0.0,alignmentY=0.0,border=javax.swing.border.EmptyBorder@510699ea,flags=9,maximumSize=,minimumSize=,preferredSize=]
2013/10/09 11:32:18 DEBUG - jmeter.gui.AbstractJMeterGuiComponent: setting element to enabled: true
2013/10/09 11:32:18 DEBUG - jmeter.gui.AbstractJMeterGuiComponent: setting element to enabled: true
2013/10/09 11:32:18 DEBUG - jmeter.gui.GuiPackage: Gui retrieved = org.apache.jmeter.threads.gui.ThreadGroupGui[test threads,0,0,0x0,invalid,layout=java.awt.BorderLayout,alignmentX=0.0,alignmentY=0.0,border=javax.swing.border.EmptyBorder@510699ea,flags=9,maximumSize=,minimumSize=,preferredSize=]
2013/10/09 11:32:18 DEBUG - jmeter.gui.GuiPackage: Updating gui to new node
2013/10/09 11:32:18 DEBUG - jmeter.gui.GuiPackage: Updating current node test threads
2013/10/09 11:32:18 DEBUG - jmeter.gui.GuiPackage: Gui retrieved = org.apache.jmeter.threads.gui.ThreadGroupGui[test threads,0,0,0x0,invalid,layout=java.awt.BorderLayout,alignmentX=0.0,alignmentY=0.0,border=javax.swing.border.EmptyBorder@510699ea,flags=9,maximumSize=,minimumSize=,preferredSize=]
2013/10/09 11:32:18 DEBUG - jmeter.gui.AbstractJMeterGuiComponent: setting element to enabled: true
2013/10/09 11:32:18 DEBUG - jmeter.gui.AbstractJMeterGuiComponent: setting element to enabled: true
2013/10/09 11:32:18 DEBUG - jmeter.gui.GuiPackage: Gui retrieved = org.apache.jmeter.threads.gui.ThreadGroupGui[test threads,0,0,0x0,invalid,layout=java.awt.BorderLayout,alignmentX=0.0,alignmentY=0.0,border=javax.swing.border.EmptyBorder@510699ea,flags=9,maximumSize=,minimumSize=,preferredSize=]
2013/10/09 11:32:18 DEBUG - jmeter.gui.GuiPackage: Updating current node test threads
2013/10/09 11:32:18 DEBUG - jmeter.gui.GuiPackage: Gui retrieved = org.apache.jmeter.threads.gui.ThreadGroupGui[test threads,0,0,0x0,invalid,layout=java.awt.BorderLayout,alignmentX=0.0,alignmentY=0.0,border=javax.swing.border.EmptyBorder@510699ea,flags=9,maximumSize=,minimumSize=,preferredSize=]
2013/10/09 11:32:18 DEBUG - jmeter.gui.AbstractJMeterGuiComponent: setting element to enabled: true
2013/10/09 11:32:18 DEBUG - jmeter.gui.AbstractJMeterGuiComponent: setting element to enabled: true
2013/10/09 11:32:18 DEBUG - jmeter.gui.GuiPackage: Gui retrieved = org.apache.jmeter.threads.gui.ThreadGroupGui[test threads,0,0,0x0,invalid,layout=java.awt.BorderLayout,alignmentX=0.0,alignmentY=0.0,border=javax.swing.border.EmptyBorder@510699ea,flags=9,maximumSize=,minimumSize=,preferredSize=]
2013/10/09 11:32:18 DEBUG - jmeter.gui.GuiPackage: Updating gui to new node
2013/10/09 11:32:18 DEBUG - jmeter.gui.GuiPackage: Gui retrieved = org.apache.jmeter.threads.gui.ThreadGroupGui[test threads,0,0,0x0,invalid,layout=java.awt.BorderLayout,alignmentX=0.0,alignmentY=0.0,border=javax.swing.border.EmptyBorder@510699ea,flags=9,maximumSize=,minimumSize=,preferredSize=]
2013/10/09 11:32:18 DEBUG - jmeter.gui.GuiPackage: Updating current node test threads
2013/10/09 11:32:18 DEBUG - jmeter.gui.GuiPackage: Gui retrieved = org.apache.jmeter.threads.gui.ThreadGroupGui[test threads,0,0,0x0,invalid,layout=java.awt.BorderLayout,alignmentX=0.0,alignmentY=0.0,border=javax.swing.border.EmptyBorder@510699ea,flags=9,maximumSize=,minimumSize=,preferredSize=]
2013/10/09 11:32:18 DEBUG - jmeter.gui.AbstractJMeterGuiComponent: setting element to enabled: true
2013/10/09 11:32:18 DEBUG - jmeter.gui.AbstractJMeterGuiComponent: setting element to enabled: true
2013/10/09 11:32:18 DEBUG - jmeter.gui.GuiPackage: Gui retrieved = org.apache.jmeter.threads.gui.ThreadGroupGui[test threads,0,0,0x0,invalid,layout=java.awt.BorderLayout,alignmentX=0.0,alignmentY=0.0,border=javax.swing.border.EmptyBorder@510699ea,flags=9,maximumSize=,minimumSize=,preferredSize=]
2013/10/09 11:32:18 DEBUG - jmeter.gui.GuiPackage: Updating gui to new node
2013/10/09 11:32:18 DEBUG - jmeter.gui.GuiPackage: Updating current node test threads
2013/10/09 11:32:18 DEBUG - jmeter.gui.GuiPackage: Gui retrieved = org.apache.jmeter.threads.gui.ThreadGroupGui[test threads,0,0,0x0,invalid,layout=java.awt.BorderLayout,alignmentX=0.0,alignmentY=0.0,border=javax.swing.border.EmptyBorder@510699ea,flags=9,maximumSize=,minimumSize=,preferredSize=]
2013/10/09 11:32:18 DEBUG - jmeter.gui.AbstractJMeterGuiComponent: setting element to enabled: true
2013/10/09 11:32:18 DEBUG - jmeter.gui.AbstractJMeterGuiComponent: setting element to enabled: true
2013/10/09 11:32:18 DEBUG - jmeter.gui.GuiPackage: Gui retrieved = org.apache.jmeter.threads.gui.ThreadGroupGui[test threads,0,0,0x0,invalid,layout=java.awt.BorderLayout,alignmentX=0.0,alignmentY=0.0,border=javax.swing.border.EmptyBorder@510699ea,flags=9,maximumSize=,minimumSize=,preferredSize=]
2013/10/09 11:32:18 DEBUG - jmeter.gui.action.CheckDirty: Node is class:class org.apache.jmeter.gui.tree.JMeterTreeNode
2013/10/09 11:32:18 DEBUG - jmeter.gui.action.CheckDirty: Node is class:class org.apache.jmeter.gui.tree.JMeterTreeNode
2013/10/09 11:32:18 DEBUG - jmeter.gui.action.CheckDirty: Node is class:class org.apache.jmeter.gui.tree.JMeterTreeNode
2013/10/09 11:32:18 DEBUG - jmeter.gui.action.CheckDirty: Node is class:class org.apache.jmeter.gui.tree.JMeterTreeNode
2013/10/09 11:32:18 DEBUG - jmeter.protocol.http.control.CookieManager: Clear all cookies from store
2013/10/09 11:32:18 DEBUG - jmeter.gui.action.CheckDirty: Node is class:class org.apache.jmeter.gui.tree.JMeterTreeNode
2013/10/09 11:32:18 DEBUG - jmeter.gui.action.CheckDirty: Node is class:class org.apache.jmeter.gui.tree.JMeterTreeNode
2013/10/09 11:32:18 DEBUG - jmeter.gui.action.CheckDirty: Node is class:class org.apache.jmeter.gui.tree.JMeterTreeNode
2013/10/09 11:32:18 DEBUG - jmeter.gui.action.CheckDirty: Node is class:class org.apache.jmeter.gui.tree.JMeterTreeNode
2013/10/09 11:32:18 DEBUG - jmeter.gui.action.CheckDirty: Node is class:class org.apache.jmeter.gui.tree.JMeterTreeNode
2013/10/09 11:32:18 DEBUG - jmeter.gui.action.CheckDirty: Node is class:class org.apache.jmeter.gui.tree.JMeterTreeNode
2013/10/09 11:32:18 DEBUG - jmeter.gui.action.CheckDirty: Node is class:class org.apache.jmeter.gui.tree.JMeterTreeNode
2013/10/09 11:32:18 DEBUG - jmeter.gui.action.CheckDirty: Node is class:class org.apache.jmeter.gui.tree.JMeterTreeNode
2013/10/09 11:32:18 DEBUG - jmeter.gui.action.CheckDirty: Node is class:class org.apache.jmeter.gui.tree.JMeterTreeNode
2013/10/09 11:32:18 DEBUG - jmeter.gui.action.CheckDirty: Node is class:class org.apache.jmeter.gui.tree.JMeterTreeNode
2013/10/09 11:32:18 DEBUG - jmeter.gui.action.CheckDirty: Node is class:class org.apache.jmeter.gui.tree.JMeterTreeNode
2013/10/09 11:32:18 DEBUG - jmeter.gui.action.CheckDirty: Node is class:class org.apache.jmeter.gui.tree.JMeterTreeNode
2013/10/09 11:32:18 DEBUG - jmeter.gui.GuiPackage: Updating current node test threads
2013/10/09 11:32:18 DEBUG - jmeter.gui.GuiPackage: Gui retrieved = org.apache.jmeter.threads.gui.ThreadGroupGui[test threads,0,0,0x0,invalid,layout=java.awt.BorderLayout,alignmentX=0.0,alignmentY=0.0,border=javax.swing.border.EmptyBorder@510699ea,flags=9,maximumSize=,minimumSize=,preferredSize=]
2013/10/09 11:32:18 DEBUG - jmeter.gui.AbstractJMeterGuiComponent: setting element to enabled: true
2013/10/09 11:32:18 DEBUG - jmeter.gui.AbstractJMeterGuiComponent: setting element to enabled: true
2013/10/09 11:32:18 DEBUG - jmeter.gui.GuiPackage: Gui retrieved = org.apache.jmeter.threads.gui.ThreadGroupGui[test threads,0,0,0x0,invalid,layout=java.awt.BorderLayout,alignmentX=0.0,alignmentY=0.0,border=javax.swing.border.EmptyBorder@510699ea,flags=9,maximumSize=,minimumSize=,preferredSize=]
2013/10/09 11:32:18 DEBUG - jmeter.gui.GuiPackage: Updating current node test threads
2013/10/09 11:32:18 DEBUG - jmeter.gui.GuiPackage: Gui retrieved = org.apache.jmeter.threads.gui.ThreadGroupGui[test threads,0,0,0x0,invalid,layout=java.awt.BorderLayout,alignmentX=0.0,alignmentY=0.0,border=javax.swing.border.EmptyBorder@510699ea,flags=9,maximumSize=,minimumSize=,preferredSize=]
2013/10/09 11:32:18 DEBUG - jmeter.gui.AbstractJMeterGuiComponent: setting element to enabled: true
2013/10/09 11:32:18 DEBUG - jmeter.gui.AbstractJMeterGuiComponent: setting element to enabled: true
2013/10/09 11:32:18 DEBUG - jmeter.gui.GuiPackage: Gui retrieved = org.apache.jmeter.threads.gui.ThreadGroupGui[test threads,0,0,0x0,invalid,layout=java.awt.BorderLayout,alignmentX=0.0,alignmentY=0.0,border=javax.swing.border.EmptyBorder@510699ea,flags=9,maximumSize=,minimumSize=,preferredSize=]
2013/10/09 11:32:18 DEBUG - jmeter.gui.GuiPackage: Updating gui to new node
2013/10/09 11:32:18 DEBUG - jmeter.gui.GuiPackage: Gui retrieved = org.apache.jmeter.threads.gui.ThreadGroupGui[test threads,0,0,0x0,invalid,layout=java.awt.BorderLayout,alignmentX=0.0,alignmentY=0.0,border=javax.swing.border.EmptyBorder@510699ea,flags=9,maximumSize=,minimumSize=,preferredSize=]
2013/10/09 11:32:18 DEBUG - jmeter.gui.GuiPackage: Updating current node test threads
2013/10/09 11:32:18 DEBUG - jmeter.gui.GuiPackage: Gui retrieved = org.apache.jmeter.threads.gui.ThreadGroupGui[test threads,0,0,0x0,invalid,layout=java.awt.BorderLayout,alignmentX=0.0,alignmentY=0.0,border=javax.swing.border.EmptyBorder@510699ea,flags=9,maximumSize=,minimumSize=,preferredSize=]
2013/10/09 11:32:18 DEBUG - jmeter.gui.AbstractJMeterGuiComponent: setting element to enabled: true
2013/10/09 11:32:18 DEBUG - jmeter.gui.AbstractJMeterGuiComponent: setting element to enabled: true
2013/10/09 11:32:18 DEBUG - jmeter.gui.GuiPackage: Gui retrieved = org.apache.jmeter.threads.gui.ThreadGroupGui[test threads,0,0,0x0,invalid,layout=java.awt.BorderLayout,alignmentX=0.0,alignmentY=0.0,border=javax.swing.border.EmptyBorder@510699ea,flags=9,maximumSize=,minimumSize=,preferredSize=]
2013/10/09 11:32:18 DEBUG - jmeter.gui.GuiPackage: Updating gui to new node
2013/10/09 11:32:18 DEBUG - jmeter.gui.GuiPackage: Updating current node test threads
2013/10/09 11:32:18 DEBUG - jmeter.gui.GuiPackage: Gui retrieved = org.apache.jmeter.threads.gui.ThreadGroupGui[test threads,0,0,0x0,invalid,layout=java.awt.BorderLayout,alignmentX=0.0,alignmentY=0.0,border=javax.swing.border.EmptyBorder@510699ea,flags=9,maximumSize=,minimumSize=,preferredSize=]
2013/10/09 11:32:18 DEBUG - jmeter.gui.AbstractJMeterGuiComponent: setting element to enabled: true
2013/10/09 11:32:18 DEBUG - jmeter.gui.AbstractJMeterGuiComponent: setting element to enabled: true
2013/10/09 11:32:18 DEBUG - jmeter.gui.GuiPackage: Gui retrieved = org.apache.jmeter.threads.gui.ThreadGroupGui[test threads,0,0,0x0,invalid,layout=java.awt.BorderLayout,alignmentX=0.0,alignmentY=0.0,border=javax.swing.border.EmptyBorder@510699ea,flags=9,maximumSize=,minimumSize=,preferredSize=]
2013/10/09 11:32:18 DEBUG - jmeter.gui.GuiPackage: Updating current node test threads
2013/10/09 11:32:18 DEBUG - jmeter.gui.GuiPackage: Gui retrieved = org.apache.jmeter.threads.gui.ThreadGroupGui[test threads,0,0,0x0,invalid,layout=java.awt.BorderLayout,alignmentX=0.0,alignmentY=0.0,border=javax.swing.border.EmptyBorder@510699ea,flags=9,maximumSize=,minimumSize=,preferredSize=]
2013/10/09 11:32:18 DEBUG - jmeter.gui.AbstractJMeterGuiComponent: setting element to enabled: true
2013/10/09 11:32:18 DEBUG - jmeter.gui.AbstractJMeterGuiComponent: setting element to enabled: true
2013/10/09 11:32:18 DEBUG - jmeter.gui.GuiPackage: Gui retrieved = org.apache.jmeter.threads.gui.ThreadGroupGui[test threads,0,0,0x0,invalid,layout=java.awt.BorderLayout,alignmentX=0.0,alignmentY=0.0,border=javax.swing.border.EmptyBorder@510699ea,flags=9,maximumSize=,minimumSize=,preferredSize=]
2013/10/09 11:32:18 DEBUG - jmeter.gui.GuiPackage: Updating gui to new node
2013/10/09 11:32:18 DEBUG - jmeter.gui.GuiPackage: Gui retrieved = org.apache.jmeter.threads.gui.ThreadGroupGui[test threads,0,0,0x0,invalid,layout=java.awt.BorderLayout,alignmentX=0.0,alignmentY=0.0,border=javax.swing.border.EmptyBorder@510699ea,flags=9,maximumSize=,minimumSize=,preferredSize=]
2013/10/09 11:32:18 DEBUG - jmeter.gui.GuiPackage: Updating current node test threads
2013/10/09 11:32:18 DEBUG - jmeter.gui.GuiPackage: Gui retrieved = org.apache.jmeter.threads.gui.ThreadGroupGui[test threads,0,0,0x0,invalid,layout=java.awt.BorderLayout,alignmentX=0.0,alignmentY=0.0,border=javax.swing.border.EmptyBorder@510699ea,flags=9,maximumSize=,minimumSize=,preferredSize=]
2013/10/09 11:32:18 DEBUG - jmeter.gui.AbstractJMeterGuiComponent: setting element to enabled: true
2013/10/09 11:32:18 DEBUG - jmeter.gui.AbstractJMeterGuiComponent: setting element to enabled: true
2013/10/09 11:32:18 DEBUG - jmeter.gui.GuiPackage: Gui retrieved = org.apache.jmeter.threads.gui.ThreadGroupGui[test threads,0,0,0x0,invalid,layout=java.awt.BorderLayout,alignmentX=0.0,alignmentY=0.0,border=javax.swing.border.EmptyBorder@510699ea,flags=9,maximumSize=,minimumSize=,preferredSize=]
2013/10/09 11:32:18 DEBUG - jmeter.gui.GuiPackage: Updating gui to new node
2013/10/09 11:32:18 DEBUG - jmeter.gui.GuiPackage: Updating current node test threads
2013/10/09 11:32:18 DEBUG - jmeter.gui.GuiPackage: Gui retrieved = org.apache.jmeter.threads.gui.ThreadGroupGui[test threads,0,0,0x0,invalid,layout=java.awt.BorderLayout,alignmentX=0.0,alignmentY=0.0,border=javax.swing.border.EmptyBorder@510699ea,flags=9,maximumSize=,minimumSize=,preferredSize=]
2013/10/09 11:32:18 DEBUG - jmeter.gui.AbstractJMeterGuiComponent: setting element to enabled: true
2013/10/09 11:32:18 DEBUG - jmeter.gui.AbstractJMeterGuiComponent: setting element to enabled: true
2013/10/09 11:32:18 DEBUG - jmeter.gui.GuiPackage: Gui retrieved = org.apache.jmeter.threads.gui.ThreadGroupGui[test threads,0,0,0x0,invalid,layout=java.awt.BorderLayout,alignmentX=0.0,alignmentY=0.0,border=javax.swing.border.EmptyBorder@510699ea,flags=9,maximumSize=,minimumSize=,preferredSize=]
2013/10/09 11:32:18 DEBUG - jmeter.gui.action.CheckDirty: Node is class:class org.apache.jmeter.gui.tree.JMeterTreeNode
2013/10/09 11:32:18 DEBUG - jmeter.gui.action.CheckDirty: Node is class:class org.apache.jmeter.gui.tree.JMeterTreeNode
2013/10/09 11:32:18 DEBUG - jmeter.gui.action.CheckDirty: Node is class:class org.apache.jmeter.gui.tree.JMeterTreeNode
2013/10/09 11:32:18 DEBUG - jmeter.protocol.http.control.CookieManager: Clear all cookies from store
2013/10/09 11:32:18 DEBUG - jmeter.gui.action.CheckDirty: Node is class:class org.apache.jmeter.gui.tree.JMeterTreeNode
2013/10/09 11:32:18 DEBUG - jmeter.gui.action.CheckDirty: Node is class:class org.apache.jmeter.gui.tree.JMeterTreeNode
2013/10/09 11:32:18 DEBUG - jmeter.gui.action.CheckDirty: Node is class:class org.apache.jmeter.gui.tree.JMeterTreeNode
2013/10/09 11:32:18 DEBUG - jmeter.gui.action.CheckDirty: Node is class:class org.apache.jmeter.gui.tree.JMeterTreeNode
2013/10/09 11:32:18 DEBUG - jmeter.gui.action.CheckDirty: Node is class:class org.apache.jmeter.gui.tree.JMeterTreeNode
2013/10/09 11:32:18 DEBUG - jmeter.gui.action.CheckDirty: Node is class:class org.apache.jmeter.gui.tree.JMeterTreeNode
2013/10/09 11:32:18 DEBUG - jmeter.gui.action.CheckDirty: Node is class:class org.apache.jmeter.gui.tree.JMeterTreeNode
2013/10/09 11:32:18 DEBUG - jmeter.gui.action.CheckDirty: Node is class:class org.apache.jmeter.gui.tree.JMeterTreeNode
2013/10/09 11:32:18 DEBUG - jmeter.gui.action.CheckDirty: Node is class:class org.apache.jmeter.gui.tree.JMeterTreeNode
2013/10/09 11:32:18 DEBUG - jmeter.gui.action.CheckDirty: Node is class:class org.apache.jmeter.gui.tree.JMeterTreeNode
2013/10/09 11:32:18 DEBUG - jmeter.gui.action.CheckDirty: Node is class:class org.apache.jmeter.gui.tree.JMeterTreeNode
2013/10/09 11:32:18 DEBUG - jmeter.gui.action.CheckDirty: Node is class:class org.apache.jmeter.gui.tree.JMeterTreeNode
2013/10/09 11:32:18 DEBUG - jmeter.gui.GuiPackage: Updating current node test threads
2013/10/09 11:32:18 DEBUG - jmeter.gui.GuiPackage: Gui retrieved = org.apache.jmeter.threads.gui.ThreadGroupGui[test threads,0,0,0x0,invalid,layout=java.awt.BorderLayout,alignmentX=0.0,alignmentY=0.0,border=javax.swing.border.EmptyBorder@510699ea,flags=9,maximumSize=,minimumSize=,preferredSize=]
2013/10/09 11:32:18 DEBUG - jmeter.gui.AbstractJMeterGuiComponent: setting element to enabled: true
2013/10/09 11:32:18 DEBUG - jmeter.gui.AbstractJMeterGuiComponent: setting element to enabled: true
2013/10/09 11:32:18 DEBUG - jmeter.gui.GuiPackage: Gui retrieved = org.apache.jmeter.threads.gui.ThreadGroupGui[test threads,0,0,0x0,invalid,layout=java.awt.BorderLayout,alignmentX=0.0,alignmentY=0.0,border=javax.swing.border.EmptyBorder@510699ea,flags=9,maximumSize=,minimumSize=,preferredSize=]
2013/10/09 11:32:18 DEBUG - jmeter.gui.GuiPackage: Updating current node test threads
2013/10/09 11:32:18 DEBUG - jmeter.gui.GuiPackage: Gui retrieved = org.apache.jmeter.threads.gui.ThreadGroupGui[test threads,0,0,0x0,invalid,layout=java.awt.BorderLayout,alignmentX=0.0,alignmentY=0.0,border=javax.swing.border.EmptyBorder@510699ea,flags=9,maximumSize=,minimumSize=,preferredSize=]
2013/10/09 11:32:18 DEBUG - jmeter.gui.AbstractJMeterGuiComponent: setting element to enabled: true
2013/10/09 11:32:18 DEBUG - jmeter.gui.AbstractJMeterGuiComponent: setting element to enabled: true
2013/10/09 11:32:18 DEBUG - jmeter.gui.GuiPackage: Gui retrieved = org.apache.jmeter.threads.gui.ThreadGroupGui[test threads,0,0,0x0,invalid,layout=java.awt.BorderLayout,alignmentX=0.0,alignmentY=0.0,border=javax.swing.border.EmptyBorder@510699ea,flags=9,maximumSize=,minimumSize=,preferredSize=]
2013/10/09 11:32:18 DEBUG - jmeter.gui.GuiPackage: Updating gui to new node
2013/10/09 11:32:18 DEBUG - jmeter.gui.GuiPackage: Gui retrieved = org.apache.jmeter.threads.gui.ThreadGroupGui[test threads,0,0,0x0,invalid,layout=java.awt.BorderLayout,alignmentX=0.0,alignmentY=0.0,border=javax.swing.border.EmptyBorder@510699ea,flags=9,maximumSize=,minimumSize=,preferredSize=]
2013/10/09 11:32:18 DEBUG - jmeter.gui.GuiPackage: Updating current node test threads
2013/10/09 11:32:18 DEBUG - jmeter.gui.GuiPackage: Gui retrieved = org.apache.jmeter.threads.gui.ThreadGroupGui[test threads,0,0,0x0,invalid,layout=java.awt.BorderLayout,alignmentX=0.0,alignmentY=0.0,border=javax.swing.border.EmptyBorder@510699ea,flags=9,maximumSize=,minimumSize=,preferredSize=]
2013/10/09 11:32:18 DEBUG - jmeter.gui.AbstractJMeterGuiComponent: setting element to enabled: true
2013/10/09 11:32:18 DEBUG - jmeter.gui.AbstractJMeterGuiComponent: setting element to enabled: true
2013/10/09 11:32:18 DEBUG - jmeter.gui.GuiPackage: Gui retrieved = org.apache.jmeter.threads.gui.ThreadGroupGui[test threads,0,0,0x0,invalid,layout=java.awt.BorderLayout,alignmentX=0.0,alignmentY=0.0,border=javax.swing.border.EmptyBorder@510699ea,flags=9,maximumSize=,minimumSize=,preferredSize=]
2013/10/09 11:32:18 DEBUG - jmeter.gui.GuiPackage: Updating gui to new node
2013/10/09 11:32:26 DEBUG - jmeter.gui.tree.JMeterTreeListener: value changed, updating currentPath
2013/10/09 11:32:26 DEBUG - jmeter.gui.tree.JMeterTreeListener: mouse pressed, updating currentPath
2013/10/09 11:32:26 DEBUG - jmeter.gui.GuiPackage: Updating current node test threads
2013/10/09 11:32:26 DEBUG - jmeter.gui.GuiPackage: Gui retrieved = org.apache.jmeter.threads.gui.ThreadGroupGui[test threads,0,0,1181x782,layout=java.awt.BorderLayout,alignmentX=0.0,alignmentY=0.0,border=javax.swing.border.EmptyBorder@510699ea,flags=9,maximumSize=,minimumSize=,preferredSize=]
2013/10/09 11:32:26 DEBUG - jmeter.gui.AbstractJMeterGuiComponent: setting element to enabled: true
2013/10/09 11:32:26 DEBUG - jmeter.gui.AbstractJMeterGuiComponent: setting element to enabled: true
2013/10/09 11:32:26 DEBUG - jmeter.gui.GuiPackage: Gui retrieved = org.apache.jmeter.control.gui.LogicControllerGui[touch,0,0,0x0,invalid,layout=java.awt.BorderLayout,alignmentX=0.0,alignmentY=0.0,border=javax.swing.border.EmptyBorder@47042c25,flags=9,maximumSize=,minimumSize=,preferredSize=]
2013/10/09 11:32:26 DEBUG - jmeter.gui.GuiPackage: Updating current node touch
2013/10/09 11:32:26 DEBUG - jmeter.gui.GuiPackage: Gui retrieved = org.apache.jmeter.control.gui.LogicControllerGui[touch,0,0,0x0,invalid,layout=java.awt.BorderLayout,alignmentX=0.0,alignmentY=0.0,border=javax.swing.border.EmptyBorder@47042c25,flags=9,maximumSize=,minimumSize=,preferredSize=]
2013/10/09 11:32:26 DEBUG - jmeter.gui.AbstractJMeterGuiComponent: setting element to enabled: true
2013/10/09 11:32:26 DEBUG - jmeter.gui.GuiPackage: Gui retrieved = org.apache.jmeter.control.gui.LogicControllerGui[touch,0,0,0x0,invalid,layout=java.awt.BorderLayout,alignmentX=0.0,alignmentY=0.0,border=javax.swing.border.EmptyBorder@47042c25,flags=9,maximumSize=,minimumSize=,preferredSize=]
2013/10/09 11:32:26 DEBUG - jmeter.gui.GuiPackage: Updating gui to new node
2013/10/09 11:32:26 DEBUG - jmeter.gui.GuiPackage: Gui retrieved = org.apache.jmeter.control.gui.LogicControllerGui[touch,0,0,0x0,invalid,layout=java.awt.BorderLayout,alignmentX=0.0,alignmentY=0.0,border=javax.swing.border.EmptyBorder@47042c25,flags=9,maximumSize=,minimumSize=,preferredSize=]
2013/10/09 11:32:26 DEBUG - jmeter.gui.GuiPackage: Updating current node touch
2013/10/09 11:32:26 DEBUG - jmeter.gui.GuiPackage: Gui retrieved = org.apache.jmeter.control.gui.LogicControllerGui[touch,0,0,0x0,invalid,layout=java.awt.BorderLayout,alignmentX=0.0,alignmentY=0.0,border=javax.swing.border.EmptyBorder@47042c25,flags=9,maximumSize=,minimumSize=,preferredSize=]
2013/10/09 11:32:26 DEBUG - jmeter.gui.AbstractJMeterGuiComponent: setting element to enabled: true
2013/10/09 11:32:26 DEBUG - jmeter.gui.GuiPackage: Gui retrieved = org.apache.jmeter.control.gui.LogicControllerGui[touch,0,0,0x0,invalid,layout=java.awt.BorderLayout,alignmentX=0.0,alignmentY=0.0,border=javax.swing.border.EmptyBorder@47042c25,flags=9,maximumSize=,minimumSize=,preferredSize=]
2013/10/09 11:32:26 DEBUG - jmeter.gui.GuiPackage: Updating gui to new node
2013/10/09 11:32:34 DEBUG - jmeter.gui.GuiPackage: Updating current node touch
2013/10/09 11:32:34 DEBUG - jmeter.gui.GuiPackage: Gui retrieved = org.apache.jmeter.control.gui.LogicControllerGui[touch,0,0,1181x782,layout=java.awt.BorderLayout,alignmentX=0.0,alignmentY=0.0,border=javax.swing.border.EmptyBorder@47042c25,flags=9,maximumSize=,minimumSize=,preferredSize=]
2013/10/09 11:32:34 DEBUG - jmeter.gui.AbstractJMeterGuiComponent: setting element to enabled: true
2013/10/09 11:32:34 DEBUG - jmeter.gui.GuiPackage: Gui retrieved = org.apache.jmeter.control.gui.LogicControllerGui[touch,0,0,1181x782,layout=java.awt.BorderLayout,alignmentX=0.0,alignmentY=0.0,border=javax.swing.border.EmptyBorder@47042c25,flags=9,maximumSize=,minimumSize=,preferredSize=]
2013/10/09 11:32:34 WARN  - jmeter.util.JMeterUtils: ERROR! Resource string not found: [clipboard_node_read_error]
2013/10/09 11:32:34 ERROR - jmeter.JMeter: Uncaught exception:  java.lang.InternalError: incorrect component
	at javax.swing.plaf.basic.BasicTreeUI.paint(BasicTreeUI.java:1121)
	at com.apple.laf.AquaTreeUI.paint(AquaTreeUI.java:109)
	at javax.swing.plaf.ComponentUI.update(ComponentUI.java:153)
	at javax.swing.JComponent.paintComponent(JComponent.java:760)
	at javax.swing.JComponent.paint(JComponent.java:1037)
	at javax.swing.JComponent._paintImmediately(JComponent.java:5106)
	at javax.swing.JComponent.paintImmediately(JComponent.java:4890)
	at javax.swing.RepaintManager$3.run(RepaintManager.java:814)
	at javax.swing.RepaintManager$3.run(RepaintManager.java:802)
	at java.security.AccessController.doPrivileged(Native Method)
	at java.security.AccessControlContext$1.doIntersectionPrivilege(AccessControlContext.java:86)
	at javax.swing.RepaintManager.paintDirtyRegions(RepaintManager.java:802)
	at javax.swing.RepaintManager.paintDirtyRegions(RepaintManager.java:745)
	at javax.swing.RepaintManager.prePaintDirtyRegions(RepaintManager.java:725)
	at javax.swing.RepaintManager.access$1000(RepaintManager.java:46)
	at javax.swing.RepaintManager$ProcessingRunnable.run(RepaintManager.java:1680)
	at java.awt.event.InvocationEvent.dispatch(InvocationEvent.java:209)
	at java.awt.EventQueue.dispatchEventImpl(EventQueue.java:715)
	at java.awt.EventQueue.access$400(EventQueue.java:82)
	at java.awt.EventQueue$2.run(EventQueue.java:676)
	at java.awt.EventQueue$2.run(EventQueue.java:674)
	at java.security.AccessController.doPrivileged(Native Method)
	at java.security.AccessControlContext$1.doIntersectionPrivilege(AccessControlContext.java:86)
	at java.awt.EventQueue.dispatchEvent(EventQueue.java:685)
	at java.awt.EventDispatchThread.pumpOneEventForFilters(EventDispatchThread.java:296)
	at java.awt.EventDispatchThread.pumpEventsForFilter(EventDispatchThread.java:211)
	at java.awt.EventDispatchThread.pumpEventsForFilter(EventDispatchThread.java:205)
	at java.awt.Dialog$1.run(Dialog.java:1049)
	at java.awt.Dialog$3.run(Dialog.java:1101)
	at java.security.AccessController.doPrivileged(Native Method)
	at java.awt.Dialog.show(Dialog.java:1099)
	at javax.swing.JOptionPane.showOptionDialog(JOptionPane.java:853)
	at javax.swing.JOptionPane.showMessageDialog(JOptionPane.java:650)
	at javax.swing.JOptionPane.showMessageDialog(JOptionPane.java:621)
	at org.apache.jmeter.gui.action.Copy.setCopiedNodes(Copy.java:89)
	at org.apache.jmeter.gui.action.Copy.doAction(Copy.java:60)
	at org.apache.jmeter.gui.action.ActionRouter.performAction(ActionRouter.java:81)
	at org.apache.jmeter.gui.action.ActionRouter.doActionNow(ActionRouter.java:114)
	at org.apache.jmeter.gui.tree.JMeterTreeListener.keyPressed(JMeterTreeListener.java:295)
	at java.awt.AWTEventMulticaster.keyPressed(AWTEventMulticaster.java:233)
	at java.awt.Component.processKeyEvent(Component.java:6372)
	at javax.swing.JComponent.processKeyEvent(JComponent.java:2809)
	at java.awt.Component.processEvent(Component.java:6191)
	at java.awt.Container.processEvent(Container.java:2083)
	at java.awt.Component.dispatchEventImpl(Component.java:4776)
	at java.awt.Container.dispatchEventImpl(Container.java:2141)
	at java.awt.Component.dispatchEvent(Component.java:4604)
	at java.awt.KeyboardFocusManager.redispatchEvent(KeyboardFocusManager.java:1856)
	at java.awt.DefaultKeyboardFocusManager.dispatchKeyEvent(DefaultKeyboardFocusManager.java:722)
	at java.awt.DefaultKeyboardFocusManager.preDispatchKeyEvent(DefaultKeyboardFocusManager.java:1000)
	at java.awt.DefaultKeyboardFocusManager.typeAheadAssertions(DefaultKeyboardFocusManager.java:865)
	at java.awt.DefaultKeyboardFocusManager.dispatchEvent(DefaultKeyboardFocusManager.java:686)
	at java.awt.Component.dispatchEventImpl(Component.java:4648)
	at java.awt.Container.dispatchEventImpl(Container.java:2141)
	at java.awt.Window.dispatchEventImpl(Window.java:2489)
	at java.awt.Component.dispatchEvent(Component.java:4604)
	at java.awt.EventQueue.dispatchEventImpl(EventQueue.java:717)
	at java.awt.EventQueue.access$400(EventQueue.java:82)
	at java.awt.EventQueue$2.run(EventQueue.java:676)
	at java.awt.EventQueue$2.run(EventQueue.java:674)
	at java.security.AccessController.doPrivileged(Native Method)
	at java.security.AccessControlContext$1.doIntersectionPrivilege(AccessControlContext.java:86)
	at java.security.AccessControlContext$1.doIntersectionPrivilege(AccessControlContext.java:97)
	at java.awt.EventQueue$3.run(EventQueue.java:690)
	at java.awt.EventQueue$3.run(EventQueue.java:688)
	at java.security.AccessController.doPrivileged(Native Method)
	at java.security.AccessControlContext$1.doIntersectionPrivilege(AccessControlContext.java:86)
	at java.awt.EventQueue.dispatchEvent(EventQueue.java:687)
	at java.awt.EventDispatchThread.pumpOneEventForFilters(EventDispatchThread.java:296)
	at java.awt.EventDispatchThread.pumpEventsForFilter(EventDispatchThread.java:211)
	at java.awt.EventDispatchThread.pumpEventsForHierarchy(EventDispatchThread.java:201)
	at java.awt.EventDispatchThread.pumpEvents(EventDispatchThread.java:196)
	at java.awt.EventDispatchThread.pumpEvents(EventDispatchThread.java:188)
	at java.awt.EventDispatchThread.run(EventDispatchThread.java:122)

2013/10/09 11:32:50 DEBUG - jmeter.gui.GuiPackage: Updating current node touch
2013/10/09 11:32:50 DEBUG - jmeter.gui.GuiPackage: Gui retrieved = org.apache.jmeter.control.gui.LogicControllerGui[touch,0,0,1181x782,layout=java.awt.BorderLayout,alignmentX=0.0,alignmentY=0.0,border=javax.swing.border.EmptyBorder@47042c25,flags=9,maximumSize=,minimumSize=,preferredSize=]
2013/10/09 11:32:50 DEBUG - jmeter.gui.AbstractJMeterGuiComponent: setting element to enabled: true
2013/10/09 11:32:50 DEBUG - jmeter.gui.GuiPackage: Gui retrieved = org.apache.jmeter.control.gui.LogicControllerGui[touch,0,0,1181x782,layout=java.awt.BorderLayout,alignmentX=0.0,alignmentY=0.0,border=javax.swing.border.EmptyBorder@47042c25,flags=9,maximumSize=,minimumSize=,preferredSize=]
2013/10/09 11:32:50 DEBUG - jmeter.gui.action.CheckDirty: Node is class:class org.apache.jmeter.gui.tree.JMeterTreeNode
2013/10/09 11:32:50 DEBUG - jmeter.gui.action.CheckDirty: Node is class:class org.apache.jmeter.gui.tree.JMeterTreeNode
2013/10/09 11:32:50 DEBUG - jmeter.gui.action.CheckDirty: Node is class:class org.apache.jmeter.gui.tree.JMeterTreeNode
2013/10/09 11:32:50 DEBUG - jmeter.gui.action.CheckDirty: Node is class:class org.apache.jmeter.gui.tree.JMeterTreeNode
2013/10/09 11:32:50 DEBUG - jmeter.gui.action.CheckDirty: Node is class:class org.apache.jmeter.gui.tree.JMeterTreeNode
2013/10/09 11:32:50 DEBUG - jmeter.gui.action.CheckDirty: Node is class:class org.apache.jmeter.gui.tree.JMeterTreeNode
2013/10/09 11:32:50 DEBUG - jmeter.gui.action.CheckDirty: Node is class:class org.apache.jmeter.gui.tree.JMeterTreeNode
2013/10/09 11:32:50 DEBUG - jmeter.gui.action.CheckDirty: Node is class:class org.apache.jmeter.gui.tree.JMeterTreeNode
2013/10/09 11:32:50 DEBUG - jmeter.gui.GuiPackage: Updating current node touch
2013/10/09 11:32:50 DEBUG - jmeter.gui.GuiPackage: Gui retrieved = org.apache.jmeter.control.gui.LogicControllerGui[touch,0,0,1181x782,invalid,layout=java.awt.BorderLayout,alignmentX=0.0,alignmentY=0.0,border=javax.swing.border.EmptyBorder@47042c25,flags=9,maximumSize=,minimumSize=,preferredSize=]
2013/10/09 11:32:50 DEBUG - jmeter.gui.AbstractJMeterGuiComponent: setting element to enabled: true
2013/10/09 11:32:50 DEBUG - jmeter.gui.GuiPackage: Gui retrieved = org.apache.jmeter.control.gui.LogicControllerGui[touch,0,0,1181x782,invalid,layout=java.awt.BorderLayout,alignmentX=0.0,alignmentY=0.0,border=javax.swing.border.EmptyBorder@47042c25,flags=9,maximumSize=,minimumSize=,preferredSize=]
2013/10/09 11:32:50 DEBUG - jmeter.gui.action.CheckDirty: Node is class:class org.apache.jmeter.gui.tree.JMeterTreeNode
2013/10/09 11:32:50 DEBUG - jmeter.gui.action.CheckDirty: Node is class:class org.apache.jmeter.gui.tree.JMeterTreeNode
2013/10/09 11:32:50 DEBUG - jmeter.gui.action.CheckDirty: Node is class:class org.apache.jmeter.gui.tree.JMeterTreeNode
2013/10/09 11:32:50 DEBUG - jmeter.gui.action.CheckDirty: Node is class:class org.apache.jmeter.gui.tree.JMeterTreeNode
2013/10/09 11:32:50 DEBUG - jmeter.gui.action.CheckDirty: Node is class:class org.apache.jmeter.gui.tree.JMeterTreeNode
2013/10/09 11:32:50 DEBUG - jmeter.gui.action.CheckDirty: Node is class:class org.apache.jmeter.gui.tree.JMeterTreeNode
2013/10/09 11:32:50 DEBUG - jmeter.gui.action.CheckDirty: Node is class:class org.apache.jmeter.gui.tree.JMeterTreeNode
2013/10/09 11:32:50 DEBUG - jmeter.gui.action.CheckDirty: Node is class:class org.apache.jmeter.gui.tree.JMeterTreeNode
