2012/11/19 15:55:41 INFO  - jmeter.util.JMeterUtils: Setting Locale to en_US 
2012/11/19 15:55:41 INFO  - jmeter.JMeter: Loading user properties from: D:\Softwares\Jmeter\apache-jmeter-2.8\bin\user.properties 
2012/11/19 15:55:41 INFO  - jmeter.JMeter: Loading system properties from: D:\Softwares\Jmeter\apache-jmeter-2.8\bin\system.properties 
2012/11/19 15:55:41 INFO  - jmeter.JMeter: Copyright (c) 1998-2012 The Apache Software Foundation 
2012/11/19 15:55:41 INFO  - jmeter.JMeter: Version 2.8 r1393162 
2012/11/19 15:55:41 INFO  - jmeter.JMeter: java.version=1.6.0_31 
2012/11/19 15:55:41 INFO  - jmeter.JMeter: java.vm.name=Java HotSpot(TM) Client VM 
2012/11/19 15:55:41 INFO  - jmeter.JMeter: os.name=Windows 7 
2012/11/19 15:55:41 INFO  - jmeter.JMeter: os.arch=x86 
2012/11/19 15:55:41 INFO  - jmeter.JMeter: os.version=6.1 
2012/11/19 15:55:41 INFO  - jmeter.JMeter: file.encoding=Cp1252 
2012/11/19 15:55:41 INFO  - jmeter.JMeter: Default Locale=English (United States) 
2012/11/19 15:55:41 INFO  - jmeter.JMeter: JMeter  Locale=English (United States) 
2012/11/19 15:55:41 INFO  - jmeter.JMeter: JMeterHome=D:\Softwares\Jmeter\apache-jmeter-2.8 
2012/11/19 15:55:41 INFO  - jmeter.JMeter: user.dir  =D:\Softwares\Jmeter\apache-jmeter-2.8\bin 
2012/11/19 15:55:41 INFO  - jmeter.JMeter: PWD       =D:\Softwares\Jmeter\apache-jmeter-2.8\bin 
2012/11/19 15:55:42 INFO  - jmeter.JMeter: IP: 172.16.15.72 Name: ZSLW553 FullName: ZSLW553.zsl.local 
2012/11/19 15:55:42 INFO  - jmeter.JMeter: Loaded icon properties from org/apache/jmeter/images/icon.properties 
2012/11/19 15:55:42 INFO  - jmeter.engine.util.CompoundVariable: Note: Function class names must contain the string: '.functions.' 
2012/11/19 15:55:42 INFO  - jmeter.engine.util.CompoundVariable: Note: Function class names must not contain the string: '.gui.' 
2012/11/19 15:55:42 INFO  - jmeter.gui.action.LookAndFeelCommand: Using look and feel: javax.swing.plaf.metal.MetalLookAndFeel [Metal, CrossPlatform] 
2012/11/19 15:55:42 INFO  - jmeter.gui.util.MenuFactory: Skipping kg.apc.jmeter.config.VariablesFromCSVFile 
2012/11/19 15:55:43 INFO  - jmeter.util.BSFTestElement: Registering JMeter version of JavaScript engine as work-round for BSF-22 
2012/11/19 15:55:43 INFO  - jmeter.protocol.http.sampler.HTTPSamplerBase: Parser for text/html is org.apache.jmeter.protocol.http.parser.RegexpHTMLParser 
2012/11/19 15:55:43 INFO  - jmeter.protocol.http.sampler.HTTPSamplerBase: Parser for application/xhtml+xml is org.apache.jmeter.protocol.http.parser.RegexpHTMLParser 
2012/11/19 15:55:43 INFO  - jmeter.protocol.http.sampler.HTTPSamplerBase: Parser for application/xml is org.apache.jmeter.protocol.http.parser.RegexpHTMLParser 
2012/11/19 15:55:43 INFO  - jmeter.protocol.http.sampler.HTTPSamplerBase: Parser for text/xml is org.apache.jmeter.protocol.http.parser.RegexpHTMLParser 
2012/11/19 15:55:43 INFO  - jmeter.protocol.http.sampler.HTTPSamplerBase: Parser for */* is org.apache.jmeter.protocol.http.parser.RegexpHTMLParser 
2012/11/19 15:55:43 INFO  - jmeter.protocol.http.sampler.HTTPSamplerBase: Parser for text/vnd.wap.wml is org.apache.jmeter.protocol.http.parser.RegexpHTMLParser 
2012/11/19 15:55:43 INFO  - jmeter.protocol.http.sampler.HTTPSamplerBase: Reuse SSL session context on subsequent iterations: true 
2012/11/19 15:55:43 INFO  - jmeter.gui.util.MenuFactory: Skipping org.apache.jmeter.protocol.http.modifier.gui.ParamModifierGui 
2012/11/19 15:55:43 INFO  - jmeter.protocol.oauth.control.gui.OAuthSamplerGui: Resource org.apache.jmeter.protocol.oauth.resources.messages is loaded for locale en_US 
2012/11/19 15:55:44 INFO  - jmeter.samplers.SampleResult: Note: Sample TimeStamps are START times 
2012/11/19 15:55:44 INFO  - jmeter.samplers.SampleResult: sampleresult.default.encoding is set to ISO-8859-1 
2012/11/19 15:55:44 INFO  - jmeter.samplers.SampleResult: sampleresult.useNanoTime=true 
2012/11/19 15:55:44 INFO  - jmeter.samplers.SampleResult: sampleresult.nanoThreadSleep=5000 
2012/11/19 15:55:46 INFO  - jmeter.services.FileServer: Default base='D:\Softwares\Jmeter\apache-jmeter-2.8\bin' 
2012/11/19 15:55:46 INFO  - jmeter.gui.action.Load: Loading file: D:\Softwares\Jmeter\apache-jmeter-2.8\bin\SingTel Login.jmx 
2012/11/19 15:55:46 INFO  - jmeter.services.FileServer: Set new base='D:\Softwares\Jmeter\apache-jmeter-2.8\bin' 
2012/11/19 15:55:46 INFO  - jmeter.save.SaveService: Testplan (JMX) version: 2.2. Testlog (JTL) version: 2.2 
2012/11/19 15:55:46 INFO  - jmeter.save.SaveService: Using SaveService properties file encoding UTF-8 
2012/11/19 15:55:46 INFO  - jmeter.save.SaveService: Using SaveService properties file version 1382180 
2012/11/19 15:55:46 INFO  - jmeter.save.SaveService: Using SaveService properties version 2.3 
2012/11/19 15:55:46 INFO  - jmeter.save.SaveService: All converter versions present and correct 
2012/11/19 15:55:46 INFO  - jmeter.util.NameUpdater: Processing jar:file:/D:/Softwares/Jmeter/apache-jmeter-2.8/lib/ext/JMeterPlugins.jar!/META-INF/resources/org.apache.jmeter.nameupdater.properties 
2012/11/19 15:55:46 INFO  - jmeter.util.NameUpdater: Added additional nameMap entry: kg.apc.jmeter.vizualizers.TotalTransactionsPerSecondGui 
2012/11/19 15:55:46 INFO  - jmeter.protocol.http.control.CookieManager: Settings: Delete null: true Check: true Allow variable: true Save: false Prefix: COOKIE_ 
2012/11/19 15:55:46 INFO  - jmeter.services.FileServer: Set new base='D:\Softwares\Jmeter\apache-jmeter-2.8\bin' 
2012/11/19 15:55:58 INFO  - jmeter.engine.StandardJMeterEngine: Listeners will be started after enabling running version 
2012/11/19 15:55:58 INFO  - jmeter.engine.StandardJMeterEngine: To revert to the earlier behaviour, define jmeterengine.startlistenerslater=false 
2012/11/19 15:55:58 INFO  - jmeter.engine.StandardJMeterEngine: Running the test! 
2012/11/19 15:55:58 INFO  - jmeter.gui.util.JMeterMenuBar: setRunning(true,*local*) 
2012/11/19 15:55:58 INFO  - jmeter.engine.StandardJMeterEngine: Starting ThreadGroup: 1 : Thread Group 1 
2012/11/19 15:55:58 INFO  - jmeter.engine.StandardJMeterEngine: Starting 1 threads for group Thread Group 1. 
2012/11/19 15:55:58 INFO  - jmeter.engine.StandardJMeterEngine: Thread will continue on error 
2012/11/19 15:55:58 INFO  - jmeter.threads.ThreadGroup: Starting thread group number 1 threads 1 ramp-up 1 perThread 1000.0 delayedStart=false 
2012/11/19 15:55:58 INFO  - jmeter.threads.JMeterThread: jmeterthread.startearlier=true (see jmeter.properties) 
2012/11/19 15:55:58 INFO  - jmeter.threads.JMeterThread: Running PostProcessors in forward order 
2012/11/19 15:55:58 INFO  - jmeter.threads.ThreadGroup: Started thread group number 1 
2012/11/19 15:55:58 INFO  - jmeter.engine.StandardJMeterEngine: All thread groups have been started 
2012/11/19 15:55:58 INFO  - jmeter.threads.JMeterThread: Thread started: Thread Group 1 1-1 
2012/11/19 15:55:58 INFO  - jmeter.protocol.http.sampler.HTTPHCAbstractImpl: Local host = ZSLW553 
2012/11/19 15:55:58 INFO  - jmeter.protocol.http.sampler.HTTPHC4Impl: HTTP request retry count = 1 
2012/11/19 15:55:58 INFO  - jmeter.protocol.http.sampler.HTTPHC4Impl: Setting up HTTPS TrustAll scheme 
2012/11/19 15:55:58 INFO  - jmeter.util.JsseSSLManager: Using default SSL protocol: TLS 
2012/11/19 15:55:58 INFO  - jmeter.util.JsseSSLManager: SSL session context: per-thread 
2012/11/19 15:55:58 INFO  - jmeter.threads.JMeterThread: Thread finished: Thread Group 1 1-1 
2012/11/19 15:55:58 INFO  - jmeter.engine.StandardJMeterEngine: Notifying test listeners of end of test 
2012/11/19 15:55:58 INFO  - jmeter.gui.util.JMeterMenuBar: setRunning(false,*local*) 
2012/11/19 15:56:02 ERROR - jmeter.JMeter: Uncaught exception:  java.lang.RuntimeException: Unexpected block close in selector
	at javax.swing.text.html.CSSParser.parseSelectors(Unknown Source)
	at javax.swing.text.html.CSSParser.parseRuleSet(Unknown Source)
	at javax.swing.text.html.CSSParser.getNextStatement(Unknown Source)
	at javax.swing.text.html.CSSParser.parse(Unknown Source)
	at javax.swing.text.html.StyleSheet$CssParser.parse(Unknown Source)
	at javax.swing.text.html.StyleSheet.addRule(Unknown Source)
	at javax.swing.text.html.HTMLDocument$HTMLReader.addCSSRules(Unknown Source)
	at javax.swing.text.html.HTMLDocument$HTMLReader$HeadAction.end(Unknown Source)
	at javax.swing.text.html.HTMLDocument$HTMLReader.handleEndTag(Unknown Source)
	at javax.swing.text.html.parser.DocumentParser.handleEndTag(Unknown Source)
	at javax.swing.text.html.parser.Parser.parse(Unknown Source)
	at javax.swing.text.html.parser.DocumentParser.parse(Unknown Source)
	at javax.swing.text.html.parser.ParserDelegator.parse(Unknown Source)
	at javax.swing.text.html.HTMLEditorKit.read(Unknown Source)
	at javax.swing.JEditorPane.setText(Unknown Source)
	at org.apache.jmeter.visualizers.RenderAsHTML.showRenderedResponse(RenderAsHTML.java:100)
	at org.apache.jmeter.visualizers.RenderAsHTML.showRenderedResponse(RenderAsHTML.java:54)
	at org.apache.jmeter.visualizers.RenderAsHTML.renderResult(RenderAsHTML.java:50)
	at org.apache.jmeter.visualizers.ViewResultsFullVisualizer.valueChanged(ViewResultsFullVisualizer.java:247)
	at org.apache.jmeter.visualizers.ViewResultsFullVisualizer.actionPerformed(ViewResultsFullVisualizer.java:345)
	at javax.swing.JComboBox.fireActionEvent(Unknown Source)
	at javax.swing.JComboBox.setSelectedItem(Unknown Source)
	at javax.swing.JComboBox.setSelectedIndex(Unknown Source)
	at javax.swing.plaf.basic.BasicComboPopup$Handler.mouseReleased(Unknown Source)
	at java.awt.AWTEventMulticaster.mouseReleased(Unknown Source)
	at java.awt.Component.processMouseEvent(Unknown Source)
	at javax.swing.JComponent.processMouseEvent(Unknown Source)
	at javax.swing.plaf.basic.BasicComboPopup$1.processMouseEvent(Unknown Source)
	at java.awt.Component.processEvent(Unknown Source)
	at java.awt.Container.processEvent(Unknown Source)
	at java.awt.Component.dispatchEventImpl(Unknown Source)
	at java.awt.Container.dispatchEventImpl(Unknown Source)
	at java.awt.Component.dispatchEvent(Unknown Source)
	at java.awt.LightweightDispatcher.retargetMouseEvent(Unknown Source)
	at java.awt.LightweightDispatcher.processMouseEvent(Unknown Source)
	at java.awt.LightweightDispatcher.dispatchEvent(Unknown Source)
	at java.awt.Container.dispatchEventImpl(Unknown Source)
	at java.awt.Window.dispatchEventImpl(Unknown Source)
	at java.awt.Component.dispatchEvent(Unknown Source)
	at java.awt.EventQueue.dispatchEventImpl(Unknown Source)
	at java.awt.EventQueue.access$000(Unknown Source)
	at java.awt.EventQueue$1.run(Unknown Source)
	at java.awt.EventQueue$1.run(Unknown Source)
	at java.security.AccessController.doPrivileged(Native Method)
	at java.security.AccessControlContext$1.doIntersectionPrivilege(Unknown Source)
	at java.security.AccessControlContext$1.doIntersectionPrivilege(Unknown Source)
	at java.awt.EventQueue$2.run(Unknown Source)
	at java.awt.EventQueue$2.run(Unknown Source)
	at java.security.AccessController.doPrivileged(Native Method)
	at java.security.AccessControlContext$1.doIntersectionPrivilege(Unknown Source)
	at java.awt.EventQueue.dispatchEvent(Unknown Source)
	at java.awt.EventDispatchThread.pumpOneEventForFilters(Unknown Source)
	at java.awt.EventDispatchThread.pumpEventsForFilter(Unknown Source)
	at java.awt.EventDispatchThread.pumpEventsForHierarchy(Unknown Source)
	at java.awt.EventDispatchThread.pumpEvents(Unknown Source)
	at java.awt.EventDispatchThread.pumpEvents(Unknown Source)
	at java.awt.EventDispatchThread.run(Unknown Source)

2012/11/19 15:56:10 ERROR - jmeter.JMeter: Uncaught exception:  java.lang.RuntimeException: Unexpected block close in selector
	at javax.swing.text.html.CSSParser.parseSelectors(Unknown Source)
	at javax.swing.text.html.CSSParser.parseRuleSet(Unknown Source)
	at javax.swing.text.html.CSSParser.getNextStatement(Unknown Source)
	at javax.swing.text.html.CSSParser.parse(Unknown Source)
	at javax.swing.text.html.StyleSheet$CssParser.parse(Unknown Source)
	at javax.swing.text.html.StyleSheet.addRule(Unknown Source)
	at javax.swing.text.html.HTMLDocument$HTMLReader.addCSSRules(Unknown Source)
	at javax.swing.text.html.HTMLDocument$HTMLReader$HeadAction.end(Unknown Source)
	at javax.swing.text.html.HTMLDocument$HTMLReader.handleEndTag(Unknown Source)
	at javax.swing.text.html.parser.DocumentParser.handleEndTag(Unknown Source)
	at javax.swing.text.html.parser.Parser.parse(Unknown Source)
	at javax.swing.text.html.parser.DocumentParser.parse(Unknown Source)
	at javax.swing.text.html.parser.ParserDelegator.parse(Unknown Source)
	at javax.swing.text.html.HTMLEditorKit.read(Unknown Source)
	at javax.swing.JEditorPane.setText(Unknown Source)
	at org.apache.jmeter.visualizers.RenderAsHTML.showRenderedResponse(RenderAsHTML.java:100)
	at org.apache.jmeter.visualizers.RenderAsHTML.showRenderedResponse(RenderAsHTML.java:54)
	at org.apache.jmeter.visualizers.RenderAsHTML.renderResult(RenderAsHTML.java:50)
	at org.apache.jmeter.visualizers.ViewResultsFullVisualizer.valueChanged(ViewResultsFullVisualizer.java:247)
	at javax.swing.JTree.fireValueChanged(Unknown Source)
	at javax.swing.JTree$TreeSelectionRedirector.valueChanged(Unknown Source)
	at javax.swing.tree.DefaultTreeSelectionModel.fireValueChanged(Unknown Source)
	at javax.swing.tree.DefaultTreeSelectionModel.notifyPathChange(Unknown Source)
	at javax.swing.tree.DefaultTreeSelectionModel.setSelectionPaths(Unknown Source)
	at javax.swing.tree.DefaultTreeSelectionModel.setSelectionPath(Unknown Source)
	at javax.swing.JTree.setSelectionPath(Unknown Source)
	at javax.swing.plaf.basic.BasicTreeUI.selectPathForEvent(Unknown Source)
	at javax.swing.plaf.basic.BasicTreeUI$Handler.handleSelection(Unknown Source)
	at javax.swing.plaf.basic.BasicTreeUI$Handler.mousePressed(Unknown Source)
	at java.awt.Component.processMouseEvent(Unknown Source)
	at javax.swing.JComponent.processMouseEvent(Unknown Source)
	at java.awt.Component.processEvent(Unknown Source)
	at java.awt.Container.processEvent(Unknown Source)
	at java.awt.Component.dispatchEventImpl(Unknown Source)
	at java.awt.Container.dispatchEventImpl(Unknown Source)
	at java.awt.Component.dispatchEvent(Unknown Source)
	at java.awt.LightweightDispatcher.retargetMouseEvent(Unknown Source)
	at java.awt.LightweightDispatcher.processMouseEvent(Unknown Source)
	at java.awt.LightweightDispatcher.dispatchEvent(Unknown Source)
	at java.awt.Container.dispatchEventImpl(Unknown Source)
	at java.awt.Window.dispatchEventImpl(Unknown Source)
	at java.awt.Component.dispatchEvent(Unknown Source)
	at java.awt.EventQueue.dispatchEventImpl(Unknown Source)
	at java.awt.EventQueue.access$000(Unknown Source)
	at java.awt.EventQueue$1.run(Unknown Source)
	at java.awt.EventQueue$1.run(Unknown Source)
	at java.security.AccessController.doPrivileged(Native Method)
	at java.security.AccessControlContext$1.doIntersectionPrivilege(Unknown Source)
	at java.security.AccessControlContext$1.doIntersectionPrivilege(Unknown Source)
	at java.awt.EventQueue$2.run(Unknown Source)
	at java.awt.EventQueue$2.run(Unknown Source)
	at java.security.AccessController.doPrivileged(Native Method)
	at java.security.AccessControlContext$1.doIntersectionPrivilege(Unknown Source)
	at java.awt.EventQueue.dispatchEvent(Unknown Source)
	at java.awt.EventDispatchThread.pumpOneEventForFilters(Unknown Source)
	at java.awt.EventDispatchThread.pumpEventsForFilter(Unknown Source)
	at java.awt.EventDispatchThread.pumpEventsForHierarchy(Unknown Source)
	at java.awt.EventDispatchThread.pumpEvents(Unknown Source)
	at java.awt.EventDispatchThread.pumpEvents(Unknown Source)
	at java.awt.EventDispatchThread.run(Unknown Source)

2012/11/19 15:58:23 INFO  - jmeter.engine.StandardJMeterEngine: Running the test! 
2012/11/19 15:58:23 INFO  - jmeter.gui.util.JMeterMenuBar: setRunning(true,*local*) 
2012/11/19 15:58:23 INFO  - jmeter.engine.StandardJMeterEngine: Starting ThreadGroup: 1 : Thread Group 1 
2012/11/19 15:58:23 INFO  - jmeter.engine.StandardJMeterEngine: Starting 1 threads for group Thread Group 1. 
2012/11/19 15:58:23 INFO  - jmeter.engine.StandardJMeterEngine: Thread will continue on error 
2012/11/19 15:58:23 INFO  - jmeter.threads.ThreadGroup: Starting thread group number 1 threads 1 ramp-up 1 perThread 1000.0 delayedStart=false 
2012/11/19 15:58:23 INFO  - jmeter.threads.ThreadGroup: Started thread group number 1 
2012/11/19 15:58:23 INFO  - jmeter.engine.StandardJMeterEngine: All thread groups have been started 
2012/11/19 15:58:23 INFO  - jmeter.threads.JMeterThread: Thread started: Thread Group 1 1-1 
2012/11/19 15:58:23 ERROR - jmeter.protocol.http.control.HC4CookieHandler: Unable to add the cookie org.apache.http.cookie.MalformedCookieException: Unable to parse expires attribute: Tue
	at org.apache.http.impl.cookie.BasicExpiresHandler.parse(BasicExpiresHandler.java:63)
	at org.apache.http.impl.cookie.CookieSpecBase.parse(CookieSpecBase.java:93)
	at org.apache.http.impl.cookie.RFC2109Spec.parse(RFC2109Spec.java:109)
	at org.apache.jmeter.protocol.http.control.HC4CookieHandler.addCookieFromHeader(HC4CookieHandler.java:90)
	at org.apache.jmeter.protocol.http.control.CookieManager.addCookieFromHeader(CookieManager.java:333)
	at org.apache.jmeter.protocol.http.sampler.HTTPHC4Impl.saveConnectionCookies(HTTPHC4Impl.java:1113)
	at org.apache.jmeter.protocol.http.sampler.HTTPHC4Impl.sample(HTTPHC4Impl.java:348)
	at org.apache.jmeter.protocol.http.sampler.HTTPSamplerProxy.sample(HTTPSamplerProxy.java:62)
	at org.apache.jmeter.protocol.http.sampler.HTTPSamplerBase.sample(HTTPSamplerBase.java:1075)
	at org.apache.jmeter.protocol.http.sampler.HTTPSamplerBase.sample(HTTPSamplerBase.java:1064)
	at org.apache.jmeter.threads.JMeterThread.process_sampler(JMeterThread.java:426)
	at org.apache.jmeter.threads.JMeterThread.run(JMeterThread.java:255)
	at java.lang.Thread.run(Unknown Source)

2012/11/19 15:58:23 ERROR - jmeter.protocol.http.control.HC4CookieHandler: Unable to add the cookie org.apache.http.cookie.MalformedCookieException: Unable to parse expires attribute: Tue
	at org.apache.http.impl.cookie.BasicExpiresHandler.parse(BasicExpiresHandler.java:63)
	at org.apache.http.impl.cookie.CookieSpecBase.parse(CookieSpecBase.java:93)
	at org.apache.http.impl.cookie.RFC2109Spec.parse(RFC2109Spec.java:109)
	at org.apache.jmeter.protocol.http.control.HC4CookieHandler.addCookieFromHeader(HC4CookieHandler.java:90)
	at org.apache.jmeter.protocol.http.control.CookieManager.addCookieFromHeader(CookieManager.java:333)
	at org.apache.jmeter.protocol.http.sampler.HTTPHC4Impl.saveConnectionCookies(HTTPHC4Impl.java:1113)
	at org.apache.jmeter.protocol.http.sampler.HTTPHC4Impl.sample(HTTPHC4Impl.java:348)
	at org.apache.jmeter.protocol.http.sampler.HTTPSamplerProxy.sample(HTTPSamplerProxy.java:62)
	at org.apache.jmeter.protocol.http.sampler.HTTPSamplerBase.sample(HTTPSamplerBase.java:1075)
	at org.apache.jmeter.protocol.http.sampler.HTTPSamplerBase.sample(HTTPSamplerBase.java:1064)
	at org.apache.jmeter.threads.JMeterThread.process_sampler(JMeterThread.java:426)
	at org.apache.jmeter.threads.JMeterThread.run(JMeterThread.java:255)
	at java.lang.Thread.run(Unknown Source)

2012/11/19 15:58:23 ERROR - jmeter.protocol.http.control.HC4CookieHandler: Unable to add the cookie org.apache.http.cookie.MalformedCookieException: Unable to parse expires attribute: Tue
	at org.apache.http.impl.cookie.BasicExpiresHandler.parse(BasicExpiresHandler.java:63)
	at org.apache.http.impl.cookie.CookieSpecBase.parse(CookieSpecBase.java:93)
	at org.apache.http.impl.cookie.RFC2109Spec.parse(RFC2109Spec.java:109)
	at org.apache.jmeter.protocol.http.control.HC4CookieHandler.addCookieFromHeader(HC4CookieHandler.java:90)
	at org.apache.jmeter.protocol.http.control.CookieManager.addCookieFromHeader(CookieManager.java:333)
	at org.apache.jmeter.protocol.http.sampler.HTTPHC4Impl.saveConnectionCookies(HTTPHC4Impl.java:1113)
	at org.apache.jmeter.protocol.http.sampler.HTTPHC4Impl.sample(HTTPHC4Impl.java:348)
	at org.apache.jmeter.protocol.http.sampler.HTTPSamplerProxy.sample(HTTPSamplerProxy.java:62)
	at org.apache.jmeter.protocol.http.sampler.HTTPSamplerBase.sample(HTTPSamplerBase.java:1075)
	at org.apache.jmeter.protocol.http.sampler.HTTPSamplerBase.sample(HTTPSamplerBase.java:1064)
	at org.apache.jmeter.threads.JMeterThread.process_sampler(JMeterThread.java:426)
	at org.apache.jmeter.threads.JMeterThread.run(JMeterThread.java:255)
	at java.lang.Thread.run(Unknown Source)

2012/11/19 15:58:23 ERROR - jmeter.protocol.http.control.HC4CookieHandler: Unable to add the cookie org.apache.http.cookie.MalformedCookieException: Unable to parse expires attribute: Tue
	at org.apache.http.impl.cookie.BasicExpiresHandler.parse(BasicExpiresHandler.java:63)
	at org.apache.http.impl.cookie.CookieSpecBase.parse(CookieSpecBase.java:93)
	at org.apache.http.impl.cookie.RFC2109Spec.parse(RFC2109Spec.java:109)
	at org.apache.jmeter.protocol.http.control.HC4CookieHandler.addCookieFromHeader(HC4CookieHandler.java:90)
	at org.apache.jmeter.protocol.http.control.CookieManager.addCookieFromHeader(CookieManager.java:333)
	at org.apache.jmeter.protocol.http.sampler.HTTPHC4Impl.saveConnectionCookies(HTTPHC4Impl.java:1113)
	at org.apache.jmeter.protocol.http.sampler.HTTPHC4Impl.sample(HTTPHC4Impl.java:348)
	at org.apache.jmeter.protocol.http.sampler.HTTPSamplerProxy.sample(HTTPSamplerProxy.java:62)
	at org.apache.jmeter.protocol.http.sampler.HTTPSamplerBase.sample(HTTPSamplerBase.java:1075)
	at org.apache.jmeter.protocol.http.sampler.HTTPSamplerBase.sample(HTTPSamplerBase.java:1064)
	at org.apache.jmeter.threads.JMeterThread.process_sampler(JMeterThread.java:426)
	at org.apache.jmeter.threads.JMeterThread.run(JMeterThread.java:255)
	at java.lang.Thread.run(Unknown Source)

2012/11/19 15:58:24 ERROR - jmeter.protocol.http.control.HC4CookieHandler: Unable to add the cookie org.apache.http.cookie.MalformedCookieException: Unable to parse expires attribute: Tue
	at org.apache.http.impl.cookie.BasicExpiresHandler.parse(BasicExpiresHandler.java:63)
	at org.apache.http.impl.cookie.CookieSpecBase.parse(CookieSpecBase.java:93)
	at org.apache.http.impl.cookie.RFC2109Spec.parse(RFC2109Spec.java:109)
	at org.apache.jmeter.protocol.http.control.HC4CookieHandler.addCookieFromHeader(HC4CookieHandler.java:90)
	at org.apache.jmeter.protocol.http.control.CookieManager.addCookieFromHeader(CookieManager.java:333)
	at org.apache.jmeter.protocol.http.sampler.HTTPHC4Impl.saveConnectionCookies(HTTPHC4Impl.java:1113)
	at org.apache.jmeter.protocol.http.sampler.HTTPHC4Impl.sample(HTTPHC4Impl.java:348)
	at org.apache.jmeter.protocol.http.sampler.HTTPSamplerProxy.sample(HTTPSamplerProxy.java:62)
	at org.apache.jmeter.protocol.http.sampler.HTTPSamplerBase.sample(HTTPSamplerBase.java:1075)
	at org.apache.jmeter.protocol.http.sampler.HTTPSamplerBase.sample(HTTPSamplerBase.java:1064)
	at org.apache.jmeter.threads.JMeterThread.process_sampler(JMeterThread.java:426)
	at org.apache.jmeter.threads.JMeterThread.run(JMeterThread.java:255)
	at java.lang.Thread.run(Unknown Source)

2012/11/19 15:58:24 INFO  - jmeter.threads.JMeterThread: Thread finished: Thread Group 1 1-1 
2012/11/19 15:58:24 INFO  - jmeter.engine.StandardJMeterEngine: Notifying test listeners of end of test 
2012/11/19 15:58:24 INFO  - jmeter.gui.util.JMeterMenuBar: setRunning(false,*local*) 
2012/11/19 15:58:39 INFO  - jmeter.engine.StandardJMeterEngine: Running the test! 
2012/11/19 15:58:39 INFO  - jmeter.gui.util.JMeterMenuBar: setRunning(true,*local*) 
2012/11/19 15:58:39 INFO  - jmeter.engine.StandardJMeterEngine: Starting ThreadGroup: 1 : Thread Group 1 
2012/11/19 15:58:39 INFO  - jmeter.engine.StandardJMeterEngine: Starting 1 threads for group Thread Group 1. 
2012/11/19 15:58:39 INFO  - jmeter.engine.StandardJMeterEngine: Thread will continue on error 
2012/11/19 15:58:39 INFO  - jmeter.threads.ThreadGroup: Starting thread group number 1 threads 1 ramp-up 1 perThread 1000.0 delayedStart=false 
2012/11/19 15:58:39 INFO  - jmeter.threads.ThreadGroup: Started thread group number 1 
2012/11/19 15:58:39 INFO  - jmeter.engine.StandardJMeterEngine: All thread groups have been started 
2012/11/19 15:58:39 INFO  - jmeter.threads.JMeterThread: Thread started: Thread Group 1 1-1 
2012/11/19 15:58:39 INFO  - jmeter.threads.JMeterThread: Thread finished: Thread Group 1 1-1 
2012/11/19 15:58:39 INFO  - jmeter.engine.StandardJMeterEngine: Notifying test listeners of end of test 
2012/11/19 15:58:39 INFO  - jmeter.gui.util.JMeterMenuBar: setRunning(false,*local*) 
2012/11/19 15:58:41 ERROR - jmeter.JMeter: Uncaught exception:  java.lang.RuntimeException: Unexpected block close in selector
	at javax.swing.text.html.CSSParser.parseSelectors(Unknown Source)
	at javax.swing.text.html.CSSParser.parseRuleSet(Unknown Source)
	at javax.swing.text.html.CSSParser.getNextStatement(Unknown Source)
	at javax.swing.text.html.CSSParser.parse(Unknown Source)
	at javax.swing.text.html.StyleSheet$CssParser.parse(Unknown Source)
	at javax.swing.text.html.StyleSheet.addRule(Unknown Source)
	at javax.swing.text.html.HTMLDocument$HTMLReader.addCSSRules(Unknown Source)
	at javax.swing.text.html.HTMLDocument$HTMLReader$HeadAction.end(Unknown Source)
	at javax.swing.text.html.HTMLDocument$HTMLReader.handleEndTag(Unknown Source)
	at javax.swing.text.html.parser.DocumentParser.handleEndTag(Unknown Source)
	at javax.swing.text.html.parser.Parser.parse(Unknown Source)
	at javax.swing.text.html.parser.DocumentParser.parse(Unknown Source)
	at javax.swing.text.html.parser.ParserDelegator.parse(Unknown Source)
	at javax.swing.text.html.HTMLEditorKit.read(Unknown Source)
	at javax.swing.JEditorPane.setText(Unknown Source)
	at org.apache.jmeter.visualizers.RenderAsHTML.showRenderedResponse(RenderAsHTML.java:100)
	at org.apache.jmeter.visualizers.RenderAsHTML.showRenderedResponse(RenderAsHTML.java:54)
	at org.apache.jmeter.visualizers.RenderAsHTML.renderResult(RenderAsHTML.java:50)
	at org.apache.jmeter.visualizers.ViewResultsFullVisualizer.valueChanged(ViewResultsFullVisualizer.java:247)
	at javax.swing.JTree.fireValueChanged(Unknown Source)
	at javax.swing.JTree$TreeSelectionRedirector.valueChanged(Unknown Source)
	at javax.swing.tree.DefaultTreeSelectionModel.fireValueChanged(Unknown Source)
	at javax.swing.tree.DefaultTreeSelectionModel.notifyPathChange(Unknown Source)
	at javax.swing.tree.DefaultTreeSelectionModel.setSelectionPaths(Unknown Source)
	at javax.swing.tree.DefaultTreeSelectionModel.setSelectionPath(Unknown Source)
	at javax.swing.JTree.setSelectionPath(Unknown Source)
	at javax.swing.plaf.basic.BasicTreeUI.selectPathForEvent(Unknown Source)
	at javax.swing.plaf.basic.BasicTreeUI$Handler.handleSelection(Unknown Source)
	at javax.swing.plaf.basic.BasicTreeUI$Handler.mousePressed(Unknown Source)
	at java.awt.Component.processMouseEvent(Unknown Source)
	at javax.swing.JComponent.processMouseEvent(Unknown Source)
	at java.awt.Component.processEvent(Unknown Source)
	at java.awt.Container.processEvent(Unknown Source)
	at java.awt.Component.dispatchEventImpl(Unknown Source)
	at java.awt.Container.dispatchEventImpl(Unknown Source)
	at java.awt.Component.dispatchEvent(Unknown Source)
	at java.awt.LightweightDispatcher.retargetMouseEvent(Unknown Source)
	at java.awt.LightweightDispatcher.processMouseEvent(Unknown Source)
	at java.awt.LightweightDispatcher.dispatchEvent(Unknown Source)
	at java.awt.Container.dispatchEventImpl(Unknown Source)
	at java.awt.Window.dispatchEventImpl(Unknown Source)
	at java.awt.Component.dispatchEvent(Unknown Source)
	at java.awt.EventQueue.dispatchEventImpl(Unknown Source)
	at java.awt.EventQueue.access$000(Unknown Source)
	at java.awt.EventQueue$1.run(Unknown Source)
	at java.awt.EventQueue$1.run(Unknown Source)
	at java.security.AccessController.doPrivileged(Native Method)
	at java.security.AccessControlContext$1.doIntersectionPrivilege(Unknown Source)
	at java.security.AccessControlContext$1.doIntersectionPrivilege(Unknown Source)
	at java.awt.EventQueue$2.run(Unknown Source)
	at java.awt.EventQueue$2.run(Unknown Source)
	at java.security.AccessController.doPrivileged(Native Method)
	at java.security.AccessControlContext$1.doIntersectionPrivilege(Unknown Source)
	at java.awt.EventQueue.dispatchEvent(Unknown Source)
	at java.awt.EventDispatchThread.pumpOneEventForFilters(Unknown Source)
	at java.awt.EventDispatchThread.pumpEventsForFilter(Unknown Source)
	at java.awt.EventDispatchThread.pumpEventsForHierarchy(Unknown Source)
	at java.awt.EventDispatchThread.pumpEvents(Unknown Source)
	at java.awt.EventDispatchThread.pumpEvents(Unknown Source)
	at java.awt.EventDispatchThread.run(Unknown Source)

2012/11/19 15:58:53 ERROR - jmeter.JMeter: Uncaught exception:  java.lang.RuntimeException: Unexpected block close in selector
	at javax.swing.text.html.CSSParser.parseSelectors(Unknown Source)
	at javax.swing.text.html.CSSParser.parseRuleSet(Unknown Source)
	at javax.swing.text.html.CSSParser.getNextStatement(Unknown Source)
	at javax.swing.text.html.CSSParser.parse(Unknown Source)
	at javax.swing.text.html.StyleSheet$CssParser.parse(Unknown Source)
	at javax.swing.text.html.StyleSheet.addRule(Unknown Source)
	at javax.swing.text.html.HTMLDocument$HTMLReader.addCSSRules(Unknown Source)
	at javax.swing.text.html.HTMLDocument$HTMLReader$HeadAction.end(Unknown Source)
	at javax.swing.text.html.HTMLDocument$HTMLReader.handleEndTag(Unknown Source)
	at javax.swing.text.html.parser.DocumentParser.handleEndTag(Unknown Source)
	at javax.swing.text.html.parser.Parser.parse(Unknown Source)
	at javax.swing.text.html.parser.DocumentParser.parse(Unknown Source)
	at javax.swing.text.html.parser.ParserDelegator.parse(Unknown Source)
	at javax.swing.text.html.HTMLEditorKit.read(Unknown Source)
	at javax.swing.JEditorPane.setText(Unknown Source)
	at org.apache.jmeter.visualizers.RenderAsHTML.showRenderedResponse(RenderAsHTML.java:100)
	at org.apache.jmeter.visualizers.RenderAsHTML.showRenderedResponse(RenderAsHTML.java:54)
	at org.apache.jmeter.visualizers.RenderAsHTML.renderResult(RenderAsHTML.java:50)
	at org.apache.jmeter.visualizers.ViewResultsFullVisualizer.valueChanged(ViewResultsFullVisualizer.java:247)
	at javax.swing.JTree.fireValueChanged(Unknown Source)
	at javax.swing.JTree$TreeSelectionRedirector.valueChanged(Unknown Source)
	at javax.swing.tree.DefaultTreeSelectionModel.fireValueChanged(Unknown Source)
	at javax.swing.tree.DefaultTreeSelectionModel.notifyPathChange(Unknown Source)
	at javax.swing.tree.DefaultTreeSelectionModel.setSelectionPaths(Unknown Source)
	at javax.swing.tree.DefaultTreeSelectionModel.setSelectionPath(Unknown Source)
	at javax.swing.JTree.setSelectionPath(Unknown Source)
	at javax.swing.plaf.basic.BasicTreeUI.selectPathForEvent(Unknown Source)
	at javax.swing.plaf.basic.BasicTreeUI$Handler.handleSelection(Unknown Source)
	at javax.swing.plaf.basic.BasicTreeUI$Handler.mousePressed(Unknown Source)
	at java.awt.Component.processMouseEvent(Unknown Source)
	at javax.swing.JComponent.processMouseEvent(Unknown Source)
	at java.awt.Component.processEvent(Unknown Source)
	at java.awt.Container.processEvent(Unknown Source)
	at java.awt.Component.dispatchEventImpl(Unknown Source)
	at java.awt.Container.dispatchEventImpl(Unknown Source)
	at java.awt.Component.dispatchEvent(Unknown Source)
	at java.awt.LightweightDispatcher.retargetMouseEvent(Unknown Source)
	at java.awt.LightweightDispatcher.processMouseEvent(Unknown Source)
	at java.awt.LightweightDispatcher.dispatchEvent(Unknown Source)
	at java.awt.Container.dispatchEventImpl(Unknown Source)
	at java.awt.Window.dispatchEventImpl(Unknown Source)
	at java.awt.Component.dispatchEvent(Unknown Source)
	at java.awt.EventQueue.dispatchEventImpl(Unknown Source)
	at java.awt.EventQueue.access$000(Unknown Source)
	at java.awt.EventQueue$1.run(Unknown Source)
	at java.awt.EventQueue$1.run(Unknown Source)
	at java.security.AccessController.doPrivileged(Native Method)
	at java.security.AccessControlContext$1.doIntersectionPrivilege(Unknown Source)
	at java.security.AccessControlContext$1.doIntersectionPrivilege(Unknown Source)
	at java.awt.EventQueue$2.run(Unknown Source)
	at java.awt.EventQueue$2.run(Unknown Source)
	at java.security.AccessController.doPrivileged(Native Method)
	at java.security.AccessControlContext$1.doIntersectionPrivilege(Unknown Source)
	at java.awt.EventQueue.dispatchEvent(Unknown Source)
	at java.awt.EventDispatchThread.pumpOneEventForFilters(Unknown Source)
	at java.awt.EventDispatchThread.pumpEventsForFilter(Unknown Source)
	at java.awt.EventDispatchThread.pumpEventsForHierarchy(Unknown Source)
	at java.awt.EventDispatchThread.pumpEvents(Unknown Source)
	at java.awt.EventDispatchThread.pumpEvents(Unknown Source)
	at java.awt.EventDispatchThread.run(Unknown Source)

2012/11/19 15:58:56 ERROR - jmeter.JMeter: Uncaught exception:  java.lang.RuntimeException: Unexpected block close in selector
	at javax.swing.text.html.CSSParser.parseSelectors(Unknown Source)
	at javax.swing.text.html.CSSParser.parseRuleSet(Unknown Source)
	at javax.swing.text.html.CSSParser.getNextStatement(Unknown Source)
	at javax.swing.text.html.CSSParser.parse(Unknown Source)
	at javax.swing.text.html.StyleSheet$CssParser.parse(Unknown Source)
	at javax.swing.text.html.StyleSheet.addRule(Unknown Source)
	at javax.swing.text.html.HTMLDocument$HTMLReader.addCSSRules(Unknown Source)
	at javax.swing.text.html.HTMLDocument$HTMLReader$HeadAction.end(Unknown Source)
	at javax.swing.text.html.HTMLDocument$HTMLReader.handleEndTag(Unknown Source)
	at javax.swing.text.html.parser.DocumentParser.handleEndTag(Unknown Source)
	at javax.swing.text.html.parser.Parser.parse(Unknown Source)
	at javax.swing.text.html.parser.DocumentParser.parse(Unknown Source)
	at javax.swing.text.html.parser.ParserDelegator.parse(Unknown Source)
	at javax.swing.text.html.HTMLEditorKit.read(Unknown Source)
	at javax.swing.JEditorPane.setText(Unknown Source)
	at org.apache.jmeter.visualizers.RenderAsHTML.showRenderedResponse(RenderAsHTML.java:100)
	at org.apache.jmeter.visualizers.RenderAsHTML.showRenderedResponse(RenderAsHTML.java:54)
	at org.apache.jmeter.visualizers.RenderAsHTML.renderResult(RenderAsHTML.java:50)
	at org.apache.jmeter.visualizers.ViewResultsFullVisualizer.valueChanged(ViewResultsFullVisualizer.java:247)
	at javax.swing.JTree.fireValueChanged(Unknown Source)
	at javax.swing.JTree$TreeSelectionRedirector.valueChanged(Unknown Source)
	at javax.swing.tree.DefaultTreeSelectionModel.fireValueChanged(Unknown Source)
	at javax.swing.tree.DefaultTreeSelectionModel.notifyPathChange(Unknown Source)
	at javax.swing.tree.DefaultTreeSelectionModel.setSelectionPaths(Unknown Source)
	at javax.swing.tree.DefaultTreeSelectionModel.setSelectionPath(Unknown Source)
	at javax.swing.JTree.setSelectionPath(Unknown Source)
	at javax.swing.plaf.basic.BasicTreeUI.selectPathForEvent(Unknown Source)
	at javax.swing.plaf.basic.BasicTreeUI$Handler.handleSelection(Unknown Source)
	at javax.swing.plaf.basic.BasicTreeUI$Handler.mousePressed(Unknown Source)
	at java.awt.Component.processMouseEvent(Unknown Source)
	at javax.swing.JComponent.processMouseEvent(Unknown Source)
	at java.awt.Component.processEvent(Unknown Source)
	at java.awt.Container.processEvent(Unknown Source)
	at java.awt.Component.dispatchEventImpl(Unknown Source)
	at java.awt.Container.dispatchEventImpl(Unknown Source)
	at java.awt.Component.dispatchEvent(Unknown Source)
	at java.awt.LightweightDispatcher.retargetMouseEvent(Unknown Source)
	at java.awt.LightweightDispatcher.processMouseEvent(Unknown Source)
	at java.awt.LightweightDispatcher.dispatchEvent(Unknown Source)
	at java.awt.Container.dispatchEventImpl(Unknown Source)
	at java.awt.Window.dispatchEventImpl(Unknown Source)
	at java.awt.Component.dispatchEvent(Unknown Source)
	at java.awt.EventQueue.dispatchEventImpl(Unknown Source)
	at java.awt.EventQueue.access$000(Unknown Source)
	at java.awt.EventQueue$1.run(Unknown Source)
	at java.awt.EventQueue$1.run(Unknown Source)
	at java.security.AccessController.doPrivileged(Native Method)
	at java.security.AccessControlContext$1.doIntersectionPrivilege(Unknown Source)
	at java.security.AccessControlContext$1.doIntersectionPrivilege(Unknown Source)
	at java.awt.EventQueue$2.run(Unknown Source)
	at java.awt.EventQueue$2.run(Unknown Source)
	at java.security.AccessController.doPrivileged(Native Method)
	at java.security.AccessControlContext$1.doIntersectionPrivilege(Unknown Source)
	at java.awt.EventQueue.dispatchEvent(Unknown Source)
	at java.awt.EventDispatchThread.pumpOneEventForFilters(Unknown Source)
	at java.awt.EventDispatchThread.pumpEventsForFilter(Unknown Source)
	at java.awt.EventDispatchThread.pumpEventsForHierarchy(Unknown Source)
	at java.awt.EventDispatchThread.pumpEvents(Unknown Source)
	at java.awt.EventDispatchThread.pumpEvents(Unknown Source)
	at java.awt.EventDispatchThread.run(Unknown Source)

