2010/10/24 23:25:12 INFO  - jmeter.util.JMeterUtils: Setting Locale to ru_RU 
2010/10/24 23:25:12 ERROR - jmeter.util.JMeterUtils: Could not find resources for 'ru_RU' 
2010/10/24 23:25:12 INFO  - jmeter.JMeter: Loading user properties from: D:\Zarmi\jakarta-jmeter-2.4\bin\user.properties 
2010/10/24 23:25:12 INFO  - jmeter.JMeter: Loading system properties from: D:\Zarmi\jakarta-jmeter-2.4\bin\system.properties 
2010/10/24 23:25:12 INFO  - jmeter.JMeter: Copyright (c) 1998-2010 The Apache Software Foundation 
2010/10/24 23:25:12 INFO  - jmeter.JMeter: Version 2.4 r961953 
2010/10/24 23:25:12 INFO  - jmeter.JMeter: java.version=1.6.0_21 
2010/10/24 23:25:12 INFO  - jmeter.JMeter: java.vm.name=Java HotSpot(TM) 64-Bit Server VM 
2010/10/24 23:25:12 INFO  - jmeter.JMeter: os.name=Windows 7 
2010/10/24 23:25:12 INFO  - jmeter.JMeter: os.arch=amd64 
2010/10/24 23:25:12 INFO  - jmeter.JMeter: os.version=6.1 
2010/10/24 23:25:12 INFO  - jmeter.JMeter: file.encoding=Cp1251 
2010/10/24 23:25:12 INFO  - jmeter.JMeter: Default Locale=русский (Россия) 
2010/10/24 23:25:12 INFO  - jmeter.JMeter: JMeter  Locale=русский (Россия) 
2010/10/24 23:25:12 INFO  - jmeter.JMeter: JMeterHome=D:\Zarmi\jakarta-jmeter-2.4 
2010/10/24 23:25:12 INFO  - jmeter.JMeter: user.dir  =D:\Zarmi\jakarta-jmeter-2.4\bin 
2010/10/24 23:25:12 INFO  - jmeter.JMeter: PWD       =D:\Zarmi\jakarta-jmeter-2.4\bin 
2010/10/24 23:25:12 INFO  - jmeter.JMeter: IP: 192.168.1.2 Name: SmartKupon FullName: SmartKupon.mshome.net 
2010/10/24 23:25:12 INFO  - jmeter.JMeter: Loaded icon properties from org/apache/jmeter/images/icon.properties 
2010/10/24 23:25:12 INFO  - jmeter.engine.util.CompoundVariable: Note: Function class names must contain the string: '.functions.' 
2010/10/24 23:25:12 INFO  - jmeter.engine.util.CompoundVariable: Note: Function class names must not contain the string: '.gui.' 
2010/10/24 23:25:13 INFO  - jmeter.util.BSFTestElement: Registering JMeter version of JavaScript engine as work-round for BSF-22 
2010/10/24 23:25:13 INFO  - jmeter.protocol.http.sampler.HTTPSamplerBase: Cannot find .className property for htmlParser, using default 
2010/10/24 23:25:13 INFO  - jmeter.protocol.http.sampler.HTTPSamplerBase: Parser for text/html is  
2010/10/24 23:25:13 INFO  - jmeter.protocol.http.sampler.HTTPSamplerBase: Parser for application/xhtml+xml is  
2010/10/24 23:25:13 INFO  - jmeter.protocol.http.sampler.HTTPSamplerBase: Parser for application/xml is  
2010/10/24 23:25:13 INFO  - jmeter.protocol.http.sampler.HTTPSamplerBase: Parser for text/xml is  
2010/10/24 23:25:13 INFO  - jmeter.protocol.http.sampler.HTTPSamplerBase: Parser for text/vnd.wap.wml is org.apache.jmeter.protocol.http.parser.RegexpHTMLParser 
2010/10/24 23:25:13 INFO  - jmeter.gui.util.MenuFactory: Skipping org.apache.jmeter.protocol.http.modifier.gui.ParamModifierGui 
2010/10/24 23:25:13 INFO  - jmeter.gui.util.MenuFactory: Skipping org.apache.jmeter.protocol.http.modifier.gui.UserParameterModifierGui 
2010/10/24 23:25:13 INFO  - jmeter.protocol.http.sampler.HTTPSampler: Maximum connection retries = 10 
2010/10/24 23:25:14 INFO  - jmeter.samplers.SampleResult: Note: Sample TimeStamps are START times 
2010/10/24 23:25:14 INFO  - jmeter.samplers.SampleResult: sampleresult.default.encoding is set to ISO-8859-1 


------------------------------------------------------------

2010-10-24 23:25:26
Full thread dump Java HotSpot(TM) 64-Bit Server VM (17.0-b17 mixed mode):

"D3D Screen Updater" daemon prio=8 tid=0x0000000044cd5800 nid=0x28e0 runnable [0
x000000004359f000]
   java.lang.Thread.State: RUNNABLE
        at sun.java2d.d3d.D3DRenderQueue.flushBuffer(Native Method)
        at sun.java2d.d3d.D3DRenderQueue.flushBuffer(D3DRenderQueue.java:134)
        at sun.java2d.d3d.D3DRenderQueue.flushNow(D3DRenderQueue.java:119)
        at sun.java2d.d3d.D3DSurfaceData.swapBuffers(D3DSurfaceData.java:743)
        at sun.java2d.d3d.D3DScreenUpdateManager.run(D3DScreenUpdateManager.java
:444)
        at java.lang.Thread.run(Thread.java:619)

"Swing-Shell" daemon prio=6 tid=0x000000003fd37800 nid=0x2b50 waiting on conditi
on [0x0000000043a1f000]
   java.lang.Thread.State: WAITING (parking)
        at sun.misc.Unsafe.park(Native Method)
        - parking to wait for  <0x0000000034d1e410> (a java.util.concurrent.lock
s.AbstractQueuedSynchronizer$ConditionObject)
        at java.util.concurrent.locks.LockSupport.park(LockSupport.java:158)
        at java.util.concurrent.locks.AbstractQueuedSynchronizer$ConditionObject
.await(AbstractQueuedSynchronizer.java:1987)
        at java.util.concurrent.LinkedBlockingQueue.take(LinkedBlockingQueue.jav
a:399)
        at java.util.concurrent.ThreadPoolExecutor.getTask(ThreadPoolExecutor.ja
va:947)
        at java.util.concurrent.ThreadPoolExecutor$Worker.run(ThreadPoolExecutor
.java:907)
        at sun.awt.shell.Win32ShellFolderManager2$ComInvoker$3.run(Win32ShellFol
derManager2.java:492)
        at java.lang.Thread.run(Thread.java:619)

"DestroyJavaVM" prio=6 tid=0x000000000033b800 nid=0x3350 waiting on condition [0
x0000000000000000]
   java.lang.Thread.State: RUNNABLE

"TimerQueue" daemon prio=6 tid=0x000000003fc4a000 nid=0x1bf8 in Object.wait() [0
x000000004379f000]
   java.lang.Thread.State: WAITING (on object monitor)
        at java.lang.Object.wait(Native Method)
        - waiting on <0x000000002e6fdaa8> (a javax.swing.TimerQueue)
        at javax.swing.TimerQueue.run(TimerQueue.java:232)
        - locked <0x000000002e6fdaa8> (a javax.swing.TimerQueue)
        at java.lang.Thread.run(Thread.java:619)

"AWT-EventQueue-0" prio=6 tid=0x000000003fb71800 nid=0x12cc in Object.wait() [0x
0000000042a4e000]
   java.lang.Thread.State: WAITING (on object monitor)
        at java.lang.Object.wait(Native Method)
        - waiting on <0x000000002fd65870> (a java.lang.Object)
        at java.lang.Object.wait(Object.java:485)
        at sun.java2d.d3d.D3DScreenUpdateManager.runUpdateNow(D3DScreenUpdateMan
ager.java:402)
        - locked <0x000000002fd65870> (a java.lang.Object)
        at sun.java2d.d3d.D3DBlitLoops.IsoBlit(D3DBlitLoops.java:334)
        at sun.java2d.d3d.D3DRTTSurfaceToSurfaceBlit.Blit(D3DBlitLoops.java:421)

        at sun.java2d.pipe.DrawImage.blitSurfaceData(DrawImage.java:927)
        at sun.java2d.pipe.DrawImage.renderImageCopy(DrawImage.java:550)
        at sun.java2d.pipe.DrawImage.copyImage(DrawImage.java:54)
        at sun.java2d.pipe.DrawImage.copyImage(DrawImage.java:982)
        at sun.java2d.pipe.ValidatePipe.copyImage(ValidatePipe.java:168)
        at sun.java2d.SunGraphics2D.drawImage(SunGraphics2D.java:2979)
        at sun.java2d.SunGraphics2D.drawImage(SunGraphics2D.java:2964)
        at javax.swing.RepaintManager$PaintManager.paintDoubleBuffered(RepaintMa
nager.java:1481)
        at javax.swing.RepaintManager$PaintManager.paint(RepaintManager.java:141
0)
        at javax.swing.RepaintManager.paint(RepaintManager.java:1224)
        at javax.swing.JComponent.paint(JComponent.java:1015)
        at java.awt.GraphicsCallback$PaintCallback.run(GraphicsCallback.java:21)

        at sun.awt.SunGraphicsCallback.runOneComponent(SunGraphicsCallback.java:
60)
        at sun.awt.SunGraphicsCallback.runComponents(SunGraphicsCallback.java:97
)
        at java.awt.Container.paint(Container.java:1780)
        at java.awt.Window.paint(Window.java:3375)
        at javax.swing.RepaintManager.paintDirtyRegions(RepaintManager.java:796)

        at javax.swing.RepaintManager.paintDirtyRegions(RepaintManager.java:713)

        at javax.swing.RepaintManager.seqPaintDirtyRegions(RepaintManager.java:6
93)
        at javax.swing.SystemEventQueueUtilities$ComponentWorkRequest.run(System
EventQueueUtilities.java:125)
        at java.awt.event.InvocationEvent.dispatch(InvocationEvent.java:209)
        at java.awt.EventQueue.dispatchEvent(EventQueue.java:597)
        at java.awt.EventDispatchThread.pumpOneEventForFilters(EventDispatchThre
ad.java:269)
        at java.awt.EventDispatchThread.pumpEventsForFilter(EventDispatchThread.
java:184)
        at java.awt.EventDispatchThread.pumpEventsForHierarchy(EventDispatchThre
ad.java:174)
        at java.awt.EventDispatchThread.pumpEvents(EventDispatchThread.java:169)

        at java.awt.EventDispatchThread.pumpEvents(EventDispatchThread.java:161)

        at java.awt.EventDispatchThread.run(EventDispatchThread.java:122)

"AWT-Windows" daemon prio=6 tid=0x000000003f89e800 nid=0x3874 runnable [0x000000
0040b8f000]
   java.lang.Thread.State: RUNNABLE
        at sun.awt.windows.WToolkit.eventLoop(Native Method)
        at sun.awt.windows.WToolkit.run(WToolkit.java:293)
        at java.lang.Thread.run(Thread.java:619)

"AWT-Shutdown" prio=6 tid=0x000000003f89e000 nid=0x548 in Object.wait() [0x00000
00040a8f000]
   java.lang.Thread.State: WAITING (on object monitor)
        at java.lang.Object.wait(Native Method)
        - waiting on <0x000000002d97a370> (a java.lang.Object)
        at java.lang.Object.wait(Object.java:485)
        at sun.awt.AWTAutoShutdown.run(AWTAutoShutdown.java:265)
        - locked <0x000000002d97a370> (a java.lang.Object)
        at java.lang.Thread.run(Thread.java:619)

"Java2D Disposer" daemon prio=10 tid=0x000000003f6ba000 nid=0x3428 in Object.wai
t() [0x000000004098f000]
   java.lang.Thread.State: WAITING (on object monitor)
        at java.lang.Object.wait(Native Method)
        - waiting on <0x000000002d983c78> (a java.lang.ref.ReferenceQueue$Lock)
        at java.lang.ref.ReferenceQueue.remove(ReferenceQueue.java:118)
        - locked <0x000000002d983c78> (a java.lang.ref.ReferenceQueue$Lock)
        at java.lang.ref.ReferenceQueue.remove(ReferenceQueue.java:134)
        at sun.java2d.Disposer.run(Disposer.java:127)
        at java.lang.Thread.run(Thread.java:619)

"Low Memory Detector" daemon prio=6 tid=0x000000003e2ab000 nid=0x39d8 runnable [
0x0000000000000000]
   java.lang.Thread.State: RUNNABLE

"CompilerThread1" daemon prio=10 tid=0x000000003e2a4000 nid=0x2f90 waiting on co
ndition [0x0000000000000000]
   java.lang.Thread.State: RUNNABLE

"CompilerThread0" daemon prio=10 tid=0x000000003e28c800 nid=0x2c50 waiting on co
ndition [0x0000000000000000]
   java.lang.Thread.State: RUNNABLE

"Attach Listener" daemon prio=10 tid=0x000000003e28c000 nid=0x1e30 runnable [0x0
000000000000000]
   java.lang.Thread.State: RUNNABLE

"Signal Dispatcher" daemon prio=10 tid=0x000000003e28b000 nid=0x3fe0 waiting on
condition [0x0000000000000000]
   java.lang.Thread.State: RUNNABLE

"Finalizer" daemon prio=8 tid=0x000000003e238000 nid=0x3340 in Object.wait() [0x
000000003ef7f000]
   java.lang.Thread.State: WAITING (on object monitor)
        at java.lang.Object.wait(Native Method)
        - waiting on <0x000000002d5a11e0> (a java.lang.ref.ReferenceQueue$Lock)
        at java.lang.ref.ReferenceQueue.remove(ReferenceQueue.java:118)
        - locked <0x000000002d5a11e0> (a java.lang.ref.ReferenceQueue$Lock)
        at java.lang.ref.ReferenceQueue.remove(ReferenceQueue.java:134)
        at java.lang.ref.Finalizer$FinalizerThread.run(Finalizer.java:159)

"Reference Handler" daemon prio=10 tid=0x000000003e232000 nid=0x2c14 in Object.w
ait() [0x000000003ee7f000]
   java.lang.Thread.State: WAITING (on object monitor)
        at java.lang.Object.wait(Native Method)
        - waiting on <0x000000002d5a1048> (a java.lang.ref.Reference$Lock)
        at java.lang.Object.wait(Object.java:485)
        at java.lang.ref.Reference$ReferenceHandler.run(Reference.java:116)
        - locked <0x000000002d5a1048> (a java.lang.ref.Reference$Lock)

"VM Thread" prio=10 tid=0x000000003e22c800 nid=0x358 runnable

"GC task thread#0 (ParallelGC)" prio=6 tid=0x00000000004a7800 nid=0x3f74 runnabl
e

"GC task thread#1 (ParallelGC)" prio=6 tid=0x00000000004a9800 nid=0x2838 runnabl
e

"GC task thread#2 (ParallelGC)" prio=6 tid=0x00000000004ab000 nid=0x153c runnabl
e

"GC task thread#3 (ParallelGC)" prio=6 tid=0x00000000004ad000 nid=0x1c14 runnabl
e

"GC task thread#4 (ParallelGC)" prio=6 tid=0x00000000004b0000 nid=0x2f6c runnabl
e

"GC task thread#5 (ParallelGC)" prio=6 tid=0x00000000004b1800 nid=0x3b0c runnabl
e

"GC task thread#6 (ParallelGC)" prio=6 tid=0x00000000004b3000 nid=0x31cc runnabl
e

"GC task thread#7 (ParallelGC)" prio=6 tid=0x00000000004b4000 nid=0x20e8 runnabl
e

"VM Periodic Task Thread" prio=10 tid=0x000000003e2be800 nid=0x638 waiting on co
ndition

JNI global references: 1962

Heap
 PSYoungGen      total 235968K, used 181026K [0x000000002d5a0000, 0x000000003d5a
0000, 0x000000003d5a0000)
  eden space 209792K, 86% used [0x000000002d5a0000,0x00000000386688f8,0x00000000
3a280000)
  from space 26176K, 0% used [0x000000003bc10000,0x000000003bc10000,0x000000003d
5a0000)
  to   space 26176K, 0% used [0x000000003a280000,0x000000003a280000,0x000000003b
c10000)
 PSOldGen        total 524288K, used 0K [0x000000000d5a0000, 0x000000002d5a0000,
 0x000000002d5a0000)
  object space 524288K, 0% used [0x000000000d5a0000,0x000000000d5a0000,0x0000000
02d5a0000)
 PSPermGen       total 131072K, used 26183K [0x00000000055a0000, 0x000000000d5a0
000, 0x000000000d5a0000)
  object space 131072K, 19% used [0x00000000055a0000,0x0000000006f31c00,0x000000
000d5a0000)

