2009/08/27 11:44:17 INFO  - jmeter.util.JMeterUtils: Setting Locale to en_US 
2009/08/27 11:44:17 INFO  - jmeter.JMeter: Loading user properties from: C:\TECHSALES\Acxiom\jakarta-jmeter-2.3.4\bin\user.properties 
2009/08/27 11:44:17 INFO  - jmeter.JMeter: Loading system properties from: C:\TECHSALES\Acxiom\jakarta-jmeter-2.3.4\bin\system.properties 
2009/08/27 11:44:17 INFO  - jmeter.JMeter: Copyright (c) 1998-2009 The Apache Software Foundation 
2009/08/27 11:44:17 INFO  - jmeter.JMeter: Version 2.3.4 r785646 
2009/08/27 11:44:17 INFO  - jmeter.JMeter: java.version=1.5.0 
2009/08/27 11:44:17 INFO  - jmeter.JMeter: java.vm.name=IBM J9 VM 
2009/08/27 11:44:17 INFO  - jmeter.JMeter: os.name=Windows XP 
2009/08/27 11:44:17 INFO  - jmeter.JMeter: os.arch=x86 
2009/08/27 11:44:17 INFO  - jmeter.JMeter: os.version=5.1 build 2600 Service Pack 2 
2009/08/27 11:44:17 INFO  - jmeter.JMeter: file.encoding=Cp1252 
2009/08/27 11:44:17 INFO  - jmeter.JMeter: Default Locale=English (United States) 
2009/08/27 11:44:17 INFO  - jmeter.JMeter: JMeter  Locale=English (United States) 
2009/08/27 11:44:17 INFO  - jmeter.JMeter: JMeterHome=C:\TECHSALES\Acxiom\jakarta-jmeter-2.3.4 
2009/08/27 11:44:17 INFO  - jmeter.JMeter: user.dir  =C:\TECHSALES\Acxiom\jakarta-jmeter-2.3.4\bin 
2009/08/27 11:44:17 INFO  - jmeter.JMeter: PWD       =C:\TECHSALES\Acxiom\jakarta-jmeter-2.3.4\bin 
2009/08/27 11:44:17 INFO  - jmeter.JMeter: IP: 9.49.197.51 Name: IBM-DA6DCFCF9BC FullName: 9.49.197.51 
2009/08/27 11:44:17 INFO  - jmeter.JMeter: Loaded icon properties from org/apache/jmeter/images/icon.properties 
2009/08/27 11:44:18 INFO  - jmeter.engine.util.CompoundVariable: Note: Function class names must contain the string: '.functions.' 
2009/08/27 11:44:18 INFO  - jmeter.engine.util.CompoundVariable: Note: Function class names must not contain the string: '.gui.' 
2009/08/27 11:44:19 INFO  - jmeter.util.BSFTestElement: Registering JMeter version of JavaScript engine as work-round for BSF-22 
2009/08/27 11:44:19 INFO  - jmeter.protocol.http.sampler.HTTPSamplerBase: Cannot find .className property for htmlParser, using default 
2009/08/27 11:44:19 INFO  - jmeter.protocol.http.sampler.HTTPSamplerBase: Parser for text/html is  
2009/08/27 11:44:19 INFO  - jmeter.protocol.http.sampler.HTTPSamplerBase: Parser for application/xhtml+xml is  
2009/08/27 11:44:19 INFO  - jmeter.protocol.http.sampler.HTTPSamplerBase: Parser for application/xml is  
2009/08/27 11:44:19 INFO  - jmeter.protocol.http.sampler.HTTPSamplerBase: Parser for text/xml is  
2009/08/27 11:44:19 INFO  - jmeter.protocol.http.sampler.HTTPSamplerBase: Parser for text/vnd.wap.wml is org.apache.jmeter.protocol.http.parser.RegexpHTMLParser 
2009/08/27 11:44:19 INFO  - jmeter.gui.util.MenuFactory: Skipping org.apache.jmeter.protocol.http.modifier.gui.ParamModifierGui 
2009/08/27 11:44:19 INFO  - jmeter.gui.util.MenuFactory: Skipping org.apache.jmeter.protocol.http.modifier.gui.UserParameterModifierGui 
2009/08/27 11:44:19 INFO  - jmeter.protocol.http.sampler.HTTPSampler: Maximum connection retries = 10 
2009/08/27 11:44:19 INFO  - jmeter.protocol.http.sampler.HTTPSampler: Connection and read timeouts are available on this JVM 
2009/08/27 11:44:19 WARN  - jmeter.gui.util.MenuFactory: Missing jar? Could not create org.apache.jmeter.visualizers.MailerVisualizer. java.lang.NoClassDefFoundError: javax.mail.MessagingException 
2009/08/27 11:44:19 INFO  - jmeter.samplers.SampleResult: Note: Sample TimeStamps are START times 
2009/08/27 11:44:19 INFO  - jmeter.samplers.SampleResult: sampleresult.default.encoding is set to ISO-8859-1 
2009/08/27 11:44:22 INFO  - jmeter.services.FileServer: Default base=C:\TECHSALES\Acxiom\jakarta-jmeter-2.3.4\bin 
2009/08/27 11:44:22 INFO  - jmeter.gui.action.Load: Loading file: C:\TECHSALES\Acxiom\jakarta-jmeter-2.3.4\TestPlan1-Golden.jmx 
2009/08/27 11:44:22 INFO  - jmeter.services.FileServer: Set new base=C:\TECHSALES\Acxiom\jakarta-jmeter-2.3.4 
2009/08/27 11:44:22 INFO  - jmeter.save.SaveService: Testplan (JMX) version: 2.2. Testlog (JTL) version: 2.2 
2009/08/27 11:44:22 INFO  - jmeter.save.SaveService: Using SaveService properties file encoding UTF-8 
2009/08/27 11:44:22 INFO  - jmeter.save.SaveService: Using SaveService properties file version 697317 
2009/08/27 11:44:22 INFO  - jmeter.save.SaveService: Using SaveService properties version 2.1 
2009/08/27 11:44:22 INFO  - jmeter.save.SaveService: All converter versions present and correct 
2009/08/27 11:44:22 INFO  - jmeter.services.FileServer: Set new base=C:\TECHSALES\Acxiom\jakarta-jmeter-2.3.4 
2009/08/27 11:44:33 INFO  - jmeter.engine.StandardJMeterEngine: Listeners will be started after enabling running version 
2009/08/27 11:44:33 INFO  - jmeter.engine.StandardJMeterEngine: To revert to the earlier behaviour, define jmeterengine.startlistenerslater=false 
2009/08/27 11:44:33 INFO  - jmeter.engine.StandardJMeterEngine: Running the test! 
2009/08/27 11:44:33 INFO  - jmeter.gui.util.JMeterMenuBar: setRunning(true,*local*) 
2009/08/27 11:44:33 INFO  - jmeter.engine.StandardJMeterEngine: Starting 1 threads for group Thread Group. Ramp up = 1. 
2009/08/27 11:44:33 INFO  - jmeter.engine.StandardJMeterEngine: Thread will continue on error 
2009/08/27 11:44:33 INFO  - jmeter.threads.JMeterThread: jmeterthread.startearlier=true (see jmeter.properties) 
2009/08/27 11:44:33 INFO  - jmeter.threads.JMeterThread: Running PostProcessors in forward order 
2009/08/27 11:44:33 INFO  - jmeter.engine.StandardJMeterEngine: All threads have been started 
2009/08/27 11:44:33 INFO  - jmeter.threads.JMeterThread: Thread started: Thread Group 1-1 
2009/08/27 11:44:33 INFO  - jmeter.protocol.jms.client.InitialContextFactory: created the JNDI initial context factory 
