2005/06/02 09:09:11 INFO  - jmeter.JMeter: Setting JMeter property: remote_hosts=slntperfclient1,slntperfclient2 
2005/06/02 09:09:11 INFO  - jmeter.JMeter: Version 2.0.3 
2005/06/02 09:09:11 INFO  - jmeter.JMeter: java.version=1.4.1_03 
2005/06/02 09:09:11 INFO  - jmeter.JMeter: Copyright (c) 1998-2005 The Apache Software Foundation 
2005/06/02 09:09:11 INFO  - jmeter.JMeter: Loading file: C:\jakarta-jmeter-2.0.3\bin\loadtests\SQLServer-100-1Client.jmx 
2005/06/02 09:09:12 INFO  - jmeter.engine.ClientJMeterEngine: about to run remote test 
2005/06/02 09:09:12 INFO  - jmeter.engine.ClientJMeterEngine: done initiating run command 
2005/06/02 09:09:12 INFO  - jmeter.engine.ClientJMeterEngine: about to run remote test 
2005/06/02 09:09:12 INFO  - jmeter.engine.ClientJMeterEngine: running clientengine run method 
2005/06/02 09:09:12 INFO  - jmeter.engine.ClientJMeterEngine: done initiating run command 
2005/06/02 09:09:12 INFO  - jmeter.engine.ClientJMeterEngine: running clientengine run method 
2005/06/02 09:09:12 INFO  - jmeter.engine.ConvertListeners: num threads = 1 
2005/06/02 09:09:12 INFO  - jmeter.engine.ConvertListeners: num threads = 1 
2005/06/02 09:09:12 INFO  - jmeter.engine.ConvertListeners: num threads = 1 
2005/06/02 09:09:12 INFO  - jmeter.engine.ConvertListeners: num threads = 1 
2005/06/02 09:09:12 WARN  - jmeter.engine.ClientJMeterEngine: Error replacing sample listeners java.lang.IndexOutOfBoundsException: Index: -1, Size: 2
	at java.util.LinkedList.entry(LinkedList.java:356)
	at java.util.LinkedList.set(LinkedList.java:313)
	at org.apache.jorphan.collections.ListedHashTree.replace(ListedHashTree.java:133)
	at org.apache.jmeter.engine.ConvertListeners.addNode(ConvertListeners.java:76)
	at org.apache.jorphan.collections.HashTree.traverseInto(HashTree.java:1011)
	at org.apache.jorphan.collections.HashTree.traverse(HashTree.java:990)
	at org.apache.jmeter.engine.ClientJMeterEngine.run(ClientJMeterEngine.java:115)
	at java.lang.Thread.run(Thread.java:536)

2005/06/02 09:09:12 INFO  - jmeter.engine.ClientJMeterEngine: sent host =slntperfclient2 
2005/06/02 09:09:12 INFO  - jmeter.engine.ClientJMeterEngine: sent host =slntperfclient1 
2005/06/02 09:09:12 INFO  - jmeter.engine.ClientJMeterEngine: sent test 
2005/06/02 09:09:12 INFO  - jmeter.engine.ClientJMeterEngine: sent run command 
2005/06/02 09:09:12 INFO  - jmeter.engine.ClientJMeterEngine: sent test 
2005/06/02 09:09:12 INFO  - jmeter.engine.ClientJMeterEngine: sent run command 
