03/12/2004 9:00:12 PM INFO  - jmeter.JMeter: Version 1.9.1 
03/12/2004 9:00:25 PM INFO  - jmeter.gui.action.Load: Loading file: C:\JakartaJMeterReleases\jakarta-jmeter-1.9.1\bin\PeterRay.jmx 
03/12/2004 9:00:35 PM INFO  - jmeter.engine: Running the test! 
03/12/2004 9:00:35 PM INFO  - jmeter.engine: Starting 1 test threads 
03/12/2004 9:00:36 PM INFO  - jmeter.engine: Thread Thread Group1-1 started 
03/12/2004 9:00:38 PM INFO  - jmeter.protocol.http.sampler.HTTPSampler: Getting error message from server java.io.IOException
	at sun.net.www.protocol.http.HttpURLConnection.getInputStream(HttpURLConnection.java:593)
	at org.apache.jmeter.protocol.http.sampler.HTTPSampler.readResponse(HTTPSampler.java:701)
	at org.apache.jmeter.protocol.http.sampler.HTTPSampler.bundleResponseInResult(HTTPSampler.java:1057)
	at org.apache.jmeter.protocol.http.sampler.HTTPSampler.sample(HTTPSampler.java:1004)
	at org.apache.jmeter.protocol.http.sampler.HTTPSampler.sample(HTTPSampler.java:445)
	at org.apache.jmeter.threads.JMeterThread.run(JMeterThread.java:277)
	at java.lang.Thread.run(Thread.java:534)
Caused by: java.io.FileNotFoundException: http://jakarta.apache.org/images/5?Test_ID=5
	at sun.net.www.protocol.http.HttpURLConnection.getInputStream(HttpURLConnection.java:789)
	at java.net.HttpURLConnection.getResponseCode(HttpURLConnection.java:272)
	at org.apache.jmeter.protocol.http.sampler.HTTPSampler.getErrorLevel(HTTPSampler.java:832)
	at org.apache.jmeter.protocol.http.sampler.HTTPSampler.sample(HTTPSampler.java:966)
	... 3 more

03/12/2004 9:00:38 PM INFO  - jmeter.engine: Thread Thread Group1-1 is done 
