2016/03/06 21:15:00 INFO  - jmeter.util.JMeterUtils: Setting Locale to en_US 
2016/03/06 21:15:00 INFO  - jmeter.JMeter: Loading user properties from: /home/undera/Sources/JMeter/jmeter/bin/user.properties 
2016/03/06 21:15:00 INFO  - jmeter.JMeter: Loading system properties from: /home/undera/Sources/JMeter/jmeter/bin/system.properties 
2016/03/06 21:15:00 INFO  - jmeter.JMeter: Copyright (c) 1998-2016 The Apache Software Foundation 
2016/03/06 21:15:00 INFO  - jmeter.JMeter: Version 3.0-SNAPSHOT.20160306 
2016/03/06 21:15:00 INFO  - jmeter.JMeter: java.version=1.7.0_80 
2016/03/06 21:15:00 INFO  - jmeter.JMeter: java.vm.name=Java HotSpot(TM) 64-Bit Server VM 
2016/03/06 21:15:00 INFO  - jmeter.JMeter: os.name=Linux 
2016/03/06 21:15:00 INFO  - jmeter.JMeter: os.arch=amd64 
2016/03/06 21:15:00 INFO  - jmeter.JMeter: os.version=3.13.0-79-generic 
2016/03/06 21:15:00 INFO  - jmeter.JMeter: file.encoding=UTF-8 
2016/03/06 21:15:00 INFO  - jmeter.JMeter: Max memory     =515375104 
2016/03/06 21:15:00 INFO  - jmeter.JMeter: Available Processors =8 
2016/03/06 21:15:00 INFO  - jmeter.JMeter: Default Locale=English (United States) 
2016/03/06 21:15:00 INFO  - jmeter.JMeter: JMeter  Locale=English (United States) 
2016/03/06 21:15:00 INFO  - jmeter.JMeter: JMeterHome=/home/undera/Sources/JMeter/jmeter 
2016/03/06 21:15:00 INFO  - jmeter.JMeter: user.dir  =/home/undera/Sources/JMeter/jmeter 
2016/03/06 21:15:00 INFO  - jmeter.JMeter: PWD       =/home/undera/Sources/JMeter/jmeter 
2016/03/06 21:15:00 INFO  - jmeter.JMeter: IP: 192.168.1.94 Name: undera-desktop FullName: undera-desktop 
2016/03/06 21:15:00 INFO  - jmeter.gui.action.LookAndFeelCommand: Using look and feel: javax.swing.plaf.metal.MetalLookAndFeel [Metal, CrossPlatform, System] 
2016/03/06 21:15:00 INFO  - jmeter.JMeter: Loaded icon properties from org/apache/jmeter/images/icon.properties 
2016/03/06 21:15:01 INFO  - jmeter.engine.util.CompoundVariable: Note: Function class names must contain the string: '.functions.' 
2016/03/06 21:15:01 INFO  - jmeter.engine.util.CompoundVariable: Note: Function class names must not contain the string: '.gui.' 
2016/03/06 21:15:01 INFO  - kg.apc.jmeter.JMeterPluginsUtils: JMeter-Plugins.org v.1.4.0 
2016/03/06 21:15:02 INFO  - jmeter.util.BSFTestElement: Registering JMeter version of JavaScript engine as work-round for BSF-22 
2016/03/06 21:15:02 INFO  - jmeter.protocol.http.sampler.HTTPSamplerBase: Cannot find .className property for htmlParser, using default 
2016/03/06 21:15:02 INFO  - jmeter.protocol.http.sampler.HTTPSamplerBase: Parser for text/html is  
2016/03/06 21:15:02 INFO  - jmeter.protocol.http.sampler.HTTPSamplerBase: Parser for application/xhtml+xml is  
2016/03/06 21:15:02 INFO  - jmeter.protocol.http.sampler.HTTPSamplerBase: Parser for application/xml is  
2016/03/06 21:15:02 INFO  - jmeter.protocol.http.sampler.HTTPSamplerBase: Parser for text/xml is  
2016/03/06 21:15:02 INFO  - jmeter.protocol.http.sampler.HTTPSamplerBase: Parser for text/vnd.wap.wml is org.apache.jmeter.protocol.http.parser.RegexpHTMLParser 
2016/03/06 21:15:02 INFO  - jorphan.exec.KeyToolUtils: keytool found at 'keytool' 
2016/03/06 21:15:02 INFO  - jmeter.protocol.http.proxy.ProxyControl: HTTP(S) Test Script Recorder SSL Proxy will use keys that support embedded 3rd party resources in file /home/undera/Sources/JMeter/jmeter/bin/proxyserver.jks 
2016/03/06 21:15:03 INFO  - jmeter.gui.util.MenuFactory: Skipping org.apache.jmeter.protocol.mongodb.config.MongoSourceElement 
2016/03/06 21:15:03 INFO  - jmeter.gui.util.MenuFactory: Skipping org.apache.jmeter.protocol.mongodb.sampler.MongoScriptSampler 
2016/03/06 21:15:03 INFO  - jmeter.gui.util.MenuFactory: Skipping org.apache.jmeter.visualizers.DistributionGraphVisualizer 
2016/03/06 21:15:03 INFO  - jmeter.samplers.SampleResult: Note: Sample TimeStamps are START times 
2016/03/06 21:15:03 INFO  - jmeter.samplers.SampleResult: sampleresult.default.encoding is set to ISO-8859-1 
2016/03/06 21:15:03 INFO  - jmeter.samplers.SampleResult: sampleresult.useNanoTime=true 
2016/03/06 21:15:03 INFO  - jmeter.samplers.SampleResult: sampleresult.nanoThreadSleep=5000 
2016/03/06 21:15:03 INFO  - jmeter.gui.util.MenuFactory: Skipping org.apache.jmeter.visualizers.SplineVisualizer 
2016/03/06 21:15:09 INFO  - jmeter.services.FileServer: Default base='/home/undera/Sources/JMeter/jmeter' 
2016/03/06 21:15:09 INFO  - jmeter.gui.action.Load: Loading file: /home/undera/atg.jmx 
2016/03/06 21:15:09 INFO  - jmeter.services.FileServer: Set new base='/home/undera' 
2016/03/06 21:15:09 INFO  - jmeter.save.SaveService: Testplan (JMX) version: 2.2. Testlog (JTL) version: 2.2 
2016/03/06 21:15:09 INFO  - jmeter.save.SaveService: Using SaveService properties file encoding UTF-8 
2016/03/06 21:15:09 INFO  - jmeter.save.SaveService: Using SaveService properties version 2.9 
2016/03/06 21:15:09 INFO  - jmeter.save.SaveService: All converter versions present and correct 
2016/03/06 21:15:09 INFO  - jmeter.save.SaveService: Loading file: /home/undera/atg.jmx 
2016/03/06 21:15:09 INFO  - jmeter.services.FileServer: Set new base='/home/undera' 
2016/03/06 21:15:26 INFO  - jmeter.engine.StandardJMeterEngine: Running the test! 
2016/03/06 21:15:26 INFO  - jmeter.samplers.SampleEvent: List of sample_variables: [] 
2016/03/06 21:15:26 INFO  - jmeter.samplers.SampleEvent: List of sample_variables: [] 
2016/03/06 21:15:26 INFO  - jmeter.gui.util.JMeterMenuBar: setRunning(true,*local*) 
2016/03/06 21:15:26 INFO  - jmeter.engine.StandardJMeterEngine: Starting ThreadGroup: 1 : jp@gc - Arrivals Thread Group 
2016/03/06 21:15:26 INFO  - jmeter.engine.StandardJMeterEngine: Starting 0 threads for group jp@gc - Arrivals Thread Group. 
2016/03/06 21:15:26 INFO  - jmeter.engine.StandardJMeterEngine: Thread will continue on error 
2016/03/06 21:15:26 INFO  - jmeter.threads.JMeterThread: Thread started: jp@gc - Arrivals Thread Group 1-1 
2016/03/06 21:15:26 INFO  - com.blazemeter.jmeter.threads.arrivals.ArrivalsThreadGroup: Got first arrival 
2016/03/06 21:15:26 INFO  - jmeter.engine.StandardJMeterEngine: All thread groups have been started 
2016/03/06 21:15:27 INFO  - jmeter.threads.JMeterThread: Thread finished: jp@gc - Arrivals Thread Group 1-1 
2016/03/06 21:15:27 INFO  - jmeter.threads.JMeterThread: Thread started: jp@gc - Arrivals Thread Group 1-2 
2016/03/06 21:15:28 INFO  - jmeter.threads.JMeterThread: Thread finished: jp@gc - Arrivals Thread Group 1-2 
2016/03/06 21:15:28 INFO  - jmeter.threads.JMeterThread: Thread started: jp@gc - Arrivals Thread Group 1-3 
2016/03/06 21:15:29 INFO  - jmeter.threads.JMeterThread: Thread finished: jp@gc - Arrivals Thread Group 1-3 
2016/03/06 21:15:29 INFO  - jmeter.threads.JMeterThread: Thread started: jp@gc - Arrivals Thread Group 1-4 
2016/03/06 21:15:30 INFO  - jmeter.threads.JMeterThread: Thread finished: jp@gc - Arrivals Thread Group 1-4 
2016/03/06 21:15:30 INFO  - jmeter.threads.JMeterThread: Thread started: jp@gc - Arrivals Thread Group 1-5 
2016/03/06 21:15:31 INFO  - jmeter.threads.JMeterThread: Thread finished: jp@gc - Arrivals Thread Group 1-5 
2016/03/06 21:15:31 INFO  - jmeter.threads.JMeterThread: Thread started: jp@gc - Arrivals Thread Group 1-6 
2016/03/06 21:15:32 INFO  - jmeter.threads.JMeterThread: Thread finished: jp@gc - Arrivals Thread Group 1-6 
2016/03/06 21:15:32 INFO  - jmeter.threads.JMeterThread: Thread started: jp@gc - Arrivals Thread Group 1-7 
2016/03/06 21:15:33 INFO  - jmeter.threads.JMeterThread: Thread finished: jp@gc - Arrivals Thread Group 1-7 
2016/03/06 21:15:33 INFO  - jmeter.threads.JMeterThread: Thread started: jp@gc - Arrivals Thread Group 1-8 
2016/03/06 21:15:34 INFO  - jmeter.threads.JMeterThread: Thread finished: jp@gc - Arrivals Thread Group 1-8 
2016/03/06 21:15:34 INFO  - jmeter.threads.JMeterThread: Thread started: jp@gc - Arrivals Thread Group 1-9 
2016/03/06 21:15:35 INFO  - jmeter.threads.JMeterThread: Thread finished: jp@gc - Arrivals Thread Group 1-9 
2016/03/06 21:15:35 INFO  - jmeter.threads.JMeterThread: Thread started: jp@gc - Arrivals Thread Group 1-10 
2016/03/06 21:15:36 INFO  - jmeter.threads.JMeterThread: Thread finished: jp@gc - Arrivals Thread Group 1-10 
2016/03/06 21:15:36 INFO  - jmeter.threads.JMeterThread: Thread started: jp@gc - Arrivals Thread Group 1-11 
2016/03/06 21:15:37 INFO  - jmeter.threads.JMeterThread: Thread finished: jp@gc - Arrivals Thread Group 1-11 
2016/03/06 21:15:37 INFO  - jmeter.threads.JMeterThread: Thread started: jp@gc - Arrivals Thread Group 1-12 
2016/03/06 21:15:38 INFO  - jmeter.threads.JMeterThread: Thread finished: jp@gc - Arrivals Thread Group 1-12 
2016/03/06 21:15:38 INFO  - jmeter.threads.JMeterThread: Thread started: jp@gc - Arrivals Thread Group 1-13 
2016/03/06 21:15:39 INFO  - jmeter.threads.JMeterThread: Thread finished: jp@gc - Arrivals Thread Group 1-13 
2016/03/06 21:15:39 INFO  - jmeter.threads.JMeterThread: Thread started: jp@gc - Arrivals Thread Group 1-14 
2016/03/06 21:15:40 INFO  - jmeter.threads.JMeterThread: Thread finished: jp@gc - Arrivals Thread Group 1-14 
2016/03/06 21:15:40 INFO  - jmeter.threads.JMeterThread: Thread started: jp@gc - Arrivals Thread Group 1-15 
2016/03/06 21:15:41 INFO  - jmeter.threads.JMeterThread: Thread finished: jp@gc - Arrivals Thread Group 1-15 
2016/03/06 21:15:41 INFO  - jmeter.threads.JMeterThread: Thread started: jp@gc - Arrivals Thread Group 1-16 
2016/03/06 21:15:42 INFO  - jmeter.threads.JMeterThread: Thread finished: jp@gc - Arrivals Thread Group 1-16 
2016/03/06 21:15:42 INFO  - jmeter.threads.JMeterThread: Thread started: jp@gc - Arrivals Thread Group 1-17 
2016/03/06 21:15:43 INFO  - jmeter.threads.JMeterThread: Thread finished: jp@gc - Arrivals Thread Group 1-17 
2016/03/06 21:15:43 INFO  - jmeter.threads.JMeterThread: Thread started: jp@gc - Arrivals Thread Group 1-18 
2016/03/06 21:15:44 INFO  - jmeter.threads.JMeterThread: Thread finished: jp@gc - Arrivals Thread Group 1-18 
2016/03/06 21:15:44 INFO  - jmeter.threads.JMeterThread: Thread started: jp@gc - Arrivals Thread Group 1-19 
2016/03/06 21:15:45 INFO  - jmeter.threads.JMeterThread: Thread finished: jp@gc - Arrivals Thread Group 1-19 
2016/03/06 21:15:45 INFO  - jmeter.threads.JMeterThread: Thread started: jp@gc - Arrivals Thread Group 1-20 
2016/03/06 21:15:46 INFO  - jmeter.threads.JMeterThread: Thread finished: jp@gc - Arrivals Thread Group 1-20 
2016/03/06 21:15:46 INFO  - jmeter.threads.JMeterThread: Thread started: jp@gc - Arrivals Thread Group 1-21 
2016/03/06 21:15:47 INFO  - jmeter.threads.JMeterThread: Thread finished: jp@gc - Arrivals Thread Group 1-21 
2016/03/06 21:15:47 INFO  - jmeter.threads.JMeterThread: Thread started: jp@gc - Arrivals Thread Group 1-22 
2016/03/06 21:15:48 INFO  - jmeter.threads.JMeterThread: Thread finished: jp@gc - Arrivals Thread Group 1-22 
2016/03/06 21:15:48 INFO  - jmeter.threads.JMeterThread: Thread started: jp@gc - Arrivals Thread Group 1-23 
2016/03/06 21:15:49 INFO  - jmeter.threads.JMeterThread: Thread finished: jp@gc - Arrivals Thread Group 1-23 
2016/03/06 21:15:49 INFO  - jmeter.threads.JMeterThread: Thread started: jp@gc - Arrivals Thread Group 1-24 
2016/03/06 21:15:50 INFO  - jmeter.threads.JMeterThread: Thread finished: jp@gc - Arrivals Thread Group 1-24 
2016/03/06 21:15:50 INFO  - jmeter.threads.JMeterThread: Thread started: jp@gc - Arrivals Thread Group 1-25 
2016/03/06 21:15:51 INFO  - jmeter.threads.JMeterThread: Thread finished: jp@gc - Arrivals Thread Group 1-25 
2016/03/06 21:15:51 INFO  - jmeter.threads.JMeterThread: Thread started: jp@gc - Arrivals Thread Group 1-26 
2016/03/06 21:15:52 INFO  - jmeter.threads.JMeterThread: Thread finished: jp@gc - Arrivals Thread Group 1-26 
2016/03/06 21:15:52 INFO  - jmeter.threads.JMeterThread: Thread started: jp@gc - Arrivals Thread Group 1-27 
2016/03/06 21:15:53 INFO  - jmeter.threads.JMeterThread: Thread finished: jp@gc - Arrivals Thread Group 1-27 
2016/03/06 21:15:53 INFO  - jmeter.threads.JMeterThread: Thread started: jp@gc - Arrivals Thread Group 1-28 
2016/03/06 21:15:54 INFO  - jmeter.threads.JMeterThread: Thread finished: jp@gc - Arrivals Thread Group 1-28 
2016/03/06 21:15:54 INFO  - jmeter.threads.JMeterThread: Thread started: jp@gc - Arrivals Thread Group 1-29 
2016/03/06 21:15:55 INFO  - jmeter.threads.JMeterThread: Thread finished: jp@gc - Arrivals Thread Group 1-29 
2016/03/06 21:15:55 INFO  - jmeter.threads.JMeterThread: Thread started: jp@gc - Arrivals Thread Group 1-30 
2016/03/06 21:15:56 INFO  - jmeter.threads.JMeterThread: Thread finished: jp@gc - Arrivals Thread Group 1-30 
2016/03/06 21:15:56 INFO  - jmeter.threads.JMeterThread: Thread started: jp@gc - Arrivals Thread Group 1-31 
2016/03/06 21:15:57 INFO  - jmeter.threads.JMeterThread: Thread finished: jp@gc - Arrivals Thread Group 1-31 
2016/03/06 21:15:57 INFO  - jmeter.threads.JMeterThread: Thread started: jp@gc - Arrivals Thread Group 1-32 
2016/03/06 21:15:58 INFO  - jmeter.threads.JMeterThread: Thread finished: jp@gc - Arrivals Thread Group 1-32 
2016/03/06 21:15:58 INFO  - jmeter.threads.JMeterThread: Thread started: jp@gc - Arrivals Thread Group 1-33 
2016/03/06 21:15:59 INFO  - jmeter.threads.JMeterThread: Thread finished: jp@gc - Arrivals Thread Group 1-33 
2016/03/06 21:15:59 INFO  - jmeter.threads.JMeterThread: Thread started: jp@gc - Arrivals Thread Group 1-34 
2016/03/06 21:16:00 INFO  - jmeter.threads.JMeterThread: Thread finished: jp@gc - Arrivals Thread Group 1-34 
2016/03/06 21:16:00 INFO  - jmeter.threads.JMeterThread: Thread started: jp@gc - Arrivals Thread Group 1-35 
2016/03/06 21:16:01 INFO  - jmeter.threads.JMeterThread: Thread finished: jp@gc - Arrivals Thread Group 1-35 
2016/03/06 21:16:01 INFO  - jmeter.threads.JMeterThread: Thread started: jp@gc - Arrivals Thread Group 1-36 
2016/03/06 21:16:02 INFO  - jmeter.threads.JMeterThread: Thread finished: jp@gc - Arrivals Thread Group 1-36 
2016/03/06 21:16:02 INFO  - jmeter.threads.JMeterThread: Thread started: jp@gc - Arrivals Thread Group 1-37 
2016/03/06 21:16:03 INFO  - jmeter.threads.JMeterThread: Thread finished: jp@gc - Arrivals Thread Group 1-37 
2016/03/06 21:16:03 INFO  - jmeter.threads.JMeterThread: Thread started: jp@gc - Arrivals Thread Group 1-38 
2016/03/06 21:16:04 INFO  - jmeter.threads.JMeterThread: Thread finished: jp@gc - Arrivals Thread Group 1-38 
2016/03/06 21:16:04 INFO  - jmeter.threads.JMeterThread: Thread started: jp@gc - Arrivals Thread Group 1-39 
2016/03/06 21:16:05 INFO  - jmeter.threads.JMeterThread: Thread finished: jp@gc - Arrivals Thread Group 1-39 
2016/03/06 21:16:05 INFO  - jmeter.threads.JMeterThread: Thread started: jp@gc - Arrivals Thread Group 1-40 
2016/03/06 21:16:06 INFO  - jmeter.threads.JMeterThread: Thread finished: jp@gc - Arrivals Thread Group 1-40 
2016/03/06 21:16:06 INFO  - jmeter.threads.JMeterThread: Thread started: jp@gc - Arrivals Thread Group 1-41 
2016/03/06 21:16:07 INFO  - jmeter.threads.JMeterThread: Thread finished: jp@gc - Arrivals Thread Group 1-41 
2016/03/06 21:16:07 INFO  - jmeter.threads.JMeterThread: Thread started: jp@gc - Arrivals Thread Group 1-42 
2016/03/06 21:16:08 INFO  - jmeter.threads.JMeterThread: Thread finished: jp@gc - Arrivals Thread Group 1-42 
2016/03/06 21:16:08 INFO  - jmeter.threads.JMeterThread: Thread started: jp@gc - Arrivals Thread Group 1-43 
2016/03/06 21:16:09 INFO  - jmeter.threads.JMeterThread: Thread finished: jp@gc - Arrivals Thread Group 1-43 
2016/03/06 21:16:09 INFO  - jmeter.threads.JMeterThread: Thread started: jp@gc - Arrivals Thread Group 1-44 
2016/03/06 21:16:10 INFO  - jmeter.threads.JMeterThread: Thread finished: jp@gc - Arrivals Thread Group 1-44 
2016/03/06 21:16:10 INFO  - jmeter.threads.JMeterThread: Thread started: jp@gc - Arrivals Thread Group 1-45 
2016/03/06 21:16:11 INFO  - jmeter.threads.JMeterThread: Thread finished: jp@gc - Arrivals Thread Group 1-45 
2016/03/06 21:16:11 INFO  - jmeter.threads.JMeterThread: Thread started: jp@gc - Arrivals Thread Group 1-46 
2016/03/06 21:16:12 INFO  - jmeter.threads.JMeterThread: Thread finished: jp@gc - Arrivals Thread Group 1-46 
2016/03/06 21:16:12 INFO  - jmeter.threads.JMeterThread: Thread started: jp@gc - Arrivals Thread Group 1-47 
2016/03/06 21:16:13 INFO  - jmeter.threads.JMeterThread: Thread finished: jp@gc - Arrivals Thread Group 1-47 
2016/03/06 21:16:13 INFO  - jmeter.threads.JMeterThread: Thread started: jp@gc - Arrivals Thread Group 1-48 
2016/03/06 21:16:14 INFO  - jmeter.threads.JMeterThread: Thread finished: jp@gc - Arrivals Thread Group 1-48 
2016/03/06 21:16:14 INFO  - jmeter.threads.JMeterThread: Thread started: jp@gc - Arrivals Thread Group 1-49 
2016/03/06 21:16:15 INFO  - jmeter.threads.JMeterThread: Thread finished: jp@gc - Arrivals Thread Group 1-49 
2016/03/06 21:16:15 INFO  - jmeter.threads.JMeterThread: Thread started: jp@gc - Arrivals Thread Group 1-50 
2016/03/06 21:16:16 INFO  - jmeter.threads.JMeterThread: Thread finished: jp@gc - Arrivals Thread Group 1-50 
2016/03/06 21:16:16 INFO  - jmeter.threads.JMeterThread: Thread started: jp@gc - Arrivals Thread Group 1-51 
2016/03/06 21:16:17 INFO  - jmeter.threads.JMeterThread: Thread finished: jp@gc - Arrivals Thread Group 1-51 
2016/03/06 21:16:17 INFO  - jmeter.threads.JMeterThread: Thread started: jp@gc - Arrivals Thread Group 1-52 
2016/03/06 21:16:18 INFO  - jmeter.threads.JMeterThread: Thread finished: jp@gc - Arrivals Thread Group 1-52 
2016/03/06 21:16:18 INFO  - jmeter.threads.JMeterThread: Thread started: jp@gc - Arrivals Thread Group 1-53 
2016/03/06 21:16:19 INFO  - jmeter.threads.JMeterThread: Thread finished: jp@gc - Arrivals Thread Group 1-53 
2016/03/06 21:16:19 INFO  - jmeter.threads.JMeterThread: Thread started: jp@gc - Arrivals Thread Group 1-54 
2016/03/06 21:16:20 INFO  - jmeter.threads.JMeterThread: Thread finished: jp@gc - Arrivals Thread Group 1-54 
2016/03/06 21:16:20 INFO  - jmeter.threads.JMeterThread: Thread started: jp@gc - Arrivals Thread Group 1-55 
2016/03/06 21:16:21 INFO  - jmeter.threads.JMeterThread: Thread finished: jp@gc - Arrivals Thread Group 1-55 
2016/03/06 21:16:21 INFO  - jmeter.threads.JMeterThread: Thread started: jp@gc - Arrivals Thread Group 1-56 
2016/03/06 21:16:22 INFO  - jmeter.threads.JMeterThread: Thread finished: jp@gc - Arrivals Thread Group 1-56 
2016/03/06 21:16:22 INFO  - jmeter.threads.JMeterThread: Thread started: jp@gc - Arrivals Thread Group 1-57 
2016/03/06 21:16:23 INFO  - jmeter.threads.JMeterThread: Thread finished: jp@gc - Arrivals Thread Group 1-57 
2016/03/06 21:16:23 INFO  - jmeter.threads.JMeterThread: Thread started: jp@gc - Arrivals Thread Group 1-58 
2016/03/06 21:16:24 INFO  - jmeter.threads.JMeterThread: Thread finished: jp@gc - Arrivals Thread Group 1-58 
2016/03/06 21:16:24 INFO  - jmeter.threads.JMeterThread: Thread started: jp@gc - Arrivals Thread Group 1-59 
2016/03/06 21:16:25 INFO  - jmeter.threads.JMeterThread: Thread finished: jp@gc - Arrivals Thread Group 1-59 
2016/03/06 21:16:25 INFO  - jmeter.threads.JMeterThread: Thread started: jp@gc - Arrivals Thread Group 1-60 
2016/03/06 21:16:26 INFO  - jmeter.threads.JMeterThread: Thread finished: jp@gc - Arrivals Thread Group 1-60 
2016/03/06 21:16:26 INFO  - com.blazemeter.jmeter.threads.arrivals.ArrivalsThreadStarter: Duration limit reached, no more arrivals needed, had arrivals: 120 
2016/03/06 21:16:27 INFO  - jmeter.engine.StandardJMeterEngine: Notifying test listeners of end of test 
2016/03/06 21:16:27 INFO  - com.blazemeter.jmeter.threads.arrivals.ArrivalsThreadGroup: Done 60 arrivals, 60 completions, 0 abandonments 
2016/03/06 21:16:27 INFO  - jmeter.gui.util.JMeterMenuBar: setRunning(false,*local*) 
