2021-08-29 18:08:36,059 INFO o.a.j.u.JMeterUtils: Setting Locale to zh_CN
2021-08-29 18:08:36,071 INFO o.a.j.JMeter: Loading user properties from: D:\apache-jmeter-5.4.1\bin\user.properties
2021-08-29 18:08:36,071 INFO o.a.j.JMeter: Loading system properties from: D:\apache-jmeter-5.4.1\bin\system.properties
2021-08-29 18:08:36,077 INFO o.a.j.JMeter: Copyright (c) 1998-2021 The Apache Software Foundation
2021-08-29 18:08:36,077 INFO o.a.j.JMeter: Version 5.4.1
2021-08-29 18:08:36,077 INFO o.a.j.JMeter: java.version=1.8.0_131
2021-08-29 18:08:36,077 INFO o.a.j.JMeter: java.vm.name=Java HotSpot(TM) 64-Bit Server VM
2021-08-29 18:08:36,077 INFO o.a.j.JMeter: os.name=Windows 10
2021-08-29 18:08:36,077 INFO o.a.j.JMeter: os.arch=amd64
2021-08-29 18:08:36,077 INFO o.a.j.JMeter: os.version=10.0
2021-08-29 18:08:36,077 INFO o.a.j.JMeter: file.encoding=GBK
2021-08-29 18:08:36,077 INFO o.a.j.JMeter: java.awt.headless=null
2021-08-29 18:08:36,077 INFO o.a.j.JMeter: Max memory     =3221225472
2021-08-29 18:08:36,077 INFO o.a.j.JMeter: Available Processors =16
2021-08-29 18:08:36,080 INFO o.a.j.JMeter: Default Locale=English (EN)
2021-08-29 18:08:36,080 INFO o.a.j.JMeter: JMeter  Locale=Chinese (China)
2021-08-29 18:08:36,080 INFO o.a.j.JMeter: JMeterHome=D:\apache-jmeter-5.4.1
2021-08-29 18:08:36,081 INFO o.a.j.JMeter: user.dir  =E:\性能学习
2021-08-29 18:08:36,081 INFO o.a.j.JMeter: PWD       =E:\性能学习
2021-08-29 18:08:36,081 INFO o.a.j.JMeter: IP: 192.168.1.100 Name: LAPTOP-2FEOUG0Q FullName: LAPTOP-2FEOUG0Q
2021-08-29 18:08:36,136 INFO o.a.j.JMeter: Setting LAF to: laf:com.sun.java.swing.plaf.windows.WindowsLookAndFeel
2021-08-29 18:08:36,434 INFO o.a.j.JMeter: Loaded icon properties from org/apache/jmeter/images/icon.properties
2021-08-29 18:08:42,176 WARN o.j.r.PluginManager: Found JAR conflict: D:\apache-jmeter-5.4.1\lib\ext\commons-codec-1.15.jar and D:\apache-jmeter-5.4.1\lib\commons-codec-1.15.jar
2021-08-29 18:08:42,177 WARN o.j.r.PluginManager: Found JAR conflict: D:\apache-jmeter-5.4.1\lib\ext\commons-io-2.8.0.jar and D:\apache-jmeter-5.4.1\lib\commons-io-2.8.0.jar
2021-08-29 18:08:42,355 INFO o.a.j.JMeter: Loading file: shell   脚本.jmx
2021-08-29 18:08:42,356 INFO o.a.j.s.FileServer: Default base='E:\性能学习'
2021-08-29 18:08:42,358 INFO o.a.j.s.FileServer: Set new base='E:\性能学习'
2021-08-29 18:08:42,464 INFO o.a.j.s.SaveService: Testplan (JMX) version: 2.2. Testlog (JTL) version: 2.2
2021-08-29 18:08:42,468 INFO o.a.j.s.SaveService: Using SaveService properties file encoding UTF-8
2021-08-29 18:08:42,469 INFO o.a.j.s.SaveService: Using SaveService properties version 5.0
2021-08-29 18:08:42,471 INFO o.a.j.s.SaveService: Loading file: shell   脚本.jmx
2021-08-29 18:08:42,614 INFO o.a.j.s.FileServer: Set new base='E:\性能学习'
2021-08-29 18:08:43,038 INFO o.a.j.s.SampleResult: Note: Sample TimeStamps are START times
2021-08-29 18:08:43,038 INFO o.a.j.s.SampleResult: sampleresult.default.encoding is set to UTF-8
2021-08-29 18:08:43,038 INFO o.a.j.s.SampleResult: sampleresult.useNanoTime=true
2021-08-29 18:08:43,038 INFO o.a.j.s.SampleResult: sampleresult.nanoThreadSleep=5000
2021-08-29 18:08:43,202 INFO o.j.r.JARSourceHTTP: Found cached repo
2021-08-29 18:08:43,397 INFO o.j.r.PluginManager: Plugins Status: [jpgc-graphs-basic=2.0, jpgc-graphs-additional=2.0, bzm-http2=1.6.1, jpgc-cmd=2.2, jpgc-graphs-composite=2.0, jpgc-functions=2.1, custom-soap=1.3.3, jpgc-casutg=2.9, jpgc-directory-listing=0.3, jpgc-dummy=0.4, jpgc-filterresults=2.2, jpgc-ffw=2.0, jpgc-fifo=0.2, jpgc-json=2.7, jpgc-graphs-vs=2.0, kafkameter=0.2.0, jmeter.backendlistener.kafka=1.0.0, mqtt-xmeter=2.0.2, mqtt-sampler=0.0.1-SNAPSHOT, jpgc-perfmon=2.1, jpgc-plugins-manager=1.6, jpgc-redis=0.3, ssh-sampler=1.2.0, jpgc-webdriver=2.3, jpgc-synthesis=2.2, jpgc-tst=2.5, jpgc-wsc=0.7, jmeter-core=5.4.1, jmeter-ftp=5.4.1, jmeter-http=5.4.1, jmeter-jdbc=5.4.1, jmeter-jms=5.4.1, jmeter-junit=5.4.1, jmeter-java=5.4.1, jmeter-ldap=5.4.1, jmeter-mail=5.4.1, jmeter-mongodb=5.4.1, jmeter-native=5.4.1, jmeter-tcp=5.4.1, jmeter-components=5.4.1, jpgc-standard=2.0]
2021-08-29 18:08:43,399 INFO o.j.r.PluginManagerMenuItem: Plugins Manager has upgrades: [jpgc-redis, jpgc-webdriver]
2021-08-29 18:08:43,972 INFO o.a.j.p.h.s.HTTPSamplerBase: Parser for text/html is org.apache.jmeter.protocol.http.parser.LagartoBasedHtmlParser
2021-08-29 18:08:43,972 INFO o.a.j.p.h.s.HTTPSamplerBase: Parser for application/xhtml+xml is org.apache.jmeter.protocol.http.parser.LagartoBasedHtmlParser
2021-08-29 18:08:43,972 INFO o.a.j.p.h.s.HTTPSamplerBase: Parser for application/xml is org.apache.jmeter.protocol.http.parser.LagartoBasedHtmlParser
2021-08-29 18:08:43,972 INFO o.a.j.p.h.s.HTTPSamplerBase: Parser for text/xml is org.apache.jmeter.protocol.http.parser.LagartoBasedHtmlParser
2021-08-29 18:08:43,972 INFO o.a.j.p.h.s.HTTPSamplerBase: Parser for text/vnd.wap.wml is org.apache.jmeter.protocol.http.parser.RegexpHTMLParser
2021-08-29 18:08:43,972 INFO o.a.j.p.h.s.HTTPSamplerBase: Parser for text/css is org.apache.jmeter.protocol.http.parser.CssParser
2021-08-29 18:08:44,004 WARN o.a.j.u.JMeterUtils: no icon for toolbar/32x32arrow-right-3.png
2021-08-29 18:08:44,803 WARN o.a.j.g.ObjectTableModel: Header count=13 but classes count=11
2021-08-29 18:08:44,804 WARN o.a.j.g.ObjectTableModel: Header count=13 but writeFunctor count=11
2021-08-29 18:08:51,130 INFO o.a.j.g.a.LogLevelCommand: Setting root log level: DEBUG
2021-08-29 18:08:52,915 DEBUG o.a.j.g.GuiPackage: Updating current node CSV 数据文件设置
2021-08-29 18:08:52,916 DEBUG o.a.j.g.GuiPackage: Gui retrieved = TestBeanGUI:org.apache.jmeter.config.CSVDataSet
2021-08-29 18:08:52,916 DEBUG o.a.j.t.g.WrapperEditor: ->java.lang.String:test.csv
2021-08-29 18:08:52,916 DEBUG o.a.j.t.g.GenericTestBeanCustomizer: Set filename=test.csv
2021-08-29 18:08:52,916 DEBUG o.a.j.t.g.GenericTestBeanCustomizer: Set fileEncoding=utf-8
2021-08-29 18:08:52,916 DEBUG o.a.j.t.g.WrapperEditor: ->java.lang.String:phone,lastname,email,firstname,mobile
2021-08-29 18:08:52,916 DEBUG o.a.j.t.g.GenericTestBeanCustomizer: Set variableNames=phone,lastname,email,firstname,mobile
2021-08-29 18:08:52,917 DEBUG o.a.j.t.g.WrapperEditor: ->java.lang.Boolean:false
2021-08-29 18:08:52,917 DEBUG o.a.j.t.g.GenericTestBeanCustomizer: Set ignoreFirstLine=false
2021-08-29 18:08:52,917 DEBUG o.a.j.t.g.WrapperEditor: ->java.lang.String:,
2021-08-29 18:08:52,917 DEBUG o.a.j.t.g.GenericTestBeanCustomizer: Set delimiter=,
2021-08-29 18:08:52,917 DEBUG o.a.j.t.g.WrapperEditor: ->java.lang.Boolean:false
2021-08-29 18:08:52,917 DEBUG o.a.j.t.g.GenericTestBeanCustomizer: Set quotedData=false
2021-08-29 18:08:52,917 DEBUG o.a.j.t.g.WrapperEditor: ->java.lang.Boolean:false
2021-08-29 18:08:52,917 DEBUG o.a.j.t.g.GenericTestBeanCustomizer: Set recycle=false
2021-08-29 18:08:52,917 DEBUG o.a.j.t.g.WrapperEditor: ->java.lang.Boolean:true
2021-08-29 18:08:52,917 DEBUG o.a.j.t.g.GenericTestBeanCustomizer: Set stopThread=true
2021-08-29 18:08:52,917 DEBUG o.a.j.t.g.GenericTestBeanCustomizer: Set shareMode=shareMode.all
2021-08-29 18:08:52,917 DEBUG o.a.j.g.AbstractJMeterGuiComponent: setting element to enabled: false
2021-08-29 18:08:52,917 DEBUG o.a.j.t.g.TestBeanGUI: Modify property to null
2021-08-29 18:08:52,917 DEBUG o.a.j.t.g.TestBeanGUI: Modify filename to test.csv
2021-08-29 18:08:52,917 DEBUG o.a.j.t.g.TestBeanGUI: Modify fileEncoding to utf-8
2021-08-29 18:08:52,917 DEBUG o.a.j.t.g.TestBeanGUI: Modify variableNames to phone,lastname,email,firstname,mobile
2021-08-29 18:08:52,918 DEBUG o.a.j.t.g.TestBeanGUI: Modify ignoreFirstLine to false
2021-08-29 18:08:52,918 DEBUG o.a.j.t.g.TestBeanGUI: Modify delimiter to ,
2021-08-29 18:08:52,918 DEBUG o.a.j.t.g.TestBeanGUI: Modify quotedData to false
2021-08-29 18:08:52,918 DEBUG o.a.j.t.g.TestBeanGUI: Modify recycle to false
2021-08-29 18:08:52,918 DEBUG o.a.j.t.g.TestBeanGUI: Modify stopThread to true
2021-08-29 18:08:52,918 DEBUG o.a.j.t.g.TestBeanGUI: Modify shareMode to shareMode.all
2021-08-29 18:08:52,919 DEBUG o.a.j.g.GuiPackage: Gui retrieved = TestBeanGUI:org.apache.jmeter.config.CSVDataSet
2021-08-29 18:08:52,919 DEBUG o.a.j.t.g.WrapperEditor: <-""
2021-08-29 18:08:52,919 DEBUG o.a.j.t.g.WrapperEditor: <-java.lang.String:
2021-08-29 18:08:52,919 DEBUG o.a.j.t.g.WrapperEditor: ->""
2021-08-29 18:08:52,919 DEBUG o.a.j.t.g.WrapperEditor: <-"True"
2021-08-29 18:08:52,920 DEBUG o.a.j.t.g.WrapperEditor: <-java.lang.String:,
2021-08-29 18:08:52,920 DEBUG o.a.j.t.g.WrapperEditor: ->","
2021-08-29 18:08:52,920 DEBUG o.a.j.t.g.WrapperEditor: <-"True"
2021-08-29 18:08:52,920 DEBUG o.a.j.t.g.WrapperEditor: <-"True"
2021-08-29 18:08:52,920 DEBUG o.a.j.t.g.WrapperEditor: <-"True"
2021-08-29 18:08:52,921 DEBUG o.a.j.t.g.WrapperEditor: <-java.lang.String:test.csv
2021-08-29 18:08:52,921 DEBUG o.a.j.t.g.WrapperEditor: <-java.lang.String:phone,lastname,email,firstname,mobile
2021-08-29 18:08:52,921 DEBUG o.a.j.t.g.WrapperEditor: <-java.lang.Boolean:false
2021-08-29 18:08:52,921 DEBUG o.a.j.t.g.WrapperEditor: <-java.lang.String:,
2021-08-29 18:08:52,921 DEBUG o.a.j.t.g.WrapperEditor: <-java.lang.Boolean:false
2021-08-29 18:08:52,921 DEBUG o.a.j.t.g.WrapperEditor: <-java.lang.Boolean:false
2021-08-29 18:08:52,922 DEBUG o.a.j.t.g.WrapperEditor: <-java.lang.Boolean:true
2021-08-29 18:08:59,260 DEBUG o.a.j.g.GuiPackage: Updating current node CSV 数据文件设置
2021-08-29 18:08:59,260 DEBUG o.a.j.g.GuiPackage: Gui retrieved = TestBeanGUI:org.apache.jmeter.config.CSVDataSet
2021-08-29 18:08:59,260 DEBUG o.a.j.t.g.WrapperEditor: ->java.lang.String:test.csv
2021-08-29 18:08:59,260 DEBUG o.a.j.t.g.GenericTestBeanCustomizer: Set filename=test.csv
2021-08-29 18:08:59,260 DEBUG o.a.j.t.g.GenericTestBeanCustomizer: Set fileEncoding=utf-8
2021-08-29 18:08:59,260 DEBUG o.a.j.t.g.WrapperEditor: ->java.lang.String:phone,lastname,email,firstname,mobile
2021-08-29 18:08:59,260 DEBUG o.a.j.t.g.GenericTestBeanCustomizer: Set variableNames=phone,lastname,email,firstname,mobile
2021-08-29 18:08:59,260 DEBUG o.a.j.t.g.WrapperEditor: ->java.lang.Boolean:false
2021-08-29 18:08:59,260 DEBUG o.a.j.t.g.GenericTestBeanCustomizer: Set ignoreFirstLine=false
2021-08-29 18:08:59,260 DEBUG o.a.j.t.g.WrapperEditor: ->java.lang.String:,
2021-08-29 18:08:59,260 DEBUG o.a.j.t.g.GenericTestBeanCustomizer: Set delimiter=,
2021-08-29 18:08:59,260 DEBUG o.a.j.t.g.WrapperEditor: ->java.lang.Boolean:false
2021-08-29 18:08:59,260 DEBUG o.a.j.t.g.GenericTestBeanCustomizer: Set quotedData=false
2021-08-29 18:08:59,260 DEBUG o.a.j.t.g.WrapperEditor: ->java.lang.Boolean:false
2021-08-29 18:08:59,261 DEBUG o.a.j.t.g.GenericTestBeanCustomizer: Set recycle=false
2021-08-29 18:08:59,261 DEBUG o.a.j.t.g.WrapperEditor: ->java.lang.Boolean:true
2021-08-29 18:08:59,261 DEBUG o.a.j.t.g.GenericTestBeanCustomizer: Set stopThread=true
2021-08-29 18:08:59,261 DEBUG o.a.j.t.g.GenericTestBeanCustomizer: Set shareMode=shareMode.all
2021-08-29 18:08:59,261 DEBUG o.a.j.g.AbstractJMeterGuiComponent: setting element to enabled: false
2021-08-29 18:08:59,261 DEBUG o.a.j.t.g.TestBeanGUI: Modify property to null
2021-08-29 18:08:59,261 DEBUG o.a.j.t.g.TestBeanGUI: Modify filename to test.csv
2021-08-29 18:08:59,261 DEBUG o.a.j.t.g.TestBeanGUI: Modify fileEncoding to utf-8
2021-08-29 18:08:59,261 DEBUG o.a.j.t.g.TestBeanGUI: Modify variableNames to phone,lastname,email,firstname,mobile
2021-08-29 18:08:59,261 DEBUG o.a.j.t.g.TestBeanGUI: Modify ignoreFirstLine to false
2021-08-29 18:08:59,261 DEBUG o.a.j.t.g.TestBeanGUI: Modify delimiter to ,
2021-08-29 18:08:59,261 DEBUG o.a.j.t.g.TestBeanGUI: Modify quotedData to false
2021-08-29 18:08:59,261 DEBUG o.a.j.t.g.TestBeanGUI: Modify recycle to false
2021-08-29 18:08:59,261 DEBUG o.a.j.t.g.TestBeanGUI: Modify stopThread to true
2021-08-29 18:08:59,261 DEBUG o.a.j.t.g.TestBeanGUI: Modify shareMode to shareMode.all
2021-08-29 18:08:59,261 DEBUG o.a.j.g.GuiPackage: Gui retrieved = TestBeanGUI:org.apache.jmeter.config.CSVDataSet
2021-08-29 18:08:59,262 DEBUG o.a.j.t.g.WrapperEditor: <-""
2021-08-29 18:08:59,262 DEBUG o.a.j.t.g.WrapperEditor: <-java.lang.String:
2021-08-29 18:08:59,262 DEBUG o.a.j.t.g.WrapperEditor: ->""
2021-08-29 18:08:59,262 DEBUG o.a.j.t.g.WrapperEditor: <-"True"
2021-08-29 18:08:59,262 DEBUG o.a.j.t.g.WrapperEditor: <-java.lang.String:,
2021-08-29 18:08:59,263 DEBUG o.a.j.t.g.WrapperEditor: ->","
2021-08-29 18:08:59,263 DEBUG o.a.j.t.g.WrapperEditor: <-"True"
2021-08-29 18:08:59,263 DEBUG o.a.j.t.g.WrapperEditor: <-"True"
2021-08-29 18:08:59,263 DEBUG o.a.j.t.g.WrapperEditor: <-"True"
2021-08-29 18:08:59,263 DEBUG o.a.j.t.g.WrapperEditor: <-java.lang.String:test.csv
2021-08-29 18:08:59,263 DEBUG o.a.j.t.g.WrapperEditor: <-java.lang.String:phone,lastname,email,firstname,mobile
2021-08-29 18:08:59,263 DEBUG o.a.j.t.g.WrapperEditor: <-java.lang.Boolean:false
2021-08-29 18:08:59,264 DEBUG o.a.j.t.g.WrapperEditor: <-java.lang.String:,
2021-08-29 18:08:59,264 DEBUG o.a.j.t.g.WrapperEditor: <-java.lang.Boolean:false
2021-08-29 18:08:59,264 DEBUG o.a.j.t.g.WrapperEditor: <-java.lang.Boolean:false
2021-08-29 18:08:59,264 DEBUG o.a.j.t.g.WrapperEditor: <-java.lang.Boolean:true
2021-08-29 18:08:59,265 DEBUG o.a.j.g.GuiPackage: Gui retrieved = org.apache.jmeter.visualizers.ViewResultsFullVisualizer[察看结果树,0,0,0x0,invalid,layout=java.awt.BorderLayout,alignmentX=0.0,alignmentY=0.0,border=javax.swing.border.EmptyBorder@c1024b6,flags=9,maximumSize=,minimumSize=,preferredSize=]
2021-08-29 18:08:59,265 DEBUG o.a.j.g.GuiPackage: Gui retrieved = org.apache.jmeter.visualizers.StatVisualizer[聚合报告,0,0,0x0,invalid,layout=java.awt.BorderLayout,alignmentX=0.0,alignmentY=0.0,border=,flags=9,maximumSize=,minimumSize=,preferredSize=]
2021-08-29 18:08:59,430 DEBUG o.a.j.g.GuiPackage: Updating current node CSV 数据文件设置
2021-08-29 18:08:59,430 DEBUG o.a.j.g.GuiPackage: Gui retrieved = TestBeanGUI:org.apache.jmeter.config.CSVDataSet
2021-08-29 18:08:59,430 DEBUG o.a.j.t.g.WrapperEditor: ->java.lang.String:test.csv
2021-08-29 18:08:59,430 DEBUG o.a.j.t.g.GenericTestBeanCustomizer: Set filename=test.csv
2021-08-29 18:08:59,431 DEBUG o.a.j.t.g.GenericTestBeanCustomizer: Set fileEncoding=utf-8
2021-08-29 18:08:59,431 DEBUG o.a.j.t.g.WrapperEditor: ->java.lang.String:phone,lastname,email,firstname,mobile
2021-08-29 18:08:59,431 DEBUG o.a.j.t.g.GenericTestBeanCustomizer: Set variableNames=phone,lastname,email,firstname,mobile
2021-08-29 18:08:59,431 DEBUG o.a.j.t.g.WrapperEditor: ->java.lang.Boolean:false
2021-08-29 18:08:59,431 DEBUG o.a.j.t.g.GenericTestBeanCustomizer: Set ignoreFirstLine=false
2021-08-29 18:08:59,431 DEBUG o.a.j.t.g.WrapperEditor: ->java.lang.String:,
2021-08-29 18:08:59,431 DEBUG o.a.j.t.g.GenericTestBeanCustomizer: Set delimiter=,
2021-08-29 18:08:59,431 DEBUG o.a.j.t.g.WrapperEditor: ->java.lang.Boolean:false
2021-08-29 18:08:59,431 DEBUG o.a.j.t.g.GenericTestBeanCustomizer: Set quotedData=false
2021-08-29 18:08:59,431 DEBUG o.a.j.t.g.WrapperEditor: ->java.lang.Boolean:false
2021-08-29 18:08:59,431 DEBUG o.a.j.t.g.GenericTestBeanCustomizer: Set recycle=false
2021-08-29 18:08:59,431 DEBUG o.a.j.t.g.WrapperEditor: ->java.lang.Boolean:true
2021-08-29 18:08:59,431 DEBUG o.a.j.t.g.GenericTestBeanCustomizer: Set stopThread=true
2021-08-29 18:08:59,431 DEBUG o.a.j.t.g.GenericTestBeanCustomizer: Set shareMode=shareMode.all
2021-08-29 18:08:59,431 DEBUG o.a.j.g.AbstractJMeterGuiComponent: setting element to enabled: false
2021-08-29 18:08:59,431 DEBUG o.a.j.t.g.TestBeanGUI: Modify property to null
2021-08-29 18:08:59,431 DEBUG o.a.j.t.g.TestBeanGUI: Modify filename to test.csv
2021-08-29 18:08:59,431 DEBUG o.a.j.t.g.TestBeanGUI: Modify fileEncoding to utf-8
2021-08-29 18:08:59,431 DEBUG o.a.j.t.g.TestBeanGUI: Modify variableNames to phone,lastname,email,firstname,mobile
2021-08-29 18:08:59,431 DEBUG o.a.j.t.g.TestBeanGUI: Modify ignoreFirstLine to false
2021-08-29 18:08:59,431 DEBUG o.a.j.t.g.TestBeanGUI: Modify delimiter to ,
2021-08-29 18:08:59,431 DEBUG o.a.j.t.g.TestBeanGUI: Modify quotedData to false
2021-08-29 18:08:59,431 DEBUG o.a.j.t.g.TestBeanGUI: Modify recycle to false
2021-08-29 18:08:59,431 DEBUG o.a.j.t.g.TestBeanGUI: Modify stopThread to true
2021-08-29 18:08:59,431 DEBUG o.a.j.t.g.TestBeanGUI: Modify shareMode to shareMode.all
2021-08-29 18:08:59,432 DEBUG o.a.j.g.GuiPackage: Gui retrieved = TestBeanGUI:org.apache.jmeter.config.CSVDataSet
2021-08-29 18:08:59,432 DEBUG o.a.j.t.g.WrapperEditor: <-""
2021-08-29 18:08:59,432 DEBUG o.a.j.t.g.WrapperEditor: <-java.lang.String:
2021-08-29 18:08:59,432 DEBUG o.a.j.t.g.WrapperEditor: ->""
2021-08-29 18:08:59,432 DEBUG o.a.j.t.g.WrapperEditor: <-"True"
2021-08-29 18:08:59,432 DEBUG o.a.j.t.g.WrapperEditor: <-java.lang.String:,
2021-08-29 18:08:59,432 DEBUG o.a.j.t.g.WrapperEditor: ->","
2021-08-29 18:08:59,432 DEBUG o.a.j.t.g.WrapperEditor: <-"True"
2021-08-29 18:08:59,433 DEBUG o.a.j.t.g.WrapperEditor: <-"True"
2021-08-29 18:08:59,433 DEBUG o.a.j.t.g.WrapperEditor: <-"True"
2021-08-29 18:08:59,433 DEBUG o.a.j.t.g.WrapperEditor: <-java.lang.String:test.csv
2021-08-29 18:08:59,433 DEBUG o.a.j.t.g.WrapperEditor: <-java.lang.String:phone,lastname,email,firstname,mobile
2021-08-29 18:08:59,433 DEBUG o.a.j.t.g.WrapperEditor: <-java.lang.Boolean:false
2021-08-29 18:08:59,433 DEBUG o.a.j.t.g.WrapperEditor: <-java.lang.String:,
2021-08-29 18:08:59,433 DEBUG o.a.j.t.g.WrapperEditor: <-java.lang.Boolean:false
2021-08-29 18:08:59,434 DEBUG o.a.j.t.g.WrapperEditor: <-java.lang.Boolean:false
2021-08-29 18:08:59,434 DEBUG o.a.j.t.g.WrapperEditor: <-java.lang.Boolean:true
2021-08-29 18:08:59,434 DEBUG o.a.j.g.GuiPackage: Gui retrieved = org.apache.jmeter.visualizers.ViewResultsFullVisualizer[察看结果树,0,0,0x0,invalid,layout=java.awt.BorderLayout,alignmentX=0.0,alignmentY=0.0,border=javax.swing.border.EmptyBorder@c1024b6,flags=9,maximumSize=,minimumSize=,preferredSize=]
2021-08-29 18:08:59,434 DEBUG o.a.j.g.GuiPackage: Gui retrieved = org.apache.jmeter.visualizers.StatVisualizer[聚合报告,0,0,0x0,invalid,layout=java.awt.BorderLayout,alignmentX=0.0,alignmentY=0.0,border=,flags=9,maximumSize=,minimumSize=,preferredSize=]
2021-08-29 18:09:21,588 DEBUG o.a.j.g.GuiPackage: Updating current node CSV 数据文件设置
2021-08-29 18:09:21,588 DEBUG o.a.j.g.GuiPackage: Gui retrieved = TestBeanGUI:org.apache.jmeter.config.CSVDataSet
2021-08-29 18:09:21,588 DEBUG o.a.j.t.g.WrapperEditor: ->java.lang.String:test.csv
2021-08-29 18:09:21,588 DEBUG o.a.j.t.g.GenericTestBeanCustomizer: Set filename=test.csv
2021-08-29 18:09:21,588 DEBUG o.a.j.t.g.GenericTestBeanCustomizer: Set fileEncoding=utf-8
2021-08-29 18:09:21,588 DEBUG o.a.j.t.g.WrapperEditor: ->java.lang.String:phone,lastname,email,firstname,mobile
2021-08-29 18:09:21,588 DEBUG o.a.j.t.g.GenericTestBeanCustomizer: Set variableNames=phone,lastname,email,firstname,mobile
2021-08-29 18:09:21,588 DEBUG o.a.j.t.g.WrapperEditor: ->java.lang.Boolean:false
2021-08-29 18:09:21,588 DEBUG o.a.j.t.g.GenericTestBeanCustomizer: Set ignoreFirstLine=false
2021-08-29 18:09:21,588 DEBUG o.a.j.t.g.WrapperEditor: ->java.lang.String:,
2021-08-29 18:09:21,588 DEBUG o.a.j.t.g.GenericTestBeanCustomizer: Set delimiter=,
2021-08-29 18:09:21,588 DEBUG o.a.j.t.g.WrapperEditor: ->java.lang.Boolean:false
2021-08-29 18:09:21,588 DEBUG o.a.j.t.g.GenericTestBeanCustomizer: Set quotedData=false
2021-08-29 18:09:21,588 DEBUG o.a.j.t.g.WrapperEditor: ->java.lang.Boolean:false
2021-08-29 18:09:21,588 DEBUG o.a.j.t.g.GenericTestBeanCustomizer: Set recycle=false
2021-08-29 18:09:21,588 DEBUG o.a.j.t.g.WrapperEditor: ->java.lang.Boolean:true
2021-08-29 18:09:21,588 DEBUG o.a.j.t.g.GenericTestBeanCustomizer: Set stopThread=true
2021-08-29 18:09:21,588 DEBUG o.a.j.t.g.GenericTestBeanCustomizer: Set shareMode=shareMode.all
2021-08-29 18:09:21,588 DEBUG o.a.j.g.AbstractJMeterGuiComponent: setting element to enabled: false
2021-08-29 18:09:21,588 DEBUG o.a.j.t.g.TestBeanGUI: Modify property to null
2021-08-29 18:09:21,588 DEBUG o.a.j.t.g.TestBeanGUI: Modify filename to test.csv
2021-08-29 18:09:21,589 DEBUG o.a.j.t.g.TestBeanGUI: Modify fileEncoding to utf-8
2021-08-29 18:09:21,589 DEBUG o.a.j.t.g.TestBeanGUI: Modify variableNames to phone,lastname,email,firstname,mobile
2021-08-29 18:09:21,589 DEBUG o.a.j.t.g.TestBeanGUI: Modify ignoreFirstLine to false
2021-08-29 18:09:21,589 DEBUG o.a.j.t.g.TestBeanGUI: Modify delimiter to ,
2021-08-29 18:09:21,589 DEBUG o.a.j.t.g.TestBeanGUI: Modify quotedData to false
2021-08-29 18:09:21,589 DEBUG o.a.j.t.g.TestBeanGUI: Modify recycle to false
2021-08-29 18:09:21,589 DEBUG o.a.j.t.g.TestBeanGUI: Modify stopThread to true
2021-08-29 18:09:21,589 DEBUG o.a.j.t.g.TestBeanGUI: Modify shareMode to shareMode.all
2021-08-29 18:09:21,589 DEBUG o.a.j.g.GuiPackage: Gui retrieved = TestBeanGUI:org.apache.jmeter.config.CSVDataSet
2021-08-29 18:09:21,589 DEBUG o.a.j.t.g.WrapperEditor: <-""
2021-08-29 18:09:21,589 DEBUG o.a.j.t.g.WrapperEditor: <-java.lang.String:
2021-08-29 18:09:21,589 DEBUG o.a.j.t.g.WrapperEditor: ->""
2021-08-29 18:09:21,589 DEBUG o.a.j.t.g.WrapperEditor: <-"True"
2021-08-29 18:09:21,589 DEBUG o.a.j.t.g.WrapperEditor: <-java.lang.String:,
2021-08-29 18:09:21,590 DEBUG o.a.j.t.g.WrapperEditor: ->","
2021-08-29 18:09:21,590 DEBUG o.a.j.t.g.WrapperEditor: <-"True"
2021-08-29 18:09:21,590 DEBUG o.a.j.t.g.WrapperEditor: <-"True"
2021-08-29 18:09:21,590 DEBUG o.a.j.t.g.WrapperEditor: <-"True"
2021-08-29 18:09:21,590 DEBUG o.a.j.t.g.WrapperEditor: <-java.lang.String:test.csv
2021-08-29 18:09:21,590 DEBUG o.a.j.t.g.WrapperEditor: <-java.lang.String:phone,lastname,email,firstname,mobile
2021-08-29 18:09:21,590 DEBUG o.a.j.t.g.WrapperEditor: <-java.lang.Boolean:false
2021-08-29 18:09:21,590 DEBUG o.a.j.t.g.WrapperEditor: <-java.lang.String:,
2021-08-29 18:09:21,591 DEBUG o.a.j.t.g.WrapperEditor: <-java.lang.Boolean:false
2021-08-29 18:09:21,591 DEBUG o.a.j.t.g.WrapperEditor: <-java.lang.Boolean:false
2021-08-29 18:09:21,591 DEBUG o.a.j.t.g.WrapperEditor: <-java.lang.Boolean:true
2021-08-29 18:09:21,591 DEBUG o.a.j.g.GuiPackage: Updating current node CSV 数据文件设置
2021-08-29 18:09:21,591 DEBUG o.a.j.g.GuiPackage: Gui retrieved = TestBeanGUI:org.apache.jmeter.config.CSVDataSet
2021-08-29 18:09:21,592 DEBUG o.a.j.t.g.WrapperEditor: ->java.lang.String:test.csv
2021-08-29 18:09:21,592 DEBUG o.a.j.t.g.GenericTestBeanCustomizer: Set filename=test.csv
2021-08-29 18:09:21,592 DEBUG o.a.j.t.g.GenericTestBeanCustomizer: Set fileEncoding=utf-8
2021-08-29 18:09:21,592 DEBUG o.a.j.t.g.WrapperEditor: ->java.lang.String:phone,lastname,email,firstname,mobile
2021-08-29 18:09:21,592 DEBUG o.a.j.t.g.GenericTestBeanCustomizer: Set variableNames=phone,lastname,email,firstname,mobile
2021-08-29 18:09:21,592 DEBUG o.a.j.t.g.WrapperEditor: ->java.lang.Boolean:false
2021-08-29 18:09:21,592 DEBUG o.a.j.t.g.GenericTestBeanCustomizer: Set ignoreFirstLine=false
2021-08-29 18:09:21,592 DEBUG o.a.j.t.g.WrapperEditor: ->java.lang.String:,
2021-08-29 18:09:21,592 DEBUG o.a.j.t.g.GenericTestBeanCustomizer: Set delimiter=,
2021-08-29 18:09:21,592 DEBUG o.a.j.t.g.WrapperEditor: ->java.lang.Boolean:false
2021-08-29 18:09:21,592 DEBUG o.a.j.t.g.GenericTestBeanCustomizer: Set quotedData=false
2021-08-29 18:09:21,592 DEBUG o.a.j.t.g.WrapperEditor: ->java.lang.Boolean:false
2021-08-29 18:09:21,592 DEBUG o.a.j.t.g.GenericTestBeanCustomizer: Set recycle=false
2021-08-29 18:09:21,592 DEBUG o.a.j.t.g.WrapperEditor: ->java.lang.Boolean:true
2021-08-29 18:09:21,592 DEBUG o.a.j.t.g.GenericTestBeanCustomizer: Set stopThread=true
2021-08-29 18:09:21,592 DEBUG o.a.j.t.g.GenericTestBeanCustomizer: Set shareMode=shareMode.all
2021-08-29 18:09:21,592 DEBUG o.a.j.g.AbstractJMeterGuiComponent: setting element to enabled: false
2021-08-29 18:09:21,592 DEBUG o.a.j.t.g.TestBeanGUI: Modify property to null
2021-08-29 18:09:21,592 DEBUG o.a.j.t.g.TestBeanGUI: Modify filename to test.csv
2021-08-29 18:09:21,592 DEBUG o.a.j.t.g.TestBeanGUI: Modify fileEncoding to utf-8
2021-08-29 18:09:21,592 DEBUG o.a.j.t.g.TestBeanGUI: Modify variableNames to phone,lastname,email,firstname,mobile
2021-08-29 18:09:21,592 DEBUG o.a.j.t.g.TestBeanGUI: Modify ignoreFirstLine to false
2021-08-29 18:09:21,592 DEBUG o.a.j.t.g.TestBeanGUI: Modify delimiter to ,
2021-08-29 18:09:21,592 DEBUG o.a.j.t.g.TestBeanGUI: Modify quotedData to false
2021-08-29 18:09:21,592 DEBUG o.a.j.t.g.TestBeanGUI: Modify recycle to false
2021-08-29 18:09:21,592 DEBUG o.a.j.t.g.TestBeanGUI: Modify stopThread to true
2021-08-29 18:09:21,592 DEBUG o.a.j.t.g.TestBeanGUI: Modify shareMode to shareMode.all
2021-08-29 18:09:21,592 DEBUG o.a.j.g.GuiPackage: Gui retrieved = TestBeanGUI:org.apache.jmeter.config.CSVDataSet
2021-08-29 18:09:21,593 DEBUG o.a.j.t.g.WrapperEditor: <-""
2021-08-29 18:09:21,593 DEBUG o.a.j.t.g.WrapperEditor: <-java.lang.String:
2021-08-29 18:09:21,593 DEBUG o.a.j.t.g.WrapperEditor: ->""
2021-08-29 18:09:21,593 DEBUG o.a.j.t.g.WrapperEditor: <-"True"
2021-08-29 18:09:21,593 DEBUG o.a.j.t.g.WrapperEditor: <-java.lang.String:,
2021-08-29 18:09:21,593 DEBUG o.a.j.t.g.WrapperEditor: ->","
2021-08-29 18:09:21,593 DEBUG o.a.j.t.g.WrapperEditor: <-"True"
2021-08-29 18:09:21,593 DEBUG o.a.j.t.g.WrapperEditor: <-"True"
2021-08-29 18:09:21,593 DEBUG o.a.j.t.g.WrapperEditor: <-"True"
2021-08-29 18:09:21,593 DEBUG o.a.j.t.g.WrapperEditor: <-java.lang.String:test.csv
2021-08-29 18:09:21,594 DEBUG o.a.j.t.g.WrapperEditor: <-java.lang.String:phone,lastname,email,firstname,mobile
2021-08-29 18:09:21,594 DEBUG o.a.j.t.g.WrapperEditor: <-java.lang.Boolean:false
2021-08-29 18:09:21,594 DEBUG o.a.j.t.g.WrapperEditor: <-java.lang.String:,
2021-08-29 18:09:21,594 DEBUG o.a.j.t.g.WrapperEditor: <-java.lang.Boolean:false
2021-08-29 18:09:21,594 DEBUG o.a.j.t.g.WrapperEditor: <-java.lang.Boolean:false
2021-08-29 18:09:21,594 DEBUG o.a.j.t.g.WrapperEditor: <-java.lang.Boolean:true
2021-08-29 18:09:21,594 DEBUG o.a.j.g.a.CheckDirty: Node is class: class org.apache.jmeter.gui.tree.JMeterTreeNode
2021-08-29 18:09:21,594 DEBUG o.a.j.g.a.CheckDirty: Node is class: class org.apache.jmeter.gui.tree.JMeterTreeNode
2021-08-29 18:09:21,594 DEBUG o.a.j.g.a.CheckDirty: Node is class: class org.apache.jmeter.gui.tree.JMeterTreeNode
2021-08-29 18:09:21,594 DEBUG o.a.j.g.a.CheckDirty: Node is class: class org.apache.jmeter.gui.tree.JMeterTreeNode
2021-08-29 18:09:21,594 DEBUG o.a.j.g.a.CheckDirty: Node is class: class org.apache.jmeter.gui.tree.JMeterTreeNode
2021-08-29 18:09:21,595 DEBUG o.a.j.g.a.CheckDirty: Node is class: class org.apache.jmeter.gui.tree.JMeterTreeNode
2021-08-29 18:09:21,595 DEBUG o.a.j.g.a.CheckDirty: Node is class: class org.apache.jmeter.gui.tree.JMeterTreeNode
2021-08-29 18:09:21,595 DEBUG o.a.j.g.a.CheckDirty: Node is class: class org.apache.jmeter.gui.tree.JMeterTreeNode
2021-08-29 18:09:21,595 DEBUG o.a.j.g.a.CheckDirty: Node is class: class org.apache.jmeter.gui.tree.JMeterTreeNode
2021-08-29 18:09:21,595 DEBUG o.a.j.g.a.CheckDirty: Node is class: class org.apache.jmeter.gui.tree.JMeterTreeNode
2021-08-29 18:09:21,595 DEBUG o.a.j.g.a.CheckDirty: Node is class: class org.apache.jmeter.gui.tree.JMeterTreeNode
2021-08-29 18:09:21,595 DEBUG o.a.j.g.a.CheckDirty: Node is class: class org.apache.jmeter.gui.tree.JMeterTreeNode
2021-08-29 18:09:56,942 DEBUG o.a.j.g.GuiPackage: Updating current node CSV 数据文件设置
2021-08-29 18:09:56,942 DEBUG o.a.j.g.GuiPackage: Gui retrieved = TestBeanGUI:org.apache.jmeter.config.CSVDataSet
2021-08-29 18:09:56,942 DEBUG o.a.j.t.g.WrapperEditor: ->java.lang.String:test.csv
2021-08-29 18:09:56,942 DEBUG o.a.j.t.g.GenericTestBeanCustomizer: Set filename=test.csv
2021-08-29 18:09:56,942 DEBUG o.a.j.t.g.GenericTestBeanCustomizer: Set fileEncoding=utf-8
2021-08-29 18:09:56,942 DEBUG o.a.j.t.g.WrapperEditor: ->java.lang.String:phone,lastname,email,firstname,mobile
2021-08-29 18:09:56,942 DEBUG o.a.j.t.g.GenericTestBeanCustomizer: Set variableNames=phone,lastname,email,firstname,mobile
2021-08-29 18:09:56,942 DEBUG o.a.j.t.g.WrapperEditor: ->java.lang.Boolean:false
2021-08-29 18:09:56,942 DEBUG o.a.j.t.g.GenericTestBeanCustomizer: Set ignoreFirstLine=false
2021-08-29 18:09:56,942 DEBUG o.a.j.t.g.WrapperEditor: ->java.lang.String:,
2021-08-29 18:09:56,942 DEBUG o.a.j.t.g.GenericTestBeanCustomizer: Set delimiter=,
2021-08-29 18:09:56,942 DEBUG o.a.j.t.g.WrapperEditor: ->java.lang.Boolean:false
2021-08-29 18:09:56,942 DEBUG o.a.j.t.g.GenericTestBeanCustomizer: Set quotedData=false
2021-08-29 18:09:56,942 DEBUG o.a.j.t.g.WrapperEditor: ->java.lang.Boolean:false
2021-08-29 18:09:56,942 DEBUG o.a.j.t.g.GenericTestBeanCustomizer: Set recycle=false
2021-08-29 18:09:56,942 DEBUG o.a.j.t.g.WrapperEditor: ->java.lang.Boolean:true
2021-08-29 18:09:56,942 DEBUG o.a.j.t.g.GenericTestBeanCustomizer: Set stopThread=true
2021-08-29 18:09:56,942 DEBUG o.a.j.t.g.GenericTestBeanCustomizer: Set shareMode=shareMode.all
2021-08-29 18:09:56,942 DEBUG o.a.j.g.AbstractJMeterGuiComponent: setting element to enabled: false
2021-08-29 18:09:56,942 DEBUG o.a.j.t.g.TestBeanGUI: Modify property to null
2021-08-29 18:09:56,942 DEBUG o.a.j.t.g.TestBeanGUI: Modify filename to test.csv
2021-08-29 18:09:56,942 DEBUG o.a.j.t.g.TestBeanGUI: Modify fileEncoding to utf-8
2021-08-29 18:09:56,942 DEBUG o.a.j.t.g.TestBeanGUI: Modify variableNames to phone,lastname,email,firstname,mobile
2021-08-29 18:09:56,943 DEBUG o.a.j.t.g.TestBeanGUI: Modify ignoreFirstLine to false
2021-08-29 18:09:56,943 DEBUG o.a.j.t.g.TestBeanGUI: Modify delimiter to ,
2021-08-29 18:09:56,943 DEBUG o.a.j.t.g.TestBeanGUI: Modify quotedData to false
2021-08-29 18:09:56,943 DEBUG o.a.j.t.g.TestBeanGUI: Modify recycle to false
2021-08-29 18:09:56,943 DEBUG o.a.j.t.g.TestBeanGUI: Modify stopThread to true
2021-08-29 18:09:56,943 DEBUG o.a.j.t.g.TestBeanGUI: Modify shareMode to shareMode.all
2021-08-29 18:09:56,943 DEBUG o.a.j.g.GuiPackage: Gui retrieved = TestBeanGUI:org.apache.jmeter.config.CSVDataSet
2021-08-29 18:09:56,943 DEBUG o.a.j.t.g.WrapperEditor: <-""
2021-08-29 18:09:56,943 DEBUG o.a.j.t.g.WrapperEditor: <-java.lang.String:
2021-08-29 18:09:56,943 DEBUG o.a.j.t.g.WrapperEditor: ->""
2021-08-29 18:09:56,943 DEBUG o.a.j.t.g.WrapperEditor: <-"True"
2021-08-29 18:09:56,943 DEBUG o.a.j.t.g.WrapperEditor: <-java.lang.String:,
2021-08-29 18:09:56,943 DEBUG o.a.j.t.g.WrapperEditor: ->","
2021-08-29 18:09:56,943 DEBUG o.a.j.t.g.WrapperEditor: <-"True"
2021-08-29 18:09:56,944 DEBUG o.a.j.t.g.WrapperEditor: <-"True"
2021-08-29 18:09:56,944 DEBUG o.a.j.t.g.WrapperEditor: <-"True"
2021-08-29 18:09:56,944 DEBUG o.a.j.t.g.WrapperEditor: <-java.lang.String:test.csv
2021-08-29 18:09:56,944 DEBUG o.a.j.t.g.WrapperEditor: <-java.lang.String:phone,lastname,email,firstname,mobile
2021-08-29 18:09:56,944 DEBUG o.a.j.t.g.WrapperEditor: <-java.lang.Boolean:false
2021-08-29 18:09:56,944 DEBUG o.a.j.t.g.WrapperEditor: <-java.lang.String:,
2021-08-29 18:09:56,944 DEBUG o.a.j.t.g.WrapperEditor: <-java.lang.Boolean:false
2021-08-29 18:09:56,944 DEBUG o.a.j.t.g.WrapperEditor: <-java.lang.Boolean:false
2021-08-29 18:09:56,945 DEBUG o.a.j.t.g.WrapperEditor: <-java.lang.Boolean:true
2021-08-29 18:09:56,945 DEBUG o.a.j.g.GuiPackage: Updating current node CSV 数据文件设置
2021-08-29 18:09:56,945 DEBUG o.a.j.g.GuiPackage: Gui retrieved = TestBeanGUI:org.apache.jmeter.config.CSVDataSet
2021-08-29 18:09:56,945 DEBUG o.a.j.t.g.WrapperEditor: ->java.lang.String:test.csv
2021-08-29 18:09:56,945 DEBUG o.a.j.t.g.GenericTestBeanCustomizer: Set filename=test.csv
2021-08-29 18:09:56,945 DEBUG o.a.j.t.g.GenericTestBeanCustomizer: Set fileEncoding=utf-8
2021-08-29 18:09:56,945 DEBUG o.a.j.t.g.WrapperEditor: ->java.lang.String:phone,lastname,email,firstname,mobile
2021-08-29 18:09:56,945 DEBUG o.a.j.t.g.GenericTestBeanCustomizer: Set variableNames=phone,lastname,email,firstname,mobile
2021-08-29 18:09:56,945 DEBUG o.a.j.t.g.WrapperEditor: ->java.lang.Boolean:false
2021-08-29 18:09:56,945 DEBUG o.a.j.t.g.GenericTestBeanCustomizer: Set ignoreFirstLine=false
2021-08-29 18:09:56,945 DEBUG o.a.j.t.g.WrapperEditor: ->java.lang.String:,
2021-08-29 18:09:56,945 DEBUG o.a.j.t.g.GenericTestBeanCustomizer: Set delimiter=,
2021-08-29 18:09:56,945 DEBUG o.a.j.t.g.WrapperEditor: ->java.lang.Boolean:false
2021-08-29 18:09:56,945 DEBUG o.a.j.t.g.GenericTestBeanCustomizer: Set quotedData=false
2021-08-29 18:09:56,945 DEBUG o.a.j.t.g.WrapperEditor: ->java.lang.Boolean:false
2021-08-29 18:09:56,945 DEBUG o.a.j.t.g.GenericTestBeanCustomizer: Set recycle=false
2021-08-29 18:09:56,945 DEBUG o.a.j.t.g.WrapperEditor: ->java.lang.Boolean:true
2021-08-29 18:09:56,945 DEBUG o.a.j.t.g.GenericTestBeanCustomizer: Set stopThread=true
2021-08-29 18:09:56,945 DEBUG o.a.j.t.g.GenericTestBeanCustomizer: Set shareMode=shareMode.all
2021-08-29 18:09:56,945 DEBUG o.a.j.g.AbstractJMeterGuiComponent: setting element to enabled: false
2021-08-29 18:09:56,945 DEBUG o.a.j.t.g.TestBeanGUI: Modify property to null
2021-08-29 18:09:56,945 DEBUG o.a.j.t.g.TestBeanGUI: Modify filename to test.csv
2021-08-29 18:09:56,945 DEBUG o.a.j.t.g.TestBeanGUI: Modify fileEncoding to utf-8
2021-08-29 18:09:56,945 DEBUG o.a.j.t.g.TestBeanGUI: Modify variableNames to phone,lastname,email,firstname,mobile
2021-08-29 18:09:56,945 DEBUG o.a.j.t.g.TestBeanGUI: Modify ignoreFirstLine to false
2021-08-29 18:09:56,945 DEBUG o.a.j.t.g.TestBeanGUI: Modify delimiter to ,
2021-08-29 18:09:56,945 DEBUG o.a.j.t.g.TestBeanGUI: Modify quotedData to false
2021-08-29 18:09:56,945 DEBUG o.a.j.t.g.TestBeanGUI: Modify recycle to false
2021-08-29 18:09:56,945 DEBUG o.a.j.t.g.TestBeanGUI: Modify stopThread to true
2021-08-29 18:09:56,946 DEBUG o.a.j.t.g.TestBeanGUI: Modify shareMode to shareMode.all
2021-08-29 18:09:56,946 DEBUG o.a.j.g.GuiPackage: Gui retrieved = TestBeanGUI:org.apache.jmeter.config.CSVDataSet
2021-08-29 18:09:56,946 DEBUG o.a.j.t.g.WrapperEditor: <-""
2021-08-29 18:09:56,946 DEBUG o.a.j.t.g.WrapperEditor: <-java.lang.String:
2021-08-29 18:09:56,946 DEBUG o.a.j.t.g.WrapperEditor: ->""
2021-08-29 18:09:56,946 DEBUG o.a.j.t.g.WrapperEditor: <-"True"
2021-08-29 18:09:56,946 DEBUG o.a.j.t.g.WrapperEditor: <-java.lang.String:,
2021-08-29 18:09:56,946 DEBUG o.a.j.t.g.WrapperEditor: ->","
2021-08-29 18:09:56,946 DEBUG o.a.j.t.g.WrapperEditor: <-"True"
2021-08-29 18:09:56,946 DEBUG o.a.j.t.g.WrapperEditor: <-"True"
2021-08-29 18:09:56,946 DEBUG o.a.j.t.g.WrapperEditor: <-"True"
2021-08-29 18:09:56,946 DEBUG o.a.j.t.g.WrapperEditor: <-java.lang.String:test.csv
2021-08-29 18:09:56,947 DEBUG o.a.j.t.g.WrapperEditor: <-java.lang.String:phone,lastname,email,firstname,mobile
2021-08-29 18:09:56,947 DEBUG o.a.j.t.g.WrapperEditor: <-java.lang.Boolean:false
2021-08-29 18:09:56,947 DEBUG o.a.j.t.g.WrapperEditor: <-java.lang.String:,
2021-08-29 18:09:56,947 DEBUG o.a.j.t.g.WrapperEditor: <-java.lang.Boolean:false
2021-08-29 18:09:56,947 DEBUG o.a.j.t.g.WrapperEditor: <-java.lang.Boolean:false
2021-08-29 18:09:56,947 DEBUG o.a.j.t.g.WrapperEditor: <-java.lang.Boolean:true
2021-08-29 18:09:56,947 DEBUG o.a.j.g.a.CheckDirty: Node is class: class org.apache.jmeter.gui.tree.JMeterTreeNode
2021-08-29 18:09:56,947 DEBUG o.a.j.g.a.CheckDirty: Node is class: class org.apache.jmeter.gui.tree.JMeterTreeNode
2021-08-29 18:09:56,947 DEBUG o.a.j.g.a.CheckDirty: Node is class: class org.apache.jmeter.gui.tree.JMeterTreeNode
2021-08-29 18:09:56,947 DEBUG o.a.j.g.a.CheckDirty: Node is class: class org.apache.jmeter.gui.tree.JMeterTreeNode
2021-08-29 18:09:56,947 DEBUG o.a.j.g.a.CheckDirty: Node is class: class org.apache.jmeter.gui.tree.JMeterTreeNode
2021-08-29 18:09:56,948 DEBUG o.a.j.g.a.CheckDirty: Node is class: class org.apache.jmeter.gui.tree.JMeterTreeNode
2021-08-29 18:09:56,948 DEBUG o.a.j.g.a.CheckDirty: Node is class: class org.apache.jmeter.gui.tree.JMeterTreeNode
2021-08-29 18:09:56,948 DEBUG o.a.j.g.a.CheckDirty: Node is class: class org.apache.jmeter.gui.tree.JMeterTreeNode
2021-08-29 18:09:56,948 DEBUG o.a.j.g.a.CheckDirty: Node is class: class org.apache.jmeter.gui.tree.JMeterTreeNode
2021-08-29 18:09:56,948 DEBUG o.a.j.g.a.CheckDirty: Node is class: class org.apache.jmeter.gui.tree.JMeterTreeNode
2021-08-29 18:09:56,948 DEBUG o.a.j.g.a.CheckDirty: Node is class: class org.apache.jmeter.gui.tree.JMeterTreeNode
2021-08-29 18:09:56,948 DEBUG o.a.j.g.a.CheckDirty: Node is class: class org.apache.jmeter.gui.tree.JMeterTreeNode
2021-08-29 18:09:56,948 DEBUG o.a.j.g.a.Save: Test plan has changed, make backup of E:\性能学习\shell   脚本.jmx
2021-08-29 18:09:56,968 DEBUG o.a.j.g.GuiPackage: Updating current node CSV 数据文件设置
2021-08-29 18:09:56,968 DEBUG o.a.j.g.GuiPackage: Gui retrieved = TestBeanGUI:org.apache.jmeter.config.CSVDataSet
2021-08-29 18:09:56,968 DEBUG o.a.j.t.g.WrapperEditor: ->java.lang.String:test.csv
2021-08-29 18:09:56,968 DEBUG o.a.j.t.g.GenericTestBeanCustomizer: Set filename=test.csv
2021-08-29 18:09:56,968 DEBUG o.a.j.t.g.GenericTestBeanCustomizer: Set fileEncoding=utf-8
2021-08-29 18:09:56,968 DEBUG o.a.j.t.g.WrapperEditor: ->java.lang.String:phone,lastname,email,firstname,mobile
2021-08-29 18:09:56,968 DEBUG o.a.j.t.g.GenericTestBeanCustomizer: Set variableNames=phone,lastname,email,firstname,mobile
2021-08-29 18:09:56,968 DEBUG o.a.j.t.g.WrapperEditor: ->java.lang.Boolean:false
2021-08-29 18:09:56,968 DEBUG o.a.j.t.g.GenericTestBeanCustomizer: Set ignoreFirstLine=false
2021-08-29 18:09:56,968 DEBUG o.a.j.t.g.WrapperEditor: ->java.lang.String:,
2021-08-29 18:09:56,968 DEBUG o.a.j.t.g.GenericTestBeanCustomizer: Set delimiter=,
2021-08-29 18:09:56,968 DEBUG o.a.j.t.g.WrapperEditor: ->java.lang.Boolean:false
2021-08-29 18:09:56,968 DEBUG o.a.j.t.g.GenericTestBeanCustomizer: Set quotedData=false
2021-08-29 18:09:56,968 DEBUG o.a.j.t.g.WrapperEditor: ->java.lang.Boolean:false
2021-08-29 18:09:56,968 DEBUG o.a.j.t.g.GenericTestBeanCustomizer: Set recycle=false
2021-08-29 18:09:56,968 DEBUG o.a.j.t.g.WrapperEditor: ->java.lang.Boolean:true
2021-08-29 18:09:56,968 DEBUG o.a.j.t.g.GenericTestBeanCustomizer: Set stopThread=true
2021-08-29 18:09:56,968 DEBUG o.a.j.t.g.GenericTestBeanCustomizer: Set shareMode=shareMode.all
2021-08-29 18:09:56,968 DEBUG o.a.j.g.AbstractJMeterGuiComponent: setting element to enabled: false
2021-08-29 18:09:56,968 DEBUG o.a.j.t.g.TestBeanGUI: Modify property to null
2021-08-29 18:09:56,968 DEBUG o.a.j.t.g.TestBeanGUI: Modify filename to test.csv
2021-08-29 18:09:56,968 DEBUG o.a.j.t.g.TestBeanGUI: Modify fileEncoding to utf-8
2021-08-29 18:09:56,968 DEBUG o.a.j.t.g.TestBeanGUI: Modify variableNames to phone,lastname,email,firstname,mobile
2021-08-29 18:09:56,968 DEBUG o.a.j.t.g.TestBeanGUI: Modify ignoreFirstLine to false
2021-08-29 18:09:56,968 DEBUG o.a.j.t.g.TestBeanGUI: Modify delimiter to ,
2021-08-29 18:09:56,968 DEBUG o.a.j.t.g.TestBeanGUI: Modify quotedData to false
2021-08-29 18:09:56,968 DEBUG o.a.j.t.g.TestBeanGUI: Modify recycle to false
2021-08-29 18:09:56,968 DEBUG o.a.j.t.g.TestBeanGUI: Modify stopThread to true
2021-08-29 18:09:56,968 DEBUG o.a.j.t.g.TestBeanGUI: Modify shareMode to shareMode.all
2021-08-29 18:09:56,969 DEBUG o.a.j.g.GuiPackage: Gui retrieved = TestBeanGUI:org.apache.jmeter.config.CSVDataSet
2021-08-29 18:09:56,969 DEBUG o.a.j.t.g.WrapperEditor: <-""
2021-08-29 18:09:56,969 DEBUG o.a.j.t.g.WrapperEditor: <-java.lang.String:
2021-08-29 18:09:56,969 DEBUG o.a.j.t.g.WrapperEditor: ->""
2021-08-29 18:09:56,969 DEBUG o.a.j.t.g.WrapperEditor: <-"True"
2021-08-29 18:09:56,969 DEBUG o.a.j.t.g.WrapperEditor: <-java.lang.String:,
2021-08-29 18:09:56,969 DEBUG o.a.j.t.g.WrapperEditor: ->","
2021-08-29 18:09:56,969 DEBUG o.a.j.t.g.WrapperEditor: <-"True"
2021-08-29 18:09:56,969 DEBUG o.a.j.t.g.WrapperEditor: <-"True"
2021-08-29 18:09:56,969 DEBUG o.a.j.t.g.WrapperEditor: <-"True"
2021-08-29 18:09:56,970 DEBUG o.a.j.t.g.WrapperEditor: <-java.lang.String:test.csv
2021-08-29 18:09:56,970 DEBUG o.a.j.t.g.WrapperEditor: <-java.lang.String:phone,lastname,email,firstname,mobile
2021-08-29 18:09:56,970 DEBUG o.a.j.t.g.WrapperEditor: <-java.lang.Boolean:false
2021-08-29 18:09:56,970 DEBUG o.a.j.t.g.WrapperEditor: <-java.lang.String:,
2021-08-29 18:09:56,970 DEBUG o.a.j.t.g.WrapperEditor: <-java.lang.Boolean:false
2021-08-29 18:09:56,970 DEBUG o.a.j.t.g.WrapperEditor: <-java.lang.Boolean:false
2021-08-29 18:09:56,970 DEBUG o.a.j.t.g.WrapperEditor: <-java.lang.Boolean:true
2021-08-29 18:09:56,970 DEBUG o.a.j.g.a.CheckDirty: Node is class: class org.apache.jmeter.gui.tree.JMeterTreeNode
2021-08-29 18:09:56,970 DEBUG o.a.j.g.a.CheckDirty: Node is class: class org.apache.jmeter.gui.tree.JMeterTreeNode
2021-08-29 18:09:56,970 DEBUG o.a.j.g.a.CheckDirty: Node is class: class org.apache.jmeter.gui.tree.JMeterTreeNode
2021-08-29 18:09:56,971 DEBUG o.a.j.g.a.CheckDirty: Node is class: class org.apache.jmeter.gui.tree.JMeterTreeNode
2021-08-29 18:09:56,971 DEBUG o.a.j.g.a.CheckDirty: Node is class: class org.apache.jmeter.gui.tree.JMeterTreeNode
2021-08-29 18:09:56,971 DEBUG o.a.j.g.a.CheckDirty: Node is class: class org.apache.jmeter.gui.tree.JMeterTreeNode
2021-08-29 18:09:56,971 DEBUG o.a.j.g.a.CheckDirty: Node is class: class org.apache.jmeter.gui.tree.JMeterTreeNode
2021-08-29 18:09:56,971 DEBUG o.a.j.g.a.CheckDirty: Node is class: class org.apache.jmeter.gui.tree.JMeterTreeNode
2021-08-29 18:09:56,971 DEBUG o.a.j.g.a.CheckDirty: Node is class: class org.apache.jmeter.gui.tree.JMeterTreeNode
2021-08-29 18:09:56,971 DEBUG o.a.j.g.a.CheckDirty: Node is class: class org.apache.jmeter.gui.tree.JMeterTreeNode
2021-08-29 18:09:56,971 DEBUG o.a.j.g.a.CheckDirty: Node is class: class org.apache.jmeter.gui.tree.JMeterTreeNode
2021-08-29 18:09:56,971 DEBUG o.a.j.g.a.CheckDirty: Node is class: class org.apache.jmeter.gui.tree.JMeterTreeNode
2021-08-29 18:09:56,971 DEBUG o.a.j.g.a.CheckDirty: Node is class: class org.apache.jmeter.gui.tree.JMeterTreeNode
2021-08-29 18:09:56,971 DEBUG o.a.j.g.a.CheckDirty: Node is class: class org.apache.jmeter.gui.tree.JMeterTreeNode
2021-08-29 18:09:56,971 DEBUG o.a.j.g.a.CheckDirty: Node is class: class org.apache.jmeter.gui.tree.JMeterTreeNode
2021-08-29 18:09:56,971 DEBUG o.a.j.g.a.CheckDirty: Node is class: class org.apache.jmeter.gui.tree.JMeterTreeNode
2021-08-29 18:09:56,971 DEBUG o.a.j.g.a.CheckDirty: Node is class: class org.apache.jmeter.gui.tree.JMeterTreeNode
2021-08-29 18:09:56,971 DEBUG o.a.j.g.a.CheckDirty: Node is class: class org.apache.jmeter.gui.tree.JMeterTreeNode
2021-08-29 18:09:56,972 DEBUG o.a.j.g.a.CheckDirty: Node is class: class org.apache.jmeter.gui.tree.JMeterTreeNode
2021-08-29 18:09:56,972 DEBUG o.a.j.g.a.CheckDirty: Node is class: class org.apache.jmeter.gui.tree.JMeterTreeNode
2021-08-29 18:09:56,972 DEBUG o.a.j.g.a.CheckDirty: Node is class: class org.apache.jmeter.gui.tree.JMeterTreeNode
2021-08-29 18:09:56,972 DEBUG o.a.j.g.a.CheckDirty: Node is class: class org.apache.jmeter.gui.tree.JMeterTreeNode
2021-08-29 18:09:56,972 DEBUG o.a.j.g.a.CheckDirty: Node is class: class org.apache.jmeter.gui.tree.JMeterTreeNode
2021-08-29 18:09:56,972 DEBUG o.a.j.g.a.CheckDirty: Node is class: class org.apache.jmeter.gui.tree.JMeterTreeNode
2021-08-29 18:09:56,972 DEBUG o.a.j.g.GuiPackage: Updating current node CSV 数据文件设置
2021-08-29 18:09:56,972 DEBUG o.a.j.g.GuiPackage: Gui retrieved = TestBeanGUI:org.apache.jmeter.config.CSVDataSet
2021-08-29 18:09:56,972 DEBUG o.a.j.t.g.WrapperEditor: ->java.lang.String:test.csv
2021-08-29 18:09:56,972 DEBUG o.a.j.t.g.GenericTestBeanCustomizer: Set filename=test.csv
2021-08-29 18:09:56,972 DEBUG o.a.j.t.g.GenericTestBeanCustomizer: Set fileEncoding=utf-8
2021-08-29 18:09:56,972 DEBUG o.a.j.t.g.WrapperEditor: ->java.lang.String:phone,lastname,email,firstname,mobile
2021-08-29 18:09:56,972 DEBUG o.a.j.t.g.GenericTestBeanCustomizer: Set variableNames=phone,lastname,email,firstname,mobile
2021-08-29 18:09:56,972 DEBUG o.a.j.t.g.WrapperEditor: ->java.lang.Boolean:false
2021-08-29 18:09:56,972 DEBUG o.a.j.t.g.GenericTestBeanCustomizer: Set ignoreFirstLine=false
2021-08-29 18:09:56,972 DEBUG o.a.j.t.g.WrapperEditor: ->java.lang.String:,
2021-08-29 18:09:56,972 DEBUG o.a.j.t.g.GenericTestBeanCustomizer: Set delimiter=,
2021-08-29 18:09:56,972 DEBUG o.a.j.t.g.WrapperEditor: ->java.lang.Boolean:false
2021-08-29 18:09:56,972 DEBUG o.a.j.t.g.GenericTestBeanCustomizer: Set quotedData=false
2021-08-29 18:09:56,972 DEBUG o.a.j.t.g.WrapperEditor: ->java.lang.Boolean:false
2021-08-29 18:09:56,972 DEBUG o.a.j.t.g.GenericTestBeanCustomizer: Set recycle=false
2021-08-29 18:09:56,972 DEBUG o.a.j.t.g.WrapperEditor: ->java.lang.Boolean:true
2021-08-29 18:09:56,972 DEBUG o.a.j.t.g.GenericTestBeanCustomizer: Set stopThread=true
2021-08-29 18:09:56,972 DEBUG o.a.j.t.g.GenericTestBeanCustomizer: Set shareMode=shareMode.all
2021-08-29 18:09:56,972 DEBUG o.a.j.g.AbstractJMeterGuiComponent: setting element to enabled: false
2021-08-29 18:09:56,972 DEBUG o.a.j.t.g.TestBeanGUI: Modify property to null
2021-08-29 18:09:56,972 DEBUG o.a.j.t.g.TestBeanGUI: Modify filename to test.csv
2021-08-29 18:09:56,972 DEBUG o.a.j.t.g.TestBeanGUI: Modify fileEncoding to utf-8
2021-08-29 18:09:56,973 DEBUG o.a.j.t.g.TestBeanGUI: Modify variableNames to phone,lastname,email,firstname,mobile
2021-08-29 18:09:56,973 DEBUG o.a.j.t.g.TestBeanGUI: Modify ignoreFirstLine to false
2021-08-29 18:09:56,973 DEBUG o.a.j.t.g.TestBeanGUI: Modify delimiter to ,
2021-08-29 18:09:56,973 DEBUG o.a.j.t.g.TestBeanGUI: Modify quotedData to false
2021-08-29 18:09:56,973 DEBUG o.a.j.t.g.TestBeanGUI: Modify recycle to false
2021-08-29 18:09:56,973 DEBUG o.a.j.t.g.TestBeanGUI: Modify stopThread to true
2021-08-29 18:09:56,973 DEBUG o.a.j.t.g.TestBeanGUI: Modify shareMode to shareMode.all
2021-08-29 18:09:56,973 DEBUG o.a.j.g.GuiPackage: Gui retrieved = TestBeanGUI:org.apache.jmeter.config.CSVDataSet
2021-08-29 18:09:56,973 DEBUG o.a.j.t.g.WrapperEditor: <-""
2021-08-29 18:09:56,973 DEBUG o.a.j.t.g.WrapperEditor: <-java.lang.String:
2021-08-29 18:09:56,973 DEBUG o.a.j.t.g.WrapperEditor: ->""
2021-08-29 18:09:56,973 DEBUG o.a.j.t.g.WrapperEditor: <-"True"
2021-08-29 18:09:56,973 DEBUG o.a.j.t.g.WrapperEditor: <-java.lang.String:,
2021-08-29 18:09:56,973 DEBUG o.a.j.t.g.WrapperEditor: ->","
2021-08-29 18:09:56,973 DEBUG o.a.j.t.g.WrapperEditor: <-"True"
2021-08-29 18:09:56,973 DEBUG o.a.j.t.g.WrapperEditor: <-"True"
2021-08-29 18:09:56,974 DEBUG o.a.j.t.g.WrapperEditor: <-"True"
2021-08-29 18:09:56,974 DEBUG o.a.j.t.g.WrapperEditor: <-java.lang.String:test.csv
2021-08-29 18:09:56,974 DEBUG o.a.j.t.g.WrapperEditor: <-java.lang.String:phone,lastname,email,firstname,mobile
2021-08-29 18:09:56,974 DEBUG o.a.j.t.g.WrapperEditor: <-java.lang.Boolean:false
2021-08-29 18:09:56,974 DEBUG o.a.j.t.g.WrapperEditor: <-java.lang.String:,
2021-08-29 18:09:56,974 DEBUG o.a.j.t.g.WrapperEditor: <-java.lang.Boolean:false
2021-08-29 18:09:56,975 DEBUG o.a.j.t.g.WrapperEditor: <-java.lang.Boolean:false
2021-08-29 18:09:56,975 DEBUG o.a.j.t.g.WrapperEditor: <-java.lang.Boolean:true
