2007/04/03 18:09:14 INFO  - jmeter.util.JMeterUtils: Setting Locale to en_US 
2007/04/03 18:09:14 INFO  - jmeter.JMeter: Loading user properties from: user.properties 
2007/04/03 18:09:14 INFO  - jmeter.JMeter: Loading system properties from: system.properties 
2007/04/03 18:09:14 INFO  - jmeter.JMeter: Copyright (c) 1998-2006 The Apache Software Foundation 
2007/04/03 18:09:14 INFO  - jmeter.JMeter: Version 2.2 
2007/04/03 18:09:14 INFO  - jmeter.JMeter: java.version=1.5.0_08 
2007/04/03 18:09:14 INFO  - jmeter.JMeter: os.name=Windows XP 
2007/04/03 18:09:14 INFO  - jmeter.JMeter: os.arch=x86 
2007/04/03 18:09:14 INFO  - jmeter.JMeter: os.version=5.1 
2007/04/03 18:09:14 INFO  - jmeter.JMeter: Default Locale=English (United States) 
2007/04/03 18:09:14 INFO  - jmeter.JMeter: JMeter  Locale=English (United States) 
2007/04/03 18:09:14 INFO  - jmeter.JMeter: JMeterHome=C:\qprogs\jmeter22 
2007/04/03 18:09:14 INFO  - jmeter.JMeter: user.dir=C:\qprogs\jmeter22\bin 
2007/04/03 18:09:14 INFO  - jmeter.JMeter: PWD     =C:\qprogs\jmeter22\bin 
2007/04/03 18:09:14 INFO  - jmeter.JMeter: Loaded icon properties from org/apache/jmeter/images/icon.properties 
2007/04/03 18:09:15 INFO  - jmeter.protocol.http.sampler.HTTPSamplerBase: Cannot find .className property for htmlParser, using default 
2007/04/03 18:09:15 INFO  - jmeter.protocol.http.sampler.HTTPSamplerBase: Parser for text/html is  
2007/04/03 18:09:15 INFO  - jmeter.protocol.http.sampler.HTTPSamplerBase: Parser for application/xhtml+xml is  
2007/04/03 18:09:15 INFO  - jmeter.protocol.http.sampler.HTTPSamplerBase: Parser for application/xml is  
2007/04/03 18:09:15 INFO  - jmeter.protocol.http.sampler.HTTPSamplerBase: Parser for text/xml is  
2007/04/03 18:09:15 INFO  - jmeter.protocol.http.sampler.HTTPSamplerBase: Parser for text/vnd.wap.wml is org.apache.jmeter.protocol.http.parser.RegexpHTMLParser 
2007/04/03 18:09:15 INFO  - jmeter.protocol.http.sampler.AccessLogSamplerBeanInfo: Entered access log sampler bean info 
2007/04/03 18:09:15 INFO  - jmeter.protocol.http.sampler.AccessLogSamplerBeanInfo: found parsers: [org.apache.jmeter.protocol.http.util.accesslog.OrderPreservingLogParser, org.apache.jmeter.protocol.http.util.accesslog.SharedTCLogParser, org.apache.jmeter.protocol.http.util.accesslog.TCLogParser] 
2007/04/03 18:09:15 INFO  - jmeter.protocol.http.sampler.AccessLogSamplerBeanInfo: Got to end of access log samper bean info init 
2007/04/03 18:09:15 INFO  - jmeter.samplers.SampleResult: Note: Sample TimeStamps are START times 
2007/04/03 18:09:15 INFO  - jmeter.samplers.SampleResult: sampleresult.default.encoding is set to ISO-8859-1 
2007/04/03 18:09:21 INFO  - jmeter.gui.action.Load: Loading file: C:\qprogs\jmeter22\bin\HTTP search-bad.jmx 
2007/04/03 18:09:21 INFO  - jmeter.save.SaveService: Testplan (JMX) version: 2.2. Testlog (JTL) version: 2.2 
2007/04/03 18:09:21 INFO  - jmeter.save.SaveService: Using SaveService properties file version 408187 
2007/04/03 18:09:21 INFO  - jmeter.protocol.http.sampler.HTTPSampler2: Local host = horse 
2007/04/03 18:09:21 INFO  - jmeter.protocol.tcp.sampler.TCPSampler: Protocol Handler name=TCPClientImpl 
2007/04/03 18:09:21 INFO  - jmeter.protocol.tcp.sampler.TCPSampler: Status prefix= 
2007/04/03 18:09:21 INFO  - jmeter.protocol.tcp.sampler.TCPSampler: Status suffix= 
2007/04/03 18:09:21 INFO  - jmeter.protocol.tcp.sampler.TCPSampler: Status properties= 
2007/04/03 18:09:21 WARN  - jmeter.save.SaveService: Could not set up alias JMSSampler java.lang.NoClassDefFoundError: javax/jms/Message 
2007/04/03 18:09:21 WARN  - jmeter.save.SaveService: Could not set up alias SubscriberSampler java.lang.NoClassDefFoundError: javax/jms/MessageListener 
2007/04/03 18:09:21 INFO  - jmeter.save.SaveService: Using SaveService properties version 1.8 
2007/04/03 18:09:21 INFO  - jmeter.save.SaveService: All converter versions present and correct 
2007/04/03 18:09:43 INFO  - jmeter.engine.StandardJMeterEngine: Listeners will be started after enabling running version 
2007/04/03 18:09:43 INFO  - jmeter.engine.StandardJMeterEngine: To revert to the earlier behaviour, define jmeterengine.startlistenerslater=false 
2007/04/03 18:09:43 INFO  - jmeter.engine.StandardJMeterEngine: Running the test! 
2007/04/03 18:09:44 INFO  - jmeter.gui.util.JMeterMenuBar: setRunning(true,local) 
2007/04/03 18:09:44 INFO  - jmeter.engine.StandardJMeterEngine: Starting 1 threads for group Portal. Ramp up = 1. 
2007/04/03 18:09:44 INFO  - jmeter.engine.StandardJMeterEngine: Continue on error 
2007/04/03 18:09:44 WARN  - jmeter.threads.JMeterThread: jmeterthread.startearlier=true (see jmeter.properties) 
2007/04/03 18:09:44 INFO  - jmeter.threads.JMeterThread: Thread Portal 1-1 started 
2007/04/03 18:09:49 INFO  - jmeter.threads.JMeterThread: Thread Portal 1-1 is done 
2007/04/03 18:09:49 INFO  - jmeter.engine.StandardJMeterEngine: Ending thread 0 
2007/04/03 18:09:49 INFO  - jmeter.engine.StandardJMeterEngine: Stopping test 
2007/04/03 18:09:49 INFO  - jmeter.engine.StandardJMeterEngine: Notifying test listeners of end of test 
2007/04/03 18:09:49 INFO  - jmeter.gui.util.JMeterMenuBar: setRunning(false,local) 
2007/04/03 18:09:49 INFO  - jmeter.engine.StandardJMeterEngine: Test has ended 
