2018-06-22 16:07:03
Full thread dump Java HotSpot(TM) 64-Bit Server VM (25.151-b12 mixed mode):

"Okio Watchdog" #36 daemon prio=5 os_prio=0 tid=0x000000001e218000 nid=0x3384 in Object.wait() [0x00000000232ef000]
   java.lang.Thread.State: TIMED_WAITING (on object monitor)
	at java.lang.Object.wait(Native Method)
	- waiting on <0x00000000fcd8e7a8> (a java.lang.Class for okio.AsyncTimeout)
	at java.lang.Object.wait(Unknown Source)
	at okio.AsyncTimeout.awaitTimeout(AsyncTimeout.java:361)
	at okio.AsyncTimeout$Watchdog.run(AsyncTimeout.java:312)
	- locked <0x00000000fcd8e7a8> (a java.lang.Class for okio.AsyncTimeout)

   Locked ownable synchronizers:
	- None

"OkHttp ConnectionPool" #35 daemon prio=5 os_prio=0 tid=0x000000001e211800 nid=0x5168 in Object.wait() [0x00000000231ee000]
   java.lang.Thread.State: TIMED_WAITING (on object monitor)
	at java.lang.Object.wait(Native Method)
	- waiting on <0x00000000fe7237c8> (a okhttp3.ConnectionPool)
	at java.lang.Object.wait(Unknown Source)
	at okhttp3.ConnectionPool$1.run(ConnectionPool.java:67)
	- locked <0x00000000fe7237c8> (a okhttp3.ConnectionPool)
	at java.util.concurrent.ThreadPoolExecutor.runWorker(Unknown Source)
	at java.util.concurrent.ThreadPoolExecutor$Worker.run(Unknown Source)
	at java.lang.Thread.run(Unknown Source)

   Locked ownable synchronizers:
	- <0x00000000fcded9a0> (a java.util.concurrent.ThreadPoolExecutor$Worker)

"UrlChecker-2" #27 daemon prio=5 os_prio=0 tid=0x0000000020334800 nid=0x2548 waiting on condition [0x00000000228ee000]
   java.lang.Thread.State: TIMED_WAITING (parking)
	at sun.misc.Unsafe.park(Native Method)
	- parking to wait for  <0x00000000fe1ce820> (a java.util.concurrent.SynchronousQueue$TransferStack)
	at java.util.concurrent.locks.LockSupport.parkNanos(Unknown Source)
	at java.util.concurrent.SynchronousQueue$TransferStack.awaitFulfill(Unknown Source)
	at java.util.concurrent.SynchronousQueue$TransferStack.transfer(Unknown Source)
	at java.util.concurrent.SynchronousQueue.poll(Unknown Source)
	at java.util.concurrent.ThreadPoolExecutor.getTask(Unknown Source)
	at java.util.concurrent.ThreadPoolExecutor.runWorker(Unknown Source)
	at java.util.concurrent.ThreadPoolExecutor$Worker.run(Unknown Source)
	at java.lang.Thread.run(Unknown Source)

   Locked ownable synchronizers:
	- None

"pool-2-thread-1" #24 prio=5 os_prio=0 tid=0x000000001ae3e800 nid=0x3488 waiting on condition [0x00000000219cf000]
   java.lang.Thread.State: WAITING (parking)
	at sun.misc.Unsafe.park(Native Method)
	- parking to wait for  <0x00000000ec546068> (a java.util.concurrent.locks.AbstractQueuedSynchronizer$ConditionObject)
	at java.util.concurrent.locks.LockSupport.park(Unknown Source)
	at java.util.concurrent.locks.AbstractQueuedSynchronizer$ConditionObject.await(Unknown Source)
	at java.util.concurrent.LinkedBlockingQueue.take(Unknown Source)
	at java.util.concurrent.ThreadPoolExecutor.getTask(Unknown Source)
	at java.util.concurrent.ThreadPoolExecutor.runWorker(Unknown Source)
	at java.util.concurrent.ThreadPoolExecutor$Worker.run(Unknown Source)
	at java.lang.Thread.run(Unknown Source)

   Locked ownable synchronizers:
	- None

"NanoOffset" #17 daemon prio=5 os_prio=0 tid=0x000000001aa63000 nid=0x2168 waiting on condition [0x000000001d36e000]
   java.lang.Thread.State: TIMED_WAITING (sleeping)
	at java.lang.Thread.sleep(Native Method)
	at java.lang.Thread.sleep(Unknown Source)
	at java.util.concurrent.TimeUnit.sleep(Unknown Source)
	at org.apache.jmeter.samplers.SampleResult$NanoOffset.getOffset(SampleResult.java:1456)
	at org.apache.jmeter.samplers.SampleResult$NanoOffset.run(SampleResult.java:1450)

   Locked ownable synchronizers:
	- None

"DestroyJavaVM" #13 prio=5 os_prio=0 tid=0x0000000003061000 nid=0x4ea0 waiting on condition [0x0000000000000000]
   java.lang.Thread.State: RUNNABLE

   Locked ownable synchronizers:
	- None

"Service Thread" #10 daemon prio=9 os_prio=0 tid=0x0000000018f9f800 nid=0x3744 runnable [0x0000000000000000]
   java.lang.Thread.State: RUNNABLE

   Locked ownable synchronizers:
	- None

"C1 CompilerThread2" #9 daemon prio=9 os_prio=2 tid=0x0000000018f13800 nid=0x11a0 waiting on condition [0x0000000000000000]
   java.lang.Thread.State: RUNNABLE

   Locked ownable synchronizers:
	- None

"C2 CompilerThread1" #8 daemon prio=9 os_prio=2 tid=0x0000000018f12800 nid=0xb90 waiting on condition [0x0000000000000000]
   java.lang.Thread.State: RUNNABLE

   Locked ownable synchronizers:
	- None

"C2 CompilerThread0" #7 daemon prio=9 os_prio=2 tid=0x0000000018f11800 nid=0x1ca0 waiting on condition [0x0000000000000000]
   java.lang.Thread.State: RUNNABLE

   Locked ownable synchronizers:
	- None

"Attach Listener" #6 daemon prio=5 os_prio=2 tid=0x0000000018f0c800 nid=0x5088 waiting on condition [0x0000000000000000]
   java.lang.Thread.State: RUNNABLE

   Locked ownable synchronizers:
	- None

"Signal Dispatcher" #5 daemon prio=9 os_prio=2 tid=0x0000000018f0b800 nid=0x334c runnable [0x0000000000000000]
   java.lang.Thread.State: RUNNABLE

   Locked ownable synchronizers:
	- None

"Surrogate Locker Thread (Concurrent GC)" #4 daemon prio=9 os_prio=0 tid=0x000000001869e800 nid=0x2c88 waiting on condition [0x0000000000000000]
   java.lang.Thread.State: RUNNABLE

   Locked ownable synchronizers:
	- None

"Finalizer" #3 daemon prio=8 os_prio=1 tid=0x0000000018eb6000 nid=0x2010 in Object.wait() [0x000000001999f000]
   java.lang.Thread.State: WAITING (on object monitor)
	at java.lang.Object.wait(Native Method)
	- waiting on <0x00000000c02f0f68> (a java.lang.ref.ReferenceQueue$Lock)
	at java.lang.ref.ReferenceQueue.remove(Unknown Source)
	- locked <0x00000000c02f0f68> (a java.lang.ref.ReferenceQueue$Lock)
	at java.lang.ref.ReferenceQueue.remove(Unknown Source)
	at java.lang.ref.Finalizer$FinalizerThread.run(Unknown Source)

   Locked ownable synchronizers:
	- None

"Reference Handler" #2 daemon prio=10 os_prio=2 tid=0x0000000018697000 nid=0x183c in Object.wait() [0x000000001989f000]
   java.lang.Thread.State: WAITING (on object monitor)
	at java.lang.Object.wait(Native Method)
	- waiting on <0x00000000c043a350> (a java.lang.ref.Reference$Lock)
	at java.lang.Object.wait(Unknown Source)
	at java.lang.ref.Reference.tryHandlePending(Unknown Source)
	- locked <0x00000000c043a350> (a java.lang.ref.Reference$Lock)
	at java.lang.ref.Reference$ReferenceHandler.run(Unknown Source)

   Locked ownable synchronizers:
	- None

"VM Thread" os_prio=2 tid=0x0000000018694000 nid=0x2900 runnable 

"Gang worker#0 (Parallel GC Threads)" os_prio=2 tid=0x0000000003079000 nid=0x51ac runnable 

"Gang worker#1 (Parallel GC Threads)" os_prio=2 tid=0x000000000307a800 nid=0x3e98 runnable 

"Gang worker#2 (Parallel GC Threads)" os_prio=2 tid=0x000000000307c000 nid=0x1a70 runnable 

"Gang worker#3 (Parallel GC Threads)" os_prio=2 tid=0x000000000307e800 nid=0x50a8 runnable 

"G1 Main Concurrent Mark GC Thread" os_prio=2 tid=0x00000000030d9800 nid=0x1980 runnable 

"Gang worker#0 (G1 Parallel Marking Threads)" os_prio=2 tid=0x00000000030da800 nid=0x43b4 runnable 

"G1 Concurrent Refinement Thread#0" os_prio=2 tid=0x0000000003089800 nid=0x16e8 runnable 

"G1 Concurrent Refinement Thread#1" os_prio=2 tid=0x0000000003088800 nid=0x101c runnable 

"G1 Concurrent Refinement Thread#2" os_prio=2 tid=0x0000000003087800 nid=0x28a8 runnable 

"G1 Concurrent Refinement Thread#3" os_prio=2 tid=0x0000000003084800 nid=0x16e4 runnable 

"G1 Concurrent Refinement Thread#4" os_prio=2 tid=0x0000000003083800 nid=0x5614 runnable 

"VM Periodic Task Thread" os_prio=2 tid=0x0000000018fac800 nid=0x2ce0 waiting on condition 

JNI global references: 2067

