2006/02/20 08:16:33 INFO  - jmeter.util.JMeterUtils: Setting Locale to de_DE 
2006/02/20 08:16:33 INFO  - jmeter.JMeter: Version 2-1.20060215 
2006/02/20 08:16:33 INFO  - jmeter.JMeter: java.version=1.5.0_06 
2006/02/20 08:16:33 INFO  - jmeter.JMeter: Locale=Deutsch (Deutschland) 
2006/02/20 08:16:33 INFO  - jmeter.JMeter: Copyright (c) 1998-2005 The Apache Software Foundation 
2006/02/20 08:16:33 INFO  - jmeter.JMeter: JMeterHome=D:\entwicklung\jakarta-jmeter-2-1.20060215 
2006/02/20 08:16:33 INFO  - jmeter.JMeter: Loaded icon properties from org/apache/jmeter/images/icon.properties 
2006/02/20 08:16:35 INFO  - jmeter.protocol.http.sampler.AccessLogSamplerBeanInfo: Entered access log sampler bean info 
2006/02/20 08:16:35 INFO  - jmeter.protocol.http.sampler.AccessLogSamplerBeanInfo: found parsers: [org.apache.jmeter.protocol.http.util.accesslog.OrderPreservingLogParser, org.apache.jmeter.protocol.http.util.accesslog.SharedTCLogParser, org.apache.jmeter.protocol.http.util.accesslog.TCLogParser] 
2006/02/20 08:16:35 INFO  - jmeter.protocol.http.sampler.AccessLogSamplerBeanInfo: Got to end of access log samper bean info init 
2006/02/20 08:16:35 INFO  - jmeter.samplers.SampleResult: Note: Sample TimeStamps are END times 
2006/02/20 08:16:35 INFO  - jmeter.samplers.SampleResult: sampleresult.default.encoding is set to ISO-8859-1 
2006/02/20 08:16:43 INFO  - jmeter.gui.action.Load: Loading file: D:\tmp\WS-Test.jmx 
2006/02/20 08:16:43 INFO  - jmeter.save.SaveService: Testplan (JMX) version: 2.2. Testlog (JTL) version: 2.2 
2006/02/20 08:16:43 WARN  - jmeter.save.SaveService: Could not set up alias JMSSampler java.lang.NoClassDefFoundError: javax/jms/Message 
2006/02/20 08:16:43 INFO  - jmeter.save.SaveService: Using SaveService properties file version 332818 
2006/02/20 08:16:43 INFO  - jmeter.save.SaveService: Using SaveService properties version 1.8 
2006/02/20 08:16:44 INFO  - jmeter.save.SaveService: All converter versions present and correct 
2006/02/20 08:19:52 INFO  - jmeter.engine.StandardJMeterEngine: Running the test! 
2006/02/20 08:19:52 INFO  - jmeter.gui.util.JMeterMenuBar: setRunning(true,local) 
2006/02/20 08:19:52 INFO  - jmeter.engine.StandardJMeterEngine: Starting 1 threads for group Check ThreadGroup. Ramp up = 1. 
2006/02/20 08:19:52 INFO  - jmeter.engine.StandardJMeterEngine: Continue on error 
2006/02/20 08:19:52 WARN  - jmeter.threads.JMeterThread: jmeterthread.startearlier=true (see jmeter.properties) 
2006/02/20 08:19:52 INFO  - jmeter.threads.JMeterThread: Thread Check ThreadGroup 1-1 started 
2006/02/20 08:19:53 INFO  - jmeter.protocol.http.sampler.WebServiceSampler: Created document with key:  
2006/02/20 08:19:55 WARN  - jmeter.protocol.http.sampler.HTTPSamplerBase: Existing Manager HTTP Header Manager superseded by HTTP Header Manager 
2006/02/20 08:19:55 INFO  - jmeter.protocol.http.sampler.WebServiceSampler: Reusing document with key:  
2006/02/20 08:19:55 WARN  - jmeter.protocol.http.sampler.HTTPSamplerBase: Existing Manager HTTP Header Manager superseded by HTTP Header Manager 
2006/02/20 08:19:55 ERROR - jmeter.protocol.http.sampler.HTTPSampler: readResponse: java.io.IOException: Server returned HTTP response code: 500 for URL: http://localhost:8081/axis/services/Version 
2006/02/20 08:19:55 ERROR - jmeter.protocol.http.sampler.HTTPSampler: readResponse: errorStream:
<?xml version="1.0" encoding="UTF-8"?><soapenv:Envelope xmlns:soapenv="http://schemas.xmlsoap.org/soap/envelope/" xmlns:xsd="http://www.w3.org/2001/XMLSchema" xmlns:xsi="http://www.w3.org/2001/XMLSchema-instance"><soapenv:Body><soapenv:Fault><faultcode xmlns:ns1="http://xml.apache.org/axis/">ns1:Client</faultcode><faultstring>No such operation 'getVersionn'</faultstring><detail><ns2:stackTrace xmlns:ns2="http://xml.apache.org/axis/">No such operation 'getVersionn'
	at org.apache.axis.providers.java.RPCProvider.getOperationDesc(RPCProvider.java:312)
	at org.apache.axis.providers.java.RPCProvider.processMessage(RPCProvider.java:88)
	at org.apache.axis.providers.java.JavaProvider.invoke(JavaProvider.java:323)
	at org.apache.axis.strategies.InvocationStrategy.visit(InvocationStrategy.java:32)
	at org.apache.axis.SimpleChain.doVisiting(SimpleChain.java:118)
	at org.apache.axis.SimpleChain.invoke(SimpleChain.java:83)
	at org.apache.axis.handlers.soap.SOAPService.invoke(SOAPService.jav
	... 
2006/02/20 08:19:55 INFO  - jmeter.threads.JMeterThread: Thread Check ThreadGroup 1-1 is done 
2006/02/20 08:19:55 INFO  - jmeter.engine.StandardJMeterEngine: Ending thread 0 
2006/02/20 08:19:55 INFO  - jmeter.engine.StandardJMeterEngine: Stopping test 
2006/02/20 08:19:55 INFO  - jmeter.engine.StandardJMeterEngine: Notifying test listeners of end of test 
2006/02/20 08:19:55 INFO  - jmeter.gui.util.JMeterMenuBar: setRunning(false,local) 
2006/02/20 08:19:55 INFO  - jmeter.engine.StandardJMeterEngine: Test has ended 
2006/02/20 08:28:09 INFO  - jmeter.engine.StandardJMeterEngine: Running the test! 
2006/02/20 08:28:09 INFO  - jmeter.gui.util.JMeterMenuBar: setRunning(true,local) 
2006/02/20 08:28:10 INFO  - jmeter.engine.StandardJMeterEngine: Starting 1 threads for group Check ThreadGroup. Ramp up = 1. 
2006/02/20 08:28:10 INFO  - jmeter.engine.StandardJMeterEngine: Continue on error 
2006/02/20 08:28:10 INFO  - jmeter.threads.JMeterThread: Thread Check ThreadGroup 1-1 started 
2006/02/20 08:28:10 WARN  - jmeter.protocol.http.sampler.HTTPSamplerBase: Existing Manager HTTP Header Manager superseded by HTTP Header Manager 
2006/02/20 08:28:10 WARN  - jmeter.protocol.http.sampler.HTTPSamplerBase: Existing Manager HTTP Header Manager superseded by HTTP Header Manager 
2006/02/20 08:28:10 ERROR - jmeter.protocol.http.sampler.HTTPSampler: readResponse: java.io.IOException: Server returned HTTP response code: 500 for URL: http://localhost:8081/axis/services/Version 
2006/02/20 08:28:10 ERROR - jmeter.protocol.http.sampler.HTTPSampler: readResponse: errorStream:
<?xml version="1.0" encoding="UTF-8"?><soapenv:Envelope xmlns:soapenv="http://schemas.xmlsoap.org/soap/envelope/" xmlns:xsd="http://www.w3.org/2001/XMLSchema" xmlns:xsi="http://www.w3.org/2001/XMLSchema-instance"><soapenv:Body><soapenv:Fault><faultcode xmlns:ns1="http://xml.apache.org/axis/">ns1:Client</faultcode><faultstring>No such operation 'getVersionn'</faultstring><detail><ns2:stackTrace xmlns:ns2="http://xml.apache.org/axis/">No such operation 'getVersionn'
	at org.apache.axis.providers.java.RPCProvider.getOperationDesc(RPCProvider.java:312)
	at org.apache.axis.providers.java.RPCProvider.processMessage(RPCProvider.java:88)
	at org.apache.axis.providers.java.JavaProvider.invoke(JavaProvider.java:323)
	at org.apache.axis.strategies.InvocationStrategy.visit(InvocationStrategy.java:32)
	at org.apache.axis.SimpleChain.doVisiting(SimpleChain.java:118)
	at org.apache.axis.SimpleChain.invoke(SimpleChain.java:83)
	at org.apache.axis.handlers.soap.SOAPService.invoke(SOAPService.jav
	... 
2006/02/20 08:28:10 INFO  - jmeter.threads.JMeterThread: Thread Check ThreadGroup 1-1 is done 
2006/02/20 08:28:10 INFO  - jmeter.engine.StandardJMeterEngine: Ending thread 0 
2006/02/20 08:28:10 INFO  - jmeter.engine.StandardJMeterEngine: Stopping test 
2006/02/20 08:28:10 INFO  - jmeter.engine.StandardJMeterEngine: Notifying test listeners of end of test 
2006/02/20 08:28:10 INFO  - jmeter.gui.util.JMeterMenuBar: setRunning(false,local) 
2006/02/20 08:28:10 INFO  - jmeter.engine.StandardJMeterEngine: Test has ended 
2006/02/20 08:28:26 INFO  - jmeter.engine.StandardJMeterEngine: Running the test! 
2006/02/20 08:28:26 INFO  - jmeter.gui.util.JMeterMenuBar: setRunning(true,local) 
2006/02/20 08:28:27 INFO  - jmeter.engine.StandardJMeterEngine: Starting 1 threads for group Check ThreadGroup. Ramp up = 1. 
2006/02/20 08:28:27 INFO  - jmeter.engine.StandardJMeterEngine: Continue on error 
2006/02/20 08:28:27 INFO  - jmeter.threads.JMeterThread: Thread Check ThreadGroup 1-1 started 
2006/02/20 08:28:27 WARN  - jmeter.protocol.http.sampler.HTTPSamplerBase: Existing Manager HTTP Header Manager superseded by HTTP Header Manager 
2006/02/20 08:28:27 WARN  - jmeter.protocol.http.sampler.HTTPSamplerBase: Existing Manager HTTP Header Manager superseded by HTTP Header Manager 
2006/02/20 08:28:27 ERROR - jmeter.protocol.http.sampler.HTTPSampler: readResponse: java.io.IOException: Server returned HTTP response code: 500 for URL: http://localhost:8081/axis/services/Version 
2006/02/20 08:28:27 ERROR - jmeter.protocol.http.sampler.HTTPSampler: readResponse: errorStream:
<?xml version="1.0" encoding="UTF-8"?><soapenv:Envelope xmlns:soapenv="http://schemas.xmlsoap.org/soap/envelope/" xmlns:xsd="http://www.w3.org/2001/XMLSchema" xmlns:xsi="http://www.w3.org/2001/XMLSchema-instance"><soapenv:Body><soapenv:Fault><faultcode xmlns:ns1="http://xml.apache.org/axis/">ns1:Client</faultcode><faultstring>No such operation 'getVersionn'</faultstring><detail><ns2:stackTrace xmlns:ns2="http://xml.apache.org/axis/">No such operation 'getVersionn'
	at org.apache.axis.providers.java.RPCProvider.getOperationDesc(RPCProvider.java:312)
	at org.apache.axis.providers.java.RPCProvider.processMessage(RPCProvider.java:88)
	at org.apache.axis.providers.java.JavaProvider.invoke(JavaProvider.java:323)
	at org.apache.axis.strategies.InvocationStrategy.visit(InvocationStrategy.java:32)
	at org.apache.axis.SimpleChain.doVisiting(SimpleChain.java:118)
	at org.apache.axis.SimpleChain.invoke(SimpleChain.java:83)
	at org.apache.axis.handlers.soap.SOAPService.invoke(SOAPService.jav
	... 
2006/02/20 08:28:27 INFO  - jmeter.threads.JMeterThread: Thread Check ThreadGroup 1-1 is done 
2006/02/20 08:28:27 INFO  - jmeter.engine.StandardJMeterEngine: Ending thread 0 
2006/02/20 08:28:27 INFO  - jmeter.engine.StandardJMeterEngine: Stopping test 
2006/02/20 08:28:27 INFO  - jmeter.engine.StandardJMeterEngine: Notifying test listeners of end of test 
2006/02/20 08:28:27 INFO  - jmeter.gui.util.JMeterMenuBar: setRunning(false,local) 
2006/02/20 08:28:27 INFO  - jmeter.engine.StandardJMeterEngine: Test has ended 
2006/02/20 08:33:03 WARN  - jmeter.visualizers.ViewResultsFullVisualizer: Could not decode response java.io.UnsupportedEncodingException: text/xml; charset=utf-8 
2006/02/20 08:33:18 WARN  - jmeter.visualizers.ViewResultsFullVisualizer: Could not decode response java.io.UnsupportedEncodingException: text/xml; charset=utf-8 
2006/02/20 08:33:22 WARN  - jmeter.visualizers.ViewResultsFullVisualizer: Could not decode response java.io.UnsupportedEncodingException: text/xml; charset=utf-8 
2006/02/20 08:33:24 WARN  - jmeter.visualizers.ViewResultsFullVisualizer: Could not decode response java.io.UnsupportedEncodingException: text/xml; charset=utf-8 
2006/02/20 08:33:27 WARN  - jmeter.visualizers.ViewResultsFullVisualizer: Could not decode response java.io.UnsupportedEncodingException: text/xml; charset=utf-8 
2006/02/20 08:33:30 WARN  - jmeter.visualizers.ViewResultsFullVisualizer: Could not decode response java.io.UnsupportedEncodingException: text/xml; charset=utf-8 
2006/02/20 08:33:38 WARN  - jmeter.visualizers.ViewResultsFullVisualizer: Could not decode response java.io.UnsupportedEncodingException: text/xml; charset=utf-8 
2006/02/20 08:33:45 WARN  - jmeter.visualizers.ViewResultsFullVisualizer: Could not decode response java.io.UnsupportedEncodingException: text/xml; charset=utf-8 
2006/02/20 08:33:46 WARN  - jmeter.visualizers.ViewResultsFullVisualizer: Could not decode response java.io.UnsupportedEncodingException: text/xml; charset=utf-8 
2006/02/20 08:33:47 WARN  - jmeter.visualizers.ViewResultsFullVisualizer: Could not decode response java.io.UnsupportedEncodingException: text/xml; charset=utf-8 
2006/02/20 08:35:05 INFO  - jmeter.engine.StandardJMeterEngine: Running the test! 
2006/02/20 08:35:05 INFO  - jmeter.gui.util.JMeterMenuBar: setRunning(true,local) 
2006/02/20 08:35:05 INFO  - jmeter.engine.StandardJMeterEngine: Starting 1 threads for group Check ThreadGroup. Ramp up = 1. 
2006/02/20 08:35:05 INFO  - jmeter.engine.StandardJMeterEngine: Continue on error 
2006/02/20 08:35:05 INFO  - jmeter.threads.JMeterThread: Thread Check ThreadGroup 1-1 started 
2006/02/20 08:35:05 WARN  - jmeter.protocol.http.sampler.HTTPSamplerBase: Existing Manager HTTP Header Manager superseded by HTTP Header Manager 
2006/02/20 08:35:05 WARN  - jmeter.protocol.http.sampler.HTTPSamplerBase: Existing Manager HTTP Header Manager superseded by HTTP Header Manager 
2006/02/20 08:35:05 ERROR - jmeter.protocol.http.sampler.HTTPSampler: readResponse: java.io.IOException: Server returned HTTP response code: 500 for URL: http://localhost:8081/axis/services/Version 
2006/02/20 08:35:05 ERROR - jmeter.protocol.http.sampler.HTTPSampler: readResponse: errorStream:
<?xml version="1.0" encoding="UTF-8"?><soapenv:Envelope xmlns:soapenv="http://schemas.xmlsoap.org/soap/envelope/" xmlns:xsd="http://www.w3.org/2001/XMLSchema" xmlns:xsi="http://www.w3.org/2001/XMLSchema-instance"><soapenv:Body><soapenv:Fault><faultcode xmlns:ns1="http://xml.apache.org/axis/">ns1:Client</faultcode><faultstring>No such operation 'getVersionn'</faultstring><detail><ns2:stackTrace xmlns:ns2="http://xml.apache.org/axis/">No such operation 'getVersionn'
	at org.apache.axis.providers.java.RPCProvider.getOperationDesc(RPCProvider.java:312)
	at org.apache.axis.providers.java.RPCProvider.processMessage(RPCProvider.java:88)
	at org.apache.axis.providers.java.JavaProvider.invoke(JavaProvider.java:323)
	at org.apache.axis.strategies.InvocationStrategy.visit(InvocationStrategy.java:32)
	at org.apache.axis.SimpleChain.doVisiting(SimpleChain.java:118)
	at org.apache.axis.SimpleChain.invoke(SimpleChain.java:83)
	at org.apache.axis.handlers.soap.SOAPService.invoke(SOAPService.jav
	... 
2006/02/20 08:35:05 INFO  - jmeter.threads.JMeterThread: Thread Check ThreadGroup 1-1 is done 
2006/02/20 08:35:05 INFO  - jmeter.engine.StandardJMeterEngine: Ending thread 0 
2006/02/20 08:35:05 INFO  - jmeter.engine.StandardJMeterEngine: Stopping test 
2006/02/20 08:35:05 INFO  - jmeter.engine.StandardJMeterEngine: Notifying test listeners of end of test 
2006/02/20 08:35:05 INFO  - jmeter.gui.util.JMeterMenuBar: setRunning(false,local) 
2006/02/20 08:35:05 INFO  - jmeter.engine.StandardJMeterEngine: Test has ended 
2006/02/20 09:00:22 WARN  - jmeter.visualizers.ViewResultsFullVisualizer: Could not decode response java.io.UnsupportedEncodingException: text/xml; charset=utf-8 
