2020-08-10 15:49:53,354 INFO o.a.j.u.JMeterUtils: Setting Locale to en_EN
2020-08-10 15:49:53,368 INFO o.a.j.JMeter: Loading user properties from: D:\Program Files\apache-jmeter-5.3\bin\user.properties
2020-08-10 15:49:53,368 INFO o.a.j.JMeter: Loading system properties from: D:\Program Files\apache-jmeter-5.3\bin\system.properties
2020-08-10 15:49:53,370 INFO o.a.j.JMeter: Copyright (c) 1998-2020 The Apache Software Foundation
2020-08-10 15:49:53,370 INFO o.a.j.JMeter: Version 5.3
2020-08-10 15:49:53,370 INFO o.a.j.JMeter: java.version=1.8.0_121
2020-08-10 15:49:53,370 INFO o.a.j.JMeter: java.vm.name=Java HotSpot(TM) Client VM
2020-08-10 15:49:53,370 INFO o.a.j.JMeter: os.name=Windows 7
2020-08-10 15:49:53,370 INFO o.a.j.JMeter: os.arch=x86
2020-08-10 15:49:53,370 INFO o.a.j.JMeter: os.version=6.1
2020-08-10 15:49:53,370 INFO o.a.j.JMeter: file.encoding=GBK
2020-08-10 15:49:53,370 INFO o.a.j.JMeter: java.awt.headless=true
2020-08-10 15:49:53,370 INFO o.a.j.JMeter: Max memory     =1073741824
2020-08-10 15:49:53,371 INFO o.a.j.JMeter: Available Processors =4
2020-08-10 15:49:53,375 INFO o.a.j.JMeter: Default Locale=English (EN)
2020-08-10 15:49:53,376 INFO o.a.j.JMeter: JMeter  Locale=English (EN)
2020-08-10 15:49:53,376 INFO o.a.j.JMeter: JMeterHome=D:\Program Files\apache-jmeter-5.3
2020-08-10 15:49:53,376 INFO o.a.j.JMeter: user.dir  =E:\documents\fengziting\jmeter_test
2020-08-10 15:49:53,376 INFO o.a.j.JMeter: PWD       =E:\documents\fengziting\jmeter_test
2020-08-10 15:49:53,377 INFO o.a.j.JMeter: IP: 192.168.28.132 Name: ZLG-20200623SYL FullName: ZLG-20200623SYL.zlgmcu.com
2020-08-10 15:49:53,381 INFO o.a.j.JMeter: Setting property 'jmeter.reportgenerator.outputdir' to:'E:\documents\fengziting\jmeter_test\.\result\resport'
2020-08-10 15:49:53,383 INFO o.a.j.s.FileServer: Default base='E:\documents\fengziting\jmeter_test'
2020-08-10 15:49:53,387 INFO o.a.j.s.FileServer: Set new base='E:\documents\fengziting\jmeter_test'
2020-08-10 15:49:53,528 INFO o.a.j.s.SaveService: Testplan (JMX) version: 2.2. Testlog (JTL) version: 2.2
2020-08-10 15:49:53,543 INFO o.a.j.s.SaveService: Using SaveService properties file encoding UTF-8
2020-08-10 15:49:53,548 INFO o.a.j.s.SaveService: Using SaveService properties version 5.0
2020-08-10 15:49:53,554 INFO o.a.j.s.SaveService: Loading file: test1.xml
2020-08-10 15:49:53,592 INFO o.a.j.p.h.c.CookieManager: Settings: Delete null: true Check: true Allow variable: true Save: false Prefix: COOKIE_
2020-08-10 15:49:53,610 INFO o.a.j.p.h.s.HTTPSamplerBase: Parser for text/html is org.apache.jmeter.protocol.http.parser.LagartoBasedHtmlParser
2020-08-10 15:49:53,610 INFO o.a.j.p.h.s.HTTPSamplerBase: Parser for application/xhtml+xml is org.apache.jmeter.protocol.http.parser.LagartoBasedHtmlParser
2020-08-10 15:49:53,610 INFO o.a.j.p.h.s.HTTPSamplerBase: Parser for application/xml is org.apache.jmeter.protocol.http.parser.LagartoBasedHtmlParser
2020-08-10 15:49:53,610 INFO o.a.j.p.h.s.HTTPSamplerBase: Parser for text/xml is org.apache.jmeter.protocol.http.parser.LagartoBasedHtmlParser
2020-08-10 15:49:53,611 INFO o.a.j.p.h.s.HTTPSamplerBase: Parser for text/vnd.wap.wml is org.apache.jmeter.protocol.http.parser.RegexpHTMLParser
2020-08-10 15:49:53,611 INFO o.a.j.p.h.s.HTTPSamplerBase: Parser for text/css is org.apache.jmeter.protocol.http.parser.CssParser
2020-08-10 15:49:54,064 INFO o.a.j.e.KeyToolUtils: keytool found at 'keytool'
2020-08-10 15:49:54,065 INFO o.a.j.p.h.p.ProxyControl: HTTP(S) Test Script Recorder SSL Proxy will use keys that support embedded 3rd party resources in file D:\Program Files\apache-jmeter-5.3\bin\proxyserver.jks
2020-08-10 15:49:54,110 INFO o.a.j.JMeter: Creating summariser <summary>
2020-08-10 15:49:54,116 INFO o.a.j.r.d.ReportGenerator: ReportGenerator will use for Parsing the separator: ','
2020-08-10 15:49:54,116 INFO o.a.j.r.d.ReportGenerator: Will generate report at end of test from  results file: ./result/test1.jtl
2020-08-10 15:49:54,116 INFO o.a.j.r.d.ReportGenerator: Reading report generator properties from: D:\Program Files\apache-jmeter-5.3\bin\reportgenerator.properties
2020-08-10 15:49:54,117 INFO o.a.j.r.d.ReportGenerator: Merging with JMeter properties
2020-08-10 15:49:54,122 INFO o.a.j.r.c.ReportGeneratorConfiguration: Property 'jmeter.reportgenerator.temp_dir' not found, using default value 'temp' instead.
2020-08-10 15:49:54,125 INFO o.a.j.r.c.ReportGeneratorConfiguration: Property 'jmeter.reportgenerator.apdex_per_transaction' not found, using default value 'null' instead.
2020-08-10 15:49:54,125 INFO o.a.j.r.c.ReportGeneratorConfiguration: apdex_per_transaction is empty, not APDEX per transaction customization
2020-08-10 15:49:54,125 INFO o.a.j.r.c.ReportGeneratorConfiguration: Property 'jmeter.reportgenerator.sample_filter' not found, using default value 'null' instead.
2020-08-10 15:49:54,125 INFO o.a.j.r.c.ReportGeneratorConfiguration: Property 'jmeter.reportgenerator.report_title' not found, using default value 'null' instead.
2020-08-10 15:49:54,125 INFO o.a.j.r.c.ReportGeneratorConfiguration: Property 'jmeter.reportgenerator.start_date' not found, using default value 'null' instead.
2020-08-10 15:49:54,125 INFO o.a.j.r.c.ReportGeneratorConfiguration: Property 'jmeter.reportgenerator.end_date' not found, using default value 'null' instead.
2020-08-10 15:49:54,125 INFO o.a.j.r.c.ReportGeneratorConfiguration: Property 'jmeter.reportgenerator.date_format' not found, using default value 'null' instead.
2020-08-10 15:49:54,125 INFO o.a.j.r.c.ReportGeneratorConfiguration: Will use date range start date: null, end date: null
2020-08-10 15:49:54,130 INFO o.a.j.r.c.ReportGeneratorConfiguration: Property 'jmeter.reportgenerator.graph.totalTPS.exclude_controllers' not found, using default value 'false' instead.
2020-08-10 15:49:54,130 INFO o.a.j.r.c.ReportGeneratorConfiguration: Property 'jmeter.reportgenerator.graph.activeThreadsOverTime.exclude_controllers' not found, using default value 'false' instead.
2020-08-10 15:49:54,130 INFO o.a.j.r.c.ReportGeneratorConfiguration: Property 'jmeter.reportgenerator.graph.timeVsThreads.exclude_controllers' not found, using default value 'false' instead.
2020-08-10 15:49:54,130 INFO o.a.j.r.c.ReportGeneratorConfiguration: Property 'jmeter.reportgenerator.graph.responseTimeDistribution.exclude_controllers' not found, using default value 'false' instead.
2020-08-10 15:49:54,130 INFO o.a.j.r.c.ReportGeneratorConfiguration: Property 'jmeter.reportgenerator.graph.transactionsPerSecond.exclude_controllers' not found, using default value 'false' instead.
2020-08-10 15:49:54,131 INFO o.a.j.r.c.ReportGeneratorConfiguration: Property 'jmeter.reportgenerator.graph.responseTimePercentiles.exclude_controllers' not found, using default value 'false' instead.
2020-08-10 15:49:54,131 INFO o.a.j.r.c.ReportGeneratorConfiguration: Property 'jmeter.reportgenerator.graph.responseTimePercentilesOverTime.exclude_controllers' not found, using default value 'false' instead.
2020-08-10 15:49:54,131 INFO o.a.j.r.c.ReportGeneratorConfiguration: Property 'jmeter.reportgenerator.graph.responseTimesOverTime.exclude_controllers' not found, using default value 'false' instead.
2020-08-10 15:49:54,131 INFO o.a.j.r.c.ReportGeneratorConfiguration: Property 'jmeter.reportgenerator.graph.connectTimeOverTime.exclude_controllers' not found, using default value 'false' instead.
2020-08-10 15:49:54,131 INFO o.a.j.r.c.ReportGeneratorConfiguration: Property 'jmeter.reportgenerator.graph.latenciesOverTime.exclude_controllers' not found, using default value 'false' instead.
2020-08-10 15:49:54,132 INFO o.a.j.r.c.ReportGeneratorConfiguration: Property 'jmeter.reportgenerator.exporter.json.filters_only_sample_series' not found, using default value 'true' instead.
2020-08-10 15:49:54,132 INFO o.a.j.r.c.ReportGeneratorConfiguration: Property 'jmeter.reportgenerator.exporter.json.series_filter' not found, using default value '' instead.
2020-08-10 15:49:54,132 INFO o.a.j.r.c.ReportGeneratorConfiguration: Property 'jmeter.reportgenerator.exporter.json.show_controllers_only' not found, using default value 'false' instead.
2020-08-10 15:49:54,132 INFO o.a.j.r.c.ReportGeneratorConfiguration: Property 'jmeter.reportgenerator.exporter.html.filters_only_sample_series' not found, using default value 'true' instead.
2020-08-10 15:49:54,133 INFO o.a.j.r.c.ReportGeneratorConfiguration: Property 'jmeter.reportgenerator.exporter.html.series_filter' not found, using default value '' instead.
2020-08-10 15:49:54,133 INFO o.a.j.r.c.ReportGeneratorConfiguration: Property 'jmeter.reportgenerator.exporter.html.show_controllers_only' not found, using default value 'false' instead.
2020-08-10 15:49:54,136 INFO o.a.j.e.DistributedRunner: Configuring remote engine: 192.168.28.118
2020-08-10 15:49:54,220 ERROR o.a.j.e.DistributedRunner: Failed to create engine at 192.168.28.118
java.rmi.ConnectIOException: Exception creating connection to: 192.168.28.118; nested exception is: 
	java.io.FileNotFoundException: rmi_keystore.jks (系统找不到指定的文件。)
	at sun.rmi.transport.tcp.TCPEndpoint.newSocket(Unknown Source) ~[?:1.8.0_121]
	at sun.rmi.transport.tcp.TCPChannel.createConnection(Unknown Source) ~[?:1.8.0_121]
	at sun.rmi.transport.tcp.TCPChannel.newConnection(Unknown Source) ~[?:1.8.0_121]
	at sun.rmi.server.UnicastRef.newCall(Unknown Source) ~[?:1.8.0_121]
	at sun.rmi.registry.RegistryImpl_Stub.lookup(Unknown Source) ~[?:1.8.0_121]
	at org.apache.jmeter.engine.ClientJMeterEngine.getEngine(ClientJMeterEngine.java:71) ~[ApacheJMeter_core.jar:5.3]
	at org.apache.jmeter.engine.ClientJMeterEngine.<init>(ClientJMeterEngine.java:84) ~[ApacheJMeter_core.jar:5.3]
	at org.apache.jmeter.engine.DistributedRunner.createEngine(DistributedRunner.java:243) ~[ApacheJMeter_core.jar:5.3]
	at org.apache.jmeter.engine.DistributedRunner.getClientEngine(DistributedRunner.java:220) [ApacheJMeter_core.jar:5.3]
	at org.apache.jmeter.engine.DistributedRunner.init(DistributedRunner.java:93) [ApacheJMeter_core.jar:5.3]
	at org.apache.jmeter.JMeter.runNonGui(JMeter.java:1093) [ApacheJMeter_core.jar:5.3]
	at org.apache.jmeter.JMeter.startNonGui(JMeter.java:994) [ApacheJMeter_core.jar:5.3]
	at org.apache.jmeter.JMeter.start(JMeter.java:566) [ApacheJMeter_core.jar:5.3]
	at sun.reflect.NativeMethodAccessorImpl.invoke0(Native Method) ~[?:1.8.0_121]
	at sun.reflect.NativeMethodAccessorImpl.invoke(Unknown Source) ~[?:1.8.0_121]
	at sun.reflect.DelegatingMethodAccessorImpl.invoke(Unknown Source) ~[?:1.8.0_121]
	at java.lang.reflect.Method.invoke(Unknown Source) ~[?:1.8.0_121]
	at org.apache.jmeter.NewDriver.main(NewDriver.java:252) [ApacheJMeter.jar:5.3]
Caused by: java.io.FileNotFoundException: rmi_keystore.jks (系统找不到指定的文件。)
	at java.io.FileInputStream.open0(Native Method) ~[?:1.8.0_121]
	at java.io.FileInputStream.open(Unknown Source) ~[?:1.8.0_121]
	at java.io.FileInputStream.<init>(Unknown Source) ~[?:1.8.0_121]
	at java.io.FileInputStream.<init>(Unknown Source) ~[?:1.8.0_121]
	at org.apache.jmeter.rmi.SSLRMIClientSocketFactory.loadStore(SSLRMIClientSocketFactory.java:124) ~[ApacheJMeter_core.jar:5.3]
	at org.apache.jmeter.rmi.SSLRMIClientSocketFactory.createSocket(SSLRMIClientSocketFactory.java:82) ~[ApacheJMeter_core.jar:5.3]
	... 18 more
2020-08-10 15:49:54,226 ERROR o.a.j.u.JMeterUtils: Exception creating connection to: 192.168.28.118; nested exception is: 
	java.io.FileNotFoundException: rmi_keystore.jks (系统找不到指定的文件。)
2020-08-10 15:49:54,228 INFO o.a.j.e.DistributedRunner: Failed to configure 192.168.28.118
2020-08-10 15:49:54,228 INFO o.a.j.e.DistributedRunner: Stopping remote engines
2020-08-10 15:49:54,229 INFO o.a.j.e.DistributedRunner: Remote engines have been stopped
2020-08-10 15:49:54,233 ERROR o.a.j.JMeter: Error in NonGUIDriver
java.lang.RuntimeException: Following remote engines could not be configured:[192.168.28.118]
	at org.apache.jmeter.engine.DistributedRunner.init(DistributedRunner.java:112) ~[ApacheJMeter_core.jar:5.3]
	at org.apache.jmeter.JMeter.runNonGui(JMeter.java:1093) [ApacheJMeter_core.jar:5.3]
	at org.apache.jmeter.JMeter.startNonGui(JMeter.java:994) [ApacheJMeter_core.jar:5.3]
	at org.apache.jmeter.JMeter.start(JMeter.java:566) [ApacheJMeter_core.jar:5.3]
	at sun.reflect.NativeMethodAccessorImpl.invoke0(Native Method) ~[?:1.8.0_121]
	at sun.reflect.NativeMethodAccessorImpl.invoke(Unknown Source) ~[?:1.8.0_121]
	at sun.reflect.DelegatingMethodAccessorImpl.invoke(Unknown Source) ~[?:1.8.0_121]
	at java.lang.reflect.Method.invoke(Unknown Source) ~[?:1.8.0_121]
	at org.apache.jmeter.NewDriver.main(NewDriver.java:252) [ApacheJMeter.jar:5.3]
2020-08-10 15:49:54,234 ERROR o.a.j.JMeter: An error occurred: 
org.apache.jmeter.report.config.ConfigurationException: Error in NonGUIDriver Following remote engines could not be configured:[192.168.28.118]
	at org.apache.jmeter.JMeter.runNonGui(JMeter.java:1104) ~[ApacheJMeter_core.jar:5.3]
	at org.apache.jmeter.JMeter.startNonGui(JMeter.java:994) ~[ApacheJMeter_core.jar:5.3]
	at org.apache.jmeter.JMeter.start(JMeter.java:566) [ApacheJMeter_core.jar:5.3]
	at sun.reflect.NativeMethodAccessorImpl.invoke0(Native Method) ~[?:1.8.0_121]
	at sun.reflect.NativeMethodAccessorImpl.invoke(Unknown Source) ~[?:1.8.0_121]
	at sun.reflect.DelegatingMethodAccessorImpl.invoke(Unknown Source) ~[?:1.8.0_121]
	at java.lang.reflect.Method.invoke(Unknown Source) ~[?:1.8.0_121]
	at org.apache.jmeter.NewDriver.main(NewDriver.java:252) [ApacheJMeter.jar:5.3]
Caused by: java.lang.RuntimeException: Following remote engines could not be configured:[192.168.28.118]
	at org.apache.jmeter.engine.DistributedRunner.init(DistributedRunner.java:112) ~[ApacheJMeter_core.jar:5.3]
	at org.apache.jmeter.JMeter.runNonGui(JMeter.java:1093) ~[ApacheJMeter_core.jar:5.3]
	... 7 more
