2011/10/02 00:32:18 INFO  - jmeter.util.JMeterUtils: Setting Locale to en_EN 
2011/10/02 00:32:18 INFO  - jmeter.JMeter: Loading user properties from: /data/decathlon/workspace/jmeter/bin/user.properties 
2011/10/02 00:32:18 INFO  - jmeter.JMeter: Loading system properties from: /data/decathlon/workspace/jmeter/bin/system.properties 
2011/10/02 00:32:18 INFO  - jmeter.JMeter: Copyright (c) 1998-2011 The Apache Software Foundation 
2011/10/02 00:32:18 INFO  - jmeter.JMeter: Version 2.5.1.20111001 
2011/10/02 00:32:18 INFO  - jmeter.JMeter: java.version=1.6.0_26 
2011/10/02 00:32:18 INFO  - jmeter.JMeter: java.vm.name=Java HotSpot(TM) 64-Bit Server VM 
2011/10/02 00:32:18 INFO  - jmeter.JMeter: os.name=Mac OS X 
2011/10/02 00:32:18 INFO  - jmeter.JMeter: os.arch=x86_64 
2011/10/02 00:32:18 INFO  - jmeter.JMeter: os.version=10.6.8 
2011/10/02 00:32:18 INFO  - jmeter.JMeter: file.encoding=UTF-8 
2011/10/02 00:32:18 INFO  - jmeter.JMeter: Default Locale=English (EN) 
2011/10/02 00:32:18 INFO  - jmeter.JMeter: JMeter  Locale=English (EN) 
2011/10/02 00:32:18 INFO  - jmeter.JMeter: JMeterHome=/data/decathlon/workspace/jmeter 
2011/10/02 00:32:18 INFO  - jmeter.JMeter: user.dir  =/data/decathlon/workspace/jmeter/bin 
2011/10/02 00:32:18 INFO  - jmeter.JMeter: PWD       =/data/decathlon/workspace/jmeter/bin 
2011/10/02 00:32:18 INFO  - jmeter.JMeter: IP: 192.168.0.14 Name: MBP-PMD.local FullName: 192.168.0.14 
2011/10/02 00:32:18 INFO  - jmeter.services.FileServer: Default base='/data/decathlon/workspace/jmeter/bin' 
2011/10/02 00:32:18 INFO  - jmeter.services.FileServer: Set new base '/data/jmeter/BUG_51869' 
2011/10/02 00:32:18 INFO  - jmeter.JMeter: Loading file: /data/jmeter/BUG_51869/Use.Include.jmx 
2011/10/02 00:32:18 INFO  - jmeter.save.SaveService: Testplan (JMX) version: 2.2. Testlog (JTL) version: 2.2 
2011/10/02 00:32:18 INFO  - jmeter.save.SaveService: Using SaveService properties file encoding UTF-8 
2011/10/02 00:32:18 INFO  - jmeter.save.SaveService: Using SaveService properties file version 1050447 
2011/10/02 00:32:18 INFO  - jmeter.save.SaveService: Using SaveService properties version 2.1 
2011/10/02 00:32:18 INFO  - jmeter.save.SaveService: All converter versions present and correct 
2011/10/02 00:32:19 INFO  - jmeter.control.IncludeController: loadIncludedElements -- try to load included module: /data/decathlon/workspace/jmeter/bin/Test.Fragment.jmx 
2011/10/02 00:32:19 INFO  - jmeter.control.IncludeController: loadIncludedElements -failed for: /data/decathlon/workspace/jmeter/bin/Test.Fragment.jmx 
2011/10/02 00:32:19 INFO  - jmeter.control.IncludeController: loadIncludedElements -Attempting to read it from: /data/decathlon/workspace/jmeter/bin/Test.Fragment.jmx 
2011/10/02 00:32:19 INFO  - jmeter.protocol.http.sampler.HTTPSamplerBase: Cannot find .className property for htmlParser, using default 
2011/10/02 00:32:19 INFO  - jmeter.protocol.http.sampler.HTTPSamplerBase: Parser for text/html is  
2011/10/02 00:32:19 INFO  - jmeter.protocol.http.sampler.HTTPSamplerBase: Parser for application/xhtml+xml is  
2011/10/02 00:32:19 INFO  - jmeter.protocol.http.sampler.HTTPSamplerBase: Parser for application/xml is  
2011/10/02 00:32:19 INFO  - jmeter.protocol.http.sampler.HTTPSamplerBase: Parser for text/xml is  
2011/10/02 00:32:19 INFO  - jmeter.protocol.http.sampler.HTTPSamplerBase: Parser for text/vnd.wap.wml is org.apache.jmeter.protocol.http.parser.RegexpHTMLParser 
2011/10/02 00:32:19 INFO  - jmeter.protocol.http.sampler.HTTPSamplerBase: Reuse SSL session context on subsequent iterations: false 
2011/10/02 00:32:19 INFO  - jmeter.control.IncludeController: loadIncludedElements -- try to load included module: /data/decathlon/workspace/jmeter/bin/Test.Fragment.jmx 
2011/10/02 00:32:19 INFO  - jmeter.control.IncludeController: loadIncludedElements -failed for: /data/decathlon/workspace/jmeter/bin/Test.Fragment.jmx 
2011/10/02 00:32:19 INFO  - jmeter.control.IncludeController: loadIncludedElements -Attempting to read it from: /data/decathlon/workspace/jmeter/bin/Test.Fragment.jmx 
2011/10/02 00:32:19 INFO  - jmeter.control.IncludeController: loadIncludedElements -- try to load included module: /data/decathlon/workspace/jmeter/bin/Test.Fragment.jmx 
2011/10/02 00:32:19 INFO  - jmeter.control.IncludeController: loadIncludedElements -failed for: /data/decathlon/workspace/jmeter/bin/Test.Fragment.jmx 
2011/10/02 00:32:19 INFO  - jmeter.control.IncludeController: loadIncludedElements -Attempting to read it from: /data/decathlon/workspace/jmeter/bin/Test.Fragment.jmx 
2011/10/02 00:32:19 INFO  - jmeter.control.IncludeController: loadIncludedElements -- try to load included module: /data/decathlon/workspace/jmeter/bin/Test.Fragment.jmx 
2011/10/02 00:32:19 INFO  - jmeter.control.IncludeController: loadIncludedElements -failed for: /data/decathlon/workspace/jmeter/bin/Test.Fragment.jmx 
2011/10/02 00:32:19 INFO  - jmeter.control.IncludeController: loadIncludedElements -Attempting to read it from: /data/decathlon/workspace/jmeter/bin/Test.Fragment.jmx 
2011/10/02 00:32:19 INFO  - jmeter.engine.StandardJMeterEngine: Listeners will be started after enabling running version 
2011/10/02 00:32:19 INFO  - jmeter.engine.StandardJMeterEngine: To revert to the earlier behaviour, define jmeterengine.startlistenerslater=false 
2011/10/02 00:32:19 INFO  - jmeter.engine.StandardJMeterEngine: Running the test! 
2011/10/02 00:36:46 ERROR - jmeter.JMeter: Uncaught exception:  java.lang.NullPointerException
	at org.apache.jorphan.collections.HashTree.traverseInto(HashTree.java:987)
	at org.apache.jorphan.collections.HashTree.traverseInto(HashTree.java:987)
	at org.apache.jorphan.collections.HashTree.traverse(HashTree.java:969)
	at org.apache.jmeter.engine.StandardJMeterEngine.run(StandardJMeterEngine.java:315)
	at java.lang.Thread.run(Thread.java:680)

