2020-05-12 15:48:16,731 INFO o.a.j.u.JMeterUtils: Setting Locale to en_EN
2020-05-12 15:48:16,745 INFO o.a.j.JMeter: Loading user properties from: user.properties
2020-05-12 15:48:16,745 INFO o.a.j.JMeter: Loading system properties from: system.properties
2020-05-12 15:48:16,746 INFO o.a.j.JMeter: Copyright (c) 1998-2019 The Apache Software Foundation
2020-05-12 15:48:16,746 INFO o.a.j.JMeter: Version 5.2.1
2020-05-12 15:48:16,746 INFO o.a.j.JMeter: java.version=11.0.6.0.2
2020-05-12 15:48:16,746 INFO o.a.j.JMeter: java.vm.name=Java HotSpot(TM) 64-Bit Server VM
2020-05-12 15:48:16,747 INFO o.a.j.JMeter: os.name=Windows 10
2020-05-12 15:48:16,747 INFO o.a.j.JMeter: os.arch=amd64
2020-05-12 15:48:16,747 INFO o.a.j.JMeter: os.version=10.0
2020-05-12 15:48:16,747 INFO o.a.j.JMeter: file.encoding=GBK
2020-05-12 15:48:16,747 INFO o.a.j.JMeter: java.awt.headless=true
2020-05-12 15:48:16,747 INFO o.a.j.JMeter: Max memory     =1073741824
2020-05-12 15:48:16,747 INFO o.a.j.JMeter: Available Processors =6
2020-05-12 15:48:16,752 INFO o.a.j.JMeter: Default Locale=English (EN)
2020-05-12 15:48:16,752 INFO o.a.j.JMeter: JMeter  Locale=English (EN)
2020-05-12 15:48:16,752 INFO o.a.j.JMeter: JMeterHome=F:\apache-jmeter-5.2.1
2020-05-12 15:48:16,752 INFO o.a.j.JMeter: user.dir  =F:\apache-jmeter-5.2.1\bin
2020-05-12 15:48:16,752 INFO o.a.j.JMeter: PWD       =F:\apache-jmeter-5.2.1\bin
2020-05-12 15:48:16,754 INFO o.a.j.JMeter: IP: 10.101.22.54 Name: tcn1010365 FullName: tcn1010365.tcent.cn
2020-05-12 15:48:16,757 INFO o.a.j.s.FileServer: Default base='F:\apache-jmeter-5.2.1\bin'
2020-05-12 15:48:16,758 INFO o.a.j.s.FileServer: Set new base='D:\MyConfiguration\lxp10365\Desktop'
2020-05-12 15:48:16,848 INFO o.a.j.s.SaveService: Testplan (JMX) version: 2.2. Testlog (JTL) version: 2.2
2020-05-12 15:48:16,856 INFO o.a.j.s.SaveService: Using SaveService properties version 5.0
2020-05-12 15:48:16,858 INFO o.a.j.s.SaveService: Using SaveService properties file encoding UTF-8
2020-05-12 15:48:16,861 INFO o.a.j.s.SaveService: Loading file: D:\MyConfiguration\lxp10365\Desktop\Debug.jmx
2020-05-12 15:48:16,899 INFO o.a.j.JMeter: Creating summariser <summary>
2020-05-12 15:48:16,902 INFO o.a.j.e.DistributedRunner: Configuring remote engine: 10.100.159.156
2020-05-12 15:48:17,735 INFO o.a.j.e.DistributedRunner: Starting distributed test with remote engines: [10.100.159.156] @ Tue May 12 15:48:17 CST 2020 (1589269697733)
2020-05-12 15:48:17,735 INFO o.a.j.e.ClientJMeterEngine: running clientengine run method
2020-05-12 15:48:17,739 INFO o.a.j.e.u.CompoundVariable: Note: Function class names must contain the string: '.functions.'
2020-05-12 15:48:17,739 INFO o.a.j.e.u.CompoundVariable: Note: Function class names must not contain the string: '.gui.'
2020-05-12 15:48:17,912 INFO o.a.j.r.RmiUtils: System property 'java.rmi.server.hostname' is not defined, using localHost address
2020-05-12 15:48:17,912 INFO o.a.j.r.RmiUtils: Local IP address=10.101.22.54
2020-05-12 15:48:17,914 INFO o.a.j.s.SampleEvent: List of sample_variables: []
2020-05-12 15:48:18,055 INFO o.a.j.r.SSLRMIServerSocketFactory: Created SSLSocket: [SSL: ServerSocket[addr=tcn1010365/10.101.22.54,localport=2098]]
2020-05-12 15:48:18,063 INFO o.a.j.s.BatchSampleSender: Using batching (client settings) for this run. Thresholds: num=100, time=60000
2020-05-12 15:48:18,063 INFO o.a.j.s.DataStrippingSampleSender: Using DataStrippingSampleSender for this run
2020-05-12 15:48:18,063 INFO o.a.j.r.RmiUtils: System property 'java.rmi.server.hostname' is not defined, using localHost address
2020-05-12 15:48:18,063 INFO o.a.j.r.RmiUtils: Local IP address=10.101.22.54
2020-05-12 15:48:18,204 ERROR o.a.j.e.ConvertListeners: RemoteException occurred while replacing Remotable item.
java.rmi.server.ExportException: Listen failed on port: 2098; nested exception is: 
	java.io.IOException: Could not bind to tcn1010365/10.101.22.54 using port 2098
	at sun.rmi.transport.tcp.TCPTransport.listen(TCPTransport.java:337) ~[?:?]
	at sun.rmi.transport.tcp.TCPTransport.exportObject(TCPTransport.java:243) ~[?:?]
	at sun.rmi.transport.tcp.TCPEndpoint.exportObject(TCPEndpoint.java:412) ~[?:?]
	at sun.rmi.transport.LiveRef.exportObject(LiveRef.java:147) ~[?:?]
	at sun.rmi.server.UnicastServerRef.exportObject(UnicastServerRef.java:234) ~[?:?]
	at java.rmi.server.UnicastRemoteObject.exportObject(UnicastRemoteObject.java:470) ~[?:?]
	at java.rmi.server.UnicastRemoteObject.exportObject(UnicastRemoteObject.java:381) ~[?:?]
	at java.rmi.server.UnicastRemoteObject.<init>(UnicastRemoteObject.java:260) ~[?:?]
	at org.apache.jmeter.samplers.RemoteSampleListenerImpl.<init>(RemoteSampleListenerImpl.java:44) ~[ApacheJMeter_core.jar:5.2.1]
	at org.apache.jmeter.engine.ConvertListeners.addNode(ConvertListeners.java:78) [ApacheJMeter_core.jar:5.2.1]
	at org.apache.jorphan.collections.HashTree.traverse(HashTree.java:976) [jorphan.jar:5.2.1]
	at org.apache.jmeter.engine.ClientJMeterEngine.runTest(ClientJMeterEngine.java:137) [ApacheJMeter_core.jar:5.2.1]
	at org.apache.jmeter.engine.DistributedRunner.start(DistributedRunner.java:135) [ApacheJMeter_core.jar:5.2.1]
	at org.apache.jmeter.engine.DistributedRunner.start(DistributedRunner.java:157) [ApacheJMeter_core.jar:5.2.1]
	at org.apache.jmeter.JMeter.runNonGui(JMeter.java:1094) [ApacheJMeter_core.jar:5.2.1]
	at org.apache.jmeter.JMeter.startNonGui(JMeter.java:992) [ApacheJMeter_core.jar:5.2.1]
	at org.apache.jmeter.JMeter.start(JMeter.java:564) [ApacheJMeter_core.jar:5.2.1]
	at jdk.internal.reflect.NativeMethodAccessorImpl.invoke0(Native Method) ~[?:?]
	at jdk.internal.reflect.NativeMethodAccessorImpl.invoke(NativeMethodAccessorImpl.java:62) ~[?:?]
	at jdk.internal.reflect.DelegatingMethodAccessorImpl.invoke(DelegatingMethodAccessorImpl.java:43) ~[?:?]
	at java.lang.reflect.Method.invoke(Method.java:566) ~[?:?]
	at org.apache.jmeter.NewDriver.main(NewDriver.java:253) [ApacheJMeter.jar:5.2.1]
Caused by: java.io.IOException: Could not bind to tcn1010365/10.101.22.54 using port 2098
	at org.apache.jmeter.rmi.SSLRMIServerSocketFactory.createServerSocket(SSLRMIServerSocketFactory.java:139) ~[ApacheJMeter_core.jar:5.2.1]
	at sun.rmi.transport.tcp.TCPEndpoint.newServerSocket(TCPEndpoint.java:670) ~[?:?]
	at sun.rmi.transport.tcp.TCPTransport.listen(TCPTransport.java:324) ~[?:?]
	... 21 more
Caused by: java.net.BindException: Address already in use: NET_Bind
	at java.net.PlainSocketImpl.bind0(Native Method) ~[?:?]
	at java.net.PlainSocketImpl.socketBind(PlainSocketImpl.java:132) ~[?:?]
	at java.net.AbstractPlainSocketImpl.bind(AbstractPlainSocketImpl.java:436) ~[?:?]
	at java.net.ServerSocket.bind(ServerSocket.java:381) ~[?:?]
	at java.net.ServerSocket.<init>(ServerSocket.java:243) ~[?:?]
	at javax.net.ssl.SSLServerSocket.<init>(SSLServerSocket.java:181) ~[?:?]
	at sun.security.ssl.SSLServerSocketImpl.<init>(SSLServerSocketImpl.java:80) ~[?:?]
	at sun.security.ssl.SSLServerSocketFactoryImpl.createServerSocket(SSLServerSocketFactoryImpl.java:87) ~[?:?]
	at org.apache.jmeter.rmi.SSLRMIServerSocketFactory.createServerSocket(SSLRMIServerSocketFactory.java:137) ~[ApacheJMeter_core.jar:5.2.1]
	at sun.rmi.transport.tcp.TCPEndpoint.newServerSocket(TCPEndpoint.java:670) ~[?:?]
	at sun.rmi.transport.tcp.TCPTransport.listen(TCPTransport.java:324) ~[?:?]
	... 21 more
2020-05-12 15:48:18,209 INFO o.a.j.r.RmiUtils: System property 'java.rmi.server.hostname' is not defined, using localHost address
2020-05-12 15:48:18,209 INFO o.a.j.r.RmiUtils: Local IP address=10.101.22.54
2020-05-12 15:48:18,348 INFO o.a.j.r.SSLRMIServerSocketFactory: Created SSLSocket: [SSL: ServerSocket[addr=tcn1010365/10.101.22.54,localport=2097]]
2020-05-12 15:48:18,603 INFO o.a.j.r.RmiUtils: System property 'java.rmi.server.hostname' is not defined, using localHost address
2020-05-12 15:48:18,603 INFO o.a.j.r.RmiUtils: Local IP address=10.101.22.54
2020-05-12 15:48:18,743 ERROR o.a.j.e.ConvertListeners: RemoteException occurred while replacing Remotable item.
java.rmi.server.ExportException: Listen failed on port: 2098; nested exception is: 
	java.io.IOException: Could not bind to tcn1010365/10.101.22.54 using port 2098
	at sun.rmi.transport.tcp.TCPTransport.listen(TCPTransport.java:337) ~[?:?]
	at sun.rmi.transport.tcp.TCPTransport.exportObject(TCPTransport.java:243) ~[?:?]
	at sun.rmi.transport.tcp.TCPEndpoint.exportObject(TCPEndpoint.java:412) ~[?:?]
	at sun.rmi.transport.LiveRef.exportObject(LiveRef.java:147) ~[?:?]
	at sun.rmi.server.UnicastServerRef.exportObject(UnicastServerRef.java:234) ~[?:?]
	at java.rmi.server.UnicastRemoteObject.exportObject(UnicastRemoteObject.java:470) ~[?:?]
	at java.rmi.server.UnicastRemoteObject.exportObject(UnicastRemoteObject.java:381) ~[?:?]
	at java.rmi.server.UnicastRemoteObject.<init>(UnicastRemoteObject.java:260) ~[?:?]
	at org.apache.jmeter.samplers.RemoteSampleListenerImpl.<init>(RemoteSampleListenerImpl.java:44) ~[ApacheJMeter_core.jar:5.2.1]
	at org.apache.jmeter.engine.ConvertListeners.addNode(ConvertListeners.java:78) [ApacheJMeter_core.jar:5.2.1]
	at org.apache.jorphan.collections.HashTree.traverse(HashTree.java:976) [jorphan.jar:5.2.1]
	at org.apache.jmeter.engine.ClientJMeterEngine.runTest(ClientJMeterEngine.java:137) [ApacheJMeter_core.jar:5.2.1]
	at org.apache.jmeter.engine.DistributedRunner.start(DistributedRunner.java:135) [ApacheJMeter_core.jar:5.2.1]
	at org.apache.jmeter.engine.DistributedRunner.start(DistributedRunner.java:157) [ApacheJMeter_core.jar:5.2.1]
	at org.apache.jmeter.JMeter.runNonGui(JMeter.java:1094) [ApacheJMeter_core.jar:5.2.1]
	at org.apache.jmeter.JMeter.startNonGui(JMeter.java:992) [ApacheJMeter_core.jar:5.2.1]
	at org.apache.jmeter.JMeter.start(JMeter.java:564) [ApacheJMeter_core.jar:5.2.1]
	at jdk.internal.reflect.NativeMethodAccessorImpl.invoke0(Native Method) ~[?:?]
	at jdk.internal.reflect.NativeMethodAccessorImpl.invoke(NativeMethodAccessorImpl.java:62) ~[?:?]
	at jdk.internal.reflect.DelegatingMethodAccessorImpl.invoke(DelegatingMethodAccessorImpl.java:43) ~[?:?]
	at java.lang.reflect.Method.invoke(Method.java:566) ~[?:?]
	at org.apache.jmeter.NewDriver.main(NewDriver.java:253) [ApacheJMeter.jar:5.2.1]
Caused by: java.io.IOException: Could not bind to tcn1010365/10.101.22.54 using port 2098
	at org.apache.jmeter.rmi.SSLRMIServerSocketFactory.createServerSocket(SSLRMIServerSocketFactory.java:139) ~[ApacheJMeter_core.jar:5.2.1]
	at sun.rmi.transport.tcp.TCPEndpoint.newServerSocket(TCPEndpoint.java:670) ~[?:?]
	at sun.rmi.transport.tcp.TCPTransport.listen(TCPTransport.java:324) ~[?:?]
	... 21 more
Caused by: java.net.BindException: Address already in use: NET_Bind
	at java.net.PlainSocketImpl.bind0(Native Method) ~[?:?]
	at java.net.PlainSocketImpl.socketBind(PlainSocketImpl.java:132) ~[?:?]
	at java.net.AbstractPlainSocketImpl.bind(AbstractPlainSocketImpl.java:436) ~[?:?]
	at java.net.ServerSocket.bind(ServerSocket.java:381) ~[?:?]
	at java.net.ServerSocket.<init>(ServerSocket.java:243) ~[?:?]
	at javax.net.ssl.SSLServerSocket.<init>(SSLServerSocket.java:181) ~[?:?]
	at sun.security.ssl.SSLServerSocketImpl.<init>(SSLServerSocketImpl.java:80) ~[?:?]
	at sun.security.ssl.SSLServerSocketFactoryImpl.createServerSocket(SSLServerSocketFactoryImpl.java:87) ~[?:?]
	at org.apache.jmeter.rmi.SSLRMIServerSocketFactory.createServerSocket(SSLRMIServerSocketFactory.java:137) ~[ApacheJMeter_core.jar:5.2.1]
	at sun.rmi.transport.tcp.TCPEndpoint.newServerSocket(TCPEndpoint.java:670) ~[?:?]
	at sun.rmi.transport.tcp.TCPTransport.listen(TCPTransport.java:324) ~[?:?]
	... 21 more
2020-05-12 15:48:18,764 ERROR o.a.j.e.ClientJMeterEngine: Error in rconfigure() method
java.rmi.MarshalException: error marshalling arguments; nested exception is: 
	java.io.NotSerializableException: org.apache.jmeter.JMeter$ListenToTest
	at sun.rmi.server.UnicastRef.invoke(UnicastRef.java:160) ~[?:?]
	at java.rmi.server.RemoteObjectInvocationHandler.invokeRemoteMethod(RemoteObjectInvocationHandler.java:217) ~[?:?]
	at java.rmi.server.RemoteObjectInvocationHandler.invoke(RemoteObjectInvocationHandler.java:162) ~[?:?]
	at com.sun.proxy.$Proxy20.rconfigure(Unknown Source) ~[?:?]
	at org.apache.jmeter.engine.ClientJMeterEngine.runTest(ClientJMeterEngine.java:153) [ApacheJMeter_core.jar:5.2.1]
	at org.apache.jmeter.engine.DistributedRunner.start(DistributedRunner.java:135) [ApacheJMeter_core.jar:5.2.1]
	at org.apache.jmeter.engine.DistributedRunner.start(DistributedRunner.java:157) [ApacheJMeter_core.jar:5.2.1]
	at org.apache.jmeter.JMeter.runNonGui(JMeter.java:1094) [ApacheJMeter_core.jar:5.2.1]
	at org.apache.jmeter.JMeter.startNonGui(JMeter.java:992) [ApacheJMeter_core.jar:5.2.1]
	at org.apache.jmeter.JMeter.start(JMeter.java:564) [ApacheJMeter_core.jar:5.2.1]
	at jdk.internal.reflect.NativeMethodAccessorImpl.invoke0(Native Method) ~[?:?]
	at jdk.internal.reflect.NativeMethodAccessorImpl.invoke(NativeMethodAccessorImpl.java:62) ~[?:?]
	at jdk.internal.reflect.DelegatingMethodAccessorImpl.invoke(DelegatingMethodAccessorImpl.java:43) ~[?:?]
	at java.lang.reflect.Method.invoke(Method.java:566) ~[?:?]
	at org.apache.jmeter.NewDriver.main(NewDriver.java:253) [ApacheJMeter.jar:5.2.1]
Caused by: java.io.NotSerializableException: org.apache.jmeter.JMeter$ListenToTest
	at java.io.ObjectOutputStream.writeObject0(ObjectOutputStream.java:1185) ~[?:?]
	at java.io.ObjectOutputStream.writeObject(ObjectOutputStream.java:349) ~[?:?]
	at java.util.HashMap.internalWriteEntries(HashMap.java:1839) ~[?:?]
	at java.util.HashMap.writeObject(HashMap.java:1411) ~[?:?]
	at jdk.internal.reflect.NativeMethodAccessorImpl.invoke0(Native Method) ~[?:?]
	at jdk.internal.reflect.NativeMethodAccessorImpl.invoke(NativeMethodAccessorImpl.java:62) ~[?:?]
	at jdk.internal.reflect.DelegatingMethodAccessorImpl.invoke(DelegatingMethodAccessorImpl.java:43) ~[?:?]
	at java.lang.reflect.Method.invoke(Method.java:566) ~[?:?]
	at java.io.ObjectStreamClass.invokeWriteObject(ObjectStreamClass.java:1130) ~[?:?]
	at java.io.ObjectOutputStream.writeSerialData(ObjectOutputStream.java:1497) ~[?:?]
	at java.io.ObjectOutputStream.writeOrdinaryObject(ObjectOutputStream.java:1433) ~[?:?]
	at java.io.ObjectOutputStream.writeObject0(ObjectOutputStream.java:1179) ~[?:?]
	at java.io.ObjectOutputStream.defaultWriteFields(ObjectOutputStream.java:1553) ~[?:?]
	at java.io.ObjectOutputStream.defaultWriteObject(ObjectOutputStream.java:442) ~[?:?]
	at org.apache.jorphan.collections.HashTree.writeObject(HashTree.java:952) ~[jorphan.jar:5.2.1]
	at jdk.internal.reflect.NativeMethodAccessorImpl.invoke0(Native Method) ~[?:?]
	at jdk.internal.reflect.NativeMethodAccessorImpl.invoke(NativeMethodAccessorImpl.java:62) ~[?:?]
	at jdk.internal.reflect.DelegatingMethodAccessorImpl.invoke(DelegatingMethodAccessorImpl.java:43) ~[?:?]
	at java.lang.reflect.Method.invoke(Method.java:566) ~[?:?]
	at java.io.ObjectStreamClass.invokeWriteObject(ObjectStreamClass.java:1130) ~[?:?]
	at java.io.ObjectOutputStream.writeSerialData(ObjectOutputStream.java:1497) ~[?:?]
	at java.io.ObjectOutputStream.writeOrdinaryObject(ObjectOutputStream.java:1433) ~[?:?]
	at java.io.ObjectOutputStream.writeObject0(ObjectOutputStream.java:1179) ~[?:?]
	at java.io.ObjectOutputStream.writeObject(ObjectOutputStream.java:349) ~[?:?]
	at java.util.HashMap.internalWriteEntries(HashMap.java:1840) ~[?:?]
	at java.util.HashMap.writeObject(HashMap.java:1411) ~[?:?]
	at jdk.internal.reflect.NativeMethodAccessorImpl.invoke0(Native Method) ~[?:?]
	at jdk.internal.reflect.NativeMethodAccessorImpl.invoke(NativeMethodAccessorImpl.java:62) ~[?:?]
	at jdk.internal.reflect.DelegatingMethodAccessorImpl.invoke(DelegatingMethodAccessorImpl.java:43) ~[?:?]
	at java.lang.reflect.Method.invoke(Method.java:566) ~[?:?]
	at java.io.ObjectStreamClass.invokeWriteObject(ObjectStreamClass.java:1130) ~[?:?]
	at java.io.ObjectOutputStream.writeSerialData(ObjectOutputStream.java:1497) ~[?:?]
	at java.io.ObjectOutputStream.writeOrdinaryObject(ObjectOutputStream.java:1433) ~[?:?]
	at java.io.ObjectOutputStream.writeObject0(ObjectOutputStream.java:1179) ~[?:?]
	at java.io.ObjectOutputStream.defaultWriteFields(ObjectOutputStream.java:1553) ~[?:?]
	at java.io.ObjectOutputStream.defaultWriteObject(ObjectOutputStream.java:442) ~[?:?]
	at org.apache.jorphan.collections.HashTree.writeObject(HashTree.java:952) ~[jorphan.jar:5.2.1]
	at jdk.internal.reflect.NativeMethodAccessorImpl.invoke0(Native Method) ~[?:?]
	at jdk.internal.reflect.NativeMethodAccessorImpl.invoke(NativeMethodAccessorImpl.java:62) ~[?:?]
	at jdk.internal.reflect.DelegatingMethodAccessorImpl.invoke(DelegatingMethodAccessorImpl.java:43) ~[?:?]
	at java.lang.reflect.Method.invoke(Method.java:566) ~[?:?]
	at java.io.ObjectStreamClass.invokeWriteObject(ObjectStreamClass.java:1130) ~[?:?]
	at java.io.ObjectOutputStream.writeSerialData(ObjectOutputStream.java:1497) ~[?:?]
	at java.io.ObjectOutputStream.writeOrdinaryObject(ObjectOutputStream.java:1433) ~[?:?]
	at java.io.ObjectOutputStream.writeObject0(ObjectOutputStream.java:1179) ~[?:?]
	at java.io.ObjectOutputStream.writeObject(ObjectOutputStream.java:349) ~[?:?]
	at sun.rmi.server.UnicastRef.marshalValue(UnicastRef.java:293) ~[?:?]
	at sun.rmi.server.UnicastRef.invoke(UnicastRef.java:155) ~[?:?]
	... 14 more
2020-05-12 15:48:18,765 INFO o.a.j.e.ClientJMeterEngine: Interrupting RMI Reaper
2020-05-12 15:48:18,765 ERROR o.a.j.u.JMeterUtils: Error in rconfigure() method java.rmi.MarshalException: error marshalling arguments; nested exception is: 
	java.io.NotSerializableException: org.apache.jmeter.JMeter$ListenToTest
2020-05-12 15:48:18,768 INFO o.a.j.e.DistributedRunner: Remote engines have been started:[]
2020-05-12 15:48:18,769 ERROR o.a.j.e.DistributedRunner: The following remote engines have not started:[10.100.159.156]
