2016/10/12 21:37:34 INFO  - jmeter.util.JMeterUtils: Setting Locale to ru_RU 
2016/10/12 21:37:34 ERROR - jmeter.util.JMeterUtils: Could not find resources for 'ru_RU' 
2016/10/12 21:37:34 INFO  - jmeter.JMeter: Loading user properties from: D:\Projects\other\jmeter\bin\user.properties 
2016/10/12 21:37:34 INFO  - jmeter.JMeter: Loading system properties from: D:\Projects\other\jmeter\bin\system.properties 
2016/10/12 21:37:34 INFO  - jmeter.JMeter: Copyright (c) 1998-2016 The Apache Software Foundation 
2016/10/12 21:37:34 INFO  - jmeter.JMeter: Version 3.1-SNAPSHOT.20160901 
2016/10/12 21:37:34 INFO  - jmeter.JMeter: java.version=1.8.0_73 
2016/10/12 21:37:34 INFO  - jmeter.JMeter: java.vm.name=Java HotSpot(TM) Client VM 
2016/10/12 21:37:34 INFO  - jmeter.JMeter: os.name=Windows Vista 
2016/10/12 21:37:34 INFO  - jmeter.JMeter: os.arch=x86 
2016/10/12 21:37:34 INFO  - jmeter.JMeter: os.version=6.0 
2016/10/12 21:37:34 INFO  - jmeter.JMeter: file.encoding=Cp1251 
2016/10/12 21:37:34 INFO  - jmeter.JMeter: Max memory     =523501568 
2016/10/12 21:37:34 INFO  - jmeter.JMeter: Available Processors =2 
2016/10/12 21:37:34 INFO  - jmeter.JMeter: Default Locale=русский (Россия) 
2016/10/12 21:37:34 INFO  - jmeter.JMeter: JMeter  Locale=русский (Россия) 
2016/10/12 21:37:34 INFO  - jmeter.JMeter: JMeterHome=D:\Projects\other\jmeter 
2016/10/12 21:37:34 INFO  - jmeter.JMeter: user.dir  =D:\Projects\other\jmeter\bin 
2016/10/12 21:37:34 INFO  - jmeter.JMeter: PWD       =D:\Projects\other\jmeter\bin 
2016/10/12 21:37:34 INFO  - jmeter.JMeter: IP: 192.168.1.101 Name: vista-notebook FullName: vista-notebook 
2016/10/12 21:37:35 INFO  - jmeter.gui.action.LookAndFeelCommand: Using look and feel: javax.swing.plaf.metal.MetalLookAndFeel [Metal, CrossPlatform] 
2016/10/12 21:37:35 INFO  - jmeter.JMeter: Loaded icon properties from org/apache/jmeter/images/icon.properties 
2016/10/12 21:37:39 INFO  - jmeter.engine.util.CompoundVariable: Note: Function class names must contain the string: '.functions.' 
2016/10/12 21:37:39 INFO  - jmeter.engine.util.CompoundVariable: Note: Function class names must not contain the string: '.gui.' 
2016/10/12 21:37:41 INFO  - jmeter.util.BSFTestElement: Registering JMeter version of JavaScript engine as work-round for BSF-22 
2016/10/12 21:37:44 INFO  - jmeter.protocol.http.sampler.HTTPSamplerBase: Parser for text/html is org.apache.jmeter.protocol.http.parser.LagartoBasedHtmlParser 
2016/10/12 21:37:44 INFO  - jmeter.protocol.http.sampler.HTTPSamplerBase: Parser for application/xhtml+xml is org.apache.jmeter.protocol.http.parser.LagartoBasedHtmlParser 
2016/10/12 21:37:44 INFO  - jmeter.protocol.http.sampler.HTTPSamplerBase: Parser for application/xml is org.apache.jmeter.protocol.http.parser.LagartoBasedHtmlParser 
2016/10/12 21:37:44 INFO  - jmeter.protocol.http.sampler.HTTPSamplerBase: Parser for text/xml is org.apache.jmeter.protocol.http.parser.LagartoBasedHtmlParser 
2016/10/12 21:37:44 INFO  - jmeter.protocol.http.sampler.HTTPSamplerBase: Parser for text/vnd.wap.wml is org.apache.jmeter.protocol.http.parser.RegexpHTMLParser 
2016/10/12 21:37:44 INFO  - jmeter.protocol.http.sampler.HTTPSamplerBase: Parser for text/css is org.apache.jmeter.protocol.http.parser.CssParser 
2016/10/12 21:37:46 INFO  - jorphan.exec.KeyToolUtils: keytool found at 'keytool' 
2016/10/12 21:37:46 INFO  - jmeter.protocol.http.proxy.ProxyControl: HTTP(S) Test Script Recorder SSL Proxy will use keys that support embedded 3rd party resources in file D:\Projects\other\jmeter\bin\proxyserver.jks 
2016/10/12 21:37:46 INFO  - jmeter.gui.util.MenuFactory: Skipping org.apache.jmeter.protocol.mongodb.config.MongoSourceElement 
2016/10/12 21:37:46 INFO  - jmeter.gui.util.MenuFactory: Skipping org.apache.jmeter.protocol.mongodb.sampler.MongoScriptSampler 
2016/10/12 21:37:48 INFO  - jmeter.gui.util.MenuFactory: Skipping org.apache.jmeter.visualizers.DistributionGraphVisualizer 
2016/10/12 21:37:48 INFO  - jmeter.samplers.SampleResult: Note: Sample TimeStamps are START times 
2016/10/12 21:37:48 INFO  - jmeter.samplers.SampleResult: sampleresult.default.encoding is set to ISO-8859-1 
2016/10/12 21:37:48 INFO  - jmeter.samplers.SampleResult: sampleresult.useNanoTime=true 
2016/10/12 21:37:48 INFO  - jmeter.samplers.SampleResult: sampleresult.nanoThreadSleep=5000 
2016/10/12 21:37:48 INFO  - jmeter.gui.util.MenuFactory: Skipping org.apache.jmeter.visualizers.SplineVisualizer 
2016/10/12 21:38:13 INFO  - jmeter.services.FileServer: Default base='D:\Projects\other\jmeter\bin' 
2016/10/12 21:38:13 INFO  - jmeter.gui.action.Load: Loading file: D:\Projects\other\jmeter\..\jmeter-bug\Plan.jmx 
2016/10/12 21:38:13 INFO  - jmeter.services.FileServer: Set new base='D:\Projects\other\jmeter\..\jmeter-bug' 
2016/10/12 21:38:14 INFO  - jmeter.save.SaveService: Testplan (JMX) version: 2.2. Testlog (JTL) version: 2.2 
2016/10/12 21:38:14 INFO  - jmeter.save.SaveService: Using SaveService properties file encoding UTF-8 
2016/10/12 21:38:14 INFO  - jmeter.save.SaveService: Using SaveService properties version 2.9 
2016/10/12 21:38:14 INFO  - jmeter.save.SaveService: All converter versions present and correct 
2016/10/12 21:38:14 INFO  - jmeter.save.SaveService: Loading file: D:\Projects\other\jmeter\..\jmeter-bug\Plan.jmx 
2016/10/12 21:38:14 INFO  - jmeter.services.FileServer: Set new base='D:\Projects\other\jmeter\..\jmeter-bug' 
2016/10/12 21:38:23 ERROR - jmeter.gui.action.Save: Error saving tree: java.lang.ClassCastException: ru.mingun.jmeter.bug.Refine cannot be cast to org.apache.jmeter.testelement.property.JMeterProperty
	at org.apache.jmeter.testelement.property.PropertyIteratorImpl.next(PropertyIteratorImpl.java:41)
	at org.apache.jmeter.testelement.property.PropertyIteratorImpl.next(PropertyIteratorImpl.java:24)
	at org.apache.jmeter.save.converters.MultiPropertyConverter.marshal(MultiPropertyConverter.java:57)
	at com.thoughtworks.xstream.core.AbstractReferenceMarshaller.convert(AbstractReferenceMarshaller.java:69)
	at com.thoughtworks.xstream.core.TreeMarshaller.convertAnother(TreeMarshaller.java:58)
	at com.thoughtworks.xstream.core.TreeMarshaller.convertAnother(TreeMarshaller.java:43)
	at com.thoughtworks.xstream.core.AbstractReferenceMarshaller$1.convertAnother(AbstractReferenceMarshaller.java:88)
	at com.thoughtworks.xstream.converters.collections.AbstractCollectionConverter.writeItem(AbstractCollectionConverter.java:64)
	at org.apache.jmeter.save.converters.TestElementConverter.marshal(TestElementConverter.java:74)
	at com.thoughtworks.xstream.core.AbstractReferenceMarshaller.convert(AbstractReferenceMarshaller.java:69)
	at com.thoughtworks.xstream.core.TreeMarshaller.convertAnother(TreeMarshaller.java:58)
	at com.thoughtworks.xstream.core.TreeMarshaller.convertAnother(TreeMarshaller.java:43)
	at com.thoughtworks.xstream.core.AbstractReferenceMarshaller$1.convertAnother(AbstractReferenceMarshaller.java:88)
	at com.thoughtworks.xstream.converters.collections.AbstractCollectionConverter.writeItem(AbstractCollectionConverter.java:64)
	at org.apache.jmeter.save.converters.HashTreeConverter.marshal(HashTreeConverter.java:53)
	at com.thoughtworks.xstream.core.AbstractReferenceMarshaller.convert(AbstractReferenceMarshaller.java:69)
	at com.thoughtworks.xstream.core.TreeMarshaller.convertAnother(TreeMarshaller.java:58)
	at com.thoughtworks.xstream.core.TreeMarshaller.convertAnother(TreeMarshaller.java:43)
	at com.thoughtworks.xstream.core.AbstractReferenceMarshaller$1.convertAnother(AbstractReferenceMarshaller.java:88)
	at com.thoughtworks.xstream.converters.collections.AbstractCollectionConverter.writeItem(AbstractCollectionConverter.java:64)
	at org.apache.jmeter.save.converters.HashTreeConverter.marshal(HashTreeConverter.java:54)
	at com.thoughtworks.xstream.core.AbstractReferenceMarshaller.convert(AbstractReferenceMarshaller.java:69)
	at com.thoughtworks.xstream.core.TreeMarshaller.convertAnother(TreeMarshaller.java:58)
	at com.thoughtworks.xstream.core.TreeMarshaller.convertAnother(TreeMarshaller.java:43)
	at com.thoughtworks.xstream.core.AbstractReferenceMarshaller$1.convertAnother(AbstractReferenceMarshaller.java:88)
	at com.thoughtworks.xstream.converters.collections.AbstractCollectionConverter.writeItem(AbstractCollectionConverter.java:64)
	at org.apache.jmeter.save.converters.HashTreeConverter.marshal(HashTreeConverter.java:54)
	at com.thoughtworks.xstream.core.AbstractReferenceMarshaller.convert(AbstractReferenceMarshaller.java:69)
	at com.thoughtworks.xstream.core.TreeMarshaller.convertAnother(TreeMarshaller.java:58)
	at com.thoughtworks.xstream.core.TreeMarshaller.convertAnother(TreeMarshaller.java:43)
	at com.thoughtworks.xstream.core.AbstractReferenceMarshaller$1.convertAnother(AbstractReferenceMarshaller.java:88)
	at org.apache.jmeter.save.ScriptWrapperConverter.marshal(ScriptWrapperConverter.java:79)
	at com.thoughtworks.xstream.core.AbstractReferenceMarshaller.convert(AbstractReferenceMarshaller.java:69)
	at com.thoughtworks.xstream.core.TreeMarshaller.convertAnother(TreeMarshaller.java:58)
	at com.thoughtworks.xstream.core.TreeMarshaller.convertAnother(TreeMarshaller.java:43)
	at com.thoughtworks.xstream.core.TreeMarshaller.start(TreeMarshaller.java:82)
	at com.thoughtworks.xstream.core.AbstractTreeMarshallingStrategy.marshal(AbstractTreeMarshallingStrategy.java:37)
	at com.thoughtworks.xstream.XStream.marshal(XStream.java:1043)
	at com.thoughtworks.xstream.XStream.marshal(XStream.java:1032)
	at com.thoughtworks.xstream.XStream.toXML(XStream.java:1005)
	at org.apache.jmeter.save.SaveService.saveTree(SaveService.java:304)
	at org.apache.jmeter.gui.action.Save.doAction(Save.java:225)
	at org.apache.jmeter.gui.action.ActionRouter.performAction(ActionRouter.java:80)
	at org.apache.jmeter.gui.action.ActionRouter.access$000(ActionRouter.java:40)
	at org.apache.jmeter.gui.action.ActionRouter$1.run(ActionRouter.java:62)
	at java.awt.event.InvocationEvent.dispatch(InvocationEvent.java:311)
	at java.awt.EventQueue.dispatchEventImpl(EventQueue.java:756)
	at java.awt.EventQueue.access$500(EventQueue.java:97)
	at java.awt.EventQueue$3.run(EventQueue.java:709)
	at java.awt.EventQueue$3.run(EventQueue.java:703)
	at java.security.AccessController.doPrivileged(Native Method)
	at java.security.ProtectionDomain$JavaSecurityAccessImpl.doIntersectionPrivilege(ProtectionDomain.java:76)
	at java.awt.EventQueue.dispatchEvent(EventQueue.java:726)
	at java.awt.EventDispatchThread.pumpOneEventForFilters(EventDispatchThread.java:201)
	at java.awt.EventDispatchThread.pumpEventsForFilter(EventDispatchThread.java:116)
	at java.awt.EventDispatchThread.pumpEventsForHierarchy(EventDispatchThread.java:105)
	at java.awt.EventDispatchThread.pumpEvents(EventDispatchThread.java:101)
	at java.awt.EventDispatchThread.pumpEvents(EventDispatchThread.java:93)
	at java.awt.EventDispatchThread.run(EventDispatchThread.java:82)

2016/10/12 21:38:23 ERROR - jmeter.gui.action.ActionRouter: Error processing org.apache.jmeter.gui.action.Save@1238fc2 java.lang.ClassCastException: ru.mingun.jmeter.bug.Refine cannot be cast to org.apache.jmeter.testelement.property.JMeterProperty
	at org.apache.jmeter.testelement.property.PropertyIteratorImpl.next(PropertyIteratorImpl.java:41)
	at org.apache.jmeter.testelement.property.PropertyIteratorImpl.next(PropertyIteratorImpl.java:24)
	at org.apache.jmeter.save.converters.MultiPropertyConverter.marshal(MultiPropertyConverter.java:57)
	at com.thoughtworks.xstream.core.AbstractReferenceMarshaller.convert(AbstractReferenceMarshaller.java:69)
	at com.thoughtworks.xstream.core.TreeMarshaller.convertAnother(TreeMarshaller.java:58)
	at com.thoughtworks.xstream.core.TreeMarshaller.convertAnother(TreeMarshaller.java:43)
	at com.thoughtworks.xstream.core.AbstractReferenceMarshaller$1.convertAnother(AbstractReferenceMarshaller.java:88)
	at com.thoughtworks.xstream.converters.collections.AbstractCollectionConverter.writeItem(AbstractCollectionConverter.java:64)
	at org.apache.jmeter.save.converters.TestElementConverter.marshal(TestElementConverter.java:74)
	at com.thoughtworks.xstream.core.AbstractReferenceMarshaller.convert(AbstractReferenceMarshaller.java:69)
	at com.thoughtworks.xstream.core.TreeMarshaller.convertAnother(TreeMarshaller.java:58)
	at com.thoughtworks.xstream.core.TreeMarshaller.convertAnother(TreeMarshaller.java:43)
	at com.thoughtworks.xstream.core.AbstractReferenceMarshaller$1.convertAnother(AbstractReferenceMarshaller.java:88)
	at com.thoughtworks.xstream.converters.collections.AbstractCollectionConverter.writeItem(AbstractCollectionConverter.java:64)
	at org.apache.jmeter.save.converters.HashTreeConverter.marshal(HashTreeConverter.java:53)
	at com.thoughtworks.xstream.core.AbstractReferenceMarshaller.convert(AbstractReferenceMarshaller.java:69)
	at com.thoughtworks.xstream.core.TreeMarshaller.convertAnother(TreeMarshaller.java:58)
	at com.thoughtworks.xstream.core.TreeMarshaller.convertAnother(TreeMarshaller.java:43)
	at com.thoughtworks.xstream.core.AbstractReferenceMarshaller$1.convertAnother(AbstractReferenceMarshaller.java:88)
	at com.thoughtworks.xstream.converters.collections.AbstractCollectionConverter.writeItem(AbstractCollectionConverter.java:64)
	at org.apache.jmeter.save.converters.HashTreeConverter.marshal(HashTreeConverter.java:54)
	at com.thoughtworks.xstream.core.AbstractReferenceMarshaller.convert(AbstractReferenceMarshaller.java:69)
	at com.thoughtworks.xstream.core.TreeMarshaller.convertAnother(TreeMarshaller.java:58)
	at com.thoughtworks.xstream.core.TreeMarshaller.convertAnother(TreeMarshaller.java:43)
	at com.thoughtworks.xstream.core.AbstractReferenceMarshaller$1.convertAnother(AbstractReferenceMarshaller.java:88)
	at com.thoughtworks.xstream.converters.collections.AbstractCollectionConverter.writeItem(AbstractCollectionConverter.java:64)
	at org.apache.jmeter.save.converters.HashTreeConverter.marshal(HashTreeConverter.java:54)
	at com.thoughtworks.xstream.core.AbstractReferenceMarshaller.convert(AbstractReferenceMarshaller.java:69)
	at com.thoughtworks.xstream.core.TreeMarshaller.convertAnother(TreeMarshaller.java:58)
	at com.thoughtworks.xstream.core.TreeMarshaller.convertAnother(TreeMarshaller.java:43)
	at com.thoughtworks.xstream.core.AbstractReferenceMarshaller$1.convertAnother(AbstractReferenceMarshaller.java:88)
	at org.apache.jmeter.save.ScriptWrapperConverter.marshal(ScriptWrapperConverter.java:79)
	at com.thoughtworks.xstream.core.AbstractReferenceMarshaller.convert(AbstractReferenceMarshaller.java:69)
	at com.thoughtworks.xstream.core.TreeMarshaller.convertAnother(TreeMarshaller.java:58)
	at com.thoughtworks.xstream.core.TreeMarshaller.convertAnother(TreeMarshaller.java:43)
	at com.thoughtworks.xstream.core.TreeMarshaller.start(TreeMarshaller.java:82)
	at com.thoughtworks.xstream.core.AbstractTreeMarshallingStrategy.marshal(AbstractTreeMarshallingStrategy.java:37)
	at com.thoughtworks.xstream.XStream.marshal(XStream.java:1043)
	at com.thoughtworks.xstream.XStream.marshal(XStream.java:1032)
	at com.thoughtworks.xstream.XStream.toXML(XStream.java:1005)
	at org.apache.jmeter.save.SaveService.saveTree(SaveService.java:304)
	at org.apache.jmeter.gui.action.Save.doAction(Save.java:225)
	at org.apache.jmeter.gui.action.ActionRouter.performAction(ActionRouter.java:80)
	at org.apache.jmeter.gui.action.ActionRouter.access$000(ActionRouter.java:40)
	at org.apache.jmeter.gui.action.ActionRouter$1.run(ActionRouter.java:62)
	at java.awt.event.InvocationEvent.dispatch(InvocationEvent.java:311)
	at java.awt.EventQueue.dispatchEventImpl(EventQueue.java:756)
	at java.awt.EventQueue.access$500(EventQueue.java:97)
	at java.awt.EventQueue$3.run(EventQueue.java:709)
	at java.awt.EventQueue$3.run(EventQueue.java:703)
	at java.security.AccessController.doPrivileged(Native Method)
	at java.security.ProtectionDomain$JavaSecurityAccessImpl.doIntersectionPrivilege(ProtectionDomain.java:76)
	at java.awt.EventQueue.dispatchEvent(EventQueue.java:726)
	at java.awt.EventDispatchThread.pumpOneEventForFilters(EventDispatchThread.java:201)
	at java.awt.EventDispatchThread.pumpEventsForFilter(EventDispatchThread.java:116)
	at java.awt.EventDispatchThread.pumpEventsForHierarchy(EventDispatchThread.java:105)
	at java.awt.EventDispatchThread.pumpEvents(EventDispatchThread.java:101)
	at java.awt.EventDispatchThread.pumpEvents(EventDispatchThread.java:93)
	at java.awt.EventDispatchThread.run(EventDispatchThread.java:82)

