2012/09/07 15:07:09 INFO  - jmeter.util.JMeterUtils: Setting Locale to en_US 
2012/09/07 15:07:09 INFO  - jmeter.JMeter: Loading user properties from: C:\Jmeter\bin\user.properties 
2012/09/07 15:07:09 INFO  - jmeter.JMeter: Loading system properties from: C:\Jmeter\bin\system.properties 
2012/09/07 15:07:09 INFO  - jmeter.JMeter: Copyright (c) 1998-2012 The Apache Software Foundation 
2012/09/07 15:07:09 INFO  - jmeter.JMeter: Version 2.7 r1342410 
2012/09/07 15:07:09 INFO  - jmeter.JMeter: java.version=1.7.0_07 
2012/09/07 15:07:09 INFO  - jmeter.JMeter: java.vm.name=Java HotSpot(TM) Client VM 
2012/09/07 15:07:09 INFO  - jmeter.JMeter: os.name=Windows 7 
2012/09/07 15:07:09 INFO  - jmeter.JMeter: os.arch=x86 
2012/09/07 15:07:09 INFO  - jmeter.JMeter: os.version=6.1 
2012/09/07 15:07:09 INFO  - jmeter.JMeter: file.encoding=Cp1252 
2012/09/07 15:07:09 INFO  - jmeter.JMeter: Default Locale=English (United States) 
2012/09/07 15:07:09 INFO  - jmeter.JMeter: JMeter  Locale=English (United States) 
2012/09/07 15:07:09 INFO  - jmeter.JMeter: JMeterHome=C:\Jmeter 
2012/09/07 15:07:09 INFO  - jmeter.JMeter: user.dir  =C:\Jmeter\bin 
2012/09/07 15:07:09 INFO  - jmeter.JMeter: PWD       =C:\Jmeter\bin 
2012/09/07 15:07:09 INFO  - jmeter.JMeter: IP: 10.60.1.37 Name: LTDAYNIKP2 FullName: LTDAYNIKP2.RWN.Com 
2012/09/07 15:07:09 INFO  - jmeter.JMeter: Loaded icon properties from org/apache/jmeter/images/icon.properties 
2012/09/07 15:07:09 INFO  - jmeter.engine.util.CompoundVariable: Note: Function class names must contain the string: '.functions.' 
2012/09/07 15:07:09 INFO  - jmeter.engine.util.CompoundVariable: Note: Function class names must not contain the string: '.gui.' 
2012/09/07 15:07:10 INFO  - jmeter.gui.action.LookAndFeelCommand: Using look and feel: javax.swing.plaf.nimbus.NimbusLookAndFeel [Nimbus] 
2012/09/07 15:07:11 INFO  - jmeter.util.BSFTestElement: Registering JMeter version of JavaScript engine as work-round for BSF-22 
2012/09/07 15:07:11 INFO  - jmeter.protocol.http.sampler.HTTPSamplerBase: Cannot find .className property for htmlParser, using default 
2012/09/07 15:07:11 INFO  - jmeter.protocol.http.sampler.HTTPSamplerBase: Parser for text/html is  
2012/09/07 15:07:11 INFO  - jmeter.protocol.http.sampler.HTTPSamplerBase: Parser for application/xhtml+xml is  
2012/09/07 15:07:11 INFO  - jmeter.protocol.http.sampler.HTTPSamplerBase: Parser for application/xml is  
2012/09/07 15:07:11 INFO  - jmeter.protocol.http.sampler.HTTPSamplerBase: Parser for text/xml is  
2012/09/07 15:07:11 INFO  - jmeter.protocol.http.sampler.HTTPSamplerBase: Parser for text/vnd.wap.wml is org.apache.jmeter.protocol.http.parser.RegexpHTMLParser 
2012/09/07 15:07:11 INFO  - jmeter.protocol.http.sampler.HTTPSamplerBase: Reuse SSL session context on subsequent iterations: true 
2012/09/07 15:07:11 INFO  - jmeter.gui.util.MenuFactory: Skipping org.apache.jmeter.protocol.http.modifier.gui.ParamModifierGui 
2012/09/07 15:07:12 INFO  - jmeter.samplers.SampleResult: Note: Sample TimeStamps are START times 
2012/09/07 15:07:12 INFO  - jmeter.samplers.SampleResult: sampleresult.default.encoding is set to ISO-8859-1 
2012/09/07 15:07:12 INFO  - jmeter.samplers.SampleResult: sampleresult.useNanoTime=true 
2012/09/07 15:07:12 INFO  - jmeter.samplers.SampleResult: sampleresult.nanoThreadSleep=5000 
2012/09/07 15:11:13 INFO  - jmeter.protocol.http.proxy.Daemon: Creating Daemon Socket on port: 8080 
2012/09/07 15:11:13 INFO  - jmeter.protocol.http.proxy.Daemon: Proxy up and running! 
2012/09/07 15:11:18 INFO  - jmeter.protocol.http.proxy.Proxy: Proxy will remove the headers: If-Modified-Since,If-None-Match,Host 
2012/09/07 15:11:18 INFO  - jmeter.protocol.http.sampler.HTTPJavaImpl: Maximum connection retries = 10 
2012/09/07 15:11:19 INFO  - jmeter.protocol.http.proxy.FormCharSetFinder: Using htmlparser version: 2.0 (Release Build Sep 17, 2006) 
2012/09/07 15:11:34 ERROR - jmeter.protocol.http.proxy.Proxy: Not implemented (probably used https) java.lang.IllegalArgumentException: URLDecoder: Illegal hex characters in escape (%) pattern - For input string: "" "
	at java.net.URLDecoder.decode(Unknown Source)
	at org.apache.jmeter.protocol.http.util.HTTPArgument.<init>(HTTPArgument.java:113)
	at org.apache.jmeter.protocol.http.util.HTTPArgument.<init>(HTTPArgument.java:139)
	at org.apache.jmeter.protocol.http.sampler.HTTPSamplerBase.addEncodedArgument(HTTPSamplerBase.java:531)
	at org.apache.jmeter.protocol.http.sampler.HTTPSamplerBase.parseArguments(HTTPSamplerBase.java:1009)
	at org.apache.jmeter.protocol.http.proxy.DefaultSamplerCreator.computeFromPostBody(DefaultSamplerCreator.java:179)
	at org.apache.jmeter.protocol.http.proxy.DefaultSamplerCreator.populateSampler(DefaultSamplerCreator.java:89)
	at org.apache.jmeter.protocol.http.proxy.Proxy.run(Proxy.java:212)

2012/09/07 15:11:36 ERROR - jmeter.protocol.http.proxy.Proxy: Not implemented (probably used https) java.lang.IllegalArgumentException: URLDecoder: Illegal hex characters in escape (%) pattern - For input string: "" "
	at java.net.URLDecoder.decode(Unknown Source)
	at org.apache.jmeter.protocol.http.util.HTTPArgument.<init>(HTTPArgument.java:113)
	at org.apache.jmeter.protocol.http.util.HTTPArgument.<init>(HTTPArgument.java:139)
	at org.apache.jmeter.protocol.http.sampler.HTTPSamplerBase.addEncodedArgument(HTTPSamplerBase.java:531)
	at org.apache.jmeter.protocol.http.sampler.HTTPSamplerBase.parseArguments(HTTPSamplerBase.java:1009)
	at org.apache.jmeter.protocol.http.proxy.DefaultSamplerCreator.computeFromPostBody(DefaultSamplerCreator.java:179)
	at org.apache.jmeter.protocol.http.proxy.DefaultSamplerCreator.populateSampler(DefaultSamplerCreator.java:89)
	at org.apache.jmeter.protocol.http.proxy.Proxy.run(Proxy.java:212)

2012/09/07 15:11:45 ERROR - jmeter.protocol.http.proxy.Proxy:  java.net.SocketException: Connection reset by peer: socket write error
	at java.net.SocketOutputStream.socketWrite0(Native Method)
	at java.net.SocketOutputStream.socketWrite(Unknown Source)
	at java.net.SocketOutputStream.write(Unknown Source)
	at java.io.BufferedOutputStream.flushBuffer(Unknown Source)
	at java.io.BufferedOutputStream.flush(Unknown Source)
	at org.apache.jmeter.protocol.http.proxy.Proxy.writeToClient(Proxy.java:446)
	at org.apache.jmeter.protocol.http.proxy.Proxy.run(Proxy.java:260)

2012/09/07 15:11:45 ERROR - jmeter.protocol.http.proxy.Proxy: Problem with SSL certificate? Ensure browser is set to accept the JMeter proxy cert: Connection reset by peer: socket write error 
