2006/07/10 14:31:26 INFO  - jmeter.util.JMeterUtils: Setting Locale to en_US 
2006/07/10 14:31:26 INFO  - jmeter.JMeter: Loading user properties from: user.properties 
2006/07/10 14:31:27 INFO  - jmeter.JMeter: Loading system properties from: system.properties 
2006/07/10 14:31:27 INFO  - jmeter.JMeter: Copyright (c) 1998-2006 The Apache Software Foundation 
2006/07/10 14:31:27 INFO  - jmeter.JMeter: Version 2.2 
2006/07/10 14:31:27 INFO  - jmeter.JMeter: java.version=1.5.0_07 
2006/07/10 14:31:27 INFO  - jmeter.JMeter: os.name=Windows XP 
2006/07/10 14:31:27 INFO  - jmeter.JMeter: os.arch=x86 
2006/07/10 14:31:27 INFO  - jmeter.JMeter: os.version=5.1 
2006/07/10 14:31:27 INFO  - jmeter.JMeter: Default Locale=English (United States) 
2006/07/10 14:31:27 INFO  - jmeter.JMeter: JMeter  Locale=English (United States) 
2006/07/10 14:31:27 INFO  - jmeter.JMeter: JMeterHome=C:\jakarta-jmeter-2.2 
2006/07/10 14:31:27 INFO  - jmeter.JMeter: user.dir=C:\jakarta-jmeter-2.2\bin 
2006/07/10 14:31:27 INFO  - jmeter.JMeter: PWD     =C:\jakarta-jmeter-2.2\bin 
2006/07/10 14:31:27 INFO  - jmeter.JMeter: Loading file: Remember-Me.jmx 
2006/07/10 14:31:27 INFO  - jmeter.save.SaveService: Testplan (JMX) version: 2.2. Testlog (JTL) version: 2.2 
2006/07/10 14:31:27 INFO  - jmeter.samplers.SampleResult: Note: Sample TimeStamps are START times 
2006/07/10 14:31:27 INFO  - jmeter.samplers.SampleResult: sampleresult.default.encoding is set to ISO-8859-1 
2006/07/10 14:31:27 INFO  - jmeter.save.SaveService: Using SaveService properties file version 408187 
2006/07/10 14:31:28 WARN  - jmeter.save.SaveService: Could not set up alias MailerModel java.lang.NoClassDefFoundError: javax/mail/Message 
2006/07/10 14:31:28 INFO  - jmeter.protocol.http.sampler.HTTPSamplerBase: Cannot find .className property for htmlParser, using default 
2006/07/10 14:31:28 INFO  - jmeter.protocol.http.sampler.HTTPSamplerBase: Parser for text/html is  
2006/07/10 14:31:28 INFO  - jmeter.protocol.http.sampler.HTTPSamplerBase: Parser for application/xhtml+xml is  
2006/07/10 14:31:28 INFO  - jmeter.protocol.http.sampler.HTTPSamplerBase: Parser for application/xml is  
2006/07/10 14:31:28 INFO  - jmeter.protocol.http.sampler.HTTPSamplerBase: Parser for text/xml is  
2006/07/10 14:31:28 INFO  - jmeter.protocol.http.sampler.HTTPSamplerBase: Parser for text/vnd.wap.wml is org.apache.jmeter.protocol.http.parser.RegexpHTMLParser 
2006/07/10 14:31:28 INFO  - jmeter.protocol.http.sampler.HTTPSampler2: Local host = TOSHIBA-MILI 
2006/07/10 14:31:28 INFO  - jmeter.protocol.tcp.sampler.TCPSampler: Protocol Handler name=TCPClientImpl 
2006/07/10 14:31:28 INFO  - jmeter.protocol.tcp.sampler.TCPSampler: Status prefix= 
2006/07/10 14:31:28 INFO  - jmeter.protocol.tcp.sampler.TCPSampler: Status suffix= 
2006/07/10 14:31:28 INFO  - jmeter.protocol.tcp.sampler.TCPSampler: Status properties= 
2006/07/10 14:31:28 WARN  - jmeter.save.SaveService: Could not set up alias JMSSampler java.lang.NoClassDefFoundError: javax/jms/Message 
2006/07/10 14:31:29 WARN  - jmeter.save.SaveService: Could not set up alias SubscriberSampler java.lang.NoClassDefFoundError: javax/jms/MessageListener 
2006/07/10 14:31:29 WARN  - jmeter.save.SaveService: Could not set up alias MailerVisualizer java.lang.NoClassDefFoundError: javax/mail/MessagingException 
2006/07/10 14:31:29 WARN  - jmeter.save.SaveService: Could not set up alias WebServiceSampler java.lang.NoClassDefFoundError: javax/mail/MessagingException 
2006/07/10 14:31:29 INFO  - jmeter.save.SaveService: Using SaveService properties version 1.8 
2006/07/10 14:31:29 INFO  - jmeter.save.SaveService: All converter versions present and correct 
2006/07/10 14:31:29 INFO  - jmeter.engine.StandardJMeterEngine: Listeners will be started after enabling running version 
2006/07/10 14:31:29 INFO  - jmeter.engine.StandardJMeterEngine: To revert to the earlier behaviour, define jmeterengine.startlistenerslater=false 
2006/07/10 14:31:29 INFO  - jmeter.engine.StandardJMeterEngine: Running the test! 
2006/07/10 14:31:30 INFO  - jmeter.JMeter: Running test 
2006/07/10 14:31:30 INFO  - jmeter.engine.StandardJMeterEngine: Starting 2 threads for group Thread Group. Ramp up = 2. 
2006/07/10 14:31:30 INFO  - jmeter.engine.StandardJMeterEngine: Continue on error 
2006/07/10 14:31:30 WARN  - jmeter.threads.JMeterThread: jmeterthread.startearlier=true (see jmeter.properties) 
2006/07/10 14:31:30 INFO  - jmeter.threads.JMeterThread: Thread Thread Group 1-1 started 
2006/07/10 14:31:31 INFO  - jmeter.threads.JMeterThread: Thread Thread Group 1-2 started 
2006/07/10 14:31:31 INFO  - jmeter.services.FileServer: Stored: user.dat 
2006/07/10 14:31:44 INFO  - jmeter.util.SSLManager: KeyStore Type: JKS 
2006/07/10 14:31:44 INFO  - jmeter.util.SSLManager: KeyStore Type: JKS 
2006/07/10 14:31:45 ERROR - jmeter.util.SSLManager: Couldn't load keystore java.lang.Exception: No key found
	at org.apache.jmeter.util.keystore.DefaultKeyStore.load(DefaultKeyStore.java:68)
	at org.apache.jmeter.util.SSLManager.getKeyStore(SSLManager.java:152)
	at org.apache.jmeter.util.JsseSSLManager.getContext(JsseSSLManager.java:141)
	at org.apache.jmeter.util.JsseSSLManager.<init>(JsseSSLManager.java:88)
	at sun.reflect.NativeConstructorAccessorImpl.newInstance0(Native Method)
	at sun.reflect.NativeConstructorAccessorImpl.newInstance(Unknown Source)
	at sun.reflect.DelegatingConstructorAccessorImpl.newInstance(Unknown Source)
	at java.lang.reflect.Constructor.newInstance(Unknown Source)
	at org.apache.jmeter.util.SSLManager.getInstance(SSLManager.java:231)
	at org.apache.jmeter.protocol.http.sampler.HTTPSampler.setupConnection(HTTPSampler.java:148)
	at org.apache.jmeter.protocol.http.sampler.HTTPSampler.sample(HTTPSampler.java:404)
	at org.apache.jmeter.protocol.http.sampler.HTTPSamplerBase.sample(HTTPSamplerBase.java:658)
	at org.apache.jmeter.protocol.http.sampler.HTTPSamplerBase.sample(HTTPSamplerBase.java:647)
	at org.apache.jmeter.threads.JMeterThread.run(JMeterThread.java:247)
	at java.lang.Thread.run(Unknown Source)

2006/07/10 14:31:45 INFO  - jmeter.util.SSLManager: JmeterKeyStore Location: C:/Program Files/Java/jdk1.5.0_07/jre/lib/security/resto 
2006/07/10 14:31:45 INFO  - jmeter.util.SSLManager: JmeterKeyStore type: class org.apache.jmeter.util.keystore.DefaultKeyStore 
2006/07/10 14:31:45 INFO  - jmeter.util.JsseSSLManager: class org.apache.jmeter.util.keystore.DefaultKeyStore 
2006/07/10 14:31:45 ERROR - jmeter.util.SSLManager: Couldn't load keystore java.lang.Exception: No key found
	at org.apache.jmeter.util.keystore.DefaultKeyStore.load(DefaultKeyStore.java:68)
	at org.apache.jmeter.util.SSLManager.getKeyStore(SSLManager.java:152)
	at org.apache.jmeter.util.JsseSSLManager.getContext(JsseSSLManager.java:141)
	at org.apache.jmeter.util.JsseSSLManager.<init>(JsseSSLManager.java:88)
	at sun.reflect.NativeConstructorAccessorImpl.newInstance0(Native Method)
	at sun.reflect.NativeConstructorAccessorImpl.newInstance(Unknown Source)
	at sun.reflect.DelegatingConstructorAccessorImpl.newInstance(Unknown Source)
	at java.lang.reflect.Constructor.newInstance(Unknown Source)
	at org.apache.jmeter.util.SSLManager.getInstance(SSLManager.java:231)
	at org.apache.jmeter.protocol.http.sampler.HTTPSampler.setupConnection(HTTPSampler.java:148)
	at org.apache.jmeter.protocol.http.sampler.HTTPSampler.sample(HTTPSampler.java:404)
	at org.apache.jmeter.protocol.http.sampler.HTTPSamplerBase.sample(HTTPSamplerBase.java:658)
	at org.apache.jmeter.protocol.http.sampler.HTTPSamplerBase.sample(HTTPSamplerBase.java:647)
	at org.apache.jmeter.threads.JMeterThread.run(JMeterThread.java:247)
	at java.lang.Thread.run(Unknown Source)

2006/07/10 14:31:45 INFO  - jmeter.util.SSLManager: JmeterKeyStore Location: C:/Program Files/Java/jdk1.5.0_07/jre/lib/security/resto 
2006/07/10 14:31:45 INFO  - jmeter.util.SSLManager: JmeterKeyStore type: class org.apache.jmeter.util.keystore.DefaultKeyStore 
2006/07/10 14:31:45 INFO  - jmeter.util.JsseSSLManager: class org.apache.jmeter.util.keystore.DefaultKeyStore 
2006/07/10 14:31:45 INFO  - jmeter.util.SSLManager: TrustStore Type: JKS 
2006/07/10 14:31:45 INFO  - jmeter.util.SSLManager: TrustStore Location: C:/Program Files/Java/jdk1.5.0_07/jre/lib/security/resto 
2006/07/10 14:31:45 INFO  - jmeter.util.SSLManager: TrustStore type: class org.apache.jmeter.util.keystore.DefaultKeyStore 
2006/07/10 14:31:45 INFO  - jmeter.util.JsseSSLManager: AlwaysTrustManager alias: foo 
2006/07/10 14:31:45 INFO  - jmeter.util.JsseSSLManager:  INSTALLED 
2006/07/10 14:31:45 INFO  - jmeter.util.SSLManager: TrustStore Type: JKS 
2006/07/10 14:31:45 INFO  - jmeter.util.SSLManager: TrustStore Location: C:/Program Files/Java/jdk1.5.0_07/jre/lib/security/resto 
2006/07/10 14:31:45 INFO  - jmeter.util.SSLManager: TrustStore type: class org.apache.jmeter.util.keystore.DefaultKeyStore 
2006/07/10 14:31:45 INFO  - jmeter.util.JsseSSLManager: AlwaysTrustManager alias: foo 
2006/07/10 14:31:45 INFO  - jmeter.util.JsseSSLManager:  INSTALLED 
2006/07/10 14:31:45 INFO  - jmeter.util.JsseSSLManager: JsseSSLManager installed 
2006/07/10 14:31:45 INFO  - jmeter.util.JsseSSLManager: JsseSSLManager installed 
2006/07/10 14:31:47 INFO  - jmeter.threads.JMeterThread: Thread Thread Group 1-2 is done 
2006/07/10 14:31:47 INFO  - jmeter.engine.StandardJMeterEngine: Ending thread 1 
2006/07/10 14:31:47 INFO  - jmeter.threads.JMeterThread: Thread Thread Group 1-1 is done 
2006/07/10 14:31:47 INFO  - jmeter.engine.StandardJMeterEngine: Ending thread 0 
2006/07/10 14:31:47 INFO  - jmeter.engine.StandardJMeterEngine: Stopping test 
2006/07/10 14:31:47 INFO  - jmeter.engine.StandardJMeterEngine: Notifying test listeners of end of test 
2006/07/10 14:31:47 INFO  - jmeter.services.FileServer: Close: user.dat 
2006/07/10 14:31:47 INFO  - jmeter.engine.StandardJMeterEngine: Test has ended 
