2020-12-29 03:47:06,634 INFO o.a.j.u.JMeterUtils: Setting Locale to en_EN
2020-12-29 03:47:06,634 INFO o.a.j.JMeter: Loading user properties from: user.properties
2020-12-29 03:47:06,634 INFO o.a.j.JMeter: Loading system properties from: system.properties
2020-12-29 03:47:06,650 INFO o.a.j.JMeter: Copyright (c) 1998-2020 The Apache Software Foundation
2020-12-29 03:47:06,650 INFO o.a.j.JMeter: Version 5.4
2020-12-29 03:47:06,650 INFO o.a.j.JMeter: java.version=1.8.0_261
2020-12-29 03:47:06,650 INFO o.a.j.JMeter: java.vm.name=Java HotSpot(TM) 64-Bit Server VM
2020-12-29 03:47:06,650 INFO o.a.j.JMeter: os.name=Windows Server 2012 R2
2020-12-29 03:47:06,650 INFO o.a.j.JMeter: os.arch=amd64
2020-12-29 03:47:06,650 INFO o.a.j.JMeter: os.version=6.3
2020-12-29 03:47:06,650 INFO o.a.j.JMeter: file.encoding=Cp1252
2020-12-29 03:47:06,650 INFO o.a.j.JMeter: java.awt.headless=null
2020-12-29 03:47:06,650 INFO o.a.j.JMeter: Max memory     =1073741824
2020-12-29 03:47:06,650 INFO o.a.j.JMeter: Available Processors =4
2020-12-29 03:47:06,650 INFO o.a.j.JMeter: Default Locale=English (EN)
2020-12-29 03:47:06,650 INFO o.a.j.JMeter: JMeter  Locale=English (EN)
2020-12-29 03:47:06,650 INFO o.a.j.JMeter: JMeterHome=C:\apache-jmeter-5.4
2020-12-29 03:47:06,650 INFO o.a.j.JMeter: user.dir  =C:\apache-jmeter-5.4\bin
2020-12-29 03:47:06,650 INFO o.a.j.JMeter: PWD       =C:\apache-jmeter-5.4\bin
2020-12-29 03:47:11,259 INFO o.a.j.JMeter: IP: 172.31.19.61 Name: Win2012R2 FullName: Win2012R2
2020-12-29 03:47:11,321 INFO o.a.j.JMeter: Setting LAF to: laf:javax.swing.plaf.metal.MetalLookAndFeel
2020-12-29 03:47:11,384 INFO o.a.j.JMeter: Loaded icon properties from org/apache/jmeter/images/icon.properties
2020-12-29 03:47:17,837 INFO o.a.j.s.FileServer: Default base='C:\apache-jmeter-5.4\bin'
2020-12-29 03:47:17,837 INFO o.a.j.g.a.Load: Loading file: C:\apache-jmeter-5.4\bin\MapperTestPlan-OpenBIS.jmx
2020-12-29 03:47:17,837 INFO o.a.j.s.FileServer: Set new base='C:\apache-jmeter-5.4\bin'
2020-12-29 03:47:17,978 INFO o.a.j.s.SaveService: Testplan (JMX) version: 2.2. Testlog (JTL) version: 2.2
2020-12-29 03:47:17,993 INFO o.a.j.s.SaveService: Using SaveService properties file encoding UTF-8
2020-12-29 03:47:17,993 INFO o.a.j.s.SaveService: Using SaveService properties version 5.0
2020-12-29 03:47:17,993 INFO o.a.j.s.SaveService: Loading file: C:\apache-jmeter-5.4\bin\MapperTestPlan-OpenBIS.jmx
2020-12-29 03:47:18,009 INFO o.a.j.u.BSFTestElement: Registering JMeter version of JavaScript engine as work-round for BSF-22
2020-12-29 03:47:18,243 INFO o.a.j.s.SampleResult: Note: Sample TimeStamps are START times
2020-12-29 03:47:18,243 INFO o.a.j.s.SampleResult: sampleresult.default.encoding is set to ISO-8859-1
2020-12-29 03:47:18,243 INFO o.a.j.s.SampleResult: sampleresult.useNanoTime=true
2020-12-29 03:47:18,243 INFO o.a.j.s.SampleResult: sampleresult.nanoThreadSleep=5000
2020-12-29 03:47:18,415 INFO o.a.j.s.FileServer: Set new base='C:\apache-jmeter-5.4\bin'
2020-12-29 03:47:29,571 INFO o.a.j.e.StandardJMeterEngine: Running the test!
2020-12-29 03:47:29,571 INFO o.a.j.s.SampleEvent: List of sample_variables: []
2020-12-29 03:47:29,571 INFO o.a.j.s.SampleEvent: List of sample_variables: []
2020-12-29 03:47:29,571 INFO o.a.j.e.u.CompoundVariable: Note: Function class names must contain the string: '.functions.'
2020-12-29 03:47:29,571 INFO o.a.j.e.u.CompoundVariable: Note: Function class names must not contain the string: '.gui.'
2020-12-29 03:47:29,790 INFO o.a.j.g.u.JMeterMenuBar: setRunning(true, *local*)
2020-12-29 03:47:29,868 INFO o.a.j.e.StandardJMeterEngine: Starting ThreadGroup: 1 : Thread Group
2020-12-29 03:47:29,868 INFO o.a.j.e.StandardJMeterEngine: Starting 1 threads for group Thread Group.
2020-12-29 03:47:29,868 INFO o.a.j.e.StandardJMeterEngine: Thread will stop on error
2020-12-29 03:47:29,868 INFO o.a.j.t.ThreadGroup: Starting thread group... number=1 threads=1 ramp-up=30 delayedStart=false
2020-12-29 03:47:29,884 INFO o.a.j.t.ThreadGroup: Started thread group number 1
2020-12-29 03:47:29,884 INFO o.a.j.e.StandardJMeterEngine: All thread groups have been started
2020-12-29 03:47:29,884 INFO o.a.j.t.JMeterThread: Thread started: Thread Group 1-1
2020-12-29 03:47:29,884 INFO o.a.j.s.FileServer: Stored: Mapper_params.txt
2020-12-29 03:47:29,899 INFO o.a.j.p.t.s.TCPSampler: Using eolByte=62
2020-12-29 03:47:29,915 INFO o.a.j.p.t.s.TCPSampler: Using eolByte=1000
2020-12-29 03:47:30,930 ERROR o.a.j.p.t.s.TCPSampler: 
org.apache.jmeter.protocol.tcp.sampler.ReadException: 
	at org.apache.jmeter.protocol.tcp.sampler.BinaryTCPClientImpl.read(BinaryTCPClientImpl.java:143) ~[ApacheJMeter_tcp.jar:5.4]
	at org.apache.jmeter.protocol.tcp.sampler.TCPSampler.sample(TCPSampler.java:398) [ApacheJMeter_tcp.jar:5.4]
	at org.apache.jmeter.threads.JMeterThread.doSampling(JMeterThread.java:635) [ApacheJMeter_core.jar:5.4]
	at org.apache.jmeter.threads.JMeterThread.executeSamplePackage(JMeterThread.java:558) [ApacheJMeter_core.jar:5.4]
	at org.apache.jmeter.threads.JMeterThread.processSampler(JMeterThread.java:489) [ApacheJMeter_core.jar:5.4]
	at org.apache.jmeter.threads.JMeterThread.run(JMeterThread.java:256) [ApacheJMeter_core.jar:5.4]
	at java.lang.Thread.run(Unknown Source) [?:1.8.0_261]
Caused by: java.net.SocketTimeoutException: Read timed out
	at java.net.SocketInputStream.socketRead0(Native Method) ~[?:1.8.0_261]
	at java.net.SocketInputStream.socketRead(Unknown Source) ~[?:1.8.0_261]
	at java.net.SocketInputStream.read(Unknown Source) ~[?:1.8.0_261]
	at java.net.SocketInputStream.read(Unknown Source) ~[?:1.8.0_261]
	at java.net.SocketInputStream.read(Unknown Source) ~[?:1.8.0_261]
	at org.apache.jmeter.protocol.tcp.sampler.BinaryTCPClientImpl.read(BinaryTCPClientImpl.java:126) ~[ApacheJMeter_tcp.jar:5.4]
	... 6 more
2020-12-29 03:47:30,930 INFO o.a.j.t.JMeterThread: Stop Thread detected by thread: Thread Group 1-1
2020-12-29 03:47:30,930 INFO o.a.j.t.JMeterThread: Thread finished: Thread Group 1-1
2020-12-29 03:47:30,930 INFO o.a.j.e.StandardJMeterEngine: Notifying test listeners of end of test
2020-12-29 03:47:30,930 INFO o.a.j.s.FileServer: Close: Mapper_params.txt
2020-12-29 03:47:30,930 INFO o.a.j.g.u.JMeterMenuBar: setRunning(false, *local*)
