2006/06/14 09:14:15 INFO  - jmeter.util.JMeterUtils: Setting Locale to en_US 
2006/06/14 09:14:15 INFO  - jmeter.JMeter: Copyright (c) 1998-2006 The Apache Software Foundation 
2006/06/14 09:14:15 INFO  - jmeter.JMeter: Version 2.2 
2006/06/14 09:14:15 INFO  - jmeter.JMeter: java.version=1.4.2_07 
2006/06/14 09:14:15 INFO  - jmeter.JMeter: os.name=Mac OS X 
2006/06/14 09:14:15 INFO  - jmeter.JMeter: os.arch=ppc 
2006/06/14 09:14:15 INFO  - jmeter.JMeter: os.version=10.4.7 
2006/06/14 09:14:15 INFO  - jmeter.JMeter: Default Locale=English (United States) 
2006/06/14 09:14:15 INFO  - jmeter.JMeter: JMeter  Locale=English (United States) 
2006/06/14 09:14:15 INFO  - jmeter.JMeter: JMeterHome=/Users/ray/Desktop/jakarta-jmeter-2.2 
2006/06/14 09:14:15 INFO  - jmeter.JMeter: user.dir=/Users/ray/Desktop/jakarta-jmeter-2.2 
2006/06/14 09:14:15 INFO  - jmeter.JMeter: PWD     =/Users/ray/Desktop/jakarta-jmeter-2.2 
2006/06/14 09:14:15 INFO  - jmeter.JMeter: Loading file: testPlans/DirectActionsOneTwoThree.jmx 
2006/06/14 09:14:15 INFO  - jmeter.save.SaveService: Testplan (JMX) version: 2.2. Testlog (JTL) version: 2.2 
2006/06/14 09:14:15 INFO  - jmeter.samplers.SampleResult: Note: Sample TimeStamps are START times 
2006/06/14 09:14:15 INFO  - jmeter.samplers.SampleResult: sampleresult.default.encoding is set to ISO-8859-1 
2006/06/14 09:14:15 INFO  - jmeter.save.SaveService: Using SaveService properties file version 408187 
2006/06/14 09:14:16 WARN  - jmeter.save.SaveService: Could not set up alias MailerModel java.lang.NoClassDefFoundError: javax/mail/Message 
2006/06/14 09:14:16 INFO  - jmeter.protocol.http.sampler.HTTPSamplerBase: Cannot find .className property for htmlParser, using default 
2006/06/14 09:14:16 INFO  - jmeter.protocol.http.sampler.HTTPSamplerBase: Parser for text/html is  
2006/06/14 09:14:16 INFO  - jmeter.protocol.http.sampler.HTTPSamplerBase: Parser for application/xhtml+xml is  
2006/06/14 09:14:16 INFO  - jmeter.protocol.http.sampler.HTTPSamplerBase: Parser for application/xml is  
2006/06/14 09:14:16 INFO  - jmeter.protocol.http.sampler.HTTPSamplerBase: Parser for text/xml is  
2006/06/14 09:14:16 INFO  - jmeter.protocol.http.sampler.HTTPSamplerBase: Parser for text/vnd.wap.wml is org.apache.jmeter.protocol.http.parser.RegexpHTMLParser 
2006/06/14 09:14:16 INFO  - jmeter.protocol.http.sampler.HTTPSampler2: Local host = rrk.local 
2006/06/14 09:14:16 INFO  - jmeter.protocol.tcp.sampler.TCPSampler: Protocol Handler name=TCPClientImpl 
2006/06/14 09:14:16 INFO  - jmeter.protocol.tcp.sampler.TCPSampler: Status prefix= 
2006/06/14 09:14:16 INFO  - jmeter.protocol.tcp.sampler.TCPSampler: Status suffix= 
2006/06/14 09:14:16 INFO  - jmeter.protocol.tcp.sampler.TCPSampler: Status properties= 
2006/06/14 09:14:16 WARN  - jmeter.save.SaveService: Could not set up alias JMSSampler java.lang.NoClassDefFoundError: javax/jms/Message 
2006/06/14 09:14:16 WARN  - jmeter.save.SaveService: Could not set up alias SubscriberSampler java.lang.NoClassDefFoundError: javax/jms/MessageListener 
2006/06/14 09:14:16 WARN  - jmeter.save.SaveService: Could not set up alias MailerVisualizer java.lang.NoClassDefFoundError: javax/mail/MessagingException 
2006/06/14 09:14:16 WARN  - jmeter.save.SaveService: Could not set up alias WebServiceSampler java.lang.NoClassDefFoundError: javax/mail/MessagingException 
2006/06/14 09:14:16 INFO  - jmeter.save.SaveService: Using SaveService properties version 1.8 
2006/06/14 09:14:16 INFO  - jmeter.save.SaveService: All converter versions present and correct 
2006/06/14 09:14:17 INFO  - jmeter.engine.StandardJMeterEngine: Listeners will be started after enabling running version 
2006/06/14 09:14:17 INFO  - jmeter.engine.StandardJMeterEngine: To revert to the earlier behaviour, define jmeterengine.startlistenerslater=false 
2006/06/14 09:14:17 INFO  - jmeter.engine.StandardJMeterEngine: Running the test! 
2006/06/14 09:14:17 INFO  - jmeter.JMeter: Running test 
2006/06/14 09:14:18 INFO  - jmeter.engine.StandardJMeterEngine: Starting 5 threads for group DirectApp One-Two-Three Testers. Ramp up = 0. 
2006/06/14 09:14:18 INFO  - jmeter.engine.StandardJMeterEngine: Continue on error 
2006/06/14 09:14:18 WARN  - jmeter.threads.JMeterThread: jmeterthread.startearlier=true (see jmeter.properties) 
2006/06/14 09:14:18 INFO  - jmeter.threads.JMeterThread: Thread DirectApp One-Two-Three Testers 1-1 started 
2006/06/14 09:14:18 INFO  - jmeter.threads.JMeterThread: Thread DirectApp One-Two-Three Testers 1-2 started 
2006/06/14 09:14:18 INFO  - jmeter.threads.JMeterThread: Thread DirectApp One-Two-Three Testers 1-3 started 
2006/06/14 09:14:18 INFO  - jmeter.threads.JMeterThread: Thread DirectApp One-Two-Three Testers 1-4 started 
2006/06/14 09:14:18 INFO  - jmeter.threads.JMeterThread: Thread DirectApp One-Two-Three Testers 1-5 started 
2006/06/14 09:14:29 INFO  - jmeter.threads.JMeterThread: Thread DirectApp One-Two-Three Testers 1-4 is done 
2006/06/14 09:14:29 INFO  - jmeter.engine.StandardJMeterEngine: Ending thread 3 
2006/06/14 09:14:29 INFO  - jmeter.threads.JMeterThread: Thread DirectApp One-Two-Three Testers 1-1 is done 
2006/06/14 09:14:29 INFO  - jmeter.engine.StandardJMeterEngine: Ending thread 0 
2006/06/14 09:14:29 INFO  - jmeter.threads.JMeterThread: Thread DirectApp One-Two-Three Testers 1-2 is done 
2006/06/14 09:14:29 INFO  - jmeter.engine.StandardJMeterEngine: Ending thread 1 
2006/06/14 09:14:30 INFO  - jmeter.threads.JMeterThread: Thread DirectApp One-Two-Three Testers 1-3 is done 
2006/06/14 09:14:30 INFO  - jmeter.engine.StandardJMeterEngine: Ending thread 2 
2006/06/14 09:14:30 INFO  - jmeter.threads.JMeterThread: Thread DirectApp One-Two-Three Testers 1-5 is done 
2006/06/14 09:14:30 INFO  - jmeter.engine.StandardJMeterEngine: Ending thread 4 
2006/06/14 09:14:30 INFO  - jmeter.engine.StandardJMeterEngine: Stopping test 
2006/06/14 09:14:30 INFO  - jmeter.engine.StandardJMeterEngine: Notifying test listeners of end of test 
2006/06/14 09:14:30 INFO  - jmeter.engine.StandardJMeterEngine: Test has ended 
