2020-03-25 20:47:23,091 INFO o.a.j.u.JMeterUtils: Setting Locale to en_EN
2020-03-25 20:47:23,113 INFO o.a.j.JMeter: Loading user properties from: user.properties
2020-03-25 20:47:23,114 INFO o.a.j.JMeter: Loading system properties from: system.properties
2020-03-25 20:47:23,115 INFO o.a.j.JMeter: Copyright (c) 1998-2019 The Apache Software Foundation
2020-03-25 20:47:23,115 INFO o.a.j.JMeter: Version 5.2.1
2020-03-25 20:47:23,116 INFO o.a.j.JMeter: java.version=1.8.0_231
2020-03-25 20:47:23,116 INFO o.a.j.JMeter: java.vm.name=Java HotSpot(TM) 64-Bit Server VM
2020-03-25 20:47:23,116 INFO o.a.j.JMeter: os.name=Mac OS X
2020-03-25 20:47:23,116 INFO o.a.j.JMeter: os.arch=x86_64
2020-03-25 20:47:23,116 INFO o.a.j.JMeter: os.version=10.15.3
2020-03-25 20:47:23,116 INFO o.a.j.JMeter: file.encoding=UTF-8
2020-03-25 20:47:23,116 INFO o.a.j.JMeter: java.awt.headless=null
2020-03-25 20:47:23,116 INFO o.a.j.JMeter: Max memory     =1073741824
2020-03-25 20:47:23,116 INFO o.a.j.JMeter: Available Processors =8
2020-03-25 20:47:23,120 INFO o.a.j.JMeter: Default Locale=English (EN)
2020-03-25 20:47:23,120 INFO o.a.j.JMeter: JMeter  Locale=English (EN)
2020-03-25 20:47:23,120 INFO o.a.j.JMeter: JMeterHome=/root/jmeter-bundle-4.2.0-SNAPSHOT/jmeter
2020-03-25 20:47:23,120 INFO o.a.j.JMeter: user.dir  =/root/jmeter-bundle-4.2.0-SNAPSHOT/jmeter/bin
2020-03-25 20:47:23,120 INFO o.a.j.JMeter: PWD       =/root/jmeter-bundle-4.2.0-SNAPSHOT/jmeter/bin
2020-03-25 20:47:28,133 INFO o.a.j.JMeter: IP: 192.168.2.73 Name: gromit.local FullName: iq.example.com
2020-03-25 20:47:30,104 INFO o.a.j.g.a.LookAndFeelCommand: Installing Darcula LAF
2020-03-25 20:47:30,117 INFO o.a.j.g.a.LookAndFeelCommand: Using look and feel: com.bulenkov.darcula.DarculaLaf [Darcula]
2020-03-25 20:47:30,117 INFO o.a.j.JMeter: Setting LAF to: com.bulenkov.darcula.DarculaLaf
2020-03-25 20:47:30,185 INFO o.a.j.JMeter: Loaded icon properties from org/apache/jmeter/images/icon.properties
2020-03-25 20:47:32,420 INFO o.a.j.p.h.s.HTTPSamplerBase: Parser for text/html is org.apache.jmeter.protocol.http.parser.LagartoBasedHtmlParser
2020-03-25 20:47:32,421 INFO o.a.j.p.h.s.HTTPSamplerBase: Parser for application/xhtml+xml is org.apache.jmeter.protocol.http.parser.LagartoBasedHtmlParser
2020-03-25 20:47:32,421 INFO o.a.j.p.h.s.HTTPSamplerBase: Parser for application/xml is org.apache.jmeter.protocol.http.parser.LagartoBasedHtmlParser
2020-03-25 20:47:32,421 INFO o.a.j.p.h.s.HTTPSamplerBase: Parser for text/xml is org.apache.jmeter.protocol.http.parser.LagartoBasedHtmlParser
2020-03-25 20:47:32,421 INFO o.a.j.p.h.s.HTTPSamplerBase: Parser for text/vnd.wap.wml is org.apache.jmeter.protocol.http.parser.RegexpHTMLParser
2020-03-25 20:47:32,421 INFO o.a.j.p.h.s.HTTPSamplerBase: Parser for text/css is org.apache.jmeter.protocol.http.parser.CssParser
2020-03-25 20:47:33,987 INFO o.a.j.e.KeyToolUtils: keytool found at 'keytool'
2020-03-25 20:47:33,988 INFO o.a.j.p.h.p.ProxyControl: HTTP(S) Test Script Recorder SSL Proxy will use keys that support embedded 3rd party resources in file /root/jmeter-bundle-4.2.0-SNAPSHOT/jmeter/bin/proxyserver.jks
2020-03-25 20:47:34,173 INFO o.a.j.s.FileServer: Default base='/root/jmeter-bundle-4.2.0-SNAPSHOT/jmeter/bin'
2020-03-25 20:47:34,522 INFO o.a.j.s.SampleResult: Note: Sample TimeStamps are START times
2020-03-25 20:47:34,522 INFO o.a.j.s.SampleResult: sampleresult.default.encoding is set to ISO-8859-1
2020-03-25 20:47:34,522 INFO o.a.j.s.SampleResult: sampleresult.useNanoTime=true
2020-03-25 20:47:34,522 INFO o.a.j.s.SampleResult: sampleresult.nanoThreadSleep=5000
2020-03-25 20:47:36,208 INFO o.j.r.JARSourceHTTP: Found cached repo
2020-03-25 20:47:36,415 INFO o.j.r.PluginManager: Plugins Status: [jpgc-graphs-basic=2.0, jpgc-graphs-additional=2.0, jpgc-cmd=2.2, jpgc-graphs-composite=2.0, jpgc-functions=2.1, jpgc-casutg=2.9, jpgc-graphs-dist=2.0, jpgc-dummy=0.4, jpgc-ffw=2.0, jpgc-ggl=2.0, jpgc-fifo=0.2, jpgc-jmxmon=0.2, jpgc-mergeresults=2.1, bzm-parallel=0.9, jpgc-prmctl=0.4, jpgc-perfmon=2.1, jpgc-plugins-manager=1.3, bzm-random-csv=0.6, jpgc-plancheck=2.4, jpgc-tst=2.5, jpgc-csvars=0.1, jpgc-wsc=0.7, jmeter-core=5.2.1, jmeter-ftp=5.2.1, jmeter-http=5.2.1, jmeter-jdbc=5.2.1, jmeter-jms=5.2.1, jmeter-junit=5.2.1, jmeter-java=5.2.1, jmeter-ldap=5.2.1, jmeter-mail=5.2.1, jmeter-mongodb=5.2.1, jmeter-native=5.2.1, jmeter-tcp=5.2.1, jmeter-components=5.2.1, jpgc-standard=2.0]
2020-03-25 21:50:48,351 INFO o.a.j.g.a.Load: Loading file: /root/jmeter-bundle-4.2.0-SNAPSHOT/jmeter/bin/basic-auth-challenge-test.jmx
2020-03-25 21:50:48,355 INFO o.a.j.s.FileServer: Set new base='/root/jmeter-bundle-4.2.0-SNAPSHOT/jmeter/bin'
2020-03-25 21:50:48,519 INFO o.a.j.s.SaveService: Testplan (JMX) version: 2.2. Testlog (JTL) version: 2.2
2020-03-25 21:50:48,526 INFO o.a.j.s.SaveService: Using SaveService properties file encoding UTF-8
2020-03-25 21:50:48,528 INFO o.a.j.s.SaveService: Using SaveService properties version 5.0
2020-03-25 21:50:48,532 INFO o.a.j.s.SaveService: Loading file: /root/jmeter-bundle-4.2.0-SNAPSHOT/jmeter/bin/basic-auth-challenge-test.jmx
2020-03-25 21:50:48,768 INFO o.a.j.s.FileServer: Set new base='/root/jmeter-bundle-4.2.0-SNAPSHOT/jmeter/bin'
2020-03-25 21:51:03,964 WARN o.a.j.g.a.LogLevelCommand: Setting root log level: DEBUG
2020-03-25 21:51:09,842 DEBUG o.a.j.g.GuiPackage: Updating current node HTTP Authorization Manager
2020-03-25 21:51:09,842 DEBUG o.a.j.g.GuiPackage: Gui retrieved = org.apache.jmeter.protocol.http.gui.AuthPanel[HTTP Authorization Manager,0,0,986x772,invalid,layout=java.awt.BorderLayout,alignmentX=0.0,alignmentY=0.0,border=javax.swing.border.EmptyBorder@449250ca,flags=9,maximumSize=,minimumSize=,preferredSize=]
2020-03-25 21:51:09,843 DEBUG o.a.j.t.p.AbstractProperty: merging in class org.apache.jmeter.testelement.property.CollectionProperty
2020-03-25 21:51:09,843 DEBUG o.a.j.g.AbstractJMeterGuiComponent: setting element to enabled: true
2020-03-25 21:51:09,843 DEBUG o.a.j.g.GuiPackage: Gui retrieved = org.apache.jmeter.protocol.http.gui.AuthPanel[HTTP Authorization Manager,0,0,986x772,invalid,layout=java.awt.BorderLayout,alignmentX=0.0,alignmentY=0.0,border=javax.swing.border.EmptyBorder@449250ca,flags=9,maximumSize=,minimumSize=,preferredSize=]
2020-03-25 21:51:09,843 DEBUG o.a.j.t.p.AbstractProperty: merging in class org.apache.jmeter.testelement.property.CollectionProperty
2020-03-25 21:51:09,844 DEBUG o.a.j.g.a.AbstractAction: popupShouldSave
2020-03-25 21:51:09,844 DEBUG o.a.j.g.GuiPackage: Updating current node HTTP Authorization Manager
2020-03-25 21:51:09,844 DEBUG o.a.j.g.GuiPackage: Gui retrieved = org.apache.jmeter.protocol.http.gui.AuthPanel[HTTP Authorization Manager,0,0,986x772,invalid,layout=java.awt.BorderLayout,alignmentX=0.0,alignmentY=0.0,border=javax.swing.border.EmptyBorder@449250ca,flags=9,maximumSize=,minimumSize=,preferredSize=]
2020-03-25 21:51:09,844 DEBUG o.a.j.t.p.AbstractProperty: merging in class org.apache.jmeter.testelement.property.CollectionProperty
2020-03-25 21:51:09,844 DEBUG o.a.j.g.AbstractJMeterGuiComponent: setting element to enabled: true
2020-03-25 21:51:09,844 DEBUG o.a.j.g.GuiPackage: Gui retrieved = org.apache.jmeter.protocol.http.gui.AuthPanel[HTTP Authorization Manager,0,0,986x772,invalid,layout=java.awt.BorderLayout,alignmentX=0.0,alignmentY=0.0,border=javax.swing.border.EmptyBorder@449250ca,flags=9,maximumSize=,minimumSize=,preferredSize=]
2020-03-25 21:51:09,845 DEBUG o.a.j.t.p.AbstractProperty: merging in class org.apache.jmeter.testelement.property.CollectionProperty
2020-03-25 21:51:09,845 DEBUG o.a.j.g.GuiPackage: Updating current node HTTP Authorization Manager
2020-03-25 21:51:09,845 DEBUG o.a.j.g.GuiPackage: Gui retrieved = org.apache.jmeter.protocol.http.gui.AuthPanel[HTTP Authorization Manager,0,0,986x772,invalid,layout=java.awt.BorderLayout,alignmentX=0.0,alignmentY=0.0,border=javax.swing.border.EmptyBorder@449250ca,flags=9,maximumSize=,minimumSize=,preferredSize=]
2020-03-25 21:51:09,845 DEBUG o.a.j.t.p.AbstractProperty: merging in class org.apache.jmeter.testelement.property.CollectionProperty
2020-03-25 21:51:09,846 DEBUG o.a.j.g.AbstractJMeterGuiComponent: setting element to enabled: true
2020-03-25 21:51:09,846 DEBUG o.a.j.g.GuiPackage: Gui retrieved = org.apache.jmeter.protocol.http.gui.AuthPanel[HTTP Authorization Manager,0,0,986x772,invalid,layout=java.awt.BorderLayout,alignmentX=0.0,alignmentY=0.0,border=javax.swing.border.EmptyBorder@449250ca,flags=9,maximumSize=,minimumSize=,preferredSize=]
2020-03-25 21:51:09,846 DEBUG o.a.j.t.p.AbstractProperty: merging in class org.apache.jmeter.testelement.property.CollectionProperty
2020-03-25 21:51:09,846 DEBUG o.a.j.g.a.CheckDirty: Node is class: class org.apache.jmeter.gui.tree.JMeterTreeNode
2020-03-25 21:51:09,846 DEBUG o.a.j.g.a.CheckDirty: Node is class: class org.apache.jmeter.gui.tree.JMeterTreeNode
2020-03-25 21:51:09,846 DEBUG o.a.j.g.a.CheckDirty: Node is class: class org.apache.jmeter.gui.tree.JMeterTreeNode
2020-03-25 21:51:09,847 DEBUG o.a.j.g.a.CheckDirty: Node is class: class org.apache.jmeter.gui.tree.JMeterTreeNode
2020-03-25 21:51:09,847 DEBUG o.a.j.g.a.CheckDirty: Node is class: class org.apache.jmeter.gui.tree.JMeterTreeNode
2020-03-25 21:51:09,860 DEBUG o.a.j.g.GuiPackage: Updating current node HTTP Authorization Manager
2020-03-25 21:51:09,860 DEBUG o.a.j.g.GuiPackage: Gui retrieved = org.apache.jmeter.protocol.http.gui.AuthPanel[HTTP Authorization Manager,0,0,986x772,invalid,layout=java.awt.BorderLayout,alignmentX=0.0,alignmentY=0.0,border=javax.swing.border.EmptyBorder@449250ca,flags=9,maximumSize=,minimumSize=,preferredSize=]
2020-03-25 21:51:09,860 DEBUG o.a.j.t.p.AbstractProperty: merging in class org.apache.jmeter.testelement.property.CollectionProperty
2020-03-25 21:51:09,860 DEBUG o.a.j.g.AbstractJMeterGuiComponent: setting element to enabled: true
2020-03-25 21:51:09,861 DEBUG o.a.j.g.GuiPackage: Gui retrieved = org.apache.jmeter.protocol.http.gui.AuthPanel[HTTP Authorization Manager,0,0,986x772,invalid,layout=java.awt.BorderLayout,alignmentX=0.0,alignmentY=0.0,border=javax.swing.border.EmptyBorder@449250ca,flags=9,maximumSize=,minimumSize=,preferredSize=]
2020-03-25 21:51:09,861 DEBUG o.a.j.t.p.AbstractProperty: merging in class org.apache.jmeter.testelement.property.CollectionProperty
2020-03-25 21:51:09,861 DEBUG o.a.j.g.a.CheckDirty: Node is class: class org.apache.jmeter.gui.tree.JMeterTreeNode
2020-03-25 21:51:09,862 DEBUG o.a.j.g.a.CheckDirty: Node is class: class org.apache.jmeter.gui.tree.JMeterTreeNode
2020-03-25 21:51:09,862 DEBUG o.a.j.g.a.CheckDirty: Node is class: class org.apache.jmeter.gui.tree.JMeterTreeNode
2020-03-25 21:51:09,862 DEBUG o.a.j.g.a.CheckDirty: Node is class: class org.apache.jmeter.gui.tree.JMeterTreeNode
2020-03-25 21:51:09,862 DEBUG o.a.j.g.a.CheckDirty: Node is class: class org.apache.jmeter.gui.tree.JMeterTreeNode
2020-03-25 21:51:09,862 DEBUG o.a.j.g.a.CheckDirty: Node is class: class org.apache.jmeter.gui.tree.JMeterTreeNode
2020-03-25 21:51:09,863 DEBUG o.a.j.g.a.CheckDirty: Node is class: class org.apache.jmeter.gui.tree.JMeterTreeNode
2020-03-25 21:51:09,863 DEBUG o.a.j.g.a.CheckDirty: Node is class: class org.apache.jmeter.gui.tree.JMeterTreeNode
2020-03-25 21:51:09,863 DEBUG o.a.j.g.a.CheckDirty: Node is class: class org.apache.jmeter.gui.tree.JMeterTreeNode
2020-03-25 21:51:09,863 DEBUG o.a.j.g.a.CheckDirty: Node is class: class org.apache.jmeter.gui.tree.JMeterTreeNode
2020-03-25 21:51:09,868 DEBUG o.a.j.g.GuiPackage: Updating current node HTTP Authorization Manager
2020-03-25 21:51:09,868 DEBUG o.a.j.g.GuiPackage: Gui retrieved = org.apache.jmeter.protocol.http.gui.AuthPanel[HTTP Authorization Manager,0,0,986x772,invalid,layout=java.awt.BorderLayout,alignmentX=0.0,alignmentY=0.0,border=javax.swing.border.EmptyBorder@449250ca,flags=9,maximumSize=,minimumSize=,preferredSize=]
2020-03-25 21:51:09,868 DEBUG o.a.j.t.p.AbstractProperty: merging in class org.apache.jmeter.testelement.property.CollectionProperty
2020-03-25 21:51:09,869 DEBUG o.a.j.g.AbstractJMeterGuiComponent: setting element to enabled: true
2020-03-25 21:51:09,869 DEBUG o.a.j.g.GuiPackage: Gui retrieved = org.apache.jmeter.protocol.http.gui.AuthPanel[HTTP Authorization Manager,0,0,986x772,invalid,layout=java.awt.BorderLayout,alignmentX=0.0,alignmentY=0.0,border=javax.swing.border.EmptyBorder@449250ca,flags=9,maximumSize=,minimumSize=,preferredSize=]
2020-03-25 21:51:09,869 DEBUG o.a.j.t.p.AbstractProperty: merging in class org.apache.jmeter.testelement.property.CollectionProperty
2020-03-25 21:51:09,870 DEBUG o.a.j.g.a.Start: test plan before cloning is running version: false
2020-03-25 21:51:09,876 DEBUG o.a.j.g.a.Start: test plan after cloning and running test is running version: false
2020-03-25 21:51:09,876 INFO o.a.j.e.StandardJMeterEngine: Running the test!
2020-03-25 21:51:09,878 INFO o.a.j.s.SampleEvent: List of sample_variables: []
2020-03-25 21:51:09,878 INFO o.a.j.s.SampleEvent: List of sample_variables: []
2020-03-25 21:51:09,881 INFO o.a.j.e.u.CompoundVariable: Note: Function class names must contain the string: '.functions.'
2020-03-25 21:51:09,882 INFO o.a.j.e.u.CompoundVariable: Note: Function class names must not contain the string: '.gui.'
2020-03-25 21:51:10,421 DEBUG o.a.j.f.StringFromFile: ++++++++ Construct {}org.apache.jmeter.functions.StringFromFile@5c473dd6
2020-03-25 21:51:10,426 DEBUG o.a.j.e.u.CompoundVariable: Function count: 69
2020-03-25 21:51:10,427 DEBUG o.a.j.e.u.ValueReplacer: About to replace in property of type: class org.apache.jmeter.testelement.property.StringProperty: org.apache.jmeter.control.gui.TestPlanGui
2020-03-25 21:51:10,427 DEBUG o.a.j.e.u.ValueReplacer: About to replace in property of type: class org.apache.jmeter.testelement.property.StringProperty: org.apache.jmeter.testelement.TestPlan
2020-03-25 21:51:10,427 DEBUG o.a.j.e.u.ValueReplacer: About to replace in property of type: class org.apache.jmeter.testelement.property.StringProperty: Test Plan
2020-03-25 21:51:10,427 DEBUG o.a.j.e.u.ValueReplacer: Replacement result: Test Plan
2020-03-25 21:51:10,427 DEBUG o.a.j.e.u.ValueReplacer: About to replace in property of type: class org.apache.jmeter.testelement.property.StringProperty: true
2020-03-25 21:51:10,428 DEBUG o.a.j.e.u.ValueReplacer: Replacement result: true
2020-03-25 21:51:10,428 DEBUG o.a.j.e.u.ValueReplacer: About to replace in property of type: class org.apache.jmeter.testelement.property.StringProperty: 
2020-03-25 21:51:10,428 DEBUG o.a.j.e.u.ValueReplacer: Replacement result: 
2020-03-25 21:51:10,428 DEBUG o.a.j.e.u.ValueReplacer: About to replace in property of type: class org.apache.jmeter.testelement.property.BooleanProperty: false
2020-03-25 21:51:10,428 DEBUG o.a.j.e.u.ValueReplacer: Won't replace false
2020-03-25 21:51:10,428 DEBUG o.a.j.e.u.ValueReplacer: About to replace in property of type: class org.apache.jmeter.testelement.property.BooleanProperty: true
2020-03-25 21:51:10,428 DEBUG o.a.j.e.u.ValueReplacer: Won't replace true
2020-03-25 21:51:10,428 DEBUG o.a.j.e.u.ValueReplacer: About to replace in property of type: class org.apache.jmeter.testelement.property.BooleanProperty: false
2020-03-25 21:51:10,428 DEBUG o.a.j.e.u.ValueReplacer: Won't replace false
2020-03-25 21:51:10,428 DEBUG o.a.j.e.u.ValueReplacer: About to replace in property of type: class org.apache.jmeter.testelement.property.TestElementProperty: 
2020-03-25 21:51:10,428 DEBUG o.a.j.e.u.ValueReplacer: About to replace in property of type: class org.apache.jmeter.testelement.property.CollectionProperty: []
2020-03-25 21:51:10,428 DEBUG o.a.j.e.u.ValueReplacer: Replacement result: []
2020-03-25 21:51:10,429 DEBUG o.a.j.e.u.ValueReplacer: About to replace in property of type: class org.apache.jmeter.testelement.property.StringProperty: org.apache.jmeter.config.gui.ArgumentsPanel
2020-03-25 21:51:10,429 DEBUG o.a.j.e.u.ValueReplacer: About to replace in property of type: class org.apache.jmeter.testelement.property.StringProperty: org.apache.jmeter.config.Arguments
2020-03-25 21:51:10,429 DEBUG o.a.j.e.u.ValueReplacer: About to replace in property of type: class org.apache.jmeter.testelement.property.StringProperty: User Defined Variables
2020-03-25 21:51:10,429 DEBUG o.a.j.e.u.ValueReplacer: Replacement result: User Defined Variables
2020-03-25 21:51:10,429 DEBUG o.a.j.e.u.ValueReplacer: About to replace in property of type: class org.apache.jmeter.testelement.property.StringProperty: true
2020-03-25 21:51:10,429 DEBUG o.a.j.e.u.ValueReplacer: Replacement result: true
2020-03-25 21:51:10,429 DEBUG o.a.j.e.u.ValueReplacer: Replacement result: 
2020-03-25 21:51:10,429 DEBUG o.a.j.e.u.ValueReplacer: About to replace in property of type: class org.apache.jmeter.testelement.property.StringProperty: 
2020-03-25 21:51:10,429 DEBUG o.a.j.e.u.ValueReplacer: Replacement result: 
2020-03-25 21:51:10,430 DEBUG o.a.j.e.u.ValueReplacer: About to replace in property of type: class org.apache.jmeter.testelement.property.CollectionProperty: [http	user	passwd		Fake Realm	BASIC]
2020-03-25 21:51:10,430 DEBUG o.a.j.e.u.ValueReplacer: About to replace in property of type: class org.apache.jmeter.testelement.property.TestElementProperty: http	user	passwd		Fake Realm	BASIC
2020-03-25 21:51:10,430 DEBUG o.a.j.e.u.ValueReplacer: About to replace in property of type: class org.apache.jmeter.testelement.property.StringProperty: http
2020-03-25 21:51:10,430 DEBUG o.a.j.e.u.ValueReplacer: Replacement result: http
2020-03-25 21:51:10,430 DEBUG o.a.j.e.u.ValueReplacer: About to replace in property of type: class org.apache.jmeter.testelement.property.StringProperty: user
2020-03-25 21:51:10,431 DEBUG o.a.j.e.u.ValueReplacer: Replacement result: user
2020-03-25 21:51:10,431 DEBUG o.a.j.e.u.ValueReplacer: About to replace in property of type: class org.apache.jmeter.testelement.property.StringProperty: passwd
2020-03-25 21:51:10,431 DEBUG o.a.j.e.u.ValueReplacer: Replacement result: passwd
2020-03-25 21:51:10,431 DEBUG o.a.j.e.u.ValueReplacer: About to replace in property of type: class org.apache.jmeter.testelement.property.StringProperty: 
2020-03-25 21:51:10,431 DEBUG o.a.j.e.u.ValueReplacer: Replacement result: 
2020-03-25 21:51:10,431 DEBUG o.a.j.e.u.ValueReplacer: About to replace in property of type: class org.apache.jmeter.testelement.property.StringProperty: Fake Realm
2020-03-25 21:51:10,431 DEBUG o.a.j.e.u.ValueReplacer: Replacement result: Fake Realm
2020-03-25 21:51:10,431 DEBUG o.a.j.e.u.ValueReplacer: Replacement result: http	user	passwd		Fake Realm	BASIC
2020-03-25 21:51:10,431 DEBUG o.a.j.e.u.ValueReplacer: Replacement result: [http	user	passwd		Fake Realm	BASIC]
2020-03-25 21:51:10,431 DEBUG o.a.j.e.u.ValueReplacer: About to replace in property of type: class org.apache.jmeter.testelement.property.StringProperty: org.apache.jmeter.protocol.http.gui.AuthPanel
2020-03-25 21:51:10,431 DEBUG o.a.j.e.u.ValueReplacer: About to replace in property of type: class org.apache.jmeter.testelement.property.StringProperty: org.apache.jmeter.protocol.http.control.AuthManager
2020-03-25 21:51:10,431 DEBUG o.a.j.e.u.ValueReplacer: About to replace in property of type: class org.apache.jmeter.testelement.property.StringProperty: HTTP Authorization Manager
2020-03-25 21:51:10,432 DEBUG o.a.j.e.u.ValueReplacer: Replacement result: HTTP Authorization Manager
2020-03-25 21:51:10,432 DEBUG o.a.j.e.u.ValueReplacer: About to replace in property of type: class org.apache.jmeter.testelement.property.BooleanProperty: true
2020-03-25 21:51:10,432 DEBUG o.a.j.e.u.ValueReplacer: Won't replace true
2020-03-25 21:51:10,432 DEBUG o.a.j.e.u.ValueReplacer: About to replace in property of type: class org.apache.jmeter.testelement.property.BooleanProperty: false
2020-03-25 21:51:10,432 DEBUG o.a.j.e.u.ValueReplacer: Won't replace false
2020-03-25 21:51:10,432 DEBUG o.a.j.e.u.ValueReplacer: About to replace in property of type: class org.apache.jmeter.testelement.property.StringProperty: 
2020-03-25 21:51:10,432 DEBUG o.a.j.e.u.ValueReplacer: Replacement result: 
2020-03-25 21:51:10,432 DEBUG o.a.j.e.u.ValueReplacer: About to replace in property of type: class org.apache.jmeter.testelement.property.StringProperty: org.apache.jmeter.threads.gui.ThreadGroupGui
2020-03-25 21:51:10,432 DEBUG o.a.j.e.u.ValueReplacer: About to replace in property of type: class org.apache.jmeter.testelement.property.StringProperty: org.apache.jmeter.threads.ThreadGroup
2020-03-25 21:51:10,432 DEBUG o.a.j.e.u.ValueReplacer: About to replace in property of type: class org.apache.jmeter.testelement.property.StringProperty: Thread Group
2020-03-25 21:51:10,432 DEBUG o.a.j.e.u.ValueReplacer: Replacement result: Thread Group
2020-03-25 21:51:10,433 DEBUG o.a.j.e.u.ValueReplacer: About to replace in property of type: class org.apache.jmeter.testelement.property.BooleanProperty: true
2020-03-25 21:51:10,433 DEBUG o.a.j.e.u.ValueReplacer: Won't replace true
2020-03-25 21:51:10,433 DEBUG o.a.j.e.u.ValueReplacer: About to replace in property of type: class org.apache.jmeter.testelement.property.StringProperty: continue
2020-03-25 21:51:10,433 DEBUG o.a.j.e.u.ValueReplacer: Replacement result: continue
2020-03-25 21:51:10,433 DEBUG o.a.j.e.u.ValueReplacer: About to replace in property of type: class org.apache.jmeter.testelement.property.TestElementProperty: org.apache.jmeter.control.LoopController@206d2fb5
2020-03-25 21:51:10,433 DEBUG o.a.j.e.u.ValueReplacer: About to replace in property of type: class org.apache.jmeter.testelement.property.BooleanProperty: false
2020-03-25 21:51:10,433 DEBUG o.a.j.e.u.ValueReplacer: Won't replace false
2020-03-25 21:51:10,433 DEBUG o.a.j.e.u.ValueReplacer: About to replace in property of type: class org.apache.jmeter.testelement.property.StringProperty: Loop Controller
2020-03-25 21:51:10,433 DEBUG o.a.j.e.u.ValueReplacer: Replacement result: Loop Controller
2020-03-25 21:51:10,433 DEBUG o.a.j.e.u.ValueReplacer: About to replace in property of type: class org.apache.jmeter.testelement.property.StringProperty: org.apache.jmeter.control.gui.LoopControlPanel
2020-03-25 21:51:10,433 DEBUG o.a.j.e.u.ValueReplacer: About to replace in property of type: class org.apache.jmeter.testelement.property.StringProperty: org.apache.jmeter.control.LoopController
2020-03-25 21:51:10,433 DEBUG o.a.j.e.u.ValueReplacer: About to replace in property of type: class org.apache.jmeter.testelement.property.BooleanProperty: true
2020-03-25 21:51:10,433 DEBUG o.a.j.e.u.ValueReplacer: Won't replace true
2020-03-25 21:51:10,434 DEBUG o.a.j.e.u.ValueReplacer: About to replace in property of type: class org.apache.jmeter.testelement.property.StringProperty: 
2020-03-25 21:51:10,434 DEBUG o.a.j.e.u.ValueReplacer: Replacement result: 
2020-03-25 21:51:10,434 DEBUG o.a.j.e.u.ValueReplacer: About to replace in property of type: class org.apache.jmeter.testelement.property.StringProperty: 1
2020-03-25 21:51:10,434 DEBUG o.a.j.e.u.ValueReplacer: Replacement result: 1
2020-03-25 21:51:10,434 DEBUG o.a.j.e.u.ValueReplacer: Replacement result: org.apache.jmeter.control.LoopController@206d2fb5
2020-03-25 21:51:10,434 DEBUG o.a.j.e.u.ValueReplacer: About to replace in property of type: class org.apache.jmeter.testelement.property.StringProperty: 1
2020-03-25 21:51:10,434 DEBUG o.a.j.e.u.ValueReplacer: Replacement result: 1
2020-03-25 21:51:10,434 DEBUG o.a.j.e.u.ValueReplacer: About to replace in property of type: class org.apache.jmeter.testelement.property.StringProperty: 1
2020-03-25 21:51:10,434 DEBUG o.a.j.e.u.ValueReplacer: Replacement result: 1
2020-03-25 21:51:10,434 DEBUG o.a.j.e.u.ValueReplacer: About to replace in property of type: class org.apache.jmeter.testelement.property.BooleanProperty: false
2020-03-25 21:51:10,434 DEBUG o.a.j.e.u.ValueReplacer: Won't replace false
2020-03-25 21:51:10,434 DEBUG o.a.j.e.u.ValueReplacer: About to replace in property of type: class org.apache.jmeter.testelement.property.StringProperty: 
2020-03-25 21:51:10,434 DEBUG o.a.j.e.u.ValueReplacer: Replacement result: 
2020-03-25 21:51:10,434 DEBUG o.a.j.e.u.ValueReplacer: About to replace in property of type: class org.apache.jmeter.testelement.property.StringProperty: 
2020-03-25 21:51:10,435 DEBUG o.a.j.e.u.ValueReplacer: Replacement result: 
2020-03-25 21:51:10,435 DEBUG o.a.j.e.u.ValueReplacer: About to replace in property of type: class org.apache.jmeter.testelement.property.BooleanProperty: true
2020-03-25 21:51:10,435 DEBUG o.a.j.e.u.ValueReplacer: Won't replace true
2020-03-25 21:51:10,435 DEBUG o.a.j.e.u.ValueReplacer: About to replace in property of type: class org.apache.jmeter.testelement.property.StringProperty: 
2020-03-25 21:51:10,435 DEBUG o.a.j.e.u.ValueReplacer: Replacement result: 
2020-03-25 21:51:10,435 DEBUG o.a.j.e.u.ValueReplacer: About to replace in property of type: class org.apache.jmeter.testelement.property.TestElementProperty: 
2020-03-25 21:51:10,435 DEBUG o.a.j.e.u.ValueReplacer: About to replace in property of type: class org.apache.jmeter.testelement.property.CollectionProperty: []
2020-03-25 21:51:10,435 DEBUG o.a.j.e.u.ValueReplacer: Replacement result: []
2020-03-25 21:51:10,435 DEBUG o.a.j.e.u.ValueReplacer: About to replace in property of type: class org.apache.jmeter.testelement.property.StringProperty: User Defined Variables
2020-03-25 21:51:10,435 DEBUG o.a.j.e.u.ValueReplacer: Replacement result: User Defined Variables
2020-03-25 21:51:10,436 DEBUG o.a.j.e.u.ValueReplacer: About to replace in property of type: class org.apache.jmeter.testelement.property.StringProperty: org.apache.jmeter.protocol.http.gui.HTTPArgumentsPanel
2020-03-25 21:51:10,436 DEBUG o.a.j.e.u.ValueReplacer: About to replace in property of type: class org.apache.jmeter.testelement.property.StringProperty: org.apache.jmeter.config.Arguments
2020-03-25 21:51:10,436 DEBUG o.a.j.e.u.ValueReplacer: About to replace in property of type: class org.apache.jmeter.testelement.property.BooleanProperty: true
2020-03-25 21:51:10,436 DEBUG o.a.j.e.u.ValueReplacer: Won't replace true
2020-03-25 21:51:10,436 DEBUG o.a.j.e.u.ValueReplacer: About to replace in property of type: class org.apache.jmeter.testelement.property.StringProperty: 
2020-03-25 21:51:10,436 DEBUG o.a.j.e.u.ValueReplacer: Replacement result: 
2020-03-25 21:51:10,436 DEBUG o.a.j.e.u.ValueReplacer: Replacement result: 
2020-03-25 21:51:10,436 DEBUG o.a.j.e.u.ValueReplacer: About to replace in property of type: class org.apache.jmeter.testelement.property.StringProperty: httpbin.org
2020-03-25 21:51:10,436 DEBUG o.a.j.e.u.ValueReplacer: Replacement result: httpbin.org
2020-03-25 21:51:10,436 DEBUG o.a.j.e.u.ValueReplacer: About to replace in property of type: class org.apache.jmeter.testelement.property.StringProperty: 
2020-03-25 21:51:10,436 DEBUG o.a.j.e.u.ValueReplacer: Replacement result: 
2020-03-25 21:51:10,436 DEBUG o.a.j.e.u.ValueReplacer: About to replace in property of type: class org.apache.jmeter.testelement.property.StringProperty: https
2020-03-25 21:51:10,437 DEBUG o.a.j.e.u.ValueReplacer: Replacement result: https
2020-03-25 21:51:10,437 DEBUG o.a.j.e.u.ValueReplacer: About to replace in property of type: class org.apache.jmeter.testelement.property.StringProperty: 
2020-03-25 21:51:10,437 DEBUG o.a.j.e.u.ValueReplacer: Replacement result: 
2020-03-25 21:51:10,437 DEBUG o.a.j.e.u.ValueReplacer: About to replace in property of type: class org.apache.jmeter.testelement.property.StringProperty: /basic-auth/user/passwd
2020-03-25 21:51:10,437 DEBUG o.a.j.e.u.ValueReplacer: Replacement result: /basic-auth/user/passwd
2020-03-25 21:51:10,437 DEBUG o.a.j.e.u.ValueReplacer: About to replace in property of type: class org.apache.jmeter.testelement.property.StringProperty: GET
2020-03-25 21:51:10,437 DEBUG o.a.j.e.u.ValueReplacer: Replacement result: GET
2020-03-25 21:51:10,437 DEBUG o.a.j.e.u.ValueReplacer: About to replace in property of type: class org.apache.jmeter.testelement.property.BooleanProperty: true
2020-03-25 21:51:10,437 DEBUG o.a.j.e.u.ValueReplacer: Won't replace true
2020-03-25 21:51:10,437 DEBUG o.a.j.e.u.ValueReplacer: About to replace in property of type: class org.apache.jmeter.testelement.property.BooleanProperty: false
2020-03-25 21:51:10,437 DEBUG o.a.j.e.u.ValueReplacer: Won't replace false
2020-03-25 21:51:10,437 DEBUG o.a.j.e.u.ValueReplacer: About to replace in property of type: class org.apache.jmeter.testelement.property.BooleanProperty: true
2020-03-25 21:51:10,437 DEBUG o.a.j.e.u.ValueReplacer: Won't replace true
2020-03-25 21:51:10,437 DEBUG o.a.j.e.u.ValueReplacer: About to replace in property of type: class org.apache.jmeter.testelement.property.BooleanProperty: false
2020-03-25 21:51:10,437 DEBUG o.a.j.e.u.ValueReplacer: Won't replace false
2020-03-25 21:51:10,437 DEBUG o.a.j.e.u.ValueReplacer: About to replace in property of type: class org.apache.jmeter.testelement.property.BooleanProperty: true
2020-03-25 21:51:10,437 DEBUG o.a.j.e.u.ValueReplacer: Won't replace true
2020-03-25 21:51:10,437 DEBUG o.a.j.e.u.ValueReplacer: About to replace in property of type: class org.apache.jmeter.testelement.property.StringProperty: 
2020-03-25 21:51:10,437 DEBUG o.a.j.e.u.ValueReplacer: Replacement result: 
2020-03-25 21:51:10,437 DEBUG o.a.j.e.u.ValueReplacer: About to replace in property of type: class org.apache.jmeter.testelement.property.StringProperty: 
2020-03-25 21:51:10,438 DEBUG o.a.j.e.u.ValueReplacer: Replacement result: 
2020-03-25 21:51:10,438 DEBUG o.a.j.e.u.ValueReplacer: About to replace in property of type: class org.apache.jmeter.testelement.property.StringProperty: 
2020-03-25 21:51:10,438 DEBUG o.a.j.e.u.ValueReplacer: Replacement result: 
2020-03-25 21:51:10,438 DEBUG o.a.j.e.u.ValueReplacer: About to replace in property of type: class org.apache.jmeter.testelement.property.StringProperty: HTTP Request
2020-03-25 21:51:10,438 DEBUG o.a.j.e.u.ValueReplacer: Replacement result: HTTP Request
2020-03-25 21:51:10,438 DEBUG o.a.j.e.u.ValueReplacer: About to replace in property of type: class org.apache.jmeter.testelement.property.StringProperty: org.apache.jmeter.protocol.http.control.gui.HttpTestSampleGui
2020-03-25 21:51:10,438 DEBUG o.a.j.e.u.ValueReplacer: About to replace in property of type: class org.apache.jmeter.testelement.property.StringProperty: org.apache.jmeter.protocol.http.sampler.HTTPSamplerProxy
2020-03-25 21:51:10,438 DEBUG o.a.j.e.u.ValueReplacer: About to replace in property of type: class org.apache.jmeter.testelement.property.BooleanProperty: true
2020-03-25 21:51:10,438 DEBUG o.a.j.e.u.ValueReplacer: Won't replace true
2020-03-25 21:51:10,438 DEBUG o.a.j.e.u.ValueReplacer: About to replace in property of type: class org.apache.jmeter.testelement.property.StringProperty: 
2020-03-25 21:51:10,438 DEBUG o.a.j.e.u.ValueReplacer: Replacement result: 
2020-03-25 21:51:10,439 DEBUG o.a.j.e.u.ValueReplacer: About to replace in property of type: class org.apache.jmeter.testelement.property.CollectionProperty: [200]
2020-03-25 21:51:10,439 DEBUG o.a.j.e.u.ValueReplacer: About to replace in property of type: class org.apache.jmeter.testelement.property.StringProperty: 200
2020-03-25 21:51:10,439 DEBUG o.a.j.e.u.ValueReplacer: Replacement result: 200
2020-03-25 21:51:10,439 DEBUG o.a.j.e.u.ValueReplacer: Replacement result: [200]
2020-03-25 21:51:10,439 DEBUG o.a.j.e.u.ValueReplacer: About to replace in property of type: class org.apache.jmeter.testelement.property.StringProperty: org.apache.jmeter.assertions.gui.AssertionGui
2020-03-25 21:51:10,439 DEBUG o.a.j.e.u.ValueReplacer: About to replace in property of type: class org.apache.jmeter.testelement.property.StringProperty: org.apache.jmeter.assertions.ResponseAssertion
2020-03-25 21:51:10,439 DEBUG o.a.j.e.u.ValueReplacer: About to replace in property of type: class org.apache.jmeter.testelement.property.StringProperty: Response Assertion
2020-03-25 21:51:10,439 DEBUG o.a.j.e.u.ValueReplacer: Replacement result: Response Assertion
2020-03-25 21:51:10,439 DEBUG o.a.j.e.u.ValueReplacer: About to replace in property of type: class org.apache.jmeter.testelement.property.BooleanProperty: true
2020-03-25 21:51:10,439 DEBUG o.a.j.e.u.ValueReplacer: Won't replace true
2020-03-25 21:51:10,439 DEBUG o.a.j.e.u.ValueReplacer: About to replace in property of type: class org.apache.jmeter.testelement.property.StringProperty: 
2020-03-25 21:51:10,439 DEBUG o.a.j.e.u.ValueReplacer: Replacement result: 
2020-03-25 21:51:10,440 DEBUG o.a.j.e.u.ValueReplacer: About to replace in property of type: class org.apache.jmeter.testelement.property.StringProperty: Assertion.response_code
2020-03-25 21:51:10,440 DEBUG o.a.j.e.u.ValueReplacer: Replacement result: Assertion.response_code
2020-03-25 21:51:10,440 DEBUG o.a.j.e.u.ValueReplacer: About to replace in property of type: class org.apache.jmeter.testelement.property.BooleanProperty: true
2020-03-25 21:51:10,440 DEBUG o.a.j.e.u.ValueReplacer: Won't replace true
2020-03-25 21:51:10,440 DEBUG o.a.j.e.u.ValueReplacer: About to replace in property of type: class org.apache.jmeter.testelement.property.IntegerProperty: 8
2020-03-25 21:51:10,440 DEBUG o.a.j.e.u.ValueReplacer: Replacement result: 8
2020-03-25 21:51:10,440 DEBUG o.a.j.e.u.ValueReplacer: About to replace in property of type: class org.apache.jmeter.testelement.property.StringProperty: 
2020-03-25 21:51:10,440 DEBUG o.a.j.e.u.ValueReplacer: Replacement result: 
2020-03-25 21:51:10,441 INFO o.a.j.g.u.JMeterMenuBar: setRunning(true, *local*)
2020-03-25 21:51:10,599 INFO o.a.j.e.StandardJMeterEngine: Starting ThreadGroup: 1 : Thread Group
2020-03-25 21:51:10,599 INFO o.a.j.e.StandardJMeterEngine: Starting 1 threads for group Thread Group.
2020-03-25 21:51:10,599 INFO o.a.j.e.StandardJMeterEngine: Thread will continue on error
2020-03-25 21:51:10,599 INFO o.a.j.t.ThreadGroup: Starting thread group... number=1 threads=1 ramp-up=1 delayedStart=false
2020-03-25 21:51:10,600 DEBUG o.a.j.t.ThreadGroup: Computed delayForNextThreadInMillis:0 for thread:38
2020-03-25 21:51:10,604 INFO o.a.j.t.ThreadGroup: Started thread group number 1
2020-03-25 21:51:10,605 INFO o.a.j.e.StandardJMeterEngine: All thread groups have been started
2020-03-25 21:51:10,605 DEBUG o.a.j.t.TestCompiler: Subtracting node, stack size = 3
2020-03-25 21:51:10,605 DEBUG o.a.j.t.TestCompiler: Subtracting node, stack size = 2
2020-03-25 21:51:10,606 DEBUG o.a.j.t.TestCompiler: adding controller: org.apache.jmeter.threads.ThreadGroup@429af93a to sampler config
2020-03-25 21:51:10,607 DEBUG o.a.j.t.TestCompiler: Subtracting node, stack size = 2
2020-03-25 21:51:10,608 DEBUG o.a.j.t.TestCompiler: Subtracting node, stack size = 1
2020-03-25 21:51:10,608 INFO o.a.j.t.JMeterThread: Thread started: Thread Group 1-1
2020-03-25 21:51:10,611 DEBUG o.a.j.c.GenericController: Calling next on: class org.apache.jmeter.control.GenericController
2020-03-25 21:51:10,624 INFO o.a.j.p.h.s.HTTPHCAbstractImpl: Local host = gromit.local
2020-03-25 21:51:10,631 INFO o.a.j.p.h.s.HTTPHC4Impl: HTTP request retry count = 0
2020-03-25 21:51:10,632 DEBUG o.a.j.p.h.s.HTTPHC4Impl: Start : sample https://httpbin.org/basic-auth/user/passwd method GET followingRedirect false depth 0
2020-03-25 21:51:10,659 DEBUG o.a.j.p.h.s.HTTPHC4Impl: Created new HttpClient: @2010775887 https://httpbin.org
2020-03-25 21:51:10,660 DEBUG o.a.j.p.h.s.HTTPHC4Impl: Storing in HttpContext the user token: Thread Group 1-1
2020-03-25 21:51:10,660 DEBUG o.a.j.p.h.c.AuthManager: Target URL strings to match against: https://httpbin.org/basic-auth/user/passwd and https://httpbin.org:443/basic-auth/user/passwd
2020-03-25 21:51:10,660 DEBUG o.a.j.p.h.c.AuthManager: Checking match against auth'n entry: http
2020-03-25 21:51:10,660 DEBUG o.a.j.p.h.c.AuthManager: Matched against auth'n entry: http
2020-03-25 21:51:10,666 DEBUG o.a.h.c.p.RequestAddCookies: CookieSpec selected: default
2020-03-25 21:51:10,666 DEBUG o.a.h.c.p.RequestAddCookies: Unsupported cookie policy: default
2020-03-25 21:51:10,666 DEBUG o.a.h.c.p.RequestAuthCache: Auth cache not set in the context
2020-03-25 21:51:10,667 DEBUG o.a.h.i.c.PoolingHttpClientConnectionManager: Connection request: [route: {s}->https://httpbin.org:443][state: Thread Group 1-1][total kept alive: 0; route allocated: 0 of 2; total allocated: 0 of 20]
2020-03-25 21:51:10,675 DEBUG o.a.h.i.c.PoolingHttpClientConnectionManager: Connection leased: [id: 0][route: {s}->https://httpbin.org:443][total kept alive: 0; route allocated: 1 of 2; total allocated: 1 of 20]
2020-03-25 21:51:10,677 DEBUG o.a.h.i.e.MainClientExec: Opening connection {s}->https://httpbin.org:443
2020-03-25 21:51:10,749 INFO o.a.j.p.h.s.h.LazyLayeredConnectionSocketFactory: Setting up HTTPS TrustAll Socket Factory
2020-03-25 21:51:10,753 INFO o.a.j.u.JsseSSLManager: Using default SSL protocol: TLS
2020-03-25 21:51:10,753 INFO o.a.j.u.JsseSSLManager: SSL session context: per-thread
2020-03-25 21:51:10,754 DEBUG o.a.j.p.h.s.HTTPHC4Impl$JMeterDefaultHttpClientConnectionOperator: Connecting to httpbin.org/35.170.216.115:443
2020-03-25 21:51:10,755 DEBUG o.a.h.c.s.SSLConnectionSocketFactory: Connecting socket to httpbin.org/35.170.216.115:443 with timeout 0
2020-03-25 21:51:10,789 DEBUG o.a.j.u.JsseSSLManager: ssl Provider = null
2020-03-25 21:51:10,790 DEBUG o.a.j.u.JsseSSLManager: SSL stuff all set
2020-03-25 21:51:10,790 DEBUG o.a.j.u.JsseSSLManager: JsseSSLManager installed
2020-03-25 21:51:10,790 DEBUG o.a.j.u.JsseSSLManager: Creating threadLocal SSL context for: Thread Group 1-1
2020-03-25 21:51:10,791 INFO o.a.j.u.SSLManager: JmeterKeyStore Location:  type JKS
2020-03-25 21:51:10,792 INFO o.a.j.u.SSLManager: KeyStore created OK
2020-03-25 21:51:10,792 WARN o.a.j.u.SSLManager: Keystore file not found, loading empty keystore
2020-03-25 21:51:10,792 DEBUG o.a.j.u.SSLManager: JmeterKeyStore type: class org.apache.jmeter.util.keystore.JmeterKeyStore
2020-03-25 21:51:10,792 DEBUG o.a.j.u.JsseSSLManager: JmeterKeyStore type: class org.apache.jmeter.util.keystore.JmeterKeyStore
2020-03-25 21:51:10,817 DEBUG o.a.j.u.JsseSSLManager: Default Cipher: TLS_ECDHE_ECDSA_WITH_AES_256_CBC_SHA384
2020-03-25 21:51:10,817 DEBUG o.a.j.u.JsseSSLManager: Supported Cipher: TLS_ECDHE_ECDSA_WITH_AES_256_CBC_SHA384
2020-03-25 21:51:10,817 DEBUG o.a.j.u.JsseSSLManager: Default Cipher: TLS_ECDHE_RSA_WITH_AES_256_CBC_SHA384
2020-03-25 21:51:10,817 DEBUG o.a.j.u.JsseSSLManager: Supported Cipher: TLS_ECDHE_RSA_WITH_AES_256_CBC_SHA384
2020-03-25 21:51:10,817 DEBUG o.a.j.u.JsseSSLManager: Default Cipher: TLS_RSA_WITH_AES_256_CBC_SHA256
2020-03-25 21:51:10,817 DEBUG o.a.j.u.JsseSSLManager: Supported Cipher: TLS_RSA_WITH_AES_256_CBC_SHA256
2020-03-25 21:51:10,817 DEBUG o.a.j.u.JsseSSLManager: Default Cipher: TLS_ECDH_ECDSA_WITH_AES_256_CBC_SHA384
2020-03-25 21:51:10,817 DEBUG o.a.j.u.JsseSSLManager: Supported Cipher: TLS_ECDH_ECDSA_WITH_AES_256_CBC_SHA384
2020-03-25 21:51:10,817 DEBUG o.a.j.u.JsseSSLManager: Default Cipher: TLS_ECDH_RSA_WITH_AES_256_CBC_SHA384
2020-03-25 21:51:10,817 DEBUG o.a.j.u.JsseSSLManager: Supported Cipher: TLS_ECDH_RSA_WITH_AES_256_CBC_SHA384
2020-03-25 21:51:10,817 DEBUG o.a.j.u.JsseSSLManager: Default Cipher: TLS_DHE_RSA_WITH_AES_256_CBC_SHA256
2020-03-25 21:51:10,817 DEBUG o.a.j.u.JsseSSLManager: Supported Cipher: TLS_DHE_RSA_WITH_AES_256_CBC_SHA256
2020-03-25 21:51:10,817 DEBUG o.a.j.u.JsseSSLManager: Default Cipher: TLS_DHE_DSS_WITH_AES_256_CBC_SHA256
2020-03-25 21:51:10,817 DEBUG o.a.j.u.JsseSSLManager: Supported Cipher: TLS_DHE_DSS_WITH_AES_256_CBC_SHA256
2020-03-25 21:51:10,817 DEBUG o.a.j.u.JsseSSLManager: Default Cipher: TLS_ECDHE_ECDSA_WITH_AES_256_CBC_SHA
2020-03-25 21:51:10,817 DEBUG o.a.j.u.JsseSSLManager: Supported Cipher: TLS_ECDHE_ECDSA_WITH_AES_256_CBC_SHA
2020-03-25 21:51:10,817 DEBUG o.a.j.u.JsseSSLManager: Default Cipher: TLS_ECDHE_RSA_WITH_AES_256_CBC_SHA
2020-03-25 21:51:10,817 DEBUG o.a.j.u.JsseSSLManager: Supported Cipher: TLS_ECDHE_RSA_WITH_AES_256_CBC_SHA
2020-03-25 21:51:10,817 DEBUG o.a.j.u.JsseSSLManager: Default Cipher: TLS_RSA_WITH_AES_256_CBC_SHA
2020-03-25 21:51:10,817 DEBUG o.a.j.u.JsseSSLManager: Supported Cipher: TLS_RSA_WITH_AES_256_CBC_SHA
2020-03-25 21:51:10,817 DEBUG o.a.j.u.JsseSSLManager: Default Cipher: TLS_ECDH_ECDSA_WITH_AES_256_CBC_SHA
2020-03-25 21:51:10,818 DEBUG o.a.j.u.JsseSSLManager: Supported Cipher: TLS_ECDH_ECDSA_WITH_AES_256_CBC_SHA
2020-03-25 21:51:10,818 DEBUG o.a.j.u.JsseSSLManager: Default Cipher: TLS_ECDH_RSA_WITH_AES_256_CBC_SHA
2020-03-25 21:51:10,818 DEBUG o.a.j.u.JsseSSLManager: Supported Cipher: TLS_ECDH_RSA_WITH_AES_256_CBC_SHA
2020-03-25 21:51:10,818 DEBUG o.a.j.u.JsseSSLManager: Default Cipher: TLS_DHE_RSA_WITH_AES_256_CBC_SHA
2020-03-25 21:51:10,818 DEBUG o.a.j.u.JsseSSLManager: Supported Cipher: TLS_DHE_RSA_WITH_AES_256_CBC_SHA
2020-03-25 21:51:10,818 DEBUG o.a.j.u.JsseSSLManager: Default Cipher: TLS_DHE_DSS_WITH_AES_256_CBC_SHA
2020-03-25 21:51:10,818 DEBUG o.a.j.u.JsseSSLManager: Supported Cipher: TLS_DHE_DSS_WITH_AES_256_CBC_SHA
2020-03-25 21:51:10,818 DEBUG o.a.j.u.JsseSSLManager: Default Cipher: TLS_ECDHE_ECDSA_WITH_AES_128_CBC_SHA256
2020-03-25 21:51:10,818 DEBUG o.a.j.u.JsseSSLManager: Supported Cipher: TLS_ECDHE_ECDSA_WITH_AES_128_CBC_SHA256
2020-03-25 21:51:10,818 DEBUG o.a.j.u.JsseSSLManager: Default Cipher: TLS_ECDHE_RSA_WITH_AES_128_CBC_SHA256
2020-03-25 21:51:10,818 DEBUG o.a.j.u.JsseSSLManager: Supported Cipher: TLS_ECDHE_RSA_WITH_AES_128_CBC_SHA256
2020-03-25 21:51:10,818 DEBUG o.a.j.u.JsseSSLManager: Default Cipher: TLS_RSA_WITH_AES_128_CBC_SHA256
2020-03-25 21:51:10,818 DEBUG o.a.j.u.JsseSSLManager: Supported Cipher: TLS_RSA_WITH_AES_128_CBC_SHA256
2020-03-25 21:51:10,818 DEBUG o.a.j.u.JsseSSLManager: Default Cipher: TLS_ECDH_ECDSA_WITH_AES_128_CBC_SHA256
2020-03-25 21:51:10,818 DEBUG o.a.j.u.JsseSSLManager: Supported Cipher: TLS_ECDH_ECDSA_WITH_AES_128_CBC_SHA256
2020-03-25 21:51:10,818 DEBUG o.a.j.u.JsseSSLManager: Default Cipher: TLS_ECDH_RSA_WITH_AES_128_CBC_SHA256
2020-03-25 21:51:10,818 DEBUG o.a.j.u.JsseSSLManager: Supported Cipher: TLS_ECDH_RSA_WITH_AES_128_CBC_SHA256
2020-03-25 21:51:10,818 DEBUG o.a.j.u.JsseSSLManager: Default Cipher: TLS_DHE_RSA_WITH_AES_128_CBC_SHA256
2020-03-25 21:51:10,818 DEBUG o.a.j.u.JsseSSLManager: Supported Cipher: TLS_DHE_RSA_WITH_AES_128_CBC_SHA256
2020-03-25 21:51:10,818 DEBUG o.a.j.u.JsseSSLManager: Default Cipher: TLS_DHE_DSS_WITH_AES_128_CBC_SHA256
2020-03-25 21:51:10,818 DEBUG o.a.j.u.JsseSSLManager: Supported Cipher: TLS_DHE_DSS_WITH_AES_128_CBC_SHA256
2020-03-25 21:51:10,818 DEBUG o.a.j.u.JsseSSLManager: Default Cipher: TLS_ECDHE_ECDSA_WITH_AES_128_CBC_SHA
2020-03-25 21:51:10,819 DEBUG o.a.j.u.JsseSSLManager: Supported Cipher: TLS_ECDHE_ECDSA_WITH_AES_128_CBC_SHA
2020-03-25 21:51:10,819 DEBUG o.a.j.u.JsseSSLManager: Default Cipher: TLS_ECDHE_RSA_WITH_AES_128_CBC_SHA
2020-03-25 21:51:10,819 DEBUG o.a.j.u.JsseSSLManager: Supported Cipher: TLS_ECDHE_RSA_WITH_AES_128_CBC_SHA
2020-03-25 21:51:10,819 DEBUG o.a.j.u.JsseSSLManager: Default Cipher: TLS_RSA_WITH_AES_128_CBC_SHA
2020-03-25 21:51:10,819 DEBUG o.a.j.u.JsseSSLManager: Supported Cipher: TLS_RSA_WITH_AES_128_CBC_SHA
2020-03-25 21:51:10,819 DEBUG o.a.j.u.JsseSSLManager: Default Cipher: TLS_ECDH_ECDSA_WITH_AES_128_CBC_SHA
2020-03-25 21:51:10,819 DEBUG o.a.j.u.JsseSSLManager: Supported Cipher: TLS_ECDH_ECDSA_WITH_AES_128_CBC_SHA
2020-03-25 21:51:10,819 DEBUG o.a.j.u.JsseSSLManager: Default Cipher: TLS_ECDH_RSA_WITH_AES_128_CBC_SHA
2020-03-25 21:51:10,819 DEBUG o.a.j.u.JsseSSLManager: Supported Cipher: TLS_ECDH_RSA_WITH_AES_128_CBC_SHA
2020-03-25 21:51:10,819 DEBUG o.a.j.u.JsseSSLManager: Default Cipher: TLS_DHE_RSA_WITH_AES_128_CBC_SHA
2020-03-25 21:51:10,819 DEBUG o.a.j.u.JsseSSLManager: Supported Cipher: TLS_DHE_RSA_WITH_AES_128_CBC_SHA
2020-03-25 21:51:10,819 DEBUG o.a.j.u.JsseSSLManager: Default Cipher: TLS_DHE_DSS_WITH_AES_128_CBC_SHA
2020-03-25 21:51:10,819 DEBUG o.a.j.u.JsseSSLManager: Supported Cipher: TLS_DHE_DSS_WITH_AES_128_CBC_SHA
2020-03-25 21:51:10,819 DEBUG o.a.j.u.JsseSSLManager: Default Cipher: TLS_ECDHE_ECDSA_WITH_AES_256_GCM_SHA384
2020-03-25 21:51:10,819 DEBUG o.a.j.u.JsseSSLManager: Supported Cipher: TLS_ECDHE_ECDSA_WITH_AES_256_GCM_SHA384
2020-03-25 21:51:10,819 DEBUG o.a.j.u.JsseSSLManager: Default Cipher: TLS_ECDHE_ECDSA_WITH_AES_128_GCM_SHA256
2020-03-25 21:51:10,819 DEBUG o.a.j.u.JsseSSLManager: Supported Cipher: TLS_ECDHE_ECDSA_WITH_AES_128_GCM_SHA256
2020-03-25 21:51:10,819 DEBUG o.a.j.u.JsseSSLManager: Default Cipher: TLS_ECDHE_RSA_WITH_AES_256_GCM_SHA384
2020-03-25 21:51:10,819 DEBUG o.a.j.u.JsseSSLManager: Supported Cipher: TLS_ECDHE_RSA_WITH_AES_256_GCM_SHA384
2020-03-25 21:51:10,819 DEBUG o.a.j.u.JsseSSLManager: Default Cipher: TLS_RSA_WITH_AES_256_GCM_SHA384
2020-03-25 21:51:10,819 DEBUG o.a.j.u.JsseSSLManager: Supported Cipher: TLS_RSA_WITH_AES_256_GCM_SHA384
2020-03-25 21:51:10,819 DEBUG o.a.j.u.JsseSSLManager: Default Cipher: TLS_ECDH_ECDSA_WITH_AES_256_GCM_SHA384
2020-03-25 21:51:10,819 DEBUG o.a.j.u.JsseSSLManager: Supported Cipher: TLS_ECDH_ECDSA_WITH_AES_256_GCM_SHA384
2020-03-25 21:51:10,819 DEBUG o.a.j.u.JsseSSLManager: Default Cipher: TLS_ECDH_RSA_WITH_AES_256_GCM_SHA384
2020-03-25 21:51:10,819 DEBUG o.a.j.u.JsseSSLManager: Supported Cipher: TLS_ECDH_RSA_WITH_AES_256_GCM_SHA384
2020-03-25 21:51:10,819 DEBUG o.a.j.u.JsseSSLManager: Default Cipher: TLS_DHE_RSA_WITH_AES_256_GCM_SHA384
2020-03-25 21:51:10,819 DEBUG o.a.j.u.JsseSSLManager: Supported Cipher: TLS_DHE_RSA_WITH_AES_256_GCM_SHA384
2020-03-25 21:51:10,820 DEBUG o.a.j.u.JsseSSLManager: Default Cipher: TLS_DHE_DSS_WITH_AES_256_GCM_SHA384
2020-03-25 21:51:10,820 DEBUG o.a.j.u.JsseSSLManager: Supported Cipher: TLS_DHE_DSS_WITH_AES_256_GCM_SHA384
2020-03-25 21:51:10,820 DEBUG o.a.j.u.JsseSSLManager: Default Cipher: TLS_ECDHE_RSA_WITH_AES_128_GCM_SHA256
2020-03-25 21:51:10,820 DEBUG o.a.j.u.JsseSSLManager: Supported Cipher: TLS_ECDHE_RSA_WITH_AES_128_GCM_SHA256
2020-03-25 21:51:10,820 DEBUG o.a.j.u.JsseSSLManager: Default Cipher: TLS_RSA_WITH_AES_128_GCM_SHA256
2020-03-25 21:51:10,821 DEBUG o.a.j.u.JsseSSLManager: Supported Cipher: TLS_RSA_WITH_AES_128_GCM_SHA256
2020-03-25 21:51:10,821 DEBUG o.a.j.u.JsseSSLManager: Default Cipher: TLS_ECDH_ECDSA_WITH_AES_128_GCM_SHA256
2020-03-25 21:51:10,821 DEBUG o.a.j.u.JsseSSLManager: Supported Cipher: TLS_ECDH_ECDSA_WITH_AES_128_GCM_SHA256
2020-03-25 21:51:10,821 DEBUG o.a.j.u.JsseSSLManager: Default Cipher: TLS_ECDH_RSA_WITH_AES_128_GCM_SHA256
2020-03-25 21:51:10,821 DEBUG o.a.j.u.JsseSSLManager: Supported Cipher: TLS_ECDH_RSA_WITH_AES_128_GCM_SHA256
2020-03-25 21:51:10,821 DEBUG o.a.j.u.JsseSSLManager: Default Cipher: TLS_DHE_RSA_WITH_AES_128_GCM_SHA256
2020-03-25 21:51:10,821 DEBUG o.a.j.u.JsseSSLManager: Supported Cipher: TLS_DHE_RSA_WITH_AES_128_GCM_SHA256
2020-03-25 21:51:10,821 DEBUG o.a.j.u.JsseSSLManager: Default Cipher: TLS_DHE_DSS_WITH_AES_128_GCM_SHA256
2020-03-25 21:51:10,821 DEBUG o.a.j.u.JsseSSLManager: Supported Cipher: TLS_DHE_DSS_WITH_AES_128_GCM_SHA256
2020-03-25 21:51:10,821 DEBUG o.a.j.u.JsseSSLManager: Default Cipher: TLS_EMPTY_RENEGOTIATION_INFO_SCSV
2020-03-25 21:51:10,821 DEBUG o.a.j.u.JsseSSLManager: Supported Cipher: TLS_EMPTY_RENEGOTIATION_INFO_SCSV
2020-03-25 21:51:10,821 DEBUG o.a.j.u.JsseSSLManager: Using threadLocal SSL context for: Thread Group 1-1
2020-03-25 21:51:10,825 DEBUG o.a.h.c.s.SSLConnectionSocketFactory: Enabled protocols: [TLSv1, TLSv1.1, TLSv1.2]
2020-03-25 21:51:10,828 DEBUG o.a.h.c.s.SSLConnectionSocketFactory: Enabled cipher suites:[TLS_ECDHE_ECDSA_WITH_AES_256_CBC_SHA384, TLS_ECDHE_RSA_WITH_AES_256_CBC_SHA384, TLS_RSA_WITH_AES_256_CBC_SHA256, TLS_ECDH_ECDSA_WITH_AES_256_CBC_SHA384, TLS_ECDH_RSA_WITH_AES_256_CBC_SHA384, TLS_DHE_RSA_WITH_AES_256_CBC_SHA256, TLS_DHE_DSS_WITH_AES_256_CBC_SHA256, TLS_ECDHE_ECDSA_WITH_AES_256_CBC_SHA, TLS_ECDHE_RSA_WITH_AES_256_CBC_SHA, TLS_RSA_WITH_AES_256_CBC_SHA, TLS_ECDH_ECDSA_WITH_AES_256_CBC_SHA, TLS_ECDH_RSA_WITH_AES_256_CBC_SHA, TLS_DHE_RSA_WITH_AES_256_CBC_SHA, TLS_DHE_DSS_WITH_AES_256_CBC_SHA, TLS_ECDHE_ECDSA_WITH_AES_128_CBC_SHA256, TLS_ECDHE_RSA_WITH_AES_128_CBC_SHA256, TLS_RSA_WITH_AES_128_CBC_SHA256, TLS_ECDH_ECDSA_WITH_AES_128_CBC_SHA256, TLS_ECDH_RSA_WITH_AES_128_CBC_SHA256, TLS_DHE_RSA_WITH_AES_128_CBC_SHA256, TLS_DHE_DSS_WITH_AES_128_CBC_SHA256, TLS_ECDHE_ECDSA_WITH_AES_128_CBC_SHA, TLS_ECDHE_RSA_WITH_AES_128_CBC_SHA, TLS_RSA_WITH_AES_128_CBC_SHA, TLS_ECDH_ECDSA_WITH_AES_128_CBC_SHA, TLS_ECDH_RSA_WITH_AES_128_CBC_SHA, TLS_DHE_RSA_WITH_AES_128_CBC_SHA, TLS_DHE_DSS_WITH_AES_128_CBC_SHA, TLS_ECDHE_ECDSA_WITH_AES_256_GCM_SHA384, TLS_ECDHE_ECDSA_WITH_AES_128_GCM_SHA256, TLS_ECDHE_RSA_WITH_AES_256_GCM_SHA384, TLS_RSA_WITH_AES_256_GCM_SHA384, TLS_ECDH_ECDSA_WITH_AES_256_GCM_SHA384, TLS_ECDH_RSA_WITH_AES_256_GCM_SHA384, TLS_DHE_RSA_WITH_AES_256_GCM_SHA384, TLS_DHE_DSS_WITH_AES_256_GCM_SHA384, TLS_ECDHE_RSA_WITH_AES_128_GCM_SHA256, TLS_RSA_WITH_AES_128_GCM_SHA256, TLS_ECDH_ECDSA_WITH_AES_128_GCM_SHA256, TLS_ECDH_RSA_WITH_AES_128_GCM_SHA256, TLS_DHE_RSA_WITH_AES_128_GCM_SHA256, TLS_DHE_DSS_WITH_AES_128_GCM_SHA256, TLS_EMPTY_RENEGOTIATION_INFO_SCSV]
2020-03-25 21:51:10,828 DEBUG o.a.h.c.s.SSLConnectionSocketFactory: Starting handshake
2020-03-25 21:51:10,867 DEBUG o.a.j.u.CustomX509TrustManager:  Server certificate 1:
  Subject DN: CN=httpbin.org
  Signature Algorithm: SHA256withRSA
  Valid from: 2020-01-17T20:00:00.000-0400
  Valid until: 2021-02-18T08:00:00.000-0400
  Issuer: CN=Amazon, OU=Server CA 1B, O=Amazon, C=US
2020-03-25 21:51:10,868 DEBUG o.a.j.u.CustomX509TrustManager:  Server certificate 2:
  Subject DN: CN=Amazon, OU=Server CA 1B, O=Amazon, C=US
  Signature Algorithm: SHA256withRSA
  Valid from: 2015-10-21T21:00:00.000-0300
  Valid until: 2025-10-18T21:00:00.000-0300
  Issuer: CN=Amazon Root CA 1, O=Amazon, C=US
2020-03-25 21:51:10,870 DEBUG o.a.j.u.CustomX509TrustManager:  Server certificate 3:
  Subject DN: CN=Amazon Root CA 1, O=Amazon, C=US
  Signature Algorithm: SHA256withRSA
  Valid from: 2015-05-25T09:00:00.000-0300
  Valid until: 2037-12-30T21:00:00.000-0400
  Issuer: CN=Starfield Services Root Certificate Authority - G2, O="Starfield Technologies, Inc.", L=Scottsdale, ST=Arizona, C=US
2020-03-25 21:51:10,870 DEBUG o.a.j.u.CustomX509TrustManager:  Server certificate 4:
  Subject DN: CN=Starfield Services Root Certificate Authority - G2, O="Starfield Technologies, Inc.", L=Scottsdale, ST=Arizona, C=US
  Signature Algorithm: SHA256withRSA
  Valid from: 2009-09-01T21:00:00.000-0300
  Valid until: 2034-06-28T14:39:16.000-0300
  Issuer: OU=Starfield Class 2 Certification Authority, O="Starfield Technologies, Inc.", C=US
2020-03-25 21:51:10,931 DEBUG o.a.h.c.s.SSLConnectionSocketFactory: Secure session established
2020-03-25 21:51:10,931 DEBUG o.a.h.c.s.SSLConnectionSocketFactory:  negotiated protocol: TLSv1.2
2020-03-25 21:51:10,931 DEBUG o.a.h.c.s.SSLConnectionSocketFactory:  negotiated cipher suite: TLS_ECDHE_RSA_WITH_AES_128_GCM_SHA256
2020-03-25 21:51:10,931 DEBUG o.a.h.c.s.SSLConnectionSocketFactory:  peer principal: CN=httpbin.org
2020-03-25 21:51:10,932 DEBUG o.a.h.c.s.SSLConnectionSocketFactory:  peer alternative names: [httpbin.org, *.httpbin.org]
2020-03-25 21:51:10,932 DEBUG o.a.h.c.s.SSLConnectionSocketFactory:  issuer principal: CN=Amazon, OU=Server CA 1B, O=Amazon, C=US
2020-03-25 21:51:10,932 DEBUG o.a.j.p.h.s.HTTPHC4Impl$JMeterDefaultHttpClientConnectionOperator: Connection established 192.168.2.73:51140<->35.170.216.115:443
2020-03-25 21:51:10,934 DEBUG o.a.h.i.e.MainClientExec: Executing request GET /basic-auth/user/passwd HTTP/1.1
2020-03-25 21:51:10,934 DEBUG o.a.h.i.e.MainClientExec: Target auth state: UNCHALLENGED
2020-03-25 21:51:10,934 DEBUG o.a.h.i.e.MainClientExec: Proxy auth state: UNCHALLENGED
2020-03-25 21:51:10,934 DEBUG o.a.h.headers: http-outgoing-0 >> GET /basic-auth/user/passwd HTTP/1.1
2020-03-25 21:51:10,934 DEBUG o.a.h.headers: http-outgoing-0 >> Connection: keep-alive
2020-03-25 21:51:10,934 DEBUG o.a.h.headers: httpp-outgoing-0 >> Host: httpbin.org
2020-03-25 21:51:10,935 DEBUG o.a.h.headers: http-outgoing-0 >> User-Agent: Apache-HttpClient/4.5.10 (Java/1.8.0_231)
2020-03-25 21:51:10,935 DEBUG o.a.h.wire: http-outgoing-0 >> "GET /basic-auth/user/passwd HTTP/1.1[\r][\n]"
2020-03-25 21:51:10,935 DEBUG o.a.h.wire: http-outgoing-0 >> "Connection: keep-alive[\r][\n]"
2020-03-25 21:51:10,935 DEBUG o.a.h.wire: http-outgoing-0 >> "Host: httpbin.org[\r][\n]"
2020-03-25 21:51:10,935 DEBUG o.a.h.wire: http-outgoing-0 >> "User-Agent: Apache-HttpClient/4.5.10 (Java/1.8.0_231)[\r][\n]"
2020-03-25 21:51:10,935 DEBUG o.a.h.wire: http-outgoing-0 >> "[\r][\n]"
2020-03-25 21:51:10,936 DEBUG o.a.j.p.h.s.HTTPHC4Impl: Sent 138 bytes
2020-03-25 21:51:10,972 DEBUG o.a.h.wire: http-outgoing-0 << "HTTP/1.1 401 UNAUTHORIZED[\r][\n]"
2020-03-25 21:51:10,973 DEBUG o.a.h.wire: http-outgoing-0 << "Date: Thu, 26 Mar 2020 00:51:10 GMT[\r][\n]"
2020-03-25 21:51:10,973 DEBUG o.a.h.wire: http-outgoing-0 << "Content-Length: 0[\r][\n]"
2020-03-25 21:51:10,973 DEBUG o.a.h.wire: http-outgoing-0 << "Connection: keep-alive[\r][\n]"
2020-03-25 21:51:10,973 DEBUG o.a.h.wire: http-outgoing-0 << "Server: gunicorn/19.9.0[\r][\n]"
2020-03-25 21:51:10,974 DEBUG o.a.h.wire: http-outgoing-0 << "WWW-Authenticate: Basic realm="Fake Realm"[\r][\n]"
2020-03-25 21:51:10,974 DEBUG o.a.h.wire: http-outgoing-0 << "Access-Control-Allow-Origin: *[\r][\n]"
2020-03-25 21:51:10,974 DEBUG o.a.h.wire: http-outgoing-0 << "Access-Control-Allow-Credentials: true[\r][\n]"
2020-03-25 21:51:10,974 DEBUG o.a.h.wire: http-outgoing-0 << "[\r][\n]"
2020-03-25 21:51:10,975 DEBUG o.a.h.headers: http-outgoing-0 << HTTP/1.1 401 UNAUTHORIZED
2020-03-25 21:51:10,975 DEBUG o.a.h.headers: http-outgoing-0 << Date: Thu, 26 Mar 2020 00:51:10 GMT
2020-03-25 21:51:10,975 DEBUG o.a.h.headers: http-outgoing-0 << Content-Length: 0
2020-03-25 21:51:10,975 DEBUG o.a.h.headers: http-outgoing-0 << Connection: keep-alive
2020-03-25 21:51:10,975 DEBUG o.a.h.headers: http-outgoing-0 << Server: gunicorn/19.9.0
2020-03-25 21:51:10,975 DEBUG o.a.h.headers: http-outgoing-0 << WWW-Authenticate: Basic realm="Fake Realm"
2020-03-25 21:51:10,975 DEBUG o.a.h.headers: http-outgoing-0 << Access-Control-Allow-Origin: *
2020-03-25 21:51:10,975 DEBUG o.a.h.headers: http-outgoing-0 << Access-Control-Allow-Credentials: true
2020-03-25 21:51:10,978 DEBUG o.a.h.i.e.MainClientExec: Connection can be kept alive indefinitely
2020-03-25 21:51:10,978 DEBUG o.a.h.i.a.HttpAuthenticator: Authentication required
2020-03-25 21:51:10,978 DEBUG o.a.h.i.a.HttpAuthenticator: httpbin.org:443 requested authentication
2020-03-25 21:51:10,979 DEBUG o.a.h.i.c.TargetAuthenticationStrategy: Authentication schemes in the order of preference: [Negotiate, Kerberos, NTLM, CredSSP, Digest, Basic]
2020-03-25 21:51:10,979 DEBUG o.a.h.i.c.TargetAuthenticationStrategy: Challenge for Negotiate authentication scheme not available
2020-03-25 21:51:10,979 DEBUG o.a.h.i.c.TargetAuthenticationStrategy: Challenge for Kerberos authentication scheme not available
2020-03-25 21:51:10,979 DEBUG o.a.h.i.c.TargetAuthenticationStrategy: Challenge for NTLM authentication scheme not available
2020-03-25 21:51:10,980 DEBUG o.a.h.i.c.TargetAuthenticationStrategy: Challenge for CredSSP authentication scheme not available
2020-03-25 21:51:10,980 DEBUG o.a.h.i.c.TargetAuthenticationStrategy: Challenge for Digest authentication scheme not available
2020-03-25 21:51:10,985 DEBUG o.a.h.i.c.PoolingHttpClientConnectionManager: Connection [id: 0][route: {s}->https://httpbin.org:443][state: Thread Group 1-1] can be kept alive indefinitely
2020-03-25 21:51:10,985 DEBUG o.a.h.i.c.DefaultManagedHttpClientConnection: http-outgoing-0: set socket timeout to 0
2020-03-25 21:51:10,985 DEBUG o.a.h.i.c.PoolingHttpClientConnectionManager: Connection released: [id: 0][route: {s}->https://httpbin.org:443][state: Thread Group 1-1][total kept alive: 1; route allocated: 1 of 2; total allocated: 1 of 20]
2020-03-25 21:51:10,986 DEBUG o.a.h.c.p.ResponseProcessCookies: Cookie spec not specified in HTTP context
2020-03-25 21:51:10,987 DEBUG o.a.j.p.h.s.HTTPHC4Impl: Headers in request before:[Connection: keep-alive]
2020-03-25 21:51:10,987 DEBUG o.a.j.p.h.s.HTTPHC4Impl: Headers in request after:[Connection: keep-alive], in localContext#request:[Connection: keep-alive, Host: httpbin.org, User-Agent: Apache-HttpClient/4.5.10 (Java/1.8.0_231)]
2020-03-25 21:51:10,987 DEBUG o.a.j.p.h.s.HTTPHC4Impl: Extracted from HttpContext user token:Thread Group 1-1 storing it as JMeter variable:__jmeter.U_T__
2020-03-25 21:51:10,987 DEBUG o.a.j.p.h.s.HTTPHC4Impl: ResponseHeadersSize=250 Content-Length=0 Total=250
2020-03-25 21:51:10,989 DEBUG o.a.j.a.ResponseAssertion: Test Type Info: contains=false, notTest=false, orTest=false
2020-03-25 21:51:10,989 DEBUG o.a.j.a.ResponseAssertion: Failed: 200
2020-03-25 21:51:10,990 DEBUG o.a.j.c.GenericController: Calling next on: class org.apache.jmeter.control.GenericController
2020-03-25 21:51:10,990 INFO o.a.j.t.JMeterThread: Thread is done: Thread Group 1-1
2020-03-25 21:51:10,990 INFO o.a.j.t.JMeterThread: Thread finished: Thread Group 1-1
2020-03-25 21:51:10,990 DEBUG o.a.j.p.h.s.HTTPHC4Impl: Thread Finished
2020-03-25 21:51:10,990 DEBUG o.a.h.i.c.PoolingHttpClientConnectionManager: Connection manager is shutting down
2020-03-25 21:51:10,991 DEBUG o.a.h.i.c.DefaultManagedHttpClientConnection: http-outgoing-0: Close connection
2020-03-25 21:51:10,991 DEBUG o.a.h.i.c.PoolingHttpClientConnectionManager: Connection manager shut down
2020-03-25 21:51:10,992 DEBUG o.a.j.t.ThreadGroup: Ending thread Thread Group 1-1
2020-03-25 21:51:10,992 INFO o.a.j.e.StandardJMeterEngine: Notifying test listeners of end of test
2020-03-25 21:51:10,992 INFO o.a.j.g.u.JMeterMenuBar: setRunning(false, *local*)
2020-03-25 21:51:18,539 DEBUG o.a.j.g.GuiPackage: Updating current node HTTP Authorization Manager
2020-03-25 21:51:18,541 DEBUG o.a.j.g.GuiPackage: Gui retrieved = org.apache.jmeter.protocol.http.gui.AuthPanel[HTTP Authorization Manager,0,0,986x772,layout=java.awt.BorderLayout,alignmentX=0.0,alignmentY=0.0,border=javax.swing.border.EmptyBorder@449250ca,flags=9,maximumSize=,minimumSize=,preferredSize=]
2020-03-25 21:51:18,543 DEBUG o.a.j.t.p.AbstractProperty: merging in class org.apache.jmeter.testelement.property.CollectionProperty
2020-03-25 21:51:18,543 DEBUG o.a.j.g.AbstractJMeterGuiComponent: setting element to enabled: true
2020-03-25 21:51:18,545 DEBUG o.a.j.g.GuiPackage: Gui retrieved = org.apache.jmeter.protocol.http.gui.AuthPanel[HTTP Authorization Manager,0,0,986x772,layout=java.awt.BorderLayout,alignmentX=0.0,alignmentY=0.0,border=javax.swing.border.EmptyBorder@449250ca,flags=9,maximumSize=,minimumSize=,preferredSize=]
2020-03-25 21:51:18,548 DEBUG o.a.j.t.p.AbstractProperty: merging in class org.apache.jmeter.testelement.property.CollectionProperty
2020-03-25 21:51:18,549 DEBUG o.a.j.g.a.CheckDirty: Node is class: class org.apache.jmeter.gui.tree.JMeterTreeNode
2020-03-25 21:51:18,550 DEBUG o.a.j.g.a.CheckDirty: Node is class: class org.apache.jmeter.gui.tree.JMeterTreeNode
2020-03-25 21:51:18,550 DEBUG o.a.j.g.a.CheckDirty: Node is class: class org.apache.jmeter.gui.tree.JMeterTreeNode
2020-03-25 21:51:18,550 DEBUG o.a.j.g.a.CheckDirty: Node is class: class org.apache.jmeter.gui.tree.JMeterTreeNode
2020-03-25 21:51:18,551 DEBUG o.a.j.g.a.CheckDirty: Node is class: class org.apache.jmeter.gui.tree.JMeterTreeNode
2020-03-25 21:51:18,551 DEBUG o.a.j.g.GuiPackage: Updating current node HTTP Authorization Manager
2020-03-25 21:51:18,552 DEBUG o.a.j.g.GuiPackage: Gui retrieved = org.apache.jmeter.protocol.http.gui.AuthPanel[HTTP Authorization Manager,0,0,986x772,invalid,layout=java.awt.BorderLayout,alignmentX=0.0,alignmentY=0.0,border=javax.swing.border.EmptyBorder@449250ca,flags=9,maximumSize=,minimumSize=,preferredSize=]
2020-03-25 21:51:18,552 DEBUG o.a.j.t.p.AbstractProperty: merging in class org.apache.jmeter.testelement.property.CollectionProperty
2020-03-25 21:51:18,552 DEBUG o.a.j.g.AbstractJMeterGuiComponent: setting element to enabled: true
2020-03-25 21:51:18,554 DEBUG o.a.j.g.GuiPackage: Gui retrieved = org.apache.jmeter.protocol.http.gui.AuthPanel[HTTP Authorization Manager,0,0,986x772,invalid,layout=java.awt.BorderLayout,alignmentX=0.0,alignmentY=0.0,border=javax.swing.border.EmptyBorder@449250ca,flags=9,maximumSize=,minimumSize=,preferredSize=]
2020-03-25 21:51:18,556 DEBUG o.a.j.t.p.AbstractProperty: merging in class org.apache.jmeter.testelement.property.CollectionProperty
2020-03-25 21:51:18,557 DEBUG o.a.j.g.a.CheckDirty: Node is class: class org.apache.jmeter.gui.tree.JMeterTreeNode
2020-03-25 21:51:18,557 DEBUG o.a.j.g.a.CheckDirty: Node is class: class org.apache.jmeter.gui.tree.JMeterTreeNode
2020-03-25 21:51:18,557 DEBUG o.a.j.g.a.CheckDirty: Node is class: class org.apache.jmeter.gui.tree.JMeterTreeNode
2020-03-25 21:51:18,557 DEBUG o.a.j.g.a.CheckDirty: Node is class: class org.apache.jmeter.gui.tree.JMeterTreeNode
2020-03-25 21:51:18,558 DEBUG o.a.j.g.a.CheckDirty: Node is class: class org.apache.jmeter.gui.tree.JMeterTreeNode
