########## Click on Thread Group:

2020-12-15 13:05:06,840 DEBUG o.a.j.g.t.JMeterTreeListener: value changed, updating currentPath
2020-12-15 13:05:06,844 DEBUG o.a.j.g.GuiPackage: Updating current node CSV Data Set Config
2020-12-15 13:05:06,844 DEBUG o.a.j.g.GuiPackage: Gui retrieved = TestBeanGUI:org.apache.jmeter.config.CSVDataSet
2020-12-15 13:05:06,844 DEBUG o.a.j.t.g.WrapperEditor: ->java.lang.String:
2020-12-15 13:05:06,844 DEBUG o.a.j.t.g.GenericTestBeanCustomizer: Set filename=
2020-12-15 13:05:06,844 DEBUG o.a.j.t.g.GenericTestBeanCustomizer: Set fileEncoding=
2020-12-15 13:05:06,844 DEBUG o.a.j.t.g.WrapperEditor: ->java.lang.String:
2020-12-15 13:05:06,844 DEBUG o.a.j.t.g.GenericTestBeanCustomizer: Set variableNames=
2020-12-15 13:05:06,844 DEBUG o.a.j.t.g.WrapperEditor: ->java.lang.Boolean:false
2020-12-15 13:05:06,844 DEBUG o.a.j.t.g.GenericTestBeanCustomizer: Set ignoreFirstLine=false
2020-12-15 13:05:06,844 DEBUG o.a.j.t.g.WrapperEditor: ->java.lang.String:,
2020-12-15 13:05:06,844 DEBUG o.a.j.t.g.GenericTestBeanCustomizer: Set delimiter=,
2020-12-15 13:05:06,844 DEBUG o.a.j.t.g.WrapperEditor: ->java.lang.Boolean:false
2020-12-15 13:05:06,844 DEBUG o.a.j.t.g.GenericTestBeanCustomizer: Set quotedData=false
2020-12-15 13:05:06,844 DEBUG o.a.j.t.g.WrapperEditor: ->java.lang.Boolean:true
2020-12-15 13:05:06,844 DEBUG o.a.j.t.g.GenericTestBeanCustomizer: Set recycle=true
2020-12-15 13:05:06,844 DEBUG o.a.j.t.g.WrapperEditor: ->java.lang.Boolean:false
2020-12-15 13:05:06,844 DEBUG o.a.j.t.g.GenericTestBeanCustomizer: Set stopThread=false
2020-12-15 13:05:06,844 DEBUG o.a.j.t.g.GenericTestBeanCustomizer: Set shareMode=shareMode.all
2020-12-15 13:05:06,844 DEBUG o.a.j.g.AbstractJMeterGuiComponent: setting element to enabled: true
2020-12-15 13:05:06,844 DEBUG o.a.j.t.g.TestBeanGUI: Modify property to null
2020-12-15 13:05:06,844 DEBUG o.a.j.t.g.TestBeanGUI: Modify filename to 
2020-12-15 13:05:06,844 DEBUG o.a.j.t.g.TestBeanGUI: Modify fileEncoding to 
2020-12-15 13:05:06,844 DEBUG o.a.j.t.g.TestBeanGUI: Modify variableNames to 
2020-12-15 13:05:06,844 DEBUG o.a.j.t.g.TestBeanGUI: Modify ignoreFirstLine to false
2020-12-15 13:05:06,844 DEBUG o.a.j.t.g.TestBeanGUI: Modify delimiter to ,
2020-12-15 13:05:06,844 DEBUG o.a.j.t.g.TestBeanGUI: Modify quotedData to false
2020-12-15 13:05:06,844 DEBUG o.a.j.t.g.TestBeanGUI: Modify recycle to true
2020-12-15 13:05:06,844 DEBUG o.a.j.t.g.TestBeanGUI: Modify stopThread to false
2020-12-15 13:05:06,844 DEBUG o.a.j.t.g.TestBeanGUI: Modify shareMode to shareMode.all
2020-12-15 13:05:06,844 DEBUG o.a.j.g.GuiPackage: Gui retrieved = org.apache.jmeter.threads.gui.ThreadGroupGui[Thread Group,0,0,987x503,invalid,layout=java.awt.BorderLayout,alignmentX=0.0,alignmentY=0.0,border=javax.swing.border.EmptyBorder@278a40d3,flags=9,maximumSize=,minimumSize=,preferredSize=]
2020-12-15 13:05:06,844 DEBUG o.a.j.g.GuiPackage: Updating current node Thread Group
2020-12-15 13:05:06,844 DEBUG o.a.j.g.GuiPackage: Gui retrieved = org.apache.jmeter.threads.gui.ThreadGroupGui[Thread Group,0,0,987x503,invalid,layout=java.awt.BorderLayout,alignmentX=0.0,alignmentY=0.0,border=javax.swing.border.EmptyBorder@278a40d3,flags=9,maximumSize=,minimumSize=,preferredSize=]
2020-12-15 13:05:06,844 DEBUG o.a.j.g.AbstractJMeterGuiComponent: setting element to enabled: true
2020-12-15 13:05:06,844 DEBUG o.a.j.g.AbstractJMeterGuiComponent: setting element to enabled: true
2020-12-15 13:05:06,844 DEBUG o.a.j.g.GuiPackage: Gui retrieved = org.apache.jmeter.threads.gui.ThreadGroupGui[Thread Group,0,0,987x503,invalid,layout=java.awt.BorderLayout,alignmentX=0.0,alignmentY=0.0,border=javax.swing.border.EmptyBorder@278a40d3,flags=9,maximumSize=,minimumSize=,preferredSize=]
2020-12-15 13:05:06,845 DEBUG o.a.j.g.GuiPackage: Updating gui to new node
2020-12-15 13:05:06,845 DEBUG o.a.j.g.GuiPackage: Gui retrieved = org.apache.jmeter.threads.gui.ThreadGroupGui[Thread Group,0,0,987x503,invalid,layout=java.awt.BorderLayout,alignmentX=0.0,alignmentY=0.0,border=javax.swing.border.EmptyBorder@278a40d3,flags=9,maximumSize=,minimumSize=,preferredSize=]
2020-12-15 13:05:06,849 DEBUG o.a.j.g.GuiPackage: Updating current node Thread Group
2020-12-15 13:05:06,849 DEBUG o.a.j.g.GuiPackage: Gui retrieved = org.apache.jmeter.threads.gui.ThreadGroupGui[Thread Group,0,0,987x503,invalid,layout=java.awt.BorderLayout,alignmentX=0.0,alignmentY=0.0,border=javax.swing.border.EmptyBorder@278a40d3,flags=9,maximumSize=,minimumSize=,preferredSize=]
2020-12-15 13:05:06,849 DEBUG o.a.j.g.AbstractJMeterGuiComponent: setting element to enabled: true
2020-12-15 13:05:06,849 DEBUG o.a.j.g.AbstractJMeterGuiComponent: setting element to enabled: true
2020-12-15 13:05:06,849 DEBUG o.a.j.g.GuiPackage: Gui retrieved = org.apache.jmeter.threads.gui.ThreadGroupGui[Thread Group,0,0,987x503,invalid,layout=java.awt.BorderLayout,alignmentX=0.0,alignmentY=0.0,border=javax.swing.border.EmptyBorder@278a40d3,flags=9,maximumSize=,minimumSize=,preferredSize=]
2020-12-15 13:05:06,849 DEBUG o.a.j.g.GuiPackage: Updating gui to new node

#### click on AuthorizationManager (on the text) -> nothing logged and nothing happens


#### click on AuthorizationManager (on the right side of Text)
2020-12-15 13:05:23,654 DEBUG o.a.j.g.t.JMeterTreeListener: value changed, updating currentPath
2020-12-15 13:05:23,659 DEBUG o.a.j.g.GuiPackage: Updating current node Thread Group
2020-12-15 13:05:23,659 DEBUG o.a.j.g.GuiPackage: Gui retrieved = org.apache.jmeter.threads.gui.ThreadGroupGui[Thread Group,0,0,987x503,layout=java.awt.BorderLayout,alignmentX=0.0,alignmentY=0.0,border=javax.swing.border.EmptyBorder@278a40d3,flags=9,maximumSize=,minimumSize=,preferredSize=]
2020-12-15 13:05:23,659 DEBUG o.a.j.g.AbstractJMeterGuiComponent: setting element to enabled: true
2020-12-15 13:05:23,659 DEBUG o.a.j.g.AbstractJMeterGuiComponent: setting element to enabled: true
2020-12-15 13:05:23,659 DEBUG o.a.j.g.GuiPackage: Gui retrieved = org.apache.jmeter.protocol.http.gui.AuthPanel[HTTP Authorization Manager,0,0,987x503,invalid,layout=java.awt.BorderLayout,alignmentX=0.0,alignmentY=0.0,border=javax.swing.border.EmptyBorder@1c534922,flags=9,maximumSize=,minimumSize=,preferredSize=]
2020-12-15 13:05:23,659 DEBUG o.a.j.t.p.AbstractProperty: merging in class org.apache.jmeter.testelement.property.CollectionProperty
2020-12-15 13:05:23,659 DEBUG o.a.j.g.GuiPackage: Updating current node HTTP Authorization Manager
2020-12-15 13:05:23,659 DEBUG o.a.j.g.GuiPackage: Gui retrieved = org.apache.jmeter.protocol.http.gui.AuthPanel[HTTP Authorization Manager,0,0,987x503,invalid,layout=java.awt.BorderLayout,alignmentX=0.0,alignmentY=0.0,border=javax.swing.border.EmptyBorder@1c534922,flags=9,maximumSize=,minimumSize=,preferredSize=]
2020-12-15 13:05:23,659 DEBUG o.a.j.t.p.AbstractProperty: merging in class org.apache.jmeter.testelement.property.CollectionProperty
2020-12-15 13:05:23,659 DEBUG o.a.j.g.AbstractJMeterGuiComponent: setting element to enabled: true
2020-12-15 13:05:23,659 DEBUG o.a.j.g.GuiPackage: Gui retrieved = org.apache.jmeter.protocol.http.gui.AuthPanel[HTTP Authorization Manager,0,0,987x503,invalid,layout=java.awt.BorderLayout,alignmentX=0.0,alignmentY=0.0,border=javax.swing.border.EmptyBorder@1c534922,flags=9,maximumSize=,minimumSize=,preferredSize=]
2020-12-15 13:05:23,659 DEBUG o.a.j.g.GuiPackage: Updating gui to new node
2020-12-15 13:05:23,659 DEBUG o.a.j.t.p.AbstractProperty: merging in class org.apache.jmeter.testelement.property.CollectionProperty
2020-12-15 13:05:23,660 DEBUG o.a.j.g.GuiPackage: Gui retrieved = org.apache.jmeter.protocol.http.gui.AuthPanel[HTTP Authorization Manager,0,0,987x503,invalid,layout=java.awt.BorderLayout,alignmentX=0.0,alignmentY=0.0,border=javax.swing.border.EmptyBorder@1c534922,flags=9,maximumSize=,minimumSize=,preferredSize=]
2020-12-15 13:05:23,660 DEBUG o.a.j.g.GuiPackage: Updating current node HTTP Authorization Manager
2020-12-15 13:05:23,660 DEBUG o.a.j.g.GuiPackage: Gui retrieved = org.apache.jmeter.protocol.http.gui.AuthPanel[HTTP Authorization Manager,0,0,987x503,invalid,layout=java.awt.BorderLayout,alignmentX=0.0,alignmentY=0.0,border=javax.swing.border.EmptyBorder@1c534922,flags=9,maximumSize=,minimumSize=,preferredSize=]
2020-12-15 13:05:23,660 DEBUG o.a.j.t.p.AbstractProperty: merging in class org.apache.jmeter.testelement.property.CollectionProperty
2020-12-15 13:05:23,660 DEBUG o.a.j.g.AbstractJMeterGuiComponent: setting element to enabled: true
2020-12-15 13:05:23,660 DEBUG o.a.j.g.GuiPackage: Gui retrieved = org.apache.jmeter.protocol.http.gui.AuthPanel[HTTP Authorization Manager,0,0,987x503,invalid,layout=java.awt.BorderLayout,alignmentX=0.0,alignmentY=0.0,border=javax.swing.border.EmptyBorder@1c534922,flags=9,maximumSize=,minimumSize=,preferredSize=]
2020-12-15 13:05:23,660 DEBUG o.a.j.g.GuiPackage: Updating gui to new node
2020-12-15 13:05:23,660 DEBUG o.a.j.t.p.AbstractProperty: merging in class org.apache.jmeter.testelement.property.CollectionProperty
