2012/03/08 02:19:17 INFO  - jmeter.util.JMeterUtils: Setting Locale to en_US 
2012/03/08 02:19:18 INFO  - jmeter.JMeter: Loading user properties from: /home/tester1/jakarta-jmeter-2.5.1/bin/user.properties 
2012/03/08 02:19:18 INFO  - jmeter.JMeter: Loading system properties from: /home/tester1/jakarta-jmeter-2.5.1/bin/system.properties 
2012/03/08 02:19:18 INFO  - jmeter.JMeter: Setting System property: server_port=1099 
2012/03/08 02:19:18 INFO  - jmeter.JMeter: Copyright (c) 1998-2011 The Apache Software Foundation 
2012/03/08 02:19:18 INFO  - jmeter.JMeter: Version 2.5.1 r1177103 
2012/03/08 02:19:18 INFO  - jmeter.JMeter: java.version=1.6.0_22 
2012/03/08 02:19:18 INFO  - jmeter.JMeter: java.vm.name=OpenJDK Server VM 
2012/03/08 02:19:18 INFO  - jmeter.JMeter: os.name=Linux 
2012/03/08 02:19:18 INFO  - jmeter.JMeter: os.arch=i386 
2012/03/08 02:19:18 INFO  - jmeter.JMeter: os.version=2.6.41.10-3.fc15.i686 
2012/03/08 02:19:18 INFO  - jmeter.JMeter: file.encoding=UTF-8 
2012/03/08 02:19:18 INFO  - jmeter.JMeter: Default Locale=English (United States) 
2012/03/08 02:19:18 INFO  - jmeter.JMeter: JMeter  Locale=English (United States) 
2012/03/08 02:19:18 INFO  - jmeter.JMeter: JMeterHome=/home/tester1/jakarta-jmeter-2.5.1 
2012/03/08 02:19:18 INFO  - jmeter.JMeter: user.dir  =/home/tester1/jakarta-jmeter-2.5.1/bin 
2012/03/08 02:19:18 INFO  - jmeter.JMeter: PWD       =/home/tester1/jakarta-jmeter-2.5.1/bin 
2012/03/08 02:19:18 INFO  - jmeter.JMeter: IP: 192.168.5.237 Name: zejmeter02.zeomega.int FullName: zejmeter02.zeomega.int 
2012/03/08 02:19:18 INFO  - jmeter.engine.RemoteJMeterEngineImpl: Starting backing engine on 1099 
2012/03/08 02:19:18 INFO  - jmeter.engine.RemoteJMeterEngineImpl: IP address=192.168.5.237 
2012/03/08 02:19:18 INFO  - jmeter.engine.RemoteJMeterEngineImpl: Creating RMI registry (server.rmi.create=true) 
2012/03/08 02:19:18 INFO  - jmeter.engine.RemoteJMeterEngineImpl: Bound to registry on port 1099 
2012/03/08 02:19:45 INFO  - jmeter.protocol.http.sampler.HTTPSamplerBase: Cannot find .className property for htmlParser, using default 
2012/03/08 02:19:45 INFO  - jmeter.protocol.http.sampler.HTTPSamplerBase: Parser for text/html is  
2012/03/08 02:19:45 INFO  - jmeter.protocol.http.sampler.HTTPSamplerBase: Parser for application/xhtml+xml is  
2012/03/08 02:19:45 INFO  - jmeter.protocol.http.sampler.HTTPSamplerBase: Parser for application/xml is  
2012/03/08 02:19:45 INFO  - jmeter.protocol.http.sampler.HTTPSamplerBase: Parser for text/xml is  
2012/03/08 02:19:45 INFO  - jmeter.protocol.http.sampler.HTTPSamplerBase: Parser for text/vnd.wap.wml is org.apache.jmeter.protocol.http.parser.RegexpHTMLParser 
2012/03/08 02:19:45 INFO  - jmeter.protocol.http.sampler.HTTPSamplerBase: Reuse SSL session context on subsequent iterations: true 
2012/03/08 02:19:45 INFO  - jmeter.protocol.http.control.CookieManager: Settings: Delete null: true Check: true Allow variable: true Save: false Prefix: COOKIE_ 
2012/03/08 02:19:45 INFO  - jmeter.samplers.StandardSampleSender: Using Standard Remote Sampler for this test run 
2012/03/08 02:19:45 INFO  - jmeter.engine.RemoteJMeterEngineImpl: Creating JMeter engine on host 192.168.5.237 base '.' 
2012/03/08 02:19:45 INFO  - jmeter.engine.StandardJMeterEngine: Listeners will be started after enabling running version 
2012/03/08 02:19:45 INFO  - jmeter.engine.StandardJMeterEngine: To revert to the earlier behaviour, define jmeterengine.startlistenerslater=false 
2012/03/08 02:19:45 INFO  - jmeter.services.FileServer: Default base='/home/tester1/jakarta-jmeter-2.5.1/bin' 
2012/03/08 02:19:45 INFO  - jmeter.services.FileServer: Set new base='.' 
2012/03/08 02:19:45 INFO  - jmeter.engine.RemoteJMeterEngineImpl: Running test 
2012/03/08 02:19:45 INFO  - jmeter.engine.StandardJMeterEngine: Running the test! 
2012/03/08 02:19:45 INFO  - jmeter.engine.util.CompoundVariable: Note: Function class names must contain the string: '.functions.' 
2012/03/08 02:19:45 INFO  - jmeter.engine.util.CompoundVariable: Note: Function class names must not contain the string: '.gui.' 
2012/03/08 02:19:46 INFO  - jmeter.engine.StandardJMeterEngine: Starting 10 threads for group 001_UM_Stay_Fragment1. 
2012/03/08 02:19:46 INFO  - jmeter.engine.StandardJMeterEngine: Thread will continue on error 
2012/03/08 02:19:46 INFO  - jmeter.threads.JMeterThread: jmeterthread.startearlier=true (see jmeter.properties) 
2012/03/08 02:19:46 INFO  - jmeter.threads.JMeterThread: Running PostProcessors in forward order 
2012/03/08 02:19:46 INFO  - jmeter.control.IncludeController: loadIncludedElements -- try to load included module: /home/tester1/jakarta-jmeter-2.5.1/bin/../../workspace/BCBSLA/ForMultiTestPlans/001_UM_Stay_Fragment1.jmx 
2012/03/08 02:19:46 INFO  - jmeter.save.SaveService: Testplan (JMX) version: 2.2. Testlog (JTL) version: 2.2 
2012/03/08 02:19:46 INFO  - jmeter.save.SaveService: Using SaveService properties file encoding UTF-8 
2012/03/08 02:19:46 INFO  - jmeter.save.SaveService: Using SaveService properties file version 1050447 
2012/03/08 02:19:46 INFO  - jmeter.save.SaveService: Using SaveService properties version 2.1 
2012/03/08 02:19:46 INFO  - jmeter.save.SaveService: All converter versions present and correct 
2012/03/08 02:19:46 INFO  - jmeter.control.IncludeController: loadIncludedElements -- try to load included module: /home/tester1/jakarta-jmeter-2.5.1/bin/../../workspace/BCBSLA/ForMultiTestPlans/001_UM_Stay_Fragment1.jmx 
2012/03/08 02:19:46 INFO  - jmeter.samplers.SampleResult: Note: Sample TimeStamps are START times 
2012/03/08 02:19:46 INFO  - jmeter.samplers.SampleResult: sampleresult.default.encoding is set to ISO-8859-1 
2012/03/08 02:19:46 INFO  - jmeter.samplers.SampleResult: sampleresult.useNanoTime=true 
2012/03/08 02:19:46 INFO  - jmeter.threads.JMeterThread: Thread started: 001_UM_Stay_Fragment1 1-1 
2012/03/08 02:19:46 INFO  - jmeter.services.FileServer: Stored: ../../workspace/BCBSLA/ForMultiTestPlans/001_MemberID_users_load.csv 
2012/03/08 02:19:46 INFO  - jmeter.control.IncludeController: loadIncludedElements -- try to load included module: /home/tester1/jakarta-jmeter-2.5.1/bin/../../workspace/BCBSLA/ForMultiTestPlans/001_UM_Stay_Fragment1.jmx 
2012/03/08 02:19:47 INFO  - jmeter.control.IncludeController: loadIncludedElements -- try to load included module: /home/tester1/jakarta-jmeter-2.5.1/bin/../../workspace/BCBSLA/ForMultiTestPlans/001_UM_Stay_Fragment1.jmx 
2012/03/08 02:19:47 INFO  - jmeter.control.IncludeController: loadIncludedElements -- try to load included module: /home/tester1/jakarta-jmeter-2.5.1/bin/../../workspace/BCBSLA/ForMultiTestPlans/001_UM_Stay_Fragment1.jmx 
2012/03/08 02:19:47 INFO  - jmeter.control.IncludeController: loadIncludedElements -- try to load included module: /home/tester1/jakarta-jmeter-2.5.1/bin/../../workspace/BCBSLA/ForMultiTestPlans/001_UM_Stay_Fragment1.jmx 
2012/03/08 02:19:47 INFO  - jmeter.control.IncludeController: loadIncludedElements -- try to load included module: /home/tester1/jakarta-jmeter-2.5.1/bin/../../workspace/BCBSLA/ForMultiTestPlans/001_UM_Stay_Fragment1.jmx 
2012/03/08 02:19:47 INFO  - jmeter.control.IncludeController: loadIncludedElements -- try to load included module: /home/tester1/jakarta-jmeter-2.5.1/bin/../../workspace/BCBSLA/ForMultiTestPlans/001_UM_Stay_Fragment1.jmx 
2012/03/08 02:19:47 INFO  - jmeter.control.IncludeController: loadIncludedElements -- try to load included module: /home/tester1/jakarta-jmeter-2.5.1/bin/../../workspace/BCBSLA/ForMultiTestPlans/001_UM_Stay_Fragment1.jmx 
2012/03/08 02:19:47 INFO  - jmeter.control.IncludeController: loadIncludedElements -- try to load included module: /home/tester1/jakarta-jmeter-2.5.1/bin/../../workspace/BCBSLA/ForMultiTestPlans/001_UM_Stay_Fragment1.jmx 
2012/03/08 02:19:47 INFO  - jmeter.engine.StandardJMeterEngine: Starting 10 threads for group 002_UM_OP_Fragment. 
2012/03/08 02:19:47 INFO  - jmeter.engine.StandardJMeterEngine: Thread will continue on error 
2012/03/08 02:19:47 INFO  - jmeter.control.IncludeController: loadIncludedElements -- try to load included module: /home/tester1/jakarta-jmeter-2.5.1/bin/../../workspace/BCBSLA/ForMultiTestPlans/002_UM_OP_Fragment.jmx 
2012/03/08 02:19:47 INFO  - jmeter.control.IncludeController: loadIncludedElements -- try to load included module: /home/tester1/jakarta-jmeter-2.5.1/bin/../../workspace/BCBSLA/ForMultiTestPlans/002_UM_OP_Fragment.jmx 
2012/03/08 02:19:47 INFO  - jmeter.threads.JMeterThread: Thread started: 002_UM_OP_Fragment 2-1 
2012/03/08 02:19:47 INFO  - jmeter.services.FileServer: Stored: ../../workspace/BCBSLA/ForMultiTestPlans/002_UM_OP.csv 
2012/03/08 02:19:47 INFO  - jmeter.control.IncludeController: loadIncludedElements -- try to load included module: /home/tester1/jakarta-jmeter-2.5.1/bin/../../workspace/BCBSLA/ForMultiTestPlans/002_UM_OP_Fragment.jmx 
2012/03/08 02:19:48 INFO  - jmeter.control.IncludeController: loadIncludedElements -- try to load included module: /home/tester1/jakarta-jmeter-2.5.1/bin/../../workspace/BCBSLA/ForMultiTestPlans/002_UM_OP_Fragment.jmx 
2012/03/08 02:19:48 INFO  - jmeter.control.IncludeController: loadIncludedElements -- try to load included module: /home/tester1/jakarta-jmeter-2.5.1/bin/../../workspace/BCBSLA/ForMultiTestPlans/002_UM_OP_Fragment.jmx 
2012/03/08 02:19:48 INFO  - jmeter.control.IncludeController: loadIncludedElements -- try to load included module: /home/tester1/jakarta-jmeter-2.5.1/bin/../../workspace/BCBSLA/ForMultiTestPlans/002_UM_OP_Fragment.jmx 
2012/03/08 02:19:48 INFO  - jmeter.control.IncludeController: loadIncludedElements -- try to load included module: /home/tester1/jakarta-jmeter-2.5.1/bin/../../workspace/BCBSLA/ForMultiTestPlans/002_UM_OP_Fragment.jmx 
2012/03/08 02:19:48 INFO  - jmeter.control.IncludeController: loadIncludedElements -- try to load included module: /home/tester1/jakarta-jmeter-2.5.1/bin/../../workspace/BCBSLA/ForMultiTestPlans/002_UM_OP_Fragment.jmx 
2012/03/08 02:19:48 INFO  - jmeter.control.IncludeController: loadIncludedElements -- try to load included module: /home/tester1/jakarta-jmeter-2.5.1/bin/../../workspace/BCBSLA/ForMultiTestPlans/002_UM_OP_Fragment.jmx 
2012/03/08 02:19:48 INFO  - jmeter.control.IncludeController: loadIncludedElements -- try to load included module: /home/tester1/jakarta-jmeter-2.5.1/bin/../../workspace/BCBSLA/ForMultiTestPlans/002_UM_OP_Fragment.jmx 
2012/03/08 02:19:48 INFO  - jmeter.engine.StandardJMeterEngine: All threads have been started 
2012/03/08 02:19:49 INFO  - jmeter.protocol.http.sampler.HTTPJavaImpl: Maximum connection retries = 10 
2012/03/08 02:19:49 INFO  - jmeter.protocol.http.sampler.HTTPHCAbstractImpl: Local host = zejmeter02.zeomega.int 
2012/03/08 02:19:49 INFO  - jmeter.protocol.http.sampler.HTTPHC3Impl: HTTP request retry count = 1 
2012/03/08 02:19:49 INFO  - jmeter.protocol.http.parser.HtmlParserHTMLParser: Using htmlparser version: 2.0 (Release Build Sep 17, 2006) 
2012/03/08 02:19:49 INFO  - jmeter.protocol.http.parser.HTMLParser: Created org.apache.jmeter.protocol.http.parser.HtmlParserHTMLParser 
2012/03/08 02:19:59 INFO  - jmeter.threads.JMeterThread: Thread started: 001_UM_Stay_Fragment1 1-2 
2012/03/08 02:19:59 INFO  - jmeter.threads.JMeterThread: Thread started: 002_UM_OP_Fragment 2-2 
2012/03/08 02:20:10 INFO  - jmeter.threads.JMeterThread: Thread finished: 001_UM_Stay_Fragment1 1-1 
2012/03/08 02:20:10 INFO  - jmeter.engine.StandardJMeterEngine: Ending thread 001_UM_Stay_Fragment1 1-1 
2012/03/08 02:20:11 INFO  - jmeter.threads.JMeterThread: Thread started: 001_UM_Stay_Fragment1 1-3 
2012/03/08 02:20:12 INFO  - jmeter.threads.JMeterThread: Thread started: 002_UM_OP_Fragment 2-3 
2012/03/08 02:20:13 ERROR - jmeter.protocol.http.sampler.HTTPJavaImpl: readResponse: java.io.IOException: Server returned HTTP response code: 503 for URL: http://bcbslaltest.zeomega.int/cms/ZeUI/views/Activity/Controller/getJsonCalendarContent?I_START_DT=11/15/2011&I_END_DT=11/15/2011&isProviderLogin=0&appeal_type_episode_list=Appeal%2C2nd%20Appeal%2CALJ%2CDSHS%2CIRO&assigned_nurse_idn=2&integrateAvailability=1&I_EPI_TYPE_FILTER=&I_ACT_TYPE_FILTER=&I_EPI_CLASS_FILTER= 
2012/03/08 02:20:13 ERROR - jmeter.protocol.http.sampler.HTTPJavaImpl: Cause: java.io.IOException: Server returned HTTP response code: 503 for URL: http://bcbslaltest.zeomega.int/cms/ZeUI/views/Activity/Controller/getJsonCalendarContent?I_START_DT=11/15/2011&I_END_DT=11/15/2011&isProviderLogin=0&appeal_type_episode_list=Appeal%2C2nd%20Appeal%2CALJ%2CDSHS%2CIRO&assigned_nurse_idn=2&integrateAvailability=1&I_EPI_TYPE_FILTER=&I_ACT_TYPE_FILTER=&I_EPI_CLASS_FILTER= 
2012/03/08 02:20:13 INFO  - jmeter.protocol.http.sampler.HTTPJavaImpl: Error Response Code: 503 
2012/03/08 02:20:13 INFO  - jmeter.threads.JMeterThread: Thread finished: 002_UM_OP_Fragment 2-1 
2012/03/08 02:20:13 INFO  - jmeter.engine.StandardJMeterEngine: Ending thread 002_UM_OP_Fragment 2-1 
2012/03/08 02:20:16 INFO  - jmeter.threads.JMeterThread: Thread finished: 001_UM_Stay_Fragment1 1-2 
2012/03/08 02:20:16 INFO  - jmeter.engine.StandardJMeterEngine: Ending thread 001_UM_Stay_Fragment1 1-2 
2012/03/08 02:20:23 INFO  - jmeter.threads.JMeterThread: Thread started: 001_UM_Stay_Fragment1 1-4 
2012/03/08 02:20:24 INFO  - jmeter.threads.JMeterThread: Thread started: 002_UM_OP_Fragment 2-4 
2012/03/08 02:20:25 ERROR - jmeter.protocol.http.sampler.HTTPJavaImpl: readResponse: java.io.IOException: Server returned HTTP response code: 503 for URL: http://bcbslaltest.zeomega.int/cms/ZeUI/views/Activity/Controller/getJsonCalendarContent?I_START_DT=11/15/2011&I_END_DT=11/15/2011&isProviderLogin=0&appeal_type_episode_list=Appeal%2C2nd%20Appeal%2CALJ%2CDSHS%2CIRO&assigned_nurse_idn=2&integrateAvailability=1&I_EPI_TYPE_FILTER=&I_ACT_TYPE_FILTER=&I_EPI_CLASS_FILTER= 
2012/03/08 02:20:25 ERROR - jmeter.protocol.http.sampler.HTTPJavaImpl: Cause: java.io.IOException: Server returned HTTP response code: 503 for URL: http://bcbslaltest.zeomega.int/cms/ZeUI/views/Activity/Controller/getJsonCalendarContent?I_START_DT=11/15/2011&I_END_DT=11/15/2011&isProviderLogin=0&appeal_type_episode_list=Appeal%2C2nd%20Appeal%2CALJ%2CDSHS%2CIRO&assigned_nurse_idn=2&integrateAvailability=1&I_EPI_TYPE_FILTER=&I_ACT_TYPE_FILTER=&I_EPI_CLASS_FILTER= 
2012/03/08 02:20:25 INFO  - jmeter.protocol.http.sampler.HTTPJavaImpl: Error Response Code: 503 
2012/03/08 02:20:26 INFO  - jmeter.threads.JMeterThread: Thread finished: 002_UM_OP_Fragment 2-2 
2012/03/08 02:20:26 INFO  - jmeter.engine.StandardJMeterEngine: Ending thread 002_UM_OP_Fragment 2-2 
2012/03/08 02:20:27 INFO  - jmeter.threads.JMeterThread: Thread finished: 001_UM_Stay_Fragment1 1-3 
2012/03/08 02:20:27 INFO  - jmeter.engine.StandardJMeterEngine: Ending thread 001_UM_Stay_Fragment1 1-3 
2012/03/08 02:20:35 INFO  - jmeter.threads.JMeterThread: Thread started: 001_UM_Stay_Fragment1 1-5 
2012/03/08 02:20:36 INFO  - jmeter.threads.JMeterThread: Thread started: 002_UM_OP_Fragment 2-5 
2012/03/08 02:20:40 ERROR - jmeter.protocol.http.sampler.HTTPJavaImpl: readResponse: java.io.IOException: Server returned HTTP response code: 503 for URL: http://bcbslaltest.zeomega.int/cms/ZeUI/views/Activity/Controller/getJsonCalendarContent?I_START_DT=11/15/2011&I_END_DT=11/15/2011&isProviderLogin=0&appeal_type_episode_list=Appeal%2C2nd%20Appeal%2CALJ%2CDSHS%2CIRO&assigned_nurse_idn=2&integrateAvailability=1&I_EPI_TYPE_FILTER=&I_ACT_TYPE_FILTER=&I_EPI_CLASS_FILTER= 
2012/03/08 02:20:40 ERROR - jmeter.protocol.http.sampler.HTTPJavaImpl: Cause: java.io.IOException: Server returned HTTP response code: 503 for URL: http://bcbslaltest.zeomega.int/cms/ZeUI/views/Activity/Controller/getJsonCalendarContent?I_START_DT=11/15/2011&I_END_DT=11/15/2011&isProviderLogin=0&appeal_type_episode_list=Appeal%2C2nd%20Appeal%2CALJ%2CDSHS%2CIRO&assigned_nurse_idn=2&integrateAvailability=1&I_EPI_TYPE_FILTER=&I_ACT_TYPE_FILTER=&I_EPI_CLASS_FILTER= 
2012/03/08 02:20:40 INFO  - jmeter.protocol.http.sampler.HTTPJavaImpl: Error Response Code: 503 
2012/03/08 02:20:41 INFO  - jmeter.threads.JMeterThread: Thread finished: 001_UM_Stay_Fragment1 1-4 
2012/03/08 02:20:41 INFO  - jmeter.engine.StandardJMeterEngine: Ending thread 001_UM_Stay_Fragment1 1-4 
2012/03/08 02:20:41 INFO  - jmeter.threads.JMeterThread: Thread finished: 002_UM_OP_Fragment 2-3 
2012/03/08 02:20:41 INFO  - jmeter.engine.StandardJMeterEngine: Ending thread 002_UM_OP_Fragment 2-3 
2012/03/08 02:20:47 INFO  - jmeter.threads.JMeterThread: Thread started: 001_UM_Stay_Fragment1 1-6 
2012/03/08 02:20:48 INFO  - jmeter.threads.JMeterThread: Thread started: 002_UM_OP_Fragment 2-6 
2012/03/08 02:20:50 ERROR - jmeter.protocol.http.sampler.HTTPJavaImpl: readResponse: java.io.IOException: Server returned HTTP response code: 503 for URL: http://bcbslaltest.zeomega.int/cms/ZeUI/views/Activity/Controller/getJsonCalendarContent?I_START_DT=11/15/2011&I_END_DT=11/15/2011&isProviderLogin=0&appeal_type_episode_list=Appeal%2C2nd%20Appeal%2CALJ%2CDSHS%2CIRO&assigned_nurse_idn=2&integrateAvailability=1&I_EPI_TYPE_FILTER=&I_ACT_TYPE_FILTER=&I_EPI_CLASS_FILTER= 
2012/03/08 02:20:50 ERROR - jmeter.protocol.http.sampler.HTTPJavaImpl: Cause: java.io.IOException: Server returned HTTP response code: 503 for URL: http://bcbslaltest.zeomega.int/cms/ZeUI/views/Activity/Controller/getJsonCalendarContent?I_START_DT=11/15/2011&I_END_DT=11/15/2011&isProviderLogin=0&appeal_type_episode_list=Appeal%2C2nd%20Appeal%2CALJ%2CDSHS%2CIRO&assigned_nurse_idn=2&integrateAvailability=1&I_EPI_TYPE_FILTER=&I_ACT_TYPE_FILTER=&I_EPI_CLASS_FILTER= 
2012/03/08 02:20:50 INFO  - jmeter.protocol.http.sampler.HTTPJavaImpl: Error Response Code: 503 
2012/03/08 02:20:50 ERROR - jmeter.protocol.http.sampler.HTTPJavaImpl: readResponse: java.io.IOException: Server returned HTTP response code: 503 for URL: http://bcbslaltest.zeomega.int/cms/ZeUI/views/Activity/Controller/getJsonCalendarContent?I_START_DT=11/15/2011&I_END_DT=11/15/2011&isProviderLogin=0&appeal_type_episode_list=Appeal%2C2nd%20Appeal%2CALJ%2CDSHS%2CIRO&assigned_nurse_idn=2&integrateAvailability=1&I_EPI_TYPE_FILTER=&I_ACT_TYPE_FILTER=&I_EPI_CLASS_FILTER= 
2012/03/08 02:20:50 ERROR - jmeter.protocol.http.sampler.HTTPJavaImpl: Cause: java.io.IOException: Server returned HTTP response code: 503 for URL: http://bcbslaltest.zeomega.int/cms/ZeUI/views/Activity/Controller/getJsonCalendarContent?I_START_DT=11/15/2011&I_END_DT=11/15/2011&isProviderLogin=0&appeal_type_episode_list=Appeal%2C2nd%20Appeal%2CALJ%2CDSHS%2CIRO&assigned_nurse_idn=2&integrateAvailability=1&I_EPI_TYPE_FILTER=&I_ACT_TYPE_FILTER=&I_EPI_CLASS_FILTER= 
2012/03/08 02:20:50 INFO  - jmeter.protocol.http.sampler.HTTPJavaImpl: Error Response Code: 503 
2012/03/08 02:20:50 INFO  - jmeter.threads.JMeterThread: Thread finished: 002_UM_OP_Fragment 2-5 
2012/03/08 02:20:50 INFO  - jmeter.engine.StandardJMeterEngine: Ending thread 002_UM_OP_Fragment 2-5 
2012/03/08 02:20:51 INFO  - jmeter.threads.JMeterThread: Thread finished: 001_UM_Stay_Fragment1 1-5 
2012/03/08 02:20:51 INFO  - jmeter.engine.StandardJMeterEngine: Ending thread 001_UM_Stay_Fragment1 1-5 
2012/03/08 02:20:51 INFO  - jmeter.threads.JMeterThread: Thread finished: 002_UM_OP_Fragment 2-4 
2012/03/08 02:20:51 INFO  - jmeter.engine.StandardJMeterEngine: Ending thread 002_UM_OP_Fragment 2-4 
2012/03/08 02:20:59 INFO  - jmeter.threads.JMeterThread: Thread started: 001_UM_Stay_Fragment1 1-7 
2012/03/08 02:21:00 INFO  - jmeter.threads.JMeterThread: Thread started: 002_UM_OP_Fragment 2-7 
2012/03/08 02:21:04 ERROR - jmeter.protocol.http.sampler.HTTPJavaImpl: readResponse: java.io.IOException: Server returned HTTP response code: 503 for URL: http://bcbslaltest.zeomega.int/cms/ZeUI/views/Activity/Controller/getJsonCalendarContent?I_START_DT=11/15/2011&I_END_DT=11/15/2011&isProviderLogin=0&appeal_type_episode_list=Appeal%2C2nd%20Appeal%2CALJ%2CDSHS%2CIRO&assigned_nurse_idn=2&integrateAvailability=1&I_EPI_TYPE_FILTER=&I_ACT_TYPE_FILTER=&I_EPI_CLASS_FILTER= 
2012/03/08 02:21:04 ERROR - jmeter.protocol.http.sampler.HTTPJavaImpl: Cause: java.io.IOException: Server returned HTTP response code: 503 for URL: http://bcbslaltest.zeomega.int/cms/ZeUI/views/Activity/Controller/getJsonCalendarContent?I_START_DT=11/15/2011&I_END_DT=11/15/2011&isProviderLogin=0&appeal_type_episode_list=Appeal%2C2nd%20Appeal%2CALJ%2CDSHS%2CIRO&assigned_nurse_idn=2&integrateAvailability=1&I_EPI_TYPE_FILTER=&I_ACT_TYPE_FILTER=&I_EPI_CLASS_FILTER= 
2012/03/08 02:21:04 INFO  - jmeter.protocol.http.sampler.HTTPJavaImpl: Error Response Code: 503 
2012/03/08 02:21:04 INFO  - jmeter.threads.JMeterThread: Thread finished: 002_UM_OP_Fragment 2-6 
2012/03/08 02:21:04 INFO  - jmeter.engine.StandardJMeterEngine: Ending thread 002_UM_OP_Fragment 2-6 
2012/03/08 02:21:05 INFO  - jmeter.threads.JMeterThread: Thread finished: 001_UM_Stay_Fragment1 1-6 
2012/03/08 02:21:05 INFO  - jmeter.engine.StandardJMeterEngine: Ending thread 001_UM_Stay_Fragment1 1-6 
2012/03/08 02:21:11 INFO  - jmeter.threads.JMeterThread: Thread started: 001_UM_Stay_Fragment1 1-8 
2012/03/08 02:21:12 INFO  - jmeter.threads.JMeterThread: Thread started: 002_UM_OP_Fragment 2-8 
2012/03/08 02:21:19 INFO  - jmeter.threads.JMeterThread: Thread finished: 001_UM_Stay_Fragment1 1-7 
2012/03/08 02:21:19 INFO  - jmeter.engine.StandardJMeterEngine: Ending thread 001_UM_Stay_Fragment1 1-7 
2012/03/08 02:21:22 ERROR - jmeter.protocol.http.sampler.HTTPJavaImpl: readResponse: java.io.IOException: Server returned HTTP response code: 503 for URL: http://bcbslaltest.zeomega.int/cms/ZeUI/views/Activity/Controller/getJsonCalendarContent?I_START_DT=11/15/2011&I_END_DT=11/15/2011&isProviderLogin=0&appeal_type_episode_list=Appeal%2C2nd%20Appeal%2CALJ%2CDSHS%2CIRO&assigned_nurse_idn=2&integrateAvailability=1&I_EPI_TYPE_FILTER=&I_ACT_TYPE_FILTER=&I_EPI_CLASS_FILTER= 
2012/03/08 02:21:22 ERROR - jmeter.protocol.http.sampler.HTTPJavaImpl: Cause: java.io.IOException: Server returned HTTP response code: 503 for URL: http://bcbslaltest.zeomega.int/cms/ZeUI/views/Activity/Controller/getJsonCalendarContent?I_START_DT=11/15/2011&I_END_DT=11/15/2011&isProviderLogin=0&appeal_type_episode_list=Appeal%2C2nd%20Appeal%2CALJ%2CDSHS%2CIRO&assigned_nurse_idn=2&integrateAvailability=1&I_EPI_TYPE_FILTER=&I_ACT_TYPE_FILTER=&I_EPI_CLASS_FILTER= 
2012/03/08 02:21:22 INFO  - jmeter.protocol.http.sampler.HTTPJavaImpl: Error Response Code: 503 
2012/03/08 02:21:23 INFO  - jmeter.threads.JMeterThread: Thread finished: 002_UM_OP_Fragment 2-7 
2012/03/08 02:21:23 INFO  - jmeter.engine.StandardJMeterEngine: Ending thread 002_UM_OP_Fragment 2-7 
2012/03/08 02:21:23 INFO  - jmeter.threads.JMeterThread: Thread started: 001_UM_Stay_Fragment1 1-9 
2012/03/08 02:21:24 INFO  - jmeter.threads.JMeterThread: Thread started: 002_UM_OP_Fragment 2-9 
2012/03/08 02:21:35 INFO  - jmeter.threads.JMeterThread: Thread started: 001_UM_Stay_Fragment1 1-10 
2012/03/08 02:21:36 INFO  - jmeter.threads.JMeterThread: Thread started: 002_UM_OP_Fragment 2-10 
2012/03/08 02:21:36 INFO  - jmeter.threads.JMeterThread: Thread finished: 001_UM_Stay_Fragment1 1-8 
2012/03/08 02:21:36 INFO  - jmeter.engine.StandardJMeterEngine: Ending thread 001_UM_Stay_Fragment1 1-8 
2012/03/08 02:21:39 INFO  - jmeter.threads.JMeterThread: Thread finished: 001_UM_Stay_Fragment1 1-9 
2012/03/08 02:21:39 INFO  - jmeter.engine.StandardJMeterEngine: Ending thread 001_UM_Stay_Fragment1 1-9 
2012/03/08 02:21:40 ERROR - jmeter.protocol.http.sampler.HTTPJavaImpl: readResponse: java.io.IOException: Server returned HTTP response code: 503 for URL: http://bcbslaltest.zeomega.int/cms/ZeUI/views/Activity/Controller/getJsonCalendarContent?I_START_DT=11/15/2011&I_END_DT=11/15/2011&isProviderLogin=0&appeal_type_episode_list=Appeal%2C2nd%20Appeal%2CALJ%2CDSHS%2CIRO&assigned_nurse_idn=2&integrateAvailability=1&I_EPI_TYPE_FILTER=&I_ACT_TYPE_FILTER=&I_EPI_CLASS_FILTER= 
2012/03/08 02:21:40 ERROR - jmeter.protocol.http.sampler.HTTPJavaImpl: Cause: java.io.IOException: Server returned HTTP response code: 503 for URL: http://bcbslaltest.zeomega.int/cms/ZeUI/views/Activity/Controller/getJsonCalendarContent?I_START_DT=11/15/2011&I_END_DT=11/15/2011&isProviderLogin=0&appeal_type_episode_list=Appeal%2C2nd%20Appeal%2CALJ%2CDSHS%2CIRO&assigned_nurse_idn=2&integrateAvailability=1&I_EPI_TYPE_FILTER=&I_ACT_TYPE_FILTER=&I_EPI_CLASS_FILTER= 
2012/03/08 02:21:40 INFO  - jmeter.protocol.http.sampler.HTTPJavaImpl: Error Response Code: 503 
2012/03/08 02:21:41 INFO  - jmeter.threads.JMeterThread: Thread finished: 002_UM_OP_Fragment 2-8 
2012/03/08 02:21:41 INFO  - jmeter.engine.StandardJMeterEngine: Ending thread 002_UM_OP_Fragment 2-8 
2012/03/08 02:21:49 ERROR - jmeter.protocol.http.sampler.HTTPJavaImpl: readResponse: java.io.IOException: Server returned HTTP response code: 503 for URL: http://bcbslaltest.zeomega.int/cms/ZeUI/views/Activity/Controller/getJsonCalendarContent?I_START_DT=11/15/2011&I_END_DT=11/15/2011&isProviderLogin=0&appeal_type_episode_list=Appeal%2C2nd%20Appeal%2CALJ%2CDSHS%2CIRO&assigned_nurse_idn=2&integrateAvailability=1&I_EPI_TYPE_FILTER=&I_ACT_TYPE_FILTER=&I_EPI_CLASS_FILTER= 
2012/03/08 02:21:49 ERROR - jmeter.protocol.http.sampler.HTTPJavaImpl: Cause: java.io.IOException: Server returned HTTP response code: 503 for URL: http://bcbslaltest.zeomega.int/cms/ZeUI/views/Activity/Controller/getJsonCalendarContent?I_START_DT=11/15/2011&I_END_DT=11/15/2011&isProviderLogin=0&appeal_type_episode_list=Appeal%2C2nd%20Appeal%2CALJ%2CDSHS%2CIRO&assigned_nurse_idn=2&integrateAvailability=1&I_EPI_TYPE_FILTER=&I_ACT_TYPE_FILTER=&I_EPI_CLASS_FILTER= 
2012/03/08 02:21:49 INFO  - jmeter.protocol.http.sampler.HTTPJavaImpl: Error Response Code: 503 
2012/03/08 02:21:50 INFO  - jmeter.threads.JMeterThread: Thread finished: 002_UM_OP_Fragment 2-9 
2012/03/08 02:21:50 INFO  - jmeter.engine.StandardJMeterEngine: Ending thread 002_UM_OP_Fragment 2-9 
2012/03/08 02:21:55 ERROR - jmeter.protocol.http.sampler.HTTPJavaImpl: readResponse: java.io.IOException: Server returned HTTP response code: 503 for URL: http://bcbslaltest.zeomega.int/cms/ZeUI/views/Activity/Controller/getJsonCalendarContent?I_START_DT=11/15/2011&I_END_DT=11/15/2011&isProviderLogin=0&appeal_type_episode_list=Appeal%2C2nd%20Appeal%2CALJ%2CDSHS%2CIRO&assigned_nurse_idn=2&integrateAvailability=1&I_EPI_TYPE_FILTER=&I_ACT_TYPE_FILTER=&I_EPI_CLASS_FILTER= 
2012/03/08 02:21:55 ERROR - jmeter.protocol.http.sampler.HTTPJavaImpl: Cause: java.io.IOException: Server returned HTTP response code: 503 for URL: http://bcbslaltest.zeomega.int/cms/ZeUI/views/Activity/Controller/getJsonCalendarContent?I_START_DT=11/15/2011&I_END_DT=11/15/2011&isProviderLogin=0&appeal_type_episode_list=Appeal%2C2nd%20Appeal%2CALJ%2CDSHS%2CIRO&assigned_nurse_idn=2&integrateAvailability=1&I_EPI_TYPE_FILTER=&I_ACT_TYPE_FILTER=&I_EPI_CLASS_FILTER= 
2012/03/08 02:21:55 INFO  - jmeter.protocol.http.sampler.HTTPJavaImpl: Error Response Code: 503 
2012/03/08 02:21:56 INFO  - jmeter.threads.JMeterThread: Thread finished: 002_UM_OP_Fragment 2-10 
2012/03/08 02:21:56 INFO  - jmeter.engine.StandardJMeterEngine: Ending thread 002_UM_OP_Fragment 2-10 
2012/03/08 02:22:00 INFO  - jmeter.threads.JMeterThread: Thread finished: 001_UM_Stay_Fragment1 1-10 
2012/03/08 02:22:00 INFO  - jmeter.engine.StandardJMeterEngine: Ending thread 001_UM_Stay_Fragment1 1-10 
2012/03/08 02:22:00 INFO  - jmeter.engine.StandardJMeterEngine: Notifying test listeners of end of test 
2012/03/08 02:22:00 INFO  - jmeter.services.FileServer: Close: ../../workspace/BCBSLA/ForMultiTestPlans/002_UM_OP.csv 
2012/03/08 02:22:00 INFO  - jmeter.services.FileServer: Close: ../../workspace/BCBSLA/ForMultiTestPlans/001_MemberID_users_load.csv 
2012/03/08 02:22:00 INFO  - jmeter.samplers.StandardSampleSender: Test Ended on 192.168.5.237 
2012/03/08 02:22:00 INFO  - jmeter.engine.StandardJMeterEngine: Test has ended on host 192.168.5.237 
