[frank@localhost r1859-30b8f847cf72c46004b42ef322797f00f4524bac]$ cat jmeter.log 
2020-09-26 21:11:56,447 INFO o.a.j.u.JMeterUtils: Setting Locale to en_EN
2020-09-26 21:11:56,469 INFO o.a.j.JMeter: Loading user properties from: /home/frank/tools/bugs/r1859-30b8f847cf72c46004b42ef322797f00f4524bac/apache-jmeter-5.3.1-SNAPSHOT/bin/user.properties
2020-09-26 21:11:56,469 INFO o.a.j.JMeter: Loading system properties from: /home/frank/tools/bugs/r1859-30b8f847cf72c46004b42ef322797f00f4524bac/apache-jmeter-5.3.1-SNAPSHOT/bin/system.properties
2020-09-26 21:11:56,471 INFO o.a.j.JMeter: Copyright (c) 1998-2020 The Apache Software Foundation
2020-09-26 21:11:56,471 INFO o.a.j.JMeter: Version 5.3.1-SNAPSHOT 30b8f84
2020-09-26 21:11:56,471 INFO o.a.j.JMeter: java.version=1.8.0_265
2020-09-26 21:11:56,472 INFO o.a.j.JMeter: java.vm.name=OpenJDK 64-Bit Server VM
2020-09-26 21:11:56,472 INFO o.a.j.JMeter: os.name=Linux
2020-09-26 21:11:56,472 INFO o.a.j.JMeter: os.arch=amd64
2020-09-26 21:11:56,472 INFO o.a.j.JMeter: os.version=5.8.10-200.fc32.x86_64
2020-09-26 21:11:56,472 INFO o.a.j.JMeter: file.encoding=UTF-8
2020-09-26 21:11:56,472 INFO o.a.j.JMeter: java.awt.headless=null
2020-09-26 21:11:56,472 INFO o.a.j.JMeter: Max memory     =1073741824
2020-09-26 21:11:56,472 INFO o.a.j.JMeter: Available Processors =2
2020-09-26 21:11:56,484 INFO o.a.j.JMeter: Default Locale=English (EN)
2020-09-26 21:11:56,485 INFO o.a.j.JMeter: JMeter  Locale=English (EN)
2020-09-26 21:11:56,485 INFO o.a.j.JMeter: JMeterHome=/home/frank/tools/bugs/r1859-30b8f847cf72c46004b42ef322797f00f4524bac/apache-jmeter-5.3.1-SNAPSHOT
2020-09-26 21:11:56,485 INFO o.a.j.JMeter: user.dir  =/home/frank/tools/bugs/r1859-30b8f847cf72c46004b42ef322797f00f4524bac
2020-09-26 21:11:56,485 INFO o.a.j.JMeter: PWD       =/home/frank/tools/bugs/r1859-30b8f847cf72c46004b42ef322797f00f4524bac
2020-09-26 21:11:56,486 INFO o.a.j.JMeter: IP: 127.0.0.1 Name: localhost.localdomain FullName: localhost
2020-09-26 21:11:56,663 INFO o.a.j.JMeter: Setting LAF to: laf:javax.swing.plaf.metal.MetalLookAndFeel
2020-09-26 21:11:56,862 INFO o.a.j.JMeter: Loaded icon properties from org/apache/jmeter/images/icon.properties
2020-09-26 21:12:07,917 INFO o.a.j.g.a.LogLevelCommand: Setting root log level: ALL
2020-09-26 21:12:30,431 DEBUG o.a.j.g.GuiPackage: Updating current node Test Plan
2020-09-26 21:12:30,431 DEBUG o.a.j.g.GuiPackage: Gui retrieved = org.apache.jmeter.control.gui.TestPlanGui[Test Plan,0,-2096790,2097071x2097440,layout=java.awt.BorderLayout,alignmentX=0.0,alignmentY=0.0,border=javax.swing.border.EmptyBorder@2e268795,flags=9,maximumSize=,minimumSize=,preferredSize=]
2020-09-26 21:12:30,432 DEBUG o.a.j.g.AbstractJMeterGuiComponent: setting element to enabled: true
2020-09-26 21:12:30,432 DEBUG o.a.j.g.AbstractJMeterGuiComponent: setting element to enabled: true
2020-09-26 21:12:30,432 DEBUG o.a.j.g.GuiPackage: Gui retrieved = org.apache.jmeter.control.gui.TestPlanGui[Test Plan,0,-2096790,2097071x2097440,layout=java.awt.BorderLayout,alignmentX=0.0,alignmentY=0.0,border=javax.swing.border.EmptyBorder@2e268795,flags=9,maximumSize=,minimumSize=,preferredSize=]
2020-09-26 21:12:30,433 DEBUG o.a.j.g.a.CheckDirty: Node is class: class org.apache.jmeter.gui.tree.JMeterTreeNode
2020-09-26 21:12:30,434 DEBUG o.a.j.g.GuiPackage: Updating current node Test Plan
2020-09-26 21:12:30,434 DEBUG o.a.j.g.GuiPackage: Gui retrieved = org.apache.jmeter.control.gui.TestPlanGui[Test Plan,0,-2096790,2097071x2097440,invalid,layout=java.awt.BorderLayout,alignmentX=0.0,alignmentY=0.0,border=javax.swing.border.EmptyBorder@2e268795,flags=9,maximumSize=,minimumSize=,preferredSize=]
2020-09-26 21:12:30,435 DEBUG o.a.j.g.AbstractJMeterGuiComponent: setting element to enabled: true
2020-09-26 21:12:30,435 DEBUG o.a.j.g.AbstractJMeterGuiComponent: setting element to enabled: true
2020-09-26 21:12:30,436 DEBUG o.a.j.g.GuiPackage: Gui retrieved = org.apache.jmeter.control.gui.TestPlanGui[Test Plan,0,-2096790,2097071x2097440,invalid,layout=java.awt.BorderLayout,alignmentX=0.0,alignmentY=0.0,border=javax.swing.border.EmptyBorder@2e268795,flags=9,maximumSize=,minimumSize=,preferredSize=]
2020-09-26 21:12:30,437 DEBUG o.a.j.g.a.CheckDirty: Node is class: class org.apache.jmeter.gui.tree.JMeterTreeNode

