2021-05-17 09:28:56,070 INFO o.a.j.u.JMeterUtils: Setting Locale to en_EN
2021-05-17 09:28:56,099 INFO o.a.j.JMeter: Loading user properties from: user.properties
2021-05-17 09:28:56,105 INFO o.a.j.JMeter: Loading system properties from: system.properties
2021-05-17 09:28:56,113 INFO o.a.j.JMeter: Copyright (c) 1998-2021 The Apache Software Foundation
2021-05-17 09:28:56,113 INFO o.a.j.JMeter: Version 5.4.1
2021-05-17 09:28:56,113 INFO o.a.j.JMeter: java.version=16
2021-05-17 09:28:56,113 INFO o.a.j.JMeter: java.vm.name=OpenJDK 64-Bit Server VM
2021-05-17 09:28:56,113 INFO o.a.j.JMeter: os.name=Windows 10
2021-05-17 09:28:56,113 INFO o.a.j.JMeter: os.arch=amd64
2021-05-17 09:28:56,113 INFO o.a.j.JMeter: os.version=10.0
2021-05-17 09:28:56,113 INFO o.a.j.JMeter: file.encoding=Cp1252
2021-05-17 09:28:56,113 INFO o.a.j.JMeter: java.awt.headless=null
2021-05-17 09:28:56,114 INFO o.a.j.JMeter: Max memory     =1073741824
2021-05-17 09:28:56,114 INFO o.a.j.JMeter: Available Processors =4
2021-05-17 09:28:56,123 INFO o.a.j.JMeter: Default Locale=English (EN)
2021-05-17 09:28:56,123 INFO o.a.j.JMeter: JMeter  Locale=English (EN)
2021-05-17 09:28:56,123 INFO o.a.j.JMeter: JMeterHome=D:\JMeter\apache-jmeter-5.4.1
2021-05-17 09:28:56,123 INFO o.a.j.JMeter: user.dir  =D:\JMeter\apache-jmeter-5.4.1\bin
2021-05-17 09:28:56,123 INFO o.a.j.JMeter: PWD       =D:\JMeter\apache-jmeter-5.4.1\bin
2021-05-17 09:28:56,125 INFO o.a.j.JMeter: IP: <snip> Name: COMPUTER FullName: COMPUTER
2021-05-17 09:28:56,226 INFO o.a.j.JMeter: Setting LAF to: com.github.weisj.darklaf.DarkLaf:com.github.weisj.darklaf.theme.DarculaTheme
2021-05-17 09:28:57,064 INFO o.a.j.JMeter: Loaded icon properties from org/apache/jmeter/images/icon.properties
2021-05-17 09:29:04,484 ERROR o.a.j.JMeter: Uncaught exception in thread Thread[AWT-EventQueue-0,6,main]
java.lang.IllegalAccessError: class com.github.weisj.darklaf.ui.filechooser.DarkFilePaneUIBridge$DetailsTableModel (in unnamed module @0x21507a04) cannot access class sun.awt.shell.ShellFolder (in module java.desktop) because module java.desktop does not export sun.awt.shell to unnamed module @0x21507a04
	at com.github.weisj.darklaf.ui.filechooser.DarkFilePaneUIBridge$DetailsTableModel.updateColumnInfo(DarkFilePaneUIBridge.java:1128) ~[darklaf-core-2.5.4.jar:2.5.4]
	at com.github.weisj.darklaf.ui.filechooser.DarkFilePaneUIBridge$DetailsTableModel.<init>(DarkFilePaneUIBridge.java:1115) ~[darklaf-core-2.5.4.jar:2.5.4]
	at com.github.weisj.darklaf.ui.filechooser.DarkFilePaneUIBridge.getDetailsTableModel(DarkFilePaneUIBridge.java:576) ~[darklaf-core-2.5.4.jar:2.5.4]
	at com.github.weisj.darklaf.ui.filechooser.DarkFilePaneUIBridge$SortableListModel.<init>(DarkFilePaneUIBridge.java:1079) ~[darklaf-core-2.5.4.jar:2.5.4]
	at com.github.weisj.darklaf.ui.filechooser.DarkFilePane.createList(DarkFilePane.java:137) ~[darklaf-core-2.5.4.jar:2.5.4]
	at com.github.weisj.darklaf.ui.filechooser.DarkFileChooserUIBridge.createList(DarkFileChooserUIBridge.java:585) ~[darklaf-core-2.5.4.jar:2.5.4]
	at com.github.weisj.darklaf.ui.filechooser.DarkFileChooserUIBridge$MetalFileChooserUIAccessor.createList(DarkFileChooserUIBridge.java:750) ~[darklaf-core-2.5.4.jar:2.5.4]
	at com.github.weisj.darklaf.ui.filechooser.DarkFilePaneUIBridge.setViewType(DarkFilePaneUIBridge.java:376) ~[darklaf-core-2.5.4.jar:2.5.4]
	at com.github.weisj.darklaf.ui.filechooser.DarkFilePaneUIBridge.propertyChange(DarkFilePaneUIBridge.java:890) ~[darklaf-core-2.5.4.jar:2.5.4]
	at java.beans.PropertyChangeSupport.fire(PropertyChangeSupport.java:342) ~[?:?]
	at java.beans.PropertyChangeSupport.firePropertyChange(PropertyChangeSupport.java:334) ~[?:?]
	at java.beans.PropertyChangeSupport.firePropertyChange(PropertyChangeSupport.java:267) ~[?:?]
	at java.awt.Component.firePropertyChange(Component.java:8713) ~[?:?]
	at javax.swing.JComponent.setUI(JComponent.java:688) ~[?:?]
	at javax.swing.JFileChooser.updateUI(JFileChooser.java:1838) ~[?:?]
	at javax.swing.JFileChooser.setup(JFileChooser.java:395) ~[?:?]
	at javax.swing.JFileChooser.<init>(JFileChooser.java:361) ~[?:?]
	at javax.swing.JFileChooser.<init>(JFileChooser.java:308) ~[?:?]
	at org.apache.jmeter.gui.util.FileDialoger.<clinit>(FileDialoger.java:42) ~[ApacheJMeter_core.jar:5.4.1]
	at org.apache.jmeter.gui.action.Load.doActionAfterCheck(Load.java:75) ~[ApacheJMeter_core.jar:5.4.1]
	at org.apache.jmeter.gui.action.AbstractActionWithNoRunningTest.doAction(AbstractActionWithNoRunningTest.java:44) ~[ApacheJMeter_core.jar:5.4.1]
	at org.apache.jmeter.gui.action.ActionRouter.performAction(ActionRouter.java:87) ~[ApacheJMeter_core.jar:5.4.1]
	at org.apache.jmeter.gui.action.ActionRouter.lambda$actionPerformed$0(ActionRouter.java:69) ~[ApacheJMeter_core.jar:5.4.1]
	at java.awt.event.InvocationEvent.dispatch(InvocationEvent.java:316) ~[?:?]
	at java.awt.EventQueue.dispatchEventImpl(EventQueue.java:770) ~[?:?]
	at java.awt.EventQueue$4.run(EventQueue.java:721) ~[?:?]
	at java.awt.EventQueue$4.run(EventQueue.java:715) ~[?:?]
	at java.security.AccessController.doPrivileged(AccessController.java:391) ~[?:?]
	at java.security.ProtectionDomain$JavaSecurityAccessImpl.doIntersectionPrivilege(ProtectionDomain.java:85) ~[?:?]
	at java.awt.EventQueue.dispatchEvent(EventQueue.java:740) ~[?:?]
	at java.awt.EventDispatchThread.pumpOneEventForFilters(EventDispatchThread.java:203) [?:?]
	at java.awt.EventDispatchThread.pumpEventsForFilter(EventDispatchThread.java:124) [?:?]
	at java.awt.EventDispatchThread.pumpEventsForHierarchy(EventDispatchThread.java:113) [?:?]
	at java.awt.EventDispatchThread.pumpEvents(EventDispatchThread.java:109) [?:?]
	at java.awt.EventDispatchThread.pumpEvents(EventDispatchThread.java:101) [?:?]
	at java.awt.EventDispatchThread.run(EventDispatchThread.java:90) [?:?]
