2007/02/14 10:15:20 INFO  - jmeter.util.JMeterUtils: Setting Locale to en_US 
2007/02/14 10:15:20 INFO  - jmeter.JMeter: Loading user properties from: user.properties 
2007/02/14 10:15:20 INFO  - jmeter.JMeter: Loading system properties from: system.properties 
2007/02/14 10:15:20 INFO  - jmeter.JMeter: Copyright (c) 1998-2006 The Apache Software Foundation 
2007/02/14 10:15:20 INFO  - jmeter.JMeter: Version 2.2 
2007/02/14 10:15:20 INFO  - jmeter.JMeter: java.version=1.5.0_11 
2007/02/14 10:15:20 INFO  - jmeter.JMeter: os.name=Windows XP 
2007/02/14 10:15:20 INFO  - jmeter.JMeter: os.arch=x86 
2007/02/14 10:15:20 INFO  - jmeter.JMeter: os.version=5.1 
2007/02/14 10:15:20 INFO  - jmeter.JMeter: Default Locale=English (United States) 
2007/02/14 10:15:20 INFO  - jmeter.JMeter: JMeter  Locale=English (United States) 
2007/02/14 10:15:20 INFO  - jmeter.JMeter: JMeterHome=C:\dev\PerformanceTesting\jakarta-jmeter-2.2 
2007/02/14 10:15:20 INFO  - jmeter.JMeter: user.dir=C:\dev\PerformanceTesting\jakarta-jmeter-2.2\bin 
2007/02/14 10:15:20 INFO  - jmeter.JMeter: PWD     =C:\dev\PerformanceTesting\jakarta-jmeter-2.2\bin 
2007/02/14 10:15:20 INFO  - jmeter.JMeter: Loaded icon properties from org/apache/jmeter/images/icon.properties 
2007/02/14 10:15:21 INFO  - jmeter.protocol.http.sampler.HTTPSamplerBase: Cannot find .className property for htmlParser, using default 
2007/02/14 10:15:21 INFO  - jmeter.protocol.http.sampler.HTTPSamplerBase: Parser for text/html is  
2007/02/14 10:15:21 INFO  - jmeter.protocol.http.sampler.HTTPSamplerBase: Parser for application/xhtml+xml is  
2007/02/14 10:15:21 INFO  - jmeter.protocol.http.sampler.HTTPSamplerBase: Parser for application/xml is  
2007/02/14 10:15:21 INFO  - jmeter.protocol.http.sampler.HTTPSamplerBase: Parser for text/xml is  
2007/02/14 10:15:21 INFO  - jmeter.protocol.http.sampler.HTTPSamplerBase: Parser for text/vnd.wap.wml is org.apache.jmeter.protocol.http.parser.RegexpHTMLParser 
2007/02/14 10:15:21 INFO  - jmeter.protocol.http.sampler.AccessLogSamplerBeanInfo: Entered access log sampler bean info 
2007/02/14 10:15:21 INFO  - jmeter.protocol.http.sampler.AccessLogSamplerBeanInfo: found parsers: [org.apache.jmeter.protocol.http.util.accesslog.OrderPreservingLogParser, org.apache.jmeter.protocol.http.util.accesslog.SharedTCLogParser, org.apache.jmeter.protocol.http.util.accesslog.TCLogParser] 
2007/02/14 10:15:21 INFO  - jmeter.protocol.http.sampler.AccessLogSamplerBeanInfo: Got to end of access log samper bean info init 
2007/02/14 10:15:21 WARN  - jmeter.gui.util.MenuFactory: Missing jar? Could not create org.apache.jmeter.visualizers.MailerVisualizer. java.lang.NoClassDefFoundError: javax/mail/MessagingException 
2007/02/14 10:15:21 INFO  - jmeter.samplers.SampleResult: Note: Sample TimeStamps are START times 
2007/02/14 10:15:21 INFO  - jmeter.samplers.SampleResult: sampleresult.default.encoding is set to ISO-8859-1 
2007/02/14 10:15:31 INFO  - jmeter.gui.action.Load: Loading file: C:\dev\PerformanceTesting\JMeter Test Plans\LocationSnippet.jmx 
2007/02/14 10:15:31 INFO  - jmeter.save.SaveService: Testplan (JMX) version: 2.2. Testlog (JTL) version: 2.2 
2007/02/14 10:15:31 INFO  - jmeter.save.SaveService: Using SaveService properties file version 408187 
2007/02/14 10:15:31 WARN  - jmeter.save.SaveService: Could not set up alias MailerModel java.lang.NoClassDefFoundError: javax/mail/Message 
2007/02/14 10:15:31 INFO  - jmeter.protocol.http.sampler.HTTPSampler2: Local host = LOCALHOST 
2007/02/14 10:15:31 INFO  - jmeter.protocol.tcp.sampler.TCPSampler: Protocol Handler name=TCPClientImpl 
2007/02/14 10:15:31 INFO  - jmeter.protocol.tcp.sampler.TCPSampler: Status prefix= 
2007/02/14 10:15:31 INFO  - jmeter.protocol.tcp.sampler.TCPSampler: Status suffix= 
2007/02/14 10:15:31 INFO  - jmeter.protocol.tcp.sampler.TCPSampler: Status properties= 
2007/02/14 10:15:31 WARN  - jmeter.save.SaveService: Could not set up alias JMSSampler java.lang.NoClassDefFoundError: javax/jms/Message 
2007/02/14 10:15:31 WARN  - jmeter.save.SaveService: Could not set up alias SubscriberSampler java.lang.NoClassDefFoundError: javax/jms/MessageListener 
2007/02/14 10:15:31 WARN  - jmeter.save.SaveService: Could not set up alias MailerVisualizer java.lang.NoClassDefFoundError: javax/mail/MessagingException 
2007/02/14 10:15:31 WARN  - jmeter.save.SaveService: Could not set up alias WebServiceSampler java.lang.NoClassDefFoundError: javax/mail/MessagingException 
2007/02/14 10:15:31 INFO  - jmeter.save.SaveService: Using SaveService properties version 1.8 
2007/02/14 10:15:31 INFO  - jmeter.save.SaveService: All converter versions present and correct 
2007/02/14 10:15:47 INFO  - jmeter.engine.StandardJMeterEngine: Listeners will be started after enabling running version 
2007/02/14 10:15:47 INFO  - jmeter.engine.StandardJMeterEngine: To revert to the earlier behaviour, define jmeterengine.startlistenerslater=false 
2007/02/14 10:15:47 INFO  - jmeter.engine.StandardJMeterEngine: Running the test! 
2007/02/14 10:15:47 INFO  - jmeter.gui.util.JMeterMenuBar: setRunning(true,local) 
2007/02/14 10:15:47 INFO  - jmeter.engine.StandardJMeterEngine: Starting 1 threads for group Thread Group. Ramp up = 1. 
2007/02/14 10:15:47 INFO  - jmeter.engine.StandardJMeterEngine: Continue on error 
2007/02/14 10:15:47 WARN  - jmeter.threads.JMeterThread: jmeterthread.startearlier=true (see jmeter.properties) 
2007/02/14 10:15:47 INFO  - jmeter.threads.JMeterThread: Thread Thread Group 1-1 started 
2007/02/14 10:15:47 INFO  - jmeter.services.FileServer: Stored: authentication.csv 
2007/02/14 10:15:47 INFO  - jmeter.util.SSLManager: KeyStore Type: JKS 
2007/02/14 10:15:52 ERROR - jmeter.util.SSLManager: Couldn't load keystore java.lang.Exception: No key found
	at org.apache.jmeter.util.keystore.DefaultKeyStore.load(DefaultKeyStore.java:68)
	at org.apache.jmeter.util.SSLManager.getKeyStore(SSLManager.java:154)
	at org.apache.jmeter.util.JsseSSLManager.getContext(JsseSSLManager.java:141)
	at org.apache.jmeter.util.JsseSSLManager.<init>(JsseSSLManager.java:88)
	at sun.reflect.NativeConstructorAccessorImpl.newInstance0(Native Method)
	at sun.reflect.NativeConstructorAccessorImpl.newInstance(Unknown Source)
	at sun.reflect.DelegatingConstructorAccessorImpl.newInstance(Unknown Source)
	at java.lang.reflect.Constructor.newInstance(Unknown Source)
	at org.apache.jmeter.util.SSLManager.getInstance(SSLManager.java:231)
	at org.apache.jmeter.protocol.http.sampler.HTTPSampler.setupConnection(HTTPSampler.java:148)
	at org.apache.jmeter.protocol.http.sampler.HTTPSampler.sample(HTTPSampler.java:404)
	at org.apache.jmeter.protocol.http.sampler.HTTPSamplerBase.sample(HTTPSamplerBase.java:658)
	at org.apache.jmeter.protocol.http.sampler.HTTPSamplerBase.sample(HTTPSamplerBase.java:647)
	at org.apache.jmeter.threads.JMeterThread.run(JMeterThread.java:247)
	at java.lang.Thread.run(Unknown Source)

2007/02/14 10:15:52 INFO  - jmeter.util.SSLManager: JmeterKeyStore Location: C:\Documents and Settings\mcoventon\.keystore 
2007/02/14 10:15:52 INFO  - jmeter.util.SSLManager: JmeterKeyStore type: class org.apache.jmeter.util.keystore.DefaultKeyStore 
2007/02/14 10:15:52 INFO  - jmeter.util.JsseSSLManager: class org.apache.jmeter.util.keystore.DefaultKeyStore 
2007/02/14 10:15:52 INFO  - jmeter.util.SSLManager: TrustStore Type: JKS 
2007/02/14 10:15:52 INFO  - jmeter.util.SSLManager: TrustStore Location:  
2007/02/14 10:15:52 INFO  - jmeter.util.SSLManager: TrustStore type: class org.apache.jmeter.util.keystore.DefaultKeyStore 
2007/02/14 10:15:52 INFO  - jmeter.util.JsseSSLManager: JsseSSLManager installed 
2007/02/14 10:16:03 INFO  - jmeter.protocol.http.parser.HtmlParserHTMLParser: Using htmlparser implementation provided with JMeter 
2007/02/14 10:16:03 INFO  - jmeter.protocol.http.parser.HTMLParser: Created org.apache.jmeter.protocol.http.parser.HtmlParserHTMLParser 
2007/02/14 10:16:17 INFO  - org.apache.commons.httpclient.HttpMethodDirector: I/O exception (java.net.SocketException) caught when processing request: Default SSL context init failed: null 
2007/02/14 10:16:17 INFO  - org.apache.commons.httpclient.HttpMethodDirector: Retrying request 
2007/02/14 10:16:17 INFO  - org.apache.commons.httpclient.HttpMethodDirector: I/O exception (java.net.SocketException) caught when processing request: Default SSL context init failed: null 
2007/02/14 10:16:17 INFO  - org.apache.commons.httpclient.HttpMethodDirector: Retrying request 
2007/02/14 10:16:17 INFO  - org.apache.commons.httpclient.HttpMethodDirector: I/O exception (java.net.SocketException) caught when processing request: Default SSL context init failed: null 
2007/02/14 10:16:17 INFO  - org.apache.commons.httpclient.HttpMethodDirector: Retrying request 
2007/02/14 10:16:17 INFO  - jmeter.threads.JMeterThread: Thread Thread Group 1-1 is done 
2007/02/14 10:16:17 INFO  - jmeter.engine.StandardJMeterEngine: Ending thread 0 
2007/02/14 10:16:17 INFO  - jmeter.engine.StandardJMeterEngine: Stopping test 
2007/02/14 10:16:17 INFO  - jmeter.engine.StandardJMeterEngine: Notifying test listeners of end of test 
2007/02/14 10:16:17 INFO  - jmeter.services.FileServer: Close: authentication.csv 
2007/02/14 10:16:17 INFO  - jmeter.gui.util.JMeterMenuBar: setRunning(false,local) 
2007/02/14 10:16:17 INFO  - jmeter.engine.StandardJMeterEngine: Test has ended 
