2018-02-07 10:53:08,834 INFO o.a.j.u.JMeterUtils: Setting Locale to en_US
2018-02-07 10:53:08,850 INFO o.a.j.JMeter: Loading user properties from: user.properties
2018-02-07 10:53:08,865 INFO o.a.j.JMeter: Loading system properties from: system.properties
2018-02-07 10:53:08,865 INFO o.a.j.JMeter: Copyright (c) 1998-2017 The Apache Software Foundation
2018-02-07 10:53:08,865 INFO o.a.j.JMeter: Version 3.3 r1808647
2018-02-07 10:53:08,865 INFO o.a.j.JMeter: java.version=1.8.0_151
2018-02-07 10:53:08,865 INFO o.a.j.JMeter: java.vm.name=Java HotSpot(TM) 64-Bit Server VM
2018-02-07 10:53:08,865 INFO o.a.j.JMeter: os.name=Windows Server 2012 R2
2018-02-07 10:53:08,865 INFO o.a.j.JMeter: os.arch=amd64
2018-02-07 10:53:08,865 INFO o.a.j.JMeter: os.version=6.3
2018-02-07 10:53:08,865 INFO o.a.j.JMeter: file.encoding=Cp1252
2018-02-07 10:53:08,865 INFO o.a.j.JMeter: Max memory     =2147483648
2018-02-07 10:53:08,865 INFO o.a.j.JMeter: Available Processors =8
2018-02-07 10:53:08,865 INFO o.a.j.JMeter: Default Locale=English (United States)
2018-02-07 10:53:08,865 INFO o.a.j.JMeter: JMeter  Locale=English (United States)
2018-02-07 10:53:08,865 INFO o.a.j.JMeter: JMeterHome=C:\apache-jmeter-3.3
2018-02-07 10:53:08,865 INFO o.a.j.JMeter: user.dir  =C:\apache-jmeter-3.3\bin
2018-02-07 10:53:08,865 INFO o.a.j.JMeter: PWD       =C:\apache-jmeter-3.3\bin
2018-02-07 10:53:08,865 INFO o.a.j.JMeter: IP: 10.240.5.193 Name: slc15guw FullName: slc15guw.us.oracle.com
2018-02-07 10:53:09,162 INFO o.a.j.g.a.LookAndFeelCommand: Using look and feel: javax.swing.plaf.metal.MetalLookAndFeel [Metal, CrossPlatform]
2018-02-07 10:53:09,162 INFO o.a.j.JMeter: Loaded icon properties from org/apache/jmeter/images/icon.properties
2018-02-07 10:53:09,678 INFO o.a.j.e.u.CompoundVariable: Note: Function class names must contain the string: '.functions.'
2018-02-07 10:53:09,678 INFO o.a.j.e.u.CompoundVariable: Note: Function class names must not contain the string: '.gui.'
2018-02-07 10:53:10,397 INFO o.a.j.g.u.MenuFactory: Skipping org.apache.jmeter.assertions.BSFAssertion
2018-02-07 10:53:10,756 INFO o.a.j.g.u.MenuFactory: Skipping org.apache.jmeter.extractor.BSFPostProcessor
2018-02-07 10:53:10,787 INFO o.a.j.g.u.MenuFactory: Skipping org.apache.jmeter.modifiers.BSFPreProcessor
2018-02-07 10:53:10,819 INFO o.a.j.p.h.s.HTTPSamplerBase: Parser for text/html is org.apache.jmeter.protocol.http.parser.LagartoBasedHtmlParser
2018-02-07 10:53:10,819 INFO o.a.j.p.h.s.HTTPSamplerBase: Parser for application/xhtml+xml is org.apache.jmeter.protocol.http.parser.LagartoBasedHtmlParser
2018-02-07 10:53:10,819 INFO o.a.j.p.h.s.HTTPSamplerBase: Parser for application/xml is org.apache.jmeter.protocol.http.parser.LagartoBasedHtmlParser
2018-02-07 10:53:10,819 INFO o.a.j.p.h.s.HTTPSamplerBase: Parser for text/xml is org.apache.jmeter.protocol.http.parser.LagartoBasedHtmlParser
2018-02-07 10:53:10,819 INFO o.a.j.p.h.s.HTTPSamplerBase: Parser for text/vnd.wap.wml is org.apache.jmeter.protocol.http.parser.RegexpHTMLParser
2018-02-07 10:53:10,819 INFO o.a.j.p.h.s.HTTPSamplerBase: Parser for text/css is org.apache.jmeter.protocol.http.parser.CssParser
2018-02-07 10:53:11,006 INFO o.a.j.e.KeyToolUtils: Exception checking for keytool existence, will return false, try another way.
2018-02-07 10:53:11,209 INFO o.a.j.e.KeyToolUtils: keytool found at 'C:\Program Files\Java\jre1.8.0_151\bin\keytool'
2018-02-07 10:53:11,209 INFO o.a.j.p.h.p.ProxyControl: HTTP(S) Test Script Recorder SSL Proxy will use keys that support embedded 3rd party resources in file C:\apache-jmeter-3.3\bin\proxyserver.jks
2018-02-07 10:53:11,350 INFO o.a.j.g.u.MenuFactory: Skipping org.apache.jmeter.protocol.java.sampler.BSFSampler
2018-02-07 10:53:11,381 INFO o.a.j.s.FileServer: Default base='C:\apache-jmeter-3.3\bin'
2018-02-07 10:53:11,459 INFO o.a.j.g.u.MenuFactory: Skipping org.apache.jmeter.protocol.mongodb.config.MongoSourceElement
2018-02-07 10:53:11,459 INFO o.a.j.g.u.MenuFactory: Skipping org.apache.jmeter.protocol.mongodb.sampler.MongoScriptSampler
2018-02-07 10:53:11,647 INFO o.a.j.g.u.MenuFactory: Skipping org.apache.jmeter.timers.BSFTimer
2018-02-07 10:53:11,662 INFO o.a.j.g.u.MenuFactory: Skipping org.apache.jmeter.visualizers.BSFListener
2018-02-07 10:53:11,787 INFO o.a.j.s.SampleResult: Note: Sample TimeStamps are START times
2018-02-07 10:53:11,787 INFO o.a.j.s.SampleResult: sampleresult.default.encoding is set to ISO-8859-1
2018-02-07 10:53:11,787 INFO o.a.j.s.SampleResult: sampleresult.useNanoTime=true
2018-02-07 10:53:11,787 INFO o.a.j.s.SampleResult: sampleresult.nanoThreadSleep=5000
2018-02-07 10:53:23,445 INFO o.a.j.g.a.t.TemplateManager: Reading templates from: C:\apache-jmeter-3.3\bin\templates\templates.xml
2018-02-07 10:54:00,775 INFO o.a.j.g.a.Load: Loading file: C:\JMeter_Scripts\dmcs_250.jmx
2018-02-07 10:54:00,775 INFO o.a.j.s.FileServer: Set new base='C:\JMeter_Scripts'
2018-02-07 10:54:00,791 INFO o.a.j.s.SaveService: Testplan (JMX) version: 2.2. Testlog (JTL) version: 2.2
2018-02-07 10:54:00,807 INFO o.a.j.s.SaveService: Using SaveService properties file encoding UTF-8
2018-02-07 10:54:00,822 INFO o.a.j.s.SaveService: Using SaveService properties version 3.2
2018-02-07 10:54:00,822 INFO o.a.j.s.SaveService: Loading file: C:\JMeter_Scripts\dmcs_250.jmx
2018-02-07 10:54:00,838 INFO o.a.j.p.h.c.CookieManager: Settings: Delete null: true Check: true Allow variable: true Save: false Prefix: COOKIE_
2018-02-07 10:54:01,900 INFO o.a.j.s.FileServer: Set new base='C:\JMeter_Scripts'
2018-02-07 10:54:13,167 INFO o.a.j.e.StandardJMeterEngine: Running the test!
2018-02-07 10:54:13,167 INFO o.a.j.s.SampleEvent: List of sample_variables: []
2018-02-07 10:54:13,167 INFO o.a.j.s.SampleEvent: List of sample_variables: []
2018-02-07 10:54:13,229 INFO o.a.j.g.u.JMeterMenuBar: setRunning(true, *local*)
2018-02-07 10:54:13,495 INFO o.a.j.e.StandardJMeterEngine: Starting ThreadGroup: 1 : Thread Group
2018-02-07 10:54:13,495 INFO o.a.j.e.StandardJMeterEngine: Starting 1 threads for group Thread Group.
2018-02-07 10:54:13,495 INFO o.a.j.e.StandardJMeterEngine: Thread will continue on error
2018-02-07 10:54:13,495 INFO o.a.j.t.ThreadGroup: Starting thread group... number=1 threads=1 ramp-up=1 perThread=1000.0 delayedStart=false
2018-02-07 10:54:13,511 INFO o.a.j.t.ThreadGroup: Started thread group number 1
2018-02-07 10:54:13,511 INFO o.a.j.e.StandardJMeterEngine: All thread groups have been started
2018-02-07 10:54:13,557 INFO o.a.j.t.JMeterThread: Thread started: Thread Group 1-1
2018-02-07 10:54:13,573 INFO o.a.j.p.h.s.HTTPHCAbstractImpl: Local host = slc15guw
2018-02-07 10:54:13,589 INFO o.a.j.p.h.s.HTTPHC4Impl: HTTP request retry count = 0
2018-02-07 10:55:57,393 INFO o.a.j.s.FileServer: Stored: request_flat_1M_100_Cust.xlsx
2018-02-07 10:56:22,254 INFO o.a.j.s.FileServer: Stored: request_flat_1M_1000_Cust.xlsx
2018-02-07 10:56:54,006 INFO o.a.j.s.FileServer: Stored: request_flat_1M_10000_Cust.xlsx
2018-02-07 10:59:06,062 INFO o.a.j.s.FileServer: Stored: request_flat_1M_1000_Acc.xlsx
2018-02-07 10:59:19,673 INFO o.a.j.s.FileServer: Stored: request_flat_1M_100_Acc.xlsx
2018-02-07 11:01:14,368 INFO o.a.j.s.FileServer: Stored: epm_default_cloud_admin_ExportedMetadata_Employee.csv
2018-02-07 11:01:15,056 INFO o.a.j.s.FileServer: Stored: bkm3_epm_default_cloud_admin_ExportedMetadata_Accounts_clean.csv
2018-02-07 11:01:57,668 INFO o.a.j.s.FileServer: Stored: epm_default_cloud_admin_ExportedMetadata_Project.csv
2018-02-07 11:01:58,262 INFO o.a.j.s.FileServer: Stored: epm_default_cloud_admin_ExportedMetadata_Detail.csv
2018-02-07 11:02:27,389 INFO o.a.j.t.JMeterThread: Thread is done: Thread Group 1-1
2018-02-07 11:02:27,389 INFO o.a.j.t.JMeterThread: Thread finished: Thread Group 1-1
2018-02-07 11:02:27,389 INFO o.a.j.e.StandardJMeterEngine: Notifying test listeners of end of test
2018-02-07 11:02:27,389 INFO o.a.j.g.u.JMeterMenuBar: setRunning(false, *local*)
