2011/08/02 16:51:49 INFO  - jmeter.util.JMeterUtils: Setting Locale to en 
2011/08/02 16:51:49 INFO  - jmeter.JMeter: Loading user properties from: *************/jakarta-jmeter-2.4/bin/user.properties 
2011/08/02 16:51:49 INFO  - jmeter.JMeter: Loading system properties from: *************/jakarta-jmeter-2.4/bin/system.properties 
2011/08/02 16:51:49 INFO  - jmeter.JMeter: Copyright (c) 1998-2010 The Apache Software Foundation 
2011/08/02 16:51:49 INFO  - jmeter.JMeter: Version 2.4 r961953 
2011/08/02 16:51:49 INFO  - jmeter.JMeter: java.version=1.6.0.09 
2011/08/02 16:51:49 INFO  - jmeter.JMeter: java.vm.name=Java HotSpot(TM) Server VM 
2011/08/02 16:51:49 INFO  - jmeter.JMeter: os.name=HP-UX 
2011/08/02 16:51:49 INFO  - jmeter.JMeter: os.arch=IA64N 
2011/08/02 16:51:49 INFO  - jmeter.JMeter: os.version=B.11.31 
2011/08/02 16:51:49 INFO  - jmeter.JMeter: file.encoding=8859_1 
2011/08/02 16:51:49 INFO  - jmeter.JMeter: Default Locale=English 
2011/08/02 16:51:49 INFO  - jmeter.JMeter: JMeter  Locale=English 
2011/08/02 16:51:49 INFO  - jmeter.JMeter: JMeterHome=*************/jakarta-jmeter-2.4 
2011/08/02 16:51:49 INFO  - jmeter.JMeter: user.dir  =*************/jakarta-jmeter-2.4/bin 
2011/08/02 16:51:49 INFO  - jmeter.JMeter: PWD       =*************/jakarta-jmeter-2.4/bin 
2011/08/02 16:51:49 INFO  - jmeter.JMeter: IP: 10.0.3.131 Name: ************* FullName: *************
2011/08/02 16:51:49 INFO  - jmeter.JMeter: Loaded icon properties from org/apache/jmeter/images/icon.properties 
2011/08/02 16:51:50 INFO  - jmeter.engine.util.CompoundVariable: Note: Function class names must contain the string: '.functions.' 
2011/08/02 16:51:50 INFO  - jmeter.engine.util.CompoundVariable: Note: Function class names must not contain the string: '.gui.' 
2011/08/02 16:51:51 INFO  - jmeter.util.BSFTestElement: Registering JMeter version of JavaScript engine as work-round for BSF-22 
2011/08/02 16:51:51 INFO  - jmeter.protocol.http.sampler.HTTPSamplerBase: Cannot find .className property for htmlParser, using default 
2011/08/02 16:51:51 INFO  - jmeter.protocol.http.sampler.HTTPSamplerBase: Parser for text/html is  
2011/08/02 16:51:51 INFO  - jmeter.protocol.http.sampler.HTTPSamplerBase: Parser for application/xhtml+xml is  
2011/08/02 16:51:51 INFO  - jmeter.protocol.http.sampler.HTTPSamplerBase: Parser for application/xml is  
2011/08/02 16:51:51 INFO  - jmeter.protocol.http.sampler.HTTPSamplerBase: Parser for text/xml is  
2011/08/02 16:51:51 INFO  - jmeter.protocol.http.sampler.HTTPSamplerBase: Parser for text/vnd.wap.wml is org.apache.jmeter.protocol.http.parser.RegexpHTMLParser 
2011/08/02 16:51:52 INFO  - jmeter.gui.util.MenuFactory: Skipping org.apache.jmeter.protocol.http.modifier.gui.ParamModifierGui 
2011/08/02 16:51:52 INFO  - jmeter.gui.util.MenuFactory: Skipping org.apache.jmeter.protocol.http.modifier.gui.UserParameterModifierGui 
2011/08/02 16:51:52 INFO  - jmeter.protocol.http.sampler.HTTPSampler: Maximum connection retries = 10 
2011/08/02 16:51:52 INFO  - jmeter.samplers.SampleResult: Note: Sample TimeStamps are START times 
2011/08/02 16:51:52 INFO  - jmeter.samplers.SampleResult: sampleresult.default.encoding is set to ISO-8859-1 
2011/08/02 16:52:07 INFO  - jmeter.services.FileServer: Default base=*************/jakarta-jmeter-2.4/bin 
2011/08/02 16:52:07 INFO  - jmeter.gui.action.Load: Loading file: ************* 
2011/08/02 16:52:07 INFO  - jmeter.services.FileServer: Set new base=************* 
2011/08/02 16:52:07 INFO  - jmeter.save.SaveService: Testplan (JMX) version: 2.2. Testlog (JTL) version: 2.2 
2011/08/02 16:52:07 INFO  - jmeter.save.SaveService: Using SaveService properties file encoding UTF-8 
2011/08/02 16:52:07 INFO  - jmeter.save.SaveService: Using SaveService properties file version 959116 
2011/08/02 16:52:07 INFO  - jmeter.save.SaveService: Using SaveService properties version 2.1 
2011/08/02 16:52:07 INFO  - jmeter.save.SaveService: All converter versions present and correct 
2011/08/02 16:52:07 INFO  - jmeter.services.FileServer: Set new base=************* 
2011/08/02 16:52:13 INFO  - jmeter.engine.StandardJMeterEngine: Listeners will be started after enabling running version 
2011/08/02 16:52:13 INFO  - jmeter.engine.StandardJMeterEngine: To revert to the earlier behaviour, define jmeterengine.startlistenerslater=false 
2011/08/02 16:52:13 INFO  - jmeter.engine.StandardJMeterEngine: Running the test! 
2011/08/02 16:52:13 INFO  - jmeter.testelement.TestPlan: add *************/WebLogic/10.3.3/wlfullclient.jar to classpath 
2011/08/02 16:52:13 INFO  - jmeter.gui.util.JMeterMenuBar: setRunning(true,*local*) 
2011/08/02 16:52:14 INFO  - jmeter.engine.StandardJMeterEngine: Starting 1 threads for group JMS Load Test. 
2011/08/02 16:52:14 INFO  - jmeter.engine.StandardJMeterEngine: Thread will continue on error 
2011/08/02 16:52:14 INFO  - jmeter.threads.JMeterThread: jmeterthread.startearlier=true (see jmeter.properties) 
2011/08/02 16:52:14 INFO  - jmeter.threads.JMeterThread: Running PostProcessors in forward order 
2011/08/02 16:52:14 INFO  - jmeter.engine.StandardJMeterEngine: All threads have been started 
2011/08/02 16:52:14 INFO  - jmeter.threads.JMeterThread: Thread started: JMS Load Test 1-1 
2011/08/02 16:52:20 WARN  - jmeter.protocol.jms.sampler.JMSSampler: Access denied to resource: type=<jms>, application=*************SystemModule, destinationType=queue, resource=*************Queue, action=send weblogic.jms.common.JMSSecurityException: Access denied to resource: type=<jms>, application=*************SystemModule, destinationType=queue, resource=*************Queue, action=send
	at weblogic.jms.dispatcher.DispatcherAdapter.convertToJMSExceptionAndThrow(DispatcherAdapter.java:110)
	at weblogic.jms.dispatcher.DispatcherAdapter.dispatchSyncTran(DispatcherAdapter.java:53)
	at weblogic.jms.client.JMSProducer.toFEProducer(JMSProducer.java:1284)
	at weblogic.jms.client.JMSProducer.deliveryInternal(JMSProducer.java:796)
	at weblogic.jms.client.JMSProducer.sendInternal(JMSProducer.java:541)
	at weblogic.jms.client.JMSProducer.sendWithListener(JMSProducer.java:394)
	at weblogic.jms.client.JMSProducer.send(JMSProducer.java:384)
	at weblogic.jms.client.WLProducerImpl.send(WLProducerImpl.java:970)
	at org.apache.jmeter.protocol.jms.sampler.JMSSampler.sample(JMSSampler.java:139)
	at org.apache.jmeter.threads.JMeterThread.process_sampler(JMeterThread.java:348)
	at org.apache.jmeter.threads.JMeterThread.run(JMeterThread.java:243)
	at java.lang.Thread.run(Thread.java:662)
Caused by: weblogic.jms.common.JMSSecurityException: Access denied to resource: type=<jms>, application=*************SystemModule, destinationType=queue, resource=*************Queue, action=send
	at weblogic.jms.dispatcher.Request.handleThrowable(Request.java:87)
	at weblogic.jms.dispatcher.Request.getResult(Request.java:52)
	at weblogic.jms.frontend.FEProducer.sendSingleDestination(FEProducer.java:1202)
	at weblogic.jms.frontend.FEProducer.send(FEProducer.java:1407)
	at weblogic.jms.frontend.FEProducer.invoke(FEProducer.java:1466)
	at weblogic.messaging.dispatcher.Request.wrappedFiniteStateMachine(Request.java:961)
	at weblogic.messaging.dispatcher.DispatcherImpl.dispatchAsyncInternal(DispatcherImpl.java:139)
	at weblogic.messaging.dispatcher.DispatcherImpl.dispatchSyncTranFuture(DispatcherImpl.java:274)
	at weblogic.messaging.dispatcher.DispatcherImpl_WLSkel.invoke(Unknown Source)
	at weblogic.rmi.internal.BasicServerRef.invoke(BasicServerRef.java:667)
	at weblogic.rmi.internal.BasicServerRef$1.run(BasicServerRef.java:522)
	at weblogic.security.acl.internal.AuthenticatedSubject.doAs(AuthenticatedSubject.java:363)
	at weblogic.security.service.SecurityManager.runAs(SecurityManager.java:146)
	at weblogic.rmi.internal.BasicServerRef.handleRequest(BasicServerRef.java:518)
	at weblogic.rmi.internal.wls.WLSExecuteRequest.run(WLSExecuteRequest.java:118)
	at weblogic.work.ExecuteThread.execute(ExecuteThread.java:207)
	at weblogic.work.ExecuteThread.run(ExecuteThread.java:176)
Caused by: weblogic.jms.common.JMSSecurityException: Access denied to resource: type=<jms>, application=*************SystemModule, destinationType=queue, resource=*************Queue, action=send
	at weblogic.jms.dispatcher.Request.handleThrowable(Request.java:87)
	at weblogic.jms.dispatcher.Request.getResult(Request.java:52)
	at weblogic.messaging.dispatcher.Request.wrappedFiniteStateMachine(Request.java:1124)
	at weblogic.messaging.dispatcher.DispatcherImpl.dispatchAsyncInternal(DispatcherImpl.java:139)
	at weblogic.messaging.dispatcher.DispatcherImpl.dispatchAsync(DispatcherImpl.java:115)
	at weblogic.messaging.dispatcher.Request.dispatchAsync(Request.java:1303)
	at weblogic.jms.dispatcher.Request.dispatchAsync(Request.java:96)
	at weblogic.jms.frontend.FEProducer.doDispatch(FEProducer.java:888)
	at weblogic.jms.frontend.FEProducer.sendSingleDestination(FEProducer.java:1191)
	... 14 more
Caused by: weblogic.jms.common.JMSSecurityException: Access denied to resource: type=<jms>, application=*************SystemModule, destinationType=queue, resource=*************Queue, action=send
	at weblogic.jms.common.JMSSecurityHelper.checkPermission(JMSSecurityHelper.java:162)
	at weblogic.jms.backend.BEDestinationSecurityImpl.checkSendPermission(BEDestinationSecurityImpl.java:74)
	at weblogic.jms.backend.BEDestinationImpl.checkPermission(BEDestinationImpl.java:2513)
	at weblogic.jms.backend.BEDestinationImpl.sendInitialize(BEDestinationImpl.java:1565)
	at weblogic.jms.backend.BEDestinationImpl.send(BEDestinationImpl.java:2079)
	at weblogic.jms.backend.BEDestinationImpl.wrappedSend(BEDestinationImpl.java:2051)
	at weblogic.jms.backend.BEDestinationImpl.invoke(BEDestinationImpl.java:1539)
	at weblogic.messaging.dispatcher.Request.wrappedFiniteStateMachine(Request.java:961)
	... 20 more

2011/08/02 16:52:20 INFO  - jmeter.threads.JMeterThread: Thread finished: JMS Load Test 1-1 
2011/08/02 16:52:21 INFO  - jmeter.engine.StandardJMeterEngine: Ending thread JMS Load Test 1-1 
2011/08/02 16:52:21 INFO  - jmeter.engine.StandardJMeterEngine: Stopping test 
2011/08/02 16:52:21 INFO  - jmeter.engine.StandardJMeterEngine: Notifying test listeners of end of test 
2011/08/02 16:52:21 INFO  - jmeter.gui.util.JMeterMenuBar: setRunning(false,*local*) 
2011/08/02 16:52:21 INFO  - jmeter.engine.StandardJMeterEngine: Test has ended 
