2005/11/14 12:45:59 INFO  - jmeter.util.JMeterUtils: Setting Locale to de_DE 
2005/11/14 12:46:00 INFO  - jmeter.JMeter: Version 2.1.1 
2005/11/14 12:46:00 INFO  - jmeter.JMeter: java.version=1.4.2_07 
2005/11/14 12:46:00 INFO  - jmeter.JMeter: Locale=Deutsch (Deutschland) 
2005/11/14 12:46:00 INFO  - jmeter.JMeter: Copyright (c) 1998-2005 The Apache Software Foundation 
2005/11/14 12:46:00 INFO  - jmeter.JMeter: Loaded icon properties from org/apache/jmeter/images/icon.properties 
2005/11/14 12:46:00 DEBUG - jmeter.gui.AbstractJMeterGuiComponent: setting element to enabled: true 
2005/11/14 12:46:00 DEBUG - jmeter.gui.AbstractJMeterGuiComponent: setting element to enabled: true 
2005/11/14 12:46:00 DEBUG - jmeter.gui.AbstractJMeterGuiComponent: setting element to enabled: true 
2005/11/14 12:46:00 DEBUG - jmeter.gui.AbstractJMeterGuiComponent: setting element to enabled: true 
2005/11/14 12:46:00 DEBUG - jmeter.functions.StringFromFile: ++++++++ Construct org.apache.jmeter.functions.StringFromFile@e34726 
2005/11/14 12:46:00 DEBUG - jmeter.functions.StringFromFile: ++++++++ Construct org.apache.jmeter.functions.StringFromFile@46d228 
2005/11/14 12:46:01 DEBUG - jmeter.gui.tree.JMeterTreeListener: value changed, updating currentPath 
2005/11/14 12:46:01 DEBUG - jmeter.gui.GuiPackage: Gui retrieved = org.apache.jmeter.control.gui.WorkBenchGui[WorkBench,0,0,0x0,invalid,layout=java.awt.BorderLayout,alignmentX=null,alignmentY=null,border=javax.swing.border.EmptyBorder@c5577c,flags=9,maximumSize=,minimumSize=,preferredSize=] 
2005/11/14 12:46:01 DEBUG - jmeter.gui.GuiPackage: Updating gui to new node 
2005/11/14 12:46:01 DEBUG - jmeter.gui.GuiPackage: Gui retrieved = org.apache.jmeter.control.gui.WorkBenchGui[WorkBench,0,0,0x0,invalid,layout=java.awt.BorderLayout,alignmentX=null,alignmentY=null,border=javax.swing.border.EmptyBorder@c5577c,flags=9,maximumSize=,minimumSize=,preferredSize=] 
2005/11/14 12:46:01 DEBUG - jmeter.testbeans.gui.TestBeanGUI: testing class: org.apache.jmeter.config.CSVDataSet 
2005/11/14 12:46:01 DEBUG - jmeter.testbeans.BeanInfoSupport: Getting property for: filename 
2005/11/14 12:46:01 DEBUG - jmeter.testbeans.BeanInfoSupport: Getting property for: variableNames 
2005/11/14 12:46:01 DEBUG - jmeter.testbeans.BeanInfoSupport: Getting property for: delimiter 
2005/11/14 12:46:01 DEBUG - jmeter.gui.util.MenuFactory: org.apache.jmeter.control.gui.TestPlanGui participates in no menus. 
2005/11/14 12:46:01 DEBUG - jmeter.gui.util.MenuFactory: org.apache.jmeter.control.gui.WorkBenchGui participates in no menus. 
2005/11/14 12:46:01 DEBUG - jmeter.gui.util.MenuFactory: org.apache.jmeter.gui.NamePanel participates in no menus. 
2005/11/14 12:46:01 DEBUG - jmeter.gui.util.MenuFactory: org.apache.jmeter.protocol.http.gui.HTTPArgumentsPanel participates in no menus. 
2005/11/14 12:46:01 DEBUG - jmeter.protocol.http.proxy.gui.ProxyControlGui: Creating ProxyControlGui 
2005/11/14 12:46:02 DEBUG - jmeter.testbeans.gui.TestBeanGUI: testing class: org.apache.jmeter.protocol.http.sampler.AccessLogSampler 
2005/11/14 12:46:02 INFO  - jmeter.protocol.http.sampler.AccessLogSamplerBeanInfo: Entered access log sampler bean info 
2005/11/14 12:46:02 DEBUG - jmeter.testbeans.BeanInfoSupport: Getting property for: domain 
2005/11/14 12:46:02 DEBUG - jmeter.testbeans.BeanInfoSupport: Getting property for: portString 
2005/11/14 12:46:02 DEBUG - jmeter.testbeans.BeanInfoSupport: Getting property for: imageParsing 
2005/11/14 12:46:02 DEBUG - jmeter.testbeans.BeanInfoSupport: Getting property for: parserClassName 
2005/11/14 12:46:02 DEBUG - jmeter.testbeans.BeanInfoSupport: Getting property for: filterClassName 
2005/11/14 12:46:02 DEBUG - jmeter.testbeans.BeanInfoSupport: Getting property for: logFile 
2005/11/14 12:46:02 INFO  - jmeter.protocol.http.sampler.AccessLogSamplerBeanInfo: found parsers: [org.apache.jmeter.protocol.http.util.accesslog.OrderPreservingLogParser, org.apache.jmeter.protocol.http.util.accesslog.SharedTCLogParser, org.apache.jmeter.protocol.http.util.accesslog.TCLogParser] 
2005/11/14 12:46:02 INFO  - jmeter.protocol.http.sampler.AccessLogSamplerBeanInfo: Got to end of access log samper bean info init 
2005/11/14 12:46:02 DEBUG - jmeter.testbeans.gui.TestBeanGUI: testing class: org.apache.jmeter.protocol.jdbc.config.DataSourceElement 
2005/11/14 12:46:02 DEBUG - jmeter.testbeans.BeanInfoSupport: Getting property for: dataSource 
2005/11/14 12:46:02 DEBUG - jmeter.testbeans.BeanInfoSupport: Getting property for: poolMax 
2005/11/14 12:46:02 DEBUG - jmeter.testbeans.BeanInfoSupport: Getting property for: timeout 
2005/11/14 12:46:02 DEBUG - jmeter.testbeans.BeanInfoSupport: Getting property for: trimInterval 
2005/11/14 12:46:02 DEBUG - jmeter.testbeans.BeanInfoSupport: Getting property for: autocommit 
2005/11/14 12:46:02 DEBUG - jmeter.testbeans.BeanInfoSupport: Getting property for: keepAlive 
2005/11/14 12:46:02 DEBUG - jmeter.testbeans.BeanInfoSupport: Getting property for: connectionAge 
2005/11/14 12:46:02 DEBUG - jmeter.testbeans.BeanInfoSupport: Getting property for: checkQuery 
2005/11/14 12:46:02 DEBUG - jmeter.testbeans.BeanInfoSupport: Getting property for: dbUrl 
2005/11/14 12:46:02 DEBUG - jmeter.testbeans.BeanInfoSupport: Getting property for: driver 
2005/11/14 12:46:02 DEBUG - jmeter.testbeans.BeanInfoSupport: Getting property for: username 
2005/11/14 12:46:02 DEBUG - jmeter.testbeans.BeanInfoSupport: Getting property for: password 
2005/11/14 12:46:02 DEBUG - jmeter.testbeans.gui.TestBeanGUI: testing class: org.apache.jmeter.protocol.jdbc.sampler.JDBCSampler 
2005/11/14 12:46:02 DEBUG - jmeter.testbeans.BeanInfoSupport: Getting property for: dataSource 
2005/11/14 12:46:02 DEBUG - jmeter.testbeans.BeanInfoSupport: Getting property for: queryType 
2005/11/14 12:46:02 DEBUG - jmeter.testbeans.BeanInfoSupport: Getting property for: query 
2005/11/14 12:46:02 DEBUG - jmeter.gui.util.MenuFactory: org.apache.jmeter.protocol.ldap.config.gui.LDAPArgumentsPanel participates in no menus. 
2005/11/14 12:46:02 DEBUG - jmeter.gui.AbstractJMeterGuiComponent: setting element to enabled: true 
2005/11/14 12:46:02 DEBUG - jmeter.gui.util.MenuFactory: org.apache.jmeter.threads.gui.ThreadGroupGui participates in no menus. 
2005/11/14 12:46:02 DEBUG - jmeter.testbeans.gui.TestBeanGUI: testing class: org.apache.jmeter.timers.ConstantThroughputTimer 
2005/11/14 12:46:02 DEBUG - jmeter.testbeans.BeanInfoSupport: Getting property for: throughput 
2005/11/14 12:46:02 DEBUG - jmeter.testbeans.BeanInfoSupport: Getting property for: calcMode 
2005/11/14 12:46:02 DEBUG - jmeter.testbeans.gui.TestBeanGUI: testing class: org.apache.jmeter.timers.SyncTimer 
2005/11/14 12:46:02 DEBUG - jmeter.testbeans.BeanInfoSupport: Getting property for: groupSize 
2005/11/14 12:46:02 DEBUG - jmeter.visualizers.GraphAccumModel: Start : GraphAccumModel1 
2005/11/14 12:46:02 DEBUG - jmeter.visualizers.GraphAccumModel: End : GraphAccumModel1 
2005/11/14 12:46:02 DEBUG - jmeter.visualizers.GraphAccumVisualizer: Start : init1 
2005/11/14 12:46:02 DEBUG - jmeter.visualizers.GraphAccum: Start : GraphAnnum1 
2005/11/14 12:46:02 DEBUG - jmeter.visualizers.GraphAccum: End : GraphAnnum1 
2005/11/14 12:46:02 DEBUG - jmeter.visualizers.GraphAccum: Start : GraphAnnum2 
2005/11/14 12:46:02 DEBUG - jmeter.visualizers.GraphAccum: Start : setModel1 
2005/11/14 12:46:02 DEBUG - jmeter.visualizers.GraphAccum: End : setModel1 
2005/11/14 12:46:02 DEBUG - jmeter.visualizers.GraphAccum: End : GraphAnnum2 
2005/11/14 12:46:02 DEBUG - jmeter.visualizers.GraphAccumVisualizer: toString1 : Returning - Show the samples analysys as dot plots 
2005/11/14 12:46:02 DEBUG - jmeter.visualizers.GraphAccum: setVisualizer1 : Setting visualizer - Show the samples analysys as dot plots 
2005/11/14 12:46:02 DEBUG - jmeter.visualizers.GraphAccumVisualizer: End : init1 
2005/11/14 12:46:02 DEBUG - jmeter.visualizers.GraphAccumVisualizer: Start : GraphAccumVisualizer1 
2005/11/14 12:46:02 DEBUG - jmeter.visualizers.GraphAccumVisualizer: End : GraphAccumVisualizer1 
2005/11/14 12:46:02 WARN  - jmeter.gui.util.MenuFactory: Missing jar? Could not create org.apache.jmeter.visualizers.MailerVisualizer. java.lang.NoClassDefFoundError: javax/mail/MessagingException 
2005/11/14 12:46:02 INFO  - jmeter.samplers.SampleResult: Note: Sample TimeStamps are END times 
2005/11/14 12:46:02 INFO  - jmeter.samplers.SampleResult: sampleresult.default.encoding is set to ISO-8859-1 
2005/11/14 12:46:02 DEBUG - jmeter.visualizers.ViewResultsFullVisualizer: Start : ViewResultsFullVisualizer1 
2005/11/14 12:46:02 DEBUG - jmeter.visualizers.ViewResultsFullVisualizer: End : ViewResultsFullVisualizer1 
2005/11/14 12:46:02 DEBUG - jmeter.gui.GuiPackage: Updating current node WorkBench 
2005/11/14 12:46:02 DEBUG - jmeter.gui.GuiPackage: Gui retrieved = org.apache.jmeter.control.gui.WorkBenchGui[WorkBench,0,0,762x742,layout=java.awt.BorderLayout,alignmentX=null,alignmentY=null,border=javax.swing.border.EmptyBorder@c5577c,flags=9,maximumSize=,minimumSize=,preferredSize=] 
2005/11/14 12:46:02 DEBUG - jmeter.gui.AbstractJMeterGuiComponent: setting element to enabled: true 
2005/11/14 12:46:02 DEBUG - jmeter.gui.GuiPackage: Gui retrieved = org.apache.jmeter.control.gui.WorkBenchGui[WorkBench,0,0,762x742,layout=java.awt.BorderLayout,alignmentX=null,alignmentY=null,border=javax.swing.border.EmptyBorder@c5577c,flags=9,maximumSize=,minimumSize=,preferredSize=] 
2005/11/14 12:46:02 DEBUG - jmeter.gui.GuiPackage: Updating gui to new node 
2005/11/14 12:46:02 DEBUG - jmeter.gui.GuiPackage: Updating current node WorkBench 
2005/11/14 12:46:02 DEBUG - jmeter.gui.GuiPackage: Gui retrieved = org.apache.jmeter.control.gui.WorkBenchGui[WorkBench,0,0,762x742,invalid,layout=java.awt.BorderLayout,alignmentX=null,alignmentY=null,border=javax.swing.border.EmptyBorder@c5577c,flags=9,maximumSize=,minimumSize=,preferredSize=] 
2005/11/14 12:46:02 DEBUG - jmeter.gui.AbstractJMeterGuiComponent: setting element to enabled: true 
2005/11/14 12:46:02 DEBUG - jmeter.gui.GuiPackage: Gui retrieved = org.apache.jmeter.control.gui.WorkBenchGui[WorkBench,0,0,762x742,invalid,layout=java.awt.BorderLayout,alignmentX=null,alignmentY=null,border=javax.swing.border.EmptyBorder@c5577c,flags=9,maximumSize=,minimumSize=,preferredSize=] 
2005/11/14 12:46:02 DEBUG - jmeter.gui.GuiPackage: Updating gui to new node 
2005/11/14 12:46:02 DEBUG - jmeter.gui.GuiPackage: Updating current node WorkBench 
2005/11/14 12:46:02 DEBUG - jmeter.gui.GuiPackage: Gui retrieved = org.apache.jmeter.control.gui.WorkBenchGui[WorkBench,0,0,762x742,invalid,layout=java.awt.BorderLayout,alignmentX=null,alignmentY=null,border=javax.swing.border.EmptyBorder@c5577c,flags=9,maximumSize=,minimumSize=,preferredSize=] 
2005/11/14 12:46:02 DEBUG - jmeter.gui.AbstractJMeterGuiComponent: setting element to enabled: true 
2005/11/14 12:46:02 DEBUG - jmeter.gui.action.CheckDirty: Node is class:class org.apache.jmeter.gui.tree.JMeterTreeNode 
2005/11/14 12:46:02 DEBUG - jmeter.gui.action.CheckDirty: Node is class:class org.apache.jmeter.gui.tree.JMeterTreeNode 
2005/11/14 12:46:11 DEBUG - jmeter.gui.GuiPackage: Updating current node WorkBench 
2005/11/14 12:46:11 DEBUG - jmeter.gui.GuiPackage: Gui retrieved = org.apache.jmeter.control.gui.WorkBenchGui[WorkBench,0,0,762x742,layout=java.awt.BorderLayout,alignmentX=null,alignmentY=null,border=javax.swing.border.EmptyBorder@c5577c,flags=9,maximumSize=,minimumSize=,preferredSize=] 
2005/11/14 12:46:11 DEBUG - jmeter.gui.AbstractJMeterGuiComponent: setting element to enabled: true 
2005/11/14 12:46:11 DEBUG - jmeter.gui.GuiPackage: Updating current node WorkBench 
2005/11/14 12:46:11 DEBUG - jmeter.gui.GuiPackage: Gui retrieved = org.apache.jmeter.control.gui.WorkBenchGui[WorkBench,0,0,762x742,layout=java.awt.BorderLayout,alignmentX=null,alignmentY=null,border=javax.swing.border.EmptyBorder@c5577c,flags=9,maximumSize=,minimumSize=,preferredSize=] 
2005/11/14 12:46:11 DEBUG - jmeter.gui.AbstractJMeterGuiComponent: setting element to enabled: true 
2005/11/14 12:46:11 DEBUG - jmeter.gui.GuiPackage: Updating current node WorkBench 
2005/11/14 12:46:11 DEBUG - jmeter.gui.GuiPackage: Gui retrieved = org.apache.jmeter.control.gui.WorkBenchGui[WorkBench,0,0,762x742,layout=java.awt.BorderLayout,alignmentX=null,alignmentY=null,border=javax.swing.border.EmptyBorder@c5577c,flags=9,maximumSize=,minimumSize=,preferredSize=] 
2005/11/14 12:46:11 DEBUG - jmeter.gui.AbstractJMeterGuiComponent: setting element to enabled: true 
2005/11/14 12:46:11 DEBUG - jmeter.gui.action.CheckDirty: Node is class:class org.apache.jmeter.gui.tree.JMeterTreeNode 
2005/11/14 12:46:11 DEBUG - jmeter.gui.AbstractJMeterGuiComponent: setting element to enabled: true 
2005/11/14 12:46:11 DEBUG - jmeter.gui.AbstractJMeterGuiComponent: setting element to enabled: true 
2005/11/14 12:46:11 DEBUG - jmeter.gui.AbstractJMeterGuiComponent: setting element to enabled: true 
2005/11/14 12:46:11 DEBUG - jmeter.gui.tree.JMeterTreeListener: value changed, updating currentPath 
2005/11/14 12:46:11 DEBUG - jmeter.gui.tree.JMeterTreeListener: value changed, updating currentPath 
2005/11/14 12:46:11 DEBUG - jmeter.gui.GuiPackage: Updating current node WorkBench 
2005/11/14 12:46:11 DEBUG - jmeter.gui.GuiPackage: Gui retrieved = org.apache.jmeter.control.gui.WorkBenchGui[WorkBench,0,0,762x742,layout=java.awt.BorderLayout,alignmentX=null,alignmentY=null,border=javax.swing.border.EmptyBorder@c5577c,flags=9,maximumSize=,minimumSize=,preferredSize=] 
2005/11/14 12:46:11 DEBUG - jmeter.gui.AbstractJMeterGuiComponent: setting element to enabled: true 
2005/11/14 12:46:11 DEBUG - jmeter.gui.GuiPackage: Gui retrieved = org.apache.jmeter.control.gui.WorkBenchGui[WorkBench,0,0,762x742,layout=java.awt.BorderLayout,alignmentX=null,alignmentY=null,border=javax.swing.border.EmptyBorder@c5577c,flags=9,maximumSize=,minimumSize=,preferredSize=] 
2005/11/14 12:46:11 DEBUG - jmeter.gui.GuiPackage: Updating gui to new node 
2005/11/14 12:46:11 DEBUG - jmeter.gui.GuiPackage: Gui retrieved = org.apache.jmeter.control.gui.WorkBenchGui[WorkBench,0,0,762x742,invalid,layout=java.awt.BorderLayout,alignmentX=null,alignmentY=null,border=javax.swing.border.EmptyBorder@c5577c,flags=9,maximumSize=,minimumSize=,preferredSize=] 
2005/11/14 12:46:11 DEBUG - jmeter.gui.GuiPackage: Updating current node WorkBench 
2005/11/14 12:46:11 DEBUG - jmeter.gui.GuiPackage: Gui retrieved = org.apache.jmeter.control.gui.WorkBenchGui[WorkBench,0,0,762x742,invalid,layout=java.awt.BorderLayout,alignmentX=null,alignmentY=null,border=javax.swing.border.EmptyBorder@c5577c,flags=9,maximumSize=,minimumSize=,preferredSize=] 
2005/11/14 12:46:11 DEBUG - jmeter.gui.AbstractJMeterGuiComponent: setting element to enabled: true 
2005/11/14 12:46:11 DEBUG - jmeter.gui.GuiPackage: Gui retrieved = org.apache.jmeter.control.gui.WorkBenchGui[WorkBench,0,0,762x742,invalid,layout=java.awt.BorderLayout,alignmentX=null,alignmentY=null,border=javax.swing.border.EmptyBorder@c5577c,flags=9,maximumSize=,minimumSize=,preferredSize=] 
2005/11/14 12:46:11 DEBUG - jmeter.gui.GuiPackage: Updating gui to new node 
2005/11/14 12:46:11 DEBUG - jmeter.gui.GuiPackage: Updating current node WorkBench 
2005/11/14 12:46:11 DEBUG - jmeter.gui.GuiPackage: Gui retrieved = org.apache.jmeter.control.gui.WorkBenchGui[WorkBench,0,0,762x742,invalid,layout=java.awt.BorderLayout,alignmentX=null,alignmentY=null,border=javax.swing.border.EmptyBorder@c5577c,flags=9,maximumSize=,minimumSize=,preferredSize=] 
2005/11/14 12:46:11 DEBUG - jmeter.gui.AbstractJMeterGuiComponent: setting element to enabled: true 
2005/11/14 12:46:11 DEBUG - jmeter.gui.GuiPackage: Gui retrieved = org.apache.jmeter.control.gui.WorkBenchGui[WorkBench,0,0,762x742,invalid,layout=java.awt.BorderLayout,alignmentX=null,alignmentY=null,border=javax.swing.border.EmptyBorder@c5577c,flags=9,maximumSize=,minimumSize=,preferredSize=] 
2005/11/14 12:46:11 DEBUG - jmeter.gui.GuiPackage: Updating gui to new node 
2005/11/14 12:46:11 DEBUG - jmeter.gui.GuiPackage: Updating current node WorkBench 
2005/11/14 12:46:11 DEBUG - jmeter.gui.GuiPackage: Gui retrieved = org.apache.jmeter.control.gui.WorkBenchGui[WorkBench,0,0,762x742,invalid,layout=java.awt.BorderLayout,alignmentX=null,alignmentY=null,border=javax.swing.border.EmptyBorder@c5577c,flags=9,maximumSize=,minimumSize=,preferredSize=] 
2005/11/14 12:46:11 DEBUG - jmeter.gui.AbstractJMeterGuiComponent: setting element to enabled: true 
2005/11/14 12:46:11 DEBUG - jmeter.gui.GuiPackage: Updating current node WorkBench 
2005/11/14 12:46:11 DEBUG - jmeter.gui.GuiPackage: Gui retrieved = org.apache.jmeter.control.gui.WorkBenchGui[WorkBench,0,0,762x742,invalid,layout=java.awt.BorderLayout,alignmentX=null,alignmentY=null,border=javax.swing.border.EmptyBorder@c5577c,flags=9,maximumSize=,minimumSize=,preferredSize=] 
2005/11/14 12:46:11 DEBUG - jmeter.gui.AbstractJMeterGuiComponent: setting element to enabled: true 
2005/11/14 12:46:11 DEBUG - jmeter.gui.GuiPackage: Gui retrieved = org.apache.jmeter.control.gui.WorkBenchGui[WorkBench,0,0,762x742,invalid,layout=java.awt.BorderLayout,alignmentX=null,alignmentY=null,border=javax.swing.border.EmptyBorder@c5577c,flags=9,maximumSize=,minimumSize=,preferredSize=] 
2005/11/14 12:46:11 DEBUG - jmeter.gui.GuiPackage: Updating gui to new node 
2005/11/14 12:46:11 DEBUG - jmeter.gui.GuiPackage: Gui retrieved = org.apache.jmeter.control.gui.WorkBenchGui[WorkBench,0,0,762x742,invalid,layout=java.awt.BorderLayout,alignmentX=null,alignmentY=null,border=javax.swing.border.EmptyBorder@c5577c,flags=9,maximumSize=,minimumSize=,preferredSize=] 
2005/11/14 12:46:12 DEBUG - jmeter.gui.GuiPackage: Updating current node WorkBench 
2005/11/14 12:46:12 DEBUG - jmeter.gui.GuiPackage: Gui retrieved = org.apache.jmeter.control.gui.WorkBenchGui[WorkBench,0,0,762x742,invalid,layout=java.awt.BorderLayout,alignmentX=null,alignmentY=null,border=javax.swing.border.EmptyBorder@c5577c,flags=9,maximumSize=,minimumSize=,preferredSize=] 
2005/11/14 12:46:12 DEBUG - jmeter.gui.AbstractJMeterGuiComponent: setting element to enabled: true 
2005/11/14 12:46:12 DEBUG - jmeter.gui.GuiPackage: Gui retrieved = org.apache.jmeter.control.gui.WorkBenchGui[WorkBench,0,0,762x742,invalid,layout=java.awt.BorderLayout,alignmentX=null,alignmentY=null,border=javax.swing.border.EmptyBorder@c5577c,flags=9,maximumSize=,minimumSize=,preferredSize=] 
2005/11/14 12:46:12 DEBUG - jmeter.gui.GuiPackage: Updating gui to new node 
2005/11/14 12:46:12 DEBUG - jmeter.gui.GuiPackage: Updating current node WorkBench 
2005/11/14 12:46:12 DEBUG - jmeter.gui.GuiPackage: Gui retrieved = org.apache.jmeter.control.gui.WorkBenchGui[WorkBench,0,0,762x742,invalid,layout=java.awt.BorderLayout,alignmentX=null,alignmentY=null,border=javax.swing.border.EmptyBorder@c5577c,flags=9,maximumSize=,minimumSize=,preferredSize=] 
2005/11/14 12:46:12 DEBUG - jmeter.gui.AbstractJMeterGuiComponent: setting element to enabled: true 
2005/11/14 12:46:12 DEBUG - jmeter.gui.GuiPackage: Gui retrieved = org.apache.jmeter.control.gui.WorkBenchGui[WorkBench,0,0,762x742,invalid,layout=java.awt.BorderLayout,alignmentX=null,alignmentY=null,border=javax.swing.border.EmptyBorder@c5577c,flags=9,maximumSize=,minimumSize=,preferredSize=] 
2005/11/14 12:46:12 DEBUG - jmeter.gui.GuiPackage: Updating gui to new node 
2005/11/14 12:46:12 DEBUG - jmeter.gui.GuiPackage: Updating current node WorkBench 
2005/11/14 12:46:12 DEBUG - jmeter.gui.GuiPackage: Gui retrieved = org.apache.jmeter.control.gui.WorkBenchGui[WorkBench,0,0,762x742,invalid,layout=java.awt.BorderLayout,alignmentX=null,alignmentY=null,border=javax.swing.border.EmptyBorder@c5577c,flags=9,maximumSize=,minimumSize=,preferredSize=] 
2005/11/14 12:46:12 DEBUG - jmeter.gui.AbstractJMeterGuiComponent: setting element to enabled: true 
2005/11/14 12:46:12 DEBUG - jmeter.gui.action.CheckDirty: Node is class:class org.apache.jmeter.gui.tree.JMeterTreeNode 
2005/11/14 12:46:12 DEBUG - jmeter.gui.action.CheckDirty: Node is class:class org.apache.jmeter.gui.tree.JMeterTreeNode 
2005/11/14 12:46:16 INFO  - jmeter.gui.action.Load: Loading file: C:\Programme\jakarta-jmeter-2.1.1_ORIG\EXPERIMENTELL_211_PersDaten_5 - defekt.jmx 
2005/11/14 12:46:16 INFO  - jmeter.protocol.http.sampler.HTTPSampler2: httpsampler2.basicauth=false 
2005/11/14 12:46:16 INFO  - jmeter.save.SaveService: Using SaveService properties file 1.7 
2005/11/14 12:46:16 WARN  - jmeter.save.SaveService: Could not set up alias WebServiceSampler java.lang.NoClassDefFoundError: javax/mail/MessagingException 
2005/11/14 12:46:16 INFO  - jmeter.save.SaveService: All converter versions present and correct 
2005/11/14 12:46:16 DEBUG - jmeter.testelement.property.AbstractProperty: merging in class org.apache.jmeter.testelement.property.CollectionProperty 
2005/11/14 12:46:16 DEBUG - jmeter.gui.GuiPackage: Updating current node WorkBench 
2005/11/14 12:46:16 DEBUG - jmeter.gui.GuiPackage: Gui retrieved = org.apache.jmeter.control.gui.WorkBenchGui[WorkBench,0,0,762x742,layout=java.awt.BorderLayout,alignmentX=null,alignmentY=null,border=javax.swing.border.EmptyBorder@c5577c,flags=9,maximumSize=,minimumSize=,preferredSize=] 
2005/11/14 12:46:16 DEBUG - jmeter.gui.AbstractJMeterGuiComponent: setting element to enabled: true 
2005/11/14 12:46:16 DEBUG - jmeter.gui.AbstractJMeterGuiComponent: setting element to enabled: true 
2005/11/14 12:46:16 DEBUG - jmeter.gui.GuiPackage: Gui retrieved = org.apache.jmeter.threads.gui.ThreadGroupGui[Thread Gruppe,0,0,0x0,invalid,layout=java.awt.BorderLayout,alignmentX=null,alignmentY=null,border=javax.swing.border.EmptyBorder@1fa92be,flags=9,maximumSize=,minimumSize=,preferredSize=] 
2005/11/14 12:46:16 DEBUG - jmeter.gui.AbstractJMeterGuiComponent: setting element to enabled: true 
2005/11/14 12:46:16 DEBUG - jmeter.gui.AbstractJMeterGuiComponent: setting element to enabled: true 
2005/11/14 12:46:16 DEBUG - jmeter.gui.GuiPackage: Updating current node WorkBench 
2005/11/14 12:46:16 DEBUG - jmeter.gui.GuiPackage: Gui retrieved = org.apache.jmeter.control.gui.WorkBenchGui[WorkBench,0,0,762x742,layout=java.awt.BorderLayout,alignmentX=null,alignmentY=null,border=javax.swing.border.EmptyBorder@c5577c,flags=9,maximumSize=,minimumSize=,preferredSize=] 
2005/11/14 12:46:16 DEBUG - jmeter.gui.AbstractJMeterGuiComponent: setting element to enabled: true 
2005/11/14 12:46:16 DEBUG - jmeter.gui.GuiPackage: Gui retrieved = org.apache.jmeter.control.gui.WorkBenchGui[WorkBench,0,0,762x742,layout=java.awt.BorderLayout,alignmentX=null,alignmentY=null,border=javax.swing.border.EmptyBorder@c5577c,flags=9,maximumSize=,minimumSize=,preferredSize=] 
2005/11/14 12:46:16 DEBUG - jmeter.gui.GuiPackage: Updating gui to new node 
2005/11/14 12:46:16 DEBUG - jmeter.gui.GuiPackage: Updating current node WorkBench 
2005/11/14 12:46:16 DEBUG - jmeter.gui.GuiPackage: Gui retrieved = org.apache.jmeter.control.gui.WorkBenchGui[WorkBench,0,0,762x742,invalid,layout=java.awt.BorderLayout,alignmentX=null,alignmentY=null,border=javax.swing.border.EmptyBorder@c5577c,flags=9,maximumSize=,minimumSize=,preferredSize=] 
2005/11/14 12:46:16 DEBUG - jmeter.gui.AbstractJMeterGuiComponent: setting element to enabled: true 
2005/11/14 12:46:16 DEBUG - jmeter.gui.GuiPackage: Gui retrieved = org.apache.jmeter.control.gui.IncludeControllerGui[Include Controller,0,0,0x0,invalid,layout=org.apache.jorphan.gui.layout.VerticalLayout,alignmentX=null,alignmentY=null,border=javax.swing.border.EmptyBorder@1294564,flags=9,maximumSize=,minimumSize=,preferredSize=] 
2005/11/14 12:46:16 DEBUG - jmeter.gui.AbstractJMeterGuiComponent: setting element to enabled: true 
2005/11/14 12:46:16 DEBUG - jmeter.gui.GuiPackage: Updating current node WorkBench 
2005/11/14 12:46:16 DEBUG - jmeter.gui.GuiPackage: Gui retrieved = org.apache.jmeter.control.gui.WorkBenchGui[WorkBench,0,0,762x742,invalid,layout=java.awt.BorderLayout,alignmentX=null,alignmentY=null,border=javax.swing.border.EmptyBorder@c5577c,flags=9,maximumSize=,minimumSize=,preferredSize=] 
2005/11/14 12:46:16 DEBUG - jmeter.gui.AbstractJMeterGuiComponent: setting element to enabled: true 
2005/11/14 12:46:16 DEBUG - jmeter.gui.GuiPackage: Gui retrieved = org.apache.jmeter.control.gui.WorkBenchGui[WorkBench,0,0,762x742,invalid,layout=java.awt.BorderLayout,alignmentX=null,alignmentY=null,border=javax.swing.border.EmptyBorder@c5577c,flags=9,maximumSize=,minimumSize=,preferredSize=] 
2005/11/14 12:46:16 DEBUG - jmeter.gui.GuiPackage: Updating gui to new node 
2005/11/14 12:46:16 DEBUG - jmeter.gui.GuiPackage: Updating current node WorkBench 
2005/11/14 12:46:16 DEBUG - jmeter.gui.GuiPackage: Gui retrieved = org.apache.jmeter.control.gui.WorkBenchGui[WorkBench,0,0,762x742,invalid,layout=java.awt.BorderLayout,alignmentX=null,alignmentY=null,border=javax.swing.border.EmptyBorder@c5577c,flags=9,maximumSize=,minimumSize=,preferredSize=] 
2005/11/14 12:46:16 DEBUG - jmeter.gui.AbstractJMeterGuiComponent: setting element to enabled: true 
2005/11/14 12:46:16 DEBUG - jmeter.gui.GuiPackage: Gui retrieved = org.apache.jmeter.control.gui.LogicControllerGui[Einfacher Kontroller,0,0,0x0,invalid,layout=java.awt.BorderLayout,alignmentX=null,alignmentY=null,border=javax.swing.border.EmptyBorder@ad5b0c,flags=9,maximumSize=,minimumSize=,preferredSize=] 
2005/11/14 12:46:16 DEBUG - jmeter.gui.AbstractJMeterGuiComponent: setting element to enabled: false 
2005/11/14 12:46:16 DEBUG - jmeter.gui.GuiPackage: Updating current node WorkBench 
2005/11/14 12:46:16 DEBUG - jmeter.gui.GuiPackage: Gui retrieved = org.apache.jmeter.control.gui.WorkBenchGui[WorkBench,0,0,762x742,invalid,layout=java.awt.BorderLayout,alignmentX=null,alignmentY=null,border=javax.swing.border.EmptyBorder@c5577c,flags=9,maximumSize=,minimumSize=,preferredSize=] 
2005/11/14 12:46:16 DEBUG - jmeter.gui.AbstractJMeterGuiComponent: setting element to enabled: true 
2005/11/14 12:46:16 DEBUG - jmeter.gui.GuiPackage: Gui retrieved = org.apache.jmeter.control.gui.WorkBenchGui[WorkBench,0,0,762x742,invalid,layout=java.awt.BorderLayout,alignmentX=null,alignmentY=null,border=javax.swing.border.EmptyBorder@c5577c,flags=9,maximumSize=,minimumSize=,preferredSize=] 
2005/11/14 12:46:16 DEBUG - jmeter.gui.GuiPackage: Updating gui to new node 
2005/11/14 12:46:16 DEBUG - jmeter.gui.GuiPackage: Updating current node WorkBench 
2005/11/14 12:46:16 DEBUG - jmeter.gui.GuiPackage: Gui retrieved = org.apache.jmeter.control.gui.WorkBenchGui[WorkBench,0,0,762x742,invalid,layout=java.awt.BorderLayout,alignmentX=null,alignmentY=null,border=javax.swing.border.EmptyBorder@c5577c,flags=9,maximumSize=,minimumSize=,preferredSize=] 
2005/11/14 12:46:16 DEBUG - jmeter.gui.AbstractJMeterGuiComponent: setting element to enabled: true 
2005/11/14 12:46:16 DEBUG - jmeter.gui.GuiPackage: Gui retrieved = org.apache.jmeter.protocol.http.control.gui.HttpTestSampleGui2[HTTP Request HTTPClient,0,0,0x0,invalid,layout=java.awt.BorderLayout,alignmentX=null,alignmentY=null,border=javax.swing.border.EmptyBorder@e4cbb,flags=9,maximumSize=,minimumSize=,preferredSize=] 
2005/11/14 12:46:16 DEBUG - jmeter.gui.AbstractJMeterGuiComponent: setting element to enabled: true 
2005/11/14 12:46:16 DEBUG - jmeter.gui.AbstractJMeterGuiComponent: setting element to enabled: true 
2005/11/14 12:46:16 DEBUG - jmeter.gui.GuiPackage: Updating current node WorkBench 
2005/11/14 12:46:16 DEBUG - jmeter.gui.GuiPackage: Gui retrieved = org.apache.jmeter.control.gui.WorkBenchGui[WorkBench,0,0,762x742,invalid,layout=java.awt.BorderLayout,alignmentX=null,alignmentY=null,border=javax.swing.border.EmptyBorder@c5577c,flags=9,maximumSize=,minimumSize=,preferredSize=] 
2005/11/14 12:46:16 DEBUG - jmeter.gui.AbstractJMeterGuiComponent: setting element to enabled: true 
2005/11/14 12:46:16 DEBUG - jmeter.gui.GuiPackage: Gui retrieved = org.apache.jmeter.control.gui.WorkBenchGui[WorkBench,0,0,762x742,invalid,layout=java.awt.BorderLayout,alignmentX=null,alignmentY=null,border=javax.swing.border.EmptyBorder@c5577c,flags=9,maximumSize=,minimumSize=,preferredSize=] 
2005/11/14 12:46:16 DEBUG - jmeter.gui.GuiPackage: Updating gui to new node 
2005/11/14 12:46:16 DEBUG - jmeter.gui.GuiPackage: Updating current node WorkBench 
2005/11/14 12:46:16 DEBUG - jmeter.gui.GuiPackage: Gui retrieved = org.apache.jmeter.control.gui.WorkBenchGui[WorkBench,0,0,762x742,invalid,layout=java.awt.BorderLayout,alignmentX=null,alignmentY=null,border=javax.swing.border.EmptyBorder@c5577c,flags=9,maximumSize=,minimumSize=,preferredSize=] 
2005/11/14 12:46:16 DEBUG - jmeter.gui.AbstractJMeterGuiComponent: setting element to enabled: true 
2005/11/14 12:46:16 DEBUG - jmeter.gui.GuiPackage: Gui retrieved = org.apache.jmeter.assertions.gui.AssertionGui[Response Assertion,0,0,0x0,invalid,layout=java.awt.BorderLayout,alignmentX=null,alignmentY=null,border=javax.swing.border.EmptyBorder@120be46,flags=9,maximumSize=,minimumSize=,preferredSize=] 
2005/11/14 12:46:16 DEBUG - jmeter.gui.AbstractJMeterGuiComponent: setting element to enabled: true 
2005/11/14 12:46:16 DEBUG - jmeter.gui.GuiPackage: Updating current node WorkBench 
2005/11/14 12:46:16 DEBUG - jmeter.gui.GuiPackage: Gui retrieved = org.apache.jmeter.control.gui.WorkBenchGui[WorkBench,0,0,762x742,invalid,layout=java.awt.BorderLayout,alignmentX=null,alignmentY=null,border=javax.swing.border.EmptyBorder@c5577c,flags=9,maximumSize=,minimumSize=,preferredSize=] 
2005/11/14 12:46:16 DEBUG - jmeter.gui.AbstractJMeterGuiComponent: setting element to enabled: true 
2005/11/14 12:46:16 DEBUG - jmeter.gui.GuiPackage: Gui retrieved = org.apache.jmeter.control.gui.WorkBenchGui[WorkBench,0,0,762x742,invalid,layout=java.awt.BorderLayout,alignmentX=null,alignmentY=null,border=javax.swing.border.EmptyBorder@c5577c,flags=9,maximumSize=,minimumSize=,preferredSize=] 
2005/11/14 12:46:16 DEBUG - jmeter.gui.GuiPackage: Updating gui to new node 
2005/11/14 12:46:16 DEBUG - jmeter.gui.GuiPackage: Updating current node WorkBench 
2005/11/14 12:46:16 DEBUG - jmeter.gui.GuiPackage: Gui retrieved = org.apache.jmeter.control.gui.WorkBenchGui[WorkBench,0,0,762x742,invalid,layout=java.awt.BorderLayout,alignmentX=null,alignmentY=null,border=javax.swing.border.EmptyBorder@c5577c,flags=9,maximumSize=,minimumSize=,preferredSize=] 
2005/11/14 12:46:16 DEBUG - jmeter.gui.AbstractJMeterGuiComponent: setting element to enabled: true 
2005/11/14 12:46:16 DEBUG - jmeter.gui.GuiPackage: Gui retrieved = org.apache.jmeter.protocol.http.control.gui.HttpTestSampleGui2[01-/fvpgfs/login/preLogon.do,0,0,0x0,invalid,layout=java.awt.BorderLayout,alignmentX=null,alignmentY=null,border=javax.swing.border.EmptyBorder@e4cbb,flags=9,maximumSize=,minimumSize=,preferredSize=] 
2005/11/14 12:46:16 DEBUG - jmeter.gui.AbstractJMeterGuiComponent: setting element to enabled: true 
2005/11/14 12:46:16 DEBUG - jmeter.gui.AbstractJMeterGuiComponent: setting element to enabled: true 
2005/11/14 12:46:16 DEBUG - jmeter.gui.GuiPackage: Updating current node WorkBench 
2005/11/14 12:46:16 DEBUG - jmeter.gui.GuiPackage: Gui retrieved = org.apache.jmeter.control.gui.WorkBenchGui[WorkBench,0,0,762x742,invalid,layout=java.awt.BorderLayout,alignmentX=null,alignmentY=null,border=javax.swing.border.EmptyBorder@c5577c,flags=9,maximumSize=,minimumSize=,preferredSize=] 
2005/11/14 12:46:16 DEBUG - jmeter.gui.AbstractJMeterGuiComponent: setting element to enabled: true 
2005/11/14 12:46:16 DEBUG - jmeter.gui.GuiPackage: Gui retrieved = org.apache.jmeter.control.gui.WorkBenchGui[WorkBench,0,0,762x742,invalid,layout=java.awt.BorderLayout,alignmentX=null,alignmentY=null,border=javax.swing.border.EmptyBorder@c5577c,flags=9,maximumSize=,minimumSize=,preferredSize=] 
2005/11/14 12:46:16 DEBUG - jmeter.gui.GuiPackage: Updating gui to new node 
2005/11/14 12:46:16 DEBUG - jmeter.gui.GuiPackage: Updating current node WorkBench 
2005/11/14 12:46:16 DEBUG - jmeter.gui.GuiPackage: Gui retrieved = org.apache.jmeter.control.gui.WorkBenchGui[WorkBench,0,0,762x742,invalid,layout=java.awt.BorderLayout,alignmentX=null,alignmentY=null,border=javax.swing.border.EmptyBorder@c5577c,flags=9,maximumSize=,minimumSize=,preferredSize=] 
2005/11/14 12:46:16 DEBUG - jmeter.gui.AbstractJMeterGuiComponent: setting element to enabled: true 
2005/11/14 12:46:16 DEBUG - jmeter.gui.GuiPackage: Gui retrieved = org.apache.jmeter.assertions.gui.AssertionGui[Response Assertion,0,0,0x0,invalid,layout=java.awt.BorderLayout,alignmentX=null,alignmentY=null,border=javax.swing.border.EmptyBorder@120be46,flags=9,maximumSize=,minimumSize=,preferredSize=] 
2005/11/14 12:46:16 DEBUG - jmeter.gui.AbstractJMeterGuiComponent: setting element to enabled: true 
2005/11/14 12:46:16 DEBUG - jmeter.gui.GuiPackage: Updating current node WorkBench 
2005/11/14 12:46:16 DEBUG - jmeter.gui.GuiPackage: Gui retrieved = org.apache.jmeter.control.gui.WorkBenchGui[WorkBench,0,0,762x742,invalid,layout=java.awt.BorderLayout,alignmentX=null,alignmentY=null,border=javax.swing.border.EmptyBorder@c5577c,flags=9,maximumSize=,minimumSize=,preferredSize=] 
2005/11/14 12:46:16 DEBUG - jmeter.gui.AbstractJMeterGuiComponent: setting element to enabled: true 
2005/11/14 12:46:16 DEBUG - jmeter.gui.GuiPackage: Gui retrieved = org.apache.jmeter.control.gui.WorkBenchGui[WorkBench,0,0,762x742,invalid,layout=java.awt.BorderLayout,alignmentX=null,alignmentY=null,border=javax.swing.border.EmptyBorder@c5577c,flags=9,maximumSize=,minimumSize=,preferredSize=] 
2005/11/14 12:46:16 DEBUG - jmeter.gui.GuiPackage: Updating gui to new node 
2005/11/14 12:46:16 DEBUG - jmeter.gui.GuiPackage: Updating current node WorkBench 
2005/11/14 12:46:16 DEBUG - jmeter.gui.GuiPackage: Gui retrieved = org.apache.jmeter.control.gui.WorkBenchGui[WorkBench,0,0,762x742,invalid,layout=java.awt.BorderLayout,alignmentX=null,alignmentY=null,border=javax.swing.border.EmptyBorder@c5577c,flags=9,maximumSize=,minimumSize=,preferredSize=] 
2005/11/14 12:46:16 DEBUG - jmeter.gui.AbstractJMeterGuiComponent: setting element to enabled: true 
2005/11/14 12:46:16 DEBUG - jmeter.gui.GuiPackage: Gui retrieved = org.apache.jmeter.protocol.http.control.gui.HttpTestSampleGui2[02-/fvpgfs/logon.do,0,0,0x0,invalid,layout=java.awt.BorderLayout,alignmentX=null,alignmentY=null,border=javax.swing.border.EmptyBorder@e4cbb,flags=9,maximumSize=,minimumSize=,preferredSize=] 
2005/11/14 12:46:16 DEBUG - jmeter.gui.AbstractJMeterGuiComponent: setting element to enabled: true 
2005/11/14 12:46:16 DEBUG - jmeter.gui.AbstractJMeterGuiComponent: setting element to enabled: true 
2005/11/14 12:46:16 DEBUG - jmeter.gui.GuiPackage: Updating current node WorkBench 
2005/11/14 12:46:16 DEBUG - jmeter.gui.GuiPackage: Gui retrieved = org.apache.jmeter.control.gui.WorkBenchGui[WorkBench,0,0,762x742,invalid,layout=java.awt.BorderLayout,alignmentX=null,alignmentY=null,border=javax.swing.border.EmptyBorder@c5577c,flags=9,maximumSize=,minimumSize=,preferredSize=] 
2005/11/14 12:46:16 DEBUG - jmeter.gui.AbstractJMeterGuiComponent: setting element to enabled: true 
2005/11/14 12:46:16 DEBUG - jmeter.gui.GuiPackage: Gui retrieved = org.apache.jmeter.control.gui.WorkBenchGui[WorkBench,0,0,762x742,invalid,layout=java.awt.BorderLayout,alignmentX=null,alignmentY=null,border=javax.swing.border.EmptyBorder@c5577c,flags=9,maximumSize=,minimumSize=,preferredSize=] 
2005/11/14 12:46:16 DEBUG - jmeter.gui.GuiPackage: Updating gui to new node 
2005/11/14 12:46:16 DEBUG - jmeter.gui.GuiPackage: Updating current node WorkBench 
2005/11/14 12:46:16 DEBUG - jmeter.gui.GuiPackage: Gui retrieved = org.apache.jmeter.control.gui.WorkBenchGui[WorkBench,0,0,762x742,invalid,layout=java.awt.BorderLayout,alignmentX=null,alignmentY=null,border=javax.swing.border.EmptyBorder@c5577c,flags=9,maximumSize=,minimumSize=,preferredSize=] 
2005/11/14 12:46:16 DEBUG - jmeter.gui.AbstractJMeterGuiComponent: setting element to enabled: true 
2005/11/14 12:46:16 DEBUG - jmeter.gui.GuiPackage: Gui retrieved = org.apache.jmeter.timers.gui.ConstantTimerGui[Konstanter Timer,0,0,0x0,invalid,layout=org.apache.jorphan.gui.layout.VerticalLayout,alignmentX=null,alignmentY=null,border=javax.swing.border.EmptyBorder@23796f,flags=9,maximumSize=,minimumSize=,preferredSize=] 
2005/11/14 12:46:16 DEBUG - jmeter.gui.AbstractJMeterGuiComponent: setting element to enabled: true 
2005/11/14 12:46:16 DEBUG - jmeter.gui.GuiPackage: Updating current node WorkBench 
2005/11/14 12:46:16 DEBUG - jmeter.gui.GuiPackage: Gui retrieved = org.apache.jmeter.control.gui.WorkBenchGui[WorkBench,0,0,762x742,invalid,layout=java.awt.BorderLayout,alignmentX=null,alignmentY=null,border=javax.swing.border.EmptyBorder@c5577c,flags=9,maximumSize=,minimumSize=,preferredSize=] 
2005/11/14 12:46:16 DEBUG - jmeter.gui.AbstractJMeterGuiComponent: setting element to enabled: true 
2005/11/14 12:46:16 DEBUG - jmeter.gui.GuiPackage: Gui retrieved = org.apache.jmeter.control.gui.WorkBenchGui[WorkBench,0,0,762x742,invalid,layout=java.awt.BorderLayout,alignmentX=null,alignmentY=null,border=javax.swing.border.EmptyBorder@c5577c,flags=9,maximumSize=,minimumSize=,preferredSize=] 
2005/11/14 12:46:16 DEBUG - jmeter.gui.GuiPackage: Updating gui to new node 
2005/11/14 12:46:16 DEBUG - jmeter.gui.GuiPackage: Updating current node WorkBench 
2005/11/14 12:46:16 DEBUG - jmeter.gui.GuiPackage: Gui retrieved = org.apache.jmeter.control.gui.WorkBenchGui[WorkBench,0,0,762x742,invalid,layout=java.awt.BorderLayout,alignmentX=null,alignmentY=null,border=javax.swing.border.EmptyBorder@c5577c,flags=9,maximumSize=,minimumSize=,preferredSize=] 
2005/11/14 12:46:16 DEBUG - jmeter.gui.AbstractJMeterGuiComponent: setting element to enabled: true 
2005/11/14 12:46:16 DEBUG - jmeter.gui.GuiPackage: Gui retrieved = org.apache.jmeter.timers.gui.ConstantTimerGui[Konstanter Timer,0,0,0x0,invalid,layout=org.apache.jorphan.gui.layout.VerticalLayout,alignmentX=null,alignmentY=null,border=javax.swing.border.EmptyBorder@23796f,flags=9,maximumSize=,minimumSize=,preferredSize=] 
2005/11/14 12:46:16 DEBUG - jmeter.gui.AbstractJMeterGuiComponent: setting element to enabled: true 
2005/11/14 12:46:16 DEBUG - jmeter.gui.GuiPackage: Updating current node WorkBench 
2005/11/14 12:46:16 DEBUG - jmeter.gui.GuiPackage: Gui retrieved = org.apache.jmeter.control.gui.WorkBenchGui[WorkBench,0,0,762x742,invalid,layout=java.awt.BorderLayout,alignmentX=null,alignmentY=null,border=javax.swing.border.EmptyBorder@c5577c,flags=9,maximumSize=,minimumSize=,preferredSize=] 
2005/11/14 12:46:16 DEBUG - jmeter.gui.AbstractJMeterGuiComponent: setting element to enabled: true 
2005/11/14 12:46:16 DEBUG - jmeter.gui.GuiPackage: Gui retrieved = org.apache.jmeter.control.gui.WorkBenchGui[WorkBench,0,0,762x742,invalid,layout=java.awt.BorderLayout,alignmentX=null,alignmentY=null,border=javax.swing.border.EmptyBorder@c5577c,flags=9,maximumSize=,minimumSize=,preferredSize=] 
2005/11/14 12:46:16 DEBUG - jmeter.gui.GuiPackage: Updating gui to new node 
2005/11/14 12:46:16 DEBUG - jmeter.gui.GuiPackage: Updating current node WorkBench 
2005/11/14 12:46:16 DEBUG - jmeter.gui.GuiPackage: Gui retrieved = org.apache.jmeter.control.gui.WorkBenchGui[WorkBench,0,0,762x742,invalid,layout=java.awt.BorderLayout,alignmentX=null,alignmentY=null,border=javax.swing.border.EmptyBorder@c5577c,flags=9,maximumSize=,minimumSize=,preferredSize=] 
2005/11/14 12:46:16 DEBUG - jmeter.gui.AbstractJMeterGuiComponent: setting element to enabled: true 
2005/11/14 12:46:16 DEBUG - jmeter.gui.GuiPackage: Gui retrieved = org.apache.jmeter.protocol.http.gui.CookiePanel[HTTP Cookie Manager,0,0,0x0,invalid,layout=java.awt.BorderLayout,alignmentX=null,alignmentY=null,border=javax.swing.border.EmptyBorder@1a20888,flags=9,maximumSize=,minimumSize=,preferredSize=] 
2005/11/14 12:46:16 DEBUG - jmeter.protocol.http.control.CookieManager: Clear all cookies 
2005/11/14 12:46:16 DEBUG - jmeter.gui.AbstractJMeterGuiComponent: setting element to enabled: true 
2005/11/14 12:46:16 DEBUG - jmeter.gui.GuiPackage: Updating current node WorkBench 
2005/11/14 12:46:16 DEBUG - jmeter.gui.GuiPackage: Gui retrieved = org.apache.jmeter.control.gui.WorkBenchGui[WorkBench,0,0,762x742,invalid,layout=java.awt.BorderLayout,alignmentX=null,alignmentY=null,border=javax.swing.border.EmptyBorder@c5577c,flags=9,maximumSize=,minimumSize=,preferredSize=] 
2005/11/14 12:46:16 DEBUG - jmeter.gui.AbstractJMeterGuiComponent: setting element to enabled: true 
2005/11/14 12:46:16 DEBUG - jmeter.gui.GuiPackage: Gui retrieved = org.apache.jmeter.control.gui.WorkBenchGui[WorkBench,0,0,762x742,invalid,layout=java.awt.BorderLayout,alignmentX=null,alignmentY=null,border=javax.swing.border.EmptyBorder@c5577c,flags=9,maximumSize=,minimumSize=,preferredSize=] 
2005/11/14 12:46:16 DEBUG - jmeter.gui.GuiPackage: Updating gui to new node 
2005/11/14 12:46:16 DEBUG - jmeter.gui.GuiPackage: Updating current node WorkBench 
2005/11/14 12:46:16 DEBUG - jmeter.gui.GuiPackage: Gui retrieved = org.apache.jmeter.control.gui.WorkBenchGui[WorkBench,0,0,762x742,invalid,layout=java.awt.BorderLayout,alignmentX=null,alignmentY=null,border=javax.swing.border.EmptyBorder@c5577c,flags=9,maximumSize=,minimumSize=,preferredSize=] 
2005/11/14 12:46:16 DEBUG - jmeter.gui.AbstractJMeterGuiComponent: setting element to enabled: true 
2005/11/14 12:46:16 DEBUG - jmeter.gui.GuiPackage: Gui retrieved = org.apache.jmeter.protocol.http.config.gui.HttpDefaultsGui[HTTP Request Default Einstellungen,0,0,0x0,invalid,layout=java.awt.BorderLayout,alignmentX=null,alignmentY=null,border=javax.swing.border.EmptyBorder@afc374,flags=9,maximumSize=,minimumSize=,preferredSize=] 
2005/11/14 12:46:16 DEBUG - jmeter.gui.AbstractJMeterGuiComponent: setting element to enabled: true 
2005/11/14 12:46:16 DEBUG - jmeter.gui.AbstractJMeterGuiComponent: setting element to enabled: true 
2005/11/14 12:46:16 DEBUG - jmeter.gui.GuiPackage: Updating current node WorkBench 
2005/11/14 12:46:16 DEBUG - jmeter.gui.GuiPackage: Gui retrieved = org.apache.jmeter.control.gui.WorkBenchGui[WorkBench,0,0,762x742,invalid,layout=java.awt.BorderLayout,alignmentX=null,alignmentY=null,border=javax.swing.border.EmptyBorder@c5577c,flags=9,maximumSize=,minimumSize=,preferredSize=] 
2005/11/14 12:46:16 DEBUG - jmeter.gui.AbstractJMeterGuiComponent: setting element to enabled: true 
2005/11/14 12:46:16 DEBUG - jmeter.gui.GuiPackage: Gui retrieved = org.apache.jmeter.control.gui.WorkBenchGui[WorkBench,0,0,762x742,invalid,layout=java.awt.BorderLayout,alignmentX=null,alignmentY=null,border=javax.swing.border.EmptyBorder@c5577c,flags=9,maximumSize=,minimumSize=,preferredSize=] 
2005/11/14 12:46:16 DEBUG - jmeter.gui.GuiPackage: Updating gui to new node 
2005/11/14 12:46:16 DEBUG - jmeter.gui.GuiPackage: Updating current node WorkBench 
2005/11/14 12:46:16 DEBUG - jmeter.gui.GuiPackage: Gui retrieved = org.apache.jmeter.control.gui.WorkBenchGui[WorkBench,0,0,762x742,invalid,layout=java.awt.BorderLayout,alignmentX=null,alignmentY=null,border=javax.swing.border.EmptyBorder@c5577c,flags=9,maximumSize=,minimumSize=,preferredSize=] 
2005/11/14 12:46:16 DEBUG - jmeter.gui.AbstractJMeterGuiComponent: setting element to enabled: true 
2005/11/14 12:46:16 DEBUG - jmeter.gui.GuiPackage: Gui retrieved = org.apache.jmeter.visualizers.StatVisualizer[Aggregate Report,0,0,0x0,invalid,layout=java.awt.BorderLayout,alignmentX=null,alignmentY=null,border=,flags=9,maximumSize=,minimumSize=,preferredSize=] 
2005/11/14 12:46:16 DEBUG - jmeter.gui.AbstractJMeterGuiComponent: setting element to enabled: true 
2005/11/14 12:46:16 DEBUG - jmeter.gui.GuiPackage: Updating current node WorkBench 
2005/11/14 12:46:16 DEBUG - jmeter.gui.GuiPackage: Gui retrieved = org.apache.jmeter.control.gui.WorkBenchGui[WorkBench,0,0,762x742,invalid,layout=java.awt.BorderLayout,alignmentX=null,alignmentY=null,border=javax.swing.border.EmptyBorder@c5577c,flags=9,maximumSize=,minimumSize=,preferredSize=] 
2005/11/14 12:46:16 DEBUG - jmeter.gui.AbstractJMeterGuiComponent: setting element to enabled: true 
2005/11/14 12:46:16 DEBUG - jmeter.gui.GuiPackage: Gui retrieved = org.apache.jmeter.control.gui.WorkBenchGui[WorkBench,0,0,762x742,invalid,layout=java.awt.BorderLayout,alignmentX=null,alignmentY=null,border=javax.swing.border.EmptyBorder@c5577c,flags=9,maximumSize=,minimumSize=,preferredSize=] 
2005/11/14 12:46:16 DEBUG - jmeter.gui.GuiPackage: Updating gui to new node 
2005/11/14 12:46:16 DEBUG - jmeter.gui.GuiPackage: Updating current node WorkBench 
2005/11/14 12:46:16 DEBUG - jmeter.gui.GuiPackage: Gui retrieved = org.apache.jmeter.control.gui.WorkBenchGui[WorkBench,0,0,762x742,invalid,layout=java.awt.BorderLayout,alignmentX=null,alignmentY=null,border=javax.swing.border.EmptyBorder@c5577c,flags=9,maximumSize=,minimumSize=,preferredSize=] 
2005/11/14 12:46:16 DEBUG - jmeter.gui.AbstractJMeterGuiComponent: setting element to enabled: true 
2005/11/14 12:46:16 DEBUG - jmeter.gui.GuiPackage: Gui retrieved = org.apache.jmeter.control.gui.WorkBenchGui[WorkBench,0,0,762x742,invalid,layout=java.awt.BorderLayout,alignmentX=null,alignmentY=null,border=javax.swing.border.EmptyBorder@c5577c,flags=9,maximumSize=,minimumSize=,preferredSize=] 
2005/11/14 12:46:16 DEBUG - jmeter.gui.tree.JMeterTreeListener: value changed, updating currentPath 
2005/11/14 12:46:16 DEBUG - jmeter.gui.GuiPackage: Updating current node WorkBench 
2005/11/14 12:46:16 DEBUG - jmeter.gui.GuiPackage: Gui retrieved = org.apache.jmeter.control.gui.WorkBenchGui[WorkBench,0,0,762x742,invalid,layout=java.awt.BorderLayout,alignmentX=null,alignmentY=null,border=javax.swing.border.EmptyBorder@c5577c,flags=9,maximumSize=,minimumSize=,preferredSize=] 
2005/11/14 12:46:16 DEBUG - jmeter.gui.AbstractJMeterGuiComponent: setting element to enabled: true 
2005/11/14 12:46:16 DEBUG - jmeter.gui.GuiPackage: Gui retrieved = org.apache.jmeter.control.gui.TestPlanGui[Test Plan,0,0,0x0,invalid,layout=java.awt.BorderLayout,alignmentX=null,alignmentY=null,border=javax.swing.border.EmptyBorder@17f0e53,flags=9,maximumSize=,minimumSize=,preferredSize=] 
2005/11/14 12:46:16 DEBUG - jmeter.gui.GuiPackage: Updating current node Test Plan 
2005/11/14 12:46:16 DEBUG - jmeter.gui.GuiPackage: Gui retrieved = org.apache.jmeter.control.gui.TestPlanGui[Test Plan,0,0,0x0,invalid,layout=java.awt.BorderLayout,alignmentX=null,alignmentY=null,border=javax.swing.border.EmptyBorder@17f0e53,flags=9,maximumSize=,minimumSize=,preferredSize=] 
2005/11/14 12:46:16 DEBUG - jmeter.gui.AbstractJMeterGuiComponent: setting element to enabled: true 
2005/11/14 12:46:16 DEBUG - jmeter.gui.AbstractJMeterGuiComponent: setting element to enabled: true 
2005/11/14 12:46:16 DEBUG - jmeter.gui.GuiPackage: Updating current node Test Plan 
2005/11/14 12:46:16 DEBUG - jmeter.gui.GuiPackage: Gui retrieved = org.apache.jmeter.control.gui.TestPlanGui[Test Plan,0,0,0x0,invalid,layout=java.awt.BorderLayout,alignmentX=null,alignmentY=null,border=javax.swing.border.EmptyBorder@17f0e53,flags=9,maximumSize=,minimumSize=,preferredSize=] 
2005/11/14 12:46:16 DEBUG - jmeter.gui.AbstractJMeterGuiComponent: setting element to enabled: true 
2005/11/14 12:46:16 DEBUG - jmeter.gui.AbstractJMeterGuiComponent: setting element to enabled: true 
2005/11/14 12:46:16 DEBUG - jmeter.gui.GuiPackage: Gui retrieved = org.apache.jmeter.control.gui.TestPlanGui[Test Plan,0,0,0x0,invalid,layout=java.awt.BorderLayout,alignmentX=null,alignmentY=null,border=javax.swing.border.EmptyBorder@17f0e53,flags=9,maximumSize=,minimumSize=,preferredSize=] 
2005/11/14 12:46:16 DEBUG - jmeter.gui.GuiPackage: Updating gui to new node 
2005/11/14 12:46:16 DEBUG - jmeter.gui.GuiPackage: Gui retrieved = org.apache.jmeter.control.gui.TestPlanGui[Test Plan,0,0,0x0,invalid,layout=java.awt.BorderLayout,alignmentX=null,alignmentY=null,border=javax.swing.border.EmptyBorder@17f0e53,flags=9,maximumSize=,minimumSize=,preferredSize=] 
2005/11/14 12:46:16 DEBUG - jmeter.gui.AbstractJMeterGuiComponent: setting element to enabled: true 
2005/11/14 12:46:16 DEBUG - jmeter.gui.GuiPackage: Updating current node Test Plan 
2005/11/14 12:46:16 DEBUG - jmeter.gui.GuiPackage: Gui retrieved = org.apache.jmeter.control.gui.TestPlanGui[Test Plan,0,0,0x0,invalid,layout=java.awt.BorderLayout,alignmentX=null,alignmentY=null,border=javax.swing.border.EmptyBorder@17f0e53,flags=9,maximumSize=,minimumSize=,preferredSize=] 
2005/11/14 12:46:16 DEBUG - jmeter.gui.AbstractJMeterGuiComponent: setting element to enabled: true 
2005/11/14 12:46:16 DEBUG - jmeter.gui.AbstractJMeterGuiComponent: setting element to enabled: true 
2005/11/14 12:46:16 DEBUG - jmeter.gui.GuiPackage: Gui retrieved = org.apache.jmeter.control.gui.TestPlanGui[Test Plan,0,0,0x0,invalid,layout=java.awt.BorderLayout,alignmentX=null,alignmentY=null,border=javax.swing.border.EmptyBorder@17f0e53,flags=9,maximumSize=,minimumSize=,preferredSize=] 
2005/11/14 12:46:16 DEBUG - jmeter.gui.GuiPackage: Updating gui to new node 
2005/11/14 12:46:16 DEBUG - jmeter.gui.GuiPackage: Updating current node Test Plan 
2005/11/14 12:46:16 DEBUG - jmeter.gui.GuiPackage: Gui retrieved = org.apache.jmeter.control.gui.TestPlanGui[Test Plan,0,0,0x0,invalid,layout=java.awt.BorderLayout,alignmentX=null,alignmentY=null,border=javax.swing.border.EmptyBorder@17f0e53,flags=9,maximumSize=,minimumSize=,preferredSize=] 
2005/11/14 12:46:16 DEBUG - jmeter.gui.AbstractJMeterGuiComponent: setting element to enabled: true 
2005/11/14 12:46:16 DEBUG - jmeter.gui.AbstractJMeterGuiComponent: setting element to enabled: true 
2005/11/14 12:46:16 DEBUG - jmeter.gui.GuiPackage: Gui retrieved = org.apache.jmeter.control.gui.TestPlanGui[Test Plan,0,0,0x0,invalid,layout=java.awt.BorderLayout,alignmentX=null,alignmentY=null,border=javax.swing.border.EmptyBorder@17f0e53,flags=9,maximumSize=,minimumSize=,preferredSize=] 
2005/11/14 12:46:16 DEBUG - jmeter.gui.GuiPackage: Updating gui to new node 
2005/11/14 12:46:16 DEBUG - jmeter.gui.GuiPackage: Updating current node Test Plan 
2005/11/14 12:46:16 DEBUG - jmeter.gui.GuiPackage: Gui retrieved = org.apache.jmeter.control.gui.TestPlanGui[Test Plan,0,0,0x0,invalid,layout=java.awt.BorderLayout,alignmentX=null,alignmentY=null,border=javax.swing.border.EmptyBorder@17f0e53,flags=9,maximumSize=,minimumSize=,preferredSize=] 
2005/11/14 12:46:16 DEBUG - jmeter.gui.AbstractJMeterGuiComponent: setting element to enabled: true 
2005/11/14 12:46:16 DEBUG - jmeter.gui.AbstractJMeterGuiComponent: setting element to enabled: true 
2005/11/14 12:46:16 DEBUG - jmeter.gui.action.CheckDirty: Node is class:class org.apache.jmeter.gui.tree.JMeterTreeNode 
2005/11/14 12:46:16 DEBUG - jmeter.gui.action.CheckDirty: Node is class:class org.apache.jmeter.gui.tree.JMeterTreeNode 
2005/11/14 12:46:16 INFO  - jmeter.control.IncludeController: loadIncludedElements -- try to load included module 
2005/11/14 12:46:16 DEBUG - jmeter.gui.action.CheckDirty: Node is class:class org.apache.jmeter.gui.tree.JMeterTreeNode 
2005/11/14 12:46:16 DEBUG - jmeter.gui.action.CheckDirty: Node is class:class org.apache.jmeter.gui.tree.JMeterTreeNode 
2005/11/14 12:46:16 DEBUG - jmeter.gui.action.CheckDirty: Node is class:class org.apache.jmeter.gui.tree.JMeterTreeNode 
2005/11/14 12:46:16 DEBUG - jmeter.gui.action.CheckDirty: Node is class:class org.apache.jmeter.gui.tree.JMeterTreeNode 
2005/11/14 12:46:16 DEBUG - jmeter.gui.action.CheckDirty: Node is class:class org.apache.jmeter.gui.tree.JMeterTreeNode 
2005/11/14 12:46:16 DEBUG - jmeter.gui.action.CheckDirty: Node is class:class org.apache.jmeter.gui.tree.JMeterTreeNode 
2005/11/14 12:46:16 DEBUG - jmeter.gui.action.CheckDirty: Node is class:class org.apache.jmeter.gui.tree.JMeterTreeNode 
2005/11/14 12:46:16 DEBUG - jmeter.gui.action.CheckDirty: Node is class:class org.apache.jmeter.gui.tree.JMeterTreeNode 
2005/11/14 12:46:16 DEBUG - jmeter.gui.action.CheckDirty: Node is class:class org.apache.jmeter.gui.tree.JMeterTreeNode 
2005/11/14 12:46:16 DEBUG - jmeter.gui.action.CheckDirty: Node is class:class org.apache.jmeter.gui.tree.JMeterTreeNode 
2005/11/14 12:46:16 DEBUG - jmeter.gui.action.CheckDirty: Node is class:class org.apache.jmeter.gui.tree.JMeterTreeNode 
2005/11/14 12:46:16 DEBUG - jmeter.gui.action.CheckDirty: Node is class:class org.apache.jmeter.gui.tree.JMeterTreeNode 
2005/11/14 12:46:16 DEBUG - jmeter.gui.action.CheckDirty: Node is class:class org.apache.jmeter.gui.tree.JMeterTreeNode 
2005/11/14 12:46:16 DEBUG - jmeter.gui.action.CheckDirty: Node is class:class org.apache.jmeter.gui.tree.JMeterTreeNode 
2005/11/14 12:46:16 DEBUG - jmeter.gui.action.CheckDirty: Node is class:class org.apache.jmeter.gui.tree.JMeterTreeNode 
2005/11/14 12:46:16 DEBUG - jmeter.gui.action.CheckDirty: Node is class:class org.apache.jmeter.gui.tree.JMeterTreeNode 
2005/11/14 12:46:16 DEBUG - jmeter.gui.action.CheckDirty: Node is class:class org.apache.jmeter.gui.tree.JMeterTreeNode 
2005/11/14 12:46:16 DEBUG - jmeter.gui.action.CheckDirty: Node is class:class org.apache.jmeter.gui.tree.JMeterTreeNode 
2005/11/14 12:46:16 DEBUG - jmeter.gui.action.CheckDirty: Node is class:class org.apache.jmeter.gui.tree.JMeterTreeNode 
2005/11/14 12:46:16 DEBUG - jmeter.gui.action.CheckDirty: Node is class:class org.apache.jmeter.gui.tree.JMeterTreeNode 
2005/11/14 12:46:16 DEBUG - jmeter.gui.action.CheckDirty: Node is class:class org.apache.jmeter.gui.tree.JMeterTreeNode 
2005/11/14 12:46:16 DEBUG - jmeter.gui.action.CheckDirty: Node is class:class org.apache.jmeter.gui.tree.JMeterTreeNode 
2005/11/14 12:46:16 DEBUG - jmeter.gui.action.CheckDirty: Node is class:class org.apache.jmeter.gui.tree.JMeterTreeNode 
2005/11/14 12:46:16 DEBUG - jmeter.gui.action.CheckDirty: Node is class:class org.apache.jmeter.gui.tree.JMeterTreeNode 
2005/11/14 12:46:16 DEBUG - jmeter.gui.action.CheckDirty: Node is class:class org.apache.jmeter.gui.tree.JMeterTreeNode 
2005/11/14 12:46:19 DEBUG - jmeter.gui.GuiPackage: Updating current node Test Plan 
2005/11/14 12:46:19 DEBUG - jmeter.gui.GuiPackage: Gui retrieved = org.apache.jmeter.control.gui.TestPlanGui[Test Plan,0,0,762x742,layout=java.awt.BorderLayout,alignmentX=null,alignmentY=null,border=javax.swing.border.EmptyBorder@17f0e53,flags=9,maximumSize=,minimumSize=,preferredSize=] 
2005/11/14 12:46:19 DEBUG - jmeter.gui.AbstractJMeterGuiComponent: setting element to enabled: true 
2005/11/14 12:46:19 DEBUG - jmeter.gui.AbstractJMeterGuiComponent: setting element to enabled: true 
2005/11/14 12:46:19 DEBUG - jmeter.gui.action.AbstractAction: popupShouldSave 
2005/11/14 12:46:19 ERROR - jmeter.gui.action.ActionRouter:  java.lang.NullPointerException
	at org.apache.jmeter.gui.action.AbstractAction.convertSubTree(AbstractAction.java:56)
	at org.apache.jmeter.gui.action.AbstractAction.convertSubTree(AbstractAction.java:69)
	at org.apache.jmeter.gui.action.AbstractAction.convertSubTree(AbstractAction.java:74)
	at org.apache.jmeter.gui.action.AbstractAction.convertSubTree(AbstractAction.java:74)
	at org.apache.jmeter.gui.action.Start.startEngine(Start.java:93)
	at org.apache.jmeter.gui.action.Start.doAction(Start.java:73)
	at org.apache.jmeter.gui.action.ActionRouter.performAction(ActionRouter.java:76)
	at org.apache.jmeter.gui.action.ActionRouter.access$000(ActionRouter.java:44)
	at org.apache.jmeter.gui.action.ActionRouter$1.run(ActionRouter.java:61)
	at java.awt.event.InvocationEvent.dispatch(InvocationEvent.java:178)
	at java.awt.EventQueue.dispatchEvent(EventQueue.java:454)
	at java.awt.EventDispatchThread.pumpOneEventForHierarchy(EventDispatchThread.java:201)
	at java.awt.EventDispatchThread.pumpEventsForHierarchy(EventDispatchThread.java:151)
	at java.awt.EventDispatchThread.pumpEvents(EventDispatchThread.java:145)
	at java.awt.EventDispatchThread.pumpEvents(EventDispatchThread.java:137)
	at java.awt.EventDispatchThread.run(EventDispatchThread.java:100)

