org.apache.jmeter:jmeter-maven:jar:3.1
+- org.apache.jmeter:ApacheJMeter_components:jar:3.1:compile
|  +- org.apache.jmeter:jorphan:jar:3.1:compile
|  +- org.ow2.asm:asm:jar:5.1:compile
|  +- net.minidev:accessors-smart:jar:1.1:compile
|  +- bsf:bsf:jar:2.4.0:compile
|  +- avalon-framework:avalon-framework:jar:4.1.4:compile
|  +- org.beanshell:bsh:jar:2.0b5:compile
|  +- org.bouncycastle:bcmail-jdk15on:jar:1.49:compile
|  +- org.bouncycastle:bcprov-jdk15on:jar:1.49:compile
|  +- org.bouncycastle:bcpkix-jdk15on:jar:1.49:compile
|  +- commons-codec:commons-codec:jar:1.10:compile
|  +- commons-collections:commons-collections:jar:3.2.2:compile
|  +- org.apache.commons:commons-dbcp2:jar:2.1.1:compile
|  +- commons-httpclient:commons-httpclient:jar:3.1:compile
|  +- commons-io:commons-io:jar:2.5:compile
|  +- org.apache.commons:commons-jexl:jar:2.1.1:compile
|  +- org.apache.commons:commons-jexl3:jar:3.0:compile
|  +- org.apache.commons:commons-lang3:jar:3.5:compile
|  +- commons-logging:commons-logging:jar:1.2:compile
|  +- org.apache.commons:commons-math3:jar:3.6.1:compile
|  +- commons-net:commons-net:jar:3.5:compile
|  +- org.apache.commons:commons-pool2:jar:2.4.2:compile
|  +- dnsjava:dnsjava:jar:2.1.7:compile
|  +- excalibur-logger:excalibur-logger:jar:1.1:compile
|  +- org.codehaus.groovy:groovy-all:jar:2.4.7:compile
|  +- org.apache.httpcomponents:httpclient:jar:4.5.2:compile
|  +- org.apache.httpcomponents:httpmime:jar:4.5.2:compile
|  +- org.apache.httpcomponents:httpcore:jar:4.4.5:compile
|  +- oro:oro:jar:2.0.8:compile
|  +- jcharts:jcharts:jar:0.7.5:compile
|  +- org.mozilla:rhino:jar:1.7.7.1:compile
|  +- junit:junit:jar:4.12:compile
|  +- logkit:logkit:jar:2.0:compile
|  +- net.sf.jtidy:jtidy:jar:r938:compile
|  +- org.apache.tika:tika-core:jar:1.14:compile
|  +- org.apache.tika:tika-parsers:jar:1.14:compile
|  |  +- org.gagravarr:vorbis-java-tika:jar:0.8:compile
|  |  +- com.healthmarketscience.jackcess:jackcess:jar:2.1.4:compile
|  |  |  \- commons-lang:commons-lang:jar:2.6:compile
|  |  +- com.healthmarketscience.jackcess:jackcess-encrypt:jar:2.1.1:compile
|  |  +- org.tallison:jmatio:jar:1.2:compile
|  |  +- org.apache.james:apache-mime4j-core:jar:0.7.2:compile
|  |  +- org.apache.james:apache-mime4j-dom:jar:0.7.2:compile
|  |  +- org.apache.commons:commons-compress:jar:1.12:compile
|  |  +- org.tukaani:xz:jar:1.5:compile
|  |  +- org.apache.pdfbox:pdfbox:jar:2.0.3:compile
|  |  |  \- org.apache.pdfbox:fontbox:jar:2.0.3:compile
|  |  +- org.apache.pdfbox:pdfbox-tools:jar:2.0.3:compile
|  |  |  \- org.apache.pdfbox:pdfbox-debugger:jar:2.0.3:compile
|  |  +- org.apache.pdfbox:jempbox:jar:1.8.12:compile
|  |  +- org.apache.poi:poi:jar:3.15:compile
|  |  |  \- org.apache.commons:commons-collections4:jar:4.1:compile
|  |  +- org.apache.poi:poi-scratchpad:jar:3.15:compile
|  |  +- org.apache.poi:poi-ooxml:jar:3.15:compile
|  |  |  +- org.apache.poi:poi-ooxml-schemas:jar:3.15:compile
|  |  |  |  \- org.apache.xmlbeans:xmlbeans:jar:2.6.0:compile
|  |  |  \- com.github.virtuald:curvesapi:jar:1.04:compile
|  |  +- org.ccil.cowan.tagsoup:tagsoup:jar:1.2.1:compile
|  |  +- com.googlecode.mp4parser:isoparser:jar:1.1.18:compile
|  |  +- com.drewnoakes:metadata-extractor:jar:2.9.1:compile
|  |  |  \- com.adobe.xmp:xmpcore:jar:5.1.2:compile
|  |  +- de.l3s.boilerpipe:boilerpipe:jar:1.1.0:compile
|  |  +- com.rometools:rome:jar:1.5.1:compile
|  |  |  \- com.rometools:rome-utils:jar:1.5.1:compile
|  |  +- org.gagravarr:vorbis-java-core:jar:0.8:compile
|  |  +- com.googlecode.juniversalchardet:juniversalchardet:jar:1.0.3:compile
|  |  +- org.codelibs:jhighlight:jar:1.0.2:compile
|  |  +- com.pff:java-libpst:jar:0.8.1:compile
|  |  +- com.github.junrar:junrar:jar:0.7:compile
|  |  |  +- commons-logging:commons-logging-api:jar:1.1:compile
|  |  |  \- org.apache.commons:commons-vfs2:jar:2.0:compile
|  |  |     +- org.apache.maven.scm:maven-scm-api:jar:1.4:compile
|  |  |     |  \- org.codehaus.plexus:plexus-utils:jar:1.5.6:compile
|  |  |     \- org.apache.maven.scm:maven-scm-provider-svnexe:jar:1.4:compile
|  |  |        +- org.apache.maven.scm:maven-scm-provider-svn-commons:jar:1.4:compile
|  |  |        \- regexp:regexp:jar:1.3:compile
|  |  +- org.apache.cxf:cxf-rt-rs-client:jar:3.0.3:compile
|  |  |  +- org.apache.cxf:cxf-rt-transports-http:jar:3.0.3:compile
|  |  |  +- org.apache.cxf:cxf-core:jar:3.0.3:compile
|  |  |  |  +- org.codehaus.woodstox:woodstox-core-asl:jar:4.4.1:compile
|  |  |  |  |  \- org.codehaus.woodstox:stax2-api:jar:3.1.4:compile
|  |  |  |  \- org.apache.ws.xmlschema:xmlschema-core:jar:2.1.0:compile
|  |  |  \- org.apache.cxf:cxf-rt-frontend-jaxrs:jar:3.0.3:compile
|  |  |     +- javax.ws.rs:javax.ws.rs-api:jar:2.0.1:compile
|  |  |     \- javax.annotation:javax.annotation-api:jar:1.2:compile
|  |  +- org.apache.commons:commons-exec:jar:1.3:compile
|  |  +- org.apache.opennlp:opennlp-tools:jar:1.5.3:compile
|  |  |  +- org.apache.opennlp:opennlp-maxent:jar:3.0.3:compile
|  |  |  \- net.sf.jwordnet:jwnl:jar:1.3.3:compile
|  |  +- com.googlecode.json-simple:json-simple:jar:1.1.1:compile
|  |  +- org.json:json:jar:20140107:compile
|  |  +- com.google.code.gson:gson:jar:2.2.4:compile
|  |  +- edu.ucar:netcdf4:jar:4.5.5:compile
|  |  |  +- net.jcip:jcip-annotations:jar:1.0:compile
|  |  |  \- net.java.dev.jna:jna:jar:4.1.0:compile
|  |  +- edu.ucar:grib:jar:4.5.5:compile
|  |  |  +- com.google.protobuf:protobuf-java:jar:2.5.0:compile
|  |  |  +- org.jdom:jdom2:jar:2.0.4:compile
|  |  |  +- edu.ucar:jj2000:jar:5.2:compile
|  |  |  \- org.itadaki:bzip2:jar:0.9.1:compile
|  |  +- edu.ucar:cdm:jar:4.5.5:compile
|  |  |  +- edu.ucar:udunits:jar:4.5.5:compile
|  |  |  +- joda-time:joda-time:jar:2.2:compile
|  |  |  +- org.quartz-scheduler:quartz:jar:2.2.0:compile
|  |  |  |  \- c3p0:c3p0:jar:0.9.1.1:compile
|  |  |  +- net.sf.ehcache:ehcache-core:jar:2.6.2:compile
|  |  |  +- com.google.guava:guava:jar:17.0:compile
|  |  |  \- com.beust:jcommander:jar:1.35:compile
|  |  +- edu.ucar:httpservices:jar:4.5.5:compile
|  |  +- org.apache.commons:commons-csv:jar:1.0:compile
|  |  +- org.apache.sis.core:sis-utility:jar:0.6:compile
|  |  +- org.apache.sis.storage:sis-netcdf:jar:0.6:compile
|  |  |  +- org.apache.sis.storage:sis-storage:jar:0.6:compile
|  |  |  \- org.apache.sis.core:sis-referencing:jar:0.6:compile
|  |  +- org.apache.sis.core:sis-metadata:jar:0.6:compile
|  |  +- org.opengis:geoapi:jar:3.0.0:compile
|  |  |  \- javax.measure:jsr-275:jar:0.9.3:compile
|  |  \- com.fasterxml.jackson.core:jackson-core:jar:2.8.1:compile
|  +- com.thoughtworks.xstream:xstream:jar:1.4.9:compile
|  +- xmlpull:xmlpull:jar:1.1.3.1:compile
|  +- xpp3:xpp3_min:jar:1.1.4c:compile
|  +- xalan:xalan:jar:2.7.2:compile
|  +- xalan:serializer:jar:2.7.2:compile
|  +- xerces:xercesImpl:jar:2.11.0:compile
|  +- xml-apis:xml-apis:jar:1.4.01:compile
|  +- org.apache.xmlgraphics:xmlgraphics-commons:jar:2.1:compile
|  +- javax.mail:mail:jar:1.5.0-b01:compile
|  |  \- javax.activation:activation:jar:1.1:compile
|  +- org.apache.geronimo.specs:geronimo-jms_1.1_spec:jar:1.1.1:compile
|  +- com.jayway.jsonpath:json-path:jar:2.2.0:compile
|  +- net.minidev:json-smart:jar:2.2.1:compile
|  +- org.jsoup:jsoup:jar:1.10.1:compile
|  +- org.jodd:jodd-core:jar:3.7.1:compile
|  +- org.jodd:jodd-lagarto:jar:3.7.1:compile
|  +- org.jodd:jodd-log:jar:3.7.1:compile
|  +- org.jodd:jodd-props:jar:3.7.1:compile
|  +- org.mongodb:mongo-java-driver:jar:2.11.3:compile
|  +- com.helger:ph-css:jar:4.1.6:compile
|  +- com.helger:ph-commons:jar:6.2.4:compile
|  |  \- com.google.code.findbugs:annotations:jar:2.0.3:compile
|  +- com.fifesoft:rsyntaxtextarea:jar:2.6.0:compile
|  +- org.slf4j:slf4j-api:jar:1.7.21:compile
|  +- org.freemarker:freemarker:jar:2.3.23:compile
|  \- org.hamcrest:hamcrest-core:jar:1.3:compile
+- org.apache.jmeter:ApacheJMeter_core:jar:3.1:compile
+- org.apache.jmeter:ApacheJMeter_ftp:jar:3.1:compile
+- org.apache.jmeter:ApacheJMeter_functions:jar:3.1:compile
+- org.apache.jmeter:ApacheJMeter:jar:3.1:compile
+- org.apache.jmeter:ApacheJMeter_http:jar:3.1:compile
+- org.apache.jmeter:ApacheJMeter_java:jar:3.1:compile
+- org.apache.jmeter:ApacheJMeter_jdbc:jar:3.1:compile
+- org.apache.jmeter:ApacheJMeter_jms:jar:3.1:compile
+- org.apache.jmeter:ApacheJMeter_junit:jar:3.1:compile
+- org.apache.jmeter:ApacheJMeter_ldap:jar:3.1:compile
+- org.apache.jmeter:ApacheJMeter_mail:jar:3.1:compile
+- org.apache.jmeter:ApacheJMeter_mongodb:jar:3.1:compile
+- org.apache.jmeter:ApacheJMeter_native:jar:3.1:compile
\- org.apache.jmeter:ApacheJMeter_tcp:jar:3.1:compile
