2019-02-05 16:54:12,549 INFO o.a.j.u.JMeterUtils: Setting Locale to en_EN
2019-02-05 16:54:12,569 INFO o.a.j.JMeter: Loading user properties from: user.properties
2019-02-05 16:54:12,570 INFO o.a.j.JMeter: Loading system properties from: system.properties
2019-02-05 16:54:12,578 INFO o.a.j.JMeter: Copyright (c) 1998-2019 The Apache Software Foundation
2019-02-05 16:54:12,578 INFO o.a.j.JMeter: Version r1852962
2019-02-05 16:54:12,579 INFO o.a.j.JMeter: java.version=1.8.0_101
2019-02-05 16:54:12,579 INFO o.a.j.JMeter: java.vm.name=Java HotSpot(TM) 64-Bit Server VM
2019-02-05 16:54:12,579 INFO o.a.j.JMeter: os.name=Windows 10
2019-02-05 16:54:12,579 INFO o.a.j.JMeter: os.arch=amd64
2019-02-05 16:54:12,579 INFO o.a.j.JMeter: os.version=10.0
2019-02-05 16:54:12,579 INFO o.a.j.JMeter: file.encoding=Cp1251
2019-02-05 16:54:12,579 INFO o.a.j.JMeter: java.awt.headless=null
2019-02-05 16:54:12,579 INFO o.a.j.JMeter: Max memory     =1073741824
2019-02-05 16:54:12,579 INFO o.a.j.JMeter: Available Processors =4
2019-02-05 16:54:12,588 INFO o.a.j.JMeter: Default Locale=English (EN)
2019-02-05 16:54:12,588 INFO o.a.j.JMeter: JMeter  Locale=English (EN)
2019-02-05 16:54:12,588 INFO o.a.j.JMeter: JMeterHome=C:\Users\User\Documents\LP\PLA\R24\apache-jmeter-test\apache-jmeter-r1852962
2019-02-05 16:54:12,588 INFO o.a.j.JMeter: user.dir  =C:\Users\User\Documents\LP\PLA\R24\apache-jmeter-test\apache-jmeter-r1852962\bin
2019-02-05 16:54:12,589 INFO o.a.j.JMeter: PWD       =C:\Users\User\Documents\LP\PLA\R24\apache-jmeter-test\apache-jmeter-r1852962\bin
2019-02-05 16:54:21,626 INFO o.a.j.JMeter: IP: 169.254.117.232 Name: WS034 FullName: 169.254.117.232
2019-02-05 16:54:21,982 INFO o.a.j.g.a.LookAndFeelCommand: Installing Darcula LAF
2019-02-05 16:54:22,017 INFO o.a.j.g.a.LookAndFeelCommand: Using look and feel: javax.swing.plaf.metal.MetalLookAndFeel [Darcula]
2019-02-05 16:54:22,017 INFO o.a.j.JMeter: Setting LAF to: javax.swing.plaf.metal.MetalLookAndFeel
2019-02-05 16:54:22,022 INFO o.a.j.JMeter: Loaded icon properties from org/apache/jmeter/images/icon.properties
2019-02-05 16:54:22,718 INFO o.a.j.e.u.CompoundVariable: Note: Function class names must contain the string: '.functions.'
2019-02-05 16:54:22,718 INFO o.a.j.e.u.CompoundVariable: Note: Function class names must not contain the string: '.gui.'
2019-02-05 16:54:25,147 INFO o.a.j.p.h.s.HTTPSamplerBase: Parser for text/html is org.apache.jmeter.protocol.http.parser.LagartoBasedHtmlParser
2019-02-05 16:54:25,148 INFO o.a.j.p.h.s.HTTPSamplerBase: Parser for application/xhtml+xml is org.apache.jmeter.protocol.http.parser.LagartoBasedHtmlParser
2019-02-05 16:54:25,148 INFO o.a.j.p.h.s.HTTPSamplerBase: Parser for application/xml is org.apache.jmeter.protocol.http.parser.LagartoBasedHtmlParser
2019-02-05 16:54:25,148 INFO o.a.j.p.h.s.HTTPSamplerBase: Parser for text/xml is org.apache.jmeter.protocol.http.parser.LagartoBasedHtmlParser
2019-02-05 16:54:25,148 INFO o.a.j.p.h.s.HTTPSamplerBase: Parser for text/vnd.wap.wml is org.apache.jmeter.protocol.http.parser.RegexpHTMLParser
2019-02-05 16:54:25,148 INFO o.a.j.p.h.s.HTTPSamplerBase: Parser for text/css is org.apache.jmeter.protocol.http.parser.CssParser
2019-02-05 16:54:25,363 INFO o.a.j.e.KeyToolUtils: Exception checking for keytool existence, will return false, try another way.
2019-02-05 16:54:25,558 INFO o.a.j.e.KeyToolUtils: keytool found at 'C:\Program Files\Java\jre1.8.0_101\bin\keytool'
2019-02-05 16:54:25,559 INFO o.a.j.p.h.p.ProxyControl: HTTP(S) Test Script Recorder SSL Proxy will use keys that support embedded 3rd party resources in file C:\Users\User\Documents\LP\PLA\R24\apache-jmeter-test\apache-jmeter-r1852962\bin\proxyserver.jks
2019-02-05 16:54:25,754 INFO o.a.j.s.FileServer: Default base='C:\Users\User\Documents\LP\PLA\R24\apache-jmeter-test\apache-jmeter-r1852962\bin'
2019-02-05 16:54:26,756 INFO o.a.j.s.SampleResult: Note: Sample TimeStamps are START times
2019-02-05 16:54:26,757 INFO o.a.j.s.SampleResult: sampleresult.default.encoding is set to ISO-8859-1
2019-02-05 16:54:26,757 INFO o.a.j.s.SampleResult: sampleresult.useNanoTime=true
2019-02-05 16:54:26,757 INFO o.a.j.s.SampleResult: sampleresult.nanoThreadSleep=5000
2019-02-05 16:55:38,366 INFO o.a.j.s.SaveService: Testplan (JMX) version: 2.2. Testlog (JTL) version: 2.2
2019-02-05 16:55:38,395 INFO o.a.j.s.SaveService: Using SaveService properties file encoding UTF-8
2019-02-05 16:55:38,397 INFO o.a.j.s.SaveService: Using SaveService properties version 5.0
2019-02-05 16:56:03,901 WARN o.a.j.r.ResultCollector: Failed to load C:\Users\User\Documents\LP\PLA\R24\jtls_and_more_5000_04.02\sample_2019.jtl using XStream. Error was: com.thoughtworks.xstream.converters.ConversionException: 
---- Debugging information ----
cause-exception     : com.thoughtworks.xstream.io.StreamException
cause-message       : 
class               : org.apache.jmeter.save.TestResultWrapper
required-type       : org.apache.jmeter.save.TestResultWrapper
converter-type      : org.apache.jmeter.save.converters.TestResultWrapperConverter
line number         : 2135954
version             : r1852962
-------------------------------
