2012/03/07 07:34:32 INFO  - jmeter.util.JMeterUtils: Setting Locale to en_US 
2012/03/07 07:34:32 INFO  - jmeter.JMeter: Loading user properties from: /home/tester1/jakarta-jmeter-2.5.1/bin/user.properties 
2012/03/07 07:34:32 INFO  - jmeter.JMeter: Loading system properties from: /home/tester1/jakarta-jmeter-2.5.1/bin/system.properties 
2012/03/07 07:34:32 INFO  - jmeter.JMeter: Setting System property: server_port=1099 
2012/03/07 07:34:32 INFO  - jmeter.JMeter: Copyright (c) 1998-2011 The Apache Software Foundation 
2012/03/07 07:34:32 INFO  - jmeter.JMeter: Version 2.5.1 r1177103 
2012/03/07 07:34:32 INFO  - jmeter.JMeter: java.version=1.6.0_22 
2012/03/07 07:34:32 INFO  - jmeter.JMeter: java.vm.name=OpenJDK Server VM 
2012/03/07 07:34:32 INFO  - jmeter.JMeter: os.name=Linux 
2012/03/07 07:34:32 INFO  - jmeter.JMeter: os.arch=i386 
2012/03/07 07:34:32 INFO  - jmeter.JMeter: os.version=2.6.41.10-3.fc15.i686 
2012/03/07 07:34:32 INFO  - jmeter.JMeter: file.encoding=UTF-8 
2012/03/07 07:34:32 INFO  - jmeter.JMeter: Default Locale=English (United States) 
2012/03/07 07:34:32 INFO  - jmeter.JMeter: JMeter  Locale=English (United States) 
2012/03/07 07:34:32 INFO  - jmeter.JMeter: JMeterHome=/home/tester1/jakarta-jmeter-2.5.1 
2012/03/07 07:34:32 INFO  - jmeter.JMeter: user.dir  =/home/tester1/jakarta-jmeter-2.5.1/bin 
2012/03/07 07:34:32 INFO  - jmeter.JMeter: PWD       =/home/tester1/jakarta-jmeter-2.5.1/bin 
2012/03/07 07:34:32 INFO  - jmeter.JMeter: IP: <IP_Adress2> Name: <ServerName2> FullName: <ServerName2> 
2012/03/07 07:34:32 INFO  - jmeter.engine.RemoteJMeterEngineImpl: Starting backing engine on 1099 
2012/03/07 07:34:32 INFO  - jmeter.engine.RemoteJMeterEngineImpl: IP address=<IP_Adress2> 
2012/03/07 07:34:32 INFO  - jmeter.engine.RemoteJMeterEngineImpl: Creating RMI registry (server.rmi.create=true) 
2012/03/07 07:34:32 INFO  - jmeter.engine.RemoteJMeterEngineImpl: Bound to registry on port 1099 
2012/03/07 07:36:09 INFO  - jmeter.protocol.http.sampler.HTTPSamplerBase: Cannot find .className property for htmlParser, using default 
2012/03/07 07:36:09 INFO  - jmeter.protocol.http.sampler.HTTPSamplerBase: Parser for text/html is  
2012/03/07 07:36:09 INFO  - jmeter.protocol.http.sampler.HTTPSamplerBase: Parser for application/xhtml+xml is  
2012/03/07 07:36:09 INFO  - jmeter.protocol.http.sampler.HTTPSamplerBase: Parser for application/xml is  
2012/03/07 07:36:09 INFO  - jmeter.protocol.http.sampler.HTTPSamplerBase: Parser for text/xml is  
2012/03/07 07:36:09 INFO  - jmeter.protocol.http.sampler.HTTPSamplerBase: Parser for text/vnd.wap.wml is org.apache.jmeter.protocol.http.parser.RegexpHTMLParser 
2012/03/07 07:36:09 INFO  - jmeter.protocol.http.sampler.HTTPSamplerBase: Reuse SSL session context on subsequent iterations: true 
2012/03/07 07:36:09 INFO  - jmeter.protocol.http.control.CookieManager: Settings: Delete null: true Check: true Allow variable: true Save: false Prefix: COOKIE_ 
2012/03/07 07:36:09 INFO  - jmeter.samplers.StandardSampleSender: Using Standard Remote Sampler for this test run 
2012/03/07 07:36:09 INFO  - jmeter.engine.RemoteJMeterEngineImpl: Creating JMeter engine on host <IP_Adress2> base '.' 
2012/03/07 07:36:09 INFO  - jmeter.engine.StandardJMeterEngine: Listeners will be started after enabling running version 
2012/03/07 07:36:09 INFO  - jmeter.engine.StandardJMeterEngine: To revert to the earlier behaviour, define jmeterengine.startlistenerslater=false 
2012/03/07 07:36:09 INFO  - jmeter.services.FileServer: Default base='/home/tester1/jakarta-jmeter-2.5.1/bin' 
2012/03/07 07:36:09 INFO  - jmeter.services.FileServer: Set new base='.' 
2012/03/07 07:36:09 INFO  - jmeter.engine.RemoteJMeterEngineImpl: Running test 
2012/03/07 07:36:09 INFO  - jmeter.engine.StandardJMeterEngine: Running the test! 
2012/03/07 07:36:09 INFO  - jmeter.engine.util.CompoundVariable: Note: Function class names must contain the string: '.functions.' 
2012/03/07 07:36:09 INFO  - jmeter.engine.util.CompoundVariable: Note: Function class names must not contain the string: '.gui.' 
2012/03/07 07:36:10 INFO  - jmeter.engine.StandardJMeterEngine: Starting 12 threads for group 001_UM_Stay_Fragment1. 
2012/03/07 07:36:10 INFO  - jmeter.engine.StandardJMeterEngine: Thread will continue on error 
2012/03/07 07:36:10 INFO  - jmeter.threads.JMeterThread: jmeterthread.startearlier=true (see jmeter.properties) 
2012/03/07 07:36:10 INFO  - jmeter.threads.JMeterThread: Running PostProcessors in forward order 
2012/03/07 07:36:10 INFO  - jmeter.control.IncludeController: loadIncludedElements -- try to load included module: /home/tester1/workspace/BCBSLA/ForMultiTestPlans/001_UM_Stay_Fragment1.jmx 
2012/03/07 07:36:10 INFO  - jmeter.save.SaveService: Testplan (JMX) version: 2.2. Testlog (JTL) version: 2.2 
2012/03/07 07:36:10 INFO  - jmeter.save.SaveService: Using SaveService properties file encoding UTF-8 
2012/03/07 07:36:10 INFO  - jmeter.save.SaveService: Using SaveService properties file version 1050447 
2012/03/07 07:36:10 INFO  - jmeter.save.SaveService: Using SaveService properties version 2.1 
2012/03/07 07:36:10 INFO  - jmeter.save.SaveService: All converter versions present and correct 
2012/03/07 07:36:10 INFO  - jmeter.control.IncludeController: loadIncludedElements -- try to load included module: /home/tester1/workspace/BCBSLA/ForMultiTestPlans/001_UM_Stay_Fragment1.jmx 
2012/03/07 07:36:11 INFO  - jmeter.samplers.SampleResult: Note: Sample TimeStamps are START times 
2012/03/07 07:36:11 INFO  - jmeter.samplers.SampleResult: sampleresult.default.encoding is set to ISO-8859-1 
2012/03/07 07:36:11 INFO  - jmeter.samplers.SampleResult: sampleresult.useNanoTime=true 
2012/03/07 07:36:11 INFO  - jmeter.threads.JMeterThread: Thread started: 001_UM_Stay_Fragment1 1-1 
2012/03/07 07:36:11 INFO  - jmeter.services.FileServer: Stored: 001_MemberID_users_load.csv 
2012/03/07 07:36:11 ERROR - jmeter.threads.JMeterThread: Test failed! java.lang.IllegalArgumentException: Could not read file header line
	at org.apache.jmeter.services.FileServer.reserveFile(FileServer.java:269)
	at org.apache.jmeter.config.CSVDataSet.iterationStart(CSVDataSet.java:123)
	at org.apache.jmeter.control.GenericController.fireIterationStart(GenericController.java:368)
	at org.apache.jmeter.control.GenericController.fireIterEvents(GenericController.java:358)
	at org.apache.jmeter.control.GenericController.next(GenericController.java:130)
	at org.apache.jmeter.control.GenericController.nextIsAController(GenericController.java:186)
	at org.apache.jmeter.control.GenericController.next(GenericController.java:148)
	at org.apache.jmeter.control.LoopController.next(LoopController.java:108)
	at org.apache.jmeter.threads.AbstractThreadGroup.next(AbstractThreadGroup.java:75)
	at org.apache.jmeter.threads.JMeterThread.run(JMeterThread.java:268)
	at java.lang.Thread.run(Thread.java:679)
Caused by: java.io.FileNotFoundException: ./001_MemberID_users_load.csv (No such file or directory)
	at java.io.FileInputStream.open(Native Method)
	at java.io.FileInputStream.<init>(FileInputStream.java:137)
	at org.apache.jmeter.services.FileServer.createBufferedReader(FileServer.java:335)
	at org.apache.jmeter.services.FileServer.readLine(FileServer.java:312)
	at org.apache.jmeter.services.FileServer.readLine(FileServer.java:296)
	at org.apache.jmeter.services.FileServer.reserveFile(FileServer.java:267)
	... 10 more

2012/03/07 07:36:11 INFO  - jmeter.threads.JMeterThread: Thread finished: 001_UM_Stay_Fragment1 1-1 
2012/03/07 07:36:11 INFO  - jmeter.engine.StandardJMeterEngine: Ending thread 001_UM_Stay_Fragment1 1-1 
2012/03/07 07:36:11 INFO  - jmeter.control.IncludeController: loadIncludedElements -- try to load included module: /home/tester1/workspace/BCBSLA/ForMultiTestPlans/001_UM_Stay_Fragment1.jmx 
2012/03/07 07:36:11 INFO  - jmeter.control.IncludeController: loadIncludedElements -- try to load included module: /home/tester1/workspace/BCBSLA/ForMultiTestPlans/001_UM_Stay_Fragment1.jmx 
2012/03/07 07:36:11 INFO  - jmeter.control.IncludeController: loadIncludedElements -- try to load included module: /home/tester1/workspace/BCBSLA/ForMultiTestPlans/001_UM_Stay_Fragment1.jmx 
2012/03/07 07:36:11 INFO  - jmeter.control.IncludeController: loadIncludedElements -- try to load included module: /home/tester1/workspace/BCBSLA/ForMultiTestPlans/001_UM_Stay_Fragment1.jmx 
2012/03/07 07:36:11 INFO  - jmeter.control.IncludeController: loadIncludedElements -- try to load included module: /home/tester1/workspace/BCBSLA/ForMultiTestPlans/001_UM_Stay_Fragment1.jmx 
2012/03/07 07:36:11 INFO  - jmeter.control.IncludeController: loadIncludedElements -- try to load included module: /home/tester1/workspace/BCBSLA/ForMultiTestPlans/001_UM_Stay_Fragment1.jmx 
2012/03/07 07:36:11 INFO  - jmeter.control.IncludeController: loadIncludedElements -- try to load included module: /home/tester1/workspace/BCBSLA/ForMultiTestPlans/001_UM_Stay_Fragment1.jmx 
2012/03/07 07:36:11 INFO  - jmeter.control.IncludeController: loadIncludedElements -- try to load included module: /home/tester1/workspace/BCBSLA/ForMultiTestPlans/001_UM_Stay_Fragment1.jmx 
2012/03/07 07:36:11 INFO  - jmeter.control.IncludeController: loadIncludedElements -- try to load included module: /home/tester1/workspace/BCBSLA/ForMultiTestPlans/001_UM_Stay_Fragment1.jmx 
2012/03/07 07:36:12 INFO  - jmeter.control.IncludeController: loadIncludedElements -- try to load included module: /home/tester1/workspace/BCBSLA/ForMultiTestPlans/001_UM_Stay_Fragment1.jmx 
2012/03/07 07:36:12 INFO  - jmeter.engine.StandardJMeterEngine: Starting 11 threads for group 002_UM_OP_Fragment. 
2012/03/07 07:36:12 INFO  - jmeter.engine.StandardJMeterEngine: Thread will continue on error 
2012/03/07 07:36:12 INFO  - jmeter.control.IncludeController: loadIncludedElements -- try to load included module: /home/tester1/workspace/BCBSLA/ForMultiTestPlans/002_UM_OP_Fragment.jmx 
2012/03/07 07:36:12 INFO  - jmeter.control.IncludeController: loadIncludedElements -- try to load included module: /home/tester1/workspace/BCBSLA/ForMultiTestPlans/002_UM_OP_Fragment.jmx 
2012/03/07 07:36:12 INFO  - jmeter.threads.JMeterThread: Thread started: 002_UM_OP_Fragment 2-1 
2012/03/07 07:36:12 INFO  - jmeter.services.FileServer: Stored: 002_UM_OP.csv 
2012/03/07 07:36:12 ERROR - jmeter.threads.JMeterThread: Test failed! java.lang.IllegalArgumentException: Could not read file header line
	at org.apache.jmeter.services.FileServer.reserveFile(FileServer.java:269)
	at org.apache.jmeter.config.CSVDataSet.iterationStart(CSVDataSet.java:123)
	at org.apache.jmeter.control.GenericController.fireIterationStart(GenericController.java:368)
	at org.apache.jmeter.control.GenericController.fireIterEvents(GenericController.java:358)
	at org.apache.jmeter.control.GenericController.next(GenericController.java:130)
	at org.apache.jmeter.control.GenericController.nextIsAController(GenericController.java:186)
	at org.apache.jmeter.control.GenericController.next(GenericController.java:148)
	at org.apache.jmeter.control.LoopController.next(LoopController.java:108)
	at org.apache.jmeter.threads.AbstractThreadGroup.next(AbstractThreadGroup.java:75)
	at org.apache.jmeter.threads.JMeterThread.run(JMeterThread.java:268)
	at java.lang.Thread.run(Thread.java:679)
Caused by: java.io.FileNotFoundException: ./002_UM_OP.csv (No such file or directory)
	at java.io.FileInputStream.open(Native Method)
	at java.io.FileInputStream.<init>(FileInputStream.java:137)
	at org.apache.jmeter.services.FileServer.createBufferedReader(FileServer.java:335)
	at org.apache.jmeter.services.FileServer.readLine(FileServer.java:312)
	at org.apache.jmeter.services.FileServer.readLine(FileServer.java:296)
	at org.apache.jmeter.services.FileServer.reserveFile(FileServer.java:267)
	... 10 more

2012/03/07 07:36:12 INFO  - jmeter.threads.JMeterThread: Thread finished: 002_UM_OP_Fragment 2-1 
2012/03/07 07:36:12 INFO  - jmeter.engine.StandardJMeterEngine: Ending thread 002_UM_OP_Fragment 2-1 
2012/03/07 07:36:12 INFO  - jmeter.control.IncludeController: loadIncludedElements -- try to load included module: /home/tester1/workspace/BCBSLA/ForMultiTestPlans/002_UM_OP_Fragment.jmx 
2012/03/07 07:36:12 INFO  - jmeter.control.IncludeController: loadIncludedElements -- try to load included module: /home/tester1/workspace/BCBSLA/ForMultiTestPlans/002_UM_OP_Fragment.jmx 
2012/03/07 07:36:12 INFO  - jmeter.control.IncludeController: loadIncludedElements -- try to load included module: /home/tester1/workspace/BCBSLA/ForMultiTestPlans/002_UM_OP_Fragment.jmx 
2012/03/07 07:36:12 INFO  - jmeter.control.IncludeController: loadIncludedElements -- try to load included module: /home/tester1/workspace/BCBSLA/ForMultiTestPlans/002_UM_OP_Fragment.jmx 
2012/03/07 07:36:12 INFO  - jmeter.control.IncludeController: loadIncludedElements -- try to load included module: /home/tester1/workspace/BCBSLA/ForMultiTestPlans/002_UM_OP_Fragment.jmx 
2012/03/07 07:36:12 INFO  - jmeter.control.IncludeController: loadIncludedElements -- try to load included module: /home/tester1/workspace/BCBSLA/ForMultiTestPlans/002_UM_OP_Fragment.jmx 
2012/03/07 07:36:12 INFO  - jmeter.control.IncludeController: loadIncludedElements -- try to load included module: /home/tester1/workspace/BCBSLA/ForMultiTestPlans/002_UM_OP_Fragment.jmx 
2012/03/07 07:36:12 INFO  - jmeter.control.IncludeController: loadIncludedElements -- try to load included module: /home/tester1/workspace/BCBSLA/ForMultiTestPlans/002_UM_OP_Fragment.jmx 
2012/03/07 07:36:12 INFO  - jmeter.control.IncludeController: loadIncludedElements -- try to load included module: /home/tester1/workspace/BCBSLA/ForMultiTestPlans/002_UM_OP_Fragment.jmx 
2012/03/07 07:36:12 INFO  - jmeter.engine.StandardJMeterEngine: All threads have been started 
2012/03/07 07:36:21 INFO  - jmeter.threads.JMeterThread: Thread started: 001_UM_Stay_Fragment1 1-2 
2012/03/07 07:36:21 ERROR - jmeter.threads.JMeterThread: Test failed! java.lang.NullPointerException
	at java.io.StringReader.<init>(StringReader.java:50)
	at org.apache.jmeter.save.CSVSaveService.csvSplitString(CSVSaveService.java:1116)
	at org.apache.jmeter.config.CSVDataSet.iterationStart(CSVDataSet.java:125)
	at org.apache.jmeter.control.GenericController.fireIterationStart(GenericController.java:368)
	at org.apache.jmeter.control.GenericController.fireIterEvents(GenericController.java:358)
	at org.apache.jmeter.control.GenericController.next(GenericController.java:130)
	at org.apache.jmeter.control.GenericController.nextIsAController(GenericController.java:186)
	at org.apache.jmeter.control.GenericController.next(GenericController.java:148)
	at org.apache.jmeter.control.LoopController.next(LoopController.java:108)
	at org.apache.jmeter.threads.AbstractThreadGroup.next(AbstractThreadGroup.java:75)
	at org.apache.jmeter.threads.JMeterThread.run(JMeterThread.java:268)
	at java.lang.Thread.run(Thread.java:679)

2012/03/07 07:36:21 INFO  - jmeter.threads.JMeterThread: Thread finished: 001_UM_Stay_Fragment1 1-2 
2012/03/07 07:36:21 INFO  - jmeter.engine.StandardJMeterEngine: Ending thread 001_UM_Stay_Fragment1 1-2 
2012/03/07 07:36:23 INFO  - jmeter.threads.JMeterThread: Thread started: 002_UM_OP_Fragment 2-2 
2012/03/07 07:36:23 ERROR - jmeter.threads.JMeterThread: Test failed! java.lang.NullPointerException
	at java.io.StringReader.<init>(StringReader.java:50)
	at org.apache.jmeter.save.CSVSaveService.csvSplitString(CSVSaveService.java:1116)
	at org.apache.jmeter.config.CSVDataSet.iterationStart(CSVDataSet.java:125)
	at org.apache.jmeter.control.GenericController.fireIterationStart(GenericController.java:368)
	at org.apache.jmeter.control.GenericController.fireIterEvents(GenericController.java:358)
	at org.apache.jmeter.control.GenericController.next(GenericController.java:130)
	at org.apache.jmeter.control.GenericController.nextIsAController(GenericController.java:186)
	at org.apache.jmeter.control.GenericController.next(GenericController.java:148)
	at org.apache.jmeter.control.LoopController.next(LoopController.java:108)
	at org.apache.jmeter.threads.AbstractThreadGroup.next(AbstractThreadGroup.java:75)
	at org.apache.jmeter.threads.JMeterThread.run(JMeterThread.java:268)
	at java.lang.Thread.run(Thread.java:679)

2012/03/07 07:36:23 INFO  - jmeter.threads.JMeterThread: Thread finished: 002_UM_OP_Fragment 2-2 
2012/03/07 07:36:23 INFO  - jmeter.engine.StandardJMeterEngine: Ending thread 002_UM_OP_Fragment 2-2 
2012/03/07 07:36:31 INFO  - jmeter.threads.JMeterThread: Thread started: 001_UM_Stay_Fragment1 1-3 
2012/03/07 07:36:31 ERROR - jmeter.threads.JMeterThread: Test failed! java.lang.NullPointerException
	at java.io.StringReader.<init>(StringReader.java:50)
	at org.apache.jmeter.save.CSVSaveService.csvSplitString(CSVSaveService.java:1116)
	at org.apache.jmeter.config.CSVDataSet.iterationStart(CSVDataSet.java:125)
	at org.apache.jmeter.control.GenericController.fireIterationStart(GenericController.java:368)
	at org.apache.jmeter.control.GenericController.fireIterEvents(GenericController.java:358)
	at org.apache.jmeter.control.GenericController.next(GenericController.java:130)
	at org.apache.jmeter.control.GenericController.nextIsAController(GenericController.java:186)
	at org.apache.jmeter.control.GenericController.next(GenericController.java:148)
	at org.apache.jmeter.control.LoopController.next(LoopController.java:108)
	at org.apache.jmeter.threads.AbstractThreadGroup.next(AbstractThreadGroup.java:75)
	at org.apache.jmeter.threads.JMeterThread.run(JMeterThread.java:268)
	at java.lang.Thread.run(Thread.java:679)

2012/03/07 07:36:31 INFO  - jmeter.threads.JMeterThread: Thread finished: 001_UM_Stay_Fragment1 1-3 
2012/03/07 07:36:31 INFO  - jmeter.engine.StandardJMeterEngine: Ending thread 001_UM_Stay_Fragment1 1-3 
2012/03/07 07:36:34 INFO  - jmeter.threads.JMeterThread: Thread started: 002_UM_OP_Fragment 2-3 
2012/03/07 07:36:34 ERROR - jmeter.threads.JMeterThread: Test failed! java.lang.NullPointerException
	at java.io.StringReader.<init>(StringReader.java:50)
	at org.apache.jmeter.save.CSVSaveService.csvSplitString(CSVSaveService.java:1116)
	at org.apache.jmeter.config.CSVDataSet.iterationStart(CSVDataSet.java:125)
	at org.apache.jmeter.control.GenericController.fireIterationStart(GenericController.java:368)
	at org.apache.jmeter.control.GenericController.fireIterEvents(GenericController.java:358)
	at org.apache.jmeter.control.GenericController.next(GenericController.java:130)
	at org.apache.jmeter.control.GenericController.nextIsAController(GenericController.java:186)
	at org.apache.jmeter.control.GenericController.next(GenericController.java:148)
	at org.apache.jmeter.control.LoopController.next(LoopController.java:108)
	at org.apache.jmeter.threads.AbstractThreadGroup.next(AbstractThreadGroup.java:75)
	at org.apache.jmeter.threads.JMeterThread.run(JMeterThread.java:268)
	at java.lang.Thread.run(Thread.java:679)

2012/03/07 07:36:34 INFO  - jmeter.threads.JMeterThread: Thread finished: 002_UM_OP_Fragment 2-3 
2012/03/07 07:36:34 INFO  - jmeter.engine.StandardJMeterEngine: Ending thread 002_UM_OP_Fragment 2-3 
2012/03/07 07:36:41 INFO  - jmeter.threads.JMeterThread: Thread started: 001_UM_Stay_Fragment1 1-4 
2012/03/07 07:36:41 ERROR - jmeter.threads.JMeterThread: Test failed! java.lang.NullPointerException
	at java.io.StringReader.<init>(StringReader.java:50)
	at org.apache.jmeter.save.CSVSaveService.csvSplitString(CSVSaveService.java:1116)
	at org.apache.jmeter.config.CSVDataSet.iterationStart(CSVDataSet.java:125)
	at org.apache.jmeter.control.GenericController.fireIterationStart(GenericController.java:368)
	at org.apache.jmeter.control.GenericController.fireIterEvents(GenericController.java:358)
	at org.apache.jmeter.control.GenericController.next(GenericController.java:130)
	at org.apache.jmeter.control.GenericController.nextIsAController(GenericController.java:186)
	at org.apache.jmeter.control.GenericController.next(GenericController.java:148)
	at org.apache.jmeter.control.LoopController.next(LoopController.java:108)
	at org.apache.jmeter.threads.AbstractThreadGroup.next(AbstractThreadGroup.java:75)
	at org.apache.jmeter.threads.JMeterThread.run(JMeterThread.java:268)
	at java.lang.Thread.run(Thread.java:679)

2012/03/07 07:36:41 INFO  - jmeter.threads.JMeterThread: Thread finished: 001_UM_Stay_Fragment1 1-4 
2012/03/07 07:36:41 INFO  - jmeter.engine.StandardJMeterEngine: Ending thread 001_UM_Stay_Fragment1 1-4 
2012/03/07 07:36:45 INFO  - jmeter.threads.JMeterThread: Thread started: 002_UM_OP_Fragment 2-4 
2012/03/07 07:36:45 ERROR - jmeter.threads.JMeterThread: Test failed! java.lang.NullPointerException
	at java.io.StringReader.<init>(StringReader.java:50)
	at org.apache.jmeter.save.CSVSaveService.csvSplitString(CSVSaveService.java:1116)
	at org.apache.jmeter.config.CSVDataSet.iterationStart(CSVDataSet.java:125)
	at org.apache.jmeter.control.GenericController.fireIterationStart(GenericController.java:368)
	at org.apache.jmeter.control.GenericController.fireIterEvents(GenericController.java:358)
	at org.apache.jmeter.control.GenericController.next(GenericController.java:130)
	at org.apache.jmeter.control.GenericController.nextIsAController(GenericController.java:186)
	at org.apache.jmeter.control.GenericController.next(GenericController.java:148)
	at org.apache.jmeter.control.LoopController.next(LoopController.java:108)
	at org.apache.jmeter.threads.AbstractThreadGroup.next(AbstractThreadGroup.java:75)
	at org.apache.jmeter.threads.JMeterThread.run(JMeterThread.java:268)
	at java.lang.Thread.run(Thread.java:679)

2012/03/07 07:36:45 INFO  - jmeter.threads.JMeterThread: Thread finished: 002_UM_OP_Fragment 2-4 
2012/03/07 07:36:45 INFO  - jmeter.engine.StandardJMeterEngine: Ending thread 002_UM_OP_Fragment 2-4 
2012/03/07 07:36:51 INFO  - jmeter.threads.JMeterThread: Thread started: 001_UM_Stay_Fragment1 1-5 
2012/03/07 07:36:51 ERROR - jmeter.threads.JMeterThread: Test failed! java.lang.NullPointerException
	at java.io.StringReader.<init>(StringReader.java:50)
	at org.apache.jmeter.save.CSVSaveService.csvSplitString(CSVSaveService.java:1116)
	at org.apache.jmeter.config.CSVDataSet.iterationStart(CSVDataSet.java:125)
	at org.apache.jmeter.control.GenericController.fireIterationStart(GenericController.java:368)
	at org.apache.jmeter.control.GenericController.fireIterEvents(GenericController.java:358)
	at org.apache.jmeter.control.GenericController.next(GenericController.java:130)
	at org.apache.jmeter.control.GenericController.nextIsAController(GenericController.java:186)
	at org.apache.jmeter.control.GenericController.next(GenericController.java:148)
	at org.apache.jmeter.control.LoopController.next(LoopController.java:108)
	at org.apache.jmeter.threads.AbstractThreadGroup.next(AbstractThreadGroup.java:75)
	at org.apache.jmeter.threads.JMeterThread.run(JMeterThread.java:268)
	at java.lang.Thread.run(Thread.java:679)

2012/03/07 07:36:51 INFO  - jmeter.threads.JMeterThread: Thread finished: 001_UM_Stay_Fragment1 1-5 
2012/03/07 07:36:51 INFO  - jmeter.engine.StandardJMeterEngine: Ending thread 001_UM_Stay_Fragment1 1-5 
2012/03/07 07:36:56 INFO  - jmeter.threads.JMeterThread: Thread started: 002_UM_OP_Fragment 2-5 
2012/03/07 07:36:56 ERROR - jmeter.threads.JMeterThread: Test failed! java.lang.NullPointerException
	at java.io.StringReader.<init>(StringReader.java:50)
	at org.apache.jmeter.save.CSVSaveService.csvSplitString(CSVSaveService.java:1116)
	at org.apache.jmeter.config.CSVDataSet.iterationStart(CSVDataSet.java:125)
	at org.apache.jmeter.control.GenericController.fireIterationStart(GenericController.java:368)
	at org.apache.jmeter.control.GenericController.fireIterEvents(GenericController.java:358)
	at org.apache.jmeter.control.GenericController.next(GenericController.java:130)
	at org.apache.jmeter.control.GenericController.nextIsAController(GenericController.java:186)
	at org.apache.jmeter.control.GenericController.next(GenericController.java:148)
	at org.apache.jmeter.control.LoopController.next(LoopController.java:108)
	at org.apache.jmeter.threads.AbstractThreadGroup.next(AbstractThreadGroup.java:75)
	at org.apache.jmeter.threads.JMeterThread.run(JMeterThread.java:268)
	at java.lang.Thread.run(Thread.java:679)

2012/03/07 07:36:56 INFO  - jmeter.threads.JMeterThread: Thread finished: 002_UM_OP_Fragment 2-5 
2012/03/07 07:36:56 INFO  - jmeter.engine.StandardJMeterEngine: Ending thread 002_UM_OP_Fragment 2-5 
2012/03/07 07:37:01 INFO  - jmeter.threads.JMeterThread: Thread started: 001_UM_Stay_Fragment1 1-6 
2012/03/07 07:37:01 ERROR - jmeter.threads.JMeterThread: Test failed! java.lang.NullPointerException
	at java.io.StringReader.<init>(StringReader.java:50)
	at org.apache.jmeter.save.CSVSaveService.csvSplitString(CSVSaveService.java:1116)
	at org.apache.jmeter.config.CSVDataSet.iterationStart(CSVDataSet.java:125)
	at org.apache.jmeter.control.GenericController.fireIterationStart(GenericController.java:368)
	at org.apache.jmeter.control.GenericController.fireIterEvents(GenericController.java:358)
	at org.apache.jmeter.control.GenericController.next(GenericController.java:130)
	at org.apache.jmeter.control.GenericController.nextIsAController(GenericController.java:186)
	at org.apache.jmeter.control.GenericController.next(GenericController.java:148)
	at org.apache.jmeter.control.LoopController.next(LoopController.java:108)
	at org.apache.jmeter.threads.AbstractThreadGroup.next(AbstractThreadGroup.java:75)
	at org.apache.jmeter.threads.JMeterThread.run(JMeterThread.java:268)
	at java.lang.Thread.run(Thread.java:679)

2012/03/07 07:37:01 INFO  - jmeter.threads.JMeterThread: Thread finished: 001_UM_Stay_Fragment1 1-6 
2012/03/07 07:37:01 INFO  - jmeter.engine.StandardJMeterEngine: Ending thread 001_UM_Stay_Fragment1 1-6 
2012/03/07 07:37:07 INFO  - jmeter.threads.JMeterThread: Thread started: 002_UM_OP_Fragment 2-6 
2012/03/07 07:37:07 ERROR - jmeter.threads.JMeterThread: Test failed! java.lang.NullPointerException
	at java.io.StringReader.<init>(StringReader.java:50)
	at org.apache.jmeter.save.CSVSaveService.csvSplitString(CSVSaveService.java:1116)
	at org.apache.jmeter.config.CSVDataSet.iterationStart(CSVDataSet.java:125)
	at org.apache.jmeter.control.GenericController.fireIterationStart(GenericController.java:368)
	at org.apache.jmeter.control.GenericController.fireIterEvents(GenericController.java:358)
	at org.apache.jmeter.control.GenericController.next(GenericController.java:130)
	at org.apache.jmeter.control.GenericController.nextIsAController(GenericController.java:186)
	at org.apache.jmeter.control.GenericController.next(GenericController.java:148)
	at org.apache.jmeter.control.LoopController.next(LoopController.java:108)
	at org.apache.jmeter.threads.AbstractThreadGroup.next(AbstractThreadGroup.java:75)
	at org.apache.jmeter.threads.JMeterThread.run(JMeterThread.java:268)
	at java.lang.Thread.run(Thread.java:679)

2012/03/07 07:37:07 INFO  - jmeter.threads.JMeterThread: Thread finished: 002_UM_OP_Fragment 2-6 
2012/03/07 07:37:07 INFO  - jmeter.engine.StandardJMeterEngine: Ending thread 002_UM_OP_Fragment 2-6 
2012/03/07 07:37:11 INFO  - jmeter.threads.JMeterThread: Thread started: 001_UM_Stay_Fragment1 1-7 
2012/03/07 07:37:11 ERROR - jmeter.threads.JMeterThread: Test failed! java.lang.NullPointerException
	at java.io.StringReader.<init>(StringReader.java:50)
	at org.apache.jmeter.save.CSVSaveService.csvSplitString(CSVSaveService.java:1116)
	at org.apache.jmeter.config.CSVDataSet.iterationStart(CSVDataSet.java:125)
	at org.apache.jmeter.control.GenericController.fireIterationStart(GenericController.java:368)
	at org.apache.jmeter.control.GenericController.fireIterEvents(GenericController.java:358)
	at org.apache.jmeter.control.GenericController.next(GenericController.java:130)
	at org.apache.jmeter.control.GenericController.nextIsAController(GenericController.java:186)
	at org.apache.jmeter.control.GenericController.next(GenericController.java:148)
	at org.apache.jmeter.control.LoopController.next(LoopController.java:108)
	at org.apache.jmeter.threads.AbstractThreadGroup.next(AbstractThreadGroup.java:75)
	at org.apache.jmeter.threads.JMeterThread.run(JMeterThread.java:268)
	at java.lang.Thread.run(Thread.java:679)

2012/03/07 07:37:11 INFO  - jmeter.threads.JMeterThread: Thread finished: 001_UM_Stay_Fragment1 1-7 
2012/03/07 07:37:11 INFO  - jmeter.engine.StandardJMeterEngine: Ending thread 001_UM_Stay_Fragment1 1-7 
2012/03/07 07:37:18 INFO  - jmeter.threads.JMeterThread: Thread started: 002_UM_OP_Fragment 2-7 
2012/03/07 07:37:18 ERROR - jmeter.threads.JMeterThread: Test failed! java.lang.NullPointerException
	at java.io.StringReader.<init>(StringReader.java:50)
	at org.apache.jmeter.save.CSVSaveService.csvSplitString(CSVSaveService.java:1116)
	at org.apache.jmeter.config.CSVDataSet.iterationStart(CSVDataSet.java:125)
	at org.apache.jmeter.control.GenericController.fireIterationStart(GenericController.java:368)
	at org.apache.jmeter.control.GenericController.fireIterEvents(GenericController.java:358)
	at org.apache.jmeter.control.GenericController.next(GenericController.java:130)
	at org.apache.jmeter.control.GenericController.nextIsAController(GenericController.java:186)
	at org.apache.jmeter.control.GenericController.next(GenericController.java:148)
	at org.apache.jmeter.control.LoopController.next(LoopController.java:108)
	at org.apache.jmeter.threads.AbstractThreadGroup.next(AbstractThreadGroup.java:75)
	at org.apache.jmeter.threads.JMeterThread.run(JMeterThread.java:268)
	at java.lang.Thread.run(Thread.java:679)

2012/03/07 07:37:18 INFO  - jmeter.threads.JMeterThread: Thread finished: 002_UM_OP_Fragment 2-7 
2012/03/07 07:37:18 INFO  - jmeter.engine.StandardJMeterEngine: Ending thread 002_UM_OP_Fragment 2-7 
2012/03/07 07:37:21 INFO  - jmeter.threads.JMeterThread: Thread started: 001_UM_Stay_Fragment1 1-8 
2012/03/07 07:37:21 ERROR - jmeter.threads.JMeterThread: Test failed! java.lang.NullPointerException
	at java.io.StringReader.<init>(StringReader.java:50)
	at org.apache.jmeter.save.CSVSaveService.csvSplitString(CSVSaveService.java:1116)
	at org.apache.jmeter.config.CSVDataSet.iterationStart(CSVDataSet.java:125)
	at org.apache.jmeter.control.GenericController.fireIterationStart(GenericController.java:368)
	at org.apache.jmeter.control.GenericController.fireIterEvents(GenericController.java:358)
	at org.apache.jmeter.control.GenericController.next(GenericController.java:130)
	at org.apache.jmeter.control.GenericController.nextIsAController(GenericController.java:186)
	at org.apache.jmeter.control.GenericController.next(GenericController.java:148)
	at org.apache.jmeter.control.LoopController.next(LoopController.java:108)
	at org.apache.jmeter.threads.AbstractThreadGroup.next(AbstractThreadGroup.java:75)
	at org.apache.jmeter.threads.JMeterThread.run(JMeterThread.java:268)
	at java.lang.Thread.run(Thread.java:679)

2012/03/07 07:37:21 INFO  - jmeter.threads.JMeterThread: Thread finished: 001_UM_Stay_Fragment1 1-8 
2012/03/07 07:37:21 INFO  - jmeter.engine.StandardJMeterEngine: Ending thread 001_UM_Stay_Fragment1 1-8 
2012/03/07 07:37:29 INFO  - jmeter.threads.JMeterThread: Thread started: 002_UM_OP_Fragment 2-8 
2012/03/07 07:37:29 ERROR - jmeter.threads.JMeterThread: Test failed! java.lang.NullPointerException
	at java.io.StringReader.<init>(StringReader.java:50)
	at org.apache.jmeter.save.CSVSaveService.csvSplitString(CSVSaveService.java:1116)
	at org.apache.jmeter.config.CSVDataSet.iterationStart(CSVDataSet.java:125)
	at org.apache.jmeter.control.GenericController.fireIterationStart(GenericController.java:368)
	at org.apache.jmeter.control.GenericController.fireIterEvents(GenericController.java:358)
	at org.apache.jmeter.control.GenericController.next(GenericController.java:130)
	at org.apache.jmeter.control.GenericController.nextIsAController(GenericController.java:186)
	at org.apache.jmeter.control.GenericController.next(GenericController.java:148)
	at org.apache.jmeter.control.LoopController.next(LoopController.java:108)
	at org.apache.jmeter.threads.AbstractThreadGroup.next(AbstractThreadGroup.java:75)
	at org.apache.jmeter.threads.JMeterThread.run(JMeterThread.java:268)
	at java.lang.Thread.run(Thread.java:679)

2012/03/07 07:37:29 INFO  - jmeter.threads.JMeterThread: Thread finished: 002_UM_OP_Fragment 2-8 
2012/03/07 07:37:29 INFO  - jmeter.engine.StandardJMeterEngine: Ending thread 002_UM_OP_Fragment 2-8 
2012/03/07 07:37:31 INFO  - jmeter.threads.JMeterThread: Thread started: 001_UM_Stay_Fragment1 1-9 
2012/03/07 07:37:31 ERROR - jmeter.threads.JMeterThread: Test failed! java.lang.NullPointerException
	at java.io.StringReader.<init>(StringReader.java:50)
	at org.apache.jmeter.save.CSVSaveService.csvSplitString(CSVSaveService.java:1116)
	at org.apache.jmeter.config.CSVDataSet.iterationStart(CSVDataSet.java:125)
	at org.apache.jmeter.control.GenericController.fireIterationStart(GenericController.java:368)
	at org.apache.jmeter.control.GenericController.fireIterEvents(GenericController.java:358)
	at org.apache.jmeter.control.GenericController.next(GenericController.java:130)
	at org.apache.jmeter.control.GenericController.nextIsAController(GenericController.java:186)
	at org.apache.jmeter.control.GenericController.next(GenericController.java:148)
	at org.apache.jmeter.control.LoopController.next(LoopController.java:108)
	at org.apache.jmeter.threads.AbstractThreadGroup.next(AbstractThreadGroup.java:75)
	at org.apache.jmeter.threads.JMeterThread.run(JMeterThread.java:268)
	at java.lang.Thread.run(Thread.java:679)

2012/03/07 07:37:31 INFO  - jmeter.threads.JMeterThread: Thread finished: 001_UM_Stay_Fragment1 1-9 
2012/03/07 07:37:31 INFO  - jmeter.engine.StandardJMeterEngine: Ending thread 001_UM_Stay_Fragment1 1-9 
2012/03/07 07:37:40 INFO  - jmeter.threads.JMeterThread: Thread started: 002_UM_OP_Fragment 2-9 
2012/03/07 07:37:40 ERROR - jmeter.threads.JMeterThread: Test failed! java.lang.NullPointerException
	at java.io.StringReader.<init>(StringReader.java:50)
	at org.apache.jmeter.save.CSVSaveService.csvSplitString(CSVSaveService.java:1116)
	at org.apache.jmeter.config.CSVDataSet.iterationStart(CSVDataSet.java:125)
	at org.apache.jmeter.control.GenericController.fireIterationStart(GenericController.java:368)
	at org.apache.jmeter.control.GenericController.fireIterEvents(GenericController.java:358)
	at org.apache.jmeter.control.GenericController.next(GenericController.java:130)
	at org.apache.jmeter.control.GenericController.nextIsAController(GenericController.java:186)
	at org.apache.jmeter.control.GenericController.next(GenericController.java:148)
	at org.apache.jmeter.control.LoopController.next(LoopController.java:108)
	at org.apache.jmeter.threads.AbstractThreadGroup.next(AbstractThreadGroup.java:75)
	at org.apache.jmeter.threads.JMeterThread.run(JMeterThread.java:268)
	at java.lang.Thread.run(Thread.java:679)

2012/03/07 07:37:40 INFO  - jmeter.threads.JMeterThread: Thread finished: 002_UM_OP_Fragment 2-9 
2012/03/07 07:37:40 INFO  - jmeter.engine.StandardJMeterEngine: Ending thread 002_UM_OP_Fragment 2-9 
2012/03/07 07:37:41 INFO  - jmeter.threads.JMeterThread: Thread started: 001_UM_Stay_Fragment1 1-10 
2012/03/07 07:37:41 ERROR - jmeter.threads.JMeterThread: Test failed! java.lang.NullPointerException
	at java.io.StringReader.<init>(StringReader.java:50)
	at org.apache.jmeter.save.CSVSaveService.csvSplitString(CSVSaveService.java:1116)
	at org.apache.jmeter.config.CSVDataSet.iterationStart(CSVDataSet.java:125)
	at org.apache.jmeter.control.GenericController.fireIterationStart(GenericController.java:368)
	at org.apache.jmeter.control.GenericController.fireIterEvents(GenericController.java:358)
	at org.apache.jmeter.control.GenericController.next(GenericController.java:130)
	at org.apache.jmeter.control.GenericController.nextIsAController(GenericController.java:186)
	at org.apache.jmeter.control.GenericController.next(GenericController.java:148)
	at org.apache.jmeter.control.LoopController.next(LoopController.java:108)
	at org.apache.jmeter.threads.AbstractThreadGroup.next(AbstractThreadGroup.java:75)
	at org.apache.jmeter.threads.JMeterThread.run(JMeterThread.java:268)
	at java.lang.Thread.run(Thread.java:679)

2012/03/07 07:37:41 INFO  - jmeter.threads.JMeterThread: Thread finished: 001_UM_Stay_Fragment1 1-10 
2012/03/07 07:37:41 INFO  - jmeter.engine.StandardJMeterEngine: Ending thread 001_UM_Stay_Fragment1 1-10 
2012/03/07 07:37:51 INFO  - jmeter.threads.JMeterThread: Thread started: 002_UM_OP_Fragment 2-10 
2012/03/07 07:37:51 ERROR - jmeter.threads.JMeterThread: Test failed! java.lang.NullPointerException
	at java.io.StringReader.<init>(StringReader.java:50)
	at org.apache.jmeter.save.CSVSaveService.csvSplitString(CSVSaveService.java:1116)
	at org.apache.jmeter.config.CSVDataSet.iterationStart(CSVDataSet.java:125)
	at org.apache.jmeter.control.GenericController.fireIterationStart(GenericController.java:368)
	at org.apache.jmeter.control.GenericController.fireIterEvents(GenericController.java:358)
	at org.apache.jmeter.control.GenericController.next(GenericController.java:130)
	at org.apache.jmeter.control.GenericController.nextIsAController(GenericController.java:186)
	at org.apache.jmeter.control.GenericController.next(GenericController.java:148)
	at org.apache.jmeter.control.LoopController.next(LoopController.java:108)
	at org.apache.jmeter.threads.AbstractThreadGroup.next(AbstractThreadGroup.java:75)
	at org.apache.jmeter.threads.JMeterThread.run(JMeterThread.java:268)
	at java.lang.Thread.run(Thread.java:679)

2012/03/07 07:37:51 INFO  - jmeter.threads.JMeterThread: Thread finished: 002_UM_OP_Fragment 2-10 
2012/03/07 07:37:51 INFO  - jmeter.engine.StandardJMeterEngine: Ending thread 002_UM_OP_Fragment 2-10 
2012/03/07 07:37:52 INFO  - jmeter.threads.JMeterThread: Thread started: 001_UM_Stay_Fragment1 1-11 
2012/03/07 07:37:52 ERROR - jmeter.threads.JMeterThread: Test failed! java.lang.NullPointerException
	at java.io.StringReader.<init>(StringReader.java:50)
	at org.apache.jmeter.save.CSVSaveService.csvSplitString(CSVSaveService.java:1116)
	at org.apache.jmeter.config.CSVDataSet.iterationStart(CSVDataSet.java:125)
	at org.apache.jmeter.control.GenericController.fireIterationStart(GenericController.java:368)
	at org.apache.jmeter.control.GenericController.fireIterEvents(GenericController.java:358)
	at org.apache.jmeter.control.GenericController.next(GenericController.java:130)
	at org.apache.jmeter.control.GenericController.nextIsAController(GenericController.java:186)
	at org.apache.jmeter.control.GenericController.next(GenericController.java:148)
	at org.apache.jmeter.control.LoopController.next(LoopController.java:108)
	at org.apache.jmeter.threads.AbstractThreadGroup.next(AbstractThreadGroup.java:75)
	at org.apache.jmeter.threads.JMeterThread.run(JMeterThread.java:268)
	at java.lang.Thread.run(Thread.java:679)

2012/03/07 07:37:52 INFO  - jmeter.threads.JMeterThread: Thread finished: 001_UM_Stay_Fragment1 1-11 
2012/03/07 07:37:52 INFO  - jmeter.engine.StandardJMeterEngine: Ending thread 001_UM_Stay_Fragment1 1-11 
2012/03/07 07:38:01 INFO  - jmeter.threads.JMeterThread: Thread started: 002_UM_OP_Fragment 2-11 
2012/03/07 07:38:01 ERROR - jmeter.threads.JMeterThread: Test failed! java.lang.NullPointerException
	at java.io.StringReader.<init>(StringReader.java:50)
	at org.apache.jmeter.save.CSVSaveService.csvSplitString(CSVSaveService.java:1116)
	at org.apache.jmeter.config.CSVDataSet.iterationStart(CSVDataSet.java:125)
	at org.apache.jmeter.control.GenericController.fireIterationStart(GenericController.java:368)
	at org.apache.jmeter.control.GenericController.fireIterEvents(GenericController.java:358)
	at org.apache.jmeter.control.GenericController.next(GenericController.java:130)
	at org.apache.jmeter.control.GenericController.nextIsAController(GenericController.java:186)
	at org.apache.jmeter.control.GenericController.next(GenericController.java:148)
	at org.apache.jmeter.control.LoopController.next(LoopController.java:108)
	at org.apache.jmeter.threads.AbstractThreadGroup.next(AbstractThreadGroup.java:75)
	at org.apache.jmeter.threads.JMeterThread.run(JMeterThread.java:268)
	at java.lang.Thread.run(Thread.java:679)

2012/03/07 07:38:01 INFO  - jmeter.threads.JMeterThread: Thread finished: 002_UM_OP_Fragment 2-11 
2012/03/07 07:38:01 INFO  - jmeter.engine.StandardJMeterEngine: Ending thread 002_UM_OP_Fragment 2-11 
2012/03/07 07:38:02 INFO  - jmeter.threads.JMeterThread: Thread started: 001_UM_Stay_Fragment1 1-12 
2012/03/07 07:38:02 ERROR - jmeter.threads.JMeterThread: Test failed! java.lang.NullPointerException
	at java.io.StringReader.<init>(StringReader.java:50)
	at org.apache.jmeter.save.CSVSaveService.csvSplitString(CSVSaveService.java:1116)
	at org.apache.jmeter.config.CSVDataSet.iterationStart(CSVDataSet.java:125)
	at org.apache.jmeter.control.GenericController.fireIterationStart(GenericController.java:368)
	at org.apache.jmeter.control.GenericController.fireIterEvents(GenericController.java:358)
	at org.apache.jmeter.control.GenericController.next(GenericController.java:130)
	at org.apache.jmeter.control.GenericController.nextIsAController(GenericController.java:186)
	at org.apache.jmeter.control.GenericController.next(GenericController.java:148)
	at org.apache.jmeter.control.LoopController.next(LoopController.java:108)
	at org.apache.jmeter.threads.AbstractThreadGroup.next(AbstractThreadGroup.java:75)
	at org.apache.jmeter.threads.JMeterThread.run(JMeterThread.java:268)
	at java.lang.Thread.run(Thread.java:679)

2012/03/07 07:38:02 INFO  - jmeter.threads.JMeterThread: Thread finished: 001_UM_Stay_Fragment1 1-12 
2012/03/07 07:38:02 INFO  - jmeter.engine.StandardJMeterEngine: Ending thread 001_UM_Stay_Fragment1 1-12 
2012/03/07 07:38:02 INFO  - jmeter.engine.StandardJMeterEngine: Notifying test listeners of end of test 
2012/03/07 07:38:02 INFO  - jmeter.samplers.StandardSampleSender: Test Ended on <IP_Adress2> 
2012/03/07 07:38:02 INFO  - jmeter.engine.StandardJMeterEngine: Test has ended on host <IP_Adress2> 
