2019-09-12 10:46:38
Full thread dump Java HotSpot(TM) 64-Bit Server VM (11.0.4+10-LTS mixed mode):

Threads class SMR info:
_java_thread_list=0x000001d0b061eba0, length=14, elements={
0x000001d0aebd3800, 0x000001d0aebd8000, 0x000001d0aec44000, 0x000001d0aec45000,
0x000001d0aec47000, 0x000001d0aec4a000, 0x000001d0aec4f000, 0x000001d0aedb3000,
0x000001d0aedc6800, 0x000001d0b0874800, 0x000001d0b024d800, 0x000001d0b024e000,
0x000001d0b028e800, 0x000001d086a4f000
}

"Reference Handler" #2 daemon prio=10 os_prio=2 cpu=0.00ms elapsed=2362.41s tid=0x000001d0aebd3800 nid=0x2f28 waiting on condition  [0x00000039e98ff000]
   java.lang.Thread.State: RUNNABLE
	at java.lang.ref.Reference.waitForReferencePendingList(java.base@11.0.4/Native Method)
	at java.lang.ref.Reference.processPendingReferences(java.base@11.0.4/Reference.java:241)
	at java.lang.ref.Reference$ReferenceHandler.run(java.base@11.0.4/Reference.java:213)

   Locked ownable synchronizers:
	- None

"Finalizer" #3 daemon prio=8 os_prio=1 cpu=0.00ms elapsed=2362.41s tid=0x000001d0aebd8000 nid=0x1cb0 in Object.wait()  [0x00000039e99ff000]
   java.lang.Thread.State: WAITING (on object monitor)
	at java.lang.Object.wait(java.base@11.0.4/Native Method)
	- waiting on <0x00000006ffe08f18> (a java.lang.ref.ReferenceQueue$Lock)
	at java.lang.ref.ReferenceQueue.remove(java.base@11.0.4/ReferenceQueue.java:155)
	- waiting to re-lock in wait() <0x00000006ffe08f18> (a java.lang.ref.ReferenceQueue$Lock)
	at java.lang.ref.ReferenceQueue.remove(java.base@11.0.4/ReferenceQueue.java:176)
	at java.lang.ref.Finalizer$FinalizerThread.run(java.base@11.0.4/Finalizer.java:170)

   Locked ownable synchronizers:
	- None

"Signal Dispatcher" #4 daemon prio=9 os_prio=2 cpu=0.00ms elapsed=2362.40s tid=0x000001d0aec44000 nid=0xb08 runnable  [0x0000000000000000]
   java.lang.Thread.State: RUNNABLE

   Locked ownable synchronizers:
	- None

"Attach Listener" #5 daemon prio=5 os_prio=2 cpu=0.00ms elapsed=2362.40s tid=0x000001d0aec45000 nid=0x26e0 waiting on condition  [0x0000000000000000]
   java.lang.Thread.State: RUNNABLE

   Locked ownable synchronizers:
	- None

"C2 CompilerThread0" #6 daemon prio=9 os_prio=2 cpu=546.88ms elapsed=2362.40s tid=0x000001d0aec47000 nid=0x2814 waiting on condition  [0x0000000000000000]
   java.lang.Thread.State: RUNNABLE
   No compile task

   Locked ownable synchronizers:
	- None

"C1 CompilerThread0" #8 daemon prio=9 os_prio=2 cpu=406.25ms elapsed=2362.40s tid=0x000001d0aec4a000 nid=0x10cc waiting on condition  [0x0000000000000000]
   java.lang.Thread.State: RUNNABLE
   No compile task

   Locked ownable synchronizers:
	- None

"Sweeper thread" #9 daemon prio=9 os_prio=2 cpu=0.00ms elapsed=2362.40s tid=0x000001d0aec4f000 nid=0x23b8 runnable  [0x0000000000000000]
   java.lang.Thread.State: RUNNABLE

   Locked ownable synchronizers:
	- None

"Common-Cleaner" #10 daemon prio=8 os_prio=1 cpu=0.00ms elapsed=2362.35s tid=0x000001d0aedb3000 nid=0x239c in Object.wait()  [0x00000039e9ffe000]
   java.lang.Thread.State: TIMED_WAITING (on object monitor)
	at java.lang.Object.wait(java.base@11.0.4/Native Method)
	- waiting on <0x00000006ffea52c0> (a java.lang.ref.ReferenceQueue$Lock)
	at java.lang.ref.ReferenceQueue.remove(java.base@11.0.4/ReferenceQueue.java:155)
	- waiting to re-lock in wait() <0x00000006ffea52c0> (a java.lang.ref.ReferenceQueue$Lock)
	at jdk.internal.ref.CleanerImpl.run(java.base@11.0.4/CleanerImpl.java:148)
	at java.lang.Thread.run(java.base@11.0.4/Thread.java:834)
	at jdk.internal.misc.InnocuousThread.run(java.base@11.0.4/InnocuousThread.java:134)

   Locked ownable synchronizers:
	- None

"Service Thread" #11 daemon prio=9 os_prio=0 cpu=0.00ms elapsed=2362.35s tid=0x000001d0aedc6800 nid=0x123c runnable  [0x0000000000000000]
   java.lang.Thread.State: RUNNABLE

   Locked ownable synchronizers:
	- None

"RMI TCP Accept-0" #14 daemon prio=5 os_prio=0 cpu=0.00ms elapsed=2360.89s tid=0x000001d0b0874800 nid=0x26c4 runnable  [0x00000039ea3fe000]
   java.lang.Thread.State: RUNNABLE
	at java.net.PlainSocketImpl.accept0(java.base@11.0.4/Native Method)
	at java.net.PlainSocketImpl.socketAccept(java.base@11.0.4/PlainSocketImpl.java:159)
	at java.net.AbstractPlainSocketImpl.accept(java.base@11.0.4/AbstractPlainSocketImpl.java:458)
	at java.net.ServerSocket.implAccept(java.base@11.0.4/ServerSocket.java:551)
	at java.net.ServerSocket.accept(java.base@11.0.4/ServerSocket.java:519)
	at sun.rmi.transport.tcp.TCPTransport$AcceptLoop.executeAcceptLoop(java.rmi@11.0.4/TCPTransport.java:394)
	at sun.rmi.transport.tcp.TCPTransport$AcceptLoop.run(java.rmi@11.0.4/TCPTransport.java:366)
	at java.lang.Thread.run(java.base@11.0.4/Thread.java:834)

   Locked ownable synchronizers:
	- None

"RMI Reaper" #15 prio=5 os_prio=0 cpu=0.00ms elapsed=2360.89s tid=0x000001d0b024d800 nid=0x29c8 in Object.wait()  [0x00000039ea4fe000]
   java.lang.Thread.State: WAITING (on object monitor)
	at java.lang.Object.wait(java.base@11.0.4/Native Method)
	- waiting on <0x00000006fcd36938> (a java.lang.ref.ReferenceQueue$Lock)
	at java.lang.ref.ReferenceQueue.remove(java.base@11.0.4/ReferenceQueue.java:155)
	- waiting to re-lock in wait() <0x00000006fcd36938> (a java.lang.ref.ReferenceQueue$Lock)
	at java.lang.ref.ReferenceQueue.remove(java.base@11.0.4/ReferenceQueue.java:176)
	at sun.rmi.transport.ObjectTable$Reaper.run(java.rmi@11.0.4/ObjectTable.java:349)
	at java.lang.Thread.run(java.base@11.0.4/Thread.java:834)

   Locked ownable synchronizers:
	- None

"RMI GC Daemon" #16 daemon prio=2 os_prio=-2 cpu=0.00ms elapsed=2360.89s tid=0x000001d0b024e000 nid=0x214c in Object.wait()  [0x00000039ea5fe000]
   java.lang.Thread.State: TIMED_WAITING (on object monitor)
	at java.lang.Object.wait(java.base@11.0.4/Native Method)
	- waiting on <0x00000006fcd4d648> (a sun.rmi.transport.GC$LatencyLock)
	at sun.rmi.transport.GC$Daemon.run(java.rmi@11.0.4/GC.java:126)
	- waiting to re-lock in wait() <0x00000006fcd4d648> (a sun.rmi.transport.GC$LatencyLock)
	at java.lang.Thread.run(java.base@11.0.4/Thread.java:834)
	at jdk.internal.misc.InnocuousThread.run(java.base@11.0.4/InnocuousThread.java:134)

   Locked ownable synchronizers:
	- None

"RMI TCP Accept-1099" #17 daemon prio=5 os_prio=0 cpu=0.00ms elapsed=2360.84s tid=0x000001d0b028e800 nid=0x29dc runnable  [0x00000039ea6ff000]
   java.lang.Thread.State: RUNNABLE
	at java.net.PlainSocketImpl.accept0(java.base@11.0.4/Native Method)
	at java.net.PlainSocketImpl.socketAccept(java.base@11.0.4/PlainSocketImpl.java:159)
	at java.net.AbstractPlainSocketImpl.accept(java.base@11.0.4/AbstractPlainSocketImpl.java:458)
	at java.net.ServerSocket.implAccept(java.base@11.0.4/ServerSocket.java:551)
	at java.net.ServerSocket.accept(java.base@11.0.4/ServerSocket.java:519)
	at sun.rmi.transport.tcp.TCPTransport$AcceptLoop.executeAcceptLoop(java.rmi@11.0.4/TCPTransport.java:394)
	at sun.rmi.transport.tcp.TCPTransport$AcceptLoop.run(java.rmi@11.0.4/TCPTransport.java:366)
	at java.lang.Thread.run(java.base@11.0.4/Thread.java:834)

   Locked ownable synchronizers:
	- None

"DestroyJavaVM" #18 prio=5 os_prio=0 cpu=1312.50ms elapsed=2360.84s tid=0x000001d086a4f000 nid=0x1880 waiting on condition  [0x0000000000000000]
   java.lang.Thread.State: RUNNABLE

   Locked ownable synchronizers:
	- None

"VM Thread" os_prio=2 cpu=15.63ms elapsed=2362.41s tid=0x000001d0aebaf800 nid=0x2588 runnable  

"GC Thread#0" os_prio=2 cpu=15.63ms elapsed=2362.50s tid=0x000001d086a64000 nid=0x1d88 runnable  

"G1 Main Marker" os_prio=2 cpu=0.00ms elapsed=2362.50s tid=0x000001d0ac13c800 nid=0x2e8 runnable  

"G1 Conc#0" os_prio=2 cpu=0.00ms elapsed=2362.50s tid=0x000001d0ac13d800 nid=0x19d4 runnable  

"G1 Refine#0" os_prio=2 cpu=0.00ms elapsed=2362.43s tid=0x000001d0ac32d800 nid=0x2ba4 runnable  

"G1 Young RemSet Sampling" os_prio=2 cpu=0.00ms elapsed=2362.43s tid=0x000001d0ac32e000 nid=0x28b0 runnable  
"VM Periodic Task Thread" os_prio=2 cpu=15.63ms elapsed=2362.35s tid=0x000001d0aedb0000 nid=0x700 waiting on condition  

JNI global refs: 16, weak refs: 0

