2009/06/04 05:02:49 INFO  - jmeter.util.JMeterUtils: Setting Locale to en_US 
2009/06/04 05:02:49 INFO  - jmeter.JMeter: Loading user properties from: /home/kenstir/ftp/jakarta-jmeter-2.3.2/bin/user.properties 
2009/06/04 05:02:49 INFO  - jmeter.JMeter: Loading system properties from: /home/kenstir/ftp/jakarta-jmeter-2.3.2/bin/system.properties 
2009/06/04 05:02:49 INFO  - jmeter.JMeter: Copyright (c) 1998-2008 The Apache Software Foundation 
2009/06/04 05:02:49 INFO  - jmeter.JMeter: Version 2.3.2 r665936 
2009/06/04 05:02:49 INFO  - jmeter.JMeter: java.version=1.6.0_0 
2009/06/04 05:02:49 INFO  - jmeter.JMeter: java.vm.name=OpenJDK Server VM 
2009/06/04 05:02:49 INFO  - jmeter.JMeter: os.name=Linux 
2009/06/04 05:02:49 INFO  - jmeter.JMeter: os.arch=i386 
2009/06/04 05:02:49 INFO  - jmeter.JMeter: os.version=2.6.27.24-170.2.68.fc10.i686 
2009/06/04 05:02:49 INFO  - jmeter.JMeter: file.encoding=ANSI_X3.4-1968 
2009/06/04 05:02:49 INFO  - jmeter.JMeter: Default Locale=English (United States) 
2009/06/04 05:02:49 INFO  - jmeter.JMeter: JMeter  Locale=English (United States) 
2009/06/04 05:02:49 INFO  - jmeter.JMeter: JMeterHome=/home/kenstir/ftp/jakarta-jmeter-2.3.2 
2009/06/04 05:02:49 INFO  - jmeter.JMeter: user.dir  =/home/kenstir/jmeter 
2009/06/04 05:02:49 INFO  - jmeter.JMeter: PWD       =/home/kenstir/jmeter 
2009/06/04 05:02:49 INFO  - jmeter.JMeter: IP: 10.1.1.41 Name: kc5.office.vivox.com FullName: kc5.office.vivox.com 
2009/06/04 05:02:49 INFO  - jmeter.JMeter: Loaded icon properties from org/apache/jmeter/images/icon.properties 
2009/06/04 05:02:50 INFO  - jmeter.engine.util.CompoundVariable: Note: Function class names must contain the string: '.functions.' 
2009/06/04 05:02:50 INFO  - jmeter.engine.util.CompoundVariable: Note: Function class names must not contain the string: '.gui.' 
2009/06/04 05:02:52 INFO  - jmeter.protocol.http.sampler.HTTPSamplerBase: Cannot find .className property for htmlParser, using default 
2009/06/04 05:02:52 INFO  - jmeter.protocol.http.sampler.HTTPSamplerBase: Parser for text/html is  
2009/06/04 05:02:52 INFO  - jmeter.protocol.http.sampler.HTTPSamplerBase: Parser for application/xhtml+xml is  
2009/06/04 05:02:52 INFO  - jmeter.protocol.http.sampler.HTTPSamplerBase: Parser for application/xml is  
2009/06/04 05:02:52 INFO  - jmeter.protocol.http.sampler.HTTPSamplerBase: Parser for text/xml is  
2009/06/04 05:02:52 INFO  - jmeter.protocol.http.sampler.HTTPSamplerBase: Parser for text/vnd.wap.wml is org.apache.jmeter.protocol.http.parser.RegexpHTMLParser 
2009/06/04 05:02:53 INFO  - jmeter.gui.util.MenuFactory: Skipping org.apache.jmeter.protocol.http.modifier.gui.ParamModifierGui 
2009/06/04 05:02:53 INFO  - jmeter.gui.util.MenuFactory: Skipping org.apache.jmeter.protocol.http.modifier.gui.UserParameterModifierGui 
2009/06/04 05:02:53 INFO  - jmeter.protocol.http.sampler.HTTPSampler: Maximum connection retries = 10 
2009/06/04 05:02:54 WARN  - jmeter.gui.util.MenuFactory: Missing jar? Could not create org.apache.jmeter.visualizers.MailerVisualizer. java.lang.NoClassDefFoundError: javax/mail/MessagingException 
2009/06/04 05:02:54 INFO  - jmeter.samplers.SampleResult: Note: Sample TimeStamps are START times 
2009/06/04 05:02:54 INFO  - jmeter.samplers.SampleResult: sampleresult.default.encoding is set to ISO-8859-1 
2009/06/04 05:02:58 INFO  - jmeter.services.FileServer: Default base=/home/kenstir/jmeter 
2009/06/04 05:02:58 INFO  - jmeter.gui.action.Load: Loading file: /home/kenstir/jmeter/failing.jmx 
2009/06/04 05:02:58 INFO  - jmeter.services.FileServer: Set new base=/home/kenstir/jmeter 
2009/06/04 05:02:58 INFO  - jmeter.save.SaveService: Testplan (JMX) version: 2.2. Testlog (JTL) version: 2.2 
2009/06/04 05:02:58 INFO  - jmeter.save.SaveService: Using SaveService properties file encoding UTF-8 
2009/06/04 05:02:58 INFO  - jmeter.save.SaveService: Using SaveService properties file version 661482 
2009/06/04 05:02:58 INFO  - jmeter.save.SaveService: Using SaveService properties version 2.1 
2009/06/04 05:02:58 INFO  - jmeter.save.SaveService: All converter versions present and correct 
2009/06/04 05:02:58 INFO  - jmeter.services.FileServer: Set new base=/home/kenstir/jmeter 
2009/06/04 05:03:02 INFO  - jmeter.engine.StandardJMeterEngine: Listeners will be started after enabling running version 
2009/06/04 05:03:02 INFO  - jmeter.engine.StandardJMeterEngine: To revert to the earlier behaviour, define jmeterengine.startlistenerslater=false 
2009/06/04 05:03:02 INFO  - jmeter.engine.StandardJMeterEngine: Running the test! 
2009/06/04 05:03:03 INFO  - jmeter.gui.util.JMeterMenuBar: setRunning(true,*local*) 
2009/06/04 05:03:03 INFO  - jmeter.engine.StandardJMeterEngine: Starting 2 threads for group Thread Group. Ramp up = 0. 
2009/06/04 05:03:03 INFO  - jmeter.engine.StandardJMeterEngine: Continue on error 
2009/06/04 05:03:03 INFO  - jmeter.threads.JMeterThread: jmeterthread.startearlier=true (see jmeter.properties) 
2009/06/04 05:03:03 INFO  - jmeter.threads.JMeterThread: Running PostProcessors in forward order 
2009/06/04 05:03:03 INFO  - jmeter.threads.JMeterThread: Thread Thread Group 1-2 started 
2009/06/04 05:03:03 INFO  - jmeter.threads.JMeterThread: Thread Thread Group 1-1 started 
2009/06/04 05:03:03 INFO  - jmeter.threads.JMeterThread: Thread Thread Group 1-2 is done 
2009/06/04 05:03:03 INFO  - jmeter.engine.StandardJMeterEngine: Ending thread Thread Group 1-2 
2009/06/04 05:03:03 INFO  - jmeter.threads.JMeterThread: Thread Thread Group 1-1 is done 
2009/06/04 05:03:03 INFO  - jmeter.engine.StandardJMeterEngine: Ending thread Thread Group 1-1 
2009/06/04 05:03:03 INFO  - jmeter.engine.StandardJMeterEngine: Stopping test 
2009/06/04 05:03:03 INFO  - jmeter.engine.StandardJMeterEngine: Notifying test listeners of end of test 
2009/06/04 05:03:03 INFO  - jmeter.gui.util.JMeterMenuBar: setRunning(false,*local*) 
2009/06/04 05:03:03 INFO  - jmeter.engine.StandardJMeterEngine: Test has ended 
