2019-09-04 14:33:07,079 INFO o.a.j.u.JMeterUtils: Setting Locale to en_EN
2019-09-04 14:33:07,101 INFO o.a.j.JMeter: Loading user properties from: user.properties
2019-09-04 14:33:07,102 INFO o.a.j.JMeter: Loading system properties from: system.properties
2019-09-04 14:33:07,107 INFO o.a.j.JMeter: Copyright (c) 1998-2019 The Apache Software Foundation
2019-09-04 14:33:07,108 INFO o.a.j.JMeter: Version 5.1.1 r1855137
2019-09-04 14:33:07,108 INFO o.a.j.JMeter: java.version=11.0.4
2019-09-04 14:33:07,108 INFO o.a.j.JMeter: java.vm.name=Java HotSpot(TM) 64-Bit Server VM
2019-09-04 14:33:07,108 INFO o.a.j.JMeter: os.name=Windows 10
2019-09-04 14:33:07,108 INFO o.a.j.JMeter: os.arch=amd64
2019-09-04 14:33:07,108 INFO o.a.j.JMeter: os.version=10.0
2019-09-04 14:33:07,108 INFO o.a.j.JMeter: file.encoding=Cp1252
2019-09-04 14:33:07,108 INFO o.a.j.JMeter: java.awt.headless=true
2019-09-04 14:33:07,109 INFO o.a.j.JMeter: Max memory     =8589934592
2019-09-04 14:33:07,109 INFO o.a.j.JMeter: Available Processors =8
2019-09-04 14:33:07,118 INFO o.a.j.JMeter: Default Locale=English (EN)
2019-09-04 14:33:07,118 INFO o.a.j.JMeter: JMeter  Locale=English (EN)
2019-09-04 14:33:07,118 INFO o.a.j.JMeter: JMeterHome=C:\Users\iskadigamuwa\Downloads\JMeter\apache-jmeter-5.1.1
2019-09-04 14:33:07,118 INFO o.a.j.JMeter: user.dir  =C:\Users\iskadigamuwa\Downloads\JMeter\apache-jmeter-5.1.1\bin
2019-09-04 14:33:07,119 INFO o.a.j.JMeter: PWD       =C:\Users\iskadigamuwa\Downloads\JMeter\apache-jmeter-5.1.1\bin
2019-09-04 14:33:07,121 INFO o.a.j.JMeter: IP: 10.30.5.14 Name: NSFGHDQH2 FullName: NSFGHDQH2.acustaff.acu.edu.au
2019-09-04 14:33:07,124 INFO o.a.j.JMeter: Setting property 'jmeter.reportgenerator.outputdir' to:'C:\Users\iskadigamuwa\Downloads\JMeter\Mohit Pre remediation work Examples\UAT Env\reportoutput'
2019-09-04 14:33:07,128 INFO o.a.j.r.d.ReportGenerator: ReportGenerator will use for Parsing the separator: '	'
2019-09-04 14:33:07,128 INFO o.a.j.r.d.ReportGenerator: Will only generate report from results file: C:\Users\iskadigamuwa\Downloads\JMeter\Mohit Pre remediation work Examples\UAT Env\aggregate.csv
2019-09-04 14:33:07,128 INFO o.a.j.r.d.ReportGenerator: Reading report generator properties from: C:\Users\iskadigamuwa\Downloads\JMeter\apache-jmeter-5.1.1\bin\reportgenerator.properties
2019-09-04 14:33:07,129 INFO o.a.j.r.d.ReportGenerator: Merging with JMeter properties
2019-09-04 14:33:07,133 INFO o.a.j.r.c.ReportGeneratorConfiguration: Property 'jmeter.reportgenerator.temp_dir' not found, using default value 'temp' instead.
2019-09-04 14:33:07,135 INFO o.a.j.r.c.ReportGeneratorConfiguration: Property 'jmeter.reportgenerator.apdex_per_transaction' not found, using default value 'null' instead.
2019-09-04 14:33:07,138 INFO o.a.j.r.c.ReportGeneratorConfiguration: apdex_per_transaction : {} is empty, not APDEX per transaction customization
2019-09-04 14:33:07,138 INFO o.a.j.r.c.ReportGeneratorConfiguration: Property 'jmeter.reportgenerator.sample_filter' not found, using default value 'null' instead.
2019-09-04 14:33:07,139 INFO o.a.j.r.c.ReportGeneratorConfiguration: Property 'jmeter.reportgenerator.report_title' not found, using default value 'null' instead.
2019-09-04 14:33:07,139 INFO o.a.j.r.c.ReportGeneratorConfiguration: Property 'jmeter.reportgenerator.start_date' not found, using default value 'null' instead.
2019-09-04 14:33:07,139 INFO o.a.j.r.c.ReportGeneratorConfiguration: Property 'jmeter.reportgenerator.end_date' not found, using default value 'null' instead.
2019-09-04 14:33:07,139 INFO o.a.j.r.c.ReportGeneratorConfiguration: Property 'jmeter.reportgenerator.date_format' not found, using default value 'null' instead.
2019-09-04 14:33:07,142 INFO o.a.j.r.c.ReportGeneratorConfiguration: Will use date range start date: null, end date: null
2019-09-04 14:33:07,145 INFO o.a.j.r.c.ReportGeneratorConfiguration: Property 'jmeter.reportgenerator.graph.totalTPS.exclude_controllers' not found, using default value 'false' instead.
2019-09-04 14:33:07,146 INFO o.a.j.r.c.ReportGeneratorConfiguration: Property 'jmeter.reportgenerator.graph.activeThreadsOverTime.exclude_controllers' not found, using default value 'false' instead.
2019-09-04 14:33:07,146 INFO o.a.j.r.c.ReportGeneratorConfiguration: Property 'jmeter.reportgenerator.graph.timeVsThreads.exclude_controllers' not found, using default value 'false' instead.
2019-09-04 14:33:07,146 INFO o.a.j.r.c.ReportGeneratorConfiguration: Property 'jmeter.reportgenerator.graph.responseTimeDistribution.exclude_controllers' not found, using default value 'false' instead.
2019-09-04 14:33:07,146 INFO o.a.j.r.c.ReportGeneratorConfiguration: Property 'jmeter.reportgenerator.graph.transactionsPerSecond.exclude_controllers' not found, using default value 'false' instead.
2019-09-04 14:33:07,146 INFO o.a.j.r.c.ReportGeneratorConfiguration: Property 'jmeter.reportgenerator.graph.responseTimePercentiles.exclude_controllers' not found, using default value 'false' instead.
2019-09-04 14:33:07,147 INFO o.a.j.r.c.ReportGeneratorConfiguration: Property 'jmeter.reportgenerator.graph.responseTimePercentilesOverTime.exclude_controllers' not found, using default value 'false' instead.
2019-09-04 14:33:07,147 INFO o.a.j.r.c.ReportGeneratorConfiguration: Property 'jmeter.reportgenerator.graph.responseTimesOverTime.exclude_controllers' not found, using default value 'false' instead.
2019-09-04 14:33:07,147 INFO o.a.j.r.c.ReportGeneratorConfiguration: Property 'jmeter.reportgenerator.graph.connectTimeOverTime.exclude_controllers' not found, using default value 'false' instead.
2019-09-04 14:33:07,147 INFO o.a.j.r.c.ReportGeneratorConfiguration: Property 'jmeter.reportgenerator.graph.latenciesOverTime.exclude_controllers' not found, using default value 'false' instead.
2019-09-04 14:33:07,148 INFO o.a.j.r.c.ReportGeneratorConfiguration: Property 'jmeter.reportgenerator.exporter.json.filters_only_sample_series' not found, using default value 'true' instead.
2019-09-04 14:33:07,148 INFO o.a.j.r.c.ReportGeneratorConfiguration: Property 'jmeter.reportgenerator.exporter.json.series_filter' not found, using default value '' instead.
2019-09-04 14:33:07,148 INFO o.a.j.r.c.ReportGeneratorConfiguration: Property 'jmeter.reportgenerator.exporter.json.show_controllers_only' not found, using default value 'false' instead.
2019-09-04 14:33:07,149 INFO o.a.j.r.c.ReportGeneratorConfiguration: Property 'jmeter.reportgenerator.exporter.html.filters_only_sample_series' not found, using default value 'true' instead.
2019-09-04 14:33:07,149 INFO o.a.j.r.c.ReportGeneratorConfiguration: Property 'jmeter.reportgenerator.exporter.html.series_filter' not found, using default value '' instead.
2019-09-04 14:33:07,149 INFO o.a.j.r.c.ReportGeneratorConfiguration: Property 'jmeter.reportgenerator.exporter.html.show_controllers_only' not found, using default value 'false' instead.
2019-09-04 14:33:07,284 INFO o.a.j.s.SaveService: Testplan (JMX) version: 2.2. Testlog (JTL) version: 2.2
2019-09-04 14:33:07,305 INFO o.a.j.s.SaveService: Using SaveService properties version 5.0
2019-09-04 14:33:07,308 INFO o.a.j.s.SaveService: Using SaveService properties file encoding UTF-8
2019-09-04 14:33:07,337 INFO o.a.j.r.p.NormalizerSampleConsumer: Using format, 'yyyy/MM/dd HH:mm:ss.SSS', to parse timeStamp field
2019-09-04 14:33:11,699 INFO o.a.j.r.p.AbstractSampleConsumer: class org.apache.jmeter.report.processor.AggregateConsumer#stopProducing(): beginDate produced 0 samples
2019-09-04 14:33:11,699 INFO o.a.j.r.p.AbstractSampleConsumer: class org.apache.jmeter.report.processor.AggregateConsumer#stopProducing(): endDate produced 0 samples
2019-09-04 14:33:11,701 INFO o.a.j.r.p.AbstractSampleConsumer: class org.apache.jmeter.report.processor.ApdexSummaryConsumer#stopProducing(): apdexSummary produced 0 samples
2019-09-04 14:33:11,701 INFO o.a.j.r.p.AbstractSampleConsumer: class org.apache.jmeter.report.processor.RequestsSummaryConsumer#stopProducing(): requestsSummary produced 0 samples
2019-09-04 14:33:11,736 INFO o.a.j.r.p.AbstractSampleConsumer: class org.apache.jmeter.report.processor.StatisticsSummaryConsumer#stopProducing(): statisticsSummary produced 0 samples
2019-09-04 14:33:11,741 INFO o.a.j.r.p.AbstractSampleConsumer: class org.apache.jmeter.report.processor.Top5ErrorsBySamplerConsumer#stopProducing(): top5ErrorsBySampler produced 0 samples
2019-09-04 14:33:11,741 INFO o.a.j.r.p.AbstractSampleConsumer: class org.apache.jmeter.report.processor.ErrorsSummaryConsumer#stopProducing(): errorsSummary produced 0 samples
2019-09-04 14:33:11,741 INFO o.a.j.r.p.AbstractSampleConsumer: class org.apache.jmeter.report.processor.graph.impl.HitsPerSecondGraphConsumer#stopProducing(): hitsPerSecond produced 0 samples
2019-09-04 14:33:12,515 INFO o.a.j.r.p.AbstractSampleConsumer: class org.apache.jmeter.report.processor.graph.impl.LatencyVSRequestGraphConsumer#stopProducing(): latencyVsRequest produced 0 samples
2019-09-04 14:33:12,523 INFO o.a.j.r.p.AbstractSampleConsumer: class org.apache.jmeter.report.processor.graph.impl.SyntheticResponseTimeDistributionGraphConsumer#stopProducing(): syntheticResponseTimeDistribution produced 0 samples
2019-09-04 14:33:12,524 INFO o.a.j.r.p.AbstractSampleConsumer: class org.apache.jmeter.report.processor.graph.impl.BytesThroughputGraphConsumer#stopProducing(): bytesThroughputOverTime produced 0 samples
2019-09-04 14:33:12,524 INFO o.a.j.r.p.AbstractSampleConsumer: class org.apache.jmeter.report.processor.graph.impl.CodesPerSecondGraphConsumer#stopProducing(): codesPerSecond produced 0 samples
2019-09-04 14:33:13,361 INFO o.a.j.r.p.AbstractSampleConsumer: class org.apache.jmeter.report.processor.graph.impl.ResponseTimeVSRequestGraphConsumer#stopProducing(): responseTimeVsRequest produced 0 samples
2019-09-04 14:33:13,365 INFO o.a.j.r.p.AbstractSampleConsumer: class org.apache.jmeter.report.processor.FilterConsumer#stopProducing(): startIntervalControlerFilter produced 1017597 samples
2019-09-04 14:33:13,365 INFO o.a.j.r.p.AbstractSampleConsumer: class org.apache.jmeter.report.processor.graph.impl.TotalTPSGraphConsumer#stopProducing(): totalTPS produced 0 samples
2019-09-04 14:33:13,365 INFO o.a.j.r.p.AbstractSampleConsumer: class org.apache.jmeter.report.processor.graph.impl.ActiveThreadsGraphConsumer#stopProducing(): activeThreadsOverTime produced 0 samples
2019-09-04 14:33:13,365 INFO o.a.j.r.p.AbstractSampleConsumer: class org.apache.jmeter.report.processor.graph.impl.TimeVSThreadGraphConsumer#stopProducing(): timeVsThreads produced 0 samples
2019-09-04 14:33:13,388 INFO o.a.j.r.p.AbstractSampleConsumer: class org.apache.jmeter.report.processor.graph.impl.ResponseTimeDistributionGraphConsumer#stopProducing(): responseTimeDistribution produced 0 samples
2019-09-04 14:33:13,390 INFO o.a.j.r.p.AbstractSampleConsumer: class org.apache.jmeter.report.processor.graph.impl.TransactionsPerSecondGraphConsumer#stopProducing(): transactionsPerSecond produced 0 samples
2019-09-04 14:33:13,392 INFO o.a.j.r.p.AbstractSampleConsumer: class org.apache.jmeter.report.processor.graph.impl.ResponseTimePercentilesGraphConsumer#stopProducing(): responseTimePercentiles produced 0 samples
2019-09-04 14:33:13,443 INFO o.a.j.r.p.AbstractSampleConsumer: class org.apache.jmeter.report.processor.graph.impl.ResponseTimePercentilesOverTimeGraphConsumer#stopProducing(): responseTimePercentilesOverTime produced 0 samples
2019-09-04 14:33:13,447 INFO o.a.j.r.p.AbstractSampleConsumer: class org.apache.jmeter.report.processor.graph.impl.ResponseTimeOverTimeGraphConsumer#stopProducing(): responseTimesOverTime produced 0 samples
2019-09-04 14:33:13,449 INFO o.a.j.r.p.AbstractSampleConsumer: class org.apache.jmeter.report.processor.graph.impl.ConnectTimeOverTimeGraphConsumer#stopProducing(): connectTimeOverTime produced 0 samples
2019-09-04 14:33:13,450 INFO o.a.j.r.p.AbstractSampleConsumer: class org.apache.jmeter.report.processor.graph.impl.LatencyOverTimeGraphConsumer#stopProducing(): latenciesOverTime produced 0 samples
2019-09-04 14:33:13,453 INFO o.a.j.r.p.AbstractSampleConsumer: class org.apache.jmeter.report.processor.FilterConsumer#stopProducing(): nameFilter produced 2180565 samples
2019-09-04 14:33:13,453 INFO o.a.j.r.p.AbstractSampleConsumer: class org.apache.jmeter.report.processor.FilterConsumer#stopProducing(): dateRangeFilter produced 436113 samples
2019-09-04 14:33:13,453 INFO o.a.j.r.p.AbstractSampleConsumer: class org.apache.jmeter.report.processor.NormalizerSampleConsumer#stopProducing(): normalizer produced 145371 samples
2019-09-04 14:33:13,454 INFO o.a.j.r.p.CsvFileSampleSource: produce(): 145371 samples produced in 6s 100 ms on channel 0
2019-09-04 14:33:13,454 INFO o.a.j.r.d.ReportGenerator: Exporting data using exporter:'json' of className:'org.apache.jmeter.report.dashboard.JsonExporter'
2019-09-04 14:33:13,457 INFO o.a.j.r.d.JsonExporter: Found data for consumer statisticsSummary in context
2019-09-04 14:33:13,458 INFO o.a.j.r.d.JsonExporter: Creating statistics for overall
2019-09-04 14:33:13,459 INFO o.a.j.r.d.JsonExporter: Creating statistics for other transactions
2019-09-04 14:33:13,460 INFO o.a.j.r.d.JsonExporter: Checking output folder
2019-09-04 14:33:13,466 INFO o.a.j.r.d.JsonExporter: Writing statistics JSON to C:\Users\iskadigamuwa\Downloads\JMeter\Mohit Pre remediation work Examples\UAT Env\reportoutput\statistics.json
2019-09-04 14:33:13,691 INFO o.a.j.r.d.ReportGenerator: Exporting data using exporter:'html' of className:'org.apache.jmeter.report.dashboard.HtmlTemplateExporter'
2019-09-04 14:33:13,695 INFO o.a.j.r.d.HtmlTemplateExporter: Will generate dashboard in folder: C:\Users\iskadigamuwa\Downloads\JMeter\Mohit Pre remediation work Examples\UAT Env\reportoutput
2019-09-04 14:33:14,108 INFO o.a.j.r.d.HtmlTemplateExporter: Report will be generated in: C:\Users\iskadigamuwa\Downloads\JMeter\Mohit Pre remediation work Examples\UAT Env\reportoutput, creating folder structure
2019-09-04 14:33:14,110 INFO o.a.j.r.d.TemplateVisitor: Copying folder from 'C:\Users\iskadigamuwa\Downloads\JMeter\apache-jmeter-5.1.1\bin\report-template' to 'C:\Users\iskadigamuwa\Downloads\JMeter\Mohit Pre remediation work Examples\UAT Env\reportoutput', got message:[C:\Users\iskadigamuwa\Downloads\JMeter\Mohit Pre remediation work Examples\UAT Env\reportoutput\statistics.json], found non empty folder with following content {}, will be ignored
