#
# An unexpected error has been detected by Java Runtime Environment:
#
#  EXCEPTION_ACCESS_VIOLATION (0xc0000005) at pc=0x6d0b64f8, pid=62784, tid=65784
#
# Java VM: Java HotSpot(TM) Client VM (11.3-b02 mixed mode windows-x86)
# Problematic frame:
# C  [awt.dll+0xb64f8]
#
# If you would like to submit a bug report, please visit:
#   http://java.sun.com/webapps/bugreport/crash.jsp
# The crash happened outside the Java Virtual Machine in native code.
# See problematic frame for where to report the bug.
#

---------------  T H R E A D  ---------------

Current thread (0x03230400):  JavaThread "AWT-Windows" daemon [_thread_in_native, id=65784, stack(0x038a0000,0x038f0000)]

siginfo: ExceptionCode=0xc0000005, writing address 0x0d6068c0

Registers:
EAX=0x00000180, EBX=0x03368f30, ECX=0x00000060, EDX=0x000068c0
ESP=0x038ef7b0, EBP=0x038ef918, ESI=0x0336f800, EDI=0x0d6068c0
EIP=0x6d0b64f8, EFLAGS=0x00010206

Top of Stack: (sp=0x038ef7b0)
0x038ef7b0:   00000000 03368d10 03368d00 00000062
0x038ef7c0:   0d6068c0 6d0aeccc 00000000 07649ce0
0x038ef7d0:   03361080 03368d10 6d0b3133 00000000
0x038ef7e0:   00009824 03230514 00000001 0000004c
0x038ef7f0:   00000001 00000000 00000062 00000000
0x038ef800:   773a1e65 03230514 03187108 7e398830
0x038ef810:   00000000 7e39882a 7e39c63f 00000000
0x038ef820:   6d06d890 00460e5e 18317a38 183332b0 

Instructions: (pc=0x6d0b64f8)
0x6d0b64e8:   8b 7c 24 10 8b c1 c1 e9 02 c1 e2 05 8d 74 1a 10
0x6d0b64f8:   f3 a5 8b c8 83 e1 03 f3 a4 8b 83 10 a0 00 00 8b 


Stack: [0x038a0000,0x038f0000],  sp=0x038ef7b0,  free space=317k
Native frames: (J=compiled Java code, j=interpreted, Vv=VM code, C=native code)
C  [awt.dll+0xb64f8]
C  [awt.dll+0x9c62c]
C  [USER32.dll+0x8734]
C  [USER32.dll+0x8816]
C  [USER32.dll+0xb4c0]
C  [USER32.dll+0xb50c]
C  [ntdll.dll+0xe473]
C  [USER32.dll+0x9402]

Java frames: (J=compiled Java code, j=interpreted, Vv=VM code)
j  sun.awt.windows.WToolkit.eventLoop()V+0
j  sun.awt.windows.WToolkit.run()V+69
j  java.lang.Thread.run()V+11
v  ~StubRoutines::call_stub

---------------  P R O C E S S  ---------------

Java Threads: ( => current thread )
  0x0357d000 JavaThread "Image Fetcher 0" daemon [_thread_blocked, id=87704, stack(0x08150000,0x081a0000)]
  0x03089400 JavaThread "Thread Group 1-75" [_thread_blocked, id=86412, stack(0x09d90000,0x09de0000)]
  0x078b8400 JavaThread "Thread Group 1-74" [_thread_blocked, id=88296, stack(0x09d40000,0x09d90000)]
  0x07a56c00 JavaThread "Thread Group 1-73" [_thread_blocked, id=83136, stack(0x09bf0000,0x09c40000)]
  0x07693800 JavaThread "Thread Group 1-72" [_thread_blocked, id=88980, stack(0x09ba0000,0x09bf0000)]
  0x031f6c00 JavaThread "Thread Group 1-71" [_thread_blocked, id=88492, stack(0x09b50000,0x09ba0000)]
  0x0308c400 JavaThread "Thread Group 1-70" [_thread_blocked, id=73312, stack(0x09b00000,0x09b50000)]
  0x0351c800 JavaThread "Thread Group 1-69" [_thread_blocked, id=90096, stack(0x09ab0000,0x09b00000)]
  0x078dbc00 JavaThread "Thread Group 1-68" [_thread_blocked, id=89108, stack(0x09a60000,0x09ab0000)]
  0x07521800 JavaThread "Thread Group 1-67" [_thread_blocked, id=88212, stack(0x09a10000,0x09a60000)]
  0x03634000 JavaThread "Thread Group 1-66" [_thread_blocked, id=89372, stack(0x099c0000,0x09a10000)]
  0x03314400 JavaThread "Thread Group 1-65" [_thread_blocked, id=88848, stack(0x09970000,0x099c0000)]
  0x03443400 JavaThread "Thread Group 1-64" [_thread_blocked, id=86816, stack(0x09920000,0x09970000)]
  0x079a9800 JavaThread "Thread Group 1-63" [_thread_blocked, id=89232, stack(0x098d0000,0x09920000)]
  0x0771c400 JavaThread "Thread Group 1-62" [_thread_blocked, id=89328, stack(0x09880000,0x098d0000)]
  0x074d7800 JavaThread "Thread Group 1-61" [_thread_blocked, id=71924, stack(0x09830000,0x09880000)]
  0x03546400 JavaThread "Thread Group 1-60" [_thread_blocked, id=89616, stack(0x097e0000,0x09830000)]
  0x076a8400 JavaThread "Thread Group 1-59" [_thread_blocked, id=89272, stack(0x09790000,0x097e0000)]
  0x03500800 JavaThread "Thread Group 1-58" [_thread_blocked, id=86580, stack(0x09740000,0x09790000)]
  0x077a4c00 JavaThread "Thread Group 1-57" [_thread_blocked, id=82828, stack(0x096f0000,0x09740000)]
  0x07669400 JavaThread "Thread Group 1-56" [_thread_blocked, id=84508, stack(0x096a0000,0x096f0000)]
  0x076cec00 JavaThread "Thread Group 1-55" [_thread_blocked, id=89360, stack(0x09650000,0x096a0000)]
  0x077d9400 JavaThread "Thread Group 1-54" [_thread_blocked, id=89600, stack(0x09600000,0x09650000)]
  0x074fc800 JavaThread "Thread Group 1-53" [_thread_blocked, id=89164, stack(0x095b0000,0x09600000)]
  0x07646400 JavaThread "Thread Group 1-52" [_thread_blocked, id=89184, stack(0x09560000,0x095b0000)]
  0x03519800 JavaThread "Thread Group 1-51" [_thread_blocked, id=88104, stack(0x09510000,0x09560000)]
  0x074e2800 JavaThread "Thread Group 1-50" [_thread_blocked, id=87768, stack(0x094c0000,0x09510000)]
  0x07476800 JavaThread "Thread Group 1-49" [_thread_blocked, id=87452, stack(0x09470000,0x094c0000)]
  0x077ac800 JavaThread "Thread Group 1-48" [_thread_blocked, id=89444, stack(0x09420000,0x09470000)]
  0x074f3800 JavaThread "Thread Group 1-47" [_thread_blocked, id=88840, stack(0x093d0000,0x09420000)]
  0x075c1400 JavaThread "Thread Group 1-46" [_thread_blocked, id=87236, stack(0x09380000,0x093d0000)]
  0x0762a800 JavaThread "Thread Group 1-45" [_thread_blocked, id=86640, stack(0x09330000,0x09380000)]
  0x035ed000 JavaThread "Thread Group 1-44" [_thread_blocked, id=89376, stack(0x092e0000,0x09330000)]
  0x035eec00 JavaThread "Thread Group 1-43" [_thread_blocked, id=70232, stack(0x09290000,0x092e0000)]
  0x076d8800 JavaThread "Thread Group 1-42" [_thread_blocked, id=89624, stack(0x09240000,0x09290000)]
  0x032d8400 JavaThread "Thread Group 1-41" [_thread_blocked, id=88448, stack(0x091f0000,0x09240000)]
  0x0772c800 JavaThread "Thread Group 1-40" [_thread_blocked, id=88728, stack(0x091a0000,0x091f0000)]
  0x0763a400 JavaThread "Thread Group 1-39" [_thread_blocked, id=88892, stack(0x09150000,0x091a0000)]
  0x03638400 JavaThread "Thread Group 1-38" [_thread_blocked, id=79076, stack(0x09100000,0x09150000)]
  0x07726800 JavaThread "Thread Group 1-37" [_thread_blocked, id=86544, stack(0x090b0000,0x09100000)]
  0x0780d400 JavaThread "Thread Group 1-36" [_thread_blocked, id=68368, stack(0x09060000,0x090b0000)]
  0x076a1800 JavaThread "Thread Group 1-35" [_thread_blocked, id=88788, stack(0x09010000,0x09060000)]
  0x0769d800 JavaThread "Thread Group 1-34" [_thread_blocked, id=90000, stack(0x08fc0000,0x09010000)]
  0x032db000 JavaThread "Thread Group 1-33" [_thread_blocked, id=74612, stack(0x08f70000,0x08fc0000)]
  0x0748a400 JavaThread "Thread Group 1-32" [_thread_blocked, id=89560, stack(0x08f20000,0x08f70000)]
  0x07813800 JavaThread "Thread Group 1-31" [_thread_blocked, id=86568, stack(0x08dc0000,0x08e10000)]
  0x0355c000 JavaThread "Thread Group 1-30" [_thread_blocked, id=89604, stack(0x08d70000,0x08dc0000)]
  0x076de800 JavaThread "Thread Group 1-29" [_thread_blocked, id=89384, stack(0x08d20000,0x08d70000)]
  0x03502400 JavaThread "Thread Group 1-28" [_thread_blocked, id=89648, stack(0x08cd0000,0x08d20000)]
  0x07822c00 JavaThread "Thread Group 1-27" [_thread_blocked, id=82484, stack(0x08c80000,0x08cd0000)]
  0x03443c00 JavaThread "Thread Group 1-26" [_thread_blocked, id=84124, stack(0x08c30000,0x08c80000)]
  0x03317000 JavaThread "Thread Group 1-25" [_thread_blocked, id=89224, stack(0x08be0000,0x08c30000)]
  0x076e8000 JavaThread "Thread Group 1-24" [_thread_blocked, id=86280, stack(0x08b90000,0x08be0000)]
  0x07916800 JavaThread "Thread Group 1-23" [_thread_blocked, id=89584, stack(0x08b40000,0x08b90000)]
  0x07a62c00 JavaThread "Thread Group 1-22" [_thread_blocked, id=88452, stack(0x08af0000,0x08b40000)]
  0x077c1c00 JavaThread "Thread Group 1-21" [_thread_blocked, id=89852, stack(0x08aa0000,0x08af0000)]
  0x07737400 JavaThread "Thread Group 1-20" [_thread_blocked, id=87152, stack(0x08a50000,0x08aa0000)]
  0x07571400 JavaThread "Thread Group 1-19" [_thread_blocked, id=87936, stack(0x08a00000,0x08a50000)]
  0x035e0400 JavaThread "Thread Group 1-18" [_thread_blocked, id=89132, stack(0x089b0000,0x08a00000)]
  0x0768b800 JavaThread "Thread Group 1-17" [_thread_blocked, id=85836, stack(0x08960000,0x089b0000)]
  0x07a5b800 JavaThread "Thread Group 1-16" [_thread_blocked, id=87148, stack(0x08910000,0x08960000)]
  0x07614800 JavaThread "Thread Group 1-15" [_thread_blocked, id=89540, stack(0x088c0000,0x08910000)]
  0x078aa400 JavaThread "Thread Group 1-14" [_thread_blocked, id=86588, stack(0x08870000,0x088c0000)]
  0x07593c00 JavaThread "Thread Group 1-13" [_thread_blocked, id=85224, stack(0x08820000,0x08870000)]
  0x0768f800 JavaThread "Thread Group 1-12" [_thread_blocked, id=88472, stack(0x087d0000,0x08820000)]
  0x030f7400 JavaThread "Thread Group 1-11" [_thread_blocked, id=72500, stack(0x08780000,0x087d0000)]
  0x07a62400 JavaThread "Thread Group 1-10" [_thread_blocked, id=89924, stack(0x08730000,0x08780000)]
  0x077da000 JavaThread "Thread Group 1-9" [_thread_blocked, id=88576, stack(0x086e0000,0x08730000)]
  0x075c0c00 JavaThread "Thread Group 1-8" [_thread_blocked, id=83188, stack(0x08690000,0x086e0000)]
  0x035a1400 JavaThread "Thread Group 1-7" [_thread_blocked, id=89016, stack(0x08640000,0x08690000)]
  0x075aa800 JavaThread "Thread Group 1-6" [_thread_blocked, id=88736, stack(0x085f0000,0x08640000)]
  0x07575800 JavaThread "Thread Group 1-5" [_thread_blocked, id=87680, stack(0x085a0000,0x085f0000)]
  0x07474800 JavaThread "Thread Group 1-4" [_thread_blocked, id=87944, stack(0x08550000,0x085a0000)]
  0x0773e400 JavaThread "Thread Group 1-3" [_thread_blocked, id=86296, stack(0x08500000,0x08550000)]
  0x078b0400 JavaThread "Thread Group 1-2" [_thread_blocked, id=89324, stack(0x084b0000,0x08500000)]
  0x076ebc00 JavaThread "Thread Group 1-1" [_thread_blocked, id=89292, stack(0x08460000,0x084b0000)]
  0x03180400 JavaThread "Swing-Shell" daemon [_thread_blocked, id=65684, stack(0x03c60000,0x03cb0000)]
  0x034d1400 JavaThread "D3D Screen Updater" daemon [_thread_in_native, id=66796, stack(0x03a40000,0x03a90000)]
  0x003a6c00 JavaThread "DestroyJavaVM" [_thread_blocked, id=66880, stack(0x00990000,0x009e0000)]
  0x03438400 JavaThread "TimerQueue" daemon [_thread_blocked, id=65808, stack(0x03a90000,0x03ae0000)]
  0x033a1000 JavaThread "AWT-EventQueue-0" [_thread_blocked, id=66948, stack(0x039e0000,0x03a30000)]
=>0x03230400 JavaThread "AWT-Windows" daemon [_thread_in_native, id=65784, stack(0x038a0000,0x038f0000)]
  0x031c9800 JavaThread "AWT-Shutdown" [_thread_blocked, id=65792, stack(0x03850000,0x038a0000)]
  0x031cb800 JavaThread "Java2D Disposer" daemon [_thread_blocked, id=65788, stack(0x03800000,0x03850000)]
  0x02d54000 JavaThread "Low Memory Detector" daemon [_thread_blocked, id=66932, stack(0x02fa0000,0x02ff0000)]
  0x02d4ec00 JavaThread "CompilerThread0" daemon [_thread_blocked, id=67508, stack(0x02f50000,0x02fa0000)]
  0x02d4d400 JavaThread "Attach Listener" daemon [_thread_blocked, id=63580, stack(0x02f00000,0x02f50000)]
  0x02d4c000 JavaThread "Signal Dispatcher" daemon [_thread_blocked, id=66632, stack(0x02eb0000,0x02f00000)]
  0x02d39000 JavaThread "Finalizer" daemon [_thread_blocked, id=66768, stack(0x02e60000,0x02eb0000)]
  0x02d37800 JavaThread "Reference Handler" daemon [_thread_blocked, id=65804, stack(0x02e10000,0x02e60000)]

Other Threads:
  0x02d32800 VMThread [stack: 0x02dc0000,0x02e10000] [id=66832]
  0x02d57000 WatcherThread [stack: 0x02ff0000,0x03040000] [id=66936]

VM state:not at safepoint (normal execution)

VM Mutex/Monitor currently owned by a thread: None

Heap
 def new generation   total 118016K, used 8547K [0x10020000, 0x18020000, 0x18020000)
  eden space 104960K,   8% used [0x10020000, 0x10878c70, 0x166a0000)
  from space 13056K,   0% used [0x17360000, 0x17360000, 0x18020000)
  to   space 13056K,   0% used [0x166a0000, 0x166a0000, 0x17360000)
 tenured generation   total 393216K, used 27756K [0x18020000, 0x30020000, 0x30020000)
   the space 393216K,   7% used [0x18020000, 0x19b3b2a8, 0x19b3b400, 0x30020000)
 compacting perm gen  total 65536K, used 21371K [0x30020000, 0x34020000, 0x34020000)
   the space 65536K,  32% used [0x30020000, 0x314fec20, 0x314fee00, 0x34020000)
No shared spaces configured.

Dynamic libraries:
0x00400000 - 0x00424000 	C:\WINDOWS\system32\java.exe
0x7c900000 - 0x7c9b8000 	C:\WINDOWS\system32\ntdll.dll
0x7c800000 - 0x7c8ff000 	C:\WINDOWS\system32\kernel32.dll
0x77f40000 - 0x77feb000 	C:\WINDOWS\system32\ADVAPI32.dll
0x77da0000 - 0x77e32000 	C:\WINDOWS\system32\RPCRT4.dll
0x77f10000 - 0x77f21000 	C:\WINDOWS\system32\Secur32.dll
0x7c340000 - 0x7c396000 	C:\Program Files\Java\jre6\bin\msvcr71.dll
0x6d800000 - 0x6da56000 	C:\Program Files\Java\jre6\bin\client\jvm.dll
0x7e390000 - 0x7e420000 	C:\WINDOWS\system32\USER32.dll
0x77e40000 - 0x77e88000 	C:\WINDOWS\system32\GDI32.dll
0x76af0000 - 0x76b1e000 	C:\WINDOWS\system32\WINMM.dll
0x76330000 - 0x7634d000 	C:\WINDOWS\system32\IMM32.DLL
0x10000000 - 0x10011000 	C:\WINDOWS\system32\AMINIT.dll
0x6d290000 - 0x6d298000 	C:\Program Files\Java\jre6\bin\hpi.dll
0x76bb0000 - 0x76bbb000 	C:\WINDOWS\system32\PSAPI.DLL
0x6d7b0000 - 0x6d7bc000 	C:\Program Files\Java\jre6\bin\verify.dll
0x6d330000 - 0x6d34f000 	C:\Program Files\Java\jre6\bin\java.dll
0x6d7f0000 - 0x6d7ff000 	C:\Program Files\Java\jre6\bin\zip.dll
0x6d610000 - 0x6d623000 	C:\Program Files\Java\jre6\bin\net.dll
0x71a30000 - 0x71a47000 	C:\WINDOWS\system32\WS2_32.dll
0x77be0000 - 0x77c38000 	C:\WINDOWS\system32\msvcrt.dll
0x71a20000 - 0x71a28000 	C:\WINDOWS\system32\WS2HELP.dll
0x719d0000 - 0x71a10000 	C:\WINDOWS\System32\mswsock.dll
0x76ee0000 - 0x76f07000 	C:\WINDOWS\system32\DNSAPI.dll
0x76f70000 - 0x76f78000 	C:\WINDOWS\System32\winrnr.dll
0x76f20000 - 0x76f4d000 	C:\WINDOWS\system32\WLDAP32.dll
0x036e0000 - 0x036f9000 	C:\Program Files\Bonjour\mdnsNSP.dll
0x76d20000 - 0x76d39000 	C:\WINDOWS\system32\Iphlpapi.dll
0x60000000 - 0x60025000 	C:\PROGRA~1\WHALEC~1\CLIENT~1\31265D~1.0\WhlNSP.dll
0x76020000 - 0x76085000 	C:\WINDOWS\system32\msvcp60.dll
0x76f10000 - 0x76f18000 	C:\WINDOWS\system32\WTSAPI32.DLL
0x76300000 - 0x76310000 	C:\WINDOWS\system32\WINSTA.dll
0x6ff20000 - 0x6ff74000 	C:\WINDOWS\system32\NETAPI32.dll
0x7c9c0000 - 0x7d1e1000 	C:\WINDOWS\system32\SHELL32.dll
0x77e90000 - 0x77f06000 	C:\WINDOWS\system32\SHLWAPI.dll
0x77390000 - 0x77493000 	C:\WINDOWS\WinSxS\x86_Microsoft.Windows.Common-Controls_6595b64144ccf1df_6.0.2600.2982_x-ww_ac3f9c03\comctl32.dll
0x77650000 - 0x77671000 	C:\WINDOWS\system32\NTMARTA.DLL
0x774a0000 - 0x775dd000 	C:\WINDOWS\system32\ole32.dll
0x71b80000 - 0x71b93000 	C:\WINDOWS\system32\SAMLIB.dll
0x76f80000 - 0x76f86000 	C:\WINDOWS\system32\rasadhlp.dll
0x6d000000 - 0x6d14a000 	C:\Program Files\Java\jre6\bin\awt.dll
0x72f70000 - 0x72f96000 	C:\WINDOWS\system32\WINSPOOL.DRV
0x5b190000 - 0x5b1c8000 	C:\WINDOWS\system32\uxtheme.dll
0x038f0000 - 0x03902000 	C:\Program Files\RocketDock\RocketDock.dll
0x746a0000 - 0x746eb000 	C:\WINDOWS\system32\MSCTF.dll
0x75250000 - 0x7527e000 	C:\WINDOWS\system32\msctfime.ime
0x4fd10000 - 0x4feb6000 	C:\WINDOWS\system32\d3d9.dll
0x6deb0000 - 0x6deb6000 	C:\WINDOWS\system32\d3d8thk.dll
0x77bd0000 - 0x77bd8000 	C:\WINDOWS\system32\VERSION.dll
0x6d230000 - 0x6d284000 	C:\Program Files\Java\jre6\bin\fontmanager.dll
0x6d630000 - 0x6d639000 	C:\Program Files\Java\jre6\bin\nio.dll
0x6d450000 - 0x6d474000 	C:\Program Files\Java\jre6\bin\jpeg.dll
0x03ae0000 - 0x03ae6000 	C:\Program Files\Synergy\synrgyhk.dll
0x770e0000 - 0x7716b000 	C:\WINDOWS\system32\OLEAUT32.DLL
0x03cb0000 - 0x03f85000 	C:\WINDOWS\system32\xpsp2res.dll
0x77b00000 - 0x77b22000 	C:\WINDOWS\system32\appHelp.dll
0x76f90000 - 0x7700f000 	C:\WINDOWS\system32\CLBCATQ.DLL
0x77010000 - 0x770dd000 	C:\WINDOWS\system32\COMRes.dll
0x06880000 - 0x068db000 	C:\Program Files\Common Files\Adobe\Acrobat\ActiveX\PDFShell.dll
0x78130000 - 0x781cb000 	C:\WINDOWS\WinSxS\x86_Microsoft.VC80.CRT_1fc8b3b9a1e18e3b_8.0.50727.3053_x-ww_b80fa8ca\MSVCR80.dll
0x068f0000 - 0x0693c000 	C:\Program Files\Common Files\Adobe\Acrobat\ActiveX\PDFShell.NLD
0x71aa0000 - 0x71ab2000 	C:\WINDOWS\system32\MPR.dll
0x75f00000 - 0x75f07000 	C:\WINDOWS\System32\drprov.dll
0x71ba0000 - 0x71bae000 	C:\WINDOWS\System32\ntlanman.dll
0x71c60000 - 0x71c77000 	C:\WINDOWS\System32\NETUI0.dll
0x71c20000 - 0x71c60000 	C:\WINDOWS\System32\NETUI1.dll
0x71c10000 - 0x71c17000 	C:\WINDOWS\System32\NETRAP.dll
0x75f10000 - 0x75f19000 	C:\WINDOWS\System32\davclnt.dll
0x778e0000 - 0x779d7000 	C:\WINDOWS\system32\SETUPAPI.dll
0x5a500000 - 0x5a550000 	C:\Program Files\Windows Live\Messenger\fsshext.8.5.1302.1018.dll
0x4eb80000 - 0x4ed26000 	C:\WINDOWS\WinSxS\x86_Microsoft.Windows.GdiPlus_6595b64144ccf1df_1.0.2600.3352_x-ww_81af8e88\gdiplus.dll
0x661d0000 - 0x663ef000 	C:\Program Files\Microsoft Office\Office12\GrooveShellExtensions.dll
0x68ef0000 - 0x68fe2000 	C:\Program Files\Microsoft Office\Office12\GrooveUtil.DLL
0x40ca0000 - 0x40d70000 	C:\WINDOWS\system32\WININET.dll
0x06a40000 - 0x06a49000 	C:\WINDOWS\system32\Normaliz.dll
0x41340000 - 0x41385000 	C:\WINDOWS\system32\iertutil.dll
0x77a40000 - 0x77ad5000 	C:\WINDOWS\system32\CRYPT32.dll
0x77ae0000 - 0x77af2000 	C:\WINDOWS\system32\MSASN1.dll
0x68ff0000 - 0x68ff7000 	C:\Program Files\Microsoft Office\Office12\GrooveNew.DLL
0x7c630000 - 0x7c64b000 	C:\WINDOWS\WinSxS\x86_Microsoft.VC80.ATL_1fc8b3b9a1e18e3b_8.0.50727.4053_x-ww_473666fd\ATL80.DLL
0x0ffd0000 - 0x0fff8000 	C:\WINDOWS\system32\rsaenh.dll
0x76320000 - 0x76325000 	C:\WINDOWS\system32\MSImg32.dll
0x779e0000 - 0x77a36000 	C:\WINDOWS\System32\cscui.dll
0x765a0000 - 0x765bd000 	C:\WINDOWS\System32\CSCDLL.dll
0x06d40000 - 0x06fbe000 	C:\WINDOWS\system32\wpdshext.dll
0x06cd0000 - 0x06d19000 	C:\WINDOWS\system32\PortableDeviceApi.dll
0x76bf0000 - 0x76c1e000 	C:\WINDOWS\system32\WINTRUST.dll
0x76c50000 - 0x76c78000 	C:\WINDOWS\system32\IMAGEHLP.dll
0x07160000 - 0x071a6000 	C:\WINDOWS\system32\Audiodev.dll
0x071b0000 - 0x0740c000 	C:\WINDOWS\system32\WMVCore.DLL
0x070c0000 - 0x070fa000 	C:\WINDOWS\system32\WMASF.DLL
0x76930000 - 0x76938000 	C:\WINDOWS\system32\LINKINFO.dll
0x76940000 - 0x76966000 	C:\WINDOWS\system32\ntshrui.dll
0x76ad0000 - 0x76ae1000 	C:\WINDOWS\system32\ATL.DLL
0x76970000 - 0x76a24000 	C:\WINDOWS\system32\USERENV.dll
0x03990000 - 0x039c8000 	C:\PROGRA~1\WHALEC~1\CLIENT~1\31265D~1.0\WhlLSP.dll
0x61200000 - 0x61259000 	C:\WINDOWS\system32\hnetcfg.dll
0x71a10000 - 0x71a18000 	C:\WINDOWS\System32\wshtcpip.dll
0x6d790000 - 0x6d798000 	C:\Program Files\Java\jre6\bin\sunmscapi.dll

VM Arguments:
jvm_args: -XX:+HeapDumpOnOutOfMemoryError -Xms512m -Xmx512m -XX:NewSize=128m -XX:MaxNewSize=128m -XX:SurvivorRatio=8 -XX:TargetSurvivorRatio=50 -XX:MaxTenuringThreshold=2 -XX:MaxLiveObjectEvacuationRatio=20 -Dsun.rmi.dgc.client.gcInterval=600000 -Dsun.rmi.dgc.server.gcInterval=600000 -XX:PermSize=64m -XX:MaxPermSize=64m 
java_command: ApacheJMeter.jar
Launcher Type: SUN_STANDARD

Environment Variables:
JAVA_HOME=C:\Program Files\Java\jre1.5.0_18
CLASSPATH=.;C:\Program Files\QuickTime\QTSystem\QTJava.zip
PATH=C:\WINDOWS\system32;C:\WINDOWS;C:\WINDOWS\System32\Wbem;C:\Program Files\QuickTime\QTSystem\;c:\Program Files\Microsoft SQL Server\90\Tools\binn\;C:\Program Files\Nmap
USERNAME=smit01
OS=Windows_NT
PROCESSOR_IDENTIFIER=x86 Family 6 Model 15 Stepping 11, GenuineIntel



---------------  S Y S T E M  ---------------

OS: Windows XP Build 2600 Service Pack 2

CPU:total 4 (4 cores per cpu, 1 threads per core) family 6 model 15 stepping 11, cmov, cx8, fxsr, mmx, sse, sse2, sse3, ssse3

Memory: 4k page, physical 2097151k(1340484k free), swap 4194303k(2400348k free)

vm_info: Java HotSpot(TM) Client VM (11.3-b02) for windows-x86 JRE (1.6.0_13-b03), built on Mar  9 2009 01:15:24 by "java_re" with MS VC++ 7.1

time: Fri Sep 11 17:01:20 2009
elapsed time: 369274 seconds

