2019-09-11 17:59:09,375 INFO o.a.j.u.JMeterUtils: Setting Locale to zh_CN
2019-09-11 17:59:09,399 INFO o.a.j.JMeter: Loading user properties from: user.properties
2019-09-11 17:59:09,400 INFO o.a.j.JMeter: Loading system properties from: system.properties
2019-09-11 17:59:09,400 INFO o.a.j.JMeter: Setting JMeter property: mapi.domain=https://mapi.innertest3.ipaylinks.com
2019-09-11 17:59:09,400 INFO o.a.j.JMeter: Setting JMeter property: mapi.merchantId=500000000001503
2019-09-11 17:59:09,401 INFO o.a.j.JMeter: Setting JMeter property: mapi.pkey.md5=666
2019-09-11 17:59:09,401 INFO o.a.j.JMeter: Setting JMeter property: mapi.carrierId=www.pay.com
2019-09-11 17:59:09,401 INFO o.a.j.JMeter: Setting JMeter property: mapi.notifyUrl=http://172.16.1.210:50011/asyncNotify.htm
2019-09-11 17:59:09,402 INFO o.a.j.JMeter: Setting JMeter property: mapi.redirectUrl=http://47.100.32.200:50011/redirect2u0.htm
2019-09-11 17:59:09,402 INFO o.a.j.JMeter: Setting JMeter property: mapi.transAmt=1234
2019-09-11 17:59:09,402 INFO o.a.j.JMeter: Setting JMeter property: mapi.currency=USD
2019-09-11 17:59:09,402 INFO o.a.j.JMeter: Setting JMeter property: mapi.settleCurrency=USD
2019-09-11 17:59:09,402 INFO o.a.j.JMeter: Setting JMeter property: mapi.dcc=EDC
2019-09-11 17:59:09,402 INFO o.a.j.JMeter: Setting JMeter property: webgate.domain=http://api.innertest3.ipaylinks.com
2019-09-11 17:59:09,402 INFO o.a.j.JMeter: Setting JMeter property: webgate.partnerId=10000003781
2019-09-11 17:59:09,402 INFO o.a.j.JMeter: Setting JMeter property: webgate.pkey.md5=666
2019-09-11 17:59:09,402 INFO o.a.j.JMeter: Setting JMeter property: webgate.siteId=www.pay.com
2019-09-11 17:59:09,402 INFO o.a.j.JMeter: Setting JMeter property: webgate.noticeUrl=http://101.132.162.77:50001/notify.htm
2019-09-11 17:59:09,402 INFO o.a.j.JMeter: Setting JMeter property: webgate.returnUrl=http://101.132.162.77:50001/redirect.htm
2019-09-11 17:59:09,403 INFO o.a.j.JMeter: Setting JMeter property: webgate.orderAmount=1234
2019-09-11 17:59:09,403 INFO o.a.j.JMeter: Setting JMeter property: webgate.currencyCode=CNY
2019-09-11 17:59:09,403 INFO o.a.j.JMeter: Setting JMeter property: webgate.settlementCurrencyCode=CNY
2019-09-11 17:59:09,403 INFO o.a.j.JMeter: Setting JMeter property: webgate.payType=EDC
2019-09-11 17:59:09,403 INFO o.a.j.JMeter: Setting JMeter property: webgate.cardInfos=[{cardHolderNumber:4693966212189886,cardExpirationMonth:10,cardExpirationYear:23,securityCode:565,cardHolderFirstName:qiuhua,cardHolderLastName:yang},{cardHolderNumber:4693967295215523,cardExpirationMonth:10,cardExpirationYear:23,securityCode:565,cardHolderFirstName:qiuhua,cardHolderLastName:yang},{cardHolderNumber:4693960111089859,cardExpirationMonth:10,cardExpirationYear:23,securityCode:565,cardHolderFirstName:qiuhua,cardHolderLastName:yang}]
2019-09-11 17:59:09,403 INFO o.a.j.JMeter: Setting JMeter property: jmeter.save.saveservice.output_format=xml
2019-09-11 17:59:09,409 INFO o.a.j.JMeter: Copyright (c) 1998-2018 The Apache Software Foundation
2019-09-11 17:59:09,409 INFO o.a.j.JMeter: Version 5.0 r1840935
2019-09-11 17:59:09,409 INFO o.a.j.JMeter: java.version=1.8.0_181
2019-09-11 17:59:09,409 INFO o.a.j.JMeter: java.vm.name=Java HotSpot(TM) 64-Bit Server VM
2019-09-11 17:59:09,409 INFO o.a.j.JMeter: os.name=Windows 10
2019-09-11 17:59:09,410 INFO o.a.j.JMeter: os.arch=amd64
2019-09-11 17:59:09,410 INFO o.a.j.JMeter: os.version=10.0
2019-09-11 17:59:09,410 INFO o.a.j.JMeter: file.encoding=GBK
2019-09-11 17:59:09,410 INFO o.a.j.JMeter: Max memory     =954728448
2019-09-11 17:59:09,410 INFO o.a.j.JMeter: Available Processors =4
2019-09-11 17:59:09,418 INFO o.a.j.JMeter: Default Locale=中文 (中国)
2019-09-11 17:59:09,418 INFO o.a.j.JMeter: JMeter  Locale=中文 (中国)
2019-09-11 17:59:09,418 INFO o.a.j.JMeter: JMeterHome=E:\opt\jmeter\apache-jmeter-5.0
2019-09-11 17:59:09,418 INFO o.a.j.JMeter: user.dir  =E:\opt\jmeter\apache-jmeter-5.0\bin
2019-09-11 17:59:09,419 INFO o.a.j.JMeter: PWD       =E:\opt\jmeter\apache-jmeter-5.0\bin
2019-09-11 17:59:09,420 INFO o.a.j.JMeter: IP: 172.19.0.156 Name: yangqiuhua FullName: yangqiuhua.iplad.com
2019-09-11 17:59:09,424 INFO o.a.j.s.FileServer: Default base='E:\opt\jmeter\apache-jmeter-5.0\bin'
2019-09-11 17:59:09,429 INFO o.a.j.s.FileServer: Set new base='E:\opt\jmeter\test-plan'
2019-09-11 17:59:09,616 INFO o.a.j.s.SaveService: Testplan (JMX) version: 2.2. Testlog (JTL) version: 2.2
2019-09-11 17:59:09,634 INFO o.a.j.s.SaveService: Using SaveService properties file encoding UTF-8
2019-09-11 17:59:09,641 INFO o.a.j.s.SaveService: Using SaveService properties version 5.0
2019-09-11 17:59:09,648 INFO o.a.j.s.SaveService: Loading file: E:\opt\jmeter\test-plan\webgate-v1u0.jmx
2019-09-11 17:59:09,731 INFO o.a.j.p.h.s.HTTPSamplerBase: Parser for text/html is org.apache.jmeter.protocol.http.parser.LagartoBasedHtmlParser
2019-09-11 17:59:09,731 INFO o.a.j.p.h.s.HTTPSamplerBase: Parser for application/xhtml+xml is org.apache.jmeter.protocol.http.parser.LagartoBasedHtmlParser
2019-09-11 17:59:09,731 INFO o.a.j.p.h.s.HTTPSamplerBase: Parser for application/xml is org.apache.jmeter.protocol.http.parser.LagartoBasedHtmlParser
2019-09-11 17:59:09,731 INFO o.a.j.p.h.s.HTTPSamplerBase: Parser for text/xml is org.apache.jmeter.protocol.http.parser.LagartoBasedHtmlParser
2019-09-11 17:59:09,732 INFO o.a.j.p.h.s.HTTPSamplerBase: Parser for text/vnd.wap.wml is org.apache.jmeter.protocol.http.parser.RegexpHTMLParser
2019-09-11 17:59:09,732 INFO o.a.j.p.h.s.HTTPSamplerBase: Parser for text/css is org.apache.jmeter.protocol.http.parser.CssParser
2019-09-11 17:59:09,793 INFO o.a.j.JMeter: Creating summariser <summary>
2019-09-11 17:59:09,805 INFO o.a.j.e.StandardJMeterEngine: Running the test!
2019-09-11 17:59:09,806 INFO o.a.j.s.SampleEvent: List of sample_variables: []
2019-09-11 17:59:09,807 INFO o.a.j.s.SampleEvent: List of sample_variables: []
2019-09-11 17:59:09,815 INFO o.a.j.e.u.CompoundVariable: Note: Function class names must contain the string: '.functions.'
2019-09-11 17:59:09,815 INFO o.a.j.e.u.CompoundVariable: Note: Function class names must not contain the string: '.gui.'
2019-09-11 17:59:10,677 INFO o.a.j.JMeter: 正在运行的测试 (1568195950677)
2019-09-11 17:59:10,775 INFO o.a.j.e.StandardJMeterEngine: Starting ThreadGroup: 1 : 线程组
2019-09-11 17:59:10,775 INFO o.a.j.e.StandardJMeterEngine: Starting 1 threads for group 线程组.
2019-09-11 17:59:10,776 INFO o.a.j.e.StandardJMeterEngine: Thread will continue on error
2019-09-11 17:59:10,776 INFO o.a.j.t.ThreadGroup: Starting thread group... number=1 threads=1 ramp-up=1 perThread=1000.0 delayedStart=false
2019-09-11 17:59:10,785 INFO o.a.j.t.ThreadGroup: Started thread group number 1
2019-09-11 17:59:10,785 INFO o.a.j.e.StandardJMeterEngine: All thread groups have been started
2019-09-11 17:59:10,788 INFO o.a.j.t.JMeterThread: Thread started: 线程组 1-1
2019-09-11 17:59:10,792 INFO o.a.j.s.SampleResult: Note: Sample TimeStamps are START times
2019-09-11 17:59:10,792 INFO o.a.j.s.SampleResult: sampleresult.default.encoding is set to ISO-8859-1
2019-09-11 17:59:10,792 INFO o.a.j.s.SampleResult: sampleresult.useNanoTime=true
2019-09-11 17:59:10,792 INFO o.a.j.s.SampleResult: sampleresult.nanoThreadSleep=5000
2019-09-11 17:59:11,524 INFO o.a.j.p.j.s.JSR223Sampler: cardInfosStr:[{cardHolderNumber:4693966212189886,cardExpirationMonth:10,cardExpirationYear:23,securityCode:565,cardHolderFirstName:qiuhua,cardHolderLastName:yang},{cardHolderNumber:4693967295215523,cardExpirationMonth:10,cardExpirationYear:23,securityCode:565,cardHolderFirstName:qiuhua,cardHolderLastName:yang},{cardHolderNumber:4693960111089859,cardExpirationMonth:10,cardExpirationYear:23,securityCode:565,cardHolderFirstName:qiuhua,cardHolderLastName:yang}]
2019-09-11 17:59:11,664 ERROR o.a.j.p.j.s.JSR223Sampler: Problem in JSR223 script JSR223 Sampler cardInfos, message: javax.script.ScriptException: com.alibaba.fastjson.JSONException: syntax error, pos 119, line 1, column 120[{cardHolderNumber:4693966212189886,cardExpirationMonth:10,cardExpirationYear:23,securityCode:565,cardHolderFirstName:qiuhua,cardHolderLastName:yang},{cardHolderNumber:4693967295215523,cardExpirationMonth:10,cardExpirationYear:23,securityCode:565,cardHolderFirstName:qiuhua,cardHolderLastName:yang},{cardHolderNumber:4693960111089859,cardExpirationMonth:10,cardExpirationYear:23,securityCode:565,cardHolderFirstName:qiuhua,cardHolderLastName:yang}]
javax.script.ScriptException: com.alibaba.fastjson.JSONException: syntax error, pos 119, line 1, column 120[{cardHolderNumber:4693966212189886,cardExpirationMonth:10,cardExpirationYear:23,securityCode:565,cardHolderFirstName:qiuhua,cardHolderLastName:yang},{cardHolderNumber:4693967295215523,cardExpirationMonth:10,cardExpirationYear:23,securityCode:565,cardHolderFirstName:qiuhua,cardHolderLastName:yang},{cardHolderNumber:4693960111089859,cardExpirationMonth:10,cardExpirationYear:23,securityCode:565,cardHolderFirstName:qiuhua,cardHolderLastName:yang}]
	at org.codehaus.groovy.jsr223.GroovyScriptEngineImpl.eval(GroovyScriptEngineImpl.java:324) ~[groovy-all-2.4.15.jar:2.4.15]
	at org.codehaus.groovy.jsr223.GroovyCompiledScript.eval(GroovyCompiledScript.java:72) ~[groovy-all-2.4.15.jar:2.4.15]
	at javax.script.CompiledScript.eval(CompiledScript.java:92) ~[?:1.8.0_181]
	at org.apache.jmeter.util.JSR223TestElement.processFileOrScript(JSR223TestElement.java:221) ~[ApacheJMeter_core.jar:5.0 r1840935]
	at org.apache.jmeter.protocol.java.sampler.JSR223Sampler.sample(JSR223Sampler.java:71) [ApacheJMeter_java.jar:5.0 r1840935]
	at org.apache.jmeter.threads.JMeterThread.doSampling(JMeterThread.java:622) [ApacheJMeter_core.jar:5.0 r1840935]
	at org.apache.jmeter.threads.JMeterThread.executeSamplePackage(JMeterThread.java:546) [ApacheJMeter_core.jar:5.0 r1840935]
	at org.apache.jmeter.threads.JMeterThread.processSampler(JMeterThread.java:486) [ApacheJMeter_core.jar:5.0 r1840935]
	at org.apache.jmeter.threads.JMeterThread.run(JMeterThread.java:253) [ApacheJMeter_core.jar:5.0 r1840935]
	at java.lang.Thread.run(Thread.java:748) [?:1.8.0_181]
Caused by: com.alibaba.fastjson.JSONException: syntax error, pos 119, line 1, column 120[{cardHolderNumber:4693966212189886,cardExpirationMonth:10,cardExpirationYear:23,securityCode:565,cardHolderFirstName:qiuhua,cardHolderLastName:yang},{cardHolderNumber:4693967295215523,cardExpirationMonth:10,cardExpirationYear:23,securityCode:565,cardHolderFirstName:qiuhua,cardHolderLastName:yang},{cardHolderNumber:4693960111089859,cardExpirationMonth:10,cardExpirationYear:23,securityCode:565,cardHolderFirstName:qiuhua,cardHolderLastName:yang}]
	at com.alibaba.fastjson.parser.DefaultJSONParser.parse(DefaultJSONParser.java:1477) ~[fastjson-1.2.60.jar:?]
	at com.alibaba.fastjson.parser.DefaultJSONParser.parse(DefaultJSONParser.java:1363) ~[fastjson-1.2.60.jar:?]
	at com.alibaba.fastjson.parser.DefaultJSONParser.parseObject(DefaultJSONParser.java:604) ~[fastjson-1.2.60.jar:?]
	at com.alibaba.fastjson.parser.DefaultJSONParser.parseArray(DefaultJSONParser.java:1222) ~[fastjson-1.2.60.jar:?]
	at com.alibaba.fastjson.parser.DefaultJSONParser.parseArray(DefaultJSONParser.java:1152) ~[fastjson-1.2.60.jar:?]
	at com.alibaba.fastjson.JSON.parseArray(JSON.java:580) ~[fastjson-1.2.60.jar:?]
	at com.alibaba.fastjson.JSON$parseArray.call(Unknown Source) ~[?:?]
	at org.codehaus.groovy.runtime.callsite.CallSiteArray.defaultCall(CallSiteArray.java:47) ~[groovy-all-2.4.15.jar:2.4.15]
	at org.codehaus.groovy.runtime.callsite.AbstractCallSite.call(AbstractCallSite.java:116) ~[groovy-all-2.4.15.jar:2.4.15]
	at org.codehaus.groovy.runtime.callsite.AbstractCallSite.call(AbstractCallSite.java:128) ~[groovy-all-2.4.15.jar:2.4.15]
	at Script1.run(Script1.groovy:9) ~[?:?]
	at org.codehaus.groovy.jsr223.GroovyScriptEngineImpl.eval(GroovyScriptEngineImpl.java:321) ~[groovy-all-2.4.15.jar:2.4.15]
	... 9 more
2019-09-11 17:59:11,769 ERROR o.a.j.m.JSR223PreProcessor: Problem in JSR223 script, JSR223 PreProcessor cardInfo
javax.script.ScriptException: java.lang.NumberFormatException: null
	at org.codehaus.groovy.jsr223.GroovyScriptEngineImpl.eval(GroovyScriptEngineImpl.java:324) ~[groovy-all-2.4.15.jar:2.4.15]
	at org.codehaus.groovy.jsr223.GroovyCompiledScript.eval(GroovyCompiledScript.java:72) ~[groovy-all-2.4.15.jar:2.4.15]
	at javax.script.CompiledScript.eval(CompiledScript.java:92) ~[?:1.8.0_181]
	at org.apache.jmeter.util.JSR223TestElement.processFileOrScript(JSR223TestElement.java:221) ~[ApacheJMeter_core.jar:5.0 r1840935]
	at org.apache.jmeter.modifiers.JSR223PreProcessor.process(JSR223PreProcessor.java:44) [ApacheJMeter_components.jar:5.0 r1840935]
	at org.apache.jmeter.threads.JMeterThread.runPreProcessors(JMeterThread.java:935) [ApacheJMeter_core.jar:5.0 r1840935]
	at org.apache.jmeter.threads.JMeterThread.executeSamplePackage(JMeterThread.java:537) [ApacheJMeter_core.jar:5.0 r1840935]
	at org.apache.jmeter.threads.JMeterThread.processSampler(JMeterThread.java:486) [ApacheJMeter_core.jar:5.0 r1840935]
	at org.apache.jmeter.threads.JMeterThread.run(JMeterThread.java:253) [ApacheJMeter_core.jar:5.0 r1840935]
	at java.lang.Thread.run(Thread.java:748) [?:1.8.0_181]
Caused by: java.lang.NumberFormatException: null
	at java.lang.Integer.parseInt(Integer.java:542) ~[?:1.8.0_181]
	at java.lang.Integer.parseInt(Integer.java:615) ~[?:1.8.0_181]
	at java_lang_Integer$parseInt.call(Unknown Source) ~[?:?]
	at org.codehaus.groovy.runtime.callsite.CallSiteArray.defaultCall(CallSiteArray.java:47) ~[groovy-all-2.4.15.jar:2.4.15]
	at org.codehaus.groovy.runtime.callsite.AbstractCallSite.call(AbstractCallSite.java:116) ~[groovy-all-2.4.15.jar:2.4.15]
	at org.codehaus.groovy.runtime.callsite.AbstractCallSite.call(AbstractCallSite.java:128) ~[groovy-all-2.4.15.jar:2.4.15]
	at Script2.run(Script2.groovy:5) ~[?:?]
	at org.codehaus.groovy.jsr223.GroovyScriptEngineImpl.eval(GroovyScriptEngineImpl.java:321) ~[groovy-all-2.4.15.jar:2.4.15]
	... 9 more
2019-09-11 17:59:11,897 ERROR o.a.j.m.JSR223PreProcessor: Problem in JSR223 script, JSR223 PreProcessor 加签
javax.script.ScriptException: javax.script.ScriptException: java.lang.NullPointerException
	at org.codehaus.groovy.jsr223.GroovyScriptEngineImpl.eval(GroovyScriptEngineImpl.java:162) ~[groovy-all-2.4.15.jar:2.4.15]
	at javax.script.AbstractScriptEngine.eval(AbstractScriptEngine.java:233) ~[?:1.8.0_181]
	at org.apache.jmeter.util.JSR223TestElement.processFileOrScript(JSR223TestElement.java:223) ~[ApacheJMeter_core.jar:5.0 r1840935]
	at org.apache.jmeter.modifiers.JSR223PreProcessor.process(JSR223PreProcessor.java:44) [ApacheJMeter_components.jar:5.0 r1840935]
	at org.apache.jmeter.threads.JMeterThread.runPreProcessors(JMeterThread.java:935) [ApacheJMeter_core.jar:5.0 r1840935]
	at org.apache.jmeter.threads.JMeterThread.executeSamplePackage(JMeterThread.java:537) [ApacheJMeter_core.jar:5.0 r1840935]
	at org.apache.jmeter.threads.JMeterThread.processSampler(JMeterThread.java:486) [ApacheJMeter_core.jar:5.0 r1840935]
	at org.apache.jmeter.threads.JMeterThread.run(JMeterThread.java:253) [ApacheJMeter_core.jar:5.0 r1840935]
	at java.lang.Thread.run(Thread.java:748) [?:1.8.0_181]
Caused by: javax.script.ScriptException: java.lang.NullPointerException
	at org.codehaus.groovy.jsr223.GroovyScriptEngineImpl.eval(GroovyScriptEngineImpl.java:324) ~[groovy-all-2.4.15.jar:2.4.15]
	at org.codehaus.groovy.jsr223.GroovyScriptEngineImpl.eval(GroovyScriptEngineImpl.java:159) ~[groovy-all-2.4.15.jar:2.4.15]
	... 8 more
Caused by: java.lang.NullPointerException
	at java.net.URLEncoder.encode(URLEncoder.java:204) ~[?:1.8.0_181]
	at com.ipaylinks.test.commons.web.StringValueMapConverter.convert(StringValueMapConverter.java:20) ~[test-acq-1.0.0-SNAPSHOT.jar:?]
	at com.ipaylinks.test.commons.web.StringValueMapConverter$convert.call(Unknown Source) ~[?:?]
	at org.codehaus.groovy.runtime.callsite.CallSiteArray.defaultCall(CallSiteArray.java:47) ~[groovy-all-2.4.15.jar:2.4.15]
	at org.codehaus.groovy.runtime.callsite.AbstractCallSite.call(AbstractCallSite.java:116) ~[groovy-all-2.4.15.jar:2.4.15]
	at org.codehaus.groovy.runtime.callsite.AbstractCallSite.call(AbstractCallSite.java:136) ~[groovy-all-2.4.15.jar:2.4.15]
	at Script4.run(Script4.groovy:19) ~[?:?]
	at org.codehaus.groovy.jsr223.GroovyScriptEngineImpl.eval(GroovyScriptEngineImpl.java:321) ~[groovy-all-2.4.15.jar:2.4.15]
	at org.codehaus.groovy.jsr223.GroovyScriptEngineImpl.eval(GroovyScriptEngineImpl.java:159) ~[groovy-all-2.4.15.jar:2.4.15]
	... 8 more
2019-09-11 17:59:11,926 INFO o.a.j.p.h.s.HTTPHCAbstractImpl: Local host = yangqiuhua
2019-09-11 17:59:11,939 INFO o.a.j.p.h.s.HTTPHC4Impl: HTTP request retry count = 0
2019-09-11 17:59:12,634 ERROR o.a.j.e.JSR223PostProcessor: Problem in JSR223 script, JSR223 PostProcessor URLDecoder请求报文
javax.script.ScriptException: javax.script.ScriptException: java.lang.NullPointerException
	at org.codehaus.groovy.jsr223.GroovyScriptEngineImpl.eval(GroovyScriptEngineImpl.java:162) ~[groovy-all-2.4.15.jar:2.4.15]
	at javax.script.AbstractScriptEngine.eval(AbstractScriptEngine.java:233) ~[?:1.8.0_181]
	at org.apache.jmeter.util.JSR223TestElement.processFileOrScript(JSR223TestElement.java:223) ~[ApacheJMeter_core.jar:5.0 r1840935]
	at org.apache.jmeter.extractor.JSR223PostProcessor.process(JSR223PostProcessor.java:44) [ApacheJMeter_components.jar:5.0 r1840935]
	at org.apache.jmeter.threads.JMeterThread.runPostProcessors(JMeterThread.java:925) [ApacheJMeter_core.jar:5.0 r1840935]
	at org.apache.jmeter.threads.JMeterThread.executeSamplePackage(JMeterThread.java:564) [ApacheJMeter_core.jar:5.0 r1840935]
	at org.apache.jmeter.threads.JMeterThread.processSampler(JMeterThread.java:486) [ApacheJMeter_core.jar:5.0 r1840935]
	at org.apache.jmeter.threads.JMeterThread.run(JMeterThread.java:253) [ApacheJMeter_core.jar:5.0 r1840935]
	at java.lang.Thread.run(Thread.java:748) [?:1.8.0_181]
Caused by: javax.script.ScriptException: java.lang.NullPointerException
	at org.codehaus.groovy.jsr223.GroovyScriptEngineImpl.eval(GroovyScriptEngineImpl.java:324) ~[groovy-all-2.4.15.jar:2.4.15]
	at org.codehaus.groovy.jsr223.GroovyScriptEngineImpl.eval(GroovyScriptEngineImpl.java:159) ~[groovy-all-2.4.15.jar:2.4.15]
	... 8 more
Caused by: java.lang.NullPointerException
	at java.net.URLDecoder.decode(URLDecoder.java:136) ~[?:1.8.0_181]
	at java_net_URLDecoder$decode.call(Unknown Source) ~[?:?]
	at org.codehaus.groovy.runtime.callsite.CallSiteArray.defaultCall(CallSiteArray.java:47) ~[groovy-all-2.4.15.jar:2.4.15]
	at org.codehaus.groovy.runtime.callsite.AbstractCallSite.call(AbstractCallSite.java:116) ~[groovy-all-2.4.15.jar:2.4.15]
	at org.codehaus.groovy.runtime.callsite.AbstractCallSite.call(AbstractCallSite.java:136) ~[groovy-all-2.4.15.jar:2.4.15]
	at Script6.run(Script6.groovy:6) ~[?:?]
	at org.codehaus.groovy.jsr223.GroovyScriptEngineImpl.eval(GroovyScriptEngineImpl.java:321) ~[groovy-all-2.4.15.jar:2.4.15]
	at org.codehaus.groovy.jsr223.GroovyScriptEngineImpl.eval(GroovyScriptEngineImpl.java:159) ~[groovy-all-2.4.15.jar:2.4.15]
	... 8 more
2019-09-11 17:59:13,129 ERROR o.a.j.m.JSR223PreProcessor: Problem in JSR223 script, JSR223 PreProcessor cardInfo
javax.script.ScriptException: java.lang.NumberFormatException: null
	at org.codehaus.groovy.jsr223.GroovyScriptEngineImpl.eval(GroovyScriptEngineImpl.java:324) ~[groovy-all-2.4.15.jar:2.4.15]
	at org.codehaus.groovy.jsr223.GroovyCompiledScript.eval(GroovyCompiledScript.java:72) ~[groovy-all-2.4.15.jar:2.4.15]
	at javax.script.CompiledScript.eval(CompiledScript.java:92) ~[?:1.8.0_181]
	at org.apache.jmeter.util.JSR223TestElement.processFileOrScript(JSR223TestElement.java:221) ~[ApacheJMeter_core.jar:5.0 r1840935]
	at org.apache.jmeter.modifiers.JSR223PreProcessor.process(JSR223PreProcessor.java:44) [ApacheJMeter_components.jar:5.0 r1840935]
	at org.apache.jmeter.threads.JMeterThread.runPreProcessors(JMeterThread.java:935) [ApacheJMeter_core.jar:5.0 r1840935]
	at org.apache.jmeter.threads.JMeterThread.executeSamplePackage(JMeterThread.java:537) [ApacheJMeter_core.jar:5.0 r1840935]
	at org.apache.jmeter.threads.JMeterThread.processSampler(JMeterThread.java:486) [ApacheJMeter_core.jar:5.0 r1840935]
	at org.apache.jmeter.threads.JMeterThread.run(JMeterThread.java:253) [ApacheJMeter_core.jar:5.0 r1840935]
	at java.lang.Thread.run(Thread.java:748) [?:1.8.0_181]
Caused by: java.lang.NumberFormatException: null
	at java.lang.Integer.parseInt(Integer.java:542) ~[?:1.8.0_181]
	at java.lang.Integer.parseInt(Integer.java:615) ~[?:1.8.0_181]
	at java_lang_Integer$parseInt.call(Unknown Source) ~[?:?]
	at Script2.run(Script2.groovy:5) ~[?:?]
	at org.codehaus.groovy.jsr223.GroovyScriptEngineImpl.eval(GroovyScriptEngineImpl.java:321) ~[groovy-all-2.4.15.jar:2.4.15]
	... 9 more
2019-09-11 17:59:13,190 ERROR o.a.j.m.JSR223PreProcessor: Problem in JSR223 script, JSR223 PreProcessor 加签
javax.script.ScriptException: javax.script.ScriptException: java.lang.NullPointerException
	at org.codehaus.groovy.jsr223.GroovyScriptEngineImpl.eval(GroovyScriptEngineImpl.java:162) ~[groovy-all-2.4.15.jar:2.4.15]
	at javax.script.AbstractScriptEngine.eval(AbstractScriptEngine.java:233) ~[?:1.8.0_181]
	at org.apache.jmeter.util.JSR223TestElement.processFileOrScript(JSR223TestElement.java:223) ~[ApacheJMeter_core.jar:5.0 r1840935]
	at org.apache.jmeter.modifiers.JSR223PreProcessor.process(JSR223PreProcessor.java:44) [ApacheJMeter_components.jar:5.0 r1840935]
	at org.apache.jmeter.threads.JMeterThread.runPreProcessors(JMeterThread.java:935) [ApacheJMeter_core.jar:5.0 r1840935]
	at org.apache.jmeter.threads.JMeterThread.executeSamplePackage(JMeterThread.java:537) [ApacheJMeter_core.jar:5.0 r1840935]
	at org.apache.jmeter.threads.JMeterThread.processSampler(JMeterThread.java:486) [ApacheJMeter_core.jar:5.0 r1840935]
	at org.apache.jmeter.threads.JMeterThread.run(JMeterThread.java:253) [ApacheJMeter_core.jar:5.0 r1840935]
	at java.lang.Thread.run(Thread.java:748) [?:1.8.0_181]
Caused by: javax.script.ScriptException: java.lang.NullPointerException
	at org.codehaus.groovy.jsr223.GroovyScriptEngineImpl.eval(GroovyScriptEngineImpl.java:324) ~[groovy-all-2.4.15.jar:2.4.15]
	at org.codehaus.groovy.jsr223.GroovyScriptEngineImpl.eval(GroovyScriptEngineImpl.java:159) ~[groovy-all-2.4.15.jar:2.4.15]
	... 8 more
Caused by: java.lang.NullPointerException
	at java.net.URLEncoder.encode(URLEncoder.java:204) ~[?:1.8.0_181]
	at com.ipaylinks.test.commons.web.StringValueMapConverter.convert(StringValueMapConverter.java:20) ~[test-acq-1.0.0-SNAPSHOT.jar:?]
	at com.ipaylinks.test.commons.web.StringValueMapConverter$convert.call(Unknown Source) ~[?:?]
	at org.codehaus.groovy.runtime.callsite.CallSiteArray.defaultCall(CallSiteArray.java:47) ~[groovy-all-2.4.15.jar:2.4.15]
	at org.codehaus.groovy.runtime.callsite.AbstractCallSite.call(AbstractCallSite.java:116) ~[groovy-all-2.4.15.jar:2.4.15]
	at org.codehaus.groovy.runtime.callsite.AbstractCallSite.call(AbstractCallSite.java:136) ~[groovy-all-2.4.15.jar:2.4.15]
	at Script16.run(Script16.groovy:19) ~[?:?]
	at org.codehaus.groovy.jsr223.GroovyScriptEngineImpl.eval(GroovyScriptEngineImpl.java:321) ~[groovy-all-2.4.15.jar:2.4.15]
	at org.codehaus.groovy.jsr223.GroovyScriptEngineImpl.eval(GroovyScriptEngineImpl.java:159) ~[groovy-all-2.4.15.jar:2.4.15]
	... 8 more
2019-09-11 17:59:13,899 ERROR o.a.j.m.JSR223PreProcessor: Problem in JSR223 script, JSR223 PreProcessor cardInfo
javax.script.ScriptException: java.lang.NumberFormatException: null
	at org.codehaus.groovy.jsr223.GroovyScriptEngineImpl.eval(GroovyScriptEngineImpl.java:324) ~[groovy-all-2.4.15.jar:2.4.15]
	at org.codehaus.groovy.jsr223.GroovyCompiledScript.eval(GroovyCompiledScript.java:72) ~[groovy-all-2.4.15.jar:2.4.15]
	at javax.script.CompiledScript.eval(CompiledScript.java:92) ~[?:1.8.0_181]
	at org.apache.jmeter.util.JSR223TestElement.processFileOrScript(JSR223TestElement.java:221) ~[ApacheJMeter_core.jar:5.0 r1840935]
	at org.apache.jmeter.modifiers.JSR223PreProcessor.process(JSR223PreProcessor.java:44) [ApacheJMeter_components.jar:5.0 r1840935]
	at org.apache.jmeter.threads.JMeterThread.runPreProcessors(JMeterThread.java:935) [ApacheJMeter_core.jar:5.0 r1840935]
	at org.apache.jmeter.threads.JMeterThread.executeSamplePackage(JMeterThread.java:537) [ApacheJMeter_core.jar:5.0 r1840935]
	at org.apache.jmeter.threads.JMeterThread.processSampler(JMeterThread.java:486) [ApacheJMeter_core.jar:5.0 r1840935]
	at org.apache.jmeter.threads.JMeterThread.run(JMeterThread.java:253) [ApacheJMeter_core.jar:5.0 r1840935]
	at java.lang.Thread.run(Thread.java:748) [?:1.8.0_181]
Caused by: java.lang.NumberFormatException: null
	at java.lang.Integer.parseInt(Integer.java:542) ~[?:1.8.0_181]
	at java.lang.Integer.parseInt(Integer.java:615) ~[?:1.8.0_181]
	at java_lang_Integer$parseInt.call(Unknown Source) ~[?:?]
	at Script2.run(Script2.groovy:5) ~[?:?]
	at org.codehaus.groovy.jsr223.GroovyScriptEngineImpl.eval(GroovyScriptEngineImpl.java:321) ~[groovy-all-2.4.15.jar:2.4.15]
	... 9 more
2019-09-11 17:59:13,953 ERROR o.a.j.m.JSR223PreProcessor: Problem in JSR223 script, JSR223 PreProcessor 加签
javax.script.ScriptException: javax.script.ScriptException: java.lang.NullPointerException
	at org.codehaus.groovy.jsr223.GroovyScriptEngineImpl.eval(GroovyScriptEngineImpl.java:162) ~[groovy-all-2.4.15.jar:2.4.15]
	at javax.script.AbstractScriptEngine.eval(AbstractScriptEngine.java:233) ~[?:1.8.0_181]
	at org.apache.jmeter.util.JSR223TestElement.processFileOrScript(JSR223TestElement.java:223) ~[ApacheJMeter_core.jar:5.0 r1840935]
	at org.apache.jmeter.modifiers.JSR223PreProcessor.process(JSR223PreProcessor.java:44) [ApacheJMeter_components.jar:5.0 r1840935]
	at org.apache.jmeter.threads.JMeterThread.runPreProcessors(JMeterThread.java:935) [ApacheJMeter_core.jar:5.0 r1840935]
	at org.apache.jmeter.threads.JMeterThread.executeSamplePackage(JMeterThread.java:537) [ApacheJMeter_core.jar:5.0 r1840935]
	at org.apache.jmeter.threads.JMeterThread.processSampler(JMeterThread.java:486) [ApacheJMeter_core.jar:5.0 r1840935]
	at org.apache.jmeter.threads.JMeterThread.run(JMeterThread.java:253) [ApacheJMeter_core.jar:5.0 r1840935]
	at java.lang.Thread.run(Thread.java:748) [?:1.8.0_181]
Caused by: javax.script.ScriptException: java.lang.NullPointerException
	at org.codehaus.groovy.jsr223.GroovyScriptEngineImpl.eval(GroovyScriptEngineImpl.java:324) ~[groovy-all-2.4.15.jar:2.4.15]
	at org.codehaus.groovy.jsr223.GroovyScriptEngineImpl.eval(GroovyScriptEngineImpl.java:159) ~[groovy-all-2.4.15.jar:2.4.15]
	... 8 more
Caused by: java.lang.NullPointerException
	at java.net.URLEncoder.encode(URLEncoder.java:204) ~[?:1.8.0_181]
	at com.ipaylinks.test.commons.web.StringValueMapConverter.convert(StringValueMapConverter.java:20) ~[test-acq-1.0.0-SNAPSHOT.jar:?]
	at com.ipaylinks.test.commons.web.StringValueMapConverter$convert.call(Unknown Source) ~[?:?]
	at org.codehaus.groovy.runtime.callsite.CallSiteArray.defaultCall(CallSiteArray.java:47) ~[groovy-all-2.4.15.jar:2.4.15]
	at org.codehaus.groovy.runtime.callsite.AbstractCallSite.call(AbstractCallSite.java:116) ~[groovy-all-2.4.15.jar:2.4.15]
	at org.codehaus.groovy.runtime.callsite.AbstractCallSite.call(AbstractCallSite.java:136) ~[groovy-all-2.4.15.jar:2.4.15]
	at Script28.run(Script28.groovy:19) ~[?:?]
	at org.codehaus.groovy.jsr223.GroovyScriptEngineImpl.eval(GroovyScriptEngineImpl.java:321) ~[groovy-all-2.4.15.jar:2.4.15]
	at org.codehaus.groovy.jsr223.GroovyScriptEngineImpl.eval(GroovyScriptEngineImpl.java:159) ~[groovy-all-2.4.15.jar:2.4.15]
	... 8 more
2019-09-11 17:59:15,913 ERROR o.a.j.m.JSR223PreProcessor: Problem in JSR223 script, JSR223 PreProcessor cardInfo
javax.script.ScriptException: java.lang.NumberFormatException: null
	at org.codehaus.groovy.jsr223.GroovyScriptEngineImpl.eval(GroovyScriptEngineImpl.java:324) ~[groovy-all-2.4.15.jar:2.4.15]
	at org.codehaus.groovy.jsr223.GroovyCompiledScript.eval(GroovyCompiledScript.java:72) ~[groovy-all-2.4.15.jar:2.4.15]
	at javax.script.CompiledScript.eval(CompiledScript.java:92) ~[?:1.8.0_181]
	at org.apache.jmeter.util.JSR223TestElement.processFileOrScript(JSR223TestElement.java:221) ~[ApacheJMeter_core.jar:5.0 r1840935]
	at org.apache.jmeter.modifiers.JSR223PreProcessor.process(JSR223PreProcessor.java:44) [ApacheJMeter_components.jar:5.0 r1840935]
	at org.apache.jmeter.threads.JMeterThread.runPreProcessors(JMeterThread.java:935) [ApacheJMeter_core.jar:5.0 r1840935]
	at org.apache.jmeter.threads.JMeterThread.executeSamplePackage(JMeterThread.java:537) [ApacheJMeter_core.jar:5.0 r1840935]
	at org.apache.jmeter.threads.JMeterThread.processSampler(JMeterThread.java:486) [ApacheJMeter_core.jar:5.0 r1840935]
	at org.apache.jmeter.threads.JMeterThread.run(JMeterThread.java:253) [ApacheJMeter_core.jar:5.0 r1840935]
	at java.lang.Thread.run(Thread.java:748) [?:1.8.0_181]
Caused by: java.lang.NumberFormatException: null
	at java.lang.Integer.parseInt(Integer.java:542) ~[?:1.8.0_181]
	at java.lang.Integer.parseInt(Integer.java:615) ~[?:1.8.0_181]
	at java_lang_Integer$parseInt.call(Unknown Source) ~[?:?]
	at Script2.run(Script2.groovy:5) ~[?:?]
	at org.codehaus.groovy.jsr223.GroovyScriptEngineImpl.eval(GroovyScriptEngineImpl.java:321) ~[groovy-all-2.4.15.jar:2.4.15]
	... 9 more
2019-09-11 17:59:15,940 ERROR o.a.j.m.JSR223PreProcessor: Problem in JSR223 script, JSR223 PreProcessor reqMap
javax.script.ScriptException: javax.script.ScriptException: java.lang.NullPointerException
	at org.codehaus.groovy.jsr223.GroovyScriptEngineImpl.eval(GroovyScriptEngineImpl.java:162) ~[groovy-all-2.4.15.jar:2.4.15]
	at javax.script.AbstractScriptEngine.eval(AbstractScriptEngine.java:233) ~[?:1.8.0_181]
	at org.apache.jmeter.util.JSR223TestElement.processFileOrScript(JSR223TestElement.java:223) ~[ApacheJMeter_core.jar:5.0 r1840935]
	at org.apache.jmeter.modifiers.JSR223PreProcessor.process(JSR223PreProcessor.java:44) [ApacheJMeter_components.jar:5.0 r1840935]
	at org.apache.jmeter.threads.JMeterThread.runPreProcessors(JMeterThread.java:935) [ApacheJMeter_core.jar:5.0 r1840935]
	at org.apache.jmeter.threads.JMeterThread.executeSamplePackage(JMeterThread.java:537) [ApacheJMeter_core.jar:5.0 r1840935]
	at org.apache.jmeter.threads.JMeterThread.processSampler(JMeterThread.java:486) [ApacheJMeter_core.jar:5.0 r1840935]
	at org.apache.jmeter.threads.JMeterThread.run(JMeterThread.java:253) [ApacheJMeter_core.jar:5.0 r1840935]
	at java.lang.Thread.run(Thread.java:748) [?:1.8.0_181]
Caused by: javax.script.ScriptException: java.lang.NullPointerException
	at org.codehaus.groovy.jsr223.GroovyScriptEngineImpl.eval(GroovyScriptEngineImpl.java:324) ~[groovy-all-2.4.15.jar:2.4.15]
	at org.codehaus.groovy.jsr223.GroovyScriptEngineImpl.eval(GroovyScriptEngineImpl.java:159) ~[groovy-all-2.4.15.jar:2.4.15]
	... 8 more
Caused by: java.lang.NullPointerException
	at java.net.URLEncoder.encode(URLEncoder.java:204) ~[?:1.8.0_181]
	at com.ipaylinks.test.commons.web.StringValueMapConverter.convert(StringValueMapConverter.java:20) ~[test-acq-1.0.0-SNAPSHOT.jar:?]
	at com.ipaylinks.test.commons.web.StringValueMapConverter$convert.call(Unknown Source) ~[?:?]
	at org.codehaus.groovy.runtime.callsite.CallSiteArray.defaultCall(CallSiteArray.java:47) ~[groovy-all-2.4.15.jar:2.4.15]
	at org.codehaus.groovy.runtime.callsite.AbstractCallSite.call(AbstractCallSite.java:116) ~[groovy-all-2.4.15.jar:2.4.15]
	at org.codehaus.groovy.runtime.callsite.AbstractCallSite.call(AbstractCallSite.java:136) ~[groovy-all-2.4.15.jar:2.4.15]
	at Script43.run(Script43.groovy:36) ~[?:?]
	at org.codehaus.groovy.jsr223.GroovyScriptEngineImpl.eval(GroovyScriptEngineImpl.java:321) ~[groovy-all-2.4.15.jar:2.4.15]
	at org.codehaus.groovy.jsr223.GroovyScriptEngineImpl.eval(GroovyScriptEngineImpl.java:159) ~[groovy-all-2.4.15.jar:2.4.15]
	... 8 more
2019-09-11 17:59:15,999 ERROR o.a.j.e.JSR223PostProcessor: Problem in JSR223 script, JSR223 PostProcessor html报文解析
javax.script.ScriptException: javax.script.ScriptException: java.lang.NullPointerException: Cannot invoke method getAllElements() on null object
	at org.codehaus.groovy.jsr223.GroovyScriptEngineImpl.eval(GroovyScriptEngineImpl.java:162) ~[groovy-all-2.4.15.jar:2.4.15]
	at javax.script.AbstractScriptEngine.eval(AbstractScriptEngine.java:233) ~[?:1.8.0_181]
	at org.apache.jmeter.util.JSR223TestElement.processFileOrScript(JSR223TestElement.java:223) ~[ApacheJMeter_core.jar:5.0 r1840935]
	at org.apache.jmeter.extractor.JSR223PostProcessor.process(JSR223PostProcessor.java:44) [ApacheJMeter_components.jar:5.0 r1840935]
	at org.apache.jmeter.threads.JMeterThread.runPostProcessors(JMeterThread.java:925) [ApacheJMeter_core.jar:5.0 r1840935]
	at org.apache.jmeter.threads.JMeterThread.executeSamplePackage(JMeterThread.java:564) [ApacheJMeter_core.jar:5.0 r1840935]
	at org.apache.jmeter.threads.JMeterThread.processSampler(JMeterThread.java:486) [ApacheJMeter_core.jar:5.0 r1840935]
	at org.apache.jmeter.threads.JMeterThread.run(JMeterThread.java:253) [ApacheJMeter_core.jar:5.0 r1840935]
	at java.lang.Thread.run(Thread.java:748) [?:1.8.0_181]
Caused by: javax.script.ScriptException: java.lang.NullPointerException: Cannot invoke method getAllElements() on null object
	at org.codehaus.groovy.jsr223.GroovyScriptEngineImpl.eval(GroovyScriptEngineImpl.java:324) ~[groovy-all-2.4.15.jar:2.4.15]
	at org.codehaus.groovy.jsr223.GroovyScriptEngineImpl.eval(GroovyScriptEngineImpl.java:159) ~[groovy-all-2.4.15.jar:2.4.15]
	... 8 more
Caused by: java.lang.NullPointerException: Cannot invoke method getAllElements() on null object
	at org.codehaus.groovy.runtime.NullObject.invokeMethod(NullObject.java:91) ~[groovy-all-2.4.15.jar:2.4.15]
	at org.codehaus.groovy.runtime.callsite.PogoMetaClassSite.call(PogoMetaClassSite.java:47) ~[groovy-all-2.4.15.jar:2.4.15]
	at org.codehaus.groovy.runtime.callsite.CallSiteArray.defaultCall(CallSiteArray.java:47) ~[groovy-all-2.4.15.jar:2.4.15]
	at org.codehaus.groovy.runtime.callsite.NullCallSite.call(NullCallSite.java:34) ~[groovy-all-2.4.15.jar:2.4.15]
	at org.codehaus.groovy.runtime.callsite.CallSiteArray.defaultCall(CallSiteArray.java:47) ~[groovy-all-2.4.15.jar:2.4.15]
	at org.codehaus.groovy.runtime.callsite.AbstractCallSite.call(AbstractCallSite.java:116) ~[groovy-all-2.4.15.jar:2.4.15]
	at org.codehaus.groovy.runtime.callsite.AbstractCallSite.call(AbstractCallSite.java:120) ~[groovy-all-2.4.15.jar:2.4.15]
	at Script44.run(Script44.groovy:14) ~[?:?]
	at org.codehaus.groovy.jsr223.GroovyScriptEngineImpl.eval(GroovyScriptEngineImpl.java:321) ~[groovy-all-2.4.15.jar:2.4.15]
	at org.codehaus.groovy.jsr223.GroovyScriptEngineImpl.eval(GroovyScriptEngineImpl.java:159) ~[groovy-all-2.4.15.jar:2.4.15]
	... 8 more
2019-09-11 17:59:16,372 ERROR o.a.j.m.JSR223PreProcessor: Problem in JSR223 script, JSR223 PreProcessor cardInfo
javax.script.ScriptException: java.lang.NumberFormatException: null
	at org.codehaus.groovy.jsr223.GroovyScriptEngineImpl.eval(GroovyScriptEngineImpl.java:324) ~[groovy-all-2.4.15.jar:2.4.15]
	at org.codehaus.groovy.jsr223.GroovyCompiledScript.eval(GroovyCompiledScript.java:72) ~[groovy-all-2.4.15.jar:2.4.15]
	at javax.script.CompiledScript.eval(CompiledScript.java:92) ~[?:1.8.0_181]
	at org.apache.jmeter.util.JSR223TestElement.processFileOrScript(JSR223TestElement.java:221) ~[ApacheJMeter_core.jar:5.0 r1840935]
	at org.apache.jmeter.modifiers.JSR223PreProcessor.process(JSR223PreProcessor.java:44) [ApacheJMeter_components.jar:5.0 r1840935]
	at org.apache.jmeter.threads.JMeterThread.runPreProcessors(JMeterThread.java:935) [ApacheJMeter_core.jar:5.0 r1840935]
	at org.apache.jmeter.threads.JMeterThread.executeSamplePackage(JMeterThread.java:537) [ApacheJMeter_core.jar:5.0 r1840935]
	at org.apache.jmeter.threads.JMeterThread.processSampler(JMeterThread.java:486) [ApacheJMeter_core.jar:5.0 r1840935]
	at org.apache.jmeter.threads.JMeterThread.run(JMeterThread.java:253) [ApacheJMeter_core.jar:5.0 r1840935]
	at java.lang.Thread.run(Thread.java:748) [?:1.8.0_181]
Caused by: java.lang.NumberFormatException: null
	at java.lang.Integer.parseInt(Integer.java:542) ~[?:1.8.0_181]
	at java.lang.Integer.parseInt(Integer.java:615) ~[?:1.8.0_181]
	at java_lang_Integer$parseInt.call(Unknown Source) ~[?:?]
	at Script2.run(Script2.groovy:5) ~[?:?]
	at org.codehaus.groovy.jsr223.GroovyScriptEngineImpl.eval(GroovyScriptEngineImpl.java:321) ~[groovy-all-2.4.15.jar:2.4.15]
	... 9 more
2019-09-11 17:59:16,407 ERROR o.a.j.m.JSR223PreProcessor: Problem in JSR223 script, JSR223 PreProcessor 加签
javax.script.ScriptException: javax.script.ScriptException: java.lang.NullPointerException
	at org.codehaus.groovy.jsr223.GroovyScriptEngineImpl.eval(GroovyScriptEngineImpl.java:162) ~[groovy-all-2.4.15.jar:2.4.15]
	at javax.script.AbstractScriptEngine.eval(AbstractScriptEngine.java:233) ~[?:1.8.0_181]
	at org.apache.jmeter.util.JSR223TestElement.processFileOrScript(JSR223TestElement.java:223) ~[ApacheJMeter_core.jar:5.0 r1840935]
	at org.apache.jmeter.modifiers.JSR223PreProcessor.process(JSR223PreProcessor.java:44) [ApacheJMeter_components.jar:5.0 r1840935]
	at org.apache.jmeter.threads.JMeterThread.runPreProcessors(JMeterThread.java:935) [ApacheJMeter_core.jar:5.0 r1840935]
	at org.apache.jmeter.threads.JMeterThread.executeSamplePackage(JMeterThread.java:537) [ApacheJMeter_core.jar:5.0 r1840935]
	at org.apache.jmeter.threads.JMeterThread.processSampler(JMeterThread.java:486) [ApacheJMeter_core.jar:5.0 r1840935]
	at org.apache.jmeter.threads.JMeterThread.run(JMeterThread.java:253) [ApacheJMeter_core.jar:5.0 r1840935]
	at java.lang.Thread.run(Thread.java:748) [?:1.8.0_181]
Caused by: javax.script.ScriptException: java.lang.NullPointerException
	at org.codehaus.groovy.jsr223.GroovyScriptEngineImpl.eval(GroovyScriptEngineImpl.java:324) ~[groovy-all-2.4.15.jar:2.4.15]
	at org.codehaus.groovy.jsr223.GroovyScriptEngineImpl.eval(GroovyScriptEngineImpl.java:159) ~[groovy-all-2.4.15.jar:2.4.15]
	... 8 more
Caused by: java.lang.NullPointerException
	at java.net.URLEncoder.encode(URLEncoder.java:204) ~[?:1.8.0_181]
	at com.ipaylinks.test.commons.web.StringValueMapConverter.convert(StringValueMapConverter.java:20) ~[test-acq-1.0.0-SNAPSHOT.jar:?]
	at com.ipaylinks.test.commons.web.StringValueMapConverter$convert.call(Unknown Source) ~[?:?]
	at org.codehaus.groovy.runtime.callsite.CallSiteArray.defaultCall(CallSiteArray.java:47) ~[groovy-all-2.4.15.jar:2.4.15]
	at org.codehaus.groovy.runtime.callsite.AbstractCallSite.call(AbstractCallSite.java:116) ~[groovy-all-2.4.15.jar:2.4.15]
	at org.codehaus.groovy.runtime.callsite.AbstractCallSite.call(AbstractCallSite.java:136) ~[groovy-all-2.4.15.jar:2.4.15]
	at Script55.run(Script55.groovy:19) ~[?:?]
	at org.codehaus.groovy.jsr223.GroovyScriptEngineImpl.eval(GroovyScriptEngineImpl.java:321) ~[groovy-all-2.4.15.jar:2.4.15]
	at org.codehaus.groovy.jsr223.GroovyScriptEngineImpl.eval(GroovyScriptEngineImpl.java:159) ~[groovy-all-2.4.15.jar:2.4.15]
	... 8 more
2019-09-11 17:59:17,409 INFO o.a.j.t.JMeterThread: Thread is done: 线程组 1-1
2019-09-11 17:59:17,410 INFO o.a.j.t.JMeterThread: Thread finished: 线程组 1-1
2019-09-11 17:59:17,410 INFO o.a.j.e.StandardJMeterEngine: Notifying test listeners of end of test
2019-09-11 17:59:17,418 INFO o.a.j.r.Summariser: summary =     13 in 00:00:07 =    1.9/s Avg:   310 Min:     1 Max:  1240 Err:    10 (76.92%)
