2020-10-24 06:26:57,319 INFO o.a.j.u.JMeterUtils: Setting Locale to en_EN
2020-10-24 06:26:57,341 INFO o.a.j.JMeter: Loading user properties from: user.properties
2020-10-24 06:26:57,342 INFO o.a.j.JMeter: Loading system properties from: system.properties
2020-10-24 06:26:57,342 INFO o.a.j.JMeter: Setting JMeter property: layer=Stage
2020-10-24 06:26:57,342 WARN o.a.j.JMeter: Removing JMeter property: users
2020-10-24 06:26:57,344 INFO o.a.j.JMeter: Copyright (c) 1998-2020 The Apache Software Foundation
2020-10-24 06:26:57,344 INFO o.a.j.JMeter: Version 5.3.1-SNAPSHOT be0681c
2020-10-24 06:26:57,344 INFO o.a.j.JMeter: java.version=1.8.0_111-internal
2020-10-24 06:26:57,344 INFO o.a.j.JMeter: java.vm.name=OpenJDK 64-Bit Server VM
2020-10-24 06:26:57,344 INFO o.a.j.JMeter: os.name=Linux
2020-10-24 06:26:57,344 INFO o.a.j.JMeter: os.arch=amd64
2020-10-24 06:26:57,344 INFO o.a.j.JMeter: os.version=3.10.0-957.21.3.el7.x86_64
2020-10-24 06:26:57,344 INFO o.a.j.JMeter: file.encoding=UTF-8
2020-10-24 06:26:57,344 INFO o.a.j.JMeter: java.awt.headless=true
2020-10-24 06:26:57,345 INFO o.a.j.JMeter: Max memory     =1073741824
2020-10-24 06:26:57,345 INFO o.a.j.JMeter: Available Processors =4
2020-10-24 06:26:57,351 INFO o.a.j.JMeter: Default Locale=English (EN)
2020-10-24 06:26:57,351 INFO o.a.j.JMeter: JMeter  Locale=English (EN)
2020-10-24 06:26:57,352 INFO o.a.j.JMeter: JMeterHome=/opt/apache-jmeter
2020-10-24 06:26:57,352 INFO o.a.j.JMeter: user.dir  =/opt/apache-jmeter/bin
2020-10-24 06:26:57,352 INFO o.a.j.JMeter: PWD       =/opt/apache-jmeter/bin
2020-10-24 06:26:57,352 INFO o.a.j.JMeter: IP: 192.168.192.2 Name: 4202e7f655c5 FullName: 4202e7f655c5
2020-10-24 06:26:57,357 INFO o.a.j.JMeter: Setting property 'jmeter.reportgenerator.outputdir' to:'/result/report_cardclaims-regress-api'
2020-10-24 06:26:57,361 INFO o.a.j.s.FileServer: Default base='/opt/apache-jmeter/bin'
2020-10-24 06:26:57,362 INFO o.a.j.s.FileServer: Set new base='/mnt/jmeter/test-plan'
2020-10-24 06:26:57,526 INFO o.a.j.s.SaveService: Testplan (JMX) version: 2.2. Testlog (JTL) version: 2.2
2020-10-24 06:26:57,545 INFO o.a.j.s.SaveService: Using SaveService properties file encoding UTF-8
2020-10-24 06:26:57,552 INFO o.a.j.s.SaveService: Using SaveService properties version 5.0
2020-10-24 06:26:57,561 INFO o.a.j.s.SaveService: Loading file: /mnt/jmeter/test-plan/cardclaims-regress-api.jmx
2020-10-24 06:26:57,613 INFO o.a.j.p.h.c.CookieManager: Settings: Delete null: true Check: true Allow variable: true Save: true Prefix: COOKIE_
2020-10-24 06:26:57,632 INFO o.a.j.p.h.s.HTTPSamplerBase: Parser for text/html is org.apache.jmeter.protocol.http.parser.LagartoBasedHtmlParser
2020-10-24 06:26:57,633 INFO o.a.j.p.h.s.HTTPSamplerBase: Parser for application/xhtml+xml is org.apache.jmeter.protocol.http.parser.LagartoBasedHtmlParser
2020-10-24 06:26:57,633 INFO o.a.j.p.h.s.HTTPSamplerBase: Parser for application/xml is org.apache.jmeter.protocol.http.parser.LagartoBasedHtmlParser
2020-10-24 06:26:57,633 INFO o.a.j.p.h.s.HTTPSamplerBase: Parser for text/xml is org.apache.jmeter.protocol.http.parser.LagartoBasedHtmlParser
2020-10-24 06:26:57,633 INFO o.a.j.p.h.s.HTTPSamplerBase: Parser for text/vnd.wap.wml is org.apache.jmeter.protocol.http.parser.RegexpHTMLParser
2020-10-24 06:26:57,633 INFO o.a.j.p.h.s.HTTPSamplerBase: Parser for text/css is org.apache.jmeter.protocol.http.parser.CssParser
2020-10-24 06:27:04,403 INFO o.a.j.JMeter: Creating summariser <summary>
2020-10-24 06:27:04,411 INFO o.a.j.r.d.ReportGenerator: ReportGenerator will use for Parsing the separator: ','
2020-10-24 06:27:04,411 INFO o.a.j.r.d.ReportGenerator: Will generate report at end of test from  results file: /result/result_cardclaims-regress-api.jtl
2020-10-24 06:27:04,411 INFO o.a.j.r.d.ReportGenerator: Reading report generator properties from: /opt/apache-jmeter/bin/reportgenerator.properties
2020-10-24 06:27:04,411 INFO o.a.j.r.d.ReportGenerator: Merging with JMeter properties
2020-10-24 06:27:04,418 INFO o.a.j.r.c.ReportGeneratorConfiguration: Property 'jmeter.reportgenerator.temp_dir' not found, using default value 'temp' instead.
2020-10-24 06:27:04,422 INFO o.a.j.r.c.ReportGeneratorConfiguration: Property 'jmeter.reportgenerator.apdex_per_transaction' not found, using default value 'null' instead.
2020-10-24 06:27:04,422 INFO o.a.j.r.c.ReportGeneratorConfiguration: apdex_per_transaction is empty, not APDEX per transaction customization
2020-10-24 06:27:04,422 INFO o.a.j.r.c.ReportGeneratorConfiguration: Property 'jmeter.reportgenerator.sample_filter' not found, using default value 'null' instead.
2020-10-24 06:27:04,422 INFO o.a.j.r.c.ReportGeneratorConfiguration: Property 'jmeter.reportgenerator.report_title' not found, using default value 'null' instead.
2020-10-24 06:27:04,422 INFO o.a.j.r.c.ReportGeneratorConfiguration: Property 'jmeter.reportgenerator.start_date' not found, using default value 'null' instead.
2020-10-24 06:27:04,422 INFO o.a.j.r.c.ReportGeneratorConfiguration: Property 'jmeter.reportgenerator.end_date' not found, using default value 'null' instead.
2020-10-24 06:27:04,422 INFO o.a.j.r.c.ReportGeneratorConfiguration: Property 'jmeter.reportgenerator.date_format' not found, using default value 'null' instead.
2020-10-24 06:27:04,423 INFO o.a.j.r.c.ReportGeneratorConfiguration: Will use date range start date: null, end date: null
2020-10-24 06:27:04,429 INFO o.a.j.r.c.ReportGeneratorConfiguration: Property 'jmeter.reportgenerator.graph.totalTPS.exclude_controllers' not found, using default value 'false' instead.
2020-10-24 06:27:04,429 INFO o.a.j.r.c.ReportGeneratorConfiguration: Property 'jmeter.reportgenerator.graph.activeThreadsOverTime.exclude_controllers' not found, using default value 'false' instead.
2020-10-24 06:27:04,429 INFO o.a.j.r.c.ReportGeneratorConfiguration: Property 'jmeter.reportgenerator.graph.timeVsThreads.exclude_controllers' not found, using default value 'false' instead.
2020-10-24 06:27:04,429 INFO o.a.j.r.c.ReportGeneratorConfiguration: Property 'jmeter.reportgenerator.graph.responseTimeDistribution.exclude_controllers' not found, using default value 'false' instead.
2020-10-24 06:27:04,430 INFO o.a.j.r.c.ReportGeneratorConfiguration: Property 'jmeter.reportgenerator.graph.transactionsPerSecond.exclude_controllers' not found, using default value 'false' instead.
2020-10-24 06:27:04,430 INFO o.a.j.r.c.ReportGeneratorConfiguration: Property 'jmeter.reportgenerator.graph.responseTimePercentiles.exclude_controllers' not found, using default value 'false' instead.
2020-10-24 06:27:04,430 INFO o.a.j.r.c.ReportGeneratorConfiguration: Property 'jmeter.reportgenerator.graph.responseTimePercentilesOverTime.exclude_controllers' not found, using default value 'false' instead.
2020-10-24 06:27:04,430 INFO o.a.j.r.c.ReportGeneratorConfiguration: Property 'jmeter.reportgenerator.graph.responseTimesOverTime.exclude_controllers' not found, using default value 'false' instead.
2020-10-24 06:27:04,430 INFO o.a.j.r.c.ReportGeneratorConfiguration: Property 'jmeter.reportgenerator.graph.connectTimeOverTime.exclude_controllers' not found, using default value 'false' instead.
2020-10-24 06:27:04,430 INFO o.a.j.r.c.ReportGeneratorConfiguration: Property 'jmeter.reportgenerator.graph.latenciesOverTime.exclude_controllers' not found, using default value 'false' instead.
2020-10-24 06:27:04,431 INFO o.a.j.r.c.ReportGeneratorConfiguration: Property 'jmeter.reportgenerator.exporter.json.filters_only_sample_series' not found, using default value 'true' instead.
2020-10-24 06:27:04,431 INFO o.a.j.r.c.ReportGeneratorConfiguration: Property 'jmeter.reportgenerator.exporter.json.series_filter' not found, using default value '' instead.
2020-10-24 06:27:04,431 INFO o.a.j.r.c.ReportGeneratorConfiguration: Property 'jmeter.reportgenerator.exporter.json.show_controllers_only' not found, using default value 'false' instead.
2020-10-24 06:27:04,432 INFO o.a.j.r.c.ReportGeneratorConfiguration: Property 'jmeter.reportgenerator.exporter.html.filters_only_sample_series' not found, using default value 'true' instead.
2020-10-24 06:27:04,432 INFO o.a.j.r.c.ReportGeneratorConfiguration: Property 'jmeter.reportgenerator.exporter.html.series_filter' not found, using default value '' instead.
2020-10-24 06:27:04,432 INFO o.a.j.r.c.ReportGeneratorConfiguration: Property 'jmeter.reportgenerator.exporter.html.show_controllers_only' not found, using default value 'false' instead.
2020-10-24 06:27:04,441 INFO o.a.j.e.StandardJMeterEngine: Running the test!
2020-10-24 06:27:04,442 INFO o.a.j.s.SampleEvent: List of sample_variables: []
2020-10-24 06:27:04,442 INFO o.a.j.s.SampleEvent: List of sample_variables: []
2020-10-24 06:27:04,449 INFO o.a.j.e.u.CompoundVariable: Note: Function class names must contain the string: '.functions.'
2020-10-24 06:27:04,449 INFO o.a.j.e.u.CompoundVariable: Note: Function class names must not contain the string: '.gui.'
2020-10-24 06:27:06,311 INFO o.a.j.JMeter: Running test (1603520826311)
2020-10-24 06:27:06,577 INFO o.a.j.e.StandardJMeterEngine: Starting ThreadGroup: 1 : [TG]-CARDCLAIMS-REGRESS
2020-10-24 06:27:06,578 INFO o.a.j.e.StandardJMeterEngine: Starting 1 threads for group [TG]-CARDCLAIMS-REGRESS.
2020-10-24 06:27:06,578 INFO o.a.j.e.StandardJMeterEngine: Thread will continue on error
2020-10-24 06:27:06,578 INFO o.a.j.t.ThreadGroup: Starting thread group... number=1 threads=1 ramp-up=1 delayedStart=false
2020-10-24 06:27:06,582 INFO o.a.j.c.IncludeController: loadIncludedElements -- try to load included module: /mnt/jmeter/test-plan/test_fragments/[TF]-DB-CONNECT.jmx
2020-10-24 06:27:06,582 INFO o.a.j.s.SaveService: Loading file: /mnt/jmeter/test-plan/test_fragments/[TF]-DB-CONNECT.jmx
2020-10-24 06:27:06,584 INFO o.a.j.c.IncludeController: loadIncludedElements -- try to load included module: /mnt/jmeter/test-plan/test_fragments/[TF]-SET_ENVIRONMENT.jmx
2020-10-24 06:27:06,584 INFO o.a.j.s.SaveService: Loading file: /mnt/jmeter/test-plan/test_fragments/[TF]-SET_ENVIRONMENT.jmx
2020-10-24 06:27:09,402 INFO o.a.j.t.ThreadGroup: Started thread group number 1
2020-10-24 06:27:09,402 INFO o.a.j.e.StandardJMeterEngine: All thread groups have been started
2020-10-24 06:27:09,409 INFO o.a.j.s.SampleResult: Note: Sample TimeStamps are START times
2020-10-24 06:27:09,409 INFO o.a.j.s.SampleResult: sampleresult.default.encoding is set to UTF-8
2020-10-24 06:27:09,409 INFO o.a.j.s.SampleResult: sampleresult.useNanoTime=true
2020-10-24 06:27:09,409 INFO o.a.j.s.SampleResult: sampleresult.nanoThreadSleep=5000
2020-10-24 06:27:09,442 INFO o.a.j.t.JMeterThread: Thread started: [TG]-CARDCLAIMS-REGRESS 1-1
2020-10-24 06:27:09,462 INFO o.a.j.r.Summariser: summary +      1 in 00:00:03 =    0.3/s Avg:     1 Min:     1 Max:     1 Err:     0 (0.00%) Active: 1 Started: 1 Finished: 0
2020-10-24 06:27:15,592 INFO o.a.j.r.Summariser: summary +      5 in 00:00:06 =    0.8/s Avg:   653 Min:     1 Max:  2789 Err:     0 (0.00%) Active: 1 Started: 1 Finished: 0
2020-10-24 06:27:15,593 INFO o.a.j.r.Summariser: summary =      6 in 00:00:09 =    0.6/s Avg:   545 Min:     1 Max:  2789 Err:     0 (0.00%)
2020-10-24 06:27:45,989 INFO o.a.j.r.Summariser: summary +     14 in 00:00:30 =    0.5/s Avg:   251 Min:     0 Max:   956 Err:     0 (0.00%) Active: 1 Started: 1 Finished: 0
2020-10-24 06:27:45,990 INFO o.a.j.r.Summariser: summary =     20 in 00:00:40 =    0.5/s Avg:   339 Min:     0 Max:  2789 Err:     0 (0.00%)
2020-10-24 06:28:14,878 INFO o.a.j.r.Summariser: summary +     10 in 00:00:29 =    0.3/s Avg:   386 Min:     1 Max:  1408 Err:     0 (0.00%) Active: 1 Started: 1 Finished: 0
2020-10-24 06:28:14,878 INFO o.a.j.r.Summariser: summary =     30 in 00:01:09 =    0.4/s Avg:   355 Min:     0 Max:  2789 Err:     0 (0.00%)
2020-10-24 06:28:42,616 INFO o.a.j.r.Summariser: summary +     12 in 00:00:28 =    0.4/s Avg:   224 Min:     1 Max:   840 Err:     0 (0.00%) Active: 1 Started: 1 Finished: 0
2020-10-24 06:28:42,617 INFO o.a.j.r.Summariser: summary =     42 in 00:01:36 =    0.4/s Avg:   317 Min:     0 Max:  2789 Err:     0 (0.00%)
2020-10-24 06:28:48,145 INFO o.a.j.r.Summariser: summary +     21 in 00:00:06 =    3.8/s Avg:   260 Min:     1 Max:   788 Err:     0 (0.00%) Active: 1 Started: 1 Finished: 0
2020-10-24 06:28:48,145 INFO o.a.j.r.Summariser: summary =     63 in 00:01:42 =    0.6/s Avg:   298 Min:     0 Max:  2789 Err:     0 (0.00%)
2020-10-24 06:28:54,588 INFO o.a.j.r.Summariser: summary +     28 in 00:00:06 =    4.3/s Avg:   227 Min:    66 Max:  1357 Err:     0 (0.00%) Active: 1 Started: 1 Finished: 0
2020-10-24 06:28:54,588 INFO o.a.j.r.Summariser: summary =     91 in 00:01:48 =    0.8/s Avg:   276 Min:     0 Max:  2789 Err:     0 (0.00%)
2020-10-24 06:29:00,016 INFO o.a.j.r.Summariser: summary +     25 in 00:00:05 =    4.6/s Avg:   214 Min:   138 Max:   567 Err:     0 (0.00%) Active: 1 Started: 1 Finished: 0
2020-10-24 06:29:00,016 INFO o.a.j.r.Summariser: summary =    116 in 00:01:54 =    1.0/s Avg:   263 Min:     0 Max:  2789 Err:     0 (0.00%)
2020-10-24 06:30:16,080 INFO o.a.j.r.Summariser: summary +     31 in 00:01:16 =    0.4/s Avg:   148 Min:     0 Max:   409 Err:     0 (0.00%) Active: 1 Started: 1 Finished: 0
2020-10-24 06:30:16,082 INFO o.a.j.r.Summariser: summary =    147 in 00:03:10 =    0.8/s Avg:   239 Min:     0 Max:  2789 Err:     0 (0.00%)
2020-10-24 06:30:22,391 INFO o.a.j.r.Summariser: summary +      7 in 00:00:06 =    1.1/s Avg:   899 Min:   304 Max:  1010 Err:     0 (0.00%) Active: 1 Started: 1 Finished: 0
2020-10-24 06:30:22,391 INFO o.a.j.r.Summariser: summary =    154 in 00:03:16 =    0.8/s Avg:   269 Min:     0 Max:  2789 Err:     0 (0.00%)
2020-10-24 06:30:28,140 INFO o.a.j.r.Summariser: summary +      8 in 00:00:06 =    1.4/s Avg:   716 Min:    86 Max:  1119 Err:     0 (0.00%) Active: 1 Started: 1 Finished: 0
2020-10-24 06:30:28,140 INFO o.a.j.r.Summariser: summary =    162 in 00:03:22 =    0.8/s Avg:   291 Min:     0 Max:  2789 Err:     0 (0.00%)
2020-10-24 06:30:48,415 INFO o.a.j.r.Summariser: summary +      6 in 00:00:20 =    0.3/s Avg:   299 Min:    10 Max:  1104 Err:     0 (0.00%) Active: 1 Started: 1 Finished: 0
2020-10-24 06:30:48,416 INFO o.a.j.r.Summariser: summary =    168 in 00:03:42 =    0.8/s Avg:   291 Min:     0 Max:  2789 Err:     0 (0.00%)
2020-10-24 06:30:58,638 INFO o.a.j.r.Summariser: summary +     12 in 00:00:10 =    1.2/s Avg:   350 Min:    76 Max:   921 Err:     0 (0.00%) Active: 1 Started: 1 Finished: 0
2020-10-24 06:30:58,639 INFO o.a.j.r.Summariser: summary =    180 in 00:03:52 =    0.8/s Avg:   295 Min:     0 Max:  2789 Err:     0 (0.00%)
2020-10-24 06:31:06,701 INFO o.a.j.r.Summariser: summary +     14 in 00:00:08 =    1.7/s Avg:   574 Min:     1 Max:  4294 Err:     0 (0.00%) Active: 1 Started: 1 Finished: 0
2020-10-24 06:31:06,701 INFO o.a.j.r.Summariser: summary =    194 in 00:04:00 =    0.8/s Avg:   315 Min:     0 Max:  4294 Err:     0 (0.00%)
2020-10-24 06:31:14,878 INFO o.a.j.r.Summariser: summary +     11 in 00:00:08 =    1.3/s Avg:   738 Min:     1 Max:  3656 Err:     0 (0.00%) Active: 1 Started: 1 Finished: 0
2020-10-24 06:31:14,878 INFO o.a.j.r.Summariser: summary =    205 in 00:04:09 =    0.8/s Avg:   338 Min:     0 Max:  4294 Err:     0 (0.00%)
2020-10-24 06:31:20,437 INFO o.a.j.r.Summariser: summary +     20 in 00:00:06 =    3.6/s Avg:   272 Min:     1 Max:  3736 Err:     0 (0.00%) Active: 1 Started: 1 Finished: 0
2020-10-24 06:31:20,437 INFO o.a.j.r.Summariser: summary =    225 in 00:04:14 =    0.9/s Avg:   332 Min:     0 Max:  4294 Err:     0 (0.00%)
2020-10-24 06:31:25,468 INFO o.a.j.r.Summariser: summary +     34 in 00:00:05 =    6.8/s Avg:   142 Min:     1 Max:   632 Err:     0 (0.00%) Active: 0 Started: 1 Finished: 1
2020-10-24 06:31:25,469 INFO o.a.j.r.Summariser: summary =    259 in 00:04:19 =    1.0/s Avg:   307 Min:     0 Max:  4294 Err:     0 (0.00%)
2020-10-24 06:31:25,469 INFO o.a.j.JMeter: Generating Dashboard
2020-10-24 06:31:25,469 INFO o.a.j.r.d.ReportGenerator: Flushing result collector before report Generation
2020-10-24 06:31:25,484 INFO o.a.j.r.p.NormalizerSampleConsumer: Using format, 'ms', to parse timeStamp field
2020-10-24 06:31:25,658 INFO o.a.j.r.p.AbstractSampleConsumer: class org.apache.jmeter.report.processor.AggregateConsumer#stopProducing(): beginDate produced 0 samples
2020-10-24 06:31:25,658 INFO o.a.j.r.p.AbstractSampleConsumer: class org.apache.jmeter.report.processor.AggregateConsumer#stopProducing(): endDate produced 0 samples
2020-10-24 06:31:25,663 INFO o.a.j.r.p.AbstractSampleConsumer: class org.apache.jmeter.report.processor.ApdexSummaryConsumer#stopProducing(): apdexSummary produced 0 samples
2020-10-24 06:31:25,663 INFO o.a.j.r.p.AbstractSampleConsumer: class org.apache.jmeter.report.processor.RequestsSummaryConsumer#stopProducing(): requestsSummary produced 0 samples
2020-10-24 06:31:25,673 INFO o.a.j.r.p.AbstractSampleConsumer: class org.apache.jmeter.report.processor.StatisticsSummaryConsumer#stopProducing(): statisticsSummary produced 0 samples
2020-10-24 06:31:25,680 INFO o.a.j.r.p.AbstractSampleConsumer: class org.apache.jmeter.report.processor.Top5ErrorsBySamplerConsumer#stopProducing(): top5ErrorsBySampler produced 0 samples
2020-10-24 06:31:25,680 INFO o.a.j.r.p.AbstractSampleConsumer: class org.apache.jmeter.report.processor.ErrorsSummaryConsumer#stopProducing(): errorsSummary produced 0 samples
2020-10-24 06:31:25,680 INFO o.a.j.r.p.AbstractSampleConsumer: class org.apache.jmeter.report.processor.graph.impl.HitsPerSecondGraphConsumer#stopProducing(): hitsPerSecond produced 0 samples
2020-10-24 06:31:25,698 INFO o.a.j.r.p.AbstractSampleConsumer: class org.apache.jmeter.report.processor.graph.impl.LatencyVSRequestGraphConsumer#stopProducing(): latencyVsRequest produced 0 samples
2020-10-24 06:31:25,699 INFO o.a.j.r.p.AbstractSampleConsumer: class org.apache.jmeter.report.processor.graph.impl.SyntheticResponseTimeDistributionGraphConsumer#stopProducing(): syntheticResponseTimeDistribution produced 0 samples
2020-10-24 06:31:25,699 INFO o.a.j.r.p.AbstractSampleConsumer: class org.apache.jmeter.report.processor.graph.impl.BytesThroughputGraphConsumer#stopProducing(): bytesThroughputOverTime produced 0 samples
2020-10-24 06:31:25,699 INFO o.a.j.r.p.AbstractSampleConsumer: class org.apache.jmeter.report.processor.graph.impl.CodesPerSecondGraphConsumer#stopProducing(): codesPerSecond produced 0 samples
2020-10-24 06:31:25,707 INFO o.a.j.r.p.AbstractSampleConsumer: class org.apache.jmeter.report.processor.graph.impl.ResponseTimeVSRequestGraphConsumer#stopProducing(): responseTimeVsRequest produced 0 samples
2020-10-24 06:31:25,707 INFO o.a.j.r.p.AbstractSampleConsumer: class org.apache.jmeter.report.processor.FilterConsumer#stopProducing(): startIntervalControlerFilter produced 2898 samples
2020-10-24 06:31:25,707 INFO o.a.j.r.p.AbstractSampleConsumer: class org.apache.jmeter.report.processor.graph.impl.TotalTPSGraphConsumer#stopProducing(): totalTPS produced 0 samples
2020-10-24 06:31:25,707 INFO o.a.j.r.p.AbstractSampleConsumer: class org.apache.jmeter.report.processor.graph.impl.ActiveThreadsGraphConsumer#stopProducing(): activeThreadsOverTime produced 0 samples
2020-10-24 06:31:25,707 INFO o.a.j.r.p.AbstractSampleConsumer: class org.apache.jmeter.report.processor.graph.impl.TimeVSThreadGraphConsumer#stopProducing(): timeVsThreads produced 0 samples
2020-10-24 06:31:25,743 INFO o.a.j.r.p.AbstractSampleConsumer: class org.apache.jmeter.report.processor.graph.impl.ResponseTimeDistributionGraphConsumer#stopProducing(): responseTimeDistribution produced 0 samples
2020-10-24 06:31:25,748 INFO o.a.j.r.p.AbstractSampleConsumer: class org.apache.jmeter.report.processor.graph.impl.TransactionsPerSecondGraphConsumer#stopProducing(): transactionsPerSecond produced 0 samples
2020-10-24 06:31:25,753 INFO o.a.j.r.p.AbstractSampleConsumer: class org.apache.jmeter.report.processor.graph.impl.ResponseTimePercentilesGraphConsumer#stopProducing(): responseTimePercentiles produced 0 samples
2020-10-24 06:31:25,801 INFO o.a.j.r.p.AbstractSampleConsumer: class org.apache.jmeter.report.processor.graph.impl.ResponseTimePercentilesOverTimeGraphConsumer#stopProducing(): responseTimePercentilesOverTime produced 0 samples
2020-10-24 06:31:25,802 INFO o.a.j.r.p.AbstractSampleConsumer: class org.apache.jmeter.report.processor.graph.impl.ResponseTimeOverTimeGraphConsumer#stopProducing(): responseTimesOverTime produced 0 samples
2020-10-24 06:31:25,806 INFO o.a.j.r.p.AbstractSampleConsumer: class org.apache.jmeter.report.processor.graph.impl.ConnectTimeOverTimeGraphConsumer#stopProducing(): connectTimeOverTime produced 0 samples
2020-10-24 06:31:25,811 INFO o.a.j.r.p.AbstractSampleConsumer: class org.apache.jmeter.report.processor.graph.impl.LatencyOverTimeGraphConsumer#stopProducing(): latenciesOverTime produced 0 samples
2020-10-24 06:31:25,815 INFO o.a.j.r.p.AbstractSampleConsumer: class org.apache.jmeter.report.processor.FilterConsumer#stopProducing(): nameFilter produced 6495 samples
2020-10-24 06:31:25,815 INFO o.a.j.r.p.AbstractSampleConsumer: class org.apache.jmeter.report.processor.FilterConsumer#stopProducing(): dateRangeFilter produced 1299 samples
2020-10-24 06:31:25,816 INFO o.a.j.r.p.AbstractSampleConsumer: class org.apache.jmeter.report.processor.NormalizerSampleConsumer#stopProducing(): normalizer produced 433 samples
2020-10-24 06:31:25,817 INFO o.a.j.r.p.CsvFileSampleSource: produce(): 433 samples produced in 299ms on channel 0
2020-10-24 06:31:25,817 INFO o.a.j.r.d.ReportGenerator: Exporting data using exporter:'json' of className:'org.apache.jmeter.report.dashboard.JsonExporter'
2020-10-24 06:31:25,819 INFO o.a.j.r.d.JsonExporter: Found data for consumer statisticsSummary in context
2020-10-24 06:31:25,819 INFO o.a.j.r.d.JsonExporter: Creating statistics for overall
2020-10-24 06:31:25,820 INFO o.a.j.r.d.JsonExporter: Creating statistics for other transactions
2020-10-24 06:31:25,822 INFO o.a.j.r.d.JsonExporter: Checking output folder
2020-10-24 06:31:25,823 INFO o.a.j.r.d.JsonExporter: Writing statistics JSON to /result/report_cardclaims-regress-api/statistics.json
2020-10-24 06:31:26,070 INFO o.a.j.r.d.ReportGenerator: Exporting data using exporter:'html' of className:'org.apache.jmeter.report.dashboard.HtmlTemplateExporter'
2020-10-24 06:31:26,075 INFO o.a.j.r.d.HtmlTemplateExporter: Will generate dashboard in folder: /result/report_cardclaims-regress-api
2020-10-24 06:31:26,903 ERROR f.configuration: DefaultObjectWrapper.incompatibleImprovements was set to the object returned by Configuration.getVersion(). That defeats the purpose of incompatibleImprovements, and makes upgrading FreeMarker a potentially breaking change. Also, this probably won't be allowed starting from 2.4.0. Instead, set incompatibleImprovements to the highest concrete version that's known to be compatible with your application.
2020-10-24 06:31:26,906 ERROR f.configuration: Configuration.incompatibleImprovements was set to the object returned by Configuration.getVersion(). That defeats the purpose of incompatibleImprovements, and makes upgrading FreeMarker a potentially breaking change. Also, this probably won't be allowed starting from 2.4.0. Instead, set incompatibleImprovements to the highest concrete version that's known to be compatible with your application.
2020-10-24 06:31:26,919 INFO o.a.j.r.d.HtmlTemplateExporter: Report will be generated in: /result/report_cardclaims-regress-api, creating folder structure
2020-10-24 06:31:26,924 INFO o.a.j.r.d.TemplateVisitor: Copying folder from '/opt/apache-jmeter/bin/report-template' to '/result/report_cardclaims-regress-api', got message: /result/report_cardclaims-regress-api, found non empty folder with following content [/result/report_cardclaims-regress-api/statistics.json], will be ignored
2020-10-24 06:31:27,220 INFO o.a.j.JMeter: Dashboard generated
