2020-05-28 19:07:55,385 INFO o.a.j.u.JMeterUtils: Setting Locale to en_EN
2020-05-28 19:07:55,404 INFO o.a.j.JMeter: Loading user properties from: user.properties
2020-05-28 19:07:55,405 INFO o.a.j.JMeter: Loading system properties from: system.properties
2020-05-28 19:07:55,405 INFO o.a.j.JMeter: Setting JMeter property: Jetel=C:\Users\jurban4968hc\Desktop\apache-jmeter-5.3\Scripts\Logs\SC-ALL-20200527-125731-Summary-R68-Vanoce_odmazano.jtl
2020-05-28 19:07:55,406 INFO o.a.j.JMeter: Setting JMeter property: AggregateOutputDirectory=C:\Users\jurban4968hc\Desktop\apache-jmeter-5.3\Scripts\Logs\Summary
2020-05-28 19:07:55,406 INFO o.a.j.JMeter: Setting JMeter property: ReleaseCMD=R68
2020-05-28 19:07:55,406 INFO o.a.j.JMeter: Setting JMeter property: TypeOfTestCMD=Vanoce
2020-05-28 19:07:55,408 INFO o.a.j.JMeter: Copyright (c) 1998-2020 The Apache Software Foundation
2020-05-28 19:07:55,408 INFO o.a.j.JMeter: Version 5.3
2020-05-28 19:07:55,409 INFO o.a.j.JMeter: java.version=1.8.0_251
2020-05-28 19:07:55,409 INFO o.a.j.JMeter: java.vm.name=Java HotSpot(TM) 64-Bit Server VM
2020-05-28 19:07:55,409 INFO o.a.j.JMeter: os.name=Windows 10
2020-05-28 19:07:55,409 INFO o.a.j.JMeter: os.arch=amd64
2020-05-28 19:07:55,409 INFO o.a.j.JMeter: os.version=10.0
2020-05-28 19:07:55,409 INFO o.a.j.JMeter: file.encoding=Cp1250
2020-05-28 19:07:55,409 INFO o.a.j.JMeter: java.awt.headless=true
2020-05-28 19:07:55,409 INFO o.a.j.JMeter: Max memory     =10737418240
2020-05-28 19:07:55,409 INFO o.a.j.JMeter: Available Processors =8
2020-05-28 19:07:55,416 INFO o.a.j.JMeter: Default Locale=English (EN)
2020-05-28 19:07:55,417 INFO o.a.j.JMeter: JMeter  Locale=English (EN)
2020-05-28 19:07:55,417 INFO o.a.j.JMeter: JMeterHome=C:\Users\jurban4968hc\Desktop\apache-jmeter-5.3
2020-05-28 19:07:55,417 INFO o.a.j.JMeter: user.dir  =C:\Users\jurban4968hc\Desktop\apache-jmeter-5.3\bin
2020-05-28 19:07:55,418 INFO o.a.j.JMeter: PWD       =C:\Users\jurban4968hc\Desktop\apache-jmeter-5.3\bin
2020-05-28 19:07:55,421 INFO o.a.j.JMeter: IP: 192.168.0.215 Name: NBJURBAN FullName: NBJURBAN.hcg.homecredit.net
2020-05-28 19:07:55,426 INFO o.a.j.s.FileServer: Default base='C:\Users\jurban4968hc\Desktop\apache-jmeter-5.3\bin'
2020-05-28 19:07:55,430 INFO o.a.j.s.FileServer: Set new base='C:\Users\jurban4968hc\Desktop\apache-jmeter-5.3\bin\..\Scripts'
2020-05-28 19:07:55,570 INFO o.a.j.s.SaveService: Testplan (JMX) version: 2.2. Testlog (JTL) version: 2.2
2020-05-28 19:07:55,588 INFO o.a.j.s.SaveService: Using SaveService properties file encoding UTF-8
2020-05-28 19:07:55,592 INFO o.a.j.s.SaveService: Using SaveService properties version 5.0
2020-05-28 19:07:55,598 INFO o.a.j.s.SaveService: Loading file: ..\Scripts\AGReportGeneratorForAutomatization.jmx
2020-05-28 19:07:55,723 INFO o.a.j.e.KeyToolUtils: Exception checking for keytool existence, will return false, try another way.
2020-05-28 19:07:55,917 INFO o.a.j.e.KeyToolUtils: keytool found at 'C:\Program Files\Java\jre1.8.0_251\bin\keytool'
2020-05-28 19:07:55,918 INFO o.a.j.p.h.p.ProxyControl: HTTP(S) Test Script Recorder SSL Proxy will use keys that support embedded 3rd party resources in file C:\Users\jurban4968hc\Desktop\apache-jmeter-5.3\bin\proxyserver.jks
2020-05-28 19:07:55,941 INFO o.a.j.JMeter: Creating summariser <summary>
2020-05-28 19:07:55,949 INFO o.a.j.e.StandardJMeterEngine: Running the test!
2020-05-28 19:07:55,950 INFO o.a.j.s.SampleEvent: List of sample_variables: []
2020-05-28 19:07:55,950 INFO o.a.j.s.SampleEvent: List of sample_variables: []
2020-05-28 19:07:55,955 INFO o.a.j.e.u.CompoundVariable: Note: Function class names must contain the string: '.functions.'
2020-05-28 19:07:55,955 INFO o.a.j.e.u.CompoundVariable: Note: Function class names must not contain the string: '.gui.'
2020-05-28 19:07:58,042 INFO o.a.j.JMeter: Running test (1590685678042)
2020-05-28 19:07:58,089 INFO o.a.j.e.StandardJMeterEngine: Starting ThreadGroup: 1 : Graphs Generator
2020-05-28 19:07:58,090 INFO o.a.j.e.StandardJMeterEngine: Starting 1 threads for group Graphs Generator.
2020-05-28 19:07:58,090 INFO o.a.j.e.StandardJMeterEngine: Thread will continue on error
2020-05-28 19:07:58,090 INFO o.a.j.t.ThreadGroup: Starting thread group... number=1 threads=1 ramp-up=1 delayedStart=false
2020-05-28 19:07:58,094 INFO o.a.j.t.ThreadGroup: Started thread group number 1
2020-05-28 19:07:58,094 INFO o.a.j.e.StandardJMeterEngine: All thread groups have been started
2020-05-28 19:07:58,095 INFO o.a.j.t.JMeterThread: Thread started: Graphs Generator 1-1
2020-05-28 19:07:58,101 INFO o.a.j.s.SampleResult: Note: Sample TimeStamps are START times
2020-05-28 19:07:58,102 INFO o.a.j.s.SampleResult: sampleresult.default.encoding is set to UTF-8
2020-05-28 19:07:58,102 INFO o.a.j.s.SampleResult: sampleresult.useNanoTime=true
2020-05-28 19:07:58,102 INFO o.a.j.s.SampleResult: sampleresult.nanoThreadSleep=5000
2020-05-28 19:07:58,107 INFO o.a.j.t.JMeterThread: Thread is done: Graphs Generator 1-1
2020-05-28 19:07:58,107 INFO o.a.j.t.JMeterThread: Thread finished: Graphs Generator 1-1
2020-05-28 19:07:58,107 INFO o.a.j.e.StandardJMeterEngine: Notifying test listeners of end of test
2020-05-28 19:07:58,111 INFO k.a.j.PluginsCMDWorker: Using JMeterPluginsCMD v. N/A
2020-05-28 19:07:58,131 WARN k.a.j.JMeterPluginsUtils: JMeter env exists. No one should see this normally.
2020-05-28 19:08:00,838 INFO k.a.j.v.SynthesisReportGui: Saving CSV to C:\Users\jurban4968hc\Desktop\apache-jmeter-5.3\Scripts\Logs\Summary\SC-ALL-R68-Vanoce-20200528-190758SynthesisReportGui.csv
2020-05-28 19:08:00,859 INFO k.a.j.l.GraphsGeneratorListener: Successful generation of file C:\Users\jurban4968hc\Desktop\apache-jmeter-5.3\Scripts\Logs\Summary\SC-ALL-R68-Vanoce-20200528-190758SynthesisReportGui by plugin:SynthesisReportGui
2020-05-28 19:08:00,859 INFO k.a.j.PluginsCMDWorker: Using JMeterPluginsCMD v. N/A
2020-05-28 19:08:00,859 WARN k.a.j.JMeterPluginsUtils: JMeter env exists. No one should see this normally.
2020-05-28 19:08:00,892 WARN o.a.j.g.ObjectTableModel: Header count=13 but classes count=11
2020-05-28 19:08:00,892 WARN o.a.j.g.ObjectTableModel: Header count=13 but writeFunctor count=11
2020-05-28 19:08:01,969 INFO k.a.j.v.AggregateReportGui: Saving CSV to C:\Users\jurban4968hc\Desktop\apache-jmeter-5.3\Scripts\Logs\Summary\SC-ALL-R68-Vanoce-20200528-190758AggregateReportGui.csv
2020-05-28 19:08:01,979 INFO k.a.j.l.GraphsGeneratorListener: Successful generation of file C:\Users\jurban4968hc\Desktop\apache-jmeter-5.3\Scripts\Logs\Summary\SC-ALL-R68-Vanoce-20200528-190758AggregateReportGui by plugin:AggregateReportGui
2020-05-28 19:08:01,979 INFO k.a.j.PluginsCMDWorker: Using JMeterPluginsCMD v. N/A
2020-05-28 19:08:01,979 WARN k.a.j.JMeterPluginsUtils: JMeter env exists. No one should see this normally.
2020-05-28 19:08:02,283 INFO k.a.c.GraphPanelChart: Saving PNG to C:\Users\jurban4968hc\Desktop\apache-jmeter-5.3\Scripts\Logs\Summary\SC-ALL-R68-Vanoce-20200528-190758ResponseTimesOverTime.png
2020-05-28 19:08:02,920 INFO k.a.j.l.GraphsGeneratorListener: Successful generation of file C:\Users\jurban4968hc\Desktop\apache-jmeter-5.3\Scripts\Logs\Summary\SC-ALL-R68-Vanoce-20200528-190758ResponseTimesOverTime by plugin:ResponseTimesOverTime
2020-05-28 19:08:02,920 INFO k.a.j.PluginsCMDWorker: Using JMeterPluginsCMD v. N/A
2020-05-28 19:08:02,921 WARN k.a.j.JMeterPluginsUtils: JMeter env exists. No one should see this normally.
2020-05-28 19:08:03,220 INFO k.a.c.GraphPanelChart: Saving PNG to C:\Users\jurban4968hc\Desktop\apache-jmeter-5.3\Scripts\Logs\Summary\SC-ALL-R68-Vanoce-20200528-190758HitsPerSecond.png
2020-05-28 19:08:03,334 INFO k.a.j.l.GraphsGeneratorListener: Successful generation of file C:\Users\jurban4968hc\Desktop\apache-jmeter-5.3\Scripts\Logs\Summary\SC-ALL-R68-Vanoce-20200528-190758HitsPerSecond by plugin:HitsPerSecond
2020-05-28 19:08:03,334 INFO k.a.j.PluginsCMDWorker: Using JMeterPluginsCMD v. N/A
2020-05-28 19:08:03,334 WARN k.a.j.JMeterPluginsUtils: JMeter env exists. No one should see this normally.
2020-05-28 19:08:03,648 INFO k.a.c.GraphPanelChart: Saving PNG to C:\Users\jurban4968hc\Desktop\apache-jmeter-5.3\Scripts\Logs\Summary\SC-ALL-R68-Vanoce-20200528-190758BytesThroughputOverTime.png
2020-05-28 19:08:04,025 INFO k.a.j.l.GraphsGeneratorListener: Successful generation of file C:\Users\jurban4968hc\Desktop\apache-jmeter-5.3\Scripts\Logs\Summary\SC-ALL-R68-Vanoce-20200528-190758BytesThroughputOverTime by plugin:BytesThroughputOverTime
2020-05-28 19:08:04,025 INFO k.a.j.PluginsCMDWorker: Using JMeterPluginsCMD v. N/A
2020-05-28 19:08:04,025 WARN k.a.j.JMeterPluginsUtils: JMeter env exists. No one should see this normally.
2020-05-28 19:08:04,361 INFO k.a.c.GraphPanelChart: Saving PNG to C:\Users\jurban4968hc\Desktop\apache-jmeter-5.3\Scripts\Logs\Summary\SC-ALL-R68-Vanoce-20200528-190758LatenciesOverTime.png
2020-05-28 19:08:04,667 INFO k.a.j.l.GraphsGeneratorListener: Successful generation of file C:\Users\jurban4968hc\Desktop\apache-jmeter-5.3\Scripts\Logs\Summary\SC-ALL-R68-Vanoce-20200528-190758LatenciesOverTime by plugin:LatenciesOverTime
2020-05-28 19:08:04,667 INFO k.a.j.PluginsCMDWorker: Using JMeterPluginsCMD v. N/A
2020-05-28 19:08:04,667 WARN k.a.j.JMeterPluginsUtils: JMeter env exists. No one should see this normally.
2020-05-28 19:08:04,952 INFO k.a.c.GraphPanelChart: Saving PNG to C:\Users\jurban4968hc\Desktop\apache-jmeter-5.3\Scripts\Logs\Summary\SC-ALL-R68-Vanoce-20200528-190758ResponseCodesPerSecond.png
2020-05-28 19:08:05,070 INFO k.a.j.l.GraphsGeneratorListener: Successful generation of file C:\Users\jurban4968hc\Desktop\apache-jmeter-5.3\Scripts\Logs\Summary\SC-ALL-R68-Vanoce-20200528-190758ResponseCodesPerSecond by plugin:ResponseCodesPerSecond
2020-05-28 19:08:05,070 INFO k.a.j.PluginsCMDWorker: Using JMeterPluginsCMD v. N/A
2020-05-28 19:08:05,070 WARN k.a.j.JMeterPluginsUtils: JMeter env exists. No one should see this normally.
2020-05-28 19:08:05,371 INFO k.a.c.GraphPanelChart: Saving PNG to C:\Users\jurban4968hc\Desktop\apache-jmeter-5.3\Scripts\Logs\Summary\SC-ALL-R68-Vanoce-20200528-190758TransactionsPerSecond.png
2020-05-28 19:08:05,840 INFO k.a.j.l.GraphsGeneratorListener: Successful generation of file C:\Users\jurban4968hc\Desktop\apache-jmeter-5.3\Scripts\Logs\Summary\SC-ALL-R68-Vanoce-20200528-190758TransactionsPerSecond by plugin:TransactionsPerSecond
2020-05-28 19:08:05,841 INFO k.a.j.PluginsCMDWorker: Using JMeterPluginsCMD v. N/A
2020-05-28 19:08:05,841 WARN k.a.j.JMeterPluginsUtils: JMeter env exists. No one should see this normally.
2020-05-28 19:08:06,084 INFO k.a.c.GraphPanelChart: Saving PNG to C:\Users\jurban4968hc\Desktop\apache-jmeter-5.3\Scripts\Logs\Summary\SC-ALL-R68-Vanoce-20200528-190758ResponseTimesDistribution.png
2020-05-28 19:08:06,366 INFO k.a.j.l.GraphsGeneratorListener: Successful generation of file C:\Users\jurban4968hc\Desktop\apache-jmeter-5.3\Scripts\Logs\Summary\SC-ALL-R68-Vanoce-20200528-190758ResponseTimesDistribution by plugin:ResponseTimesDistribution
2020-05-28 19:08:06,367 INFO k.a.j.PluginsCMDWorker: Using JMeterPluginsCMD v. N/A
2020-05-28 19:08:06,367 WARN k.a.j.JMeterPluginsUtils: JMeter env exists. No one should see this normally.
2020-05-28 19:08:06,697 INFO k.a.c.GraphPanelChart: Saving PNG to C:\Users\jurban4968hc\Desktop\apache-jmeter-5.3\Scripts\Logs\Summary\SC-ALL-R68-Vanoce-20200528-190758ResponseTimesPercentiles.png
2020-05-28 19:08:07,123 INFO k.a.j.l.GraphsGeneratorListener: Successful generation of file C:\Users\jurban4968hc\Desktop\apache-jmeter-5.3\Scripts\Logs\Summary\SC-ALL-R68-Vanoce-20200528-190758ResponseTimesPercentiles by plugin:ResponseTimesPercentiles
2020-05-28 19:08:07,123 INFO k.a.j.PluginsCMDWorker: Using JMeterPluginsCMD v. N/A
2020-05-28 19:08:07,124 WARN k.a.j.JMeterPluginsUtils: JMeter env exists. No one should see this normally.
2020-05-28 19:08:07,411 INFO k.a.c.GraphPanelChart: Saving PNG to C:\Users\jurban4968hc\Desktop\apache-jmeter-5.3\Scripts\Logs\Summary\SC-ALL-R68-Vanoce-20200528-190758ThreadsStateOverTime.png
2020-05-28 19:08:07,593 INFO k.a.j.l.GraphsGeneratorListener: Successful generation of file C:\Users\jurban4968hc\Desktop\apache-jmeter-5.3\Scripts\Logs\Summary\SC-ALL-R68-Vanoce-20200528-190758ThreadsStateOverTime by plugin:ThreadsStateOverTime
2020-05-28 19:08:07,593 INFO k.a.j.PluginsCMDWorker: Using JMeterPluginsCMD v. N/A
2020-05-28 19:08:07,593 WARN k.a.j.JMeterPluginsUtils: JMeter env exists. No one should see this normally.
2020-05-28 19:08:07,966 INFO k.a.c.GraphPanelChart: Saving PNG to C:\Users\jurban4968hc\Desktop\apache-jmeter-5.3\Scripts\Logs\Summary\SC-ALL-R68-Vanoce-20200528-190758TimesVsThreads.png
2020-05-28 19:08:08,357 INFO k.a.j.l.GraphsGeneratorListener: Successful generation of file C:\Users\jurban4968hc\Desktop\apache-jmeter-5.3\Scripts\Logs\Summary\SC-ALL-R68-Vanoce-20200528-190758TimesVsThreads by plugin:TimesVsThreads
2020-05-28 19:08:08,357 INFO k.a.j.PluginsCMDWorker: Using JMeterPluginsCMD v. N/A
2020-05-28 19:08:08,357 WARN k.a.j.JMeterPluginsUtils: JMeter env exists. No one should see this normally.
2020-05-28 19:08:08,707 INFO k.a.c.GraphPanelChart: Saving PNG to C:\Users\jurban4968hc\Desktop\apache-jmeter-5.3\Scripts\Logs\Summary\SC-ALL-R68-Vanoce-20200528-190758ThroughputVsThreads.png
2020-05-28 19:08:09,076 INFO k.a.j.l.GraphsGeneratorListener: Successful generation of file C:\Users\jurban4968hc\Desktop\apache-jmeter-5.3\Scripts\Logs\Summary\SC-ALL-R68-Vanoce-20200528-190758ThroughputVsThreads by plugin:ThroughputVsThreads
2020-05-28 19:08:09,076 INFO o.a.j.r.Summariser: summary =      2 in 00:00:11 =    0.2/s Avg:     0 Min:     0 Max:     1 Err:     0 (0.00%)
