2018-08-27 10:36:37,969 INFO o.a.j.u.JMeterUtils: Setting Locale to en_EN
2018-08-27 10:36:37,989 INFO o.a.j.JMeter: Loading user properties from: user.properties
2018-08-27 10:36:37,989 INFO o.a.j.JMeter: Loading system properties from: system.properties
2018-08-27 10:36:37,990 INFO o.a.j.JMeter: Setting System property: server_port=1099
2018-08-27 10:36:37,997 INFO o.a.j.JMeter: Copyright (c) 1998-2018 The Apache Software Foundation
2018-08-27 10:36:37,998 INFO o.a.j.JMeter: Version 4.0 r1823414
2018-08-27 10:36:37,998 INFO o.a.j.JMeter: java.version=1.8.0_171
2018-08-27 10:36:37,998 INFO o.a.j.JMeter: java.vm.name=OpenJDK 64-Bit Server VM
2018-08-27 10:36:37,998 INFO o.a.j.JMeter: os.name=Linux
2018-08-27 10:36:37,998 INFO o.a.j.JMeter: os.arch=amd64
2018-08-27 10:36:37,998 INFO o.a.j.JMeter: os.version=3.10.0-862.9.1.el7.x86_64
2018-08-27 10:36:37,998 INFO o.a.j.JMeter: file.encoding=UTF-8
2018-08-27 10:36:37,998 INFO o.a.j.JMeter: Max memory     =1073741824
2018-08-27 10:36:37,999 INFO o.a.j.JMeter: Available Processors =4
2018-08-27 10:36:38,006 INFO o.a.j.JMeter: Default Locale=English (EN)
2018-08-27 10:36:38,006 INFO o.a.j.JMeter: JMeter  Locale=English (EN)
2018-08-27 10:36:38,007 INFO o.a.j.JMeter: JMeterHome=64
2018-08-27 10:36:38,007 INFO o.a.j.JMeter: user.dir  =/home/ipa_users/alexander.barker/apache-jmeter-4.0/bin
2018-08-27 10:36:38,007 INFO o.a.j.JMeter: PWD       =/home/ipa_users/alexander.barker/apache-jmeter-4.0/bin
2018-08-27 10:36:38,008 INFO o.a.j.JMeter: IP: 10.201.16.51 Name: loadtest01fra.fdsg.factset.com FullName: loadtest01fra.fdsg.factset.com
2018-08-27 10:36:38,020 INFO o.a.j.r.RmiUtils: Disabling SSL for RMI as server.rmi.ssl.disable is set to 'true'
2018-08-27 10:36:38,020 INFO o.a.j.r.RmiUtils: Disabling SSL for RMI as server.rmi.ssl.disable is set to 'true'
2018-08-27 10:36:38,051 INFO o.a.j.e.RemoteJMeterEngineImpl: Starting backing engine on 1099
2018-08-27 10:36:38,051 INFO o.a.j.r.RmiUtils: System property 'java.rmi.server.hostname' is not defined, using localHost address
2018-08-27 10:36:38,052 INFO o.a.j.r.RmiUtils: Local IP address=10.201.16.51
2018-08-27 10:36:38,052 INFO o.a.j.e.RemoteJMeterEngineImpl: IP address is a site-local address; this may cause problems with remote access.
	Can be overridden by defining the system property 'java.rmi.server.hostname' - see jmeter-server script file
2018-08-27 10:36:38,052 INFO o.a.j.e.RemoteJMeterEngineImpl: Creating RMI registry (server.rmi.create=true)
2018-08-27 10:36:38,052 INFO o.a.j.r.RmiUtils: Disabling SSL for RMI as server.rmi.ssl.disable is set to 'true'
2018-08-27 10:36:38,052 INFO o.a.j.r.RmiUtils: Disabling SSL for RMI as server.rmi.ssl.disable is set to 'true'
2018-08-27 10:36:38,055 INFO o.a.j.e.RemoteJMeterEngineImpl: Bound to RMI registry on port 1099
2018-08-27 10:59:32,195 INFO o.a.j.s.SampleEvent: List of sample_variables: []
2018-08-27 10:59:32,202 INFO o.a.j.s.BatchSampleSender: Using batching for this run. Thresholds: num=100, time=60000
2018-08-27 10:59:32,202 INFO o.a.j.s.DataStrippingSampleSender: Using DataStrippingSampleSender for this run with stripAlsoOnError: true
2018-08-27 10:59:32,243 INFO o.a.j.p.h.s.HTTPSamplerBase: Parser for text/html is org.apache.jmeter.protocol.http.parser.LagartoBasedHtmlParser
2018-08-27 10:59:32,244 INFO o.a.j.p.h.s.HTTPSamplerBase: Parser for application/xhtml+xml is org.apache.jmeter.protocol.http.parser.LagartoBasedHtmlParser
2018-08-27 10:59:32,244 INFO o.a.j.p.h.s.HTTPSamplerBase: Parser for application/xml is org.apache.jmeter.protocol.http.parser.LagartoBasedHtmlParser
2018-08-27 10:59:32,244 INFO o.a.j.p.h.s.HTTPSamplerBase: Parser for text/xml is org.apache.jmeter.protocol.http.parser.LagartoBasedHtmlParser
2018-08-27 10:59:32,244 INFO o.a.j.p.h.s.HTTPSamplerBase: Parser for text/vnd.wap.wml is org.apache.jmeter.protocol.http.parser.RegexpHTMLParser
2018-08-27 10:59:32,244 INFO o.a.j.p.h.s.HTTPSamplerBase: Parser for text/css is org.apache.jmeter.protocol.http.parser.CssParser
2018-08-27 10:59:32,267 INFO o.a.j.s.BatchSampleSender: Using batching for this run. Thresholds: num=100, time=60000
2018-08-27 10:59:32,267 INFO o.a.j.s.DataStrippingSampleSender: Using DataStrippingSampleSender for this run with stripAlsoOnError: true
2018-08-27 10:59:32,285 INFO o.a.j.e.RemoteJMeterEngineImpl: Creating JMeter engine on host 127.0.0.1:1099 base '.'
2018-08-27 10:59:32,286 INFO o.a.j.e.RemoteJMeterEngineImpl: Remote client host: 10.201.16.51
2018-08-27 10:59:32,289 INFO o.a.j.s.FileServer: Default base='/home/ipa_users/alexander.barker/apache-jmeter-4.0/bin'
2018-08-27 10:59:32,295 INFO o.a.j.s.FileServer: Set new base='.'
2018-08-27 10:59:32,301 INFO o.a.j.e.StandardJMeterEngine: Applying properties {}
2018-08-27 10:59:32,301 INFO o.a.j.e.RemoteJMeterEngineImpl: Running test
2018-08-27 10:59:32,309 INFO o.a.j.e.StandardJMeterEngine: Running the test!
2018-08-27 10:59:32,309 INFO o.a.j.s.SampleEvent: List of sample_variables: []
2018-08-27 10:59:32,315 INFO o.a.j.e.u.CompoundVariable: Note: Function class names must contain the string: '.functions.'
2018-08-27 10:59:32,315 INFO o.a.j.e.u.CompoundVariable: Note: Function class names must not contain the string: '.gui.'
2018-08-27 10:59:32,331 WARN o.a.j.e.u.CompoundVariable: Did not find any functions
2018-08-27 10:59:32,858 INFO o.a.j.e.StandardJMeterEngine: Starting ThreadGroup: 1 : Main Thread
2018-08-27 10:59:32,859 INFO o.a.j.e.StandardJMeterEngine: Starting 1 threads for group Main Thread.
2018-08-27 10:59:32,859 INFO o.a.j.e.StandardJMeterEngine: Test will stop abruptly on error
2018-08-27 10:59:32,860 INFO o.a.j.t.ThreadGroup: Starting thread group... number=1 threads=1 ramp-up=30 perThread=30000.0 delayedStart=false
2018-08-27 10:59:32,865 INFO o.a.j.t.ThreadGroup: Started thread group number 1
2018-08-27 10:59:32,865 INFO o.a.j.e.StandardJMeterEngine: All thread groups have been started
2018-08-27 10:59:32,868 INFO o.a.j.t.JMeterThread: Thread started: Main Thread 1-1
2018-08-27 10:59:32,874 INFO o.a.j.s.SampleResult: Note: Sample TimeStamps are START times
2018-08-27 10:59:32,874 INFO o.a.j.s.SampleResult: sampleresult.default.encoding is set to ISO-8859-1
2018-08-27 10:59:32,874 INFO o.a.j.s.SampleResult: sampleresult.useNanoTime=true
2018-08-27 10:59:32,874 INFO o.a.j.s.SampleResult: sampleresult.nanoThreadSleep=5000
2018-08-27 10:59:33,194 INFO o.a.j.p.j.s.JSR223Sampler: >>>>>>>>>>>>>>>>>>>>>> TEST STARTED!
2018-08-27 10:59:33,202 INFO o.a.j.p.j.s.JSR223Sampler: >>>>>>>>>>>>>>>>>>>>>> ${__time(yyyyMMdd-HHmm)}
2018-08-27 10:59:33,204 INFO o.a.j.p.j.s.JSR223Sampler: >>>>>>>>>>>>>>>>>>>>>> ${__TestPlanName}
2018-08-27 10:59:33,240 INFO o.a.j.p.j.s.JSR223Sampler: >>>>>>>>>>>>>>>>>>>>>> NEXT TEST
2018-08-27 10:59:33,243 INFO o.a.j.p.j.s.JSR223Sampler: >>>>>>>>>>>>>>>>>>>>>> ${__time(yyyyMMdd-HHmm)}
2018-08-27 10:59:33,243 INFO o.a.j.p.j.s.JSR223Sampler: >>>>>>>>>>>>>>>>>>>>>> ${__TestPlanName}
2018-08-27 10:59:33,264 INFO o.a.j.p.h.s.HTTPHCAbstractImpl: Local host = loadtest01fra.fdsg.factset.com
2018-08-27 10:59:33,272 INFO o.a.j.p.h.s.HTTPHC4Impl: HTTP request retry count = 0
2018-08-27 10:59:33,310 INFO o.a.j.t.JMeterThread: Stop Test Now detected by thread: Main Thread 1-1
2018-08-27 10:59:33,311 INFO o.a.j.t.JMeterThread: Thread finished: Main Thread 1-1
2018-08-27 10:59:33,314 INFO o.a.j.t.JMeterThread: Stopping: Main Thread 1-1
2018-08-27 10:59:33,317 INFO o.a.j.e.StandardJMeterEngine: Notifying test listeners of end of test
2018-08-27 10:59:33,317 INFO o.a.j.s.DataStrippingSampleSender: Test Ended on 127.0.0.1:1099
2018-08-27 10:59:33,317 INFO o.a.j.s.BatchSampleSender: Test Ended on 127.0.0.1:1099
2018-08-27 10:59:33,327 INFO o.a.j.s.DataStrippingSampleSender: Test Ended on 127.0.0.1:1099
2018-08-27 10:59:33,327 INFO o.a.j.s.BatchSampleSender: Test Ended on 127.0.0.1:1099
2018-08-27 10:59:33,338 INFO o.a.j.e.StandardJMeterEngine: Test has ended on host 127.0.0.1:1099 
