<?xml version="1.0" encoding="UTF-8"?>
<testResults version="1.2">
<sample t="68" lt="41" ts="1244106392649" s="true" lb="JDBC Request" rc="200" rm="OK" tn="Thread Group 1-2" dt="text" by="13">
  <responseData class="java.lang.String">
?column?
1

</responseData>
  <samplerData class="java.lang.String">[Prepared Select Statement] select ?
1
INTEGER</samplerData>
</sample>
<sample t="68" lt="53" ts="1244106392649" s="true" lb="JDBC Request" rc="200" rm="OK" tn="Thread Group 1-1" dt="text" by="13">
  <responseData class="java.lang.String">
?column?
1

</responseData>
  <samplerData class="java.lang.String">[Prepared Select Statement] select ?
1
INTEGER</samplerData>
</sample>
<sample t="2" lt="0" ts="1244106392753" s="false" lb="JDBC Request" rc="55000 0" rm="org.postgresql.util.PSQLException: This statement has been closed." tn="Thread Group 1-1" dt="text" by="0">
  <responseData class="java.lang.String"></responseData>
  <samplerData class="java.lang.String">[Prepared Select Statement] select ?
1
INTEGER</samplerData>
</sample>
<sample t="7" lt="0" ts="1244106392750" s="false" lb="JDBC Request" rc="55000 0" rm="org.postgresql.util.PSQLException: This statement has been closed." tn="Thread Group 1-2" dt="text" by="0">
  <responseData class="java.lang.String"></responseData>
  <samplerData class="java.lang.String">[Prepared Select Statement] select ?
1
INTEGER</samplerData>
</sample>

</testResults>
