2020-12-15 13:29:24,761 INFO o.a.j.u.JMeterUtils: Setting Locale to en_EN
2020-12-15 13:29:24,780 INFO o.a.j.JMeter: Loading user properties from: user.properties
2020-12-15 13:29:24,781 INFO o.a.j.JMeter: Loading system properties from: system.properties
2020-12-15 13:29:24,787 INFO o.a.j.JMeter: Copyright (c) 1998-2020 The Apache Software Foundation
2020-12-15 13:29:24,787 INFO o.a.j.JMeter: Version 5.4.1-SNAPSHOT 53c6db8
2020-12-15 13:29:24,787 INFO o.a.j.JMeter: java.version=11.0.1
2020-12-15 13:29:24,787 INFO o.a.j.JMeter: java.vm.name=Java HotSpot(TM) 64-Bit Server VM
2020-12-15 13:29:24,787 INFO o.a.j.JMeter: os.name=Windows 10
2020-12-15 13:29:24,787 INFO o.a.j.JMeter: os.arch=amd64
2020-12-15 13:29:24,787 INFO o.a.j.JMeter: os.version=10.0
2020-12-15 13:29:24,787 INFO o.a.j.JMeter: file.encoding=Cp1252
2020-12-15 13:29:24,787 INFO o.a.j.JMeter: java.awt.headless=null
2020-12-15 13:29:24,787 INFO o.a.j.JMeter: Max memory     =1073741824
2020-12-15 13:29:24,788 INFO o.a.j.JMeter: Available Processors =8
2020-12-15 13:29:24,796 INFO o.a.j.JMeter: Default Locale=English (EN)
2020-12-15 13:29:24,796 INFO o.a.j.JMeter: JMeter  Locale=English (EN)
2020-12-15 13:29:24,797 INFO o.a.j.JMeter: JMeterHome=C:\bin\apache-jmeter-5.4.1-SNAPSHOT
2020-12-15 13:29:24,797 INFO o.a.j.JMeter: user.dir  =C:\bin\apache-jmeter-5.4.1-SNAPSHOT\bin
2020-12-15 13:29:24,797 INFO o.a.j.JMeter: PWD       =C:\bin\apache-jmeter-5.4.1-SNAPSHOT\bin
2020-12-15 13:29:24,798 INFO o.a.j.JMeter: IP: 10.0.0.39 Name: NGAT-050 FullName: host.docker.internal
2020-12-15 13:29:24,920 INFO o.a.j.JMeter: Setting LAF to: com.github.weisj.darklaf.DarkLaf:com.github.weisj.darklaf.theme.IntelliJTheme
2020-12-15 13:29:25,376 INFO o.a.j.JMeter: Loaded icon properties from org/apache/jmeter/images/icon.properties
2020-12-15 13:30:23,798 INFO o.a.j.g.a.LogLevelCommand: Setting root log level: DEBUG
2020-12-15 13:30:27,341 DEBUG o.a.j.g.t.JMeterTreeListener: Mouse click was outside of node [org.apache.jmeter.testelement.TestPlan@3d0035d2, org.apache.jmeter.testelement.TestPlan@3d0035d2]. bounds=java.awt.Rectangle[x=20,y=0,width=73,height=20], event.x=72, event.y=106
2020-12-15 13:30:28,433 DEBUG o.a.j.g.t.JMeterTreeListener: About to display pop-up
2020-12-15 13:30:28,468 DEBUG o.a.j.g.GuiPackage: Gui retrieved = org.apache.jmeter.control.gui.TestPlanGui[Test Plan,0,0,830x676,invalid,layout=java.awt.BorderLayout,alignmentX=0.0,alignmentY=0.0,border=javax.swing.border.EmptyBorder@411cda8b,flags=9,maximumSize=,minimumSize=,preferredSize=]
2020-12-15 13:30:28,474 DEBUG o.a.j.g.GuiPackage: Updating current node Test Plan
2020-12-15 13:30:28,474 DEBUG o.a.j.g.GuiPackage: Gui retrieved = org.apache.jmeter.control.gui.TestPlanGui[Test Plan,0,0,830x676,invalid,layout=java.awt.BorderLayout,alignmentX=0.0,alignmentY=0.0,border=javax.swing.border.EmptyBorder@411cda8b,flags=9,maximumSize=,minimumSize=,preferredSize=]
2020-12-15 13:30:28,474 DEBUG o.a.j.g.AbstractJMeterGuiComponent: setting element to enabled: true
2020-12-15 13:30:28,474 DEBUG o.a.j.g.AbstractJMeterGuiComponent: setting element to enabled: true
2020-12-15 13:30:28,474 DEBUG o.a.j.g.GuiPackage: Gui retrieved = org.apache.jmeter.control.gui.TestPlanGui[Test Plan,0,0,830x676,invalid,layout=java.awt.BorderLayout,alignmentX=0.0,alignmentY=0.0,border=javax.swing.border.EmptyBorder@411cda8b,flags=9,maximumSize=,minimumSize=,preferredSize=]
2020-12-15 13:30:28,475 DEBUG o.a.j.g.GuiPackage: Updating gui to new node
2020-12-15 13:30:28,512 DEBUG o.a.j.g.GuiPackage: Showing pop up for org.apache.jmeter.gui.MainFrame$1[,0,0,300x676,alignmentX=0.0,alignmentY=0.0,border=,flags=16777704,maximumSize=,minimumSize=,preferredSize=,editable=false,invokesStopCellEditing=false,largeModel=false,rootVisible=false,rowHeight=20,scrollsOnExpand=true,showsRootHandles=true,toggleClickCount=2,visibleRowCount=20] at x,y = 95,7
2020-12-15 13:30:33,008 DEBUG o.a.j.g.GuiPackage: Updating current node Test Plan
2020-12-15 13:30:33,008 DEBUG o.a.j.g.GuiPackage: Gui retrieved = org.apache.jmeter.control.gui.TestPlanGui[Test Plan,0,0,830x676,invalid,layout=java.awt.BorderLayout,alignmentX=0.0,alignmentY=0.0,border=javax.swing.border.EmptyBorder@411cda8b,flags=9,maximumSize=,minimumSize=,preferredSize=]
2020-12-15 13:30:33,009 DEBUG o.a.j.g.AbstractJMeterGuiComponent: setting element to enabled: true
2020-12-15 13:30:33,009 DEBUG o.a.j.g.AbstractJMeterGuiComponent: setting element to enabled: true
2020-12-15 13:30:33,009 DEBUG o.a.j.g.GuiPackage: Gui retrieved = org.apache.jmeter.control.gui.TestPlanGui[Test Plan,0,0,830x676,invalid,layout=java.awt.BorderLayout,alignmentX=0.0,alignmentY=0.0,border=javax.swing.border.EmptyBorder@411cda8b,flags=9,maximumSize=,minimumSize=,preferredSize=]
2020-12-15 13:30:33,010 DEBUG o.a.j.g.GuiPackage: Updating current node Test Plan
2020-12-15 13:30:33,010 DEBUG o.a.j.g.GuiPackage: Gui retrieved = org.apache.jmeter.control.gui.TestPlanGui[Test Plan,0,0,830x676,invalid,layout=java.awt.BorderLayout,alignmentX=0.0,alignmentY=0.0,border=javax.swing.border.EmptyBorder@411cda8b,flags=9,maximumSize=,minimumSize=,preferredSize=]
2020-12-15 13:30:33,010 DEBUG o.a.j.g.AbstractJMeterGuiComponent: setting element to enabled: true
2020-12-15 13:30:33,011 DEBUG o.a.j.g.AbstractJMeterGuiComponent: setting element to enabled: true
2020-12-15 13:30:33,020 DEBUG o.a.j.t.g.TestBeanGUI: testing class: class org.apache.jmeter.config.CSVDataSet
2020-12-15 13:30:33,024 DEBUG o.a.j.t.BeanInfoSupport: Localized display name not available for property property in class org.apache.jmeter.config.CSVDataSet
2020-12-15 13:30:33,024 DEBUG o.a.j.t.BeanInfoSupport: Localized short description not available for property property in class org.apache.jmeter.config.CSVDataSet
2020-12-15 13:30:33,024 DEBUG o.a.j.t.BeanInfoSupport: Getting property for: filename
2020-12-15 13:30:33,024 DEBUG o.a.j.t.BeanInfoSupport: Getting property for: fileEncoding
2020-12-15 13:30:33,024 DEBUG o.a.j.t.BeanInfoSupport: Getting property for: variableNames
2020-12-15 13:30:33,024 DEBUG o.a.j.t.BeanInfoSupport: Getting property for: ignoreFirstLine
2020-12-15 13:30:33,024 DEBUG o.a.j.t.BeanInfoSupport: Getting property for: delimiter
2020-12-15 13:30:33,024 DEBUG o.a.j.t.BeanInfoSupport: Getting property for: quotedData
2020-12-15 13:30:33,024 DEBUG o.a.j.t.BeanInfoSupport: Getting property for: recycle
2020-12-15 13:30:33,024 DEBUG o.a.j.t.BeanInfoSupport: Getting property for: stopThread
2020-12-15 13:30:33,024 DEBUG o.a.j.t.BeanInfoSupport: Getting property for: shareMode
2020-12-15 13:30:33,026 DEBUG o.a.j.g.AbstractJMeterGuiComponent: setting element to enabled: true
2020-12-15 13:30:33,027 DEBUG o.a.j.t.g.TestBeanGUI: Modify delimiter to null
2020-12-15 13:30:33,027 DEBUG o.a.j.t.g.TestBeanGUI: Modify fileEncoding to null
2020-12-15 13:30:33,027 DEBUG o.a.j.t.g.TestBeanGUI: Modify filename to null
2020-12-15 13:30:33,027 DEBUG o.a.j.t.g.TestBeanGUI: Modify ignoreFirstLine to null
2020-12-15 13:30:33,027 DEBUG o.a.j.t.g.TestBeanGUI: Modify property to null
2020-12-15 13:30:33,027 DEBUG o.a.j.t.g.TestBeanGUI: Modify quotedData to null
2020-12-15 13:30:33,027 DEBUG o.a.j.t.g.TestBeanGUI: Modify recycle to null
2020-12-15 13:30:33,027 DEBUG o.a.j.t.g.TestBeanGUI: Modify shareMode to null
2020-12-15 13:30:33,028 DEBUG o.a.j.t.g.TestBeanGUI: Modify stopThread to null
2020-12-15 13:30:33,028 DEBUG o.a.j.t.g.TestBeanGUI: Modify variableNames to null
2020-12-15 13:30:33,028 DEBUG o.a.j.g.GuiPackage: Gui retrieved = TestBeanGUI:org.apache.jmeter.config.CSVDataSet
2020-12-15 13:30:33,029 DEBUG o.a.j.t.g.GenericTestBeanCustomizer: Skipping editor for property property
2020-12-15 13:30:33,029 DEBUG o.a.j.t.g.GenericTestBeanCustomizer: Property filename has editor class class org.apache.jmeter.testbeans.gui.FileEditor
2020-12-15 13:30:33,031 DEBUG o.a.j.t.g.WrapperEditor: <-java.lang.String:
2020-12-15 13:30:33,031 DEBUG o.a.j.t.g.WrapperEditor: ->""
2020-12-15 13:30:33,031 DEBUG o.a.j.t.g.GenericTestBeanCustomizer: Property filename has property editor org.apache.jmeter.testbeans.gui.FileEditor@206dec2e
2020-12-15 13:30:33,033 DEBUG o.a.j.t.g.WrapperEditor: <-java.lang.String:
2020-12-15 13:30:33,049 DEBUG o.a.j.t.g.GenericTestBeanCustomizer: Property fileEncoding has property editor org.apache.jmeter.testbeans.gui.ComboStringEditor@28ed132b
2020-12-15 13:30:33,051 DEBUG o.a.j.t.g.GenericTestBeanCustomizer: Property variableNames has editor class null
2020-12-15 13:30:33,052 DEBUG o.a.j.t.g.GenericTestBeanCustomizer: Property variableNames has property editor com.sun.beans.editors.StringEditor@234e9b39
2020-12-15 13:30:33,053 DEBUG o.a.j.t.g.WrapperEditor: <-java.lang.String:
2020-12-15 13:30:33,053 DEBUG o.a.j.t.g.WrapperEditor: ->""
2020-12-15 13:30:33,053 DEBUG o.a.j.t.g.GenericTestBeanCustomizer: Editor for property variableNames is wrapped in org.apache.jmeter.testbeans.gui.WrapperEditor@196c0383
2020-12-15 13:30:33,053 DEBUG o.a.j.t.g.WrapperEditor: <-java.lang.String:
2020-12-15 13:30:33,053 DEBUG o.a.j.t.g.GenericTestBeanCustomizer: Property ignoreFirstLine has editor class null
2020-12-15 13:30:33,054 DEBUG o.a.j.t.g.GenericTestBeanCustomizer: Property ignoreFirstLine has property editor com.sun.beans.editors.BooleanEditor@282f27b
2020-12-15 13:30:33,056 DEBUG o.a.j.t.g.WrapperEditor: <-java.lang.Boolean:false
2020-12-15 13:30:33,056 DEBUG o.a.j.t.g.WrapperEditor: ->"False"
2020-12-15 13:30:33,056 DEBUG o.a.j.t.g.GenericTestBeanCustomizer: Editor for property ignoreFirstLine is wrapped in org.apache.jmeter.testbeans.gui.WrapperEditor@2369dd39
2020-12-15 13:30:33,056 DEBUG o.a.j.t.g.WrapperEditor: <-java.lang.Boolean:false
2020-12-15 13:30:33,057 DEBUG o.a.j.t.g.GenericTestBeanCustomizer: Property delimiter has editor class null
2020-12-15 13:30:33,057 DEBUG o.a.j.t.g.GenericTestBeanCustomizer: Property delimiter has property editor com.sun.beans.editors.StringEditor@5ae0a2cc
2020-12-15 13:30:33,058 DEBUG o.a.j.t.g.WrapperEditor: <-java.lang.String:,
2020-12-15 13:30:33,059 DEBUG o.a.j.t.g.WrapperEditor: ->","
2020-12-15 13:30:33,059 DEBUG o.a.j.t.g.GenericTestBeanCustomizer: Editor for property delimiter is wrapped in org.apache.jmeter.testbeans.gui.WrapperEditor@35b5a093
2020-12-15 13:30:33,059 DEBUG o.a.j.t.g.WrapperEditor: <-java.lang.String:,
2020-12-15 13:30:33,059 DEBUG o.a.j.t.g.GenericTestBeanCustomizer: Property quotedData has editor class null
2020-12-15 13:30:33,059 DEBUG o.a.j.t.g.GenericTestBeanCustomizer: Property quotedData has property editor com.sun.beans.editors.BooleanEditor@20b19d74
2020-12-15 13:30:33,061 DEBUG o.a.j.t.g.WrapperEditor: <-java.lang.Boolean:false
2020-12-15 13:30:33,062 DEBUG o.a.j.t.g.WrapperEditor: ->"False"
2020-12-15 13:30:33,062 DEBUG o.a.j.t.g.GenericTestBeanCustomizer: Editor for property quotedData is wrapped in org.apache.jmeter.testbeans.gui.WrapperEditor@4ddc0c4e
2020-12-15 13:30:33,062 DEBUG o.a.j.t.g.WrapperEditor: <-java.lang.Boolean:false
2020-12-15 13:30:33,062 DEBUG o.a.j.t.g.GenericTestBeanCustomizer: Property recycle has editor class null
2020-12-15 13:30:33,062 DEBUG o.a.j.t.g.GenericTestBeanCustomizer: Property recycle has property editor com.sun.beans.editors.BooleanEditor@127521fb
2020-12-15 13:30:33,064 DEBUG o.a.j.t.g.WrapperEditor: <-java.lang.Boolean:true
2020-12-15 13:30:33,065 DEBUG o.a.j.t.g.WrapperEditor: ->"True"
2020-12-15 13:30:33,065 DEBUG o.a.j.t.g.GenericTestBeanCustomizer: Editor for property recycle is wrapped in org.apache.jmeter.testbeans.gui.WrapperEditor@b390afb
2020-12-15 13:30:33,065 DEBUG o.a.j.t.g.WrapperEditor: <-java.lang.Boolean:true
2020-12-15 13:30:33,065 DEBUG o.a.j.t.g.GenericTestBeanCustomizer: Property stopThread has editor class null
2020-12-15 13:30:33,065 DEBUG o.a.j.t.g.GenericTestBeanCustomizer: Property stopThread has property editor com.sun.beans.editors.BooleanEditor@3078989e
2020-12-15 13:30:33,067 DEBUG o.a.j.t.g.WrapperEditor: <-java.lang.Boolean:false
2020-12-15 13:30:33,068 DEBUG o.a.j.t.g.WrapperEditor: ->"False"
2020-12-15 13:30:33,068 DEBUG o.a.j.t.g.GenericTestBeanCustomizer: Editor for property stopThread is wrapped in org.apache.jmeter.testbeans.gui.WrapperEditor@5f1b48c5
2020-12-15 13:30:33,068 DEBUG o.a.j.t.g.WrapperEditor: <-java.lang.Boolean:false
2020-12-15 13:30:33,070 DEBUG o.a.j.t.g.GenericTestBeanCustomizer: Property shareMode has property editor org.apache.jmeter.testbeans.gui.ComboStringEditor@2fa13506
2020-12-15 13:30:33,070 DEBUG o.a.j.t.g.GenericTestBeanCustomizer: Laying property filename
2020-12-15 13:30:33,071 DEBUG o.a.j.t.g.GenericTestBeanCustomizer: Laying property fileEncoding
2020-12-15 13:30:33,072 DEBUG o.a.j.t.g.GenericTestBeanCustomizer: Laying property variableNames
2020-12-15 13:30:33,072 DEBUG o.a.j.t.g.GenericTestBeanCustomizer: Laying property ignoreFirstLine
2020-12-15 13:30:33,072 DEBUG o.a.j.t.g.GenericTestBeanCustomizer: Laying property delimiter
2020-12-15 13:30:33,072 DEBUG o.a.j.t.g.GenericTestBeanCustomizer: Laying property quotedData
2020-12-15 13:30:33,073 DEBUG o.a.j.t.g.GenericTestBeanCustomizer: Laying property recycle
2020-12-15 13:30:33,073 DEBUG o.a.j.t.g.GenericTestBeanCustomizer: Laying property stopThread
2020-12-15 13:30:33,074 DEBUG o.a.j.t.g.GenericTestBeanCustomizer: Laying property shareMode
2020-12-15 13:30:33,075 DEBUG o.a.j.t.g.WrapperEditor: <-""
2020-12-15 13:30:33,075 DEBUG o.a.j.t.g.WrapperEditor: <-java.lang.String:
2020-12-15 13:30:33,075 DEBUG o.a.j.t.g.WrapperEditor: ->""
2020-12-15 13:30:33,075 DEBUG o.a.j.t.g.WrapperEditor: <-"True"
2020-12-15 13:30:33,075 DEBUG o.a.j.t.g.WrapperEditor: <-java.lang.String:,
2020-12-15 13:30:33,075 DEBUG o.a.j.t.g.WrapperEditor: ->","
2020-12-15 13:30:33,075 DEBUG o.a.j.t.g.WrapperEditor: <-"True"
2020-12-15 13:30:33,076 DEBUG o.a.j.t.g.WrapperEditor: <-"True"
2020-12-15 13:30:33,076 DEBUG o.a.j.t.g.WrapperEditor: <-"True"
2020-12-15 13:30:33,077 DEBUG o.a.j.t.g.WrapperEditor: <-java.lang.String:
2020-12-15 13:30:33,077 DEBUG o.a.j.t.g.WrapperEditor: <-java.lang.String:
2020-12-15 13:30:33,077 DEBUG o.a.j.t.g.WrapperEditor: <-java.lang.Boolean:false
2020-12-15 13:30:33,078 DEBUG o.a.j.t.g.WrapperEditor: <-java.lang.String:,
2020-12-15 13:30:33,078 DEBUG o.a.j.t.g.WrapperEditor: <-java.lang.Boolean:false
2020-12-15 13:30:33,078 DEBUG o.a.j.t.g.WrapperEditor: <-java.lang.Boolean:true
2020-12-15 13:30:33,078 DEBUG o.a.j.t.g.WrapperEditor: <-java.lang.Boolean:false
2020-12-15 13:30:33,079 DEBUG o.a.j.t.g.WrapperEditor: ->java.lang.String:
2020-12-15 13:30:33,079 DEBUG o.a.j.t.g.GenericTestBeanCustomizer: Set filename=
2020-12-15 13:30:33,079 DEBUG o.a.j.t.g.GenericTestBeanCustomizer: Set fileEncoding=
2020-12-15 13:30:33,079 DEBUG o.a.j.t.g.WrapperEditor: ->java.lang.String:
2020-12-15 13:30:33,079 DEBUG o.a.j.t.g.GenericTestBeanCustomizer: Set variableNames=
2020-12-15 13:30:33,079 DEBUG o.a.j.t.g.WrapperEditor: ->java.lang.Boolean:false
2020-12-15 13:30:33,079 DEBUG o.a.j.t.g.GenericTestBeanCustomizer: Set ignoreFirstLine=false
2020-12-15 13:30:33,079 DEBUG o.a.j.t.g.WrapperEditor: ->java.lang.String:,
2020-12-15 13:30:33,079 DEBUG o.a.j.t.g.GenericTestBeanCustomizer: Set delimiter=,
2020-12-15 13:30:33,079 DEBUG o.a.j.t.g.WrapperEditor: ->java.lang.Boolean:false
2020-12-15 13:30:33,079 DEBUG o.a.j.t.g.GenericTestBeanCustomizer: Set quotedData=false
2020-12-15 13:30:33,079 DEBUG o.a.j.t.g.WrapperEditor: ->java.lang.Boolean:true
2020-12-15 13:30:33,079 DEBUG o.a.j.t.g.GenericTestBeanCustomizer: Set recycle=true
2020-12-15 13:30:33,079 DEBUG o.a.j.t.g.WrapperEditor: ->java.lang.Boolean:false
2020-12-15 13:30:33,079 DEBUG o.a.j.t.g.GenericTestBeanCustomizer: Set stopThread=false
2020-12-15 13:30:33,079 DEBUG o.a.j.t.g.GenericTestBeanCustomizer: Set shareMode=shareMode.all
2020-12-15 13:30:33,079 DEBUG o.a.j.g.AbstractJMeterGuiComponent: setting element to enabled: true
2020-12-15 13:30:33,079 DEBUG o.a.j.t.g.TestBeanGUI: Modify property to null
2020-12-15 13:30:33,079 DEBUG o.a.j.t.g.TestBeanGUI: Modify filename to 
2020-12-15 13:30:33,080 DEBUG o.a.j.t.g.TestBeanGUI: Modify fileEncoding to 
2020-12-15 13:30:33,080 DEBUG o.a.j.t.g.TestBeanGUI: Modify variableNames to 
2020-12-15 13:30:33,080 DEBUG o.a.j.t.g.TestBeanGUI: Modify ignoreFirstLine to false
2020-12-15 13:30:33,080 DEBUG o.a.j.t.g.TestBeanGUI: Modify delimiter to ,
2020-12-15 13:30:33,080 DEBUG o.a.j.t.g.TestBeanGUI: Modify quotedData to false
2020-12-15 13:30:33,080 DEBUG o.a.j.t.g.TestBeanGUI: Modify recycle to true
2020-12-15 13:30:33,080 DEBUG o.a.j.t.g.TestBeanGUI: Modify stopThread to false
2020-12-15 13:30:33,080 DEBUG o.a.j.t.g.TestBeanGUI: Modify shareMode to shareMode.all
2020-12-15 13:30:33,080 DEBUG o.a.j.g.GuiPackage: Gui retrieved = org.apache.jmeter.control.gui.TestPlanGui[Test Plan,0,0,830x676,invalid,layout=java.awt.BorderLayout,alignmentX=0.0,alignmentY=0.0,border=javax.swing.border.EmptyBorder@411cda8b,flags=9,maximumSize=,minimumSize=,preferredSize=]
2020-12-15 13:30:33,080 DEBUG o.a.j.g.GuiPackage: Updating gui to new node
2020-12-15 13:30:33,081 DEBUG o.a.j.g.t.JMeterTreeListener: value changed, updating currentPath
2020-12-15 13:30:33,100 DEBUG o.a.j.g.GuiPackage: Updating current node Test Plan
2020-12-15 13:30:33,100 DEBUG o.a.j.g.GuiPackage: Gui retrieved = org.apache.jmeter.control.gui.TestPlanGui[Test Plan,0,0,830x676,invalid,layout=java.awt.BorderLayout,alignmentX=0.0,alignmentY=0.0,border=javax.swing.border.EmptyBorder@411cda8b,flags=9,maximumSize=,minimumSize=,preferredSize=]
2020-12-15 13:30:33,101 DEBUG o.a.j.g.AbstractJMeterGuiComponent: setting element to enabled: true
2020-12-15 13:30:33,101 DEBUG o.a.j.g.AbstractJMeterGuiComponent: setting element to enabled: true
2020-12-15 13:30:33,101 DEBUG o.a.j.g.GuiPackage: Gui retrieved = TestBeanGUI:org.apache.jmeter.config.CSVDataSet
2020-12-15 13:30:33,101 DEBUG o.a.j.t.g.WrapperEditor: <-""
2020-12-15 13:30:33,101 DEBUG o.a.j.t.g.WrapperEditor: <-java.lang.String:
2020-12-15 13:30:33,101 DEBUG o.a.j.t.g.WrapperEditor: ->""
2020-12-15 13:30:33,101 DEBUG o.a.j.t.g.WrapperEditor: <-"True"
2020-12-15 13:30:33,102 DEBUG o.a.j.t.g.WrapperEditor: <-java.lang.String:,
2020-12-15 13:30:33,102 DEBUG o.a.j.t.g.WrapperEditor: ->","
2020-12-15 13:30:33,102 DEBUG o.a.j.t.g.WrapperEditor: <-"True"
2020-12-15 13:30:33,103 DEBUG o.a.j.t.g.WrapperEditor: <-"True"
2020-12-15 13:30:33,103 DEBUG o.a.j.t.g.WrapperEditor: <-"True"
2020-12-15 13:30:33,104 DEBUG o.a.j.t.g.WrapperEditor: <-java.lang.String:
2020-12-15 13:30:33,105 DEBUG o.a.j.t.g.WrapperEditor: <-java.lang.String:
2020-12-15 13:30:33,105 DEBUG o.a.j.t.g.WrapperEditor: <-java.lang.Boolean:false
2020-12-15 13:30:33,105 DEBUG o.a.j.t.g.WrapperEditor: <-java.lang.String:,
2020-12-15 13:30:33,106 DEBUG o.a.j.t.g.WrapperEditor: <-java.lang.Boolean:false
2020-12-15 13:30:33,106 DEBUG o.a.j.t.g.WrapperEditor: <-java.lang.Boolean:true
2020-12-15 13:30:33,106 DEBUG o.a.j.t.g.WrapperEditor: <-java.lang.Boolean:false
2020-12-15 13:30:33,107 DEBUG o.a.j.g.GuiPackage: Updating current node CSV Data Set Config
2020-12-15 13:30:33,107 DEBUG o.a.j.g.GuiPackage: Gui retrieved = TestBeanGUI:org.apache.jmeter.config.CSVDataSet
2020-12-15 13:30:33,107 DEBUG o.a.j.t.g.WrapperEditor: ->java.lang.String:
2020-12-15 13:30:33,107 DEBUG o.a.j.t.g.GenericTestBeanCustomizer: Set filename=
2020-12-15 13:30:33,107 DEBUG o.a.j.t.g.GenericTestBeanCustomizer: Set fileEncoding=
2020-12-15 13:30:33,107 DEBUG o.a.j.t.g.WrapperEditor: ->java.lang.String:
2020-12-15 13:30:33,107 DEBUG o.a.j.t.g.GenericTestBeanCustomizer: Set variableNames=
2020-12-15 13:30:33,107 DEBUG o.a.j.t.g.WrapperEditor: ->java.lang.Boolean:false
2020-12-15 13:30:33,107 DEBUG o.a.j.t.g.GenericTestBeanCustomizer: Set ignoreFirstLine=false
2020-12-15 13:30:33,107 DEBUG o.a.j.t.g.WrapperEditor: ->java.lang.String:,
2020-12-15 13:30:33,107 DEBUG o.a.j.t.g.GenericTestBeanCustomizer: Set delimiter=,
2020-12-15 13:30:33,107 DEBUG o.a.j.t.g.WrapperEditor: ->java.lang.Boolean:false
2020-12-15 13:30:33,107 DEBUG o.a.j.t.g.GenericTestBeanCustomizer: Set quotedData=false
2020-12-15 13:30:33,107 DEBUG o.a.j.t.g.WrapperEditor: ->java.lang.Boolean:true
2020-12-15 13:30:33,107 DEBUG o.a.j.t.g.GenericTestBeanCustomizer: Set recycle=true
2020-12-15 13:30:33,107 DEBUG o.a.j.t.g.WrapperEditor: ->java.lang.Boolean:false
2020-12-15 13:30:33,107 DEBUG o.a.j.t.g.GenericTestBeanCustomizer: Set stopThread=false
2020-12-15 13:30:33,108 DEBUG o.a.j.t.g.GenericTestBeanCustomizer: Set shareMode=shareMode.all
2020-12-15 13:30:33,108 DEBUG o.a.j.g.AbstractJMeterGuiComponent: setting element to enabled: true
2020-12-15 13:30:33,108 DEBUG o.a.j.t.g.TestBeanGUI: Modify property to null
2020-12-15 13:30:33,108 DEBUG o.a.j.t.g.TestBeanGUI: Modify filename to 
2020-12-15 13:30:33,108 DEBUG o.a.j.t.g.TestBeanGUI: Modify fileEncoding to 
2020-12-15 13:30:33,108 DEBUG o.a.j.t.g.TestBeanGUI: Modify variableNames to 
2020-12-15 13:30:33,108 DEBUG o.a.j.t.g.TestBeanGUI: Modify ignoreFirstLine to false
2020-12-15 13:30:33,108 DEBUG o.a.j.t.g.TestBeanGUI: Modify delimiter to ,
2020-12-15 13:30:33,108 DEBUG o.a.j.t.g.TestBeanGUI: Modify quotedData to false
2020-12-15 13:30:33,108 DEBUG o.a.j.t.g.TestBeanGUI: Modify recycle to true
2020-12-15 13:30:33,108 DEBUG o.a.j.t.g.TestBeanGUI: Modify stopThread to false
2020-12-15 13:30:33,108 DEBUG o.a.j.t.g.TestBeanGUI: Modify shareMode to shareMode.all
2020-12-15 13:30:33,108 DEBUG o.a.j.g.GuiPackage: Gui retrieved = TestBeanGUI:org.apache.jmeter.config.CSVDataSet
2020-12-15 13:30:33,109 DEBUG o.a.j.t.g.WrapperEditor: <-""
2020-12-15 13:30:33,109 DEBUG o.a.j.t.g.WrapperEditor: <-java.lang.String:
2020-12-15 13:30:33,109 DEBUG o.a.j.t.g.WrapperEditor: ->""
2020-12-15 13:30:33,109 DEBUG o.a.j.t.g.WrapperEditor: <-"True"
2020-12-15 13:30:33,109 DEBUG o.a.j.t.g.WrapperEditor: <-java.lang.String:,
2020-12-15 13:30:33,110 DEBUG o.a.j.t.g.WrapperEditor: ->","
2020-12-15 13:30:33,110 DEBUG o.a.j.t.g.WrapperEditor: <-"True"
2020-12-15 13:30:33,110 DEBUG o.a.j.t.g.WrapperEditor: <-"True"
2020-12-15 13:30:33,110 DEBUG o.a.j.t.g.WrapperEditor: <-"True"
2020-12-15 13:30:33,111 DEBUG o.a.j.g.GuiPackage: Updating gui to new node
2020-12-15 13:30:33,111 DEBUG o.a.j.t.g.WrapperEditor: <-""
2020-12-15 13:30:33,111 DEBUG o.a.j.t.g.WrapperEditor: <-java.lang.String:
2020-12-15 13:30:33,111 DEBUG o.a.j.t.g.WrapperEditor: ->""
2020-12-15 13:30:33,111 DEBUG o.a.j.t.g.WrapperEditor: <-"True"
2020-12-15 13:30:33,111 DEBUG o.a.j.t.g.WrapperEditor: <-java.lang.String:,
2020-12-15 13:30:33,111 DEBUG o.a.j.t.g.WrapperEditor: ->","
2020-12-15 13:30:33,111 DEBUG o.a.j.t.g.WrapperEditor: <-"True"
2020-12-15 13:30:33,111 DEBUG o.a.j.t.g.WrapperEditor: <-"True"
2020-12-15 13:30:33,111 DEBUG o.a.j.t.g.WrapperEditor: <-"True"
2020-12-15 13:30:33,112 DEBUG o.a.j.t.g.WrapperEditor: <-java.lang.String:
2020-12-15 13:30:33,112 DEBUG o.a.j.t.g.WrapperEditor: <-java.lang.String:
2020-12-15 13:30:33,112 DEBUG o.a.j.t.g.WrapperEditor: <-java.lang.Boolean:false
2020-12-15 13:30:33,112 DEBUG o.a.j.t.g.WrapperEditor: <-java.lang.String:,
2020-12-15 13:30:33,112 DEBUG o.a.j.t.g.WrapperEditor: <-java.lang.Boolean:false
2020-12-15 13:30:33,113 DEBUG o.a.j.t.g.WrapperEditor: <-java.lang.Boolean:true
2020-12-15 13:30:33,113 DEBUG o.a.j.t.g.WrapperEditor: <-java.lang.Boolean:false
2020-12-15 13:30:33,131 DEBUG o.a.j.g.GuiPackage: Gui retrieved = TestBeanGUI:org.apache.jmeter.config.CSVDataSet
2020-12-15 13:30:33,132 DEBUG o.a.j.g.GuiPackage: Updating current node CSV Data Set Config
2020-12-15 13:30:33,132 DEBUG o.a.j.g.GuiPackage: Gui retrieved = TestBeanGUI:org.apache.jmeter.config.CSVDataSet
2020-12-15 13:30:33,132 DEBUG o.a.j.t.g.WrapperEditor: ->java.lang.String:
2020-12-15 13:30:33,132 DEBUG o.a.j.t.g.GenericTestBeanCustomizer: Set filename=
2020-12-15 13:30:33,132 DEBUG o.a.j.t.g.GenericTestBeanCustomizer: Set fileEncoding=
2020-12-15 13:30:33,132 DEBUG o.a.j.t.g.WrapperEditor: ->java.lang.String:
2020-12-15 13:30:33,133 DEBUG o.a.j.t.g.GenericTestBeanCustomizer: Set variableNames=
2020-12-15 13:30:33,133 DEBUG o.a.j.t.g.WrapperEditor: ->java.lang.Boolean:false
2020-12-15 13:30:33,133 DEBUG o.a.j.t.g.GenericTestBeanCustomizer: Set ignoreFirstLine=false
2020-12-15 13:30:33,133 DEBUG o.a.j.t.g.WrapperEditor: ->java.lang.String:,
2020-12-15 13:30:33,133 DEBUG o.a.j.t.g.GenericTestBeanCustomizer: Set delimiter=,
2020-12-15 13:30:33,133 DEBUG o.a.j.t.g.WrapperEditor: ->java.lang.Boolean:false
2020-12-15 13:30:33,133 DEBUG o.a.j.t.g.GenericTestBeanCustomizer: Set quotedData=false
2020-12-15 13:30:33,133 DEBUG o.a.j.t.g.WrapperEditor: ->java.lang.Boolean:true
2020-12-15 13:30:33,133 DEBUG o.a.j.t.g.GenericTestBeanCustomizer: Set recycle=true
2020-12-15 13:30:33,133 DEBUG o.a.j.t.g.WrapperEditor: ->java.lang.Boolean:false
2020-12-15 13:30:33,133 DEBUG o.a.j.t.g.GenericTestBeanCustomizer: Set stopThread=false
2020-12-15 13:30:33,133 DEBUG o.a.j.t.g.GenericTestBeanCustomizer: Set shareMode=shareMode.all
2020-12-15 13:30:33,133 DEBUG o.a.j.g.AbstractJMeterGuiComponent: setting element to enabled: true
2020-12-15 13:30:33,133 DEBUG o.a.j.t.g.TestBeanGUI: Modify property to null
2020-12-15 13:30:33,134 DEBUG o.a.j.t.g.TestBeanGUI: Modify filename to 
2020-12-15 13:30:33,134 DEBUG o.a.j.t.g.TestBeanGUI: Modify fileEncoding to 
2020-12-15 13:30:33,134 DEBUG o.a.j.t.g.TestBeanGUI: Modify variableNames to 
2020-12-15 13:30:33,134 DEBUG o.a.j.t.g.TestBeanGUI: Modify ignoreFirstLine to false
2020-12-15 13:30:33,134 DEBUG o.a.j.t.g.TestBeanGUI: Modify delimiter to ,
2020-12-15 13:30:33,134 DEBUG o.a.j.t.g.TestBeanGUI: Modify quotedData to false
2020-12-15 13:30:33,134 DEBUG o.a.j.t.g.TestBeanGUI: Modify recycle to true
2020-12-15 13:30:33,134 DEBUG o.a.j.t.g.TestBeanGUI: Modify stopThread to false
2020-12-15 13:30:33,134 DEBUG o.a.j.t.g.TestBeanGUI: Modify shareMode to shareMode.all
2020-12-15 13:30:33,134 DEBUG o.a.j.g.GuiPackage: Gui retrieved = TestBeanGUI:org.apache.jmeter.config.CSVDataSet
2020-12-15 13:30:33,135 DEBUG o.a.j.t.g.WrapperEditor: <-""
2020-12-15 13:30:33,135 DEBUG o.a.j.t.g.WrapperEditor: <-java.lang.String:
2020-12-15 13:30:33,135 DEBUG o.a.j.t.g.WrapperEditor: ->""
2020-12-15 13:30:33,135 DEBUG o.a.j.t.g.WrapperEditor: <-"True"
2020-12-15 13:30:33,137 DEBUG o.a.j.t.g.WrapperEditor: <-java.lang.String:,
2020-12-15 13:30:33,137 DEBUG o.a.j.t.g.WrapperEditor: ->","
2020-12-15 13:30:33,137 DEBUG o.a.j.t.g.WrapperEditor: <-"True"
2020-12-15 13:30:33,137 DEBUG o.a.j.t.g.WrapperEditor: <-"True"
2020-12-15 13:30:33,138 DEBUG o.a.j.t.g.WrapperEditor: <-"True"
2020-12-15 13:30:33,139 DEBUG o.a.j.g.GuiPackage: Updating gui to new node
2020-12-15 13:30:33,139 DEBUG o.a.j.t.g.WrapperEditor: <-""
2020-12-15 13:30:33,139 DEBUG o.a.j.t.g.WrapperEditor: <-java.lang.String:
2020-12-15 13:30:33,139 DEBUG o.a.j.t.g.WrapperEditor: ->""
2020-12-15 13:30:33,139 DEBUG o.a.j.t.g.WrapperEditor: <-"True"
2020-12-15 13:30:33,139 DEBUG o.a.j.t.g.WrapperEditor: <-java.lang.String:,
2020-12-15 13:30:33,139 DEBUG o.a.j.t.g.WrapperEditor: ->","
2020-12-15 13:30:33,139 DEBUG o.a.j.t.g.WrapperEditor: <-"True"
2020-12-15 13:30:33,140 DEBUG o.a.j.t.g.WrapperEditor: <-"True"
2020-12-15 13:30:33,140 DEBUG o.a.j.t.g.WrapperEditor: <-"True"
2020-12-15 13:30:33,140 DEBUG o.a.j.t.g.WrapperEditor: <-java.lang.String:
2020-12-15 13:30:33,140 DEBUG o.a.j.t.g.WrapperEditor: <-java.lang.String:
2020-12-15 13:30:33,140 DEBUG o.a.j.t.g.WrapperEditor: <-java.lang.Boolean:false
2020-12-15 13:30:33,141 DEBUG o.a.j.t.g.WrapperEditor: <-java.lang.String:,
2020-12-15 13:30:33,141 DEBUG o.a.j.t.g.WrapperEditor: <-java.lang.Boolean:false
2020-12-15 13:30:33,141 DEBUG o.a.j.t.g.WrapperEditor: <-java.lang.Boolean:true
2020-12-15 13:30:33,141 DEBUG o.a.j.t.g.WrapperEditor: <-java.lang.Boolean:false
2020-12-15 13:30:33,972 DEBUG o.a.j.g.t.JMeterTreeListener: value changed, updating currentPath
2020-12-15 13:30:33,972 DEBUG o.a.j.g.GuiPackage: Updating current node CSV Data Set Config
2020-12-15 13:30:33,973 DEBUG o.a.j.g.GuiPackage: Gui retrieved = TestBeanGUI:org.apache.jmeter.config.CSVDataSet
2020-12-15 13:30:33,973 DEBUG o.a.j.t.g.WrapperEditor: ->java.lang.String:
2020-12-15 13:30:33,973 DEBUG o.a.j.t.g.GenericTestBeanCustomizer: Set filename=
2020-12-15 13:30:33,973 DEBUG o.a.j.t.g.GenericTestBeanCustomizer: Set fileEncoding=
2020-12-15 13:30:33,973 DEBUG o.a.j.t.g.WrapperEditor: ->java.lang.String:
2020-12-15 13:30:33,973 DEBUG o.a.j.t.g.GenericTestBeanCustomizer: Set variableNames=
2020-12-15 13:30:33,973 DEBUG o.a.j.t.g.WrapperEditor: ->java.lang.Boolean:false
2020-12-15 13:30:33,973 DEBUG o.a.j.t.g.GenericTestBeanCustomizer: Set ignoreFirstLine=false
2020-12-15 13:30:33,973 DEBUG o.a.j.t.g.WrapperEditor: ->java.lang.String:,
2020-12-15 13:30:33,973 DEBUG o.a.j.t.g.GenericTestBeanCustomizer: Set delimiter=,
2020-12-15 13:30:33,973 DEBUG o.a.j.t.g.WrapperEditor: ->java.lang.Boolean:false
2020-12-15 13:30:33,973 DEBUG o.a.j.t.g.GenericTestBeanCustomizer: Set quotedData=false
2020-12-15 13:30:33,973 DEBUG o.a.j.t.g.WrapperEditor: ->java.lang.Boolean:true
2020-12-15 13:30:33,973 DEBUG o.a.j.t.g.GenericTestBeanCustomizer: Set recycle=true
2020-12-15 13:30:33,973 DEBUG o.a.j.t.g.WrapperEditor: ->java.lang.Boolean:false
2020-12-15 13:30:33,974 DEBUG o.a.j.t.g.GenericTestBeanCustomizer: Set stopThread=false
2020-12-15 13:30:33,974 DEBUG o.a.j.t.g.GenericTestBeanCustomizer: Set shareMode=shareMode.all
2020-12-15 13:30:33,974 DEBUG o.a.j.g.AbstractJMeterGuiComponent: setting element to enabled: true
2020-12-15 13:30:33,974 DEBUG o.a.j.t.g.TestBeanGUI: Modify property to null
2020-12-15 13:30:33,974 DEBUG o.a.j.t.g.TestBeanGUI: Modify filename to 
2020-12-15 13:30:33,974 DEBUG o.a.j.t.g.TestBeanGUI: Modify fileEncoding to 
2020-12-15 13:30:33,974 DEBUG o.a.j.t.g.TestBeanGUI: Modify variableNames to 
2020-12-15 13:30:33,974 DEBUG o.a.j.t.g.TestBeanGUI: Modify ignoreFirstLine to false
2020-12-15 13:30:33,974 DEBUG o.a.j.t.g.TestBeanGUI: Modify delimiter to ,
2020-12-15 13:30:33,974 DEBUG o.a.j.t.g.TestBeanGUI: Modify quotedData to false
2020-12-15 13:30:33,974 DEBUG o.a.j.t.g.TestBeanGUI: Modify recycle to true
2020-12-15 13:30:33,974 DEBUG o.a.j.t.g.TestBeanGUI: Modify stopThread to false
2020-12-15 13:30:33,974 DEBUG o.a.j.t.g.TestBeanGUI: Modify shareMode to shareMode.all
2020-12-15 13:30:33,975 DEBUG o.a.j.g.GuiPackage: Gui retrieved = org.apache.jmeter.control.gui.TestPlanGui[Test Plan,0,0,830x676,invalid,layout=java.awt.BorderLayout,alignmentX=0.0,alignmentY=0.0,border=javax.swing.border.EmptyBorder@411cda8b,flags=9,maximumSize=,minimumSize=,preferredSize=]
2020-12-15 13:30:33,975 DEBUG o.a.j.g.GuiPackage: Updating current node Test Plan
2020-12-15 13:30:33,976 DEBUG o.a.j.g.GuiPackage: Gui retrieved = org.apache.jmeter.control.gui.TestPlanGui[Test Plan,0,0,830x676,invalid,layout=java.awt.BorderLayout,alignmentX=0.0,alignmentY=0.0,border=javax.swing.border.EmptyBorder@411cda8b,flags=9,maximumSize=,minimumSize=,preferredSize=]
2020-12-15 13:30:33,976 DEBUG o.a.j.g.AbstractJMeterGuiComponent: setting element to enabled: true
2020-12-15 13:30:33,976 DEBUG o.a.j.g.AbstractJMeterGuiComponent: setting element to enabled: true
2020-12-15 13:30:33,976 DEBUG o.a.j.g.GuiPackage: Gui retrieved = org.apache.jmeter.control.gui.TestPlanGui[Test Plan,0,0,830x676,invalid,layout=java.awt.BorderLayout,alignmentX=0.0,alignmentY=0.0,border=javax.swing.border.EmptyBorder@411cda8b,flags=9,maximumSize=,minimumSize=,preferredSize=]
2020-12-15 13:30:33,976 DEBUG o.a.j.g.GuiPackage: Updating gui to new node
2020-12-15 13:30:33,980 DEBUG o.a.j.g.GuiPackage: Gui retrieved = org.apache.jmeter.control.gui.TestPlanGui[Test Plan,0,0,830x676,invalid,layout=java.awt.BorderLayout,alignmentX=0.0,alignmentY=0.0,border=javax.swing.border.EmptyBorder@411cda8b,flags=9,maximumSize=,minimumSize=,preferredSize=]
2020-12-15 13:30:33,986 DEBUG o.a.j.g.GuiPackage: Updating current node Test Plan
2020-12-15 13:30:33,986 DEBUG o.a.j.g.GuiPackage: Gui retrieved = org.apache.jmeter.control.gui.TestPlanGui[Test Plan,0,0,830x676,invalid,layout=java.awt.BorderLayout,alignmentX=0.0,alignmentY=0.0,border=javax.swing.border.EmptyBorder@411cda8b,flags=9,maximumSize=,minimumSize=,preferredSize=]
2020-12-15 13:30:33,986 DEBUG o.a.j.g.AbstractJMeterGuiComponent: setting element to enabled: true
2020-12-15 13:30:33,987 DEBUG o.a.j.g.AbstractJMeterGuiComponent: setting element to enabled: true
2020-12-15 13:30:33,987 DEBUG o.a.j.g.GuiPackage: Gui retrieved = org.apache.jmeter.control.gui.TestPlanGui[Test Plan,0,0,830x676,invalid,layout=java.awt.BorderLayout,alignmentX=0.0,alignmentY=0.0,border=javax.swing.border.EmptyBorder@411cda8b,flags=9,maximumSize=,minimumSize=,preferredSize=]
2020-12-15 13:30:33,987 DEBUG o.a.j.g.GuiPackage: Updating gui to new node
2020-12-15 13:30:34,368 DEBUG o.a.j.g.t.JMeterTreeListener: About to display pop-up
2020-12-15 13:30:34,368 DEBUG o.a.j.g.GuiPackage: Gui retrieved = org.apache.jmeter.control.gui.TestPlanGui[Test Plan,0,0,830x676,layout=java.awt.BorderLayout,alignmentX=0.0,alignmentY=0.0,border=javax.swing.border.EmptyBorder@411cda8b,flags=9,maximumSize=,minimumSize=,preferredSize=]
2020-12-15 13:30:34,374 DEBUG o.a.j.g.GuiPackage: Updating current node Test Plan
2020-12-15 13:30:34,374 DEBUG o.a.j.g.GuiPackage: Gui retrieved = org.apache.jmeter.control.gui.TestPlanGui[Test Plan,0,0,830x676,layout=java.awt.BorderLayout,alignmentX=0.0,alignmentY=0.0,border=javax.swing.border.EmptyBorder@411cda8b,flags=9,maximumSize=,minimumSize=,preferredSize=]
2020-12-15 13:30:34,374 DEBUG o.a.j.g.AbstractJMeterGuiComponent: setting element to enabled: true
2020-12-15 13:30:34,374 DEBUG o.a.j.g.AbstractJMeterGuiComponent: setting element to enabled: true
2020-12-15 13:30:34,375 DEBUG o.a.j.g.GuiPackage: Gui retrieved = org.apache.jmeter.control.gui.TestPlanGui[Test Plan,0,0,830x676,layout=java.awt.BorderLayout,alignmentX=0.0,alignmentY=0.0,border=javax.swing.border.EmptyBorder@411cda8b,flags=9,maximumSize=,minimumSize=,preferredSize=]
2020-12-15 13:30:34,375 DEBUG o.a.j.g.GuiPackage: Updating gui to new node
2020-12-15 13:30:34,385 DEBUG o.a.j.g.GuiPackage: Showing pop up for org.apache.jmeter.gui.MainFrame$1[,0,0,300x676,alignmentX=0.0,alignmentY=0.0,border=,flags=16777704,maximumSize=,minimumSize=,preferredSize=,editable=false,invokesStopCellEditing=false,largeModel=false,rootVisible=false,rowHeight=20,scrollsOnExpand=true,showsRootHandles=true,toggleClickCount=2,visibleRowCount=20] at x,y = 74,9
2020-12-15 13:30:38,085 DEBUG o.a.j.g.GuiPackage: Updating current node Test Plan
2020-12-15 13:30:38,085 DEBUG o.a.j.g.GuiPackage: Gui retrieved = org.apache.jmeter.control.gui.TestPlanGui[Test Plan,0,0,830x676,invalid,layout=java.awt.BorderLayout,alignmentX=0.0,alignmentY=0.0,border=javax.swing.border.EmptyBorder@411cda8b,flags=9,maximumSize=,minimumSize=,preferredSize=]
2020-12-15 13:30:38,085 DEBUG o.a.j.g.AbstractJMeterGuiComponent: setting element to enabled: true
2020-12-15 13:30:38,085 DEBUG o.a.j.g.AbstractJMeterGuiComponent: setting element to enabled: true
2020-12-15 13:30:38,086 DEBUG o.a.j.g.GuiPackage: Gui retrieved = org.apache.jmeter.control.gui.TestPlanGui[Test Plan,0,0,830x676,invalid,layout=java.awt.BorderLayout,alignmentX=0.0,alignmentY=0.0,border=javax.swing.border.EmptyBorder@411cda8b,flags=9,maximumSize=,minimumSize=,preferredSize=]
2020-12-15 13:30:38,087 DEBUG o.a.j.g.GuiPackage: Updating current node Test Plan
2020-12-15 13:30:38,087 DEBUG o.a.j.g.GuiPackage: Gui retrieved = org.apache.jmeter.control.gui.TestPlanGui[Test Plan,0,0,830x676,invalid,layout=java.awt.BorderLayout,alignmentX=0.0,alignmentY=0.0,border=javax.swing.border.EmptyBorder@411cda8b,flags=9,maximumSize=,minimumSize=,preferredSize=]
2020-12-15 13:30:38,087 DEBUG o.a.j.g.AbstractJMeterGuiComponent: setting element to enabled: true
2020-12-15 13:30:38,087 DEBUG o.a.j.g.AbstractJMeterGuiComponent: setting element to enabled: true
2020-12-15 13:30:38,103 DEBUG o.a.j.g.AbstractJMeterGuiComponent: setting element to enabled: true
2020-12-15 13:30:38,103 DEBUG o.a.j.g.GuiPackage: Gui retrieved = org.apache.jmeter.protocol.http.gui.AuthPanel[HTTP Authorization Manager,0,0,0x0,invalid,layout=java.awt.BorderLayout,alignmentX=0.0,alignmentY=0.0,border=javax.swing.border.EmptyBorder@e123e9b,flags=9,maximumSize=,minimumSize=,preferredSize=]
2020-12-15 13:30:38,103 DEBUG o.a.j.t.p.AbstractProperty: merging in class org.apache.jmeter.testelement.property.CollectionProperty
2020-12-15 13:30:38,104 DEBUG o.a.j.t.p.AbstractProperty: merging in class org.apache.jmeter.testelement.property.CollectionProperty
2020-12-15 13:30:38,104 DEBUG o.a.j.g.AbstractJMeterGuiComponent: setting element to enabled: true
2020-12-15 13:30:38,104 DEBUG o.a.j.g.GuiPackage: Gui retrieved = org.apache.jmeter.control.gui.TestPlanGui[Test Plan,0,0,830x676,invalid,layout=java.awt.BorderLayout,alignmentX=0.0,alignmentY=0.0,border=javax.swing.border.EmptyBorder@411cda8b,flags=9,maximumSize=,minimumSize=,preferredSize=]
2020-12-15 13:30:38,104 DEBUG o.a.j.g.GuiPackage: Updating gui to new node
2020-12-15 13:30:38,104 DEBUG o.a.j.g.t.JMeterTreeListener: value changed, updating currentPath
2020-12-15 13:30:38,115 DEBUG o.a.j.g.GuiPackage: Updating current node Test Plan
2020-12-15 13:30:38,115 DEBUG o.a.j.g.GuiPackage: Gui retrieved = org.apache.jmeter.control.gui.TestPlanGui[Test Plan,0,0,830x676,invalid,layout=java.awt.BorderLayout,alignmentX=0.0,alignmentY=0.0,border=javax.swing.border.EmptyBorder@411cda8b,flags=9,maximumSize=,minimumSize=,preferredSize=]
2020-12-15 13:30:38,116 DEBUG o.a.j.g.AbstractJMeterGuiComponent: setting element to enabled: true
2020-12-15 13:30:38,116 DEBUG o.a.j.g.AbstractJMeterGuiComponent: setting element to enabled: true
2020-12-15 13:30:38,116 DEBUG o.a.j.g.GuiPackage: Gui retrieved = org.apache.jmeter.protocol.http.gui.AuthPanel[HTTP Authorization Manager,0,0,0x0,invalid,layout=java.awt.BorderLayout,alignmentX=0.0,alignmentY=0.0,border=javax.swing.border.EmptyBorder@e123e9b,flags=9,maximumSize=,minimumSize=,preferredSize=]
2020-12-15 13:30:38,116 DEBUG o.a.j.t.p.AbstractProperty: merging in class org.apache.jmeter.testelement.property.CollectionProperty
2020-12-15 13:30:38,116 DEBUG o.a.j.g.GuiPackage: Updating current node HTTP Authorization Manager
2020-12-15 13:30:38,116 DEBUG o.a.j.g.GuiPackage: Gui retrieved = org.apache.jmeter.protocol.http.gui.AuthPanel[HTTP Authorization Manager,0,0,0x0,invalid,layout=java.awt.BorderLayout,alignmentX=0.0,alignmentY=0.0,border=javax.swing.border.EmptyBorder@e123e9b,flags=9,maximumSize=,minimumSize=,preferredSize=]
2020-12-15 13:30:38,116 DEBUG o.a.j.t.p.AbstractProperty: merging in class org.apache.jmeter.testelement.property.CollectionProperty
2020-12-15 13:30:38,116 DEBUG o.a.j.g.AbstractJMeterGuiComponent: setting element to enabled: true
2020-12-15 13:30:38,117 DEBUG o.a.j.g.GuiPackage: Gui retrieved = org.apache.jmeter.protocol.http.gui.AuthPanel[HTTP Authorization Manager,0,0,0x0,invalid,layout=java.awt.BorderLayout,alignmentX=0.0,alignmentY=0.0,border=javax.swing.border.EmptyBorder@e123e9b,flags=9,maximumSize=,minimumSize=,preferredSize=]
2020-12-15 13:30:38,117 DEBUG o.a.j.g.GuiPackage: Updating gui to new node
2020-12-15 13:30:38,117 DEBUG o.a.j.t.p.AbstractProperty: merging in class org.apache.jmeter.testelement.property.CollectionProperty
2020-12-15 13:30:38,126 DEBUG o.a.j.g.GuiPackage: Gui retrieved = org.apache.jmeter.protocol.http.gui.AuthPanel[HTTP Authorization Manager,0,0,0x0,invalid,layout=java.awt.BorderLayout,alignmentX=0.0,alignmentY=0.0,border=javax.swing.border.EmptyBorder@e123e9b,flags=9,maximumSize=,minimumSize=,preferredSize=]
2020-12-15 13:30:38,127 DEBUG o.a.j.g.GuiPackage: Updating current node HTTP Authorization Manager
2020-12-15 13:30:38,127 DEBUG o.a.j.g.GuiPackage: Gui retrieved = org.apache.jmeter.protocol.http.gui.AuthPanel[HTTP Authorization Manager,0,0,0x0,invalid,layout=java.awt.BorderLayout,alignmentX=0.0,alignmentY=0.0,border=javax.swing.border.EmptyBorder@e123e9b,flags=9,maximumSize=,minimumSize=,preferredSize=]
2020-12-15 13:30:38,127 DEBUG o.a.j.t.p.AbstractProperty: merging in class org.apache.jmeter.testelement.property.CollectionProperty
2020-12-15 13:30:38,127 DEBUG o.a.j.g.AbstractJMeterGuiComponent: setting element to enabled: true
2020-12-15 13:30:38,127 DEBUG o.a.j.g.GuiPackage: Gui retrieved = org.apache.jmeter.protocol.http.gui.AuthPanel[HTTP Authorization Manager,0,0,0x0,invalid,layout=java.awt.BorderLayout,alignmentX=0.0,alignmentY=0.0,border=javax.swing.border.EmptyBorder@e123e9b,flags=9,maximumSize=,minimumSize=,preferredSize=]
2020-12-15 13:30:38,127 DEBUG o.a.j.g.GuiPackage: Updating gui to new node
2020-12-15 13:30:38,128 DEBUG o.a.j.t.p.AbstractProperty: merging in class org.apache.jmeter.testelement.property.CollectionProperty
2020-12-15 13:30:39,045 DEBUG o.a.j.g.t.JMeterTreeListener: value changed, updating currentPath
2020-12-15 13:30:39,046 DEBUG o.a.j.g.GuiPackage: Updating current node HTTP Authorization Manager
2020-12-15 13:30:39,046 DEBUG o.a.j.g.GuiPackage: Gui retrieved = org.apache.jmeter.protocol.http.gui.AuthPanel[HTTP Authorization Manager,0,0,830x676,layout=java.awt.BorderLayout,alignmentX=0.0,alignmentY=0.0,border=javax.swing.border.EmptyBorder@e123e9b,flags=9,maximumSize=,minimumSize=,preferredSize=]
2020-12-15 13:30:39,046 DEBUG o.a.j.t.p.AbstractProperty: merging in class org.apache.jmeter.testelement.property.CollectionProperty
2020-12-15 13:30:39,046 DEBUG o.a.j.g.AbstractJMeterGuiComponent: setting element to enabled: true
2020-12-15 13:30:39,047 DEBUG o.a.j.g.GuiPackage: Gui retrieved = org.apache.jmeter.control.gui.TestPlanGui[Test Plan,0,0,830x676,invalid,layout=java.awt.BorderLayout,alignmentX=0.0,alignmentY=0.0,border=javax.swing.border.EmptyBorder@411cda8b,flags=9,maximumSize=,minimumSize=,preferredSize=]
2020-12-15 13:30:39,047 DEBUG o.a.j.g.GuiPackage: Updating current node Test Plan
2020-12-15 13:30:39,047 DEBUG o.a.j.g.GuiPackage: Gui retrieved = org.apache.jmeter.control.gui.TestPlanGui[Test Plan,0,0,830x676,invalid,layout=java.awt.BorderLayout,alignmentX=0.0,alignmentY=0.0,border=javax.swing.border.EmptyBorder@411cda8b,flags=9,maximumSize=,minimumSize=,preferredSize=]
2020-12-15 13:30:39,047 DEBUG o.a.j.g.AbstractJMeterGuiComponent: setting element to enabled: true
2020-12-15 13:30:39,047 DEBUG o.a.j.g.AbstractJMeterGuiComponent: setting element to enabled: true
2020-12-15 13:30:39,048 DEBUG o.a.j.g.GuiPackage: Gui retrieved = org.apache.jmeter.control.gui.TestPlanGui[Test Plan,0,0,830x676,invalid,layout=java.awt.BorderLayout,alignmentX=0.0,alignmentY=0.0,border=javax.swing.border.EmptyBorder@411cda8b,flags=9,maximumSize=,minimumSize=,preferredSize=]
2020-12-15 13:30:39,048 DEBUG o.a.j.g.GuiPackage: Updating gui to new node
2020-12-15 13:30:39,050 DEBUG o.a.j.g.GuiPackage: Gui retrieved = org.apache.jmeter.control.gui.TestPlanGui[Test Plan,0,0,830x676,invalid,layout=java.awt.BorderLayout,alignmentX=0.0,alignmentY=0.0,border=javax.swing.border.EmptyBorder@411cda8b,flags=9,maximumSize=,minimumSize=,preferredSize=]
2020-12-15 13:30:39,056 DEBUG o.a.j.g.GuiPackage: Updating current node Test Plan
2020-12-15 13:30:39,056 DEBUG o.a.j.g.GuiPackage: Gui retrieved = org.apache.jmeter.control.gui.TestPlanGui[Test Plan,0,0,830x676,invalid,layout=java.awt.BorderLayout,alignmentX=0.0,alignmentY=0.0,border=javax.swing.border.EmptyBorder@411cda8b,flags=9,maximumSize=,minimumSize=,preferredSize=]
2020-12-15 13:30:39,057 DEBUG o.a.j.g.AbstractJMeterGuiComponent: setting element to enabled: true
2020-12-15 13:30:39,057 DEBUG o.a.j.g.AbstractJMeterGuiComponent: setting element to enabled: true
2020-12-15 13:30:39,057 DEBUG o.a.j.g.GuiPackage: Gui retrieved = org.apache.jmeter.control.gui.TestPlanGui[Test Plan,0,0,830x676,invalid,layout=java.awt.BorderLayout,alignmentX=0.0,alignmentY=0.0,border=javax.swing.border.EmptyBorder@411cda8b,flags=9,maximumSize=,minimumSize=,preferredSize=]
2020-12-15 13:30:39,057 DEBUG o.a.j.g.GuiPackage: Updating gui to new node
2020-12-15 13:30:39,361 DEBUG o.a.j.g.t.JMeterTreeListener: About to display pop-up
2020-12-15 13:30:39,361 DEBUG o.a.j.g.GuiPackage: Gui retrieved = org.apache.jmeter.control.gui.TestPlanGui[Test Plan,0,0,830x676,layout=java.awt.BorderLayout,alignmentX=0.0,alignmentY=0.0,border=javax.swing.border.EmptyBorder@411cda8b,flags=9,maximumSize=,minimumSize=,preferredSize=]
2020-12-15 13:30:39,368 DEBUG o.a.j.g.GuiPackage: Updating current node Test Plan
2020-12-15 13:30:39,369 DEBUG o.a.j.g.GuiPackage: Gui retrieved = org.apache.jmeter.control.gui.TestPlanGui[Test Plan,0,0,830x676,layout=java.awt.BorderLayout,alignmentX=0.0,alignmentY=0.0,border=javax.swing.border.EmptyBorder@411cda8b,flags=9,maximumSize=,minimumSize=,preferredSize=]
2020-12-15 13:30:39,369 DEBUG o.a.j.g.AbstractJMeterGuiComponent: setting element to enabled: true
2020-12-15 13:30:39,369 DEBUG o.a.j.g.AbstractJMeterGuiComponent: setting element to enabled: true
2020-12-15 13:30:39,369 DEBUG o.a.j.g.GuiPackage: Gui retrieved = org.apache.jmeter.control.gui.TestPlanGui[Test Plan,0,0,830x676,layout=java.awt.BorderLayout,alignmentX=0.0,alignmentY=0.0,border=javax.swing.border.EmptyBorder@411cda8b,flags=9,maximumSize=,minimumSize=,preferredSize=]
2020-12-15 13:30:39,370 DEBUG o.a.j.g.GuiPackage: Updating gui to new node
2020-12-15 13:30:39,380 DEBUG o.a.j.g.GuiPackage: Showing pop up for org.apache.jmeter.gui.MainFrame$1[,0,0,300x676,alignmentX=0.0,alignmentY=0.0,border=,flags=16777704,maximumSize=,minimumSize=,preferredSize=,editable=false,invokesStopCellEditing=false,largeModel=false,rootVisible=false,rowHeight=20,scrollsOnExpand=true,showsRootHandles=true,toggleClickCount=2,visibleRowCount=20] at x,y = 61,6
2020-12-15 13:30:41,165 DEBUG o.a.j.g.GuiPackage: Updating current node Test Plan
2020-12-15 13:30:41,165 DEBUG o.a.j.g.GuiPackage: Gui retrieved = org.apache.jmeter.control.gui.TestPlanGui[Test Plan,0,0,830x676,invalid,layout=java.awt.BorderLayout,alignmentX=0.0,alignmentY=0.0,border=javax.swing.border.EmptyBorder@411cda8b,flags=9,maximumSize=,minimumSize=,preferredSize=]
2020-12-15 13:30:41,165 DEBUG o.a.j.g.AbstractJMeterGuiComponent: setting element to enabled: true
2020-12-15 13:30:41,165 DEBUG o.a.j.g.AbstractJMeterGuiComponent: setting element to enabled: true
2020-12-15 13:30:41,165 DEBUG o.a.j.g.GuiPackage: Gui retrieved = org.apache.jmeter.control.gui.TestPlanGui[Test Plan,0,0,830x676,invalid,layout=java.awt.BorderLayout,alignmentX=0.0,alignmentY=0.0,border=javax.swing.border.EmptyBorder@411cda8b,flags=9,maximumSize=,minimumSize=,preferredSize=]
2020-12-15 13:30:41,166 DEBUG o.a.j.g.GuiPackage: Updating current node Test Plan
2020-12-15 13:30:41,166 DEBUG o.a.j.g.GuiPackage: Gui retrieved = org.apache.jmeter.control.gui.TestPlanGui[Test Plan,0,0,830x676,invalid,layout=java.awt.BorderLayout,alignmentX=0.0,alignmentY=0.0,border=javax.swing.border.EmptyBorder@411cda8b,flags=9,maximumSize=,minimumSize=,preferredSize=]
2020-12-15 13:30:41,166 DEBUG o.a.j.g.AbstractJMeterGuiComponent: setting element to enabled: true
2020-12-15 13:30:41,166 DEBUG o.a.j.g.AbstractJMeterGuiComponent: setting element to enabled: true
2020-12-15 13:30:41,177 DEBUG o.a.j.g.AbstractJMeterGuiComponent: setting element to enabled: true
2020-12-15 13:30:41,179 DEBUG o.a.j.g.AbstractJMeterGuiComponent: setting element to enabled: true
2020-12-15 13:30:41,180 DEBUG o.a.j.g.AbstractJMeterGuiComponent: setting element to enabled: true
2020-12-15 13:30:41,180 DEBUG o.a.j.g.GuiPackage: Gui retrieved = org.apache.jmeter.threads.gui.ThreadGroupGui[Thread Group,0,0,0x0,invalid,layout=java.awt.BorderLayout,alignmentX=0.0,alignmentY=0.0,border=javax.swing.border.EmptyBorder@3d643196,flags=9,maximumSize=,minimumSize=,preferredSize=]
2020-12-15 13:30:41,180 DEBUG o.a.j.g.AbstractJMeterGuiComponent: setting element to enabled: true
2020-12-15 13:30:41,180 DEBUG o.a.j.g.AbstractJMeterGuiComponent: setting element to enabled: true
2020-12-15 13:30:41,180 DEBUG o.a.j.g.GuiPackage: Gui retrieved = org.apache.jmeter.control.gui.TestPlanGui[Test Plan,0,0,830x676,invalid,layout=java.awt.BorderLayout,alignmentX=0.0,alignmentY=0.0,border=javax.swing.border.EmptyBorder@411cda8b,flags=9,maximumSize=,minimumSize=,preferredSize=]
2020-12-15 13:30:41,181 DEBUG o.a.j.g.GuiPackage: Updating gui to new node
2020-12-15 13:30:41,181 DEBUG o.a.j.g.t.JMeterTreeListener: value changed, updating currentPath
2020-12-15 13:30:41,192 DEBUG o.a.j.g.GuiPackage: Updating current node Test Plan
2020-12-15 13:30:41,192 DEBUG o.a.j.g.GuiPackage: Gui retrieved = org.apache.jmeter.control.gui.TestPlanGui[Test Plan,0,0,830x676,invalid,layout=java.awt.BorderLayout,alignmentX=0.0,alignmentY=0.0,border=javax.swing.border.EmptyBorder@411cda8b,flags=9,maximumSize=,minimumSize=,preferredSize=]
2020-12-15 13:30:41,192 DEBUG o.a.j.g.AbstractJMeterGuiComponent: setting element to enabled: true
2020-12-15 13:30:41,192 DEBUG o.a.j.g.AbstractJMeterGuiComponent: setting element to enabled: true
2020-12-15 13:30:41,193 DEBUG o.a.j.g.GuiPackage: Gui retrieved = org.apache.jmeter.threads.gui.ThreadGroupGui[Thread Group,0,0,0x0,invalid,layout=java.awt.BorderLayout,alignmentX=0.0,alignmentY=0.0,border=javax.swing.border.EmptyBorder@3d643196,flags=9,maximumSize=,minimumSize=,preferredSize=]
2020-12-15 13:30:41,193 DEBUG o.a.j.g.GuiPackage: Updating current node Thread Group
2020-12-15 13:30:41,193 DEBUG o.a.j.g.GuiPackage: Gui retrieved = org.apache.jmeter.threads.gui.ThreadGroupGui[Thread Group,0,0,0x0,invalid,layout=java.awt.BorderLayout,alignmentX=0.0,alignmentY=0.0,border=javax.swing.border.EmptyBorder@3d643196,flags=9,maximumSize=,minimumSize=,preferredSize=]
2020-12-15 13:30:41,193 DEBUG o.a.j.g.AbstractJMeterGuiComponent: setting element to enabled: true
2020-12-15 13:30:41,193 DEBUG o.a.j.g.AbstractJMeterGuiComponent: setting element to enabled: true
2020-12-15 13:30:41,193 DEBUG o.a.j.g.GuiPackage: Gui retrieved = org.apache.jmeter.threads.gui.ThreadGroupGui[Thread Group,0,0,0x0,invalid,layout=java.awt.BorderLayout,alignmentX=0.0,alignmentY=0.0,border=javax.swing.border.EmptyBorder@3d643196,flags=9,maximumSize=,minimumSize=,preferredSize=]
2020-12-15 13:30:41,194 DEBUG o.a.j.g.GuiPackage: Updating gui to new node
2020-12-15 13:30:41,199 DEBUG o.a.j.g.GuiPackage: Gui retrieved = org.apache.jmeter.threads.gui.ThreadGroupGui[Thread Group,0,0,0x0,invalid,layout=java.awt.BorderLayout,alignmentX=0.0,alignmentY=0.0,border=javax.swing.border.EmptyBorder@3d643196,flags=9,maximumSize=,minimumSize=,preferredSize=]
2020-12-15 13:30:41,208 DEBUG o.a.j.g.GuiPackage: Updating current node Thread Group
2020-12-15 13:30:41,208 DEBUG o.a.j.g.GuiPackage: Gui retrieved = org.apache.jmeter.threads.gui.ThreadGroupGui[Thread Group,0,0,0x0,invalid,layout=java.awt.BorderLayout,alignmentX=0.0,alignmentY=0.0,border=javax.swing.border.EmptyBorder@3d643196,flags=9,maximumSize=,minimumSize=,preferredSize=]
2020-12-15 13:30:41,208 DEBUG o.a.j.g.AbstractJMeterGuiComponent: setting element to enabled: true
2020-12-15 13:30:41,208 DEBUG o.a.j.g.AbstractJMeterGuiComponent: setting element to enabled: true
2020-12-15 13:30:41,208 DEBUG o.a.j.g.GuiPackage: Gui retrieved = org.apache.jmeter.threads.gui.ThreadGroupGui[Thread Group,0,0,0x0,invalid,layout=java.awt.BorderLayout,alignmentX=0.0,alignmentY=0.0,border=javax.swing.border.EmptyBorder@3d643196,flags=9,maximumSize=,minimumSize=,preferredSize=]
2020-12-15 13:30:41,209 DEBUG o.a.j.g.GuiPackage: Updating gui to new node
2020-12-15 13:30:42,689 DEBUG o.a.j.g.t.JMeterTreeListener: value changed, updating currentPath
2020-12-15 13:30:42,689 DEBUG o.a.j.g.GuiPackage: Updating current node Thread Group
2020-12-15 13:30:42,689 DEBUG o.a.j.g.GuiPackage: Gui retrieved = org.apache.jmeter.threads.gui.ThreadGroupGui[Thread Group,0,0,830x676,layout=java.awt.BorderLayout,alignmentX=0.0,alignmentY=0.0,border=javax.swing.border.EmptyBorder@3d643196,flags=9,maximumSize=,minimumSize=,preferredSize=]
2020-12-15 13:30:42,689 DEBUG o.a.j.g.AbstractJMeterGuiComponent: setting element to enabled: true
2020-12-15 13:30:42,689 DEBUG o.a.j.g.AbstractJMeterGuiComponent: setting element to enabled: true
2020-12-15 13:30:42,690 DEBUG o.a.j.g.GuiPackage: Gui retrieved = TestBeanGUI:org.apache.jmeter.config.CSVDataSet
2020-12-15 13:30:42,690 DEBUG o.a.j.t.g.WrapperEditor: <-""
2020-12-15 13:30:42,690 DEBUG o.a.j.t.g.WrapperEditor: <-java.lang.String:
2020-12-15 13:30:42,690 DEBUG o.a.j.t.g.WrapperEditor: ->""
2020-12-15 13:30:42,690 DEBUG o.a.j.t.g.WrapperEditor: <-"True"
2020-12-15 13:30:42,690 DEBUG o.a.j.t.g.WrapperEditor: <-java.lang.String:,
2020-12-15 13:30:42,691 DEBUG o.a.j.t.g.WrapperEditor: ->","
2020-12-15 13:30:42,691 DEBUG o.a.j.t.g.WrapperEditor: <-"True"
2020-12-15 13:30:42,691 DEBUG o.a.j.t.g.WrapperEditor: <-"True"
2020-12-15 13:30:42,691 DEBUG o.a.j.t.g.WrapperEditor: <-"True"
2020-12-15 13:30:42,691 DEBUG o.a.j.t.g.WrapperEditor: <-java.lang.String:
2020-12-15 13:30:42,692 DEBUG o.a.j.t.g.WrapperEditor: <-java.lang.String:
2020-12-15 13:30:42,692 DEBUG o.a.j.t.g.WrapperEditor: <-java.lang.Boolean:false
2020-12-15 13:30:42,692 DEBUG o.a.j.t.g.WrapperEditor: <-java.lang.String:,
2020-12-15 13:30:42,692 DEBUG o.a.j.t.g.WrapperEditor: <-java.lang.Boolean:false
2020-12-15 13:30:42,692 DEBUG o.a.j.t.g.WrapperEditor: <-java.lang.Boolean:true
2020-12-15 13:30:42,692 DEBUG o.a.j.t.g.WrapperEditor: <-java.lang.Boolean:false
2020-12-15 13:30:42,692 DEBUG o.a.j.g.GuiPackage: Updating current node CSV Data Set Config
2020-12-15 13:30:42,693 DEBUG o.a.j.g.GuiPackage: Gui retrieved = TestBeanGUI:org.apache.jmeter.config.CSVDataSet
2020-12-15 13:30:42,693 DEBUG o.a.j.t.g.WrapperEditor: ->java.lang.String:
2020-12-15 13:30:42,693 DEBUG o.a.j.t.g.GenericTestBeanCustomizer: Set filename=
2020-12-15 13:30:42,693 DEBUG o.a.j.t.g.GenericTestBeanCustomizer: Set fileEncoding=
2020-12-15 13:30:42,693 DEBUG o.a.j.t.g.WrapperEditor: ->java.lang.String:
2020-12-15 13:30:42,693 DEBUG o.a.j.t.g.GenericTestBeanCustomizer: Set variableNames=
2020-12-15 13:30:42,693 DEBUG o.a.j.t.g.WrapperEditor: ->java.lang.Boolean:false
2020-12-15 13:30:42,693 DEBUG o.a.j.t.g.GenericTestBeanCustomizer: Set ignoreFirstLine=false
2020-12-15 13:30:42,693 DEBUG o.a.j.t.g.WrapperEditor: ->java.lang.String:,
2020-12-15 13:30:42,693 DEBUG o.a.j.t.g.GenericTestBeanCustomizer: Set delimiter=,
2020-12-15 13:30:42,693 DEBUG o.a.j.t.g.WrapperEditor: ->java.lang.Boolean:false
2020-12-15 13:30:42,693 DEBUG o.a.j.t.g.GenericTestBeanCustomizer: Set quotedData=false
2020-12-15 13:30:42,693 DEBUG o.a.j.t.g.WrapperEditor: ->java.lang.Boolean:true
2020-12-15 13:30:42,693 DEBUG o.a.j.t.g.GenericTestBeanCustomizer: Set recycle=true
2020-12-15 13:30:42,693 DEBUG o.a.j.t.g.WrapperEditor: ->java.lang.Boolean:false
2020-12-15 13:30:42,693 DEBUG o.a.j.t.g.GenericTestBeanCustomizer: Set stopThread=false
2020-12-15 13:30:42,693 DEBUG o.a.j.t.g.GenericTestBeanCustomizer: Set shareMode=shareMode.all
2020-12-15 13:30:42,693 DEBUG o.a.j.g.AbstractJMeterGuiComponent: setting element to enabled: true
2020-12-15 13:30:42,693 DEBUG o.a.j.t.g.TestBeanGUI: Modify property to null
2020-12-15 13:30:42,693 DEBUG o.a.j.t.g.TestBeanGUI: Modify filename to 
2020-12-15 13:30:42,693 DEBUG o.a.j.t.g.TestBeanGUI: Modify fileEncoding to 
2020-12-15 13:30:42,693 DEBUG o.a.j.t.g.TestBeanGUI: Modify variableNames to 
2020-12-15 13:30:42,693 DEBUG o.a.j.t.g.TestBeanGUI: Modify ignoreFirstLine to false
2020-12-15 13:30:42,693 DEBUG o.a.j.t.g.TestBeanGUI: Modify delimiter to ,
2020-12-15 13:30:42,693 DEBUG o.a.j.t.g.TestBeanGUI: Modify quotedData to false
2020-12-15 13:30:42,693 DEBUG o.a.j.t.g.TestBeanGUI: Modify recycle to true
2020-12-15 13:30:42,693 DEBUG o.a.j.t.g.TestBeanGUI: Modify stopThread to false
2020-12-15 13:30:42,693 DEBUG o.a.j.t.g.TestBeanGUI: Modify shareMode to shareMode.all
2020-12-15 13:30:42,694 DEBUG o.a.j.g.GuiPackage: Gui retrieved = TestBeanGUI:org.apache.jmeter.config.CSVDataSet
2020-12-15 13:30:42,694 DEBUG o.a.j.t.g.WrapperEditor: <-""
2020-12-15 13:30:42,694 DEBUG o.a.j.t.g.WrapperEditor: <-java.lang.String:
2020-12-15 13:30:42,694 DEBUG o.a.j.t.g.WrapperEditor: ->""
2020-12-15 13:30:42,694 DEBUG o.a.j.t.g.WrapperEditor: <-"True"
2020-12-15 13:30:42,694 DEBUG o.a.j.t.g.WrapperEditor: <-java.lang.String:,
2020-12-15 13:30:42,695 DEBUG o.a.j.t.g.WrapperEditor: ->","
2020-12-15 13:30:42,695 DEBUG o.a.j.t.g.WrapperEditor: <-"True"
2020-12-15 13:30:42,695 DEBUG o.a.j.t.g.WrapperEditor: <-"True"
2020-12-15 13:30:42,695 DEBUG o.a.j.t.g.WrapperEditor: <-"True"
2020-12-15 13:30:42,696 DEBUG o.a.j.g.GuiPackage: Updating gui to new node
2020-12-15 13:30:42,696 DEBUG o.a.j.t.g.WrapperEditor: <-""
2020-12-15 13:30:42,696 DEBUG o.a.j.t.g.WrapperEditor: <-java.lang.String:
2020-12-15 13:30:42,696 DEBUG o.a.j.t.g.WrapperEditor: ->""
2020-12-15 13:30:42,696 DEBUG o.a.j.t.g.WrapperEditor: <-"True"
2020-12-15 13:30:42,696 DEBUG o.a.j.t.g.WrapperEditor: <-java.lang.String:,
2020-12-15 13:30:42,696 DEBUG o.a.j.t.g.WrapperEditor: ->","
2020-12-15 13:30:42,696 DEBUG o.a.j.t.g.WrapperEditor: <-"True"
2020-12-15 13:30:42,696 DEBUG o.a.j.t.g.WrapperEditor: <-"True"
2020-12-15 13:30:42,696 DEBUG o.a.j.t.g.WrapperEditor: <-"True"
2020-12-15 13:30:42,697 DEBUG o.a.j.t.g.WrapperEditor: <-java.lang.String:
2020-12-15 13:30:42,697 DEBUG o.a.j.t.g.WrapperEditor: <-java.lang.String:
2020-12-15 13:30:42,697 DEBUG o.a.j.t.g.WrapperEditor: <-java.lang.Boolean:false
2020-12-15 13:30:42,697 DEBUG o.a.j.t.g.WrapperEditor: <-java.lang.String:,
2020-12-15 13:30:42,697 DEBUG o.a.j.t.g.WrapperEditor: <-java.lang.Boolean:false
2020-12-15 13:30:42,697 DEBUG o.a.j.t.g.WrapperEditor: <-java.lang.Boolean:true
2020-12-15 13:30:42,698 DEBUG o.a.j.t.g.WrapperEditor: <-java.lang.Boolean:false
2020-12-15 13:30:42,700 DEBUG o.a.j.g.GuiPackage: Gui retrieved = TestBeanGUI:org.apache.jmeter.config.CSVDataSet
2020-12-15 13:30:42,701 DEBUG o.a.j.g.GuiPackage: Updating current node CSV Data Set Config
2020-12-15 13:30:42,701 DEBUG o.a.j.g.GuiPackage: Gui retrieved = TestBeanGUI:org.apache.jmeter.config.CSVDataSet
2020-12-15 13:30:42,701 DEBUG o.a.j.t.g.WrapperEditor: ->java.lang.String:
2020-12-15 13:30:42,701 DEBUG o.a.j.t.g.GenericTestBeanCustomizer: Set filename=
2020-12-15 13:30:42,701 DEBUG o.a.j.t.g.GenericTestBeanCustomizer: Set fileEncoding=
2020-12-15 13:30:42,701 DEBUG o.a.j.t.g.WrapperEditor: ->java.lang.String:
2020-12-15 13:30:42,701 DEBUG o.a.j.t.g.GenericTestBeanCustomizer: Set variableNames=
2020-12-15 13:30:42,701 DEBUG o.a.j.t.g.WrapperEditor: ->java.lang.Boolean:false
2020-12-15 13:30:42,701 DEBUG o.a.j.t.g.GenericTestBeanCustomizer: Set ignoreFirstLine=false
2020-12-15 13:30:42,701 DEBUG o.a.j.t.g.WrapperEditor: ->java.lang.String:,
2020-12-15 13:30:42,701 DEBUG o.a.j.t.g.GenericTestBeanCustomizer: Set delimiter=,
2020-12-15 13:30:42,701 DEBUG o.a.j.t.g.WrapperEditor: ->java.lang.Boolean:false
2020-12-15 13:30:42,701 DEBUG o.a.j.t.g.GenericTestBeanCustomizer: Set quotedData=false
2020-12-15 13:30:42,701 DEBUG o.a.j.t.g.WrapperEditor: ->java.lang.Boolean:true
2020-12-15 13:30:42,701 DEBUG o.a.j.t.g.GenericTestBeanCustomizer: Set recycle=true
2020-12-15 13:30:42,701 DEBUG o.a.j.t.g.WrapperEditor: ->java.lang.Boolean:false
2020-12-15 13:30:42,701 DEBUG o.a.j.t.g.GenericTestBeanCustomizer: Set stopThread=false
2020-12-15 13:30:42,702 DEBUG o.a.j.t.g.GenericTestBeanCustomizer: Set shareMode=shareMode.all
2020-12-15 13:30:42,702 DEBUG o.a.j.g.AbstractJMeterGuiComponent: setting element to enabled: true
2020-12-15 13:30:42,702 DEBUG o.a.j.t.g.TestBeanGUI: Modify property to null
2020-12-15 13:30:42,702 DEBUG o.a.j.t.g.TestBeanGUI: Modify filename to 
2020-12-15 13:30:42,702 DEBUG o.a.j.t.g.TestBeanGUI: Modify fileEncoding to 
2020-12-15 13:30:42,702 DEBUG o.a.j.t.g.TestBeanGUI: Modify variableNames to 
2020-12-15 13:30:42,702 DEBUG o.a.j.t.g.TestBeanGUI: Modify ignoreFirstLine to false
2020-12-15 13:30:42,702 DEBUG o.a.j.t.g.TestBeanGUI: Modify delimiter to ,
2020-12-15 13:30:42,702 DEBUG o.a.j.t.g.TestBeanGUI: Modify quotedData to false
2020-12-15 13:30:42,702 DEBUG o.a.j.t.g.TestBeanGUI: Modify recycle to true
2020-12-15 13:30:42,702 DEBUG o.a.j.t.g.TestBeanGUI: Modify stopThread to false
2020-12-15 13:30:42,702 DEBUG o.a.j.t.g.TestBeanGUI: Modify shareMode to shareMode.all
2020-12-15 13:30:42,702 DEBUG o.a.j.g.GuiPackage: Gui retrieved = TestBeanGUI:org.apache.jmeter.config.CSVDataSet
2020-12-15 13:30:42,702 DEBUG o.a.j.t.g.WrapperEditor: <-""
2020-12-15 13:30:42,702 DEBUG o.a.j.t.g.WrapperEditor: <-java.lang.String:
2020-12-15 13:30:42,702 DEBUG o.a.j.t.g.WrapperEditor: ->""
2020-12-15 13:30:42,702 DEBUG o.a.j.t.g.WrapperEditor: <-"True"
2020-12-15 13:30:42,703 DEBUG o.a.j.t.g.WrapperEditor: <-java.lang.String:,
2020-12-15 13:30:42,703 DEBUG o.a.j.t.g.WrapperEditor: ->","
2020-12-15 13:30:42,703 DEBUG o.a.j.t.g.WrapperEditor: <-"True"
2020-12-15 13:30:42,703 DEBUG o.a.j.t.g.WrapperEditor: <-"True"
2020-12-15 13:30:42,703 DEBUG o.a.j.t.g.WrapperEditor: <-"True"
2020-12-15 13:30:42,704 DEBUG o.a.j.g.GuiPackage: Updating gui to new node
2020-12-15 13:30:42,704 DEBUG o.a.j.t.g.WrapperEditor: <-""
2020-12-15 13:30:42,704 DEBUG o.a.j.t.g.WrapperEditor: <-java.lang.String:
2020-12-15 13:30:42,704 DEBUG o.a.j.t.g.WrapperEditor: ->""
2020-12-15 13:30:42,704 DEBUG o.a.j.t.g.WrapperEditor: <-"True"
2020-12-15 13:30:42,704 DEBUG o.a.j.t.g.WrapperEditor: <-java.lang.String:,
2020-12-15 13:30:42,704 DEBUG o.a.j.t.g.WrapperEditor: ->","
2020-12-15 13:30:42,704 DEBUG o.a.j.t.g.WrapperEditor: <-"True"
2020-12-15 13:30:42,704 DEBUG o.a.j.t.g.WrapperEditor: <-"True"
2020-12-15 13:30:42,704 DEBUG o.a.j.t.g.WrapperEditor: <-"True"
2020-12-15 13:30:42,705 DEBUG o.a.j.t.g.WrapperEditor: <-java.lang.String:
2020-12-15 13:30:42,705 DEBUG o.a.j.t.g.WrapperEditor: <-java.lang.String:
2020-12-15 13:30:42,705 DEBUG o.a.j.t.g.WrapperEditor: <-java.lang.Boolean:false
2020-12-15 13:30:42,705 DEBUG o.a.j.t.g.WrapperEditor: <-java.lang.String:,
2020-12-15 13:30:42,705 DEBUG o.a.j.t.g.WrapperEditor: <-java.lang.Boolean:false
2020-12-15 13:30:42,705 DEBUG o.a.j.t.g.WrapperEditor: <-java.lang.Boolean:true
2020-12-15 13:30:42,705 DEBUG o.a.j.t.g.WrapperEditor: <-java.lang.Boolean:false
2020-12-15 13:30:43,820 DEBUG o.a.j.g.t.JMeterTreeListener: value changed, updating currentPath
2020-12-15 13:30:43,820 DEBUG o.a.j.g.GuiPackage: Updating current node CSV Data Set Config
2020-12-15 13:30:43,821 DEBUG o.a.j.g.GuiPackage: Gui retrieved = TestBeanGUI:org.apache.jmeter.config.CSVDataSet
2020-12-15 13:30:43,821 DEBUG o.a.j.t.g.WrapperEditor: ->java.lang.String:
2020-12-15 13:30:43,821 DEBUG o.a.j.t.g.GenericTestBeanCustomizer: Set filename=
2020-12-15 13:30:43,821 DEBUG o.a.j.t.g.GenericTestBeanCustomizer: Set fileEncoding=
2020-12-15 13:30:43,821 DEBUG o.a.j.t.g.WrapperEditor: ->java.lang.String:
2020-12-15 13:30:43,821 DEBUG o.a.j.t.g.GenericTestBeanCustomizer: Set variableNames=
2020-12-15 13:30:43,821 DEBUG o.a.j.t.g.WrapperEditor: ->java.lang.Boolean:false
2020-12-15 13:30:43,821 DEBUG o.a.j.t.g.GenericTestBeanCustomizer: Set ignoreFirstLine=false
2020-12-15 13:30:43,821 DEBUG o.a.j.t.g.WrapperEditor: ->java.lang.String:,
2020-12-15 13:30:43,821 DEBUG o.a.j.t.g.GenericTestBeanCustomizer: Set delimiter=,
2020-12-15 13:30:43,822 DEBUG o.a.j.t.g.WrapperEditor: ->java.lang.Boolean:false
2020-12-15 13:30:43,822 DEBUG o.a.j.t.g.GenericTestBeanCustomizer: Set quotedData=false
2020-12-15 13:30:43,822 DEBUG o.a.j.t.g.WrapperEditor: ->java.lang.Boolean:true
2020-12-15 13:30:43,822 DEBUG o.a.j.t.g.GenericTestBeanCustomizer: Set recycle=true
2020-12-15 13:30:43,822 DEBUG o.a.j.t.g.WrapperEditor: ->java.lang.Boolean:false
2020-12-15 13:30:43,822 DEBUG o.a.j.t.g.GenericTestBeanCustomizer: Set stopThread=false
2020-12-15 13:30:43,822 DEBUG o.a.j.t.g.GenericTestBeanCustomizer: Set shareMode=shareMode.all
2020-12-15 13:30:43,822 DEBUG o.a.j.g.AbstractJMeterGuiComponent: setting element to enabled: true
2020-12-15 13:30:43,822 DEBUG o.a.j.t.g.TestBeanGUI: Modify property to null
2020-12-15 13:30:43,822 DEBUG o.a.j.t.g.TestBeanGUI: Modify filename to 
2020-12-15 13:30:43,822 DEBUG o.a.j.t.g.TestBeanGUI: Modify fileEncoding to 
2020-12-15 13:30:43,822 DEBUG o.a.j.t.g.TestBeanGUI: Modify variableNames to 
2020-12-15 13:30:43,822 DEBUG o.a.j.t.g.TestBeanGUI: Modify ignoreFirstLine to false
2020-12-15 13:30:43,822 DEBUG o.a.j.t.g.TestBeanGUI: Modify delimiter to ,
2020-12-15 13:30:43,822 DEBUG o.a.j.t.g.TestBeanGUI: Modify quotedData to false
2020-12-15 13:30:43,822 DEBUG o.a.j.t.g.TestBeanGUI: Modify recycle to true
2020-12-15 13:30:43,822 DEBUG o.a.j.t.g.TestBeanGUI: Modify stopThread to false
2020-12-15 13:30:43,822 DEBUG o.a.j.t.g.TestBeanGUI: Modify shareMode to shareMode.all
2020-12-15 13:30:43,823 DEBUG o.a.j.g.GuiPackage: Gui retrieved = org.apache.jmeter.threads.gui.ThreadGroupGui[Thread Group,0,0,830x676,invalid,layout=java.awt.BorderLayout,alignmentX=0.0,alignmentY=0.0,border=javax.swing.border.EmptyBorder@3d643196,flags=9,maximumSize=,minimumSize=,preferredSize=]
2020-12-15 13:30:43,824 DEBUG o.a.j.g.GuiPackage: Updating current node Thread Group
2020-12-15 13:30:43,824 DEBUG o.a.j.g.GuiPackage: Gui retrieved = org.apache.jmeter.threads.gui.ThreadGroupGui[Thread Group,0,0,830x676,invalid,layout=java.awt.BorderLayout,alignmentX=0.0,alignmentY=0.0,border=javax.swing.border.EmptyBorder@3d643196,flags=9,maximumSize=,minimumSize=,preferredSize=]
2020-12-15 13:30:43,824 DEBUG o.a.j.g.AbstractJMeterGuiComponent: setting element to enabled: true
2020-12-15 13:30:43,824 DEBUG o.a.j.g.AbstractJMeterGuiComponent: setting element to enabled: true
2020-12-15 13:30:43,824 DEBUG o.a.j.g.GuiPackage: Gui retrieved = org.apache.jmeter.threads.gui.ThreadGroupGui[Thread Group,0,0,830x676,invalid,layout=java.awt.BorderLayout,alignmentX=0.0,alignmentY=0.0,border=javax.swing.border.EmptyBorder@3d643196,flags=9,maximumSize=,minimumSize=,preferredSize=]
2020-12-15 13:30:43,825 DEBUG o.a.j.g.GuiPackage: Updating gui to new node
2020-12-15 13:30:43,830 DEBUG o.a.j.g.GuiPackage: Gui retrieved = org.apache.jmeter.threads.gui.ThreadGroupGui[Thread Group,0,0,830x676,invalid,layout=java.awt.BorderLayout,alignmentX=0.0,alignmentY=0.0,border=javax.swing.border.EmptyBorder@3d643196,flags=9,maximumSize=,minimumSize=,preferredSize=]
2020-12-15 13:30:43,840 DEBUG o.a.j.g.GuiPackage: Updating current node Thread Group
2020-12-15 13:30:43,841 DEBUG o.a.j.g.GuiPackage: Gui retrieved = org.apache.jmeter.threads.gui.ThreadGroupGui[Thread Group,0,0,830x676,invalid,layout=java.awt.BorderLayout,alignmentX=0.0,alignmentY=0.0,border=javax.swing.border.EmptyBorder@3d643196,flags=9,maximumSize=,minimumSize=,preferredSize=]
2020-12-15 13:30:43,841 DEBUG o.a.j.g.AbstractJMeterGuiComponent: setting element to enabled: true
2020-12-15 13:30:43,841 DEBUG o.a.j.g.AbstractJMeterGuiComponent: setting element to enabled: true
2020-12-15 13:30:43,841 DEBUG o.a.j.g.GuiPackage: Gui retrieved = org.apache.jmeter.threads.gui.ThreadGroupGui[Thread Group,0,0,830x676,invalid,layout=java.awt.BorderLayout,alignmentX=0.0,alignmentY=0.0,border=javax.swing.border.EmptyBorder@3d643196,flags=9,maximumSize=,minimumSize=,preferredSize=]
2020-12-15 13:30:43,841 DEBUG o.a.j.g.GuiPackage: Updating gui to new node
2020-12-15 13:30:45,822 DEBUG o.a.j.g.t.JMeterTreeListener: value changed, updating currentPath
2020-12-15 13:30:45,825 DEBUG o.a.j.g.GuiPackage: Updating current node Thread Group
2020-12-15 13:30:45,825 DEBUG o.a.j.g.GuiPackage: Gui retrieved = org.apache.jmeter.threads.gui.ThreadGroupGui[Thread Group,0,0,830x676,layout=java.awt.BorderLayout,alignmentX=0.0,alignmentY=0.0,border=javax.swing.border.EmptyBorder@3d643196,flags=9,maximumSize=,minimumSize=,preferredSize=]
2020-12-15 13:30:45,825 DEBUG o.a.j.g.AbstractJMeterGuiComponent: setting element to enabled: true
2020-12-15 13:30:45,825 DEBUG o.a.j.g.AbstractJMeterGuiComponent: setting element to enabled: true
2020-12-15 13:30:45,826 DEBUG o.a.j.g.GuiPackage: Gui retrieved = org.apache.jmeter.protocol.http.gui.AuthPanel[HTTP Authorization Manager,0,0,830x676,invalid,layout=java.awt.BorderLayout,alignmentX=0.0,alignmentY=0.0,border=javax.swing.border.EmptyBorder@e123e9b,flags=9,maximumSize=,minimumSize=,preferredSize=]
2020-12-15 13:30:45,826 DEBUG o.a.j.t.p.AbstractProperty: merging in class org.apache.jmeter.testelement.property.CollectionProperty
2020-12-15 13:30:45,826 DEBUG o.a.j.g.GuiPackage: Updating current node HTTP Authorization Manager
2020-12-15 13:30:45,826 DEBUG o.a.j.g.GuiPackage: Gui retrieved = org.apache.jmeter.protocol.http.gui.AuthPanel[HTTP Authorization Manager,0,0,830x676,invalid,layout=java.awt.BorderLayout,alignmentX=0.0,alignmentY=0.0,border=javax.swing.border.EmptyBorder@e123e9b,flags=9,maximumSize=,minimumSize=,preferredSize=]
2020-12-15 13:30:45,826 DEBUG o.a.j.t.p.AbstractProperty: merging in class org.apache.jmeter.testelement.property.CollectionProperty
2020-12-15 13:30:45,826 DEBUG o.a.j.g.AbstractJMeterGuiComponent: setting element to enabled: true
2020-12-15 13:30:45,826 DEBUG o.a.j.g.GuiPackage: Gui retrieved = org.apache.jmeter.protocol.http.gui.AuthPanel[HTTP Authorization Manager,0,0,830x676,invalid,layout=java.awt.BorderLayout,alignmentX=0.0,alignmentY=0.0,border=javax.swing.border.EmptyBorder@e123e9b,flags=9,maximumSize=,minimumSize=,preferredSize=]
2020-12-15 13:30:45,826 DEBUG o.a.j.g.GuiPackage: Updating gui to new node
2020-12-15 13:30:45,826 DEBUG o.a.j.t.p.AbstractProperty: merging in class org.apache.jmeter.testelement.property.CollectionProperty
2020-12-15 13:30:45,828 DEBUG o.a.j.g.GuiPackage: Gui retrieved = org.apache.jmeter.protocol.http.gui.AuthPanel[HTTP Authorization Manager,0,0,830x676,invalid,layout=java.awt.BorderLayout,alignmentX=0.0,alignmentY=0.0,border=javax.swing.border.EmptyBorder@e123e9b,flags=9,maximumSize=,minimumSize=,preferredSize=]
2020-12-15 13:30:45,828 DEBUG o.a.j.g.GuiPackage: Updating current node HTTP Authorization Manager
2020-12-15 13:30:45,828 DEBUG o.a.j.g.GuiPackage: Gui retrieved = org.apache.jmeter.protocol.http.gui.AuthPanel[HTTP Authorization Manager,0,0,830x676,invalid,layout=java.awt.BorderLayout,alignmentX=0.0,alignmentY=0.0,border=javax.swing.border.EmptyBorder@e123e9b,flags=9,maximumSize=,minimumSize=,preferredSize=]
2020-12-15 13:30:45,829 DEBUG o.a.j.t.p.AbstractProperty: merging in class org.apache.jmeter.testelement.property.CollectionProperty
2020-12-15 13:30:45,829 DEBUG o.a.j.g.AbstractJMeterGuiComponent: setting element to enabled: true
2020-12-15 13:30:45,829 DEBUG o.a.j.g.GuiPackage: Gui retrieved = org.apache.jmeter.protocol.http.gui.AuthPanel[HTTP Authorization Manager,0,0,830x676,invalid,layout=java.awt.BorderLayout,alignmentX=0.0,alignmentY=0.0,border=javax.swing.border.EmptyBorder@e123e9b,flags=9,maximumSize=,minimumSize=,preferredSize=]
2020-12-15 13:30:45,829 DEBUG o.a.j.g.GuiPackage: Updating gui to new node
2020-12-15 13:30:45,829 DEBUG o.a.j.t.p.AbstractProperty: merging in class org.apache.jmeter.testelement.property.CollectionProperty
2020-12-15 13:30:52,644 DEBUG o.a.j.g.GuiPackage: Updating current node HTTP Authorization Manager
2020-12-15 13:30:52,644 DEBUG o.a.j.g.GuiPackage: Gui retrieved = org.apache.jmeter.protocol.http.gui.AuthPanel[HTTP Authorization Manager,0,0,830x676,layout=java.awt.BorderLayout,alignmentX=0.0,alignmentY=0.0,border=javax.swing.border.EmptyBorder@e123e9b,flags=9,maximumSize=,minimumSize=,preferredSize=]
2020-12-15 13:30:52,644 DEBUG o.a.j.t.p.AbstractProperty: merging in class org.apache.jmeter.testelement.property.CollectionProperty
2020-12-15 13:30:52,644 DEBUG o.a.j.g.AbstractJMeterGuiComponent: setting element to enabled: true
2020-12-15 13:30:52,645 DEBUG o.a.j.g.GuiPackage: Gui retrieved = org.apache.jmeter.protocol.http.gui.AuthPanel[HTTP Authorization Manager,0,0,830x676,layout=java.awt.BorderLayout,alignmentX=0.0,alignmentY=0.0,border=javax.swing.border.EmptyBorder@e123e9b,flags=9,maximumSize=,minimumSize=,preferredSize=]
2020-12-15 13:30:52,646 DEBUG o.a.j.t.p.AbstractProperty: merging in class org.apache.jmeter.testelement.property.CollectionProperty
2020-12-15 13:30:52,646 DEBUG o.a.j.g.a.CheckDirty: Node is class: class org.apache.jmeter.gui.tree.JMeterTreeNode
2020-12-15 13:30:52,646 DEBUG o.a.j.g.a.CheckDirty: Node is class: class org.apache.jmeter.gui.tree.JMeterTreeNode
2020-12-15 13:30:52,646 DEBUG o.a.j.g.a.CheckDirty: Node is class: class org.apache.jmeter.gui.tree.JMeterTreeNode
2020-12-15 13:30:52,646 DEBUG o.a.j.g.a.CheckDirty: Node is class: class org.apache.jmeter.gui.tree.JMeterTreeNode
2020-12-15 13:30:52,646 DEBUG o.a.j.g.GuiPackage: Updating current node HTTP Authorization Manager
2020-12-15 13:30:52,646 DEBUG o.a.j.g.GuiPackage: Gui retrieved = org.apache.jmeter.protocol.http.gui.AuthPanel[HTTP Authorization Manager,0,0,830x676,invalid,layout=java.awt.BorderLayout,alignmentX=0.0,alignmentY=0.0,border=javax.swing.border.EmptyBorder@e123e9b,flags=9,maximumSize=,minimumSize=,preferredSize=]
2020-12-15 13:30:52,647 DEBUG o.a.j.t.p.AbstractProperty: merging in class org.apache.jmeter.testelement.property.CollectionProperty
2020-12-15 13:30:52,647 DEBUG o.a.j.g.AbstractJMeterGuiComponent: setting element to enabled: true
2020-12-15 13:30:52,647 DEBUG o.a.j.g.GuiPackage: Gui retrieved = org.apache.jmeter.protocol.http.gui.AuthPanel[HTTP Authorization Manager,0,0,830x676,invalid,layout=java.awt.BorderLayout,alignmentX=0.0,alignmentY=0.0,border=javax.swing.border.EmptyBorder@e123e9b,flags=9,maximumSize=,minimumSize=,preferredSize=]
2020-12-15 13:30:52,647 DEBUG o.a.j.t.p.AbstractProperty: merging in class org.apache.jmeter.testelement.property.CollectionProperty
2020-12-15 13:30:52,648 DEBUG o.a.j.g.a.CheckDirty: Node is class: class org.apache.jmeter.gui.tree.JMeterTreeNode
2020-12-15 13:30:52,648 DEBUG o.a.j.g.a.CheckDirty: Node is class: class org.apache.jmeter.gui.tree.JMeterTreeNode
2020-12-15 13:30:52,648 DEBUG o.a.j.g.a.CheckDirty: Node is class: class org.apache.jmeter.gui.tree.JMeterTreeNode
2020-12-15 13:30:52,648 DEBUG o.a.j.g.a.CheckDirty: Node is class: class org.apache.jmeter.gui.tree.JMeterTreeNode
