2019-05-24 05:27:56,357 INFO o.a.j.u.JMeterUtils: Setting Locale to en_US
2019-05-24 05:27:56,375 INFO o.a.j.JMeter: Loading user properties from: /app/performance/jmeter/apache-jmeter/bin/user.properties
2019-05-24 05:27:56,377 INFO o.a.j.JMeter: Loading system properties from: /app/performance/jmeter/apache-jmeter/bin/system.properties
2019-05-24 05:27:56,395 INFO o.a.j.JMeter: Copyright (c) 1998-2017 The Apache Software Foundation
2019-05-24 05:27:56,395 INFO o.a.j.JMeter: Version 3.2 r1790748
2019-05-24 05:27:56,395 INFO o.a.j.JMeter: java.version=1.8.0_05
2019-05-24 05:27:56,395 INFO o.a.j.JMeter: java.vm.name=Java HotSpot(TM) 64-Bit Server VM
2019-05-24 05:27:56,396 INFO o.a.j.JMeter: os.name=Linux
2019-05-24 05:27:56,396 INFO o.a.j.JMeter: os.arch=amd64
2019-05-24 05:27:56,396 INFO o.a.j.JMeter: os.version=2.6.32-754.12.1.el6.x86_64
2019-05-24 05:27:56,396 INFO o.a.j.JMeter: file.encoding=UTF-8
2019-05-24 05:27:56,396 INFO o.a.j.JMeter: Max memory     =6442450944
2019-05-24 05:27:56,396 INFO o.a.j.JMeter: Available Processors =4
2019-05-24 05:27:56,419 INFO o.a.j.JMeter: Default Locale=English (United States)
2019-05-24 05:27:56,419 INFO o.a.j.JMeter: JMeter  Locale=English (United States)
2019-05-24 05:27:56,419 INFO o.a.j.JMeter: JMeterHome=/app/performance/jmeter/apache-jmeter
2019-05-24 05:27:56,419 INFO o.a.j.JMeter: user.dir  =/app1/projects/couchbase/6.0.1/Endurance/2019-05-23_2154
2019-05-24 05:27:56,428 INFO o.a.j.JMeter: PWD       =/app1/projects/couchbase/6.0.1/Endurance/2019-05-23_2154
2019-05-24 05:27:56,428 INFO o.a.j.JMeter: IP: 127.0.1.1 Name: appte10qatge003.dca.diginsite.net FullName: appte10qatge003.dca.diginsite.net
2019-05-24 05:27:56,428 INFO o.a.j.JMeter: search_paths=/app/performance/jmeter/default/bin/../di/plugins/
2019-05-24 05:27:56,429 INFO o.a.j.JMeter: Adding to classpath and loader: /app/performance/jmeter/default/bin/../di/plugins/
2019-05-24 05:27:56,431 INFO o.a.j.JMeter: plugin_dependency_paths=/app/performance/jmeter/default/bin/../di/lib/
2019-05-24 05:27:56,431 INFO o.a.j.JMeter: Adding to loader: /app/performance/jmeter/default/bin/../di/lib/
2019-05-24 05:27:56,440 INFO o.a.j.JMeter: Setting property 'jmeter.reportgenerator.outputdir' to:'/app1/projects/couchbase/6.0.1/Endurance/2019-05-23_2154/apdex'
2019-05-24 05:27:56,445 INFO o.a.j.r.d.ReportGenerator: ReportGenerator will use for Parsing the separator: ','
2019-05-24 05:27:56,447 INFO o.a.j.r.d.ReportGenerator: Will only generate report from results file: Endurance_2019-05-23
2019-05-24 05:27:56,447 INFO o.a.j.r.d.ReportGenerator: Reading report generator properties from: /app/performance/jmeter/apache-jmeter/bin/reportgenerator.properties
2019-05-24 05:27:56,454 INFO o.a.j.r.d.ReportGenerator: Merging with JMeter properties
2019-05-24 05:27:56,459 INFO o.a.j.r.c.ReportGeneratorConfiguration: Property 'jmeter.reportgenerator.temp_dir' not found, using default value 'temp' instead.
2019-05-24 05:27:56,463 INFO o.a.j.r.c.ReportGeneratorConfiguration: Property 'jmeter.reportgenerator.apdex_per_transaction' not found, using default value 'null' instead.
2019-05-24 05:27:56,466 INFO o.a.j.r.c.ReportGeneratorConfiguration: apdex_per_transaction : {} is empty, not APDEX per transaction customization
2019-05-24 05:27:56,466 INFO o.a.j.r.c.ReportGeneratorConfiguration: Property 'jmeter.reportgenerator.sample_filter' not found, using default value 'null' instead.
2019-05-24 05:27:56,466 INFO o.a.j.r.c.ReportGeneratorConfiguration: Property 'jmeter.reportgenerator.report_title' not found, using default value 'null' instead.
2019-05-24 05:27:56,466 INFO o.a.j.r.c.ReportGeneratorConfiguration: Property 'jmeter.reportgenerator.start_date' not found, using default value 'null' instead.
2019-05-24 05:27:56,466 INFO o.a.j.r.c.ReportGeneratorConfiguration: Property 'jmeter.reportgenerator.end_date' not found, using default value 'null' instead.
2019-05-24 05:27:56,466 INFO o.a.j.r.c.ReportGeneratorConfiguration: Property 'jmeter.reportgenerator.date_format' not found, using default value 'null' instead.
2019-05-24 05:27:56,467 INFO o.a.j.r.c.ReportGeneratorConfiguration: Will use date range start date: null, end date: null
2019-05-24 05:27:56,471 INFO o.a.j.r.c.ReportGeneratorConfiguration: Property 'jmeter.reportgenerator.graph.activeThreadsOverTime.exclude_controllers' not found, using default value 'false' instead.
2019-05-24 05:27:56,471 INFO o.a.j.r.c.ReportGeneratorConfiguration: Property 'jmeter.reportgenerator.graph.timeVsThreads.exclude_controllers' not found, using default value 'false' instead.
2019-05-24 05:27:56,471 INFO o.a.j.r.c.ReportGeneratorConfiguration: Property 'jmeter.reportgenerator.graph.responseTimeDistribution.exclude_controllers' not found, using default value 'false' instead.
2019-05-24 05:27:56,472 INFO o.a.j.r.c.ReportGeneratorConfiguration: Property 'jmeter.reportgenerator.graph.transactionsPerSecond.exclude_controllers' not found, using default value 'false' instead.
2019-05-24 05:27:56,472 INFO o.a.j.r.c.ReportGeneratorConfiguration: Property 'jmeter.reportgenerator.graph.responseTimePercentiles.exclude_controllers' not found, using default value 'false' instead.
2019-05-24 05:27:56,472 INFO o.a.j.r.c.ReportGeneratorConfiguration: Property 'jmeter.reportgenerator.graph.responseTimePercentilesOverTime.exclude_controllers' not found, using default value 'false' instead.
2019-05-24 05:27:56,472 INFO o.a.j.r.c.ReportGeneratorConfiguration: Property 'jmeter.reportgenerator.graph.responseTimesOverTime.exclude_controllers' not found, using default value 'false' instead.
2019-05-24 05:27:56,472 INFO o.a.j.r.c.ReportGeneratorConfiguration: Property 'jmeter.reportgenerator.graph.connectTimeOverTime.exclude_controllers' not found, using default value 'false' instead.
2019-05-24 05:27:56,472 INFO o.a.j.r.c.ReportGeneratorConfiguration: Property 'jmeter.reportgenerator.graph.latenciesOverTime.exclude_controllers' not found, using default value 'false' instead.
2019-05-24 05:27:56,473 INFO o.a.j.r.c.ReportGeneratorConfiguration: Property 'jmeter.reportgenerator.exporter.html.filters_only_sample_series' not found, using default value 'true' instead.
2019-05-24 05:27:56,473 INFO o.a.j.r.c.ReportGeneratorConfiguration: Property 'jmeter.reportgenerator.exporter.html.series_filter' not found, using default value '' instead.
2019-05-24 05:27:56,474 INFO o.a.j.r.c.ReportGeneratorConfiguration: Property 'jmeter.reportgenerator.exporter.html.show_controllers_only' not found, using default value 'false' instead.
2019-05-24 05:27:57,831 INFO o.a.j.s.SaveService: Testplan (JMX) version: 2.2. Testlog (JTL) version: 2.2
2019-05-24 05:27:57,878 INFO o.a.j.s.SaveService: Using SaveService properties file encoding UTF-8
2019-05-24 05:27:57,883 INFO o.a.j.s.SaveService: Using SaveService properties version 3.2
2019-05-24 05:27:58,057 INFO o.a.j.r.p.NormalizerSampleConsumer: Using format, 'yyyy-MM-dd HH:mm:ss.SSS', to parse timeStamp field
2019-05-24 06:48:11,965 INFO o.a.j.r.p.AbstractSampleConsumer: class org.apache.jmeter.report.processor.AggregateConsumer#stopProducing(): beginDate produced 0 samples
2019-05-24 06:48:11,965 INFO o.a.j.r.p.AbstractSampleConsumer: class org.apache.jmeter.report.processor.AggregateConsumer#stopProducing(): endDate produced 0 samples
2019-05-24 06:48:11,966 INFO o.a.j.r.p.AbstractSampleConsumer: class org.apache.jmeter.report.processor.ApdexSummaryConsumer#stopProducing(): apdexSummary produced 0 samples
2019-05-24 06:48:11,966 INFO o.a.j.r.p.AbstractSampleConsumer: class org.apache.jmeter.report.processor.RequestsSummaryConsumer#stopProducing(): requestsSummary produced 0 samples
2019-05-24 06:48:12,021 INFO o.a.j.r.p.AbstractSampleConsumer: class org.apache.jmeter.report.processor.StatisticsSummaryConsumer#stopProducing(): statisticsSummary produced 0 samples
2019-05-24 06:48:12,042 INFO o.a.j.r.p.AbstractSampleConsumer: class org.apache.jmeter.report.processor.Top5ErrorsBySamplerConsumer#stopProducing(): top5ErrorsBySampler produced 0 samples
2019-05-24 06:48:12,042 INFO o.a.j.r.p.AbstractSampleConsumer: class org.apache.jmeter.report.processor.ErrorsSummaryConsumer#stopProducing(): errorsSummary produced 0 samples
2019-05-24 06:48:12,042 INFO o.a.j.r.p.AbstractSampleConsumer: class org.apache.jmeter.report.processor.graph.impl.HitsPerSecondGraphConsumer#stopProducing(): hitsPerSecond produced 0 samples
2019-05-24 07:13:32,661 INFO o.a.j.r.p.AbstractSampleConsumer: class org.apache.jmeter.report.processor.graph.impl.LatencyVSRequestGraphConsumer#stopProducing(): latencyVsRequest produced 0 samples
2019-05-24 07:13:32,734 INFO o.a.j.r.p.AbstractSampleConsumer: class org.apache.jmeter.report.processor.graph.impl.SyntheticResponseTimeDistributionGraphConsumer#stopProducing(): syntheticResponseTimeDistribution produced 0 samples
2019-05-24 07:13:32,735 INFO o.a.j.r.p.AbstractSampleConsumer: class org.apache.jmeter.report.processor.graph.impl.BytesThroughputGraphConsumer#stopProducing(): bytesThroughputOverTime produced 0 samples
2019-05-24 07:13:32,736 INFO o.a.j.r.p.AbstractSampleConsumer: class org.apache.jmeter.report.processor.graph.impl.CodesPerSecondGraphConsumer#stopProducing(): codesPerSecond produced 0 samples
2019-05-24 07:39:57,165 INFO o.a.j.r.p.AbstractSampleConsumer: class org.apache.jmeter.report.processor.graph.impl.ResponseTimeVSRequestGraphConsumer#stopProducing(): responseTimeVsRequest produced 0 samples
2019-05-24 07:39:57,248 INFO o.a.j.r.p.AbstractSampleConsumer: class org.apache.jmeter.report.processor.FilterConsumer#stopProducing(): startIntervalControlerFilter produced 1028962361 samples
2019-05-24 07:39:57,248 INFO o.a.j.r.p.AbstractSampleConsumer: class org.apache.jmeter.report.processor.graph.impl.ActiveThreadsGraphConsumer#stopProducing(): activeThreadsOverTime produced 0 samples
2019-05-24 07:39:57,248 INFO o.a.j.r.p.AbstractSampleConsumer: class org.apache.jmeter.report.processor.graph.impl.TimeVSThreadGraphConsumer#stopProducing(): timeVsThreads produced 0 samples
2019-05-24 07:39:57,249 INFO o.a.j.r.p.AbstractSampleConsumer: class org.apache.jmeter.report.processor.graph.impl.ResponseTimeDistributionGraphConsumer#stopProducing(): responseTimeDistribution produced 0 samples
2019-05-24 07:39:57,250 INFO o.a.j.r.p.AbstractSampleConsumer: class org.apache.jmeter.report.processor.graph.impl.TransactionsPerSecondGraphConsumer#stopProducing(): transactionsPerSecond produced 0 samples
2019-05-24 07:39:57,251 INFO o.a.j.r.p.AbstractSampleConsumer: class org.apache.jmeter.report.processor.graph.impl.ResponseTimePercentilesGraphConsumer#stopProducing(): responseTimePercentiles produced 0 samples
2019-05-24 07:39:57,254 INFO o.a.j.r.p.AbstractSampleConsumer: class org.apache.jmeter.report.processor.graph.impl.ResponseTimePercentilesOverTimeGraphConsumer#stopProducing(): responseTimePercentilesOverTime produced 0 samples
2019-05-24 07:39:57,506 INFO o.a.j.r.p.AbstractSampleConsumer: class org.apache.jmeter.report.processor.graph.impl.ResponseTimeOverTimeGraphConsumer#stopProducing(): responseTimesOverTime produced 0 samples
2019-05-24 07:39:57,507 INFO o.a.j.r.p.AbstractSampleConsumer: class org.apache.jmeter.report.processor.graph.impl.ConnectTimeOverTimeGraphConsumer#stopProducing(): connectTimeOverTime produced 0 samples
2019-05-24 07:39:57,507 INFO o.a.j.r.p.AbstractSampleConsumer: class org.apache.jmeter.report.processor.graph.impl.LatencyOverTimeGraphConsumer#stopProducing(): latenciesOverTime produced 0 samples
2019-05-24 07:39:57,508 INFO o.a.j.r.p.AbstractSampleConsumer: class org.apache.jmeter.report.processor.FilterConsumer#stopProducing(): nameFilter produced 2057924722 samples
2019-05-24 07:39:57,508 INFO o.a.j.r.p.AbstractSampleConsumer: class org.apache.jmeter.report.processor.FilterConsumer#stopProducing(): dateRangeFilter produced 440983869 samples
2019-05-24 07:39:57,508 INFO o.a.j.r.p.AbstractSampleConsumer: class org.apache.jmeter.report.processor.NormalizerSampleConsumer#stopProducing(): normalizer produced 146994623 samples
2019-05-24 07:39:57,525 INFO o.a.j.r.p.CsvFileSampleSource: produce(): 146994623 samples produced in 2h 11m 59s 423 ms on channel 0
2019-05-24 07:39:57,525 INFO o.a.j.r.d.ReportGenerator: Exporting data using exporter:'html' of className:'org.apache.jmeter.report.dashboard.HtmlTemplateExporter'
2019-05-24 07:39:57,540 INFO o.a.j.r.d.HtmlTemplateExporter: Will generate dashboard in folder: /app1/projects/couchbase/6.0.1/Endurance/2019-05-23_2154/apdex
2019-05-24 07:39:58,846 INFO o.a.j.r.d.HtmlTemplateExporter: Report will be generated in: /app1/projects/couchbase/6.0.1/Endurance/2019-05-23_2154/apdex, creating folder structure