2008/11/24 09:44:31 INFO  - jmeter.util.JMeterUtils: Setting Locale to en_US 
2008/11/24 09:44:31 INFO  - jmeter.JMeter: Loading user properties from: user.properties 
2008/11/24 09:44:31 INFO  - jmeter.JMeter: Loading system properties from: system.properties 
2008/11/24 09:44:31 INFO  - jmeter.JMeter: Copyright (c) 1998-2006 The Apache Software Foundation 
2008/11/24 09:44:31 INFO  - jmeter.JMeter: Version 2.2 
2008/11/24 09:44:31 INFO  - jmeter.JMeter: java.version=1.6.0_01 
2008/11/24 09:44:31 INFO  - jmeter.JMeter: os.name=Linux 
2008/11/24 09:44:31 INFO  - jmeter.JMeter: os.arch=i386 
2008/11/24 09:44:31 INFO  - jmeter.JMeter: os.version=2.6.18-8.el5 
2008/11/24 09:44:31 INFO  - jmeter.JMeter: Default Locale=English (United States) 
2008/11/24 09:44:31 INFO  - jmeter.JMeter: JMeter  Locale=English (United States) 
2008/11/24 09:44:31 INFO  - jmeter.JMeter: JMeterHome=/home/bdejban/coast-mule-test/jakarta-jmeter-2.3.2 
2008/11/24 09:44:31 INFO  - jmeter.JMeter: user.dir=/home/bdejban/coast-mule-test/jakarta-jmeter-2.3.2/bin 
2008/11/24 09:44:31 INFO  - jmeter.JMeter: PWD     =/home/bdejban/coast-mule-test/jakarta-jmeter-2.3.2/bin 
2008/11/24 09:44:31 INFO  - jmeter.JMeter: Loading file: /home/bdejban/coast-mule-test/MuleWebService.jmx 
2008/11/24 09:44:31 INFO  - jmeter.save.SaveService: Testplan (JMX) version: 2.2. Testlog (JTL) version: 2.2 
2008/11/24 09:44:31 WARN  - jmeter.save.SaveService: Can't register a converter: file_encoding java.lang.ClassNotFoundException: file_encoding
	at java.net.URLClassLoader$1.run(URLClassLoader.java:200)
	at java.security.AccessController.doPrivileged(Native Method)
	at java.net.URLClassLoader.findClass(URLClassLoader.java:188)
	at java.lang.ClassLoader.loadClass(ClassLoader.java:306)
	at java.lang.ClassLoader.loadClass(ClassLoader.java:251)
	at java.lang.ClassLoader.loadClassInternal(ClassLoader.java:319)
	at java.lang.Class.forName0(Native Method)
	at java.lang.Class.forName(Class.java:169)
	at org.apache.jmeter.save.SaveService.initProps(SaveService.java:179)
	at org.apache.jmeter.save.SaveService.<clinit>(SaveService.java:120)
	at org.apache.jmeter.JMeter.run(JMeter.java:572)
	at org.apache.jmeter.JMeter.startNonGui(JMeter.java:552)
	at org.apache.jmeter.JMeter.start(JMeter.java:291)
	at sun.reflect.NativeMethodAccessorImpl.invoke0(Native Method)
	at sun.reflect.NativeMethodAccessorImpl.invoke(NativeMethodAccessorImpl.java:39)
	at sun.reflect.DelegatingMethodAccessorImpl.invoke(DelegatingMethodAccessorImpl.java:25)
	at java.lang.reflect.Method.invoke(Method.java:597)
	at org.apache.jmeter.NewDriver.main(NewDriver.java:210)

2008/11/24 09:44:31 WARN  - jmeter.util.JMeterUtils: ERROR! Resource string not found: [realm] java.util.MissingResourceException: Can't find resource for bundle java.util.PropertyResourceBundle, key realm
	at java.util.ResourceBundle.getObject(ResourceBundle.java:386)
	at java.util.ResourceBundle.getString(ResourceBundle.java:346)
	at org.apache.jmeter.util.JMeterUtils.getResStringDefault(JMeterUtils.java:342)
	at org.apache.jmeter.util.JMeterUtils.getResString(JMeterUtils.java:306)
	at org.apache.jmeter.protocol.http.control.AuthManager.<clinit>(AuthManager.java:58)
	at java.lang.Class.forName0(Native Method)
	at java.lang.Class.forName(Class.java:169)
	at org.apache.jmeter.save.SaveService.makeAlias(SaveService.java:127)
	at org.apache.jmeter.save.SaveService.initProps(SaveService.java:158)
	at org.apache.jmeter.save.SaveService.<clinit>(SaveService.java:120)
	at org.apache.jmeter.JMeter.run(JMeter.java:572)
	at org.apache.jmeter.JMeter.startNonGui(JMeter.java:552)
	at org.apache.jmeter.JMeter.start(JMeter.java:291)
	at sun.reflect.NativeMethodAccessorImpl.invoke0(Native Method)
	at sun.reflect.NativeMethodAccessorImpl.invoke(NativeMethodAccessorImpl.java:39)
	at sun.reflect.DelegatingMethodAccessorImpl.invoke(DelegatingMethodAccessorImpl.java:25)
	at java.lang.reflect.Method.invoke(Method.java:597)
	at org.apache.jmeter.NewDriver.main(NewDriver.java:210)

2008/11/24 09:44:31 INFO  - jmeter.samplers.SampleResult: Note: Sample TimeStamps are START times 
2008/11/24 09:44:31 INFO  - jmeter.samplers.SampleResult: sampleresult.default.encoding is set to ISO-8859-1 
2008/11/24 09:44:31 INFO  - jmeter.save.SaveService: Using SaveService properties file version 661482 
2008/11/24 09:44:31 WARN  - jmeter.save.SaveService: Could not set up alias MailerModel java.lang.NoClassDefFoundError: javax/mail/Message 
2008/11/24 09:44:31 INFO  - jmeter.protocol.http.sampler.HTTPSamplerBase: Cannot find .className property for htmlParser, using default 
2008/11/24 09:44:31 INFO  - jmeter.protocol.http.sampler.HTTPSamplerBase: Parser for text/html is  
2008/11/24 09:44:31 INFO  - jmeter.protocol.http.sampler.HTTPSamplerBase: Parser for application/xhtml+xml is  
2008/11/24 09:44:31 INFO  - jmeter.protocol.http.sampler.HTTPSamplerBase: Parser for application/xml is  
2008/11/24 09:44:31 INFO  - jmeter.protocol.http.sampler.HTTPSamplerBase: Parser for text/xml is  
2008/11/24 09:44:31 INFO  - jmeter.protocol.http.sampler.HTTPSamplerBase: Parser for text/vnd.wap.wml is org.apache.jmeter.protocol.http.parser.RegexpHTMLParser 
2008/11/24 09:44:31 INFO  - jmeter.protocol.http.sampler.HTTPSampler2: Local host = dc1-fnd-dev02 
2008/11/24 09:44:31 WARN  - jmeter.save.SaveService: Can't register a converter: org.apache.jmeter.protocol.http.util.HTTPResultConverter java.lang.NoSuchMethodException: org.apache.jmeter.protocol.http.util.HTTPResultConverter.<init>(com.thoughtworks.xstream.alias.ClassMapper)
	at java.lang.Class.getConstructor0(Class.java:2706)
	at java.lang.Class.getConstructor(Class.java:1657)
	at org.apache.jmeter.save.SaveService.initProps(SaveService.java:171)
	at org.apache.jmeter.save.SaveService.<clinit>(SaveService.java:120)
	at org.apache.jmeter.JMeter.run(JMeter.java:572)
	at org.apache.jmeter.JMeter.startNonGui(JMeter.java:552)
	at org.apache.jmeter.JMeter.start(JMeter.java:291)
	at sun.reflect.NativeMethodAccessorImpl.invoke0(Native Method)
	at sun.reflect.NativeMethodAccessorImpl.invoke(NativeMethodAccessorImpl.java:39)
	at sun.reflect.DelegatingMethodAccessorImpl.invoke(DelegatingMethodAccessorImpl.java:25)
	at java.lang.reflect.Method.invoke(Method.java:597)
	at org.apache.jmeter.NewDriver.main(NewDriver.java:210)

2008/11/24 09:44:31 WARN  - jmeter.save.SaveService: Could not set up alias HttpGenericSamplerGui java.lang.ClassNotFoundException: org.apache.jmeter.protocol.http.control.gui.HttpGenericSamplerGui 
2008/11/24 09:44:32 INFO  - jmeter.protocol.http.sampler.HTTPSampler: Maximum connection retries = 10 
2008/11/24 09:44:32 WARN  - jmeter.save.SaveService: Could not set up alias JMSSampler java.lang.NoClassDefFoundError: javax/jms/Message 
2008/11/24 09:44:32 WARN  - jmeter.save.SaveService: Could not set up alias SubscriberSampler java.lang.NoClassDefFoundError: javax/jms/MessageListener 
2008/11/24 09:44:32 WARN  - jmeter.save.SaveService: Could not set up alias HttpGenericSampler java.lang.ClassNotFoundException: org.apache.jmeter.protocol.http.sampler.HttpGenericSampler 
2008/11/24 09:44:32 WARN  - jmeter.util.JMeterUtils: ERROR! Resource string not found: [table_visualizer_success] java.util.MissingResourceException: Can't find resource for bundle java.util.PropertyResourceBundle, key table_visualizer_success
	at java.util.ResourceBundle.getObject(ResourceBundle.java:386)
	at java.util.ResourceBundle.getString(ResourceBundle.java:346)
	at org.apache.jmeter.util.JMeterUtils.getResStringDefault(JMeterUtils.java:342)
	at org.apache.jmeter.util.JMeterUtils.getResString(JMeterUtils.java:306)
	at org.apache.jmeter.visualizers.TableVisualizer.<clinit>(TableVisualizer.java:62)
	at java.lang.Class.forName0(Native Method)
	at java.lang.Class.forName(Class.java:169)
	at org.apache.jmeter.save.SaveService.makeAlias(SaveService.java:127)
	at org.apache.jmeter.save.SaveService.initProps(SaveService.java:158)
	at org.apache.jmeter.save.SaveService.<clinit>(SaveService.java:120)
	at org.apache.jmeter.JMeter.run(JMeter.java:572)
	at org.apache.jmeter.JMeter.startNonGui(JMeter.java:552)
	at org.apache.jmeter.JMeter.start(JMeter.java:291)
	at sun.reflect.NativeMethodAccessorImpl.invoke0(Native Method)
	at sun.reflect.NativeMethodAccessorImpl.invoke(NativeMethodAccessorImpl.java:39)
	at sun.reflect.DelegatingMethodAccessorImpl.invoke(DelegatingMethodAccessorImpl.java:25)
	at java.lang.reflect.Method.invoke(Method.java:597)
	at org.apache.jmeter.NewDriver.main(NewDriver.java:210)

