2020-02-11 09:51:34,829 INFO o.a.j.u.JMeterUtils: Setting Locale to en_EN
2020-02-11 09:51:34,849 INFO o.a.j.JMeter: Loading user properties from: user.properties
2020-02-11 09:51:34,850 INFO o.a.j.JMeter: Loading system properties from: system.properties
2020-02-11 09:51:34,853 INFO o.a.j.JMeter: Copyright (c) 1998-2019 The Apache Software Foundation
2020-02-11 09:51:34,853 INFO o.a.j.JMeter: Version 5.2.1
2020-02-11 09:51:34,853 INFO o.a.j.JMeter: java.version=1.8.0_231
2020-02-11 09:51:34,853 INFO o.a.j.JMeter: java.vm.name=Java HotSpot(TM) 64-Bit Server VM
2020-02-11 09:51:34,853 INFO o.a.j.JMeter: os.name=Windows 10
2020-02-11 09:51:34,853 INFO o.a.j.JMeter: os.arch=amd64
2020-02-11 09:51:34,854 INFO o.a.j.JMeter: os.version=10.0
2020-02-11 09:51:34,854 INFO o.a.j.JMeter: file.encoding=Cp1252
2020-02-11 09:51:34,854 INFO o.a.j.JMeter: java.awt.headless=true
2020-02-11 09:51:34,854 INFO o.a.j.JMeter: Max memory     =4294967296
2020-02-11 09:51:34,854 INFO o.a.j.JMeter: Available Processors =8
2020-02-11 09:51:34,859 INFO o.a.j.JMeter: Default Locale=English (EN)
2020-02-11 09:51:34,860 INFO o.a.j.JMeter: JMeter  Locale=English (EN)
2020-02-11 09:51:34,860 INFO o.a.j.JMeter: JMeterHome=C:\Data\Intralinks\Softwares\apache-jmeter-5.2.1
2020-02-11 09:51:34,860 INFO o.a.j.JMeter: user.dir  =C:\Data\Intralinks\Softwares\apache-jmeter-5.2.1\bin
2020-02-11 09:51:34,861 INFO o.a.j.JMeter: PWD       =C:\Data\Intralinks\Softwares\apache-jmeter-5.2.1\bin
2020-02-11 09:51:34,864 INFO o.a.j.JMeter: IP: 10.70.28.81 Name: G2JT7Y2 FullName: G2JT7Y2.intralinks.com
2020-02-11 09:51:34,867 INFO o.a.j.JMeter: Setting property 'jmeter.reportgenerator.outputdir' to:'C:\Data\Intralinks\Softwares\apache-jmeter-5.2.1\bin\test'
2020-02-11 09:51:34,875 INFO o.a.j.r.d.ReportGenerator: ReportGenerator will use for Parsing the separator: ','
2020-02-11 09:51:34,875 INFO o.a.j.r.d.ReportGenerator: Will only generate report from results file: Kubernetes_Login_pipeline_grafana-28-orig.csv
2020-02-11 09:51:34,875 INFO o.a.j.r.d.ReportGenerator: Reading report generator properties from: C:\Data\Intralinks\Softwares\apache-jmeter-5.2.1\bin\reportgenerator.properties
2020-02-11 09:51:34,877 INFO o.a.j.r.d.ReportGenerator: Merging with JMeter properties
2020-02-11 09:51:34,884 INFO o.a.j.r.c.ReportGeneratorConfiguration: Property 'jmeter.reportgenerator.temp_dir' not found, using default value 'temp' instead.
2020-02-11 09:51:34,889 INFO o.a.j.r.c.ReportGeneratorConfiguration: Property 'jmeter.reportgenerator.apdex_per_transaction' not found, using default value 'null' instead.
2020-02-11 09:51:34,895 INFO o.a.j.r.c.ReportGeneratorConfiguration: apdex_per_transaction is empty, not APDEX per transaction customization
2020-02-11 09:51:34,895 INFO o.a.j.r.c.ReportGeneratorConfiguration: Property 'jmeter.reportgenerator.sample_filter' not found, using default value 'null' instead.
2020-02-11 09:51:34,895 INFO o.a.j.r.c.ReportGeneratorConfiguration: Property 'jmeter.reportgenerator.report_title' not found, using default value 'null' instead.
2020-02-11 09:51:34,895 INFO o.a.j.r.c.ReportGeneratorConfiguration: Property 'jmeter.reportgenerator.start_date' not found, using default value 'null' instead.
2020-02-11 09:51:34,895 INFO o.a.j.r.c.ReportGeneratorConfiguration: Property 'jmeter.reportgenerator.end_date' not found, using default value 'null' instead.
2020-02-11 09:51:34,895 INFO o.a.j.r.c.ReportGeneratorConfiguration: Property 'jmeter.reportgenerator.date_format' not found, using default value 'null' instead.
2020-02-11 09:51:34,896 INFO o.a.j.r.c.ReportGeneratorConfiguration: Will use date range start date: null, end date: null
2020-02-11 09:51:34,903 INFO o.a.j.r.c.ReportGeneratorConfiguration: Property 'jmeter.reportgenerator.graph.totalTPS.exclude_controllers' not found, using default value 'false' instead.
2020-02-11 09:51:34,903 INFO o.a.j.r.c.ReportGeneratorConfiguration: Property 'jmeter.reportgenerator.graph.activeThreadsOverTime.exclude_controllers' not found, using default value 'false' instead.
2020-02-11 09:51:34,904 INFO o.a.j.r.c.ReportGeneratorConfiguration: Property 'jmeter.reportgenerator.graph.timeVsThreads.exclude_controllers' not found, using default value 'false' instead.
2020-02-11 09:51:34,904 INFO o.a.j.r.c.ReportGeneratorConfiguration: Property 'jmeter.reportgenerator.graph.responseTimeDistribution.exclude_controllers' not found, using default value 'false' instead.
2020-02-11 09:51:34,904 INFO o.a.j.r.c.ReportGeneratorConfiguration: Property 'jmeter.reportgenerator.graph.transactionsPerSecond.exclude_controllers' not found, using default value 'false' instead.
2020-02-11 09:51:34,904 INFO o.a.j.r.c.ReportGeneratorConfiguration: Property 'jmeter.reportgenerator.graph.responseTimePercentiles.exclude_controllers' not found, using default value 'false' instead.
2020-02-11 09:51:34,905 INFO o.a.j.r.c.ReportGeneratorConfiguration: Property 'jmeter.reportgenerator.graph.responseTimePercentilesOverTime.exclude_controllers' not found, using default value 'false' instead.
2020-02-11 09:51:34,905 INFO o.a.j.r.c.ReportGeneratorConfiguration: Property 'jmeter.reportgenerator.graph.responseTimesOverTime.exclude_controllers' not found, using default value 'false' instead.
2020-02-11 09:51:34,905 INFO o.a.j.r.c.ReportGeneratorConfiguration: Property 'jmeter.reportgenerator.graph.connectTimeOverTime.exclude_controllers' not found, using default value 'false' instead.
2020-02-11 09:51:34,905 INFO o.a.j.r.c.ReportGeneratorConfiguration: Property 'jmeter.reportgenerator.graph.latenciesOverTime.exclude_controllers' not found, using default value 'false' instead.
2020-02-11 09:51:34,907 INFO o.a.j.r.c.ReportGeneratorConfiguration: Property 'jmeter.reportgenerator.exporter.json.filters_only_sample_series' not found, using default value 'true' instead.
2020-02-11 09:51:34,907 INFO o.a.j.r.c.ReportGeneratorConfiguration: Property 'jmeter.reportgenerator.exporter.json.series_filter' not found, using default value '' instead.
2020-02-11 09:51:34,907 INFO o.a.j.r.c.ReportGeneratorConfiguration: Property 'jmeter.reportgenerator.exporter.json.show_controllers_only' not found, using default value 'false' instead.
2020-02-11 09:51:34,908 INFO o.a.j.r.c.ReportGeneratorConfiguration: Property 'jmeter.reportgenerator.exporter.html.filters_only_sample_series' not found, using default value 'true' instead.
2020-02-11 09:51:34,908 INFO o.a.j.r.c.ReportGeneratorConfiguration: Property 'jmeter.reportgenerator.exporter.html.series_filter' not found, using default value '' instead.
2020-02-11 09:51:34,908 INFO o.a.j.r.c.ReportGeneratorConfiguration: Property 'jmeter.reportgenerator.exporter.html.show_controllers_only' not found, using default value 'false' instead.
2020-02-11 09:51:35,129 INFO o.a.j.s.SaveService: Testplan (JMX) version: 2.2. Testlog (JTL) version: 2.2
2020-02-11 09:51:35,140 INFO o.a.j.s.SaveService: Using SaveService properties file encoding UTF-8
2020-02-11 09:51:35,148 INFO o.a.j.s.SaveService: Using SaveService properties version 5.0
2020-02-11 09:51:35,204 INFO o.a.j.r.p.NormalizerSampleConsumer: Using format, 'ms', to parse timeStamp field
2020-02-11 09:51:36,685 INFO o.a.j.r.p.AbstractSampleConsumer: class org.apache.jmeter.report.processor.AggregateConsumer#stopProducing(): beginDate produced 0 samples
2020-02-11 09:51:36,685 INFO o.a.j.r.p.AbstractSampleConsumer: class org.apache.jmeter.report.processor.AggregateConsumer#stopProducing(): endDate produced 0 samples
2020-02-11 09:51:36,688 INFO o.a.j.r.p.AbstractSampleConsumer: class org.apache.jmeter.report.processor.ApdexSummaryConsumer#stopProducing(): apdexSummary produced 0 samples
2020-02-11 09:51:36,688 INFO o.a.j.r.p.AbstractSampleConsumer: class org.apache.jmeter.report.processor.RequestsSummaryConsumer#stopProducing(): requestsSummary produced 0 samples
2020-02-11 09:51:36,705 INFO o.a.j.r.p.AbstractSampleConsumer: class org.apache.jmeter.report.processor.StatisticsSummaryConsumer#stopProducing(): statisticsSummary produced 0 samples
2020-02-11 09:51:36,724 INFO o.a.j.r.p.AbstractSampleConsumer: class org.apache.jmeter.report.processor.Top5ErrorsBySamplerConsumer#stopProducing(): top5ErrorsBySampler produced 0 samples
2020-02-11 09:51:36,725 INFO o.a.j.r.p.AbstractSampleConsumer: class org.apache.jmeter.report.processor.ErrorsSummaryConsumer#stopProducing(): errorsSummary produced 0 samples
2020-02-11 09:51:36,725 INFO o.a.j.r.p.AbstractSampleConsumer: class org.apache.jmeter.report.processor.graph.impl.HitsPerSecondGraphConsumer#stopProducing(): hitsPerSecond produced 0 samples
2020-02-11 09:51:36,965 INFO o.a.j.r.p.AbstractSampleConsumer: class org.apache.jmeter.report.processor.graph.impl.LatencyVSRequestGraphConsumer#stopProducing(): latencyVsRequest produced 0 samples
2020-02-11 09:51:36,970 INFO o.a.j.r.p.AbstractSampleConsumer: class org.apache.jmeter.report.processor.graph.impl.SyntheticResponseTimeDistributionGraphConsumer#stopProducing(): syntheticResponseTimeDistribution produced 0 samples
2020-02-11 09:51:36,971 INFO o.a.j.r.p.AbstractSampleConsumer: class org.apache.jmeter.report.processor.graph.impl.BytesThroughputGraphConsumer#stopProducing(): bytesThroughputOverTime produced 0 samples
2020-02-11 09:51:36,971 INFO o.a.j.r.p.AbstractSampleConsumer: class org.apache.jmeter.report.processor.graph.impl.CodesPerSecondGraphConsumer#stopProducing(): codesPerSecond produced 0 samples
2020-02-11 09:51:37,067 INFO o.a.j.r.p.AbstractSampleConsumer: class org.apache.jmeter.report.processor.graph.impl.ResponseTimeVSRequestGraphConsumer#stopProducing(): responseTimeVsRequest produced 0 samples
2020-02-11 09:51:37,070 INFO o.a.j.r.p.AbstractSampleConsumer: class org.apache.jmeter.report.processor.FilterConsumer#stopProducing(): startIntervalControlerFilter produced 98707 samples
2020-02-11 09:51:37,070 INFO o.a.j.r.p.AbstractSampleConsumer: class org.apache.jmeter.report.processor.graph.impl.TotalTPSGraphConsumer#stopProducing(): totalTPS produced 0 samples
2020-02-11 09:51:37,070 INFO o.a.j.r.p.AbstractSampleConsumer: class org.apache.jmeter.report.processor.graph.impl.ActiveThreadsGraphConsumer#stopProducing(): activeThreadsOverTime produced 0 samples
2020-02-11 09:51:37,070 INFO o.a.j.r.p.AbstractSampleConsumer: class org.apache.jmeter.report.processor.graph.impl.TimeVSThreadGraphConsumer#stopProducing(): timeVsThreads produced 0 samples
2020-02-11 09:51:37,072 INFO o.a.j.r.p.AbstractSampleConsumer: class org.apache.jmeter.report.processor.graph.impl.ResponseTimeDistributionGraphConsumer#stopProducing(): responseTimeDistribution produced 0 samples
2020-02-11 09:51:37,073 INFO o.a.j.r.p.AbstractSampleConsumer: class org.apache.jmeter.report.processor.graph.impl.TransactionsPerSecondGraphConsumer#stopProducing(): transactionsPerSecond produced 0 samples
2020-02-11 09:51:37,073 INFO o.a.j.r.p.AbstractSampleConsumer: class org.apache.jmeter.report.processor.graph.impl.ResponseTimePercentilesGraphConsumer#stopProducing(): responseTimePercentiles produced 0 samples
2020-02-11 09:51:37,083 INFO o.a.j.r.p.AbstractSampleConsumer: class org.apache.jmeter.report.processor.graph.impl.ResponseTimePercentilesOverTimeGraphConsumer#stopProducing(): responseTimePercentilesOverTime produced 0 samples
2020-02-11 09:51:37,085 INFO o.a.j.r.p.AbstractSampleConsumer: class org.apache.jmeter.report.processor.graph.impl.ResponseTimeOverTimeGraphConsumer#stopProducing(): responseTimesOverTime produced 0 samples
2020-02-11 09:51:37,085 INFO o.a.j.r.p.AbstractSampleConsumer: class org.apache.jmeter.report.processor.graph.impl.ConnectTimeOverTimeGraphConsumer#stopProducing(): connectTimeOverTime produced 0 samples
2020-02-11 09:51:37,086 INFO o.a.j.r.p.AbstractSampleConsumer: class org.apache.jmeter.report.processor.graph.impl.LatencyOverTimeGraphConsumer#stopProducing(): latenciesOverTime produced 0 samples
2020-02-11 09:51:37,086 INFO o.a.j.r.p.AbstractSampleConsumer: class org.apache.jmeter.report.processor.FilterConsumer#stopProducing(): nameFilter produced 231555 samples
2020-02-11 09:51:37,086 INFO o.a.j.r.p.AbstractSampleConsumer: class org.apache.jmeter.report.processor.FilterConsumer#stopProducing(): dateRangeFilter produced 46311 samples
2020-02-11 09:51:37,086 INFO o.a.j.r.p.AbstractSampleConsumer: class org.apache.jmeter.report.processor.NormalizerSampleConsumer#stopProducing(): normalizer produced 15437 samples
2020-02-11 09:51:37,087 INFO o.a.j.r.p.CsvFileSampleSource: produce(): 15437 samples produced in 1s 837 ms on channel 0
2020-02-11 09:51:37,087 INFO o.a.j.r.d.ReportGenerator: Exporting data using exporter:'json' of className:'org.apache.jmeter.report.dashboard.JsonExporter'
2020-02-11 09:51:37,090 INFO o.a.j.r.d.JsonExporter: Found data for consumer statisticsSummary in context
2020-02-11 09:51:37,091 INFO o.a.j.r.d.JsonExporter: Creating statistics for overall
2020-02-11 09:51:37,091 INFO o.a.j.r.d.JsonExporter: Creating statistics for other transactions
2020-02-11 09:51:37,092 INFO o.a.j.r.d.JsonExporter: Checking output folder
2020-02-11 09:51:37,093 INFO o.a.j.r.d.JsonExporter: Writing statistics JSON to C:\Data\Intralinks\Softwares\apache-jmeter-5.2.1\bin\test\statistics.json
2020-02-11 09:51:37,379 INFO o.a.j.r.d.ReportGenerator: Exporting data using exporter:'html' of className:'org.apache.jmeter.report.dashboard.HtmlTemplateExporter'
2020-02-11 09:51:37,385 INFO o.a.j.r.d.HtmlTemplateExporter: Will generate dashboard in folder: C:\Data\Intralinks\Softwares\apache-jmeter-5.2.1\bin\test
2020-02-11 09:51:37,597 INFO o.a.j.r.d.HtmlTemplateExporter: Report will be generated in: C:\Data\Intralinks\Softwares\apache-jmeter-5.2.1\bin\test, creating folder structure
2020-02-11 09:51:37,602 INFO o.a.j.r.d.TemplateVisitor: Copying folder from 'C:\Data\Intralinks\Softwares\apache-jmeter-5.2.1\bin\report-template' to 'C:\Data\Intralinks\Softwares\apache-jmeter-5.2.1\bin\test', got message: C:\Data\Intralinks\Softwares\apache-jmeter-5.2.1\bin\test, found non empty folder with following content [C:\Data\Intralinks\Softwares\apache-jmeter-5.2.1\bin\test\statistics.json], will be ignored
