2019-01-28 15:10:33,446 INFO o.a.j.u.JMeterUtils: Setting Locale to en_EN
2019-01-28 15:10:33,483 INFO o.a.j.JMeter: Loading user properties from: user.properties
2019-01-28 15:10:33,484 INFO o.a.j.JMeter: Loading system properties from: system.properties
2019-01-28 15:10:33,494 INFO o.a.j.JMeter: Copyright (c) 1998-2018 The Apache Software Foundation
2019-01-28 15:10:33,495 INFO o.a.j.JMeter: Version 5.0 r1840935
2019-01-28 15:10:33,495 INFO o.a.j.JMeter: java.version=10.0.1
2019-01-28 15:10:33,495 INFO o.a.j.JMeter: java.vm.name=Java HotSpot(TM) 64-Bit Server VM
2019-01-28 15:10:33,495 INFO o.a.j.JMeter: os.name=Windows 10
2019-01-28 15:10:33,495 INFO o.a.j.JMeter: os.arch=amd64
2019-01-28 15:10:33,495 INFO o.a.j.JMeter: os.version=10.0
2019-01-28 15:10:33,496 INFO o.a.j.JMeter: file.encoding=Cp1252
2019-01-28 15:10:33,496 INFO o.a.j.JMeter: Max memory     =1073741824
2019-01-28 15:10:33,496 INFO o.a.j.JMeter: Available Processors =8
2019-01-28 15:10:33,509 INFO o.a.j.JMeter: Default Locale=English (EN)
2019-01-28 15:10:33,509 INFO o.a.j.JMeter: JMeter  Locale=English (EN)
2019-01-28 15:10:33,510 INFO o.a.j.JMeter: JMeterHome=C:\jmeterALL\jmeter5
2019-01-28 15:10:33,510 INFO o.a.j.JMeter: user.dir  =C:\jmeterALL\jmeter5\bin
2019-01-28 15:10:33,510 INFO o.a.j.JMeter: PWD       =C:\jmeterALL\jmeter5\bin
2019-01-28 15:10:38,086 INFO o.a.j.JMeter: IP: 10.0.75.1 Name:  FullName: 
2019-01-28 15:10:38,509 INFO o.a.j.g.a.LookAndFeelCommand: Installing Darcula LAF
2019-01-28 15:10:38,519 INFO o.a.j.g.a.LookAndFeelCommand: Using look and feel: com.bulenkov.darcula.DarculaLaf [Darcula]
2019-01-28 15:10:38,519 INFO o.a.j.JMeter: Setting LAF to: com.bulenkov.darcula.DarculaLaf
2019-01-28 15:10:38,621 INFO o.a.j.JMeter: Loaded icon properties from org/apache/jmeter/images/icon.properties
2019-01-28 15:10:39,355 INFO o.a.j.e.u.CompoundVariable: Note: Function class names must contain the string: '.functions.'
2019-01-28 15:10:39,355 INFO o.a.j.e.u.CompoundVariable: Note: Function class names must not contain the string: '.gui.'
2019-01-28 15:10:40,739 INFO o.j.r.JARSourceHTTP: Found cached repo
2019-01-28 15:10:40,868 INFO o.j.r.PluginManager: Plugins Status: [jpgc-graphs-basic=2.0, jpgc-graphs-additional=2.0, jpgc-functions=2.1, jpgc-casutg=2.6, jpgc-dummy=0.2, jpgc-filterresults=2.2, jpgc-ffw=2.0, jpgc-httpraw=0.1, bzm-http2=1.4, jpgc-fifo=0.2, jpgc-json=2.7, jpgc-prmctl=0.4, jpgc-perfmon=2.1, jpgc-plugins-manager=1.3, bzm-random-csv=0.6, jpgc-synthesis=2.2, jpgc-tst=2.5, jmeter-core=5.0, jmeter-ftp=5.0, jmeter-http=5.0, jmeter-jdbc=5.0, jmeter-jms=5.0, jmeter-junit=5.0, jmeter-java=5.0, jmeter-ldap=5.0, jmeter-mail=5.0, jmeter-mongodb=5.0, jmeter-native=5.0, jmeter-tcp=5.0, jmeter-components=5.0, jpgc-standard=2.0]
2019-01-28 15:10:41,575 INFO o.a.j.p.h.s.HTTPSamplerBase: Parser for text/html is org.apache.jmeter.protocol.http.parser.LagartoBasedHtmlParser
2019-01-28 15:10:41,576 INFO o.a.j.p.h.s.HTTPSamplerBase: Parser for application/xhtml+xml is org.apache.jmeter.protocol.http.parser.LagartoBasedHtmlParser
2019-01-28 15:10:41,576 INFO o.a.j.p.h.s.HTTPSamplerBase: Parser for application/xml is org.apache.jmeter.protocol.http.parser.LagartoBasedHtmlParser
2019-01-28 15:10:41,577 INFO o.a.j.p.h.s.HTTPSamplerBase: Parser for text/xml is org.apache.jmeter.protocol.http.parser.LagartoBasedHtmlParser
2019-01-28 15:10:41,577 INFO o.a.j.p.h.s.HTTPSamplerBase: Parser for text/vnd.wap.wml is org.apache.jmeter.protocol.http.parser.RegexpHTMLParser
2019-01-28 15:10:41,577 INFO o.a.j.p.h.s.HTTPSamplerBase: Parser for text/css is org.apache.jmeter.protocol.http.parser.CssParser
2019-01-28 15:10:41,738 WARN o.a.j.u.JMeterUtils: no icon for toolbar/19x19arrow-right-3.png
2019-01-28 15:10:41,751 INFO o.a.j.s.SampleResult: Note: Sample TimeStamps are START times
2019-01-28 15:10:41,751 INFO o.a.j.s.SampleResult: sampleresult.default.encoding is set to ISO-8859-1
2019-01-28 15:10:41,752 INFO o.a.j.s.SampleResult: sampleresult.useNanoTime=true
2019-01-28 15:10:41,752 INFO o.a.j.s.SampleResult: sampleresult.nanoThreadSleep=5000
2019-01-28 15:10:42,077 WARN o.a.j.g.ObjectTableModel: Header count=13 but classes count=11
2019-01-28 15:10:42,077 WARN o.a.j.g.ObjectTableModel: Header count=13 but writeFunctor count=11
2019-01-28 15:10:43,501 INFO o.a.j.e.KeyToolUtils: keytool found at 'keytool'
2019-01-28 15:10:43,502 INFO o.a.j.p.h.p.ProxyControl: HTTP(S) Test Script Recorder SSL Proxy will use keys that support embedded 3rd party resources in file C:\jmeterALL\jmeter5\bin\proxyserver.jks
2019-01-28 15:10:43,719 INFO o.a.j.s.FileServer: Default base='C:\jmeterALL\jmeter5\bin'
2019-01-28 15:10:47,748 INFO o.a.j.g.a.Load: Loading file: C:\jmeterALL\SampleTests\Test Plan WebHTML.jmx
2019-01-28 15:10:47,748 INFO o.a.j.s.FileServer: Set new base='C:\jmeterALL\SampleTests'
2019-01-28 15:10:47,887 INFO o.a.j.s.SaveService: Testplan (JMX) version: 2.2. Testlog (JTL) version: 2.2
2019-01-28 15:10:47,893 INFO o.a.j.s.SaveService: Using SaveService properties version 5.0
2019-01-28 15:10:47,895 INFO o.a.j.s.SaveService: Using SaveService properties file encoding UTF-8
2019-01-28 15:10:47,897 INFO o.a.j.s.SaveService: Loading file: C:\jmeterALL\SampleTests\Test Plan WebHTML.jmx
2019-01-28 15:10:48,170 INFO o.a.j.p.h.c.CookieManager: Settings: Delete null: true Check: true Allow variable: true Save: false Prefix: COOKIE_
2019-01-28 15:10:49,370 INFO o.a.j.s.FileServer: Set new base='C:\jmeterALL\SampleTests'
2019-01-28 15:11:05,711 INFO o.a.j.e.StandardJMeterEngine: Running the test!
2019-01-28 15:11:05,712 INFO o.a.j.s.SampleEvent: List of sample_variables: []
2019-01-28 15:11:05,712 INFO o.a.j.s.SampleEvent: List of sample_variables: []
2019-01-28 15:11:05,730 INFO o.a.j.g.u.JMeterMenuBar: setRunning(true, *local*)
2019-01-28 15:11:05,819 INFO o.a.j.e.StandardJMeterEngine: Starting ThreadGroup: 1 : Thread Group
2019-01-28 15:11:05,820 INFO o.a.j.e.StandardJMeterEngine: Starting 1 threads for group Thread Group.
2019-01-28 15:11:05,820 INFO o.a.j.e.StandardJMeterEngine: Thread will continue on error
2019-01-28 15:11:05,820 INFO o.a.j.t.ThreadGroup: Starting thread group... number=1 threads=1 ramp-up=1 perThread=1000.0 delayedStart=false
2019-01-28 15:11:05,825 INFO o.a.j.t.ThreadGroup: Started thread group number 1
2019-01-28 15:11:05,825 INFO o.a.j.e.StandardJMeterEngine: All thread groups have been started
2019-01-28 15:11:05,836 INFO o.a.j.t.JMeterThread: Thread started: Thread Group 1-1
2019-01-28 15:11:05,855 INFO o.a.j.p.h.s.HTTPHCAbstractImpl: Local host = 
2019-01-28 15:11:05,860 INFO o.a.j.p.h.s.HTTPHC4Impl: HTTP request retry count = 0
2019-01-28 15:11:11,925 INFO o.a.j.t.JMeterThread: Thread is done: Thread Group 1-1
2019-01-28 15:11:11,925 INFO o.a.j.t.JMeterThread: Thread finished: Thread Group 1-1
2019-01-28 15:11:11,926 INFO o.a.j.e.StandardJMeterEngine: Notifying test listeners of end of test
2019-01-28 15:11:11,926 INFO o.a.j.g.u.JMeterMenuBar: setRunning(false, *local*)
