2012/02/23 18:01:35 INFO  - jmeter.util.JMeterUtils: Setting Locale to en_US 
2012/02/23 18:01:35 INFO  - jmeter.JMeter: Loading user properties from: C:\apache-jmeter-2.6\bin\user.properties 
2012/02/23 18:01:35 INFO  - jmeter.JMeter: Loading system properties from: C:\apache-jmeter-2.6\bin\system.properties 
2012/02/23 18:01:35 INFO  - jmeter.JMeter: Copyright (c) 1998-2012 The Apache Software Foundation 
2012/02/23 18:01:35 INFO  - jmeter.JMeter: Version 2.6 r1237317 
2012/02/23 18:01:35 INFO  - jmeter.JMeter: java.version=1.6.0_30 
2012/02/23 18:01:35 INFO  - jmeter.JMeter: java.vm.name=Java HotSpot(TM) Client VM 
2012/02/23 18:01:35 INFO  - jmeter.JMeter: os.name=Windows XP 
2012/02/23 18:01:35 INFO  - jmeter.JMeter: os.arch=x86 
2012/02/23 18:01:35 INFO  - jmeter.JMeter: os.version=5.1 
2012/02/23 18:01:35 INFO  - jmeter.JMeter: file.encoding=Cp1252 
2012/02/23 18:01:35 INFO  - jmeter.JMeter: Default Locale=English (United States) 
2012/02/23 18:01:35 INFO  - jmeter.JMeter: JMeter  Locale=English (United States) 
2012/02/23 18:01:35 INFO  - jmeter.JMeter: JMeterHome=C:\apache-jmeter-2.6 
2012/02/23 18:01:35 INFO  - jmeter.JMeter: user.dir  =C:\apache-jmeter-2.6\bin 
2012/02/23 18:01:35 INFO  - jmeter.JMeter: PWD       =C:\apache-jmeter-2.6\bin 
2012/02/23 18:01:35 INFO  - jmeter.JMeter: IP: 10.10.5.158 Name: sv-dluu FullName: sv-dluu.corp.shutterfly.com 
2012/02/23 18:01:35 DEBUG - jmeter.JMeter: ClassPath 
2012/02/23 18:01:35 DEBUG - jmeter.JMeter: ApacheJMeter.jar 
2012/02/23 18:01:35 DEBUG - jmeter.JMeter: C:\apache-jmeter-2.6\lib\activation-1.1.1.jar 
2012/02/23 18:01:35 DEBUG - jmeter.JMeter: C:\apache-jmeter-2.6\lib\avalon-framework-4.1.4.jar 
2012/02/23 18:01:35 DEBUG - jmeter.JMeter: C:\apache-jmeter-2.6\lib\bsf-2.4.0.jar 
2012/02/23 18:01:35 DEBUG - jmeter.JMeter: C:\apache-jmeter-2.6\lib\bsf-api-3.1.jar 
2012/02/23 18:01:35 DEBUG - jmeter.JMeter: C:\apache-jmeter-2.6\lib\bsh-2.0b5.jar 
2012/02/23 18:01:35 DEBUG - jmeter.JMeter: C:\apache-jmeter-2.6\lib\bshclient.jar 
2012/02/23 18:01:35 DEBUG - jmeter.JMeter: C:\apache-jmeter-2.6\lib\commons-codec-1.6.jar 
2012/02/23 18:01:35 DEBUG - jmeter.JMeter: C:\apache-jmeter-2.6\lib\commons-collections-3.2.1.jar 
2012/02/23 18:01:35 DEBUG - jmeter.JMeter: C:\apache-jmeter-2.6\lib\commons-httpclient-3.1.jar 
2012/02/23 18:01:35 DEBUG - jmeter.JMeter: C:\apache-jmeter-2.6\lib\commons-io-2.1.jar 
2012/02/23 18:01:35 DEBUG - jmeter.JMeter: C:\apache-jmeter-2.6\lib\commons-jexl-1.1.jar 
2012/02/23 18:01:35 DEBUG - jmeter.JMeter: C:\apache-jmeter-2.6\lib\commons-jexl-2.1.1.jar 
2012/02/23 18:01:35 DEBUG - jmeter.JMeter: C:\apache-jmeter-2.6\lib\commons-lang-2.6.jar 
2012/02/23 18:01:35 DEBUG - jmeter.JMeter: C:\apache-jmeter-2.6\lib\commons-logging-1.1.1.jar 
2012/02/23 18:01:35 DEBUG - jmeter.JMeter: C:\apache-jmeter-2.6\lib\commons-net-3.0.1.jar 
2012/02/23 18:01:35 DEBUG - jmeter.JMeter: C:\apache-jmeter-2.6\lib\excalibur-datasource-1.1.1.jar 
2012/02/23 18:01:35 DEBUG - jmeter.JMeter: C:\apache-jmeter-2.6\lib\excalibur-instrument-1.0.jar 
2012/02/23 18:01:35 DEBUG - jmeter.JMeter: C:\apache-jmeter-2.6\lib\excalibur-logger-1.1.jar 
2012/02/23 18:01:35 DEBUG - jmeter.JMeter: C:\apache-jmeter-2.6\lib\excalibur-pool-1.2.jar 
2012/02/23 18:01:35 DEBUG - jmeter.JMeter: C:\apache-jmeter-2.6\lib\geronimo-jms_1.1_spec-1.1.1.jar 
2012/02/23 18:01:35 DEBUG - jmeter.JMeter: C:\apache-jmeter-2.6\lib\htmllexer-2.1.jar 
2012/02/23 18:01:35 DEBUG - jmeter.JMeter: C:\apache-jmeter-2.6\lib\htmlparser-2.1.jar 
2012/02/23 18:01:35 DEBUG - jmeter.JMeter: C:\apache-jmeter-2.6\lib\httpclient-4.1.2.jar 
2012/02/23 18:01:35 DEBUG - jmeter.JMeter: C:\apache-jmeter-2.6\lib\httpcore-4.1.4.jar 
2012/02/23 18:01:35 DEBUG - jmeter.JMeter: C:\apache-jmeter-2.6\lib\httpmime-4.1.2.jar 
2012/02/23 18:01:35 DEBUG - jmeter.JMeter: C:\apache-jmeter-2.6\lib\jcharts-0.7.5.jar 
2012/02/23 18:01:35 DEBUG - jmeter.JMeter: C:\apache-jmeter-2.6\lib\jdom-1.1.2.jar 
2012/02/23 18:01:35 DEBUG - jmeter.JMeter: C:\apache-jmeter-2.6\lib\jorphan.jar 
2012/02/23 18:01:35 DEBUG - jmeter.JMeter: C:\apache-jmeter-2.6\lib\js-1.7R2.jar 
2012/02/23 18:01:35 DEBUG - jmeter.JMeter: C:\apache-jmeter-2.6\lib\jtidy-r938.jar 
2012/02/23 18:01:35 DEBUG - jmeter.JMeter: C:\apache-jmeter-2.6\lib\junit-4.10.jar 
2012/02/23 18:01:35 DEBUG - jmeter.JMeter: C:\apache-jmeter-2.6\lib\logkit-2.0.jar 
2012/02/23 18:01:35 DEBUG - jmeter.JMeter: C:\apache-jmeter-2.6\lib\mail-1.4.4.jar 
2012/02/23 18:01:35 DEBUG - jmeter.JMeter: C:\apache-jmeter-2.6\lib\oro-2.0.8.jar 
2012/02/23 18:01:35 DEBUG - jmeter.JMeter: C:\apache-jmeter-2.6\lib\serializer-2.7.1.jar 
2012/02/23 18:01:35 DEBUG - jmeter.JMeter: C:\apache-jmeter-2.6\lib\soap-2.3.1.jar 
2012/02/23 18:01:35 DEBUG - jmeter.JMeter: C:\apache-jmeter-2.6\lib\xalan-2.7.1.jar 
2012/02/23 18:01:35 DEBUG - jmeter.JMeter: C:\apache-jmeter-2.6\lib\xercesImpl-2.9.1.jar 
2012/02/23 18:01:35 DEBUG - jmeter.JMeter: C:\apache-jmeter-2.6\lib\xml-apis-1.3.04.jar 
2012/02/23 18:01:35 DEBUG - jmeter.JMeter: C:\apache-jmeter-2.6\lib\xmlgraphics-commons-1.3.1.jar 
2012/02/23 18:01:35 DEBUG - jmeter.JMeter: C:\apache-jmeter-2.6\lib\xpp3_min-1.1.4c.jar 
2012/02/23 18:01:35 DEBUG - jmeter.JMeter: C:\apache-jmeter-2.6\lib\xstream-1.3.1.jar 
2012/02/23 18:01:35 DEBUG - jmeter.JMeter: C:\apache-jmeter-2.6\lib\ext\ApacheJMeter_components.jar 
2012/02/23 18:01:35 DEBUG - jmeter.JMeter: C:\apache-jmeter-2.6\lib\ext\ApacheJMeter_core.jar 
2012/02/23 18:01:35 DEBUG - jmeter.JMeter: C:\apache-jmeter-2.6\lib\ext\ApacheJMeter_ftp.jar 
2012/02/23 18:01:35 DEBUG - jmeter.JMeter: C:\apache-jmeter-2.6\lib\ext\ApacheJMeter_functions.jar 
2012/02/23 18:01:35 DEBUG - jmeter.JMeter: C:\apache-jmeter-2.6\lib\ext\ApacheJMeter_http.jar 
2012/02/23 18:01:35 DEBUG - jmeter.JMeter: C:\apache-jmeter-2.6\lib\ext\ApacheJMeter_java.jar 
2012/02/23 18:01:35 DEBUG - jmeter.JMeter: C:\apache-jmeter-2.6\lib\ext\ApacheJMeter_jdbc.jar 
2012/02/23 18:01:35 DEBUG - jmeter.JMeter: C:\apache-jmeter-2.6\lib\ext\ApacheJMeter_jms.jar 
2012/02/23 18:01:35 DEBUG - jmeter.JMeter: C:\apache-jmeter-2.6\lib\ext\ApacheJMeter_junit.jar 
2012/02/23 18:01:35 DEBUG - jmeter.JMeter: C:\apache-jmeter-2.6\lib\ext\ApacheJMeter_ldap.jar 
2012/02/23 18:01:35 DEBUG - jmeter.JMeter: C:\apache-jmeter-2.6\lib\ext\ApacheJMeter_mail.jar 
2012/02/23 18:01:35 DEBUG - jmeter.JMeter: C:\apache-jmeter-2.6\lib\ext\ApacheJMeter_monitors.jar 
2012/02/23 18:01:35 DEBUG - jmeter.JMeter: C:\apache-jmeter-2.6\lib\ext\ApacheJMeter_report.jar 
2012/02/23 18:01:35 DEBUG - jmeter.JMeter: C:\apache-jmeter-2.6\lib\ext\ApacheJMeter_tcp.jar 
2012/02/23 18:01:35 DEBUG - jmeter.JMeter: C:\apache-jmeter-2.6\lib\junit\test.jar 
2012/02/23 18:01:35 DEBUG - jmeter.JMeter: ApacheJMeter.jar;C:\apache-jmeter-2.6\lib\activation-1.1.1.jar;C:\apache-jmeter-2.6\lib\avalon-framework-4.1.4.jar;C:\apache-jmeter-2.6\lib\bsf-2.4.0.jar;C:\apache-jmeter-2.6\lib\bsf-api-3.1.jar;C:\apache-jmeter-2.6\lib\bsh-2.0b5.jar;C:\apache-jmeter-2.6\lib\bshclient.jar;C:\apache-jmeter-2.6\lib\commons-codec-1.6.jar;C:\apache-jmeter-2.6\lib\commons-collections-3.2.1.jar;C:\apache-jmeter-2.6\lib\commons-httpclient-3.1.jar;C:\apache-jmeter-2.6\lib\commons-io-2.1.jar;C:\apache-jmeter-2.6\lib\commons-jexl-1.1.jar;C:\apache-jmeter-2.6\lib\commons-jexl-2.1.1.jar;C:\apache-jmeter-2.6\lib\commons-lang-2.6.jar;C:\apache-jmeter-2.6\lib\commons-logging-1.1.1.jar;C:\apache-jmeter-2.6\lib\commons-net-3.0.1.jar;C:\apache-jmeter-2.6\lib\excalibur-datasource-1.1.1.jar;C:\apache-jmeter-2.6\lib\excalibur-instrument-1.0.jar;C:\apache-jmeter-2.6\lib\excalibur-logger-1.1.jar;C:\apache-jmeter-2.6\lib\excalibur-pool-1.2.jar;C:\apache-jmeter-2.6\lib\geronimo-jms_1.1_spec-1.1.1.jar;C:\apache-jmeter-2.6\lib\htmllexer-2.1.jar;C:\apache-jmeter-2.6\lib\htmlparser-2.1.jar;C:\apache-jmeter-2.6\lib\httpclient-4.1.2.jar;C:\apache-jmeter-2.6\lib\httpcore-4.1.4.jar;C:\apache-jmeter-2.6\lib\httpmime-4.1.2.jar;C:\apache-jmeter-2.6\lib\jcharts-0.7.5.jar;C:\apache-jmeter-2.6\lib\jdom-1.1.2.jar;C:\apache-jmeter-2.6\lib\jorphan.jar;C:\apache-jmeter-2.6\lib\js-1.7R2.jar;C:\apache-jmeter-2.6\lib\jtidy-r938.jar;C:\apache-jmeter-2.6\lib\junit-4.10.jar;C:\apache-jmeter-2.6\lib\logkit-2.0.jar;C:\apache-jmeter-2.6\lib\mail-1.4.4.jar;C:\apache-jmeter-2.6\lib\oro-2.0.8.jar;C:\apache-jmeter-2.6\lib\serializer-2.7.1.jar;C:\apache-jmeter-2.6\lib\soap-2.3.1.jar;C:\apache-jmeter-2.6\lib\xalan-2.7.1.jar;C:\apache-jmeter-2.6\lib\xercesImpl-2.9.1.jar;C:\apache-jmeter-2.6\lib\xml-apis-1.3.04.jar;C:\apache-jmeter-2.6\lib\xmlgraphics-commons-1.3.1.jar;C:\apache-jmeter-2.6\lib\xpp3_min-1.1.4c.jar;C:\apache-jmeter-2.6\lib\xstream-1.3.1.jar;C:\apache-jmeter-2.6\lib\ext\ApacheJMeter_components.jar;C:\apache-jmeter-2.6\lib\ext\ApacheJMeter_core.jar;C:\apache-jmeter-2.6\lib\ext\ApacheJMeter_ftp.jar;C:\apache-jmeter-2.6\lib\ext\ApacheJMeter_functions.jar;C:\apache-jmeter-2.6\lib\ext\ApacheJMeter_http.jar;C:\apache-jmeter-2.6\lib\ext\ApacheJMeter_java.jar;C:\apache-jmeter-2.6\lib\ext\ApacheJMeter_jdbc.jar;C:\apache-jmeter-2.6\lib\ext\ApacheJMeter_jms.jar;C:\apache-jmeter-2.6\lib\ext\ApacheJMeter_junit.jar;C:\apache-jmeter-2.6\lib\ext\ApacheJMeter_ldap.jar;C:\apache-jmeter-2.6\lib\ext\ApacheJMeter_mail.jar;C:\apache-jmeter-2.6\lib\ext\ApacheJMeter_monitors.jar;C:\apache-jmeter-2.6\lib\ext\ApacheJMeter_report.jar;C:\apache-jmeter-2.6\lib\ext\ApacheJMeter_tcp.jar;C:\apache-jmeter-2.6\lib\junit\test.jar 
2012/02/23 18:01:35 INFO  - jmeter.JMeter: Loaded icon properties from org/apache/jmeter/images/icon.properties 
2012/02/23 18:01:36 DEBUG - jmeter.gui.AbstractJMeterGuiComponent: setting element to enabled: true 
2012/02/23 18:01:36 DEBUG - jmeter.gui.AbstractJMeterGuiComponent: setting element to enabled: true 
2012/02/23 18:01:36 DEBUG - jmeter.gui.AbstractJMeterGuiComponent: setting element to enabled: true 
2012/02/23 18:01:36 DEBUG - jorphan.reflect.ClassFinder: superclass: org.apache.jmeter.gui.action.Command 
2012/02/23 18:01:36 DEBUG - jorphan.reflect.ClassFinder: strPathsOrJars : ApacheJMeter_tcp.jar 
2012/02/23 18:01:36 DEBUG - jorphan.reflect.ClassFinder: strPathsOrJars : C:/apache-jmeter-2.6/lib/ext 
2012/02/23 18:01:36 DEBUG - jorphan.reflect.ClassFinder: strPathsOrJars : ApacheJMeter_ftp.jar 
2012/02/23 18:01:36 DEBUG - jorphan.reflect.ClassFinder: strPathsOrJars : ApacheJMeter_junit.jar 
2012/02/23 18:01:36 DEBUG - jorphan.reflect.ClassFinder: strPathsOrJars : ApacheJMeter_report.jar 
2012/02/23 18:01:36 DEBUG - jorphan.reflect.ClassFinder: strPathsOrJars : ApacheJMeter_java.jar 
2012/02/23 18:01:36 DEBUG - jorphan.reflect.ClassFinder: strPathsOrJars : ApacheJMeter_mail.jar 
2012/02/23 18:01:36 DEBUG - jorphan.reflect.ClassFinder: strPathsOrJars : ApacheJMeter_functions.jar 
2012/02/23 18:01:36 DEBUG - jorphan.reflect.ClassFinder: strPathsOrJars : ApacheJMeter_jdbc.jar 
2012/02/23 18:01:36 DEBUG - jorphan.reflect.ClassFinder: strPathsOrJars : ApacheJMeter_components.jar 
2012/02/23 18:01:36 DEBUG - jorphan.reflect.ClassFinder: strPathsOrJars : ApacheJMeter_http.jar 
2012/02/23 18:01:36 DEBUG - jorphan.reflect.ClassFinder: strPathsOrJars : ApacheJMeter_core.jar 
2012/02/23 18:01:36 DEBUG - jorphan.reflect.ClassFinder: strPathsOrJars : ApacheJMeter_monitors.jar 
2012/02/23 18:01:36 DEBUG - jorphan.reflect.ClassFinder: strPathsOrJars : ApacheJMeter_jms.jar 
2012/02/23 18:01:36 DEBUG - jorphan.reflect.ClassFinder: strPathsOrJars : ApacheJMeter_ldap.jar 
2012/02/23 18:01:36 DEBUG - jorphan.reflect.ClassFinder: Classpath = ApacheJMeter.jar;C:\apache-jmeter-2.6\lib\activation-1.1.1.jar;C:\apache-jmeter-2.6\lib\avalon-framework-4.1.4.jar;C:\apache-jmeter-2.6\lib\bsf-2.4.0.jar;C:\apache-jmeter-2.6\lib\bsf-api-3.1.jar;C:\apache-jmeter-2.6\lib\bsh-2.0b5.jar;C:\apache-jmeter-2.6\lib\bshclient.jar;C:\apache-jmeter-2.6\lib\commons-codec-1.6.jar;C:\apache-jmeter-2.6\lib\commons-collections-3.2.1.jar;C:\apache-jmeter-2.6\lib\commons-httpclient-3.1.jar;C:\apache-jmeter-2.6\lib\commons-io-2.1.jar;C:\apache-jmeter-2.6\lib\commons-jexl-1.1.jar;C:\apache-jmeter-2.6\lib\commons-jexl-2.1.1.jar;C:\apache-jmeter-2.6\lib\commons-lang-2.6.jar;C:\apache-jmeter-2.6\lib\commons-logging-1.1.1.jar;C:\apache-jmeter-2.6\lib\commons-net-3.0.1.jar;C:\apache-jmeter-2.6\lib\excalibur-datasource-1.1.1.jar;C:\apache-jmeter-2.6\lib\excalibur-instrument-1.0.jar;C:\apache-jmeter-2.6\lib\excalibur-logger-1.1.jar;C:\apache-jmeter-2.6\lib\excalibur-pool-1.2.jar;C:\apache-jmeter-2.6\lib\geronimo-jms_1.1_spec-1.1.1.jar;C:\apache-jmeter-2.6\lib\htmllexer-2.1.jar;C:\apache-jmeter-2.6\lib\htmlparser-2.1.jar;C:\apache-jmeter-2.6\lib\httpclient-4.1.2.jar;C:\apache-jmeter-2.6\lib\httpcore-4.1.4.jar;C:\apache-jmeter-2.6\lib\httpmime-4.1.2.jar;C:\apache-jmeter-2.6\lib\jcharts-0.7.5.jar;C:\apache-jmeter-2.6\lib\jdom-1.1.2.jar;C:\apache-jmeter-2.6\lib\jorphan.jar;C:\apache-jmeter-2.6\lib\js-1.7R2.jar;C:\apache-jmeter-2.6\lib\jtidy-r938.jar;C:\apache-jmeter-2.6\lib\junit-4.10.jar;C:\apache-jmeter-2.6\lib\logkit-2.0.jar;C:\apache-jmeter-2.6\lib\mail-1.4.4.jar;C:\apache-jmeter-2.6\lib\oro-2.0.8.jar;C:\apache-jmeter-2.6\lib\serializer-2.7.1.jar;C:\apache-jmeter-2.6\lib\soap-2.3.1.jar;C:\apache-jmeter-2.6\lib\xalan-2.7.1.jar;C:\apache-jmeter-2.6\lib\xercesImpl-2.9.1.jar;C:\apache-jmeter-2.6\lib\xml-apis-1.3.04.jar;C:\apache-jmeter-2.6\lib\xmlgraphics-commons-1.3.1.jar;C:\apache-jmeter-2.6\lib\xpp3_min-1.1.4c.jar;C:\apache-jmeter-2.6\lib\xstream-1.3.1.jar;C:\apache-jmeter-2.6\lib\ext\ApacheJMeter_components.jar;C:\apache-jmeter-2.6\lib\ext\ApacheJMeter_core.jar;C:\apache-jmeter-2.6\lib\ext\ApacheJMeter_ftp.jar;C:\apache-jmeter-2.6\lib\ext\ApacheJMeter_functions.jar;C:\apache-jmeter-2.6\lib\ext\ApacheJMeter_http.jar;C:\apache-jmeter-2.6\lib\ext\ApacheJMeter_java.jar;C:\apache-jmeter-2.6\lib\ext\ApacheJMeter_jdbc.jar;C:\apache-jmeter-2.6\lib\ext\ApacheJMeter_jms.jar;C:\apache-jmeter-2.6\lib\ext\ApacheJMeter_junit.jar;C:\apache-jmeter-2.6\lib\ext\ApacheJMeter_ldap.jar;C:\apache-jmeter-2.6\lib\ext\ApacheJMeter_mail.jar;C:\apache-jmeter-2.6\lib\ext\ApacheJMeter_monitors.jar;C:\apache-jmeter-2.6\lib\ext\ApacheJMeter_report.jar;C:\apache-jmeter-2.6\lib\ext\ApacheJMeter_tcp.jar;C:\apache-jmeter-2.6\lib\junit\test.jar 
2012/02/23 18:01:36 DEBUG - jorphan.reflect.ClassFinder: strPathsOrJars[0] : ApacheJMeter_tcp.jar 
2012/02/23 18:01:36 DEBUG - jorphan.reflect.ClassFinder: strPathsOrJars[1] : C:/apache-jmeter-2.6/lib/ext 
2012/02/23 18:01:36 DEBUG - jorphan.reflect.ClassFinder: strPathsOrJars[2] : ApacheJMeter_ftp.jar 
2012/02/23 18:01:36 DEBUG - jorphan.reflect.ClassFinder: strPathsOrJars[3] : ApacheJMeter_junit.jar 
2012/02/23 18:01:36 DEBUG - jorphan.reflect.ClassFinder: strPathsOrJars[4] : ApacheJMeter_report.jar 
2012/02/23 18:01:36 DEBUG - jorphan.reflect.ClassFinder: strPathsOrJars[5] : ApacheJMeter_java.jar 
2012/02/23 18:01:36 DEBUG - jorphan.reflect.ClassFinder: strPathsOrJars[6] : ApacheJMeter_mail.jar 
2012/02/23 18:01:36 DEBUG - jorphan.reflect.ClassFinder: strPathsOrJars[7] : ApacheJMeter_functions.jar 
2012/02/23 18:01:36 DEBUG - jorphan.reflect.ClassFinder: strPathsOrJars[8] : ApacheJMeter_jdbc.jar 
2012/02/23 18:01:36 DEBUG - jorphan.reflect.ClassFinder: strPathsOrJars[9] : ApacheJMeter_components.jar 
2012/02/23 18:01:36 DEBUG - jorphan.reflect.ClassFinder: strPathsOrJars[10] : ApacheJMeter_http.jar 
2012/02/23 18:01:36 DEBUG - jorphan.reflect.ClassFinder: strPathsOrJars[11] : ApacheJMeter_core.jar 
2012/02/23 18:01:36 DEBUG - jorphan.reflect.ClassFinder: strPathsOrJars[12] : ApacheJMeter_monitors.jar 
2012/02/23 18:01:36 DEBUG - jorphan.reflect.ClassFinder: strPathsOrJars[13] : ApacheJMeter_jms.jar 
2012/02/23 18:01:36 DEBUG - jorphan.reflect.ClassFinder: strPathsOrJars[14] : ApacheJMeter_ldap.jar 
2012/02/23 18:01:36 DEBUG - jorphan.reflect.ClassFinder: Did not find: ApacheJMeter.jar 
2012/02/23 18:01:36 DEBUG - jorphan.reflect.ClassFinder: Did not find: C:/apache-jmeter-2.6/lib/activation-1.1.1.jar 
2012/02/23 18:01:36 DEBUG - jorphan.reflect.ClassFinder: Did not find: C:/apache-jmeter-2.6/lib/avalon-framework-4.1.4.jar 
2012/02/23 18:01:36 DEBUG - jorphan.reflect.ClassFinder: Did not find: C:/apache-jmeter-2.6/lib/bsf-2.4.0.jar 
2012/02/23 18:01:36 DEBUG - jorphan.reflect.ClassFinder: Did not find: C:/apache-jmeter-2.6/lib/bsf-api-3.1.jar 
2012/02/23 18:01:36 DEBUG - jorphan.reflect.ClassFinder: Did not find: C:/apache-jmeter-2.6/lib/bsh-2.0b5.jar 
2012/02/23 18:01:36 DEBUG - jorphan.reflect.ClassFinder: Did not find: C:/apache-jmeter-2.6/lib/bshclient.jar 
2012/02/23 18:01:36 DEBUG - jorphan.reflect.ClassFinder: Did not find: C:/apache-jmeter-2.6/lib/commons-codec-1.6.jar 
2012/02/23 18:01:36 DEBUG - jorphan.reflect.ClassFinder: Did not find: C:/apache-jmeter-2.6/lib/commons-collections-3.2.1.jar 
2012/02/23 18:01:36 DEBUG - jorphan.reflect.ClassFinder: Did not find: C:/apache-jmeter-2.6/lib/commons-httpclient-3.1.jar 
2012/02/23 18:01:36 DEBUG - jorphan.reflect.ClassFinder: Did not find: C:/apache-jmeter-2.6/lib/commons-io-2.1.jar 
2012/02/23 18:01:36 DEBUG - jorphan.reflect.ClassFinder: Did not find: C:/apache-jmeter-2.6/lib/commons-jexl-1.1.jar 
2012/02/23 18:01:36 DEBUG - jorphan.reflect.ClassFinder: Did not find: C:/apache-jmeter-2.6/lib/commons-jexl-2.1.1.jar 
2012/02/23 18:01:36 DEBUG - jorphan.reflect.ClassFinder: Did not find: C:/apache-jmeter-2.6/lib/commons-lang-2.6.jar 
2012/02/23 18:01:36 DEBUG - jorphan.reflect.ClassFinder: Did not find: C:/apache-jmeter-2.6/lib/commons-logging-1.1.1.jar 
2012/02/23 18:01:36 DEBUG - jorphan.reflect.ClassFinder: Did not find: C:/apache-jmeter-2.6/lib/commons-net-3.0.1.jar 
2012/02/23 18:01:36 DEBUG - jorphan.reflect.ClassFinder: Did not find: C:/apache-jmeter-2.6/lib/excalibur-datasource-1.1.1.jar 
2012/02/23 18:01:36 DEBUG - jorphan.reflect.ClassFinder: Did not find: C:/apache-jmeter-2.6/lib/excalibur-instrument-1.0.jar 
2012/02/23 18:01:36 DEBUG - jorphan.reflect.ClassFinder: Did not find: C:/apache-jmeter-2.6/lib/excalibur-logger-1.1.jar 
2012/02/23 18:01:36 DEBUG - jorphan.reflect.ClassFinder: Did not find: C:/apache-jmeter-2.6/lib/excalibur-pool-1.2.jar 
2012/02/23 18:01:36 DEBUG - jorphan.reflect.ClassFinder: Did not find: C:/apache-jmeter-2.6/lib/geronimo-jms_1.1_spec-1.1.1.jar 
2012/02/23 18:01:36 DEBUG - jorphan.reflect.ClassFinder: Did not find: C:/apache-jmeter-2.6/lib/htmllexer-2.1.jar 
2012/02/23 18:01:36 DEBUG - jorphan.reflect.ClassFinder: Did not find: C:/apache-jmeter-2.6/lib/htmlparser-2.1.jar 
2012/02/23 18:01:36 DEBUG - jorphan.reflect.ClassFinder: Did not find: C:/apache-jmeter-2.6/lib/httpclient-4.1.2.jar 
2012/02/23 18:01:36 DEBUG - jorphan.reflect.ClassFinder: Did not find: C:/apache-jmeter-2.6/lib/httpcore-4.1.4.jar 
2012/02/23 18:01:36 DEBUG - jorphan.reflect.ClassFinder: Did not find: C:/apache-jmeter-2.6/lib/httpmime-4.1.2.jar 
2012/02/23 18:01:36 DEBUG - jorphan.reflect.ClassFinder: Did not find: C:/apache-jmeter-2.6/lib/jcharts-0.7.5.jar 
2012/02/23 18:01:36 DEBUG - jorphan.reflect.ClassFinder: Did not find: C:/apache-jmeter-2.6/lib/jdom-1.1.2.jar 
2012/02/23 18:01:36 DEBUG - jorphan.reflect.ClassFinder: Did not find: C:/apache-jmeter-2.6/lib/jorphan.jar 
2012/02/23 18:01:36 DEBUG - jorphan.reflect.ClassFinder: Did not find: C:/apache-jmeter-2.6/lib/js-1.7R2.jar 
2012/02/23 18:01:36 DEBUG - jorphan.reflect.ClassFinder: Did not find: C:/apache-jmeter-2.6/lib/jtidy-r938.jar 
2012/02/23 18:01:36 DEBUG - jorphan.reflect.ClassFinder: Did not find: C:/apache-jmeter-2.6/lib/junit-4.10.jar 
2012/02/23 18:01:36 DEBUG - jorphan.reflect.ClassFinder: Did not find: C:/apache-jmeter-2.6/lib/logkit-2.0.jar 
2012/02/23 18:01:36 DEBUG - jorphan.reflect.ClassFinder: Did not find: C:/apache-jmeter-2.6/lib/mail-1.4.4.jar 
2012/02/23 18:01:36 DEBUG - jorphan.reflect.ClassFinder: Did not find: C:/apache-jmeter-2.6/lib/oro-2.0.8.jar 
2012/02/23 18:01:36 DEBUG - jorphan.reflect.ClassFinder: Did not find: C:/apache-jmeter-2.6/lib/serializer-2.7.1.jar 
2012/02/23 18:01:36 DEBUG - jorphan.reflect.ClassFinder: Did not find: C:/apache-jmeter-2.6/lib/soap-2.3.1.jar 
2012/02/23 18:01:36 DEBUG - jorphan.reflect.ClassFinder: Did not find: C:/apache-jmeter-2.6/lib/xalan-2.7.1.jar 
2012/02/23 18:01:36 DEBUG - jorphan.reflect.ClassFinder: Did not find: C:/apache-jmeter-2.6/lib/xercesImpl-2.9.1.jar 
2012/02/23 18:01:36 DEBUG - jorphan.reflect.ClassFinder: Did not find: C:/apache-jmeter-2.6/lib/xml-apis-1.3.04.jar 
2012/02/23 18:01:36 DEBUG - jorphan.reflect.ClassFinder: Did not find: C:/apache-jmeter-2.6/lib/xmlgraphics-commons-1.3.1.jar 
2012/02/23 18:01:36 DEBUG - jorphan.reflect.ClassFinder: Did not find: C:/apache-jmeter-2.6/lib/xpp3_min-1.1.4c.jar 
2012/02/23 18:01:36 DEBUG - jorphan.reflect.ClassFinder: Did not find: C:/apache-jmeter-2.6/lib/xstream-1.3.1.jar 
2012/02/23 18:01:36 DEBUG - jorphan.reflect.ClassFinder: Adding C:/apache-jmeter-2.6/lib/ext/ApacheJMeter_components.jar found at 9 
2012/02/23 18:01:36 DEBUG - jorphan.reflect.ClassFinder: Adding C:/apache-jmeter-2.6/lib/ext/ApacheJMeter_core.jar found at 11 
2012/02/23 18:01:36 DEBUG - jorphan.reflect.ClassFinder: Adding C:/apache-jmeter-2.6/lib/ext/ApacheJMeter_ftp.jar found at 2 
2012/02/23 18:01:36 DEBUG - jorphan.reflect.ClassFinder: Adding C:/apache-jmeter-2.6/lib/ext/ApacheJMeter_functions.jar found at 7 
2012/02/23 18:01:36 DEBUG - jorphan.reflect.ClassFinder: Adding C:/apache-jmeter-2.6/lib/ext/ApacheJMeter_http.jar found at 10 
2012/02/23 18:01:36 DEBUG - jorphan.reflect.ClassFinder: Adding C:/apache-jmeter-2.6/lib/ext/ApacheJMeter_java.jar found at 5 
2012/02/23 18:01:36 DEBUG - jorphan.reflect.ClassFinder: Adding C:/apache-jmeter-2.6/lib/ext/ApacheJMeter_jdbc.jar found at 8 
2012/02/23 18:01:36 DEBUG - jorphan.reflect.ClassFinder: Adding C:/apache-jmeter-2.6/lib/ext/ApacheJMeter_jms.jar found at 13 
2012/02/23 18:01:36 DEBUG - jorphan.reflect.ClassFinder: Adding C:/apache-jmeter-2.6/lib/ext/ApacheJMeter_junit.jar found at 3 
2012/02/23 18:01:36 DEBUG - jorphan.reflect.ClassFinder: Adding C:/apache-jmeter-2.6/lib/ext/ApacheJMeter_ldap.jar found at 14 
2012/02/23 18:01:36 DEBUG - jorphan.reflect.ClassFinder: Adding C:/apache-jmeter-2.6/lib/ext/ApacheJMeter_mail.jar found at 6 
2012/02/23 18:01:36 DEBUG - jorphan.reflect.ClassFinder: Adding C:/apache-jmeter-2.6/lib/ext/ApacheJMeter_monitors.jar found at 12 
2012/02/23 18:01:36 DEBUG - jorphan.reflect.ClassFinder: Adding C:/apache-jmeter-2.6/lib/ext/ApacheJMeter_report.jar found at 4 
2012/02/23 18:01:36 DEBUG - jorphan.reflect.ClassFinder: Adding C:/apache-jmeter-2.6/lib/ext/ApacheJMeter_tcp.jar found at 0 
2012/02/23 18:01:36 DEBUG - jorphan.reflect.ClassFinder: Did not find: C:/apache-jmeter-2.6/lib/junit/test.jar 
2012/02/23 18:01:36 DEBUG - jorphan.reflect.ClassFinder: listPaths : C:/apache-jmeter-2.6/lib/ext/ApacheJMeter_components.jar 
2012/02/23 18:01:36 DEBUG - jorphan.reflect.ClassFinder: listPaths : C:/apache-jmeter-2.6/lib/ext/ApacheJMeter_core.jar 
2012/02/23 18:01:36 DEBUG - jorphan.reflect.ClassFinder: listPaths : C:/apache-jmeter-2.6/lib/ext/ApacheJMeter_ftp.jar 
2012/02/23 18:01:36 DEBUG - jorphan.reflect.ClassFinder: listPaths : C:/apache-jmeter-2.6/lib/ext/ApacheJMeter_functions.jar 
2012/02/23 18:01:36 DEBUG - jorphan.reflect.ClassFinder: listPaths : C:/apache-jmeter-2.6/lib/ext/ApacheJMeter_http.jar 
2012/02/23 18:01:36 DEBUG - jorphan.reflect.ClassFinder: listPaths : C:/apache-jmeter-2.6/lib/ext/ApacheJMeter_java.jar 
2012/02/23 18:01:36 DEBUG - jorphan.reflect.ClassFinder: listPaths : C:/apache-jmeter-2.6/lib/ext/ApacheJMeter_jdbc.jar 
2012/02/23 18:01:36 DEBUG - jorphan.reflect.ClassFinder: listPaths : C:/apache-jmeter-2.6/lib/ext/ApacheJMeter_jms.jar 
2012/02/23 18:01:36 DEBUG - jorphan.reflect.ClassFinder: listPaths : C:/apache-jmeter-2.6/lib/ext/ApacheJMeter_junit.jar 
2012/02/23 18:01:36 DEBUG - jorphan.reflect.ClassFinder: listPaths : C:/apache-jmeter-2.6/lib/ext/ApacheJMeter_ldap.jar 
2012/02/23 18:01:36 DEBUG - jorphan.reflect.ClassFinder: listPaths : C:/apache-jmeter-2.6/lib/ext/ApacheJMeter_mail.jar 
2012/02/23 18:01:36 DEBUG - jorphan.reflect.ClassFinder: listPaths : C:/apache-jmeter-2.6/lib/ext/ApacheJMeter_monitors.jar 
2012/02/23 18:01:36 DEBUG - jorphan.reflect.ClassFinder: listPaths : C:/apache-jmeter-2.6/lib/ext/ApacheJMeter_report.jar 
2012/02/23 18:01:36 DEBUG - jorphan.reflect.ClassFinder: listPaths : C:/apache-jmeter-2.6/lib/ext/ApacheJMeter_tcp.jar 
2012/02/23 18:01:36 DEBUG - jorphan.reflect.ClassFinder: listClasses.size()=54 
2012/02/23 18:01:36 DEBUG - jorphan.reflect.ClassFinder: listClasses : org.apache.jmeter.gui.action.AboutCommand 
2012/02/23 18:01:36 DEBUG - jorphan.reflect.ClassFinder: listClasses : org.apache.jmeter.gui.action.AddParent 
2012/02/23 18:01:36 DEBUG - jorphan.reflect.ClassFinder: listClasses : org.apache.jmeter.gui.action.AddToTree 
2012/02/23 18:01:36 DEBUG - jorphan.reflect.ClassFinder: listClasses : org.apache.jmeter.gui.action.Analyze 
2012/02/23 18:01:36 DEBUG - jorphan.reflect.ClassFinder: listClasses : org.apache.jmeter.gui.action.ChangeLanguage 
2012/02/23 18:01:36 DEBUG - jorphan.reflect.ClassFinder: listClasses : org.apache.jmeter.gui.action.ChangeParent 
2012/02/23 18:01:36 DEBUG - jorphan.reflect.ClassFinder: listClasses : org.apache.jmeter.gui.action.CheckDirty 
2012/02/23 18:01:36 DEBUG - jorphan.reflect.ClassFinder: listClasses : org.apache.jmeter.gui.action.Clear 
2012/02/23 18:01:36 DEBUG - jorphan.reflect.ClassFinder: listClasses : org.apache.jmeter.gui.action.Close 
2012/02/23 18:01:36 DEBUG - jorphan.reflect.ClassFinder: listClasses : org.apache.jmeter.gui.action.CollapseExpand 
2012/02/23 18:01:36 DEBUG - jorphan.reflect.ClassFinder: listClasses : org.apache.jmeter.gui.action.Copy 
2012/02/23 18:01:36 DEBUG - jorphan.reflect.ClassFinder: listClasses : org.apache.jmeter.gui.action.CreateFunctionDialog 
2012/02/23 18:01:36 DEBUG - jorphan.reflect.ClassFinder: listClasses : org.apache.jmeter.gui.action.Cut 
2012/02/23 18:01:36 DEBUG - jorphan.reflect.ClassFinder: listClasses : org.apache.jmeter.gui.action.DragNDrop 
2012/02/23 18:01:36 DEBUG - jorphan.reflect.ClassFinder: listClasses : org.apache.jmeter.gui.action.Duplicate 
2012/02/23 18:01:36 DEBUG - jorphan.reflect.ClassFinder: listClasses : org.apache.jmeter.gui.action.EditCommand 
2012/02/23 18:01:36 DEBUG - jorphan.reflect.ClassFinder: listClasses : org.apache.jmeter.gui.action.EnableComponent 
2012/02/23 18:01:36 DEBUG - jorphan.reflect.ClassFinder: listClasses : org.apache.jmeter.gui.action.ExitCommand 
2012/02/23 18:01:36 DEBUG - jorphan.reflect.ClassFinder: listClasses : org.apache.jmeter.gui.action.Help 
2012/02/23 18:01:36 DEBUG - jorphan.reflect.ClassFinder: listClasses : org.apache.jmeter.gui.action.Load 
2012/02/23 18:01:36 DEBUG - jorphan.reflect.ClassFinder: listClasses : org.apache.jmeter.gui.action.LoadRecentProject 
2012/02/23 18:01:36 DEBUG - jorphan.reflect.ClassFinder: listClasses : org.apache.jmeter.gui.action.LoggerPanelEnableDisable 
2012/02/23 18:01:36 DEBUG - jorphan.reflect.ClassFinder: listClasses : org.apache.jmeter.gui.action.LookAndFeelCommand 
2012/02/23 18:01:36 DEBUG - jorphan.reflect.ClassFinder: listClasses : org.apache.jmeter.gui.action.Paste 
2012/02/23 18:01:36 DEBUG - jorphan.reflect.ClassFinder: listClasses : org.apache.jmeter.gui.action.RemoteStart 
2012/02/23 18:01:36 DEBUG - jorphan.reflect.ClassFinder: listClasses : org.apache.jmeter.gui.action.Remove 
2012/02/23 18:01:36 DEBUG - jorphan.reflect.ClassFinder: listClasses : org.apache.jmeter.gui.action.ResetSearchCommand 
2012/02/23 18:01:36 DEBUG - jorphan.reflect.ClassFinder: listClasses : org.apache.jmeter.gui.action.RevertProject 
2012/02/23 18:01:36 DEBUG - jorphan.reflect.ClassFinder: listClasses : org.apache.jmeter.gui.action.SSLManagerCommand 
2012/02/23 18:01:36 DEBUG - jorphan.reflect.ClassFinder: listClasses : org.apache.jmeter.gui.action.Save 
2012/02/23 18:01:36 DEBUG - jorphan.reflect.ClassFinder: listClasses : org.apache.jmeter.gui.action.SaveGraphics 
2012/02/23 18:01:36 DEBUG - jorphan.reflect.ClassFinder: listClasses : org.apache.jmeter.gui.action.SearchTreeCommand 
2012/02/23 18:01:36 DEBUG - jorphan.reflect.ClassFinder: listClasses : org.apache.jmeter.gui.action.Start 
2012/02/23 18:01:36 DEBUG - jorphan.reflect.ClassFinder: listClasses : org.apache.jmeter.gui.action.StopStoppables 
2012/02/23 18:01:36 DEBUG - jorphan.reflect.ClassFinder: listClasses : org.apache.jmeter.gui.action.ToolBar 
2012/02/23 18:01:36 DEBUG - jorphan.reflect.ClassFinder: listClasses : org.apache.jmeter.gui.action.What 
2012/02/23 18:01:36 DEBUG - jorphan.reflect.ClassFinder: listClasses : org.apache.jmeter.report.gui.action.ReportAddParent 
2012/02/23 18:01:36 DEBUG - jorphan.reflect.ClassFinder: listClasses : org.apache.jmeter.report.gui.action.ReportAddToTree 
2012/02/23 18:01:36 DEBUG - jorphan.reflect.ClassFinder: listClasses : org.apache.jmeter.report.gui.action.ReportCheckDirty 
2012/02/23 18:01:36 DEBUG - jorphan.reflect.ClassFinder: listClasses : org.apache.jmeter.report.gui.action.ReportClose 
2012/02/23 18:01:36 DEBUG - jorphan.reflect.ClassFinder: listClasses : org.apache.jmeter.report.gui.action.ReportCopy 
2012/02/23 18:01:36 DEBUG - jorphan.reflect.ClassFinder: listClasses : org.apache.jmeter.report.gui.action.ReportCut 
2012/02/23 18:01:36 DEBUG - jorphan.reflect.ClassFinder: listClasses : org.apache.jmeter.report.gui.action.ReportDragNDrop 
2012/02/23 18:01:36 DEBUG - jorphan.reflect.ClassFinder: listClasses : org.apache.jmeter.report.gui.action.ReportEditCommand 
2012/02/23 18:01:36 DEBUG - jorphan.reflect.ClassFinder: listClasses : org.apache.jmeter.report.gui.action.ReportEnableComponent 
2012/02/23 18:01:36 DEBUG - jorphan.reflect.ClassFinder: listClasses : org.apache.jmeter.report.gui.action.ReportExitCommand 
2012/02/23 18:01:36 DEBUG - jorphan.reflect.ClassFinder: listClasses : org.apache.jmeter.report.gui.action.ReportHelp 
2012/02/23 18:01:36 DEBUG - jorphan.reflect.ClassFinder: listClasses : org.apache.jmeter.report.gui.action.ReportLoad 
2012/02/23 18:01:36 DEBUG - jorphan.reflect.ClassFinder: listClasses : org.apache.jmeter.report.gui.action.ReportLookAndFeelCommand 
2012/02/23 18:01:36 DEBUG - jorphan.reflect.ClassFinder: listClasses : org.apache.jmeter.report.gui.action.ReportPaste 
2012/02/23 18:01:36 DEBUG - jorphan.reflect.ClassFinder: listClasses : org.apache.jmeter.report.gui.action.ReportRemove 
2012/02/23 18:01:36 DEBUG - jorphan.reflect.ClassFinder: listClasses : org.apache.jmeter.report.gui.action.ReportSave 
2012/02/23 18:01:36 DEBUG - jorphan.reflect.ClassFinder: listClasses : org.apache.jmeter.report.gui.action.ReportSaveGraphics 
2012/02/23 18:01:36 DEBUG - jorphan.reflect.ClassFinder: listClasses : org.apache.jmeter.report.gui.action.ReportStart 
2012/02/23 18:01:36 DEBUG - jorphan.reflect.ClassFinder: superclass: org.apache.jmeter.functions.Function 
2012/02/23 18:01:36 DEBUG - jorphan.reflect.ClassFinder: strPathsOrJars : ApacheJMeter_tcp.jar 
2012/02/23 18:01:36 DEBUG - jorphan.reflect.ClassFinder: strPathsOrJars : C:/apache-jmeter-2.6/lib/ext 
2012/02/23 18:01:36 DEBUG - jorphan.reflect.ClassFinder: strPathsOrJars : ApacheJMeter_ftp.jar 
2012/02/23 18:01:36 DEBUG - jorphan.reflect.ClassFinder: strPathsOrJars : ApacheJMeter_junit.jar 
2012/02/23 18:01:36 DEBUG - jorphan.reflect.ClassFinder: strPathsOrJars : ApacheJMeter_report.jar 
2012/02/23 18:01:36 DEBUG - jorphan.reflect.ClassFinder: strPathsOrJars : ApacheJMeter_java.jar 
2012/02/23 18:01:36 DEBUG - jorphan.reflect.ClassFinder: strPathsOrJars : ApacheJMeter_mail.jar 
2012/02/23 18:01:36 DEBUG - jorphan.reflect.ClassFinder: strPathsOrJars : ApacheJMeter_functions.jar 
2012/02/23 18:01:36 DEBUG - jorphan.reflect.ClassFinder: strPathsOrJars : ApacheJMeter_jdbc.jar 
2012/02/23 18:01:36 DEBUG - jorphan.reflect.ClassFinder: strPathsOrJars : ApacheJMeter_components.jar 
2012/02/23 18:01:36 DEBUG - jorphan.reflect.ClassFinder: strPathsOrJars : ApacheJMeter_http.jar 
2012/02/23 18:01:36 DEBUG - jorphan.reflect.ClassFinder: strPathsOrJars : ApacheJMeter_core.jar 
2012/02/23 18:01:36 DEBUG - jorphan.reflect.ClassFinder: strPathsOrJars : ApacheJMeter_monitors.jar 
2012/02/23 18:01:36 DEBUG - jorphan.reflect.ClassFinder: strPathsOrJars : ApacheJMeter_jms.jar 
2012/02/23 18:01:36 DEBUG - jorphan.reflect.ClassFinder: strPathsOrJars : ApacheJMeter_ldap.jar 
2012/02/23 18:01:36 DEBUG - jorphan.reflect.ClassFinder: Classpath = ApacheJMeter.jar;C:\apache-jmeter-2.6\lib\activation-1.1.1.jar;C:\apache-jmeter-2.6\lib\avalon-framework-4.1.4.jar;C:\apache-jmeter-2.6\lib\bsf-2.4.0.jar;C:\apache-jmeter-2.6\lib\bsf-api-3.1.jar;C:\apache-jmeter-2.6\lib\bsh-2.0b5.jar;C:\apache-jmeter-2.6\lib\bshclient.jar;C:\apache-jmeter-2.6\lib\commons-codec-1.6.jar;C:\apache-jmeter-2.6\lib\commons-collections-3.2.1.jar;C:\apache-jmeter-2.6\lib\commons-httpclient-3.1.jar;C:\apache-jmeter-2.6\lib\commons-io-2.1.jar;C:\apache-jmeter-2.6\lib\commons-jexl-1.1.jar;C:\apache-jmeter-2.6\lib\commons-jexl-2.1.1.jar;C:\apache-jmeter-2.6\lib\commons-lang-2.6.jar;C:\apache-jmeter-2.6\lib\commons-logging-1.1.1.jar;C:\apache-jmeter-2.6\lib\commons-net-3.0.1.jar;C:\apache-jmeter-2.6\lib\excalibur-datasource-1.1.1.jar;C:\apache-jmeter-2.6\lib\excalibur-instrument-1.0.jar;C:\apache-jmeter-2.6\lib\excalibur-logger-1.1.jar;C:\apache-jmeter-2.6\lib\excalibur-pool-1.2.jar;C:\apache-jmeter-2.6\lib\geronimo-jms_1.1_spec-1.1.1.jar;C:\apache-jmeter-2.6\lib\htmllexer-2.1.jar;C:\apache-jmeter-2.6\lib\htmlparser-2.1.jar;C:\apache-jmeter-2.6\lib\httpclient-4.1.2.jar;C:\apache-jmeter-2.6\lib\httpcore-4.1.4.jar;C:\apache-jmeter-2.6\lib\httpmime-4.1.2.jar;C:\apache-jmeter-2.6\lib\jcharts-0.7.5.jar;C:\apache-jmeter-2.6\lib\jdom-1.1.2.jar;C:\apache-jmeter-2.6\lib\jorphan.jar;C:\apache-jmeter-2.6\lib\js-1.7R2.jar;C:\apache-jmeter-2.6\lib\jtidy-r938.jar;C:\apache-jmeter-2.6\lib\junit-4.10.jar;C:\apache-jmeter-2.6\lib\logkit-2.0.jar;C:\apache-jmeter-2.6\lib\mail-1.4.4.jar;C:\apache-jmeter-2.6\lib\oro-2.0.8.jar;C:\apache-jmeter-2.6\lib\serializer-2.7.1.jar;C:\apache-jmeter-2.6\lib\soap-2.3.1.jar;C:\apache-jmeter-2.6\lib\xalan-2.7.1.jar;C:\apache-jmeter-2.6\lib\xercesImpl-2.9.1.jar;C:\apache-jmeter-2.6\lib\xml-apis-1.3.04.jar;C:\apache-jmeter-2.6\lib\xmlgraphics-commons-1.3.1.jar;C:\apache-jmeter-2.6\lib\xpp3_min-1.1.4c.jar;C:\apache-jmeter-2.6\lib\xstream-1.3.1.jar;C:\apache-jmeter-2.6\lib\ext\ApacheJMeter_components.jar;C:\apache-jmeter-2.6\lib\ext\ApacheJMeter_core.jar;C:\apache-jmeter-2.6\lib\ext\ApacheJMeter_ftp.jar;C:\apache-jmeter-2.6\lib\ext\ApacheJMeter_functions.jar;C:\apache-jmeter-2.6\lib\ext\ApacheJMeter_http.jar;C:\apache-jmeter-2.6\lib\ext\ApacheJMeter_java.jar;C:\apache-jmeter-2.6\lib\ext\ApacheJMeter_jdbc.jar;C:\apache-jmeter-2.6\lib\ext\ApacheJMeter_jms.jar;C:\apache-jmeter-2.6\lib\ext\ApacheJMeter_junit.jar;C:\apache-jmeter-2.6\lib\ext\ApacheJMeter_ldap.jar;C:\apache-jmeter-2.6\lib\ext\ApacheJMeter_mail.jar;C:\apache-jmeter-2.6\lib\ext\ApacheJMeter_monitors.jar;C:\apache-jmeter-2.6\lib\ext\ApacheJMeter_report.jar;C:\apache-jmeter-2.6\lib\ext\ApacheJMeter_tcp.jar;C:\apache-jmeter-2.6\lib\junit\test.jar 
2012/02/23 18:01:36 DEBUG - jorphan.reflect.ClassFinder: strPathsOrJars[0] : ApacheJMeter_tcp.jar 
2012/02/23 18:01:36 DEBUG - jorphan.reflect.ClassFinder: strPathsOrJars[1] : C:/apache-jmeter-2.6/lib/ext 
2012/02/23 18:01:36 DEBUG - jorphan.reflect.ClassFinder: strPathsOrJars[2] : ApacheJMeter_ftp.jar 
2012/02/23 18:01:36 DEBUG - jorphan.reflect.ClassFinder: strPathsOrJars[3] : ApacheJMeter_junit.jar 
2012/02/23 18:01:36 DEBUG - jorphan.reflect.ClassFinder: strPathsOrJars[4] : ApacheJMeter_report.jar 
2012/02/23 18:01:36 DEBUG - jorphan.reflect.ClassFinder: strPathsOrJars[5] : ApacheJMeter_java.jar 
2012/02/23 18:01:36 DEBUG - jorphan.reflect.ClassFinder: strPathsOrJars[6] : ApacheJMeter_mail.jar 
2012/02/23 18:01:36 DEBUG - jorphan.reflect.ClassFinder: strPathsOrJars[7] : ApacheJMeter_functions.jar 
2012/02/23 18:01:36 DEBUG - jorphan.reflect.ClassFinder: strPathsOrJars[8] : ApacheJMeter_jdbc.jar 
2012/02/23 18:01:36 DEBUG - jorphan.reflect.ClassFinder: strPathsOrJars[9] : ApacheJMeter_components.jar 
2012/02/23 18:01:36 DEBUG - jorphan.reflect.ClassFinder: strPathsOrJars[10] : ApacheJMeter_http.jar 
2012/02/23 18:01:36 DEBUG - jorphan.reflect.ClassFinder: strPathsOrJars[11] : ApacheJMeter_core.jar 
2012/02/23 18:01:36 DEBUG - jorphan.reflect.ClassFinder: strPathsOrJars[12] : ApacheJMeter_monitors.jar 
2012/02/23 18:01:36 DEBUG - jorphan.reflect.ClassFinder: strPathsOrJars[13] : ApacheJMeter_jms.jar 
2012/02/23 18:01:36 DEBUG - jorphan.reflect.ClassFinder: strPathsOrJars[14] : ApacheJMeter_ldap.jar 
2012/02/23 18:01:36 DEBUG - jorphan.reflect.ClassFinder: Did not find: ApacheJMeter.jar 
2012/02/23 18:01:36 DEBUG - jorphan.reflect.ClassFinder: Did not find: C:/apache-jmeter-2.6/lib/activation-1.1.1.jar 
2012/02/23 18:01:36 DEBUG - jorphan.reflect.ClassFinder: Did not find: C:/apache-jmeter-2.6/lib/avalon-framework-4.1.4.jar 
2012/02/23 18:01:36 DEBUG - jorphan.reflect.ClassFinder: Did not find: C:/apache-jmeter-2.6/lib/bsf-2.4.0.jar 
2012/02/23 18:01:36 DEBUG - jorphan.reflect.ClassFinder: Did not find: C:/apache-jmeter-2.6/lib/bsf-api-3.1.jar 
2012/02/23 18:01:36 DEBUG - jorphan.reflect.ClassFinder: Did not find: C:/apache-jmeter-2.6/lib/bsh-2.0b5.jar 
2012/02/23 18:01:36 DEBUG - jorphan.reflect.ClassFinder: Did not find: C:/apache-jmeter-2.6/lib/bshclient.jar 
2012/02/23 18:01:36 DEBUG - jorphan.reflect.ClassFinder: Did not find: C:/apache-jmeter-2.6/lib/commons-codec-1.6.jar 
2012/02/23 18:01:36 DEBUG - jorphan.reflect.ClassFinder: Did not find: C:/apache-jmeter-2.6/lib/commons-collections-3.2.1.jar 
2012/02/23 18:01:36 DEBUG - jorphan.reflect.ClassFinder: Did not find: C:/apache-jmeter-2.6/lib/commons-httpclient-3.1.jar 
2012/02/23 18:01:36 DEBUG - jorphan.reflect.ClassFinder: Did not find: C:/apache-jmeter-2.6/lib/commons-io-2.1.jar 
2012/02/23 18:01:36 DEBUG - jorphan.reflect.ClassFinder: Did not find: C:/apache-jmeter-2.6/lib/commons-jexl-1.1.jar 
2012/02/23 18:01:36 DEBUG - jorphan.reflect.ClassFinder: Did not find: C:/apache-jmeter-2.6/lib/commons-jexl-2.1.1.jar 
2012/02/23 18:01:36 DEBUG - jorphan.reflect.ClassFinder: Did not find: C:/apache-jmeter-2.6/lib/commons-lang-2.6.jar 
2012/02/23 18:01:36 DEBUG - jorphan.reflect.ClassFinder: Did not find: C:/apache-jmeter-2.6/lib/commons-logging-1.1.1.jar 
2012/02/23 18:01:36 DEBUG - jorphan.reflect.ClassFinder: Did not find: C:/apache-jmeter-2.6/lib/commons-net-3.0.1.jar 
2012/02/23 18:01:36 DEBUG - jorphan.reflect.ClassFinder: Did not find: C:/apache-jmeter-2.6/lib/excalibur-datasource-1.1.1.jar 
2012/02/23 18:01:36 DEBUG - jorphan.reflect.ClassFinder: Did not find: C:/apache-jmeter-2.6/lib/excalibur-instrument-1.0.jar 
2012/02/23 18:01:36 DEBUG - jorphan.reflect.ClassFinder: Did not find: C:/apache-jmeter-2.6/lib/excalibur-logger-1.1.jar 
2012/02/23 18:01:36 DEBUG - jorphan.reflect.ClassFinder: Did not find: C:/apache-jmeter-2.6/lib/excalibur-pool-1.2.jar 
2012/02/23 18:01:36 DEBUG - jorphan.reflect.ClassFinder: Did not find: C:/apache-jmeter-2.6/lib/geronimo-jms_1.1_spec-1.1.1.jar 
2012/02/23 18:01:36 DEBUG - jorphan.reflect.ClassFinder: Did not find: C:/apache-jmeter-2.6/lib/htmllexer-2.1.jar 
2012/02/23 18:01:36 DEBUG - jorphan.reflect.ClassFinder: Did not find: C:/apache-jmeter-2.6/lib/htmlparser-2.1.jar 
2012/02/23 18:01:36 DEBUG - jorphan.reflect.ClassFinder: Did not find: C:/apache-jmeter-2.6/lib/httpclient-4.1.2.jar 
2012/02/23 18:01:36 DEBUG - jorphan.reflect.ClassFinder: Did not find: C:/apache-jmeter-2.6/lib/httpcore-4.1.4.jar 
2012/02/23 18:01:36 DEBUG - jorphan.reflect.ClassFinder: Did not find: C:/apache-jmeter-2.6/lib/httpmime-4.1.2.jar 
2012/02/23 18:01:36 DEBUG - jorphan.reflect.ClassFinder: Did not find: C:/apache-jmeter-2.6/lib/jcharts-0.7.5.jar 
2012/02/23 18:01:36 DEBUG - jorphan.reflect.ClassFinder: Did not find: C:/apache-jmeter-2.6/lib/jdom-1.1.2.jar 
2012/02/23 18:01:36 DEBUG - jorphan.reflect.ClassFinder: Did not find: C:/apache-jmeter-2.6/lib/jorphan.jar 
2012/02/23 18:01:36 DEBUG - jorphan.reflect.ClassFinder: Did not find: C:/apache-jmeter-2.6/lib/js-1.7R2.jar 
2012/02/23 18:01:36 DEBUG - jorphan.reflect.ClassFinder: Did not find: C:/apache-jmeter-2.6/lib/jtidy-r938.jar 
2012/02/23 18:01:36 DEBUG - jorphan.reflect.ClassFinder: Did not find: C:/apache-jmeter-2.6/lib/junit-4.10.jar 
2012/02/23 18:01:36 DEBUG - jorphan.reflect.ClassFinder: Did not find: C:/apache-jmeter-2.6/lib/logkit-2.0.jar 
2012/02/23 18:01:36 DEBUG - jorphan.reflect.ClassFinder: Did not find: C:/apache-jmeter-2.6/lib/mail-1.4.4.jar 
2012/02/23 18:01:36 DEBUG - jorphan.reflect.ClassFinder: Did not find: C:/apache-jmeter-2.6/lib/oro-2.0.8.jar 
2012/02/23 18:01:36 DEBUG - jorphan.reflect.ClassFinder: Did not find: C:/apache-jmeter-2.6/lib/serializer-2.7.1.jar 
2012/02/23 18:01:36 DEBUG - jorphan.reflect.ClassFinder: Did not find: C:/apache-jmeter-2.6/lib/soap-2.3.1.jar 
2012/02/23 18:01:36 DEBUG - jorphan.reflect.ClassFinder: Did not find: C:/apache-jmeter-2.6/lib/xalan-2.7.1.jar 
2012/02/23 18:01:36 DEBUG - jorphan.reflect.ClassFinder: Did not find: C:/apache-jmeter-2.6/lib/xercesImpl-2.9.1.jar 
2012/02/23 18:01:36 DEBUG - jorphan.reflect.ClassFinder: Did not find: C:/apache-jmeter-2.6/lib/xml-apis-1.3.04.jar 
2012/02/23 18:01:36 DEBUG - jorphan.reflect.ClassFinder: Did not find: C:/apache-jmeter-2.6/lib/xmlgraphics-commons-1.3.1.jar 
2012/02/23 18:01:36 DEBUG - jorphan.reflect.ClassFinder: Did not find: C:/apache-jmeter-2.6/lib/xpp3_min-1.1.4c.jar 
2012/02/23 18:01:36 DEBUG - jorphan.reflect.ClassFinder: Did not find: C:/apache-jmeter-2.6/lib/xstream-1.3.1.jar 
2012/02/23 18:01:36 DEBUG - jorphan.reflect.ClassFinder: Adding C:/apache-jmeter-2.6/lib/ext/ApacheJMeter_components.jar found at 9 
2012/02/23 18:01:36 DEBUG - jorphan.reflect.ClassFinder: Adding C:/apache-jmeter-2.6/lib/ext/ApacheJMeter_core.jar found at 11 
2012/02/23 18:01:36 DEBUG - jorphan.reflect.ClassFinder: Adding C:/apache-jmeter-2.6/lib/ext/ApacheJMeter_ftp.jar found at 2 
2012/02/23 18:01:36 DEBUG - jorphan.reflect.ClassFinder: Adding C:/apache-jmeter-2.6/lib/ext/ApacheJMeter_functions.jar found at 7 
2012/02/23 18:01:36 DEBUG - jorphan.reflect.ClassFinder: Adding C:/apache-jmeter-2.6/lib/ext/ApacheJMeter_http.jar found at 10 
2012/02/23 18:01:36 DEBUG - jorphan.reflect.ClassFinder: Adding C:/apache-jmeter-2.6/lib/ext/ApacheJMeter_java.jar found at 5 
2012/02/23 18:01:36 DEBUG - jorphan.reflect.ClassFinder: Adding C:/apache-jmeter-2.6/lib/ext/ApacheJMeter_jdbc.jar found at 8 
2012/02/23 18:01:36 DEBUG - jorphan.reflect.ClassFinder: Adding C:/apache-jmeter-2.6/lib/ext/ApacheJMeter_jms.jar found at 13 
2012/02/23 18:01:36 DEBUG - jorphan.reflect.ClassFinder: Adding C:/apache-jmeter-2.6/lib/ext/ApacheJMeter_junit.jar found at 3 
2012/02/23 18:01:36 DEBUG - jorphan.reflect.ClassFinder: Adding C:/apache-jmeter-2.6/lib/ext/ApacheJMeter_ldap.jar found at 14 
2012/02/23 18:01:36 DEBUG - jorphan.reflect.ClassFinder: Adding C:/apache-jmeter-2.6/lib/ext/ApacheJMeter_mail.jar found at 6 
2012/02/23 18:01:36 DEBUG - jorphan.reflect.ClassFinder: Adding C:/apache-jmeter-2.6/lib/ext/ApacheJMeter_monitors.jar found at 12 
2012/02/23 18:01:36 DEBUG - jorphan.reflect.ClassFinder: Adding C:/apache-jmeter-2.6/lib/ext/ApacheJMeter_report.jar found at 4 
2012/02/23 18:01:36 DEBUG - jorphan.reflect.ClassFinder: Adding C:/apache-jmeter-2.6/lib/ext/ApacheJMeter_tcp.jar found at 0 
2012/02/23 18:01:36 DEBUG - jorphan.reflect.ClassFinder: Did not find: C:/apache-jmeter-2.6/lib/junit/test.jar 
2012/02/23 18:01:36 DEBUG - jorphan.reflect.ClassFinder: listPaths : C:/apache-jmeter-2.6/lib/ext/ApacheJMeter_components.jar 
2012/02/23 18:01:36 DEBUG - jorphan.reflect.ClassFinder: listPaths : C:/apache-jmeter-2.6/lib/ext/ApacheJMeter_core.jar 
2012/02/23 18:01:36 DEBUG - jorphan.reflect.ClassFinder: listPaths : C:/apache-jmeter-2.6/lib/ext/ApacheJMeter_ftp.jar 
2012/02/23 18:01:36 DEBUG - jorphan.reflect.ClassFinder: listPaths : C:/apache-jmeter-2.6/lib/ext/ApacheJMeter_functions.jar 
2012/02/23 18:01:36 DEBUG - jorphan.reflect.ClassFinder: listPaths : C:/apache-jmeter-2.6/lib/ext/ApacheJMeter_http.jar 
2012/02/23 18:01:36 DEBUG - jorphan.reflect.ClassFinder: listPaths : C:/apache-jmeter-2.6/lib/ext/ApacheJMeter_java.jar 
2012/02/23 18:01:36 DEBUG - jorphan.reflect.ClassFinder: listPaths : C:/apache-jmeter-2.6/lib/ext/ApacheJMeter_jdbc.jar 
2012/02/23 18:01:36 DEBUG - jorphan.reflect.ClassFinder: listPaths : C:/apache-jmeter-2.6/lib/ext/ApacheJMeter_jms.jar 
2012/02/23 18:01:36 DEBUG - jorphan.reflect.ClassFinder: listPaths : C:/apache-jmeter-2.6/lib/ext/ApacheJMeter_junit.jar 
2012/02/23 18:01:36 DEBUG - jorphan.reflect.ClassFinder: listPaths : C:/apache-jmeter-2.6/lib/ext/ApacheJMeter_ldap.jar 
2012/02/23 18:01:36 DEBUG - jorphan.reflect.ClassFinder: listPaths : C:/apache-jmeter-2.6/lib/ext/ApacheJMeter_mail.jar 
2012/02/23 18:01:36 DEBUG - jorphan.reflect.ClassFinder: listPaths : C:/apache-jmeter-2.6/lib/ext/ApacheJMeter_monitors.jar 
2012/02/23 18:01:36 DEBUG - jorphan.reflect.ClassFinder: listPaths : C:/apache-jmeter-2.6/lib/ext/ApacheJMeter_report.jar 
2012/02/23 18:01:36 DEBUG - jorphan.reflect.ClassFinder: listPaths : C:/apache-jmeter-2.6/lib/ext/ApacheJMeter_tcp.jar 
2012/02/23 18:01:36 DEBUG - jorphan.reflect.ClassFinder: listClasses.size()=34 
2012/02/23 18:01:36 DEBUG - jorphan.reflect.ClassFinder: listClasses : org.apache.jmeter.engine.util.CompoundVariable 
2012/02/23 18:01:36 DEBUG - jorphan.reflect.ClassFinder: listClasses : org.apache.jmeter.functions.BeanShell 
2012/02/23 18:01:36 DEBUG - jorphan.reflect.ClassFinder: listClasses : org.apache.jmeter.functions.CSVRead 
2012/02/23 18:01:36 DEBUG - jorphan.reflect.ClassFinder: listClasses : org.apache.jmeter.functions.CharFunction 
2012/02/23 18:01:36 DEBUG - jorphan.reflect.ClassFinder: listClasses : org.apache.jmeter.functions.EscapeHtml 
2012/02/23 18:01:36 DEBUG - jorphan.reflect.ClassFinder: listClasses : org.apache.jmeter.functions.EvalFunction 
2012/02/23 18:01:36 DEBUG - jorphan.reflect.ClassFinder: listClasses : org.apache.jmeter.functions.EvalVarFunction 
2012/02/23 18:01:36 DEBUG - jorphan.reflect.ClassFinder: listClasses : org.apache.jmeter.functions.FileToString 
2012/02/23 18:01:36 DEBUG - jorphan.reflect.ClassFinder: listClasses : org.apache.jmeter.functions.IntSum 
2012/02/23 18:01:36 DEBUG - jorphan.reflect.ClassFinder: listClasses : org.apache.jmeter.functions.IterationCounter 
2012/02/23 18:01:36 DEBUG - jorphan.reflect.ClassFinder: listClasses : org.apache.jmeter.functions.JavaScript 
2012/02/23 18:01:36 DEBUG - jorphan.reflect.ClassFinder: listClasses : org.apache.jmeter.functions.Jexl2Function 
2012/02/23 18:01:36 DEBUG - jorphan.reflect.ClassFinder: listClasses : org.apache.jmeter.functions.JexlFunction 
2012/02/23 18:01:36 DEBUG - jorphan.reflect.ClassFinder: listClasses : org.apache.jmeter.functions.LogFunction 
2012/02/23 18:01:36 DEBUG - jorphan.reflect.ClassFinder: listClasses : org.apache.jmeter.functions.LogFunction2 
2012/02/23 18:01:36 DEBUG - jorphan.reflect.ClassFinder: listClasses : org.apache.jmeter.functions.LongSum 
2012/02/23 18:01:36 DEBUG - jorphan.reflect.ClassFinder: listClasses : org.apache.jmeter.functions.MachineIP 
2012/02/23 18:01:36 DEBUG - jorphan.reflect.ClassFinder: listClasses : org.apache.jmeter.functions.MachineName 
2012/02/23 18:01:36 DEBUG - jorphan.reflect.ClassFinder: listClasses : org.apache.jmeter.functions.Property 
2012/02/23 18:01:36 DEBUG - jorphan.reflect.ClassFinder: listClasses : org.apache.jmeter.functions.Property2 
2012/02/23 18:01:36 DEBUG - jorphan.reflect.ClassFinder: listClasses : org.apache.jmeter.functions.Random 
2012/02/23 18:01:36 DEBUG - jorphan.reflect.ClassFinder: listClasses : org.apache.jmeter.functions.RandomString 
2012/02/23 18:01:36 DEBUG - jorphan.reflect.ClassFinder: listClasses : org.apache.jmeter.functions.RegexFunction 
2012/02/23 18:01:36 DEBUG - jorphan.reflect.ClassFinder: listClasses : org.apache.jmeter.functions.SamplerName 
2012/02/23 18:01:36 DEBUG - jorphan.reflect.ClassFinder: listClasses : org.apache.jmeter.functions.SetProperty 
2012/02/23 18:01:36 DEBUG - jorphan.reflect.ClassFinder: listClasses : org.apache.jmeter.functions.SplitFunction 
2012/02/23 18:01:36 DEBUG - jorphan.reflect.ClassFinder: listClasses : org.apache.jmeter.functions.StringFromFile 
2012/02/23 18:01:36 DEBUG - jorphan.reflect.ClassFinder: listClasses : org.apache.jmeter.functions.TestPlanName 
2012/02/23 18:01:36 DEBUG - jorphan.reflect.ClassFinder: listClasses : org.apache.jmeter.functions.ThreadNumber 
2012/02/23 18:01:36 DEBUG - jorphan.reflect.ClassFinder: listClasses : org.apache.jmeter.functions.TimeFunction 
2012/02/23 18:01:36 DEBUG - jorphan.reflect.ClassFinder: listClasses : org.apache.jmeter.functions.UnEscape 
2012/02/23 18:01:36 DEBUG - jorphan.reflect.ClassFinder: listClasses : org.apache.jmeter.functions.UnEscapeHtml 
2012/02/23 18:01:36 DEBUG - jorphan.reflect.ClassFinder: listClasses : org.apache.jmeter.functions.Variable 
2012/02/23 18:01:36 DEBUG - jorphan.reflect.ClassFinder: listClasses : org.apache.jmeter.functions.XPath 
2012/02/23 18:01:36 INFO  - jmeter.engine.util.CompoundVariable: Note: Function class names must contain the string: '.functions.' 
2012/02/23 18:01:36 INFO  - jmeter.engine.util.CompoundVariable: Note: Function class names must not contain the string: '.gui.' 
2012/02/23 18:01:36 DEBUG - jorphan.reflect.ClassFinder: superclass: org.apache.jmeter.functions.Function 
2012/02/23 18:01:36 DEBUG - jorphan.reflect.ClassFinder: strPathsOrJars : ApacheJMeter_tcp.jar 
2012/02/23 18:01:36 DEBUG - jorphan.reflect.ClassFinder: strPathsOrJars : C:/apache-jmeter-2.6/lib/ext 
2012/02/23 18:01:36 DEBUG - jorphan.reflect.ClassFinder: strPathsOrJars : ApacheJMeter_ftp.jar 
2012/02/23 18:01:36 DEBUG - jorphan.reflect.ClassFinder: strPathsOrJars : ApacheJMeter_junit.jar 
2012/02/23 18:01:36 DEBUG - jorphan.reflect.ClassFinder: strPathsOrJars : ApacheJMeter_report.jar 
2012/02/23 18:01:36 DEBUG - jorphan.reflect.ClassFinder: strPathsOrJars : ApacheJMeter_java.jar 
2012/02/23 18:01:36 DEBUG - jorphan.reflect.ClassFinder: strPathsOrJars : ApacheJMeter_mail.jar 
2012/02/23 18:01:36 DEBUG - jorphan.reflect.ClassFinder: strPathsOrJars : ApacheJMeter_functions.jar 
2012/02/23 18:01:36 DEBUG - jorphan.reflect.ClassFinder: strPathsOrJars : ApacheJMeter_jdbc.jar 
2012/02/23 18:01:36 DEBUG - jorphan.reflect.ClassFinder: strPathsOrJars : ApacheJMeter_components.jar 
2012/02/23 18:01:36 DEBUG - jorphan.reflect.ClassFinder: strPathsOrJars : ApacheJMeter_http.jar 
2012/02/23 18:01:36 DEBUG - jorphan.reflect.ClassFinder: strPathsOrJars : ApacheJMeter_core.jar 
2012/02/23 18:01:36 DEBUG - jorphan.reflect.ClassFinder: strPathsOrJars : ApacheJMeter_monitors.jar 
2012/02/23 18:01:36 DEBUG - jorphan.reflect.ClassFinder: strPathsOrJars : ApacheJMeter_jms.jar 
2012/02/23 18:01:36 DEBUG - jorphan.reflect.ClassFinder: strPathsOrJars : ApacheJMeter_ldap.jar 
2012/02/23 18:01:36 DEBUG - jorphan.reflect.ClassFinder: Classpath = ApacheJMeter.jar;C:\apache-jmeter-2.6\lib\activation-1.1.1.jar;C:\apache-jmeter-2.6\lib\avalon-framework-4.1.4.jar;C:\apache-jmeter-2.6\lib\bsf-2.4.0.jar;C:\apache-jmeter-2.6\lib\bsf-api-3.1.jar;C:\apache-jmeter-2.6\lib\bsh-2.0b5.jar;C:\apache-jmeter-2.6\lib\bshclient.jar;C:\apache-jmeter-2.6\lib\commons-codec-1.6.jar;C:\apache-jmeter-2.6\lib\commons-collections-3.2.1.jar;C:\apache-jmeter-2.6\lib\commons-httpclient-3.1.jar;C:\apache-jmeter-2.6\lib\commons-io-2.1.jar;C:\apache-jmeter-2.6\lib\commons-jexl-1.1.jar;C:\apache-jmeter-2.6\lib\commons-jexl-2.1.1.jar;C:\apache-jmeter-2.6\lib\commons-lang-2.6.jar;C:\apache-jmeter-2.6\lib\commons-logging-1.1.1.jar;C:\apache-jmeter-2.6\lib\commons-net-3.0.1.jar;C:\apache-jmeter-2.6\lib\excalibur-datasource-1.1.1.jar;C:\apache-jmeter-2.6\lib\excalibur-instrument-1.0.jar;C:\apache-jmeter-2.6\lib\excalibur-logger-1.1.jar;C:\apache-jmeter-2.6\lib\excalibur-pool-1.2.jar;C:\apache-jmeter-2.6\lib\geronimo-jms_1.1_spec-1.1.1.jar;C:\apache-jmeter-2.6\lib\htmllexer-2.1.jar;C:\apache-jmeter-2.6\lib\htmlparser-2.1.jar;C:\apache-jmeter-2.6\lib\httpclient-4.1.2.jar;C:\apache-jmeter-2.6\lib\httpcore-4.1.4.jar;C:\apache-jmeter-2.6\lib\httpmime-4.1.2.jar;C:\apache-jmeter-2.6\lib\jcharts-0.7.5.jar;C:\apache-jmeter-2.6\lib\jdom-1.1.2.jar;C:\apache-jmeter-2.6\lib\jorphan.jar;C:\apache-jmeter-2.6\lib\js-1.7R2.jar;C:\apache-jmeter-2.6\lib\jtidy-r938.jar;C:\apache-jmeter-2.6\lib\junit-4.10.jar;C:\apache-jmeter-2.6\lib\logkit-2.0.jar;C:\apache-jmeter-2.6\lib\mail-1.4.4.jar;C:\apache-jmeter-2.6\lib\oro-2.0.8.jar;C:\apache-jmeter-2.6\lib\serializer-2.7.1.jar;C:\apache-jmeter-2.6\lib\soap-2.3.1.jar;C:\apache-jmeter-2.6\lib\xalan-2.7.1.jar;C:\apache-jmeter-2.6\lib\xercesImpl-2.9.1.jar;C:\apache-jmeter-2.6\lib\xml-apis-1.3.04.jar;C:\apache-jmeter-2.6\lib\xmlgraphics-commons-1.3.1.jar;C:\apache-jmeter-2.6\lib\xpp3_min-1.1.4c.jar;C:\apache-jmeter-2.6\lib\xstream-1.3.1.jar;C:\apache-jmeter-2.6\lib\ext\ApacheJMeter_components.jar;C:\apache-jmeter-2.6\lib\ext\ApacheJMeter_core.jar;C:\apache-jmeter-2.6\lib\ext\ApacheJMeter_ftp.jar;C:\apache-jmeter-2.6\lib\ext\ApacheJMeter_functions.jar;C:\apache-jmeter-2.6\lib\ext\ApacheJMeter_http.jar;C:\apache-jmeter-2.6\lib\ext\ApacheJMeter_java.jar;C:\apache-jmeter-2.6\lib\ext\ApacheJMeter_jdbc.jar;C:\apache-jmeter-2.6\lib\ext\ApacheJMeter_jms.jar;C:\apache-jmeter-2.6\lib\ext\ApacheJMeter_junit.jar;C:\apache-jmeter-2.6\lib\ext\ApacheJMeter_ldap.jar;C:\apache-jmeter-2.6\lib\ext\ApacheJMeter_mail.jar;C:\apache-jmeter-2.6\lib\ext\ApacheJMeter_monitors.jar;C:\apache-jmeter-2.6\lib\ext\ApacheJMeter_report.jar;C:\apache-jmeter-2.6\lib\ext\ApacheJMeter_tcp.jar;C:\apache-jmeter-2.6\lib\junit\test.jar 
2012/02/23 18:01:36 DEBUG - jorphan.reflect.ClassFinder: strPathsOrJars[0] : ApacheJMeter_tcp.jar 
2012/02/23 18:01:36 DEBUG - jorphan.reflect.ClassFinder: strPathsOrJars[1] : C:/apache-jmeter-2.6/lib/ext 
2012/02/23 18:01:36 DEBUG - jorphan.reflect.ClassFinder: strPathsOrJars[2] : ApacheJMeter_ftp.jar 
2012/02/23 18:01:36 DEBUG - jorphan.reflect.ClassFinder: strPathsOrJars[3] : ApacheJMeter_junit.jar 
2012/02/23 18:01:36 DEBUG - jorphan.reflect.ClassFinder: strPathsOrJars[4] : ApacheJMeter_report.jar 
2012/02/23 18:01:36 DEBUG - jorphan.reflect.ClassFinder: strPathsOrJars[5] : ApacheJMeter_java.jar 
2012/02/23 18:01:36 DEBUG - jorphan.reflect.ClassFinder: strPathsOrJars[6] : ApacheJMeter_mail.jar 
2012/02/23 18:01:36 DEBUG - jorphan.reflect.ClassFinder: strPathsOrJars[7] : ApacheJMeter_functions.jar 
2012/02/23 18:01:36 DEBUG - jorphan.reflect.ClassFinder: strPathsOrJars[8] : ApacheJMeter_jdbc.jar 
2012/02/23 18:01:36 DEBUG - jorphan.reflect.ClassFinder: strPathsOrJars[9] : ApacheJMeter_components.jar 
2012/02/23 18:01:36 DEBUG - jorphan.reflect.ClassFinder: strPathsOrJars[10] : ApacheJMeter_http.jar 
2012/02/23 18:01:36 DEBUG - jorphan.reflect.ClassFinder: strPathsOrJars[11] : ApacheJMeter_core.jar 
2012/02/23 18:01:36 DEBUG - jorphan.reflect.ClassFinder: strPathsOrJars[12] : ApacheJMeter_monitors.jar 
2012/02/23 18:01:36 DEBUG - jorphan.reflect.ClassFinder: strPathsOrJars[13] : ApacheJMeter_jms.jar 
2012/02/23 18:01:36 DEBUG - jorphan.reflect.ClassFinder: strPathsOrJars[14] : ApacheJMeter_ldap.jar 
2012/02/23 18:01:36 DEBUG - jorphan.reflect.ClassFinder: Did not find: ApacheJMeter.jar 
2012/02/23 18:01:36 DEBUG - jorphan.reflect.ClassFinder: Did not find: C:/apache-jmeter-2.6/lib/activation-1.1.1.jar 
2012/02/23 18:01:36 DEBUG - jorphan.reflect.ClassFinder: Did not find: C:/apache-jmeter-2.6/lib/avalon-framework-4.1.4.jar 
2012/02/23 18:01:36 DEBUG - jorphan.reflect.ClassFinder: Did not find: C:/apache-jmeter-2.6/lib/bsf-2.4.0.jar 
2012/02/23 18:01:36 DEBUG - jorphan.reflect.ClassFinder: Did not find: C:/apache-jmeter-2.6/lib/bsf-api-3.1.jar 
2012/02/23 18:01:36 DEBUG - jorphan.reflect.ClassFinder: Did not find: C:/apache-jmeter-2.6/lib/bsh-2.0b5.jar 
2012/02/23 18:01:36 DEBUG - jorphan.reflect.ClassFinder: Did not find: C:/apache-jmeter-2.6/lib/bshclient.jar 
2012/02/23 18:01:36 DEBUG - jorphan.reflect.ClassFinder: Did not find: C:/apache-jmeter-2.6/lib/commons-codec-1.6.jar 
2012/02/23 18:01:36 DEBUG - jorphan.reflect.ClassFinder: Did not find: C:/apache-jmeter-2.6/lib/commons-collections-3.2.1.jar 
2012/02/23 18:01:36 DEBUG - jorphan.reflect.ClassFinder: Did not find: C:/apache-jmeter-2.6/lib/commons-httpclient-3.1.jar 
2012/02/23 18:01:36 DEBUG - jorphan.reflect.ClassFinder: Did not find: C:/apache-jmeter-2.6/lib/commons-io-2.1.jar 
2012/02/23 18:01:36 DEBUG - jorphan.reflect.ClassFinder: Did not find: C:/apache-jmeter-2.6/lib/commons-jexl-1.1.jar 
2012/02/23 18:01:36 DEBUG - jorphan.reflect.ClassFinder: Did not find: C:/apache-jmeter-2.6/lib/commons-jexl-2.1.1.jar 
2012/02/23 18:01:36 DEBUG - jorphan.reflect.ClassFinder: Did not find: C:/apache-jmeter-2.6/lib/commons-lang-2.6.jar 
2012/02/23 18:01:36 DEBUG - jorphan.reflect.ClassFinder: Did not find: C:/apache-jmeter-2.6/lib/commons-logging-1.1.1.jar 
2012/02/23 18:01:36 DEBUG - jorphan.reflect.ClassFinder: Did not find: C:/apache-jmeter-2.6/lib/commons-net-3.0.1.jar 
2012/02/23 18:01:36 DEBUG - jorphan.reflect.ClassFinder: Did not find: C:/apache-jmeter-2.6/lib/excalibur-datasource-1.1.1.jar 
2012/02/23 18:01:36 DEBUG - jorphan.reflect.ClassFinder: Did not find: C:/apache-jmeter-2.6/lib/excalibur-instrument-1.0.jar 
2012/02/23 18:01:36 DEBUG - jorphan.reflect.ClassFinder: Did not find: C:/apache-jmeter-2.6/lib/excalibur-logger-1.1.jar 
2012/02/23 18:01:36 DEBUG - jorphan.reflect.ClassFinder: Did not find: C:/apache-jmeter-2.6/lib/excalibur-pool-1.2.jar 
2012/02/23 18:01:36 DEBUG - jorphan.reflect.ClassFinder: Did not find: C:/apache-jmeter-2.6/lib/geronimo-jms_1.1_spec-1.1.1.jar 
2012/02/23 18:01:36 DEBUG - jorphan.reflect.ClassFinder: Did not find: C:/apache-jmeter-2.6/lib/htmllexer-2.1.jar 
2012/02/23 18:01:36 DEBUG - jorphan.reflect.ClassFinder: Did not find: C:/apache-jmeter-2.6/lib/htmlparser-2.1.jar 
2012/02/23 18:01:36 DEBUG - jorphan.reflect.ClassFinder: Did not find: C:/apache-jmeter-2.6/lib/httpclient-4.1.2.jar 
2012/02/23 18:01:36 DEBUG - jorphan.reflect.ClassFinder: Did not find: C:/apache-jmeter-2.6/lib/httpcore-4.1.4.jar 
2012/02/23 18:01:36 DEBUG - jorphan.reflect.ClassFinder: Did not find: C:/apache-jmeter-2.6/lib/httpmime-4.1.2.jar 
2012/02/23 18:01:36 DEBUG - jorphan.reflect.ClassFinder: Did not find: C:/apache-jmeter-2.6/lib/jcharts-0.7.5.jar 
2012/02/23 18:01:36 DEBUG - jorphan.reflect.ClassFinder: Did not find: C:/apache-jmeter-2.6/lib/jdom-1.1.2.jar 
2012/02/23 18:01:36 DEBUG - jorphan.reflect.ClassFinder: Did not find: C:/apache-jmeter-2.6/lib/jorphan.jar 
2012/02/23 18:01:36 DEBUG - jorphan.reflect.ClassFinder: Did not find: C:/apache-jmeter-2.6/lib/js-1.7R2.jar 
2012/02/23 18:01:36 DEBUG - jorphan.reflect.ClassFinder: Did not find: C:/apache-jmeter-2.6/lib/jtidy-r938.jar 
2012/02/23 18:01:36 DEBUG - jorphan.reflect.ClassFinder: Did not find: C:/apache-jmeter-2.6/lib/junit-4.10.jar 
2012/02/23 18:01:36 DEBUG - jorphan.reflect.ClassFinder: Did not find: C:/apache-jmeter-2.6/lib/logkit-2.0.jar 
2012/02/23 18:01:36 DEBUG - jorphan.reflect.ClassFinder: Did not find: C:/apache-jmeter-2.6/lib/mail-1.4.4.jar 
2012/02/23 18:01:36 DEBUG - jorphan.reflect.ClassFinder: Did not find: C:/apache-jmeter-2.6/lib/oro-2.0.8.jar 
2012/02/23 18:01:36 DEBUG - jorphan.reflect.ClassFinder: Did not find: C:/apache-jmeter-2.6/lib/serializer-2.7.1.jar 
2012/02/23 18:01:36 DEBUG - jorphan.reflect.ClassFinder: Did not find: C:/apache-jmeter-2.6/lib/soap-2.3.1.jar 
2012/02/23 18:01:36 DEBUG - jorphan.reflect.ClassFinder: Did not find: C:/apache-jmeter-2.6/lib/xalan-2.7.1.jar 
2012/02/23 18:01:36 DEBUG - jorphan.reflect.ClassFinder: Did not find: C:/apache-jmeter-2.6/lib/xercesImpl-2.9.1.jar 
2012/02/23 18:01:36 DEBUG - jorphan.reflect.ClassFinder: Did not find: C:/apache-jmeter-2.6/lib/xml-apis-1.3.04.jar 
2012/02/23 18:01:36 DEBUG - jorphan.reflect.ClassFinder: Did not find: C:/apache-jmeter-2.6/lib/xmlgraphics-commons-1.3.1.jar 
2012/02/23 18:01:36 DEBUG - jorphan.reflect.ClassFinder: Did not find: C:/apache-jmeter-2.6/lib/xpp3_min-1.1.4c.jar 
2012/02/23 18:01:36 DEBUG - jorphan.reflect.ClassFinder: Did not find: C:/apache-jmeter-2.6/lib/xstream-1.3.1.jar 
2012/02/23 18:01:36 DEBUG - jorphan.reflect.ClassFinder: Adding C:/apache-jmeter-2.6/lib/ext/ApacheJMeter_components.jar found at 9 
2012/02/23 18:01:36 DEBUG - jorphan.reflect.ClassFinder: Adding C:/apache-jmeter-2.6/lib/ext/ApacheJMeter_core.jar found at 11 
2012/02/23 18:01:36 DEBUG - jorphan.reflect.ClassFinder: Adding C:/apache-jmeter-2.6/lib/ext/ApacheJMeter_ftp.jar found at 2 
2012/02/23 18:01:36 DEBUG - jorphan.reflect.ClassFinder: Adding C:/apache-jmeter-2.6/lib/ext/ApacheJMeter_functions.jar found at 7 
2012/02/23 18:01:36 DEBUG - jorphan.reflect.ClassFinder: Adding C:/apache-jmeter-2.6/lib/ext/ApacheJMeter_http.jar found at 10 
2012/02/23 18:01:36 DEBUG - jorphan.reflect.ClassFinder: Adding C:/apache-jmeter-2.6/lib/ext/ApacheJMeter_java.jar found at 5 
2012/02/23 18:01:36 DEBUG - jorphan.reflect.ClassFinder: Adding C:/apache-jmeter-2.6/lib/ext/ApacheJMeter_jdbc.jar found at 8 
2012/02/23 18:01:36 DEBUG - jorphan.reflect.ClassFinder: Adding C:/apache-jmeter-2.6/lib/ext/ApacheJMeter_jms.jar found at 13 
2012/02/23 18:01:36 DEBUG - jorphan.reflect.ClassFinder: Adding C:/apache-jmeter-2.6/lib/ext/ApacheJMeter_junit.jar found at 3 
2012/02/23 18:01:36 DEBUG - jorphan.reflect.ClassFinder: Adding C:/apache-jmeter-2.6/lib/ext/ApacheJMeter_ldap.jar found at 14 
2012/02/23 18:01:36 DEBUG - jorphan.reflect.ClassFinder: Adding C:/apache-jmeter-2.6/lib/ext/ApacheJMeter_mail.jar found at 6 
2012/02/23 18:01:36 DEBUG - jorphan.reflect.ClassFinder: Adding C:/apache-jmeter-2.6/lib/ext/ApacheJMeter_monitors.jar found at 12 
2012/02/23 18:01:36 DEBUG - jorphan.reflect.ClassFinder: Adding C:/apache-jmeter-2.6/lib/ext/ApacheJMeter_report.jar found at 4 
2012/02/23 18:01:36 DEBUG - jorphan.reflect.ClassFinder: Adding C:/apache-jmeter-2.6/lib/ext/ApacheJMeter_tcp.jar found at 0 
2012/02/23 18:01:36 DEBUG - jorphan.reflect.ClassFinder: Did not find: C:/apache-jmeter-2.6/lib/junit/test.jar 
2012/02/23 18:01:36 DEBUG - jorphan.reflect.ClassFinder: listPaths : C:/apache-jmeter-2.6/lib/ext/ApacheJMeter_components.jar 
2012/02/23 18:01:36 DEBUG - jorphan.reflect.ClassFinder: listPaths : C:/apache-jmeter-2.6/lib/ext/ApacheJMeter_core.jar 
2012/02/23 18:01:36 DEBUG - jorphan.reflect.ClassFinder: listPaths : C:/apache-jmeter-2.6/lib/ext/ApacheJMeter_ftp.jar 
2012/02/23 18:01:36 DEBUG - jorphan.reflect.ClassFinder: listPaths : C:/apache-jmeter-2.6/lib/ext/ApacheJMeter_functions.jar 
2012/02/23 18:01:36 DEBUG - jorphan.reflect.ClassFinder: listPaths : C:/apache-jmeter-2.6/lib/ext/ApacheJMeter_http.jar 
2012/02/23 18:01:36 DEBUG - jorphan.reflect.ClassFinder: listPaths : C:/apache-jmeter-2.6/lib/ext/ApacheJMeter_java.jar 
2012/02/23 18:01:36 DEBUG - jorphan.reflect.ClassFinder: listPaths : C:/apache-jmeter-2.6/lib/ext/ApacheJMeter_jdbc.jar 
2012/02/23 18:01:36 DEBUG - jorphan.reflect.ClassFinder: listPaths : C:/apache-jmeter-2.6/lib/ext/ApacheJMeter_jms.jar 
2012/02/23 18:01:36 DEBUG - jorphan.reflect.ClassFinder: listPaths : C:/apache-jmeter-2.6/lib/ext/ApacheJMeter_junit.jar 
2012/02/23 18:01:36 DEBUG - jorphan.reflect.ClassFinder: listPaths : C:/apache-jmeter-2.6/lib/ext/ApacheJMeter_ldap.jar 
2012/02/23 18:01:36 DEBUG - jorphan.reflect.ClassFinder: listPaths : C:/apache-jmeter-2.6/lib/ext/ApacheJMeter_mail.jar 
2012/02/23 18:01:36 DEBUG - jorphan.reflect.ClassFinder: listPaths : C:/apache-jmeter-2.6/lib/ext/ApacheJMeter_monitors.jar 
2012/02/23 18:01:36 DEBUG - jorphan.reflect.ClassFinder: listPaths : C:/apache-jmeter-2.6/lib/ext/ApacheJMeter_report.jar 
2012/02/23 18:01:36 DEBUG - jorphan.reflect.ClassFinder: listPaths : C:/apache-jmeter-2.6/lib/ext/ApacheJMeter_tcp.jar 
2012/02/23 18:01:36 DEBUG - jorphan.reflect.ClassFinder: listClasses.size()=33 
2012/02/23 18:01:36 DEBUG - jorphan.reflect.ClassFinder: listClasses : org.apache.jmeter.functions.BeanShell 
2012/02/23 18:01:36 DEBUG - jorphan.reflect.ClassFinder: listClasses : org.apache.jmeter.functions.CSVRead 
2012/02/23 18:01:36 DEBUG - jorphan.reflect.ClassFinder: listClasses : org.apache.jmeter.functions.CharFunction 
2012/02/23 18:01:36 DEBUG - jorphan.reflect.ClassFinder: listClasses : org.apache.jmeter.functions.EscapeHtml 
2012/02/23 18:01:36 DEBUG - jorphan.reflect.ClassFinder: listClasses : org.apache.jmeter.functions.EvalFunction 
2012/02/23 18:01:36 DEBUG - jorphan.reflect.ClassFinder: listClasses : org.apache.jmeter.functions.EvalVarFunction 
2012/02/23 18:01:36 DEBUG - jorphan.reflect.ClassFinder: listClasses : org.apache.jmeter.functions.FileToString 
2012/02/23 18:01:36 DEBUG - jorphan.reflect.ClassFinder: listClasses : org.apache.jmeter.functions.IntSum 
2012/02/23 18:01:36 DEBUG - jorphan.reflect.ClassFinder: listClasses : org.apache.jmeter.functions.IterationCounter 
2012/02/23 18:01:36 DEBUG - jorphan.reflect.ClassFinder: listClasses : org.apache.jmeter.functions.JavaScript 
2012/02/23 18:01:36 DEBUG - jorphan.reflect.ClassFinder: listClasses : org.apache.jmeter.functions.Jexl2Function 
2012/02/23 18:01:36 DEBUG - jorphan.reflect.ClassFinder: listClasses : org.apache.jmeter.functions.JexlFunction 
2012/02/23 18:01:36 DEBUG - jorphan.reflect.ClassFinder: listClasses : org.apache.jmeter.functions.LogFunction 
2012/02/23 18:01:36 DEBUG - jorphan.reflect.ClassFinder: listClasses : org.apache.jmeter.functions.LogFunction2 
2012/02/23 18:01:36 DEBUG - jorphan.reflect.ClassFinder: listClasses : org.apache.jmeter.functions.LongSum 
2012/02/23 18:01:36 DEBUG - jorphan.reflect.ClassFinder: listClasses : org.apache.jmeter.functions.MachineIP 
2012/02/23 18:01:36 DEBUG - jorphan.reflect.ClassFinder: listClasses : org.apache.jmeter.functions.MachineName 
2012/02/23 18:01:36 DEBUG - jorphan.reflect.ClassFinder: listClasses : org.apache.jmeter.functions.Property 
2012/02/23 18:01:36 DEBUG - jorphan.reflect.ClassFinder: listClasses : org.apache.jmeter.functions.Property2 
2012/02/23 18:01:36 DEBUG - jorphan.reflect.ClassFinder: listClasses : org.apache.jmeter.functions.Random 
2012/02/23 18:01:36 DEBUG - jorphan.reflect.ClassFinder: listClasses : org.apache.jmeter.functions.RandomString 
2012/02/23 18:01:36 DEBUG - jorphan.reflect.ClassFinder: listClasses : org.apache.jmeter.functions.RegexFunction 
2012/02/23 18:01:36 DEBUG - jorphan.reflect.ClassFinder: listClasses : org.apache.jmeter.functions.SamplerName 
2012/02/23 18:01:36 DEBUG - jorphan.reflect.ClassFinder: listClasses : org.apache.jmeter.functions.SetProperty 
2012/02/23 18:01:36 DEBUG - jorphan.reflect.ClassFinder: listClasses : org.apache.jmeter.functions.SplitFunction 
2012/02/23 18:01:36 DEBUG - jorphan.reflect.ClassFinder: listClasses : org.apache.jmeter.functions.StringFromFile 
2012/02/23 18:01:36 DEBUG - jorphan.reflect.ClassFinder: listClasses : org.apache.jmeter.functions.TestPlanName 
2012/02/23 18:01:36 DEBUG - jorphan.reflect.ClassFinder: listClasses : org.apache.jmeter.functions.ThreadNumber 
2012/02/23 18:01:36 DEBUG - jorphan.reflect.ClassFinder: listClasses : org.apache.jmeter.functions.TimeFunction 
2012/02/23 18:01:36 DEBUG - jorphan.reflect.ClassFinder: listClasses : org.apache.jmeter.functions.UnEscape 
2012/02/23 18:01:36 DEBUG - jorphan.reflect.ClassFinder: listClasses : org.apache.jmeter.functions.UnEscapeHtml 
2012/02/23 18:01:36 DEBUG - jorphan.reflect.ClassFinder: listClasses : org.apache.jmeter.functions.Variable 
2012/02/23 18:01:36 DEBUG - jorphan.reflect.ClassFinder: listClasses : org.apache.jmeter.functions.XPath 
2012/02/23 18:01:37 FATAL - jmeter.JMeter: An error occurred:  java.lang.ExceptionInInitializerError
	at org.apache.commons.jexl2.JexlEngine.getUberspect(JexlEngine.java:217)
	at org.apache.commons.jexl2.JexlEngine.<init>(JexlEngine.java:195)
	at org.apache.commons.jexl2.JexlEngine.<init>(JexlEngine.java:183)
	at org.apache.jmeter.functions.Jexl2Function.<clinit>(Jexl2Function.java:51)
	at java.lang.Class.forName0(Native Method)
	at java.lang.Class.forName(Unknown Source)
	at org.apache.jmeter.engine.util.CompoundVariable.<clinit>(CompoundVariable.java:76)
	at java.lang.Class.forName0(Native Method)
	at java.lang.Class.forName(Unknown Source)
	at org.apache.jmeter.functions.gui.FunctionHelper.initializeFunctionList(FunctionHelper.java:98)
	at org.apache.jmeter.functions.gui.FunctionHelper.init(FunctionHelper.java:71)
	at org.apache.jmeter.functions.gui.FunctionHelper.<init>(FunctionHelper.java:66)
	at org.apache.jmeter.gui.action.CreateFunctionDialog.<init>(CreateFunctionDialog.java:37)
	at sun.reflect.NativeConstructorAccessorImpl.newInstance0(Native Method)
	at sun.reflect.NativeConstructorAccessorImpl.newInstance(Unknown Source)
	at sun.reflect.DelegatingConstructorAccessorImpl.newInstance(Unknown Source)
	at java.lang.reflect.Constructor.newInstance(Unknown Source)
	at java.lang.Class.newInstance0(Unknown Source)
	at java.lang.Class.newInstance(Unknown Source)
	at org.apache.jmeter.gui.action.ActionRouter.populateCommandMap(ActionRouter.java:256)
	at org.apache.jmeter.gui.action.ActionRouter.getInstance(ActionRouter.java:287)
	at org.apache.jmeter.JMeter.startGui(JMeter.java:224)
	at org.apache.jmeter.JMeter.start(JMeter.java:367)
	at sun.reflect.NativeMethodAccessorImpl.invoke0(Native Method)
	at sun.reflect.NativeMethodAccessorImpl.invoke(Unknown Source)
	at sun.reflect.DelegatingMethodAccessorImpl.invoke(Unknown Source)
	at java.lang.reflect.Method.invoke(Unknown Source)
	at org.apache.jmeter.NewDriver.main(NewDriver.java:216)
Caused by: org.apache.commons.logging.LogConfigurationException: User-specified log class 'org.apache.commons.logging.impl.LogKitLogger' cannot be found or is not useable.
	at org.apache.commons.logging.impl.LogFactoryImpl.discoverLogImplementation(LogFactoryImpl.java:874)
	at org.apache.commons.logging.impl.LogFactoryImpl.newInstance(LogFactoryImpl.java:604)
	at org.apache.commons.logging.impl.LogFactoryImpl.getInstance(LogFactoryImpl.java:336)
	at org.apache.commons.logging.impl.LogFactoryImpl.getInstance(LogFactoryImpl.java:310)
	at org.apache.commons.logging.LogFactory.getLog(LogFactory.java:685)
	at org.apache.commons.jexl2.JexlEngine$UberspectHolder.<clinit>(JexlEngine.java:129)
	... 28 more

