2006/09/12 17:30:29 INFO  - jmeter.util.JMeterUtils: Setting Locale to en_US 
2006/09/12 17:30:29 INFO  - jmeter.JMeter: Version 2.1.1 
2006/09/12 17:30:29 INFO  - jmeter.JMeter: java.version=1.5.0_02 
2006/09/12 17:30:29 INFO  - jmeter.JMeter: Locale=English (United States) 
2006/09/12 17:30:29 INFO  - jmeter.JMeter: Copyright (c) 1998-2005 The Apache Software Foundation 
2006/09/12 17:30:29 INFO  - jmeter.JMeter: Loaded icon properties from org/apache/jmeter/images/icon.properties 
2006/09/12 17:30:32 INFO  - jmeter.protocol.http.sampler.AccessLogSamplerBeanInfo: Entered access log sampler bean info 
2006/09/12 17:30:32 INFO  - jmeter.protocol.http.sampler.AccessLogSamplerBeanInfo: found parsers: [org.apache.jmeter.protocol.http.util.accesslog.OrderPreservingLogParser, org.apache.jmeter.protocol.http.util.accesslog.SharedTCLogParser, org.apache.jmeter.protocol.http.util.accesslog.TCLogParser] 
2006/09/12 17:30:32 INFO  - jmeter.protocol.http.sampler.AccessLogSamplerBeanInfo: Got to end of access log samper bean info init 
2006/09/12 17:30:33 WARN  - jmeter.gui.util.MenuFactory: Missing jar? Could not create org.apache.jmeter.visualizers.MailerVisualizer. java.lang.NoClassDefFoundError: javax/mail/MessagingException 
2006/09/12 17:30:33 INFO  - jmeter.samplers.SampleResult: Note: Sample TimeStamps are END times 
2006/09/12 17:30:33 INFO  - jmeter.samplers.SampleResult: sampleresult.default.encoding is set to ISO-8859-1 
2006/09/12 17:33:11 INFO  - jmeter.protocol.http.sampler.HTTPSampler2: httpsampler2.basicauth=false 
2006/09/12 17:33:11 INFO  - jmeter.save.SaveService: Using SaveService properties file 1.7 
2006/09/12 17:33:11 WARN  - jmeter.save.SaveService: Could not set up alias WebServiceSampler java.lang.NoClassDefFoundError: javax/mail/MessagingException 
2006/09/12 17:33:11 INFO  - jmeter.save.SaveService: All converter versions present and correct 
2006/09/12 17:33:44 INFO  - jmeter.protocol.http.proxy.Daemon: Proxy: OK 
2006/09/12 17:33:44 INFO  - jmeter.protocol.http.proxy.Daemon: Creating Daemon Socket... on port 8080 
2006/09/12 17:33:44 INFO  - jmeter.protocol.http.proxy.Daemon: Proxy up and running! 
2006/09/12 17:33:57 ERROR - jmeter.protocol.http.sampler.HTTPSampler: java.io.FileNotFoundException: http://localhost:8010/images/top_base_lft.jpg 
2006/09/12 17:33:57 ERROR - jmeter.protocol.http.sampler.HTTPSampler: 
<html><head><title>Apache Tomcat/5.0.25 - Error report</title><style><!--H1 {font-family:Tahoma,Arial,sans-serif;color:white;background-color:#525D76;font-size:22px;} H2 {font-family:Tahoma,Arial,sans-serif;color:white;background-color:#525D76;font-size:16px;} H3 {font-family:Tahoma,Arial,sans-serif;color:white;background-color:#525D76;font-size:14px;} BODY {font-family:Tahoma,Arial,sans-serif;color:black;background-color:white;} B {font-family:Tahoma,Arial,sans-serif;color:white;background-color:#525D76;} P {font-family:Tahoma,Arial,sans-serif;background:white;color:black;font-size:12px;}A {color : black;}A.name {color : black;}HR {color : #525D76;}--></style> </head><body><h1>HTTP Status 404 - /images/top_base_lft.jpg</h1><HR size="1" noshade="noshade"><p><b>type</b> Status report</p><p><b>message</b> <u>/images/top_base_lft.jpg</u></p><p><b>description</b> <u>The requested resource (/images/top_base_lft.jpg) is not available.</u></p><HR size="1" noshade="noshade"><h3>Apache Tomcat/5
	... 
2006/09/12 17:33:57 ERROR - jmeter.protocol.http.sampler.HTTPSampler: java.io.FileNotFoundException: http://localhost:8010/images/top_base_rgt.jpg 
2006/09/12 17:33:57 ERROR - jmeter.protocol.http.sampler.HTTPSampler: 
<html><head><title>Apache Tomcat/5.0.25 - Error report</title><style><!--H1 {font-family:Tahoma,Arial,sans-serif;color:white;background-color:#525D76;font-size:22px;} H2 {font-family:Tahoma,Arial,sans-serif;color:white;background-color:#525D76;font-size:16px;} H3 {font-family:Tahoma,Arial,sans-serif;color:white;background-color:#525D76;font-size:14px;} BODY {font-family:Tahoma,Arial,sans-serif;color:black;background-color:white;} B {font-family:Tahoma,Arial,sans-serif;color:white;background-color:#525D76;} P {font-family:Tahoma,Arial,sans-serif;background:white;color:black;font-size:12px;}A {color : black;}A.name {color : black;}HR {color : #525D76;}--></style> </head><body><h1>HTTP Status 404 - /images/top_base_rgt.jpg</h1><HR size="1" noshade="noshade"><p><b>type</b> Status report</p><p><b>message</b> <u>/images/top_base_rgt.jpg</u></p><p><b>description</b> <u>The requested resource (/images/top_base_rgt.jpg) is not available.</u></p><HR size="1" noshade="noshade"><h3>Apache Tomcat/5
	... 
2006/09/12 17:33:57 ERROR - jmeter.protocol.http.sampler.HTTPSampler: java.io.FileNotFoundException: http://localhost:8010/images/top_base_center.jpg 
2006/09/12 17:33:57 ERROR - jmeter.protocol.http.sampler.HTTPSampler: 
<html><head><title>Apache Tomcat/5.0.25 - Error report</title><style><!--H1 {font-family:Tahoma,Arial,sans-serif;color:white;background-color:#525D76;font-size:22px;} H2 {font-family:Tahoma,Arial,sans-serif;color:white;background-color:#525D76;font-size:16px;} H3 {font-family:Tahoma,Arial,sans-serif;color:white;background-color:#525D76;font-size:14px;} BODY {font-family:Tahoma,Arial,sans-serif;color:black;background-color:white;} B {font-family:Tahoma,Arial,sans-serif;color:white;background-color:#525D76;} P {font-family:Tahoma,Arial,sans-serif;background:white;color:black;font-size:12px;}A {color : black;}A.name {color : black;}HR {color : #525D76;}--></style> </head><body><h1>HTTP Status 404 - /images/top_base_center.jpg</h1><HR size="1" noshade="noshade"><p><b>type</b> Status report</p><p><b>message</b> <u>/images/top_base_center.jpg</u></p><p><b>description</b> <u>The requested resource (/images/top_base_center.jpg) is not available.</u></p><HR size="1" noshade="noshade"><h3>Apache
	... 
2006/09/12 17:34:15 ERROR - jmeter.gui.GuiPackage: Problem retrieving gui java.lang.NullPointerException
	at org.apache.jmeter.protocol.http.proxy.gui.ProxyControlGui.actionPerformed(ProxyControlGui.java:307)
	at javax.swing.JComboBox.fireActionEvent(JComboBox.java:1197)
	at javax.swing.JComboBox.contentsChanged(JComboBox.java:1268)
	at javax.swing.JComboBox.intervalRemoved(JComboBox.java:1288)
	at javax.swing.AbstractListModel.fireIntervalRemoved(AbstractListModel.java:161)
	at javax.swing.DefaultComboBoxModel.removeAllElements(DefaultComboBoxModel.java:169)
	at org.apache.jmeter.protocol.http.proxy.gui.ProxyControlGui.reinitializeTargetCombo(ProxyControlGui.java:598)
	at org.apache.jmeter.protocol.http.proxy.gui.ProxyControlGui.configure(ProxyControlGui.java:227)
	at org.apache.jmeter.gui.GuiPackage.getCurrentGui(GuiPackage.java:239)
	at org.apache.jmeter.gui.tree.JMeterTreeModel.addComponent(JMeterTreeModel.java:111)
	at org.apache.jmeter.protocol.http.proxy.ProxyControl.placeSampler(ProxyControl.java:606)
	at org.apache.jmeter.protocol.http.proxy.ProxyControl.deliverSampler(ProxyControl.java:300)
	at org.apache.jmeter.protocol.http.proxy.Proxy.run(Proxy.java:125)

2006/09/12 17:34:22 INFO  - jmeter.protocol.http.proxy.Daemon: Proxy Server stopped 
2006/09/12 17:34:42 INFO  - jmeter.gui.action.Load: Loading file: F:\jakarta-jmeter-2.1.1\bin\manoj\Test Plan.jmx 
2006/09/12 17:35:10 INFO  - jmeter.protocol.http.proxy.Daemon: Proxy: OK 
2006/09/12 17:35:10 INFO  - jmeter.protocol.http.proxy.Daemon: Creating Daemon Socket... on port 8080 
2006/09/12 17:35:10 INFO  - jmeter.protocol.http.proxy.Daemon: Proxy up and running! 
2006/09/12 17:35:25 ERROR - jmeter.protocol.http.sampler.HTTPSampler: java.io.FileNotFoundException: http://localhost:8010/images/top_base_lft.jpg 
2006/09/12 17:35:25 ERROR - jmeter.protocol.http.sampler.HTTPSampler: 
<html><head><title>Apache Tomcat/5.0.25 - Error report</title><style><!--H1 {font-family:Tahoma,Arial,sans-serif;color:white;background-color:#525D76;font-size:22px;} H2 {font-family:Tahoma,Arial,sans-serif;color:white;background-color:#525D76;font-size:16px;} H3 {font-family:Tahoma,Arial,sans-serif;color:white;background-color:#525D76;font-size:14px;} BODY {font-family:Tahoma,Arial,sans-serif;color:black;background-color:white;} B {font-family:Tahoma,Arial,sans-serif;color:white;background-color:#525D76;} P {font-family:Tahoma,Arial,sans-serif;background:white;color:black;font-size:12px;}A {color : black;}A.name {color : black;}HR {color : #525D76;}--></style> </head><body><h1>HTTP Status 404 - /images/top_base_lft.jpg</h1><HR size="1" noshade="noshade"><p><b>type</b> Status report</p><p><b>message</b> <u>/images/top_base_lft.jpg</u></p><p><b>description</b> <u>The requested resource (/images/top_base_lft.jpg) is not available.</u></p><HR size="1" noshade="noshade"><h3>Apache Tomcat/5
	... 
2006/09/12 17:35:25 ERROR - jmeter.protocol.http.sampler.HTTPSampler: java.io.FileNotFoundException: http://localhost:8010/images/top_base_rgt.jpg 
2006/09/12 17:35:25 ERROR - jmeter.protocol.http.sampler.HTTPSampler: 
<html><head><title>Apache Tomcat/5.0.25 - Error report</title><style><!--H1 {font-family:Tahoma,Arial,sans-serif;color:white;background-color:#525D76;font-size:22px;} H2 {font-family:Tahoma,Arial,sans-serif;color:white;background-color:#525D76;font-size:16px;} H3 {font-family:Tahoma,Arial,sans-serif;color:white;background-color:#525D76;font-size:14px;} BODY {font-family:Tahoma,Arial,sans-serif;color:black;background-color:white;} B {font-family:Tahoma,Arial,sans-serif;color:white;background-color:#525D76;} P {font-family:Tahoma,Arial,sans-serif;background:white;color:black;font-size:12px;}A {color : black;}A.name {color : black;}HR {color : #525D76;}--></style> </head><body><h1>HTTP Status 404 - /images/top_base_rgt.jpg</h1><HR size="1" noshade="noshade"><p><b>type</b> Status report</p><p><b>message</b> <u>/images/top_base_rgt.jpg</u></p><p><b>description</b> <u>The requested resource (/images/top_base_rgt.jpg) is not available.</u></p><HR size="1" noshade="noshade"><h3>Apache Tomcat/5
	... 
2006/09/12 17:35:25 ERROR - jmeter.protocol.http.sampler.HTTPSampler: java.io.FileNotFoundException: http://localhost:8010/images/top_base_center.jpg 
2006/09/12 17:35:25 ERROR - jmeter.protocol.http.sampler.HTTPSampler: 
<html><head><title>Apache Tomcat/5.0.25 - Error report</title><style><!--H1 {font-family:Tahoma,Arial,sans-serif;color:white;background-color:#525D76;font-size:22px;} H2 {font-family:Tahoma,Arial,sans-serif;color:white;background-color:#525D76;font-size:16px;} H3 {font-family:Tahoma,Arial,sans-serif;color:white;background-color:#525D76;font-size:14px;} BODY {font-family:Tahoma,Arial,sans-serif;color:black;background-color:white;} B {font-family:Tahoma,Arial,sans-serif;color:white;background-color:#525D76;} P {font-family:Tahoma,Arial,sans-serif;background:white;color:black;font-size:12px;}A {color : black;}A.name {color : black;}HR {color : #525D76;}--></style> </head><body><h1>HTTP Status 404 - /images/top_base_center.jpg</h1><HR size="1" noshade="noshade"><p><b>type</b> Status report</p><p><b>message</b> <u>/images/top_base_center.jpg</u></p><p><b>description</b> <u>The requested resource (/images/top_base_center.jpg) is not available.</u></p><HR size="1" noshade="noshade"><h3>Apache
	... 
2006/09/12 17:37:15 INFO  - jmeter.protocol.http.proxy.Daemon: Proxy Server stopped 
2006/09/12 17:39:36 INFO  - jmeter.gui.action.Load: Loading file: F:\jakarta-jmeter-2.1.1\bin\manoj\Test Plan.jmx 
2006/09/12 17:40:18 INFO  - jmeter.engine.StandardJMeterEngine: Running the test! 
2006/09/12 17:40:18 INFO  - jmeter.gui.util.JMeterMenuBar: setRunning(true,local) 
2006/09/12 17:40:18 INFO  - jmeter.engine.StandardJMeterEngine: Starting 10 threads for group Thread Group. Ramp up = 1. 
2006/09/12 17:40:18 INFO  - jmeter.engine.StandardJMeterEngine: Continue on error 
2006/09/12 17:40:18 WARN  - jmeter.threads.JMeterThread: jmeterthread.startearlier=true (see jmeter.properties) 
2006/09/12 17:40:18 INFO  - jmeter.threads.JMeterThread: Thread Thread Group 1-1 started 
2006/09/12 17:40:18 INFO  - jmeter.threads.JMeterThread: Thread Thread Group 1-2 started 
2006/09/12 17:40:18 INFO  - jmeter.threads.JMeterThread: Thread Thread Group 1-3 started 
2006/09/12 17:40:19 INFO  - jmeter.threads.JMeterThread: Thread Thread Group 1-4 started 
2006/09/12 17:40:19 INFO  - jmeter.threads.JMeterThread: Thread Thread Group 1-5 started 
2006/09/12 17:40:19 INFO  - jmeter.threads.JMeterThread: Thread Thread Group 1-6 started 
2006/09/12 17:40:19 INFO  - jmeter.threads.JMeterThread: Thread Thread Group 1-7 started 
2006/09/12 17:40:19 INFO  - jmeter.threads.JMeterThread: Thread Thread Group 1-8 started 
2006/09/12 17:40:19 INFO  - jmeter.threads.JMeterThread: Thread Thread Group 1-9 started 
2006/09/12 17:40:19 INFO  - jmeter.threads.JMeterThread: Thread Thread Group 1-10 started 
2006/09/12 17:40:21 ERROR - jmeter.protocol.http.sampler.HTTPSampler: java.io.FileNotFoundException: http://localhost:8010/images/top_base_lft.jpg 
2006/09/12 17:40:21 ERROR - jmeter.protocol.http.sampler.HTTPSampler: 
<html><head><title>Apache Tomcat/5.0.25 - Error report</title><style><!--H1 {font-family:Tahoma,Arial,sans-serif;color:white;background-color:#525D76;font-size:22px;} H2 {font-family:Tahoma,Arial,sans-serif;color:white;background-color:#525D76;font-size:16px;} H3 {font-family:Tahoma,Arial,sans-serif;color:white;background-color:#525D76;font-size:14px;} BODY {font-family:Tahoma,Arial,sans-serif;color:black;background-color:white;} B {font-family:Tahoma,Arial,sans-serif;color:white;background-color:#525D76;} P {font-family:Tahoma,Arial,sans-serif;background:white;color:black;font-size:12px;}A {color : black;}A.name {color : black;}HR {color : #525D76;}--></style> </head><body><h1>HTTP Status 404 - /images/top_base_lft.jpg</h1><HR size="1" noshade="noshade"><p><b>type</b> Status report</p><p><b>message</b> <u>/images/top_base_lft.jpg</u></p><p><b>description</b> <u>The requested resource (/images/top_base_lft.jpg) is not available.</u></p><HR size="1" noshade="noshade"><h3>Apache Tomcat/5
	... 
2006/09/12 17:40:21 ERROR - jmeter.protocol.http.sampler.HTTPSampler: java.io.FileNotFoundException: http://localhost:8010/images/top_base_rgt.jpg 
2006/09/12 17:40:21 ERROR - jmeter.protocol.http.sampler.HTTPSampler: 
<html><head><title>Apache Tomcat/5.0.25 - Error report</title><style><!--H1 {font-family:Tahoma,Arial,sans-serif;color:white;background-color:#525D76;font-size:22px;} H2 {font-family:Tahoma,Arial,sans-serif;color:white;background-color:#525D76;font-size:16px;} H3 {font-family:Tahoma,Arial,sans-serif;color:white;background-color:#525D76;font-size:14px;} BODY {font-family:Tahoma,Arial,sans-serif;color:black;background-color:white;} B {font-family:Tahoma,Arial,sans-serif;color:white;background-color:#525D76;} P {font-family:Tahoma,Arial,sans-serif;background:white;color:black;font-size:12px;}A {color : black;}A.name {color : black;}HR {color : #525D76;}--></style> </head><body><h1>HTTP Status 404 - /images/top_base_rgt.jpg</h1><HR size="1" noshade="noshade"><p><b>type</b> Status report</p><p><b>message</b> <u>/images/top_base_rgt.jpg</u></p><p><b>description</b> <u>The requested resource (/images/top_base_rgt.jpg) is not available.</u></p><HR size="1" noshade="noshade"><h3>Apache Tomcat/5
	... 
2006/09/12 17:40:21 ERROR - jmeter.protocol.http.sampler.HTTPSampler: java.io.FileNotFoundException: http://localhost:8010/images/top_base_center.jpg 
2006/09/12 17:40:21 ERROR - jmeter.protocol.http.sampler.HTTPSampler: 
<html><head><title>Apache Tomcat/5.0.25 - Error report</title><style><!--H1 {font-family:Tahoma,Arial,sans-serif;color:white;background-color:#525D76;font-size:22px;} H2 {font-family:Tahoma,Arial,sans-serif;color:white;background-color:#525D76;font-size:16px;} H3 {font-family:Tahoma,Arial,sans-serif;color:white;background-color:#525D76;font-size:14px;} BODY {font-family:Tahoma,Arial,sans-serif;color:black;background-color:white;} B {font-family:Tahoma,Arial,sans-serif;color:white;background-color:#525D76;} P {font-family:Tahoma,Arial,sans-serif;background:white;color:black;font-size:12px;}A {color : black;}A.name {color : black;}HR {color : #525D76;}--></style> </head><body><h1>HTTP Status 404 - /images/top_base_center.jpg</h1><HR size="1" noshade="noshade"><p><b>type</b> Status report</p><p><b>message</b> <u>/images/top_base_center.jpg</u></p><p><b>description</b> <u>The requested resource (/images/top_base_center.jpg) is not available.</u></p><HR size="1" noshade="noshade"><h3>Apache
	... 
2006/09/12 17:40:21 ERROR - jmeter.protocol.http.sampler.HTTPSampler: java.io.FileNotFoundException: http://localhost:8010/images/top_base_lft.jpg 
2006/09/12 17:40:21 ERROR - jmeter.protocol.http.sampler.HTTPSampler: 
<html><head><title>Apache Tomcat/5.0.25 - Error report</title><style><!--H1 {font-family:Tahoma,Arial,sans-serif;color:white;background-color:#525D76;font-size:22px;} H2 {font-family:Tahoma,Arial,sans-serif;color:white;background-color:#525D76;font-size:16px;} H3 {font-family:Tahoma,Arial,sans-serif;color:white;background-color:#525D76;font-size:14px;} BODY {font-family:Tahoma,Arial,sans-serif;color:black;background-color:white;} B {font-family:Tahoma,Arial,sans-serif;color:white;background-color:#525D76;} P {font-family:Tahoma,Arial,sans-serif;background:white;color:black;font-size:12px;}A {color : black;}A.name {color : black;}HR {color : #525D76;}--></style> </head><body><h1>HTTP Status 404 - /images/top_base_lft.jpg</h1><HR size="1" noshade="noshade"><p><b>type</b> Status report</p><p><b>message</b> <u>/images/top_base_lft.jpg</u></p><p><b>description</b> <u>The requested resource (/images/top_base_lft.jpg) is not available.</u></p><HR size="1" noshade="noshade"><h3>Apache Tomcat/5
	... 
2006/09/12 17:40:21 ERROR - jmeter.protocol.http.sampler.HTTPSampler: java.io.FileNotFoundException: http://localhost:8010/images/top_base_rgt.jpg 
2006/09/12 17:40:21 ERROR - jmeter.protocol.http.sampler.HTTPSampler: 
<html><head><title>Apache Tomcat/5.0.25 - Error report</title><style><!--H1 {font-family:Tahoma,Arial,sans-serif;color:white;background-color:#525D76;font-size:22px;} H2 {font-family:Tahoma,Arial,sans-serif;color:white;background-color:#525D76;font-size:16px;} H3 {font-family:Tahoma,Arial,sans-serif;color:white;background-color:#525D76;font-size:14px;} BODY {font-family:Tahoma,Arial,sans-serif;color:black;background-color:white;} B {font-family:Tahoma,Arial,sans-serif;color:white;background-color:#525D76;} P {font-family:Tahoma,Arial,sans-serif;background:white;color:black;font-size:12px;}A {color : black;}A.name {color : black;}HR {color : #525D76;}--></style> </head><body><h1>HTTP Status 404 - /images/top_base_rgt.jpg</h1><HR size="1" noshade="noshade"><p><b>type</b> Status report</p><p><b>message</b> <u>/images/top_base_rgt.jpg</u></p><p><b>description</b> <u>The requested resource (/images/top_base_rgt.jpg) is not available.</u></p><HR size="1" noshade="noshade"><h3>Apache Tomcat/5
	... 
2006/09/12 17:40:21 ERROR - jmeter.protocol.http.sampler.HTTPSampler: java.io.FileNotFoundException: http://localhost:8010/images/top_base_center.jpg 
2006/09/12 17:40:21 ERROR - jmeter.protocol.http.sampler.HTTPSampler: 
<html><head><title>Apache Tomcat/5.0.25 - Error report</title><style><!--H1 {font-family:Tahoma,Arial,sans-serif;color:white;background-color:#525D76;font-size:22px;} H2 {font-family:Tahoma,Arial,sans-serif;color:white;background-color:#525D76;font-size:16px;} H3 {font-family:Tahoma,Arial,sans-serif;color:white;background-color:#525D76;font-size:14px;} BODY {font-family:Tahoma,Arial,sans-serif;color:black;background-color:white;} B {font-family:Tahoma,Arial,sans-serif;color:white;background-color:#525D76;} P {font-family:Tahoma,Arial,sans-serif;background:white;color:black;font-size:12px;}A {color : black;}A.name {color : black;}HR {color : #525D76;}--></style> </head><body><h1>HTTP Status 404 - /images/top_base_center.jpg</h1><HR size="1" noshade="noshade"><p><b>type</b> Status report</p><p><b>message</b> <u>/images/top_base_center.jpg</u></p><p><b>description</b> <u>The requested resource (/images/top_base_center.jpg) is not available.</u></p><HR size="1" noshade="noshade"><h3>Apache
	... 
2006/09/12 17:40:21 ERROR - jmeter.protocol.http.sampler.HTTPSampler: java.io.FileNotFoundException: http://localhost:8010/images/top_base_lft.jpg 
2006/09/12 17:40:21 ERROR - jmeter.protocol.http.sampler.HTTPSampler: 
<html><head><title>Apache Tomcat/5.0.25 - Error report</title><style><!--H1 {font-family:Tahoma,Arial,sans-serif;color:white;background-color:#525D76;font-size:22px;} H2 {font-family:Tahoma,Arial,sans-serif;color:white;background-color:#525D76;font-size:16px;} H3 {font-family:Tahoma,Arial,sans-serif;color:white;background-color:#525D76;font-size:14px;} BODY {font-family:Tahoma,Arial,sans-serif;color:black;background-color:white;} B {font-family:Tahoma,Arial,sans-serif;color:white;background-color:#525D76;} P {font-family:Tahoma,Arial,sans-serif;background:white;color:black;font-size:12px;}A {color : black;}A.name {color : black;}HR {color : #525D76;}--></style> </head><body><h1>HTTP Status 404 - /images/top_base_lft.jpg</h1><HR size="1" noshade="noshade"><p><b>type</b> Status report</p><p><b>message</b> <u>/images/top_base_lft.jpg</u></p><p><b>description</b> <u>The requested resource (/images/top_base_lft.jpg) is not available.</u></p><HR size="1" noshade="noshade"><h3>Apache Tomcat/5
	... 
2006/09/12 17:40:21 ERROR - jmeter.protocol.http.sampler.HTTPSampler: java.io.FileNotFoundException: http://localhost:8010/images/top_base_rgt.jpg 
2006/09/12 17:40:21 ERROR - jmeter.protocol.http.sampler.HTTPSampler: 
<html><head><title>Apache Tomcat/5.0.25 - Error report</title><style><!--H1 {font-family:Tahoma,Arial,sans-serif;color:white;background-color:#525D76;font-size:22px;} H2 {font-family:Tahoma,Arial,sans-serif;color:white;background-color:#525D76;font-size:16px;} H3 {font-family:Tahoma,Arial,sans-serif;color:white;background-color:#525D76;font-size:14px;} BODY {font-family:Tahoma,Arial,sans-serif;color:black;background-color:white;} B {font-family:Tahoma,Arial,sans-serif;color:white;background-color:#525D76;} P {font-family:Tahoma,Arial,sans-serif;background:white;color:black;font-size:12px;}A {color : black;}A.name {color : black;}HR {color : #525D76;}--></style> </head><body><h1>HTTP Status 404 - /images/top_base_rgt.jpg</h1><HR size="1" noshade="noshade"><p><b>type</b> Status report</p><p><b>message</b> <u>/images/top_base_rgt.jpg</u></p><p><b>description</b> <u>The requested resource (/images/top_base_rgt.jpg) is not available.</u></p><HR size="1" noshade="noshade"><h3>Apache Tomcat/5
	... 
2006/09/12 17:40:21 ERROR - jmeter.protocol.http.sampler.HTTPSampler: java.io.FileNotFoundException: http://localhost:8010/images/top_base_center.jpg 
2006/09/12 17:40:21 ERROR - jmeter.protocol.http.sampler.HTTPSampler: 
<html><head><title>Apache Tomcat/5.0.25 - Error report</title><style><!--H1 {font-family:Tahoma,Arial,sans-serif;color:white;background-color:#525D76;font-size:22px;} H2 {font-family:Tahoma,Arial,sans-serif;color:white;background-color:#525D76;font-size:16px;} H3 {font-family:Tahoma,Arial,sans-serif;color:white;background-color:#525D76;font-size:14px;} BODY {font-family:Tahoma,Arial,sans-serif;color:black;background-color:white;} B {font-family:Tahoma,Arial,sans-serif;color:white;background-color:#525D76;} P {font-family:Tahoma,Arial,sans-serif;background:white;color:black;font-size:12px;}A {color : black;}A.name {color : black;}HR {color : #525D76;}--></style> </head><body><h1>HTTP Status 404 - /images/top_base_center.jpg</h1><HR size="1" noshade="noshade"><p><b>type</b> Status report</p><p><b>message</b> <u>/images/top_base_center.jpg</u></p><p><b>description</b> <u>The requested resource (/images/top_base_center.jpg) is not available.</u></p><HR size="1" noshade="noshade"><h3>Apache
	... 
2006/09/12 17:40:21 ERROR - jmeter.protocol.http.sampler.HTTPSampler: java.io.FileNotFoundException: http://localhost:8010/images/top_base_lft.jpg 
2006/09/12 17:40:21 ERROR - jmeter.protocol.http.sampler.HTTPSampler: 
<html><head><title>Apache Tomcat/5.0.25 - Error report</title><style><!--H1 {font-family:Tahoma,Arial,sans-serif;color:white;background-color:#525D76;font-size:22px;} H2 {font-family:Tahoma,Arial,sans-serif;color:white;background-color:#525D76;font-size:16px;} H3 {font-family:Tahoma,Arial,sans-serif;color:white;background-color:#525D76;font-size:14px;} BODY {font-family:Tahoma,Arial,sans-serif;color:black;background-color:white;} B {font-family:Tahoma,Arial,sans-serif;color:white;background-color:#525D76;} P {font-family:Tahoma,Arial,sans-serif;background:white;color:black;font-size:12px;}A {color : black;}A.name {color : black;}HR {color : #525D76;}--></style> </head><body><h1>HTTP Status 404 - /images/top_base_lft.jpg</h1><HR size="1" noshade="noshade"><p><b>type</b> Status report</p><p><b>message</b> <u>/images/top_base_lft.jpg</u></p><p><b>description</b> <u>The requested resource (/images/top_base_lft.jpg) is not available.</u></p><HR size="1" noshade="noshade"><h3>Apache Tomcat/5
	... 
2006/09/12 17:40:21 ERROR - jmeter.protocol.http.sampler.HTTPSampler: java.io.FileNotFoundException: http://localhost:8010/images/top_base_rgt.jpg 
2006/09/12 17:40:21 ERROR - jmeter.protocol.http.sampler.HTTPSampler: 
<html><head><title>Apache Tomcat/5.0.25 - Error report</title><style><!--H1 {font-family:Tahoma,Arial,sans-serif;color:white;background-color:#525D76;font-size:22px;} H2 {font-family:Tahoma,Arial,sans-serif;color:white;background-color:#525D76;font-size:16px;} H3 {font-family:Tahoma,Arial,sans-serif;color:white;background-color:#525D76;font-size:14px;} BODY {font-family:Tahoma,Arial,sans-serif;color:black;background-color:white;} B {font-family:Tahoma,Arial,sans-serif;color:white;background-color:#525D76;} P {font-family:Tahoma,Arial,sans-serif;background:white;color:black;font-size:12px;}A {color : black;}A.name {color : black;}HR {color : #525D76;}--></style> </head><body><h1>HTTP Status 404 - /images/top_base_rgt.jpg</h1><HR size="1" noshade="noshade"><p><b>type</b> Status report</p><p><b>message</b> <u>/images/top_base_rgt.jpg</u></p><p><b>description</b> <u>The requested resource (/images/top_base_rgt.jpg) is not available.</u></p><HR size="1" noshade="noshade"><h3>Apache Tomcat/5
	... 
2006/09/12 17:40:21 ERROR - jmeter.protocol.http.sampler.HTTPSampler: java.io.FileNotFoundException: http://localhost:8010/images/top_base_center.jpg 
2006/09/12 17:40:21 ERROR - jmeter.protocol.http.sampler.HTTPSampler: 
<html><head><title>Apache Tomcat/5.0.25 - Error report</title><style><!--H1 {font-family:Tahoma,Arial,sans-serif;color:white;background-color:#525D76;font-size:22px;} H2 {font-family:Tahoma,Arial,sans-serif;color:white;background-color:#525D76;font-size:16px;} H3 {font-family:Tahoma,Arial,sans-serif;color:white;background-color:#525D76;font-size:14px;} BODY {font-family:Tahoma,Arial,sans-serif;color:black;background-color:white;} B {font-family:Tahoma,Arial,sans-serif;color:white;background-color:#525D76;} P {font-family:Tahoma,Arial,sans-serif;background:white;color:black;font-size:12px;}A {color : black;}A.name {color : black;}HR {color : #525D76;}--></style> </head><body><h1>HTTP Status 404 - /images/top_base_center.jpg</h1><HR size="1" noshade="noshade"><p><b>type</b> Status report</p><p><b>message</b> <u>/images/top_base_center.jpg</u></p><p><b>description</b> <u>The requested resource (/images/top_base_center.jpg) is not available.</u></p><HR size="1" noshade="noshade"><h3>Apache
	... 
2006/09/12 17:40:21 ERROR - jmeter.protocol.http.sampler.HTTPSampler: java.io.FileNotFoundException: http://localhost:8010/images/top_base_lft.jpg 
2006/09/12 17:40:21 ERROR - jmeter.protocol.http.sampler.HTTPSampler: 
<html><head><title>Apache Tomcat/5.0.25 - Error report</title><style><!--H1 {font-family:Tahoma,Arial,sans-serif;color:white;background-color:#525D76;font-size:22px;} H2 {font-family:Tahoma,Arial,sans-serif;color:white;background-color:#525D76;font-size:16px;} H3 {font-family:Tahoma,Arial,sans-serif;color:white;background-color:#525D76;font-size:14px;} BODY {font-family:Tahoma,Arial,sans-serif;color:black;background-color:white;} B {font-family:Tahoma,Arial,sans-serif;color:white;background-color:#525D76;} P {font-family:Tahoma,Arial,sans-serif;background:white;color:black;font-size:12px;}A {color : black;}A.name {color : black;}HR {color : #525D76;}--></style> </head><body><h1>HTTP Status 404 - /images/top_base_lft.jpg</h1><HR size="1" noshade="noshade"><p><b>type</b> Status report</p><p><b>message</b> <u>/images/top_base_lft.jpg</u></p><p><b>description</b> <u>The requested resource (/images/top_base_lft.jpg) is not available.</u></p><HR size="1" noshade="noshade"><h3>Apache Tomcat/5
	... 
2006/09/12 17:40:21 ERROR - jmeter.protocol.http.sampler.HTTPSampler: java.io.FileNotFoundException: http://localhost:8010/images/top_base_lft.jpg 
2006/09/12 17:40:21 ERROR - jmeter.protocol.http.sampler.HTTPSampler: 
<html><head><title>Apache Tomcat/5.0.25 - Error report</title><style><!--H1 {font-family:Tahoma,Arial,sans-serif;color:white;background-color:#525D76;font-size:22px;} H2 {font-family:Tahoma,Arial,sans-serif;color:white;background-color:#525D76;font-size:16px;} H3 {font-family:Tahoma,Arial,sans-serif;color:white;background-color:#525D76;font-size:14px;} BODY {font-family:Tahoma,Arial,sans-serif;color:black;background-color:white;} B {font-family:Tahoma,Arial,sans-serif;color:white;background-color:#525D76;} P {font-family:Tahoma,Arial,sans-serif;background:white;color:black;font-size:12px;}A {color : black;}A.name {color : black;}HR {color : #525D76;}--></style> </head><body><h1>HTTP Status 404 - /images/top_base_lft.jpg</h1><HR size="1" noshade="noshade"><p><b>type</b> Status report</p><p><b>message</b> <u>/images/top_base_lft.jpg</u></p><p><b>description</b> <u>The requested resource (/images/top_base_lft.jpg) is not available.</u></p><HR size="1" noshade="noshade"><h3>Apache Tomcat/5
	... 
2006/09/12 17:40:21 ERROR - jmeter.protocol.http.sampler.HTTPSampler: java.io.FileNotFoundException: http://localhost:8010/images/top_base_rgt.jpg 
2006/09/12 17:40:21 ERROR - jmeter.protocol.http.sampler.HTTPSampler: 
<html><head><title>Apache Tomcat/5.0.25 - Error report</title><style><!--H1 {font-family:Tahoma,Arial,sans-serif;color:white;background-color:#525D76;font-size:22px;} H2 {font-family:Tahoma,Arial,sans-serif;color:white;background-color:#525D76;font-size:16px;} H3 {font-family:Tahoma,Arial,sans-serif;color:white;background-color:#525D76;font-size:14px;} BODY {font-family:Tahoma,Arial,sans-serif;color:black;background-color:white;} B {font-family:Tahoma,Arial,sans-serif;color:white;background-color:#525D76;} P {font-family:Tahoma,Arial,sans-serif;background:white;color:black;font-size:12px;}A {color : black;}A.name {color : black;}HR {color : #525D76;}--></style> </head><body><h1>HTTP Status 404 - /images/top_base_rgt.jpg</h1><HR size="1" noshade="noshade"><p><b>type</b> Status report</p><p><b>message</b> <u>/images/top_base_rgt.jpg</u></p><p><b>description</b> <u>The requested resource (/images/top_base_rgt.jpg) is not available.</u></p><HR size="1" noshade="noshade"><h3>Apache Tomcat/5
	... 
2006/09/12 17:40:21 ERROR - jmeter.protocol.http.sampler.HTTPSampler: java.io.FileNotFoundException: http://localhost:8010/images/top_base_center.jpg 
2006/09/12 17:40:21 ERROR - jmeter.protocol.http.sampler.HTTPSampler: 
<html><head><title>Apache Tomcat/5.0.25 - Error report</title><style><!--H1 {font-family:Tahoma,Arial,sans-serif;color:white;background-color:#525D76;font-size:22px;} H2 {font-family:Tahoma,Arial,sans-serif;color:white;background-color:#525D76;font-size:16px;} H3 {font-family:Tahoma,Arial,sans-serif;color:white;background-color:#525D76;font-size:14px;} BODY {font-family:Tahoma,Arial,sans-serif;color:black;background-color:white;} B {font-family:Tahoma,Arial,sans-serif;color:white;background-color:#525D76;} P {font-family:Tahoma,Arial,sans-serif;background:white;color:black;font-size:12px;}A {color : black;}A.name {color : black;}HR {color : #525D76;}--></style> </head><body><h1>HTTP Status 404 - /images/top_base_center.jpg</h1><HR size="1" noshade="noshade"><p><b>type</b> Status report</p><p><b>message</b> <u>/images/top_base_center.jpg</u></p><p><b>description</b> <u>The requested resource (/images/top_base_center.jpg) is not available.</u></p><HR size="1" noshade="noshade"><h3>Apache
	... 
2006/09/12 17:40:21 ERROR - jmeter.protocol.http.sampler.HTTPSampler: java.io.FileNotFoundException: http://localhost:8010/images/top_base_lft.jpg 
2006/09/12 17:40:21 ERROR - jmeter.protocol.http.sampler.HTTPSampler: 
<html><head><title>Apache Tomcat/5.0.25 - Error report</title><style><!--H1 {font-family:Tahoma,Arial,sans-serif;color:white;background-color:#525D76;font-size:22px;} H2 {font-family:Tahoma,Arial,sans-serif;color:white;background-color:#525D76;font-size:16px;} H3 {font-family:Tahoma,Arial,sans-serif;color:white;background-color:#525D76;font-size:14px;} BODY {font-family:Tahoma,Arial,sans-serif;color:black;background-color:white;} B {font-family:Tahoma,Arial,sans-serif;color:white;background-color:#525D76;} P {font-family:Tahoma,Arial,sans-serif;background:white;color:black;font-size:12px;}A {color : black;}A.name {color : black;}HR {color : #525D76;}--></style> </head><body><h1>HTTP Status 404 - /images/top_base_lft.jpg</h1><HR size="1" noshade="noshade"><p><b>type</b> Status report</p><p><b>message</b> <u>/images/top_base_lft.jpg</u></p><p><b>description</b> <u>The requested resource (/images/top_base_lft.jpg) is not available.</u></p><HR size="1" noshade="noshade"><h3>Apache Tomcat/5
	... 
2006/09/12 17:40:21 ERROR - jmeter.protocol.http.sampler.HTTPSampler: java.io.FileNotFoundException: http://localhost:8010/images/top_base_rgt.jpg 
2006/09/12 17:40:21 ERROR - jmeter.protocol.http.sampler.HTTPSampler: 
<html><head><title>Apache Tomcat/5.0.25 - Error report</title><style><!--H1 {font-family:Tahoma,Arial,sans-serif;color:white;background-color:#525D76;font-size:22px;} H2 {font-family:Tahoma,Arial,sans-serif;color:white;background-color:#525D76;font-size:16px;} H3 {font-family:Tahoma,Arial,sans-serif;color:white;background-color:#525D76;font-size:14px;} BODY {font-family:Tahoma,Arial,sans-serif;color:black;background-color:white;} B {font-family:Tahoma,Arial,sans-serif;color:white;background-color:#525D76;} P {font-family:Tahoma,Arial,sans-serif;background:white;color:black;font-size:12px;}A {color : black;}A.name {color : black;}HR {color : #525D76;}--></style> </head><body><h1>HTTP Status 404 - /images/top_base_rgt.jpg</h1><HR size="1" noshade="noshade"><p><b>type</b> Status report</p><p><b>message</b> <u>/images/top_base_rgt.jpg</u></p><p><b>description</b> <u>The requested resource (/images/top_base_rgt.jpg) is not available.</u></p><HR size="1" noshade="noshade"><h3>Apache Tomcat/5
	... 
2006/09/12 17:40:21 ERROR - jmeter.protocol.http.sampler.HTTPSampler: java.io.FileNotFoundException: http://localhost:8010/images/top_base_center.jpg 
2006/09/12 17:40:21 ERROR - jmeter.protocol.http.sampler.HTTPSampler: 
<html><head><title>Apache Tomcat/5.0.25 - Error report</title><style><!--H1 {font-family:Tahoma,Arial,sans-serif;color:white;background-color:#525D76;font-size:22px;} H2 {font-family:Tahoma,Arial,sans-serif;color:white;background-color:#525D76;font-size:16px;} H3 {font-family:Tahoma,Arial,sans-serif;color:white;background-color:#525D76;font-size:14px;} BODY {font-family:Tahoma,Arial,sans-serif;color:black;background-color:white;} B {font-family:Tahoma,Arial,sans-serif;color:white;background-color:#525D76;} P {font-family:Tahoma,Arial,sans-serif;background:white;color:black;font-size:12px;}A {color : black;}A.name {color : black;}HR {color : #525D76;}--></style> </head><body><h1>HTTP Status 404 - /images/top_base_center.jpg</h1><HR size="1" noshade="noshade"><p><b>type</b> Status report</p><p><b>message</b> <u>/images/top_base_center.jpg</u></p><p><b>description</b> <u>The requested resource (/images/top_base_center.jpg) is not available.</u></p><HR size="1" noshade="noshade"><h3>Apache
	... 
2006/09/12 17:40:21 ERROR - jmeter.protocol.http.sampler.HTTPSampler: java.io.FileNotFoundException: http://localhost:8010/images/top_base_lft.jpg 
2006/09/12 17:40:21 ERROR - jmeter.protocol.http.sampler.HTTPSampler: 
<html><head><title>Apache Tomcat/5.0.25 - Error report</title><style><!--H1 {font-family:Tahoma,Arial,sans-serif;color:white;background-color:#525D76;font-size:22px;} H2 {font-family:Tahoma,Arial,sans-serif;color:white;background-color:#525D76;font-size:16px;} H3 {font-family:Tahoma,Arial,sans-serif;color:white;background-color:#525D76;font-size:14px;} BODY {font-family:Tahoma,Arial,sans-serif;color:black;background-color:white;} B {font-family:Tahoma,Arial,sans-serif;color:white;background-color:#525D76;} P {font-family:Tahoma,Arial,sans-serif;background:white;color:black;font-size:12px;}A {color : black;}A.name {color : black;}HR {color : #525D76;}--></style> </head><body><h1>HTTP Status 404 - /images/top_base_lft.jpg</h1><HR size="1" noshade="noshade"><p><b>type</b> Status report</p><p><b>message</b> <u>/images/top_base_lft.jpg</u></p><p><b>description</b> <u>The requested resource (/images/top_base_lft.jpg) is not available.</u></p><HR size="1" noshade="noshade"><h3>Apache Tomcat/5
	... 
2006/09/12 17:40:21 ERROR - jmeter.protocol.http.sampler.HTTPSampler: java.io.FileNotFoundException: http://localhost:8010/images/top_base_rgt.jpg 
2006/09/12 17:40:21 ERROR - jmeter.protocol.http.sampler.HTTPSampler: 
<html><head><title>Apache Tomcat/5.0.25 - Error report</title><style><!--H1 {font-family:Tahoma,Arial,sans-serif;color:white;background-color:#525D76;font-size:22px;} H2 {font-family:Tahoma,Arial,sans-serif;color:white;background-color:#525D76;font-size:16px;} H3 {font-family:Tahoma,Arial,sans-serif;color:white;background-color:#525D76;font-size:14px;} BODY {font-family:Tahoma,Arial,sans-serif;color:black;background-color:white;} B {font-family:Tahoma,Arial,sans-serif;color:white;background-color:#525D76;} P {font-family:Tahoma,Arial,sans-serif;background:white;color:black;font-size:12px;}A {color : black;}A.name {color : black;}HR {color : #525D76;}--></style> </head><body><h1>HTTP Status 404 - /images/top_base_rgt.jpg</h1><HR size="1" noshade="noshade"><p><b>type</b> Status report</p><p><b>message</b> <u>/images/top_base_rgt.jpg</u></p><p><b>description</b> <u>The requested resource (/images/top_base_rgt.jpg) is not available.</u></p><HR size="1" noshade="noshade"><h3>Apache Tomcat/5
	... 
2006/09/12 17:40:21 ERROR - jmeter.protocol.http.sampler.HTTPSampler: java.io.FileNotFoundException: http://localhost:8010/images/top_base_center.jpg 
2006/09/12 17:40:21 ERROR - jmeter.protocol.http.sampler.HTTPSampler: 
<html><head><title>Apache Tomcat/5.0.25 - Error report</title><style><!--H1 {font-family:Tahoma,Arial,sans-serif;color:white;background-color:#525D76;font-size:22px;} H2 {font-family:Tahoma,Arial,sans-serif;color:white;background-color:#525D76;font-size:16px;} H3 {font-family:Tahoma,Arial,sans-serif;color:white;background-color:#525D76;font-size:14px;} BODY {font-family:Tahoma,Arial,sans-serif;color:black;background-color:white;} B {font-family:Tahoma,Arial,sans-serif;color:white;background-color:#525D76;} P {font-family:Tahoma,Arial,sans-serif;background:white;color:black;font-size:12px;}A {color : black;}A.name {color : black;}HR {color : #525D76;}--></style> </head><body><h1>HTTP Status 404 - /images/top_base_center.jpg</h1><HR size="1" noshade="noshade"><p><b>type</b> Status report</p><p><b>message</b> <u>/images/top_base_center.jpg</u></p><p><b>description</b> <u>The requested resource (/images/top_base_center.jpg) is not available.</u></p><HR size="1" noshade="noshade"><h3>Apache
	... 
2006/09/12 17:40:21 ERROR - jmeter.protocol.http.sampler.HTTPSampler: java.io.FileNotFoundException: http://localhost:8010/images/top_base_lft.jpg 
2006/09/12 17:40:21 ERROR - jmeter.protocol.http.sampler.HTTPSampler: 
<html><head><title>Apache Tomcat/5.0.25 - Error report</title><style><!--H1 {font-family:Tahoma,Arial,sans-serif;color:white;background-color:#525D76;font-size:22px;} H2 {font-family:Tahoma,Arial,sans-serif;color:white;background-color:#525D76;font-size:16px;} H3 {font-family:Tahoma,Arial,sans-serif;color:white;background-color:#525D76;font-size:14px;} BODY {font-family:Tahoma,Arial,sans-serif;color:black;background-color:white;} B {font-family:Tahoma,Arial,sans-serif;color:white;background-color:#525D76;} P {font-family:Tahoma,Arial,sans-serif;background:white;color:black;font-size:12px;}A {color : black;}A.name {color : black;}HR {color : #525D76;}--></style> </head><body><h1>HTTP Status 404 - /images/top_base_lft.jpg</h1><HR size="1" noshade="noshade"><p><b>type</b> Status report</p><p><b>message</b> <u>/images/top_base_lft.jpg</u></p><p><b>description</b> <u>The requested resource (/images/top_base_lft.jpg) is not available.</u></p><HR size="1" noshade="noshade"><h3>Apache Tomcat/5
	... 
2006/09/12 17:40:21 ERROR - jmeter.protocol.http.sampler.HTTPSampler: java.io.FileNotFoundException: http://localhost:8010/images/top_base_rgt.jpg 
2006/09/12 17:40:21 ERROR - jmeter.protocol.http.sampler.HTTPSampler: 
<html><head><title>Apache Tomcat/5.0.25 - Error report</title><style><!--H1 {font-family:Tahoma,Arial,sans-serif;color:white;background-color:#525D76;font-size:22px;} H2 {font-family:Tahoma,Arial,sans-serif;color:white;background-color:#525D76;font-size:16px;} H3 {font-family:Tahoma,Arial,sans-serif;color:white;background-color:#525D76;font-size:14px;} BODY {font-family:Tahoma,Arial,sans-serif;color:black;background-color:white;} B {font-family:Tahoma,Arial,sans-serif;color:white;background-color:#525D76;} P {font-family:Tahoma,Arial,sans-serif;background:white;color:black;font-size:12px;}A {color : black;}A.name {color : black;}HR {color : #525D76;}--></style> </head><body><h1>HTTP Status 404 - /images/top_base_rgt.jpg</h1><HR size="1" noshade="noshade"><p><b>type</b> Status report</p><p><b>message</b> <u>/images/top_base_rgt.jpg</u></p><p><b>description</b> <u>The requested resource (/images/top_base_rgt.jpg) is not available.</u></p><HR size="1" noshade="noshade"><h3>Apache Tomcat/5
	... 
2006/09/12 17:40:21 ERROR - jmeter.protocol.http.sampler.HTTPSampler: java.io.FileNotFoundException: http://localhost:8010/images/top_base_center.jpg 
2006/09/12 17:40:21 ERROR - jmeter.protocol.http.sampler.HTTPSampler: 
<html><head><title>Apache Tomcat/5.0.25 - Error report</title><style><!--H1 {font-family:Tahoma,Arial,sans-serif;color:white;background-color:#525D76;font-size:22px;} H2 {font-family:Tahoma,Arial,sans-serif;color:white;background-color:#525D76;font-size:16px;} H3 {font-family:Tahoma,Arial,sans-serif;color:white;background-color:#525D76;font-size:14px;} BODY {font-family:Tahoma,Arial,sans-serif;color:black;background-color:white;} B {font-family:Tahoma,Arial,sans-serif;color:white;background-color:#525D76;} P {font-family:Tahoma,Arial,sans-serif;background:white;color:black;font-size:12px;}A {color : black;}A.name {color : black;}HR {color : #525D76;}--></style> </head><body><h1>HTTP Status 404 - /images/top_base_center.jpg</h1><HR size="1" noshade="noshade"><p><b>type</b> Status report</p><p><b>message</b> <u>/images/top_base_center.jpg</u></p><p><b>description</b> <u>The requested resource (/images/top_base_center.jpg) is not available.</u></p><HR size="1" noshade="noshade"><h3>Apache
	... 
2006/09/12 17:40:21 ERROR - jmeter.protocol.http.sampler.HTTPSampler: java.io.FileNotFoundException: http://localhost:8010/images/top_base_rgt.jpg 
2006/09/12 17:40:21 ERROR - jmeter.protocol.http.sampler.HTTPSampler: 
<html><head><title>Apache Tomcat/5.0.25 - Error report</title><style><!--H1 {font-family:Tahoma,Arial,sans-serif;color:white;background-color:#525D76;font-size:22px;} H2 {font-family:Tahoma,Arial,sans-serif;color:white;background-color:#525D76;font-size:16px;} H3 {font-family:Tahoma,Arial,sans-serif;color:white;background-color:#525D76;font-size:14px;} BODY {font-family:Tahoma,Arial,sans-serif;color:black;background-color:white;} B {font-family:Tahoma,Arial,sans-serif;color:white;background-color:#525D76;} P {font-family:Tahoma,Arial,sans-serif;background:white;color:black;font-size:12px;}A {color : black;}A.name {color : black;}HR {color : #525D76;}--></style> </head><body><h1>HTTP Status 404 - /images/top_base_rgt.jpg</h1><HR size="1" noshade="noshade"><p><b>type</b> Status report</p><p><b>message</b> <u>/images/top_base_rgt.jpg</u></p><p><b>description</b> <u>The requested resource (/images/top_base_rgt.jpg) is not available.</u></p><HR size="1" noshade="noshade"><h3>Apache Tomcat/5
	... 
2006/09/12 17:40:21 ERROR - jmeter.protocol.http.sampler.HTTPSampler: java.io.FileNotFoundException: http://localhost:8010/images/top_base_center.jpg 
2006/09/12 17:40:21 ERROR - jmeter.protocol.http.sampler.HTTPSampler: 
<html><head><title>Apache Tomcat/5.0.25 - Error report</title><style><!--H1 {font-family:Tahoma,Arial,sans-serif;color:white;background-color:#525D76;font-size:22px;} H2 {font-family:Tahoma,Arial,sans-serif;color:white;background-color:#525D76;font-size:16px;} H3 {font-family:Tahoma,Arial,sans-serif;color:white;background-color:#525D76;font-size:14px;} BODY {font-family:Tahoma,Arial,sans-serif;color:black;background-color:white;} B {font-family:Tahoma,Arial,sans-serif;color:white;background-color:#525D76;} P {font-family:Tahoma,Arial,sans-serif;background:white;color:black;font-size:12px;}A {color : black;}A.name {color : black;}HR {color : #525D76;}--></style> </head><body><h1>HTTP Status 404 - /images/top_base_center.jpg</h1><HR size="1" noshade="noshade"><p><b>type</b> Status report</p><p><b>message</b> <u>/images/top_base_center.jpg</u></p><p><b>description</b> <u>The requested resource (/images/top_base_center.jpg) is not available.</u></p><HR size="1" noshade="noshade"><h3>Apache
	... 
2006/09/12 17:40:21 ERROR - jmeter.protocol.http.sampler.HTTPSampler: java.io.FileNotFoundException: http://localhost:8010/images/top_base_lft.jpg 
2006/09/12 17:40:21 ERROR - jmeter.protocol.http.sampler.HTTPSampler: 
<html><head><title>Apache Tomcat/5.0.25 - Error report</title><style><!--H1 {font-family:Tahoma,Arial,sans-serif;color:white;background-color:#525D76;font-size:22px;} H2 {font-family:Tahoma,Arial,sans-serif;color:white;background-color:#525D76;font-size:16px;} H3 {font-family:Tahoma,Arial,sans-serif;color:white;background-color:#525D76;font-size:14px;} BODY {font-family:Tahoma,Arial,sans-serif;color:black;background-color:white;} B {font-family:Tahoma,Arial,sans-serif;color:white;background-color:#525D76;} P {font-family:Tahoma,Arial,sans-serif;background:white;color:black;font-size:12px;}A {color : black;}A.name {color : black;}HR {color : #525D76;}--></style> </head><body><h1>HTTP Status 404 - /images/top_base_lft.jpg</h1><HR size="1" noshade="noshade"><p><b>type</b> Status report</p><p><b>message</b> <u>/images/top_base_lft.jpg</u></p><p><b>description</b> <u>The requested resource (/images/top_base_lft.jpg) is not available.</u></p><HR size="1" noshade="noshade"><h3>Apache Tomcat/5
	... 
2006/09/12 17:40:21 ERROR - jmeter.protocol.http.sampler.HTTPSampler: java.io.FileNotFoundException: http://localhost:8010/images/top_base_rgt.jpg 
2006/09/12 17:40:21 ERROR - jmeter.protocol.http.sampler.HTTPSampler: 
<html><head><title>Apache Tomcat/5.0.25 - Error report</title><style><!--H1 {font-family:Tahoma,Arial,sans-serif;color:white;background-color:#525D76;font-size:22px;} H2 {font-family:Tahoma,Arial,sans-serif;color:white;background-color:#525D76;font-size:16px;} H3 {font-family:Tahoma,Arial,sans-serif;color:white;background-color:#525D76;font-size:14px;} BODY {font-family:Tahoma,Arial,sans-serif;color:black;background-color:white;} B {font-family:Tahoma,Arial,sans-serif;color:white;background-color:#525D76;} P {font-family:Tahoma,Arial,sans-serif;background:white;color:black;font-size:12px;}A {color : black;}A.name {color : black;}HR {color : #525D76;}--></style> </head><body><h1>HTTP Status 404 - /images/top_base_rgt.jpg</h1><HR size="1" noshade="noshade"><p><b>type</b> Status report</p><p><b>message</b> <u>/images/top_base_rgt.jpg</u></p><p><b>description</b> <u>The requested resource (/images/top_base_rgt.jpg) is not available.</u></p><HR size="1" noshade="noshade"><h3>Apache Tomcat/5
	... 
2006/09/12 17:40:21 ERROR - jmeter.protocol.http.sampler.HTTPSampler: java.io.FileNotFoundException: http://localhost:8010/images/top_base_center.jpg 
2006/09/12 17:40:21 ERROR - jmeter.protocol.http.sampler.HTTPSampler: 
<html><head><title>Apache Tomcat/5.0.25 - Error report</title><style><!--H1 {font-family:Tahoma,Arial,sans-serif;color:white;background-color:#525D76;font-size:22px;} H2 {font-family:Tahoma,Arial,sans-serif;color:white;background-color:#525D76;font-size:16px;} H3 {font-family:Tahoma,Arial,sans-serif;color:white;background-color:#525D76;font-size:14px;} BODY {font-family:Tahoma,Arial,sans-serif;color:black;background-color:white;} B {font-family:Tahoma,Arial,sans-serif;color:white;background-color:#525D76;} P {font-family:Tahoma,Arial,sans-serif;background:white;color:black;font-size:12px;}A {color : black;}A.name {color : black;}HR {color : #525D76;}--></style> </head><body><h1>HTTP Status 404 - /images/top_base_center.jpg</h1><HR size="1" noshade="noshade"><p><b>type</b> Status report</p><p><b>message</b> <u>/images/top_base_center.jpg</u></p><p><b>description</b> <u>The requested resource (/images/top_base_center.jpg) is not available.</u></p><HR size="1" noshade="noshade"><h3>Apache
	... 
2006/09/12 17:40:34 ERROR - jmeter.protocol.http.sampler.HTTPSampler: java.io.FileNotFoundException: http://localhost:8010/Afo_Direct/buy_afo.do 
2006/09/12 17:40:34 ERROR - jmeter.protocol.http.sampler.HTTPSampler: 
 
2006/09/12 17:40:34 ERROR - jmeter.protocol.http.sampler.HTTPSampler: java.io.FileNotFoundException: http://localhost:8010/Afo_Direct/buy_afo.do 
2006/09/12 17:40:34 ERROR - jmeter.protocol.http.sampler.HTTPSampler: 
 
2006/09/12 17:40:34 ERROR - jmeter.protocol.http.sampler.HTTPSampler: java.io.FileNotFoundException: http://localhost:8010/Afo_Direct/buy_afo.do 
2006/09/12 17:40:34 ERROR - jmeter.protocol.http.sampler.HTTPSampler: 
 
2006/09/12 17:40:34 ERROR - jmeter.protocol.http.sampler.HTTPSampler: java.io.FileNotFoundException: http://localhost:8010/Afo_Direct/buy_afo.do 
2006/09/12 17:40:34 ERROR - jmeter.protocol.http.sampler.HTTPSampler: java.io.FileNotFoundException: http://localhost:8010/Afo_Direct/buy_afo.do 
2006/09/12 17:40:34 ERROR - jmeter.protocol.http.sampler.HTTPSampler: 
 
2006/09/12 17:40:34 ERROR - jmeter.protocol.http.sampler.HTTPSampler: java.io.FileNotFoundException: http://localhost:8010/Afo_Direct/buy_afo.do 
2006/09/12 17:40:34 ERROR - jmeter.protocol.http.sampler.HTTPSampler: 
 
2006/09/12 17:40:34 ERROR - jmeter.protocol.http.sampler.HTTPSampler: java.io.FileNotFoundException: http://localhost:8010/Afo_Direct/buy_afo.do 
2006/09/12 17:40:34 ERROR - jmeter.protocol.http.sampler.HTTPSampler: 
 
2006/09/12 17:40:34 ERROR - jmeter.protocol.http.sampler.HTTPSampler: 
 
2006/09/12 17:40:34 ERROR - jmeter.protocol.http.sampler.HTTPSampler: java.io.FileNotFoundException: http://localhost:8010/Afo_Direct/buy_afo.do 
2006/09/12 17:40:34 ERROR - jmeter.protocol.http.sampler.HTTPSampler: 
 
2006/09/12 17:40:34 ERROR - jmeter.protocol.http.sampler.HTTPSampler: java.io.FileNotFoundException: http://localhost:8010/Afo_Direct/buy_afo.do 
2006/09/12 17:40:34 ERROR - jmeter.protocol.http.sampler.HTTPSampler: 
 
2006/09/12 17:40:34 ERROR - jmeter.protocol.http.sampler.HTTPSampler: java.io.FileNotFoundException: http://localhost:8010/Afo_Direct/buy_afo.do 
2006/09/12 17:40:34 ERROR - jmeter.protocol.http.sampler.HTTPSampler: 
 
2006/09/12 17:40:36 INFO  - jmeter.threads.JMeterThread: Thread Thread Group 1-1 is done 
2006/09/12 17:40:36 INFO  - jmeter.engine.StandardJMeterEngine: Ending thread 0 
2006/09/12 17:40:36 INFO  - jmeter.threads.JMeterThread: Thread Thread Group 1-6 is done 
2006/09/12 17:40:36 INFO  - jmeter.engine.StandardJMeterEngine: Ending thread 5 
2006/09/12 17:40:36 INFO  - jmeter.threads.JMeterThread: Thread Thread Group 1-9 is done 
2006/09/12 17:40:36 INFO  - jmeter.engine.StandardJMeterEngine: Ending thread 8 
2006/09/12 17:40:36 INFO  - jmeter.threads.JMeterThread: Thread Thread Group 1-3 is done 
2006/09/12 17:40:36 INFO  - jmeter.engine.StandardJMeterEngine: Ending thread 2 
2006/09/12 17:40:36 INFO  - jmeter.threads.JMeterThread: Thread Thread Group 1-7 is done 
2006/09/12 17:40:36 INFO  - jmeter.engine.StandardJMeterEngine: Ending thread 6 
2006/09/12 17:40:36 INFO  - jmeter.threads.JMeterThread: Thread Thread Group 1-4 is done 
2006/09/12 17:40:36 INFO  - jmeter.engine.StandardJMeterEngine: Ending thread 3 
2006/09/12 17:40:36 INFO  - jmeter.threads.JMeterThread: Thread Thread Group 1-5 is done 
2006/09/12 17:40:36 INFO  - jmeter.engine.StandardJMeterEngine: Ending thread 4 
2006/09/12 17:40:36 INFO  - jmeter.threads.JMeterThread: Thread Thread Group 1-10 is done 
2006/09/12 17:40:36 INFO  - jmeter.engine.StandardJMeterEngine: Ending thread 9 
2006/09/12 17:40:37 INFO  - jmeter.threads.JMeterThread: Thread Thread Group 1-2 is done 
2006/09/12 17:40:37 INFO  - jmeter.engine.StandardJMeterEngine: Ending thread 1 
2006/09/12 17:40:37 INFO  - jmeter.threads.JMeterThread: Thread Thread Group 1-8 is done 
2006/09/12 17:40:37 INFO  - jmeter.engine.StandardJMeterEngine: Ending thread 7 
2006/09/12 17:40:37 INFO  - jmeter.engine.StandardJMeterEngine: Stopping test 
2006/09/12 17:40:37 INFO  - jmeter.engine.StandardJMeterEngine: Notifying test listeners of end of test 
2006/09/12 17:40:37 INFO  - jmeter.gui.util.JMeterMenuBar: setRunning(false,local) 
2006/09/12 17:40:37 INFO  - jmeter.engine.StandardJMeterEngine: Test has ended 
