2016/04/19 16:30:49 INFO  - jmeter.util.JMeterUtils: Setting Locale to ru_RU 
2016/04/19 16:30:49 ERROR - jmeter.util.JMeterUtils: Could not find resources for 'ru_RU' 
2016/04/19 16:30:49 INFO  - jmeter.JMeter: Loading user properties from: /home/ayanichkin/Projects/jmeter/bin/user.properties 
2016/04/19 16:30:49 INFO  - jmeter.JMeter: Loading system properties from: /home/ayanichkin/Projects/jmeter/bin/system.properties 
2016/04/19 16:30:49 INFO  - jmeter.JMeter: Copyright (c) 1998-2016 The Apache Software Foundation 
2016/04/19 16:30:49 INFO  - jmeter.JMeter: Version 3.0-SNAPSHOT.20160419 
2016/04/19 16:30:49 INFO  - jmeter.JMeter: java.version=1.8.0_77 
2016/04/19 16:30:49 INFO  - jmeter.JMeter: java.vm.name=Java HotSpot(TM) 64-Bit Server VM 
2016/04/19 16:30:49 INFO  - jmeter.JMeter: os.name=Linux 
2016/04/19 16:30:49 INFO  - jmeter.JMeter: os.arch=amd64 
2016/04/19 16:30:49 INFO  - jmeter.JMeter: os.version=4.2.0-35-generic 
2016/04/19 16:30:49 INFO  - jmeter.JMeter: file.encoding=UTF-8 
2016/04/19 16:30:49 INFO  - jmeter.JMeter: Max memory     =514850816 
2016/04/19 16:30:49 INFO  - jmeter.JMeter: Available Processors =8 
2016/04/19 16:30:49 INFO  - jmeter.JMeter: Default Locale=русский (Россия) 
2016/04/19 16:30:49 INFO  - jmeter.JMeter: JMeter  Locale=русский (Россия) 
2016/04/19 16:30:49 INFO  - jmeter.JMeter: JMeterHome=/home/ayanichkin/Projects/jmeter 
2016/04/19 16:30:49 INFO  - jmeter.JMeter: user.dir  =/home/ayanichkin/Projects/jmeter-atm 
2016/04/19 16:30:49 INFO  - jmeter.JMeter: PWD       =/home/ayanichkin/Projects/jmeter-atm 
2016/04/19 16:30:49 INFO  - jmeter.JMeter: IP: 127.0.1.1 Name: ayanichkin-desktop FullName: ayanichkin-desktop 
2016/04/19 16:30:49 INFO  - jmeter.gui.action.LookAndFeelCommand: Using look and feel: javax.swing.plaf.metal.MetalLookAndFeel [Metal, CrossPlatform] 
2016/04/19 16:30:49 INFO  - jmeter.JMeter: Loaded icon properties from org/apache/jmeter/images/icon.properties 
2016/04/19 16:30:50 INFO  - jmeter.engine.util.CompoundVariable: Note: Function class names must contain the string: '.functions.' 
2016/04/19 16:30:50 INFO  - jmeter.engine.util.CompoundVariable: Note: Function class names must not contain the string: '.gui.' 
2016/04/19 16:30:50 INFO  - jmeter.util.BSFTestElement: Registering JMeter version of JavaScript engine as work-round for BSF-22 
2016/04/19 16:30:50 INFO  - jmeter.JMeter: Loading file: Plan.jmx 
2016/04/19 16:30:50 INFO  - jmeter.services.FileServer: Default base='/home/ayanichkin/Projects/jmeter-atm' 
2016/04/19 16:30:50 INFO  - jmeter.services.FileServer: Set new base='/home/ayanichkin/Projects/jmeter-atm' 
2016/04/19 16:30:50 INFO  - jmeter.save.SaveService: Testplan (JMX) version: 2.2. Testlog (JTL) version: 2.2 
2016/04/19 16:30:50 INFO  - jmeter.save.SaveService: Using SaveService properties file encoding UTF-8 
2016/04/19 16:30:50 INFO  - jmeter.save.SaveService: Using SaveService properties version 2.9 
2016/04/19 16:30:50 INFO  - jmeter.save.SaveService: All converter versions present and correct 
2016/04/19 16:30:50 INFO  - jmeter.save.SaveService: Loading file: Plan.jmx 
2016/04/19 16:30:50 INFO  - jmeter.services.FileServer: Set new base='/home/ayanichkin/Projects/jmeter-atm' 
2016/04/19 16:30:50 INFO  - jmeter.samplers.SampleResult: Note: Sample TimeStamps are START times 
2016/04/19 16:30:50 INFO  - jmeter.samplers.SampleResult: sampleresult.default.encoding is set to ISO-8859-1 
2016/04/19 16:30:50 INFO  - jmeter.samplers.SampleResult: sampleresult.useNanoTime=true 
2016/04/19 16:30:50 INFO  - jmeter.samplers.SampleResult: sampleresult.nanoThreadSleep=5000 
2016/04/19 16:30:50 WARN  - jmeter.util.JMeterUtils: ERROR! Resource string not found: [conn_sampler_title] 
2016/04/19 16:30:50 WARN  - jmeter.util.JMeterUtils: ERROR! Resource string not found: [conn_sampler_title] 
2016/04/19 16:30:50 WARN  - jmeter.util.JMeterUtils: ERROR! Resource string not found: [conn_sampler_title] 
2016/04/19 16:30:50 WARN  - jmeter.util.JMeterUtils: ERROR! Resource string not found: [conn_sampler_title] 
2016/04/19 16:30:50 WARN  - jmeter.util.JMeterUtils: ERROR! Resource string not found: [ndc_sampler] 
2016/04/19 16:30:50 WARN  - jmeter.util.JMeterUtils: ERROR! Resource string not found: [ndc_sampler] 
2016/04/19 16:30:50 WARN  - jmeter.util.JMeterUtils: ERROR! Resource string not found: [ndc_sampler] 
2016/04/19 16:30:50 WARN  - jmeter.util.JMeterUtils: ERROR! Resource string not found: [ndc_sampler] 
2016/04/19 16:30:50 WARN  - jmeter.util.JMeterUtils: ERROR! Resource string not found: [req_sampler_title] 
2016/04/19 16:30:50 WARN  - jmeter.util.JMeterUtils: ERROR! Resource string not found: [req_sampler_title] 
2016/04/19 16:30:50 WARN  - jmeter.util.JMeterUtils: ERROR! Resource string not found: [req_sampler_title] 
2016/04/19 16:30:50 WARN  - jmeter.util.JMeterUtils: ERROR! Resource string not found: [req_sampler_title] 
2016/04/19 16:30:50 INFO  - jmeter.protocol.http.sampler.HTTPSamplerBase: Parser for text/html is org.apache.jmeter.protocol.http.parser.LagartoBasedHtmlParser 
2016/04/19 16:30:50 INFO  - jmeter.protocol.http.sampler.HTTPSamplerBase: Parser for application/xhtml+xml is org.apache.jmeter.protocol.http.parser.LagartoBasedHtmlParser 
2016/04/19 16:30:50 INFO  - jmeter.protocol.http.sampler.HTTPSamplerBase: Parser for application/xml is org.apache.jmeter.protocol.http.parser.LagartoBasedHtmlParser 
2016/04/19 16:30:50 INFO  - jmeter.protocol.http.sampler.HTTPSamplerBase: Parser for text/xml is org.apache.jmeter.protocol.http.parser.LagartoBasedHtmlParser 
2016/04/19 16:30:50 INFO  - jmeter.protocol.http.sampler.HTTPSamplerBase: Parser for text/vnd.wap.wml is org.apache.jmeter.protocol.http.parser.RegexpHTMLParser 
2016/04/19 16:30:50 INFO  - jmeter.protocol.http.sampler.HTTPSamplerBase: Parser for text/css is org.apache.jmeter.protocol.http.parser.CssParser 
2016/04/19 16:30:51 INFO  - jorphan.exec.KeyToolUtils: keytool found at 'keytool' 
2016/04/19 16:30:51 INFO  - jmeter.protocol.http.proxy.ProxyControl: HTTP(S) Test Script Recorder SSL Proxy will use keys that support embedded 3rd party resources in file /home/ayanichkin/Projects/jmeter/bin/proxyserver.jks 
2016/04/19 16:30:51 INFO  - jmeter.gui.util.MenuFactory: Skipping org.apache.jmeter.protocol.mongodb.config.MongoSourceElement 
2016/04/19 16:30:51 INFO  - jmeter.gui.util.MenuFactory: Skipping org.apache.jmeter.protocol.mongodb.sampler.MongoScriptSampler 
2016/04/19 16:30:51 INFO  - jmeter.gui.util.MenuFactory: Skipping org.apache.jmeter.visualizers.DistributionGraphVisualizer 
2016/04/19 16:30:51 INFO  - jmeter.gui.util.MenuFactory: Skipping org.apache.jmeter.visualizers.SplineVisualizer 
2016/04/19 16:30:51 WARN  - jmeter.util.JMeterUtils: ERROR! Resource string not found: [conn_sampler_title] 
2016/04/19 16:30:51 WARN  - jmeter.util.JMeterUtils: ERROR! Resource string not found: [conn_sampler_title] 
2016/04/19 16:30:51 WARN  - jmeter.util.JMeterUtils: ERROR! Resource string not found: [conn_sampler_title] 
2016/04/19 16:30:51 WARN  - jmeter.util.JMeterUtils: ERROR! Resource string not found: [ndc_sampler] 
2016/04/19 16:30:51 WARN  - jmeter.util.JMeterUtils: ERROR! Resource string not found: [ndc_sampler] 
2016/04/19 16:30:51 WARN  - jmeter.util.JMeterUtils: ERROR! Resource string not found: [conn_sampler_title] 
2016/04/19 16:30:51 WARN  - jmeter.util.JMeterUtils: ERROR! Resource string not found: [req_sampler_title] 
2016/04/19 16:30:51 WARN  - jmeter.util.JMeterUtils: ERROR! Resource string not found: [req_sampler_title] 
2016/04/19 16:30:51 WARN  - jmeter.util.JMeterUtils: ERROR! Resource string not found: [ndc_sampler] 
2016/04/19 16:30:51 WARN  - jmeter.util.JMeterUtils: ERROR! Resource string not found: [req_sampler_title] 
2016/04/19 16:30:51 WARN  - jmeter.util.JMeterUtils: ERROR! Resource string not found: [ndc_sampler] 
2016/04/19 16:30:51 WARN  - jmeter.util.JMeterUtils: ERROR! Resource string not found: [req_sampler_title] 
2016/04/19 16:30:51 WARN  - jmeter.util.JMeterUtils: ERROR! Resource string not found: [req_sampler_title] 
2016/04/19 16:30:51 WARN  - jmeter.util.JMeterUtils: ERROR! Resource string not found: [conn_sampler_title] 
2016/04/19 16:30:51 WARN  - jmeter.util.JMeterUtils: ERROR! Resource string not found: [ndc_sampler] 
2016/04/19 16:30:51 WARN  - jmeter.util.JMeterUtils: ERROR! Resource string not found: [req_sampler_title] 
2016/04/19 16:30:51 WARN  - jmeter.util.JMeterUtils: ERROR! Resource string not found: [conn_sampler_title] 
2016/04/19 16:30:51 WARN  - jmeter.util.JMeterUtils: ERROR! Resource string not found: [ndc_sampler] 
2016/04/19 16:30:51 WARN  - jmeter.util.JMeterUtils: ERROR! Resource string not found: [req_sampler_title] 
2016/04/19 16:30:51 WARN  - jmeter.util.JMeterUtils: ERROR! Resource string not found: [conn_sampler_title] 
2016/04/19 16:30:51 WARN  - jmeter.util.JMeterUtils: ERROR! Resource string not found: [ndc_sampler] 
2016/04/19 16:30:51 WARN  - jmeter.util.JMeterUtils: ERROR! Resource string not found: [req_sampler_title] 
2016/04/19 16:30:51 WARN  - jmeter.util.JMeterUtils: ERROR! Resource string not found: [conn_sampler_title] 
2016/04/19 16:30:51 WARN  - jmeter.util.JMeterUtils: ERROR! Resource string not found: [ndc_sampler] 
2016/04/19 16:30:51 WARN  - jmeter.util.JMeterUtils: ERROR! Resource string not found: [req_sampler_title] 
2016/04/19 16:31:00 INFO  - jmeter.engine.StandardJMeterEngine: Running the test! 
2016/04/19 16:31:00 INFO  - jmeter.samplers.SampleEvent: List of sample_variables: [] 
2016/04/19 16:31:00 INFO  - jmeter.samplers.SampleEvent: List of sample_variables: [] 
2016/04/19 16:31:00 INFO  - jmeter.gui.util.JMeterMenuBar: setRunning(true,*local*) 
2016/04/19 16:31:00 INFO  - jmeter.engine.StandardJMeterEngine: Starting ThreadGroup: 1 : Thread Group 
2016/04/19 16:31:00 INFO  - jmeter.engine.StandardJMeterEngine: Starting 1 threads for group Thread Group. 
2016/04/19 16:31:00 INFO  - jmeter.engine.StandardJMeterEngine: Thread will start next loop on error 
2016/04/19 16:31:00 INFO  - jmeter.threads.ThreadGroup: Starting thread group number 1 threads 1 ramp-up 1 perThread 1000.0 delayedStart=false 
2016/04/19 16:31:00 INFO  - jmeter.threads.ThreadGroup: Started thread group number 1 
2016/04/19 16:31:00 INFO  - jmeter.engine.StandardJMeterEngine: All thread groups have been started 
2016/04/19 16:31:00 INFO  - jmeter.threads.JMeterThread: Thread started: Thread Group 1-1 
2016/04/19 16:31:00 INFO  - jmeter.ndc.sampler.ConnectSampler: Try connect ATM  (NDC, wincor=false) to 10.7.8.67:8899 
2016/04/19 16:31:00 INFO  - jmeter.threads.JMeterThread: Thread is done: Thread Group 1-1 
2016/04/19 16:31:00 INFO  - jmeter.threads.JMeterThread: Thread finished: Thread Group 1-1 
2016/04/19 16:31:00 INFO  - jmeter.engine.StandardJMeterEngine: Notifying test listeners of end of test 
2016/04/19 16:31:00 INFO  - jmeter.gui.util.JMeterMenuBar: setRunning(false,*local*) 
