2016/05/20 02:59:29 INFO  - jmeter.util.JMeterUtils: Setting Locale to en_US 
2016/05/20 02:59:29 INFO  - jmeter.JMeter: Loading user properties from: /path/apps/apache-jmeter-3.0/bin/user.properties 
2016/05/20 02:59:29 INFO  - jmeter.JMeter: Loading system properties from: /path/apps/apache-jmeter-3.0/bin/system.properties 
2016/05/20 02:59:29 INFO  - jmeter.JMeter: Copyright (c) 1998-2016 The Apache Software Foundation 
2016/05/20 02:59:29 INFO  - jmeter.JMeter: Version 3.0 r1743807 
2016/05/20 02:59:29 INFO  - jmeter.JMeter: java.version=1.7.0 
2016/05/20 02:59:29 INFO  - jmeter.JMeter: java.vm.name=IBM J9 VM 
2016/05/20 02:59:29 INFO  - jmeter.JMeter: os.name=Linux 
2016/05/20 02:59:29 INFO  - jmeter.JMeter: os.arch=amd64 
2016/05/20 02:59:29 INFO  - jmeter.JMeter: os.version=3.0.101-0.47.55-default 
2016/05/20 02:59:29 INFO  - jmeter.JMeter: file.encoding=ISO-8859-1 
2016/05/20 02:59:29 INFO  - jmeter.JMeter: Max memory     =64424509440 
2016/05/20 02:59:29 INFO  - jmeter.JMeter: Available Processors =80 
2016/05/20 02:59:29 INFO  - jmeter.JMeter: Default Locale=English (United States) 
2016/05/20 02:59:29 INFO  - jmeter.JMeter: JMeter  Locale=English (United States) 
2016/05/20 02:59:29 INFO  - jmeter.JMeter: JMeterHome=/data/FD1/HDB03/work/apache-jmeter-3.0 
2016/05/20 02:59:29 INFO  - jmeter.JMeter: user.dir  =/data/FD1/HDB03 
2016/05/20 02:59:29 INFO  - jmeter.JMeter: PWD       =/data/FD1/HDB03 
2016/05/20 02:59:29 INFO  - jmeter.JMeter: IP: 10.68.88.227 Name: ld9561 FullName: ld9561.wdf.sap.corp 
2016/05/20 02:59:29 INFO  - jmeter.services.FileServer: Default base='/data/FD1/HDB03' 
2016/05/20 02:59:29 INFO  - jmeter.services.FileServer: Set new base='/data/FD1/HDB03/scripting/jMeterCreation/data' 
2016/05/20 02:59:30 INFO  - jmeter.save.SaveService: Testplan (JMX) version: 2.2. Testlog (JTL) version: 2.2 
2016/05/20 02:59:30 INFO  - jmeter.save.SaveService: Using SaveService properties file encoding UTF-8 
2016/05/20 02:59:30 INFO  - jmeter.save.SaveService: Using SaveService properties version 2.9 
2016/05/20 02:59:30 INFO  - jmeter.save.SaveService: All converter versions present and correct 
2016/05/20 02:59:30 INFO  - jmeter.save.SaveService: Loading file: scripting/jMeterCreation/data/high_load_formatted_step2.jmx 
2016/05/20 03:03:03 ERROR - jmeter.JMeter: Error in NonGUIDriver java.lang.IllegalArgumentException: Problem loading XML from:'/path/data/high_load_formatted_step2.jmx', missing class com.thoughtworks.xstream.converters.ConversionException: null : null
---- Debugging information ----
cause-exception     : java.lang.NegativeArraySizeException
cause-message       : null
class               : org.apache.jmeter.threads.ThreadGroup
required-type       : org.apache.jmeter.threads.ThreadGroup
converter-type      : org.apache.jmeter.save.converters.TestElementConverter
path                : /jmeterTestPlan/hashTree/hashTree/ThreadGroup[444157]
line number         : 15101341
class[1]            : org.apache.jorphan.collections.ListedHashTree
converter-type[1]   : org.apache.jmeter.save.converters.HashTreeConverter
------------------------------- : null : null
---- Debugging information ----
cause-exception     : java.lang.NegativeArraySizeException
cause-message       : null
class               : org.apache.jmeter.threads.ThreadGroup
required-type       : org.apache.jmeter.threads.ThreadGroup
converter-type      : org.apache.jmeter.save.converters.TestElementConverter
path                : /jmeterTestPlan/hashTree/hashTree/ThreadGroup[444157]
line number         : 15101341
class[1]            : org.apache.jorphan.collections.ListedHashTree
converter-type[1]   : org.apache.jmeter.save.converters.HashTreeConverter
-------------------------------
message             : null : null
---- Debugging information ----
cause-exception     : java.lang.NegativeArraySizeException
cause-message       : null
class               : org.apache.jmeter.threads.ThreadGroup
required-type       : org.apache.jmeter.threads.ThreadGroup
converter-type      : org.apache.jmeter.save.converters.TestElementConverter
path                : /jmeterTestPlan/hashTree/hashTree/ThreadGroup[444157]
line number         : 15101341
class[1]            : org.apache.jorphan.collections.ListedHashTree
converter-type[1]   : org.apache.jmeter.save.converters.HashTreeConverter
-------------------------------
cause-exception     : com.thoughtworks.xstream.converters.ConversionException
cause-message       : null : null
first-jmeter-class  : org.apache.jmeter.save.converters.HashTreeConverter.unmarshal(HashTreeConverter.java:67)
class               : org.apache.jmeter.save.ScriptWrapper
required-type       : org.apache.jmeter.threads.ThreadGroup
converter-type      : org.apache.jmeter.save.ScriptWrapperConverter
path                : /jmeterTestPlan/hashTree/hashTree/ThreadGroup[444157]
line number         : 15101341
version             : 3.0 r1743807
-------------------------------
	at org.apache.jmeter.save.SaveService.readTree(SaveService.java:539)
	at org.apache.jmeter.save.SaveService.loadTree(SaveService.java:503)
	at org.apache.jmeter.JMeter.runNonGui(JMeter.java:889)
	at org.apache.jmeter.JMeter.startNonGui(JMeter.java:876)
	at org.apache.jmeter.JMeter.start(JMeter.java:501)
	at sun.reflect.NativeMethodAccessorImpl.invoke0(Native Method)
	at sun.reflect.NativeMethodAccessorImpl.invoke(NativeMethodAccessorImpl.java:95)
	at sun.reflect.DelegatingMethodAccessorImpl.invoke(DelegatingMethodAccessorImpl.java:56)
	at java.lang.reflect.Method.invoke(Method.java:620)
	at org.apache.jmeter.NewDriver.main(NewDriver.java:259)
Caused by: com.thoughtworks.xstream.converters.ConversionException: null : null
---- Debugging information ----
cause-exception     : java.lang.NegativeArraySizeException
cause-message       : null
class               : org.apache.jmeter.threads.ThreadGroup
required-type       : org.apache.jmeter.threads.ThreadGroup
converter-type      : org.apache.jmeter.save.converters.TestElementConverter
path                : /jmeterTestPlan/hashTree/hashTree/ThreadGroup[444157]
line number         : 15101341
class[1]            : org.apache.jorphan.collections.ListedHashTree
converter-type[1]   : org.apache.jmeter.save.converters.HashTreeConverter
------------------------------- : null : null
---- Debugging information ----
cause-exception     : java.lang.NegativeArraySizeException
cause-message       : null
class               : org.apache.jmeter.threads.ThreadGroup
required-type       : org.apache.jmeter.threads.ThreadGroup
converter-type      : org.apache.jmeter.save.converters.TestElementConverter
path                : /jmeterTestPlan/hashTree/hashTree/ThreadGroup[444157]
line number         : 15101341
class[1]            : org.apache.jorphan.collections.ListedHashTree
converter-type[1]   : org.apache.jmeter.save.converters.HashTreeConverter
-------------------------------
message             : null : null
---- Debugging information ----
cause-exception     : java.lang.NegativeArraySizeException
cause-message       : null
class               : org.apache.jmeter.threads.ThreadGroup
required-type       : org.apache.jmeter.threads.ThreadGroup
converter-type      : org.apache.jmeter.save.converters.TestElementConverter
path                : /jmeterTestPlan/hashTree/hashTree/ThreadGroup[444157]
line number         : 15101341
class[1]            : org.apache.jorphan.collections.ListedHashTree
converter-type[1]   : org.apache.jmeter.save.converters.HashTreeConverter
-------------------------------
cause-exception     : com.thoughtworks.xstream.converters.ConversionException
cause-message       : null : null
first-jmeter-class  : org.apache.jmeter.save.converters.HashTreeConverter.unmarshal(HashTreeConverter.java:67)
class               : org.apache.jmeter.save.ScriptWrapper
required-type       : org.apache.jmeter.threads.ThreadGroup
converter-type      : org.apache.jmeter.save.ScriptWrapperConverter
path                : /jmeterTestPlan/hashTree/hashTree/ThreadGroup[444157]
line number         : 15101341
version             : 3.0 r1743807
-------------------------------
	at org.apache.jmeter.save.ScriptWrapperConverter.createConversionException(ScriptWrapperConverter.java:103)
	at org.apache.jmeter.save.ScriptWrapperConverter.unmarshal(ScriptWrapperConverter.java:97)
	at com.thoughtworks.xstream.core.TreeUnmarshaller.convert(TreeUnmarshaller.java:72)
	at com.thoughtworks.xstream.core.AbstractReferenceUnmarshaller.convert(AbstractReferenceUnmarshaller.java:65)
	at com.thoughtworks.xstream.core.TreeUnmarshaller.convertAnother(TreeUnmarshaller.java:66)
	at com.thoughtworks.xstream.core.TreeUnmarshaller.convertAnother(TreeUnmarshaller.java:50)
	at com.thoughtworks.xstream.core.TreeUnmarshaller.start(TreeUnmarshaller.java:134)
	at com.thoughtworks.xstream.core.AbstractTreeMarshallingStrategy.unmarshal(AbstractTreeMarshallingStrategy.java:32)
	at com.thoughtworks.xstream.XStream.unmarshal(XStream.java:1206)
	at com.thoughtworks.xstream.XStream.unmarshal(XStream.java:1190)
	at com.thoughtworks.xstream.XStream.fromXML(XStream.java:1061)
	at org.apache.jmeter.save.SaveService.readTree(SaveService.java:524)
	... 9 more
Caused by: com.thoughtworks.xstream.converters.ConversionException: null : null
---- Debugging information ----
cause-exception     : java.lang.NegativeArraySizeException
cause-message       : null
class               : org.apache.jmeter.threads.ThreadGroup
required-type       : org.apache.jmeter.threads.ThreadGroup
converter-type      : org.apache.jmeter.save.converters.TestElementConverter
path                : /jmeterTestPlan/hashTree/hashTree/ThreadGroup[444157]
line number         : 15101341
class[1]            : org.apache.jorphan.collections.ListedHashTree
converter-type[1]   : org.apache.jmeter.save.converters.HashTreeConverter
-------------------------------
	at com.thoughtworks.xstream.core.TreeUnmarshaller.convert(TreeUnmarshaller.java:79)
	at com.thoughtworks.xstream.core.AbstractReferenceUnmarshaller.convert(AbstractReferenceUnmarshaller.java:65)
	at com.thoughtworks.xstream.core.TreeUnmarshaller.convertAnother(TreeUnmarshaller.java:66)
	at com.thoughtworks.xstream.core.TreeUnmarshaller.convertAnother(TreeUnmarshaller.java:50)
	at com.thoughtworks.xstream.converters.collections.AbstractCollectionConverter.readItem(AbstractCollectionConverter.java:71)
	at org.apache.jmeter.save.converters.HashTreeConverter.unmarshal(HashTreeConverter.java:67)
	at com.thoughtworks.xstream.core.TreeUnmarshaller.convert(TreeUnmarshaller.java:72)
	at com.thoughtworks.xstream.core.AbstractReferenceUnmarshaller.convert(AbstractReferenceUnmarshaller.java:65)
	at com.thoughtworks.xstream.core.TreeUnmarshaller.convertAnother(TreeUnmarshaller.java:66)
	at com.thoughtworks.xstream.core.TreeUnmarshaller.convertAnother(TreeUnmarshaller.java:50)
	at com.thoughtworks.xstream.converters.collections.AbstractCollectionConverter.readItem(AbstractCollectionConverter.java:71)
	at org.apache.jmeter.save.converters.HashTreeConverter.unmarshal(HashTreeConverter.java:67)
	at com.thoughtworks.xstream.core.TreeUnmarshaller.convert(TreeUnmarshaller.java:72)
	at com.thoughtworks.xstream.core.AbstractReferenceUnmarshaller.convert(AbstractReferenceUnmarshaller.java:65)
	at com.thoughtworks.xstream.core.TreeUnmarshaller.convertAnother(TreeUnmarshaller.java:66)
	at com.thoughtworks.xstream.core.TreeUnmarshaller.convertAnother(TreeUnmarshaller.java:50)
	at org.apache.jmeter.save.ScriptWrapperConverter.unmarshal(ScriptWrapperConverter.java:95)
	... 19 more
Caused by: java.lang.NegativeArraySizeException
	at java.io.BufferedInputStream.fill(BufferedInputStream.java:234)
	at java.io.BufferedInputStream.read1(BufferedInputStream.java:287)
	at java.io.BufferedInputStream.read(BufferedInputStream.java:346)
	at sun.nio.cs.StreamDecoder.readBytes(StreamDecoder.java:323)
	at sun.nio.cs.StreamDecoder.implRead(StreamDecoder.java:365)
	at sun.nio.cs.StreamDecoder.read(StreamDecoder.java:211)
	at java.io.InputStreamReader.read(InputStreamReader.java:206)
	at org.xmlpull.mxp1.MXParser.fillBuf(MXParser.java:2992)
	at org.xmlpull.mxp1.MXParser.more(MXParser.java:3046)
	at org.xmlpull.mxp1.MXParser.nextImpl(MXParser.java:1384)
	at org.xmlpull.mxp1.MXParser.next(MXParser.java:1093)
	at com.thoughtworks.xstream.io.xml.XppReader.pullNextEvent(XppReader.java:109)
	at com.thoughtworks.xstream.io.xml.AbstractPullReader.readRealEvent(AbstractPullReader.java:148)
	at com.thoughtworks.xstream.io.xml.AbstractPullReader.readEvent(AbstractPullReader.java:135)
	at com.thoughtworks.xstream.io.xml.AbstractPullReader.hasMoreChildren(AbstractPullReader.java:87)
	at com.thoughtworks.xstream.io.ReaderWrapper.hasMoreChildren(ReaderWrapper.java:32)
	at org.apache.jmeter.save.converters.TestElementConverter.unmarshal(TestElementConverter.java:105)
	at com.thoughtworks.xstream.core.TreeUnmarshaller.convert(TreeUnmarshaller.java:72)
	... 35 more

