2008/06/10 08:17:05 INFO  - jmeter.util.JMeterUtils: Setting Locale to en_US 
2008/06/10 08:17:05 INFO  - jmeter.JMeter: Loading user properties from: E:\JMeter\jakarta-jmeter-2.3.1\bin\user.properties 
2008/06/10 08:17:05 INFO  - jmeter.JMeter: Loading system properties from: E:\JMeter\jakarta-jmeter-2.3.1\bin\system.properties 
2008/06/10 08:17:05 INFO  - jmeter.JMeter: Copyright (c) 1998-2007 The Apache Software Foundation 
2008/06/10 08:17:05 INFO  - jmeter.JMeter: Version 2.3.1 
2008/06/10 08:17:05 INFO  - jmeter.JMeter: java.version=1.5.0_09 
2008/06/10 08:17:05 INFO  - jmeter.JMeter: os.name=Windows 2003 
2008/06/10 08:17:05 INFO  - jmeter.JMeter: os.arch=x86 
2008/06/10 08:17:05 INFO  - jmeter.JMeter: os.version=5.2 
2008/06/10 08:17:05 INFO  - jmeter.JMeter: file.encoding=Cp1252 
2008/06/10 08:17:05 INFO  - jmeter.JMeter: Default Locale=English (United States) 
2008/06/10 08:17:05 INFO  - jmeter.JMeter: JMeter  Locale=English (United States) 
2008/06/10 08:17:05 INFO  - jmeter.JMeter: JMeterHome=E:\JMeter\jakarta-jmeter-2.3.1 
2008/06/10 08:17:05 INFO  - jmeter.JMeter: user.dir  =E:\JMeter\jakarta-jmeter-2.3.1\bin 
2008/06/10 08:17:05 INFO  - jmeter.JMeter: PWD       =E:\JMeter\jakarta-jmeter-2.3.1\bin 
2008/06/10 08:17:05 INFO  - jmeter.JMeter: Loaded icon properties from org/apache/jmeter/images/icon.properties 
2008/06/10 08:17:06 INFO  - jmeter.protocol.http.sampler.HTTPSamplerBase: Cannot find .className property for htmlParser, using default 
2008/06/10 08:17:06 INFO  - jmeter.protocol.http.sampler.HTTPSamplerBase: Parser for text/html is  
2008/06/10 08:17:06 INFO  - jmeter.protocol.http.sampler.HTTPSamplerBase: Parser for application/xhtml+xml is  
2008/06/10 08:17:06 INFO  - jmeter.protocol.http.sampler.HTTPSamplerBase: Parser for application/xml is  
2008/06/10 08:17:06 INFO  - jmeter.protocol.http.sampler.HTTPSamplerBase: Parser for text/xml is  
2008/06/10 08:17:06 INFO  - jmeter.protocol.http.sampler.HTTPSamplerBase: Parser for text/vnd.wap.wml is org.apache.jmeter.protocol.http.parser.RegexpHTMLParser 
2008/06/10 08:17:06 INFO  - jmeter.protocol.http.sampler.HTTPSampler: Maximum connection retries = 10 
2008/06/10 08:17:07 INFO  - jmeter.samplers.SampleResult: Note: Sample TimeStamps are START times 
2008/06/10 08:17:07 INFO  - jmeter.samplers.SampleResult: sampleresult.default.encoding is set to ISO-8859-1 
2008/06/10 08:17:25 INFO  - jmeter.services.FileServer: Default base=E:\JMeter\jakarta-jmeter-2.3.1\bin 
2008/06/10 08:17:25 INFO  - jmeter.services.FileServer: Set new base=E:\JMeter\jakarta-jmeter-2.3.1\bin 
2008/06/10 08:17:25 INFO  - jmeter.save.SaveService: Testplan (JMX) version: 2.2. Testlog (JTL) version: 2.2 
2008/06/10 08:17:25 INFO  - jmeter.save.SaveService: Using SaveService properties file encoding UTF-8 
2008/06/10 08:17:25 INFO  - jmeter.save.SaveService: Using SaveService properties file version 594567 
2008/06/10 08:17:25 INFO  - jmeter.save.SaveService: Using SaveService properties version 2.0 
2008/06/10 08:17:25 INFO  - jmeter.save.SaveService: All converter versions present and correct 
