2010/02/17 00:29:26 INFO  - jmeter.util.JMeterUtils: Setting Locale to de_DE 
2010/02/17 00:29:26 WARN  - jmeter.util.JMeterUtils: Could not find resources for 'de_DE', using 'de' 
2010/02/17 00:29:26 INFO  - jmeter.JMeter: Loading user properties from: /home/flo/bin/jakarta-jmeter-2.3.4/bin/user.properties 
2010/02/17 00:29:26 INFO  - jmeter.JMeter: Loading system properties from: /home/flo/bin/jakarta-jmeter-2.3.4/bin/system.properties 
2010/02/17 00:29:26 INFO  - jmeter.JMeter: Copyright (c) 1998-2009 The Apache Software Foundation 
2010/02/17 00:29:26 INFO  - jmeter.JMeter: Version 2.3.4 r785646 
2010/02/17 00:29:26 INFO  - jmeter.JMeter: java.version=1.6.0_13 
2010/02/17 00:29:26 INFO  - jmeter.JMeter: java.vm.name=Java HotSpot(TM) Server VM 
2010/02/17 00:29:26 INFO  - jmeter.JMeter: os.name=Linux 
2010/02/17 00:29:26 INFO  - jmeter.JMeter: os.arch=i386 
2010/02/17 00:29:26 INFO  - jmeter.JMeter: os.version=2.6.31-19-generic 
2010/02/17 00:29:26 INFO  - jmeter.JMeter: file.encoding=UTF-8 
2010/02/17 00:29:26 INFO  - jmeter.JMeter: Default Locale=Deutsch (Deutschland) 
2010/02/17 00:29:26 INFO  - jmeter.JMeter: JMeter  Locale=Deutsch (Deutschland) 
2010/02/17 00:29:26 INFO  - jmeter.JMeter: JMeterHome=/home/flo/bin/jakarta-jmeter-2.3.4 
2010/02/17 00:29:26 INFO  - jmeter.JMeter: user.dir  =/home/flo/bin/jakarta-jmeter-2.3.4/bin 
2010/02/17 00:29:26 INFO  - jmeter.JMeter: PWD       =/home/flo/bin/jakarta-jmeter-2.3.4/bin 
2010/02/17 00:29:26 INFO  - jmeter.JMeter: IP: 127.0.1.1 Name: hank FullName: hank 
2010/02/17 00:29:26 INFO  - jmeter.JMeter: Loaded icon properties from org/apache/jmeter/images/icon.properties 
2010/02/17 00:29:26 INFO  - jmeter.engine.util.CompoundVariable: Note: Function class names must contain the string: '.functions.' 
2010/02/17 00:29:26 INFO  - jmeter.engine.util.CompoundVariable: Note: Function class names must not contain the string: '.gui.' 
2010/02/17 00:29:27 INFO  - jmeter.util.BSFTestElement: Registering JMeter version of JavaScript engine as work-round for BSF-22 
2010/02/17 00:29:28 INFO  - jmeter.protocol.http.sampler.HTTPSamplerBase: Cannot find .className property for htmlParser, using default 
2010/02/17 00:29:28 INFO  - jmeter.protocol.http.sampler.HTTPSamplerBase: Parser for text/html is  
2010/02/17 00:29:28 INFO  - jmeter.protocol.http.sampler.HTTPSamplerBase: Parser for application/xhtml+xml is  
2010/02/17 00:29:28 INFO  - jmeter.protocol.http.sampler.HTTPSamplerBase: Parser for application/xml is  
2010/02/17 00:29:28 INFO  - jmeter.protocol.http.sampler.HTTPSamplerBase: Parser for text/xml is  
2010/02/17 00:29:28 INFO  - jmeter.protocol.http.sampler.HTTPSamplerBase: Parser for text/vnd.wap.wml is org.apache.jmeter.protocol.http.parser.RegexpHTMLParser 
2010/02/17 00:29:28 WARN  - jmeter.gui.util.MenuFactory: Missing jar? Could not create org.apache.jmeter.protocol.http.gui.CookiePanel. java.lang.NoClassDefFoundError: org/apache/commons/logging/LogFactory 
2010/02/17 00:29:28 INFO  - jmeter.protocol.http.sampler.HTTPSampler: Maximum connection retries = 10 
2010/02/17 00:29:28 INFO  - jmeter.protocol.http.sampler.HTTPSampler: Connection and read timeouts are available on this JVM 
2010/02/17 00:29:29 WARN  - jmeter.gui.util.MenuFactory: Missing jar? Could not create org.apache.jmeter.visualizers.MailerVisualizer. java.lang.NoClassDefFoundError: javax/mail/MessagingException 
2010/02/17 00:29:29 INFO  - jmeter.samplers.SampleResult: Note: Sample TimeStamps are START times 
2010/02/17 00:29:29 INFO  - jmeter.samplers.SampleResult: sampleresult.default.encoding is set to ISO-8859-1 
