2011/10/07 17:01:36 INFO  - jmeter.util.JMeterUtils: Setting Locale to en_US 
2011/10/07 17:01:36 INFO  - jmeter.JMeter: Loading user properties from: C:\jakarta-jmeter-2.5.1\bin\user.properties 
2011/10/07 17:01:36 INFO  - jmeter.JMeter: Loading system properties from: C:\jakarta-jmeter-2.5.1\bin\system.properties 
2011/10/07 17:01:36 INFO  - jmeter.JMeter: Copyright (c) 1998-2011 The Apache Software Foundation 
2011/10/07 17:01:36 INFO  - jmeter.JMeter: Version 2.5.1 r1177103 
2011/10/07 17:01:36 INFO  - jmeter.JMeter: java.version=1.6.0_26 
2011/10/07 17:01:36 INFO  - jmeter.JMeter: java.vm.name=Java HotSpot(TM) Client VM 
2011/10/07 17:01:36 INFO  - jmeter.JMeter: os.name=Windows XP 
2011/10/07 17:01:36 INFO  - jmeter.JMeter: os.arch=x86 
2011/10/07 17:01:36 INFO  - jmeter.JMeter: os.version=5.1 
2011/10/07 17:01:36 INFO  - jmeter.JMeter: file.encoding=Cp1252 
2011/10/07 17:01:36 INFO  - jmeter.JMeter: Default Locale=English (United States) 
2011/10/07 17:01:36 INFO  - jmeter.JMeter: JMeter  Locale=English (United States) 
2011/10/07 17:01:36 INFO  - jmeter.JMeter: JMeterHome=C:\jakarta-jmeter-2.5.1 
2011/10/07 17:01:36 INFO  - jmeter.JMeter: user.dir  =C:\jakarta-jmeter-2.5.1\bin 
2011/10/07 17:01:36 INFO  - jmeter.JMeter: PWD       =C:\jakarta-jmeter-2.5.1\bin 
2011/10/07 17:01:36 INFO  - jmeter.JMeter: IP: 10.10.117.50 Name: YHerasym-DSK FullName: YHerasym-DSK.syscon.ca 
2011/10/07 17:01:36 INFO  - jmeter.JMeter: Loaded icon properties from org/apache/jmeter/images/icon.properties 
2011/10/07 17:01:38 INFO  - jmeter.engine.util.CompoundVariable: Note: Function class names must contain the string: '.functions.' 
2011/10/07 17:01:38 INFO  - jmeter.engine.util.CompoundVariable: Note: Function class names must not contain the string: '.gui.' 
2011/10/07 17:01:38 INFO  - jmeter.util.BSFTestElement: Registering JMeter version of JavaScript engine as work-round for BSF-22 
2011/10/07 17:01:39 INFO  - jmeter.protocol.http.sampler.HTTPSamplerBase: Cannot find .className property for htmlParser, using default 
2011/10/07 17:01:39 INFO  - jmeter.protocol.http.sampler.HTTPSamplerBase: Parser for text/html is  
2011/10/07 17:01:39 INFO  - jmeter.protocol.http.sampler.HTTPSamplerBase: Parser for application/xhtml+xml is  
2011/10/07 17:01:39 INFO  - jmeter.protocol.http.sampler.HTTPSamplerBase: Parser for application/xml is  
2011/10/07 17:01:39 INFO  - jmeter.protocol.http.sampler.HTTPSamplerBase: Parser for text/xml is  
2011/10/07 17:01:39 INFO  - jmeter.protocol.http.sampler.HTTPSamplerBase: Parser for text/vnd.wap.wml is org.apache.jmeter.protocol.http.parser.RegexpHTMLParser 
2011/10/07 17:01:39 INFO  - jmeter.protocol.http.sampler.HTTPSamplerBase: Reuse SSL session context on subsequent iterations: true 
2011/10/07 17:01:39 INFO  - jmeter.protocol.http.control.CookieManager: Settings: Delete null: true Check: true Allow variable: true Save: false Prefix: COOKIE_ 
2011/10/07 17:01:39 INFO  - jmeter.gui.util.MenuFactory: Skipping org.apache.jmeter.protocol.http.modifier.gui.ParamModifierGui 
2011/10/07 17:01:39 INFO  - jmeter.gui.util.MenuFactory: Skipping org.apache.jmeter.protocol.http.modifier.gui.UserParameterModifierGui 
2011/10/07 17:01:40 INFO  - jmeter.samplers.SampleResult: Note: Sample TimeStamps are START times 
2011/10/07 17:01:40 INFO  - jmeter.samplers.SampleResult: sampleresult.default.encoding is set to ISO-8859-1 
2011/10/07 17:01:40 INFO  - jmeter.samplers.SampleResult: sampleresult.useNanoTime=true 
2011/10/07 17:01:43 INFO  - jmeter.services.FileServer: Default base='C:\jakarta-jmeter-2.5.1\bin' 
2011/10/07 17:01:43 INFO  - jmeter.gui.action.Load: Loading file: C:\Documents and Settings\YHerasym\Desktop\Projects\Montgomery Ph#1 IF\HPQC_9470_9544\jmeter\ArrestBooking.jmx 
2011/10/07 17:01:43 INFO  - jmeter.services.FileServer: Set new base 'C:\Documents and Settings\YHerasym\Desktop\Projects\Montgomery Ph#1 IF\HPQC_9470_9544\jmeter' 
2011/10/07 17:01:43 INFO  - jmeter.save.SaveService: Testplan (JMX) version: 2.2. Testlog (JTL) version: 2.2 
2011/10/07 17:01:43 INFO  - jmeter.save.SaveService: Using SaveService properties file encoding UTF-8 
2011/10/07 17:01:43 INFO  - jmeter.save.SaveService: Using SaveService properties file version 1050447 
2011/10/07 17:01:43 INFO  - jmeter.save.SaveService: Using SaveService properties version 2.1 
2011/10/07 17:01:43 INFO  - jmeter.save.SaveService: All converter versions present and correct 
2011/10/07 17:01:44 INFO  - jmeter.services.FileServer: Set new base='C:\Documents and Settings\YHerasym\Desktop\Projects\Montgomery Ph#1 IF\HPQC_9470_9544\jmeter' 
2011/10/07 17:02:24 INFO  - jmeter.engine.StandardJMeterEngine: Listeners will be started after enabling running version 
2011/10/07 17:02:24 INFO  - jmeter.engine.StandardJMeterEngine: To revert to the earlier behaviour, define jmeterengine.startlistenerslater=false 
2011/10/07 17:02:24 INFO  - jmeter.engine.StandardJMeterEngine: Running the test! 
2011/10/07 17:02:25 INFO  - jmeter.gui.util.JMeterMenuBar: setRunning(true,*local*) 
2011/10/07 17:02:25 INFO  - jmeter.engine.StandardJMeterEngine: Starting 1 threads for group Thread Group - JMeter testing. 
2011/10/07 17:02:25 INFO  - jmeter.engine.StandardJMeterEngine: Thread will continue on error 
2011/10/07 17:02:25 INFO  - jmeter.threads.JMeterThread: jmeterthread.startearlier=true (see jmeter.properties) 
2011/10/07 17:02:25 INFO  - jmeter.threads.JMeterThread: Running PostProcessors in forward order 
2011/10/07 17:02:25 INFO  - jmeter.engine.StandardJMeterEngine: All threads have been started 
2011/10/07 17:02:25 INFO  - jmeter.threads.JMeterThread: Thread started: Thread Group - JMeter testing 1-1 
2011/10/07 17:02:25 INFO  - jmeter.protocol.jms.client.InitialContextFactory: authentication properties set 
2011/10/07 17:02:25 ERROR - jmeter.threads.JMeterThread: Test failed! java.lang.NullPointerException
	at org.apache.jmeter.protocol.jms.Utils.getConnection(Utils.java:147)
	at org.apache.jmeter.protocol.jms.client.ReceiveSubscriber.<init>(ReceiveSubscriber.java:91)
	at org.apache.jmeter.protocol.jms.sampler.SubscriberSampler.initReceiveClient(SubscriberSampler.java:112)
	at org.apache.jmeter.protocol.jms.sampler.SubscriberSampler.threadStarted(SubscriberSampler.java:264)
	at org.apache.jmeter.threads.JMeterThread$ThreadListenerTraverser.addNode(JMeterThread.java:575)
	at org.apache.jorphan.collections.HashTree.traverseInto(HashTree.java:986)
	at org.apache.jorphan.collections.HashTree.traverse(HashTree.java:969)
	at org.apache.jmeter.threads.JMeterThread.threadStarted(JMeterThread.java:547)
	at org.apache.jmeter.threads.JMeterThread.initRun(JMeterThread.java:535)
	at org.apache.jmeter.threads.JMeterThread.run(JMeterThread.java:266)
	at java.lang.Thread.run(Unknown Source)

2011/10/07 17:02:25 INFO  - jmeter.threads.JMeterThread: Thread finished: Thread Group - JMeter testing 1-1 
2011/10/07 17:02:25 INFO  - jmeter.engine.StandardJMeterEngine: Ending thread Thread Group - JMeter testing 1-1 
2011/10/07 17:02:25 INFO  - jmeter.engine.StandardJMeterEngine: Notifying test listeners of end of test 
2011/10/07 17:02:25 INFO  - jmeter.protocol.jms.client.InitialContextFactory: InitialContextFactory.close() called and Context instances cleaned up 
2011/10/07 17:02:25 INFO  - jmeter.gui.util.JMeterMenuBar: setRunning(false,*local*) 
2011/10/07 17:02:25 INFO  - jmeter.engine.StandardJMeterEngine: Test has ended on host null 
