2016/04/21 13:28:02 INFO  - jmeter.JMeter: Loading system properties from: C:\apache-jmeter-r1740231\bin\system.properties 
2016/04/21 13:28:02 INFO  - jmeter.JMeter: Copyright (c) 1998-2016 The Apache Software Foundation 
2016/04/21 13:28:02 INFO  - jmeter.JMeter: Version r1740231 
2016/04/21 13:28:02 INFO  - jmeter.JMeter: java.version=1.8.0_77 
2016/04/21 13:28:02 INFO  - jmeter.JMeter: java.vm.name=Java HotSpot(TM) 64-Bit Server VM 
2016/04/21 13:28:02 INFO  - jmeter.JMeter: os.name=Windows 7 
2016/04/21 13:28:02 INFO  - jmeter.JMeter: os.arch=amd64 
2016/04/21 13:28:02 INFO  - jmeter.JMeter: os.version=6.1 
2016/04/21 13:28:02 INFO  - jmeter.JMeter: file.encoding=Cp1252 
2016/04/21 13:28:02 INFO  - jmeter.JMeter: Max memory     =523763712 
2016/04/21 13:28:02 INFO  - jmeter.JMeter: Available Processors =4 
2016/04/21 13:28:02 INFO  - jmeter.JMeter: Default Locale=Deutsch (Deutschland) 
2016/04/21 13:28:02 INFO  - jmeter.JMeter: JMeter  Locale=Englisch 
2016/04/21 13:28:02 INFO  - jmeter.JMeter: JMeterHome=C:\apache-jmeter-r1740231 
2016/04/21 13:28:02 INFO  - jmeter.JMeter: user.dir  =C:\apache-jmeter-r1740231\bin 
2016/04/21 13:28:02 INFO  - jmeter.JMeter: PWD       =C:\apache-jmeter-r1740231\bin 
2016/04/21 13:28:02 INFO  - jmeter.JMeter: IP: 10.104.68.63 Name: ank12-test-dev FullName: ank12-test-dev.psv.tc 
2016/04/21 13:28:03 INFO  - jmeter.gui.action.LookAndFeelCommand: Using look and feel: com.sun.java.swing.plaf.windows.WindowsLookAndFeel [Windows, System] 
2016/04/21 13:28:03 INFO  - jmeter.JMeter: Loaded icon properties from org/apache/jmeter/images/icon.properties 
2016/04/21 13:28:03 INFO  - jmeter.engine.util.CompoundVariable: Note: Function class names must contain the string: '.functions.' 
2016/04/21 13:28:03 INFO  - jmeter.engine.util.CompoundVariable: Note: Function class names must not contain the string: '.gui.' 
2016/04/21 13:28:03 DEBUG - jmeter.engine.util.CompoundVariable: Function count: 39 
2016/04/21 13:28:04 INFO  - jmeter.util.BSFTestElement: Registering JMeter version of JavaScript engine as work-round for BSF-22 
2016/04/21 13:28:04 INFO  - jmeter.protocol.http.sampler.HTTPSamplerBase: Parser for text/html is org.apache.jmeter.protocol.http.parser.LagartoBasedHtmlParser 
2016/04/21 13:28:04 INFO  - jmeter.protocol.http.sampler.HTTPSamplerBase: Parser for application/xhtml+xml is org.apache.jmeter.protocol.http.parser.LagartoBasedHtmlParser 
2016/04/21 13:28:04 INFO  - jmeter.protocol.http.sampler.HTTPSamplerBase: Parser for application/xml is org.apache.jmeter.protocol.http.parser.LagartoBasedHtmlParser 
2016/04/21 13:28:04 INFO  - jmeter.protocol.http.sampler.HTTPSamplerBase: Parser for text/xml is org.apache.jmeter.protocol.http.parser.LagartoBasedHtmlParser 
2016/04/21 13:28:04 INFO  - jmeter.protocol.http.sampler.HTTPSamplerBase: Parser for text/vnd.wap.wml is org.apache.jmeter.protocol.http.parser.RegexpHTMLParser 
2016/04/21 13:28:04 INFO  - jmeter.protocol.http.sampler.HTTPSamplerBase: Parser for text/css is org.apache.jmeter.protocol.http.parser.CssParser 
2016/04/21 13:28:04 INFO  - jmeter.protocol.http.proxy.ProxyControl: HTTP(S) Test Script Recorder SSL Proxy will use keys that support embedded 3rd party resources in file C:\apache-jmeter-r1740231\bin\proxyserver.jks 
2016/04/21 13:28:05 INFO  - jmeter.gui.util.MenuFactory: Skipping org.apache.jmeter.protocol.mongodb.config.MongoSourceElement 
2016/04/21 13:28:05 INFO  - jmeter.gui.util.MenuFactory: Skipping org.apache.jmeter.protocol.mongodb.sampler.MongoScriptSampler 
2016/04/21 13:28:05 INFO  - jmeter.gui.util.MenuFactory: Skipping org.apache.jmeter.visualizers.DistributionGraphVisualizer 
2016/04/21 13:28:05 INFO  - jmeter.samplers.SampleResult: Note: Sample TimeStamps are START times 
2016/04/21 13:28:05 INFO  - jmeter.samplers.SampleResult: sampleresult.default.encoding is set to ISO-8859-1 
2016/04/21 13:28:05 INFO  - jmeter.samplers.SampleResult: sampleresult.useNanoTime=true 
2016/04/21 13:28:05 INFO  - jmeter.samplers.SampleResult: sampleresult.nanoThreadSleep=5000 
2016/04/21 13:28:05 INFO  - jmeter.gui.util.MenuFactory: Skipping org.apache.jmeter.visualizers.SplineVisualizer 
2016/04/21 13:28:09 INFO  - jmeter.services.FileServer: Default base='C:\apache-jmeter-r1740231\bin' 
2016/04/21 13:28:09 INFO  - jmeter.gui.action.Load: Loading file: C:\apache-jmeter-r1740231\bin\JDBC Bug.jmx 
2016/04/21 13:28:09 INFO  - jmeter.services.FileServer: Set new base='C:\apache-jmeter-r1740231\bin' 
2016/04/21 13:28:09 INFO  - jmeter.save.SaveService: Testplan (JMX) version: 2.2. Testlog (JTL) version: 2.2 
2016/04/21 13:28:09 INFO  - jmeter.save.SaveService: Using SaveService properties file encoding UTF-8 
2016/04/21 13:28:09 INFO  - jmeter.save.SaveService: Using SaveService properties version 2.9 
2016/04/21 13:28:09 INFO  - jmeter.save.SaveService: All converter versions present and correct 
2016/04/21 13:28:09 INFO  - jmeter.save.SaveService: Loading file: C:\apache-jmeter-r1740231\bin\JDBC Bug.jmx 
2016/04/21 13:28:09 INFO  - jmeter.services.FileServer: Set new base='C:\apache-jmeter-r1740231\bin' 
2016/04/21 13:28:11 INFO  - jmeter.engine.StandardJMeterEngine: Running the test! 
2016/04/21 13:28:11 INFO  - jmeter.samplers.SampleEvent: List of sample_variables: [] 
2016/04/21 13:28:11 INFO  - jmeter.samplers.SampleEvent: List of sample_variables: [] 
2016/04/21 13:28:11 DEBUG - jmeter.engine.util.ValueReplacer: About to replace in property of type: class org.apache.jmeter.testelement.property.StringProperty: org.apache.jmeter.control.gui.TestPlanGui 
2016/04/21 13:28:11 DEBUG - jmeter.engine.util.ValueReplacer: About to replace in property of type: class org.apache.jmeter.testelement.property.StringProperty: org.apache.jmeter.testelement.TestPlan 
2016/04/21 13:28:11 DEBUG - jmeter.engine.util.ValueReplacer: About to replace in property of type: class org.apache.jmeter.testelement.property.StringProperty: JDBC Bug 
2016/04/21 13:28:11 DEBUG - jmeter.engine.util.ValueReplacer: Replacement result: JDBC Bug 
2016/04/21 13:28:11 DEBUG - jmeter.engine.util.ValueReplacer: About to replace in property of type: class org.apache.jmeter.testelement.property.StringProperty: true 
2016/04/21 13:28:11 DEBUG - jmeter.engine.util.ValueReplacer: Replacement result: true 
2016/04/21 13:28:11 DEBUG - jmeter.engine.util.ValueReplacer: About to replace in property of type: class org.apache.jmeter.testelement.property.StringProperty:  
2016/04/21 13:28:11 DEBUG - jmeter.engine.util.ValueReplacer: Replacement result:  
2016/04/21 13:28:11 DEBUG - jmeter.engine.util.ValueReplacer: About to replace in property of type: class org.apache.jmeter.testelement.property.BooleanProperty: false 
2016/04/21 13:28:11 DEBUG - jmeter.engine.util.ValueReplacer: Won't replace false 
2016/04/21 13:28:11 DEBUG - jmeter.engine.util.ValueReplacer: About to replace in property of type: class org.apache.jmeter.testelement.property.BooleanProperty: false 
2016/04/21 13:28:11 DEBUG - jmeter.engine.util.ValueReplacer: Won't replace false 
2016/04/21 13:28:11 DEBUG - jmeter.engine.util.ValueReplacer: About to replace in property of type: class org.apache.jmeter.testelement.property.TestElementProperty:  
2016/04/21 13:28:11 DEBUG - jmeter.engine.util.ValueReplacer: About to replace in property of type: class org.apache.jmeter.testelement.property.CollectionProperty: [] 
2016/04/21 13:28:11 DEBUG - jmeter.engine.util.ValueReplacer: Replacement result: [] 
2016/04/21 13:28:11 DEBUG - jmeter.engine.util.ValueReplacer: About to replace in property of type: class org.apache.jmeter.testelement.property.StringProperty: org.apache.jmeter.config.gui.ArgumentsPanel 
2016/04/21 13:28:11 DEBUG - jmeter.engine.util.ValueReplacer: About to replace in property of type: class org.apache.jmeter.testelement.property.StringProperty: org.apache.jmeter.config.Arguments 
2016/04/21 13:28:11 DEBUG - jmeter.engine.util.ValueReplacer: About to replace in property of type: class org.apache.jmeter.testelement.property.StringProperty: User Defined Variables 
2016/04/21 13:28:11 DEBUG - jmeter.engine.util.ValueReplacer: Replacement result: User Defined Variables 
2016/04/21 13:28:11 DEBUG - jmeter.engine.util.ValueReplacer: About to replace in property of type: class org.apache.jmeter.testelement.property.StringProperty: true 
2016/04/21 13:28:11 DEBUG - jmeter.engine.util.ValueReplacer: Replacement result: true 
2016/04/21 13:28:11 DEBUG - jmeter.engine.util.ValueReplacer: Replacement result:  
2016/04/21 13:28:11 DEBUG - jmeter.engine.util.ValueReplacer: About to replace in property of type: class org.apache.jmeter.testelement.property.StringProperty:  
2016/04/21 13:28:11 DEBUG - jmeter.engine.util.ValueReplacer: Replacement result:  
2016/04/21 13:28:11 DEBUG - jmeter.engine.util.ValueReplacer: About to replace in property of type: class org.apache.jmeter.testelement.property.BooleanProperty: false 
2016/04/21 13:28:11 DEBUG - jmeter.engine.util.ValueReplacer: Won't replace false 
2016/04/21 13:28:11 DEBUG - jmeter.engine.util.ValueReplacer: About to replace in property of type: class org.apache.jmeter.testelement.property.ObjectProperty: org.apache.jmeter.samplers.SampleSaveConfiguration@e3addc4d 
2016/04/21 13:28:11 DEBUG - jmeter.engine.util.ValueReplacer: Won't replace org.apache.jmeter.samplers.SampleSaveConfiguration@e3addc4d 
2016/04/21 13:28:11 DEBUG - jmeter.engine.util.ValueReplacer: About to replace in property of type: class org.apache.jmeter.testelement.property.StringProperty: org.apache.jmeter.visualizers.ViewResultsFullVisualizer 
2016/04/21 13:28:11 DEBUG - jmeter.engine.util.ValueReplacer: About to replace in property of type: class org.apache.jmeter.testelement.property.StringProperty: org.apache.jmeter.reporters.ResultCollector 
2016/04/21 13:28:11 DEBUG - jmeter.engine.util.ValueReplacer: About to replace in property of type: class org.apache.jmeter.testelement.property.StringProperty: View Results Tree 
2016/04/21 13:28:11 DEBUG - jmeter.engine.util.ValueReplacer: Replacement result: View Results Tree 
2016/04/21 13:28:11 DEBUG - jmeter.engine.util.ValueReplacer: About to replace in property of type: class org.apache.jmeter.testelement.property.BooleanProperty: true 
2016/04/21 13:28:11 DEBUG - jmeter.engine.util.ValueReplacer: Won't replace true 
2016/04/21 13:28:11 DEBUG - jmeter.engine.util.ValueReplacer: About to replace in property of type: class org.apache.jmeter.testelement.property.StringProperty:  
2016/04/21 13:28:11 DEBUG - jmeter.engine.util.ValueReplacer: Replacement result:  
2016/04/21 13:28:11 DEBUG - jmeter.engine.util.ValueReplacer: About to replace in property of type: class org.apache.jmeter.testelement.property.StringProperty:  
2016/04/21 13:28:11 DEBUG - jmeter.engine.util.ValueReplacer: Replacement result:  
2016/04/21 13:28:11 DEBUG - jmeter.engine.util.ValueReplacer: About to replace in property of type: class org.apache.jmeter.testelement.property.StringProperty: org.apache.jmeter.testbeans.gui.TestBeanGUI 
2016/04/21 13:28:11 DEBUG - jmeter.engine.util.ValueReplacer: About to replace in property of type: class org.apache.jmeter.testelement.property.StringProperty: org.apache.jmeter.protocol.jdbc.config.DataSourceElement 
2016/04/21 13:28:11 DEBUG - jmeter.engine.util.ValueReplacer: About to replace in property of type: class org.apache.jmeter.testelement.property.StringProperty: Oracle DB connection 
2016/04/21 13:28:11 DEBUG - jmeter.engine.util.ValueReplacer: Replacement result: Oracle DB connection 
2016/04/21 13:28:11 DEBUG - jmeter.engine.util.ValueReplacer: About to replace in property of type: class org.apache.jmeter.testelement.property.BooleanProperty: true 
2016/04/21 13:28:11 DEBUG - jmeter.engine.util.ValueReplacer: Won't replace true 
2016/04/21 13:28:11 DEBUG - jmeter.engine.util.ValueReplacer: About to replace in property of type: class org.apache.jmeter.testelement.property.BooleanProperty: true 
2016/04/21 13:28:11 DEBUG - jmeter.engine.util.ValueReplacer: Won't replace true 
2016/04/21 13:28:11 DEBUG - jmeter.engine.util.ValueReplacer: About to replace in property of type: class org.apache.jmeter.testelement.property.StringProperty: Select 1 
2016/04/21 13:28:11 DEBUG - jmeter.engine.util.ValueReplacer: Replacement result: Select 1 
2016/04/21 13:28:11 DEBUG - jmeter.engine.util.ValueReplacer: About to replace in property of type: class org.apache.jmeter.testelement.property.StringProperty: 5000 
2016/04/21 13:28:11 DEBUG - jmeter.engine.util.ValueReplacer: Replacement result: 5000 
2016/04/21 13:28:11 DEBUG - jmeter.engine.util.ValueReplacer: About to replace in property of type: class org.apache.jmeter.testelement.property.StringProperty: oracle 
2016/04/21 13:28:11 DEBUG - jmeter.engine.util.ValueReplacer: Replacement result: oracle 
2016/04/21 13:28:11 DEBUG - jmeter.engine.util.ValueReplacer: About to replace in property of type: class org.apache.jmeter.testelement.property.StringProperty: jdbc:oracle:thin:@172.10.10.70:1521:TESTDB 
2016/04/21 13:28:11 DEBUG - jmeter.engine.util.ValueReplacer: Replacement result: jdbc:oracle:thin:@172.10.10.70:1521:TESTDB 
2016/04/21 13:28:11 DEBUG - jmeter.engine.util.ValueReplacer: About to replace in property of type: class org.apache.jmeter.testelement.property.StringProperty: oracle.jdbc.OracleDriver 
2016/04/21 13:28:11 DEBUG - jmeter.engine.util.ValueReplacer: Replacement result: oracle.jdbc.OracleDriver 
2016/04/21 13:28:11 DEBUG - jmeter.engine.util.ValueReplacer: About to replace in property of type: class org.apache.jmeter.testelement.property.BooleanProperty: true 
2016/04/21 13:28:11 DEBUG - jmeter.engine.util.ValueReplacer: Won't replace true 
2016/04/21 13:28:11 DEBUG - jmeter.engine.util.ValueReplacer: About to replace in property of type: class org.apache.jmeter.testelement.property.StringProperty: Start123 
2016/04/21 13:28:11 DEBUG - jmeter.engine.util.ValueReplacer: Replacement result: Start123 
2016/04/21 13:28:11 DEBUG - jmeter.engine.util.ValueReplacer: About to replace in property of type: class org.apache.jmeter.testelement.property.StringProperty: 10 
2016/04/21 13:28:11 DEBUG - jmeter.engine.util.ValueReplacer: Replacement result: 10 
2016/04/21 13:28:11 DEBUG - jmeter.engine.util.ValueReplacer: About to replace in property of type: class org.apache.jmeter.testelement.property.StringProperty: 10000 
2016/04/21 13:28:11 DEBUG - jmeter.engine.util.ValueReplacer: Replacement result: 10000 
2016/04/21 13:28:11 DEBUG - jmeter.engine.util.ValueReplacer: About to replace in property of type: class org.apache.jmeter.testelement.property.StringProperty: DEFAULT 
2016/04/21 13:28:11 DEBUG - jmeter.engine.util.ValueReplacer: Replacement result: DEFAULT 
2016/04/21 13:28:11 DEBUG - jmeter.engine.util.ValueReplacer: About to replace in property of type: class org.apache.jmeter.testelement.property.StringProperty: 60000 
2016/04/21 13:28:11 DEBUG - jmeter.engine.util.ValueReplacer: Replacement result: 60000 
2016/04/21 13:28:11 DEBUG - jmeter.engine.util.ValueReplacer: About to replace in property of type: class org.apache.jmeter.testelement.property.StringProperty: db_user 
2016/04/21 13:28:11 DEBUG - jmeter.engine.util.ValueReplacer: Replacement result: db_user 
2016/04/21 13:28:11 DEBUG - jmeter.engine.util.ValueReplacer: About to replace in property of type: class org.apache.jmeter.testelement.property.StringProperty:  
2016/04/21 13:28:11 DEBUG - jmeter.engine.util.ValueReplacer: Replacement result:  
2016/04/21 13:28:11 DEBUG - jmeter.engine.util.ValueReplacer: About to replace in property of type: class org.apache.jmeter.testelement.property.StringProperty: org.apache.jmeter.threads.gui.ThreadGroupGui 
2016/04/21 13:28:11 DEBUG - jmeter.engine.util.ValueReplacer: About to replace in property of type: class org.apache.jmeter.testelement.property.StringProperty: org.apache.jmeter.threads.ThreadGroup 
2016/04/21 13:28:11 DEBUG - jmeter.engine.util.ValueReplacer: About to replace in property of type: class org.apache.jmeter.testelement.property.StringProperty: Single Request 
2016/04/21 13:28:11 DEBUG - jmeter.engine.util.ValueReplacer: Replacement result: Single Request 
2016/04/21 13:28:11 DEBUG - jmeter.engine.util.ValueReplacer: About to replace in property of type: class org.apache.jmeter.testelement.property.BooleanProperty: true 
2016/04/21 13:28:11 DEBUG - jmeter.engine.util.ValueReplacer: Won't replace true 
2016/04/21 13:28:11 DEBUG - jmeter.engine.util.ValueReplacer: About to replace in property of type: class org.apache.jmeter.testelement.property.StringProperty: startnextloop 
2016/04/21 13:28:11 DEBUG - jmeter.engine.util.ValueReplacer: Replacement result: startnextloop 
2016/04/21 13:28:11 DEBUG - jmeter.engine.util.ValueReplacer: About to replace in property of type: class org.apache.jmeter.testelement.property.TestElementProperty: org.apache.jmeter.control.LoopController@736210ad 
2016/04/21 13:28:11 DEBUG - jmeter.engine.util.ValueReplacer: About to replace in property of type: class org.apache.jmeter.testelement.property.BooleanProperty: false 
2016/04/21 13:28:11 DEBUG - jmeter.engine.util.ValueReplacer: Won't replace false 
2016/04/21 13:28:11 DEBUG - jmeter.engine.util.ValueReplacer: About to replace in property of type: class org.apache.jmeter.testelement.property.StringProperty: Loop Controller 
2016/04/21 13:28:11 DEBUG - jmeter.engine.util.ValueReplacer: Replacement result: Loop Controller 
2016/04/21 13:28:11 DEBUG - jmeter.engine.util.ValueReplacer: About to replace in property of type: class org.apache.jmeter.testelement.property.StringProperty: org.apache.jmeter.control.gui.LoopControlPanel 
2016/04/21 13:28:11 DEBUG - jmeter.engine.util.ValueReplacer: About to replace in property of type: class org.apache.jmeter.testelement.property.StringProperty: org.apache.jmeter.control.LoopController 
2016/04/21 13:28:11 DEBUG - jmeter.engine.util.ValueReplacer: About to replace in property of type: class org.apache.jmeter.testelement.property.BooleanProperty: true 
2016/04/21 13:28:11 DEBUG - jmeter.engine.util.ValueReplacer: Won't replace true 
2016/04/21 13:28:11 DEBUG - jmeter.engine.util.ValueReplacer: About to replace in property of type: class org.apache.jmeter.testelement.property.StringProperty:  
2016/04/21 13:28:11 DEBUG - jmeter.engine.util.ValueReplacer: Replacement result:  
2016/04/21 13:28:11 DEBUG - jmeter.engine.util.ValueReplacer: About to replace in property of type: class org.apache.jmeter.testelement.property.StringProperty: 1 
2016/04/21 13:28:11 DEBUG - jmeter.engine.util.ValueReplacer: Replacement result: 1 
2016/04/21 13:28:11 DEBUG - jmeter.engine.util.ValueReplacer: Replacement result: org.apache.jmeter.control.LoopController@736210ad 
2016/04/21 13:28:11 DEBUG - jmeter.engine.util.ValueReplacer: About to replace in property of type: class org.apache.jmeter.testelement.property.StringProperty: 1 
2016/04/21 13:28:11 DEBUG - jmeter.engine.util.ValueReplacer: Replacement result: 1 
2016/04/21 13:28:11 DEBUG - jmeter.engine.util.ValueReplacer: About to replace in property of type: class org.apache.jmeter.testelement.property.StringProperty: 0 
2016/04/21 13:28:11 DEBUG - jmeter.engine.util.ValueReplacer: Replacement result: 0 
2016/04/21 13:28:11 DEBUG - jmeter.engine.util.ValueReplacer: About to replace in property of type: class org.apache.jmeter.testelement.property.LongProperty: 1458838800000 
2016/04/21 13:28:11 DEBUG - jmeter.engine.util.ValueReplacer: Replacement result: 1458838800000 
2016/04/21 13:28:11 DEBUG - jmeter.engine.util.ValueReplacer: About to replace in property of type: class org.apache.jmeter.testelement.property.LongProperty: 1459533600000 
2016/04/21 13:28:11 DEBUG - jmeter.engine.util.ValueReplacer: Replacement result: 1459533600000 
2016/04/21 13:28:11 DEBUG - jmeter.engine.util.ValueReplacer: About to replace in property of type: class org.apache.jmeter.testelement.property.BooleanProperty: false 
2016/04/21 13:28:11 DEBUG - jmeter.engine.util.ValueReplacer: Won't replace false 
2016/04/21 13:28:11 DEBUG - jmeter.engine.util.ValueReplacer: About to replace in property of type: class org.apache.jmeter.testelement.property.StringProperty:  
2016/04/21 13:28:11 DEBUG - jmeter.engine.util.ValueReplacer: Replacement result:  
2016/04/21 13:28:11 DEBUG - jmeter.engine.util.ValueReplacer: About to replace in property of type: class org.apache.jmeter.testelement.property.StringProperty:  
2016/04/21 13:28:11 DEBUG - jmeter.engine.util.ValueReplacer: Replacement result:  
2016/04/21 13:28:11 DEBUG - jmeter.engine.util.ValueReplacer: About to replace in property of type: class org.apache.jmeter.testelement.property.BooleanProperty: true 
2016/04/21 13:28:11 DEBUG - jmeter.engine.util.ValueReplacer: Won't replace true 
2016/04/21 13:28:11 DEBUG - jmeter.engine.util.ValueReplacer: About to replace in property of type: class org.apache.jmeter.testelement.property.StringProperty:  
2016/04/21 13:28:11 DEBUG - jmeter.engine.util.ValueReplacer: Replacement result:  
2016/04/21 13:28:11 DEBUG - jmeter.engine.util.ValueReplacer: About to replace in property of type: class org.apache.jmeter.testelement.property.StringProperty: org.apache.jmeter.testbeans.gui.TestBeanGUI 
2016/04/21 13:28:11 DEBUG - jmeter.engine.util.ValueReplacer: About to replace in property of type: class org.apache.jmeter.testelement.property.StringProperty: org.apache.jmeter.protocol.jdbc.sampler.JDBCSampler 
2016/04/21 13:28:11 DEBUG - jmeter.engine.util.ValueReplacer: About to replace in property of type: class org.apache.jmeter.testelement.property.StringProperty: JDBC Request 
2016/04/21 13:28:11 DEBUG - jmeter.engine.util.ValueReplacer: Replacement result: JDBC Request 
2016/04/21 13:28:11 DEBUG - jmeter.engine.util.ValueReplacer: About to replace in property of type: class org.apache.jmeter.testelement.property.BooleanProperty: true 
2016/04/21 13:28:11 DEBUG - jmeter.engine.util.ValueReplacer: Won't replace true 
2016/04/21 13:28:11 DEBUG - jmeter.engine.util.ValueReplacer: About to replace in property of type: class org.apache.jmeter.testelement.property.StringProperty: oracle 
2016/04/21 13:28:11 DEBUG - jmeter.engine.util.ValueReplacer: Replacement result: oracle 
2016/04/21 13:28:11 DEBUG - jmeter.engine.util.ValueReplacer: About to replace in property of type: class org.apache.jmeter.testelement.property.StringProperty: Select Statement 
2016/04/21 13:28:11 DEBUG - jmeter.engine.util.ValueReplacer: Replacement result: Select Statement 
2016/04/21 13:28:11 DEBUG - jmeter.engine.util.ValueReplacer: About to replace in property of type: class org.apache.jmeter.testelement.property.StringProperty: select * from testdata 
2016/04/21 13:28:11 DEBUG - jmeter.engine.util.ValueReplacer: Replacement result: select * from testdata 
2016/04/21 13:28:11 DEBUG - jmeter.engine.util.ValueReplacer: About to replace in property of type: class org.apache.jmeter.testelement.property.StringProperty:  
2016/04/21 13:28:11 DEBUG - jmeter.engine.util.ValueReplacer: Replacement result:  
2016/04/21 13:28:11 DEBUG - jmeter.engine.util.ValueReplacer: About to replace in property of type: class org.apache.jmeter.testelement.property.StringProperty:  
2016/04/21 13:28:11 DEBUG - jmeter.engine.util.ValueReplacer: Replacement result:  
2016/04/21 13:28:11 DEBUG - jmeter.engine.util.ValueReplacer: About to replace in property of type: class org.apache.jmeter.testelement.property.StringProperty:  
2016/04/21 13:28:11 DEBUG - jmeter.engine.util.ValueReplacer: Replacement result:  
2016/04/21 13:28:11 DEBUG - jmeter.engine.util.ValueReplacer: About to replace in property of type: class org.apache.jmeter.testelement.property.StringProperty:  
2016/04/21 13:28:11 DEBUG - jmeter.engine.util.ValueReplacer: Replacement result:  
2016/04/21 13:28:11 DEBUG - jmeter.engine.util.ValueReplacer: About to replace in property of type: class org.apache.jmeter.testelement.property.StringProperty:  
2016/04/21 13:28:11 DEBUG - jmeter.engine.util.ValueReplacer: Replacement result:  
2016/04/21 13:28:11 DEBUG - jmeter.engine.util.ValueReplacer: About to replace in property of type: class org.apache.jmeter.testelement.property.StringProperty: Store as String 
2016/04/21 13:28:11 DEBUG - jmeter.engine.util.ValueReplacer: Replacement result: Store as String 
2016/04/21 13:28:11 DEBUG - jmeter.engine.util.ValueReplacer: About to replace in property of type: class org.apache.jmeter.testelement.property.StringProperty:  
2016/04/21 13:28:11 DEBUG - jmeter.engine.util.ValueReplacer: Replacement result:  
2016/04/21 13:28:11 INFO  - jmeter.gui.util.JMeterMenuBar: setRunning(true,*local*) 
2016/04/21 13:28:11 INFO  - jmeter.engine.StandardJMeterEngine: Starting ThreadGroup: 1 : Single Request 
2016/04/21 13:28:11 INFO  - jmeter.engine.StandardJMeterEngine: Starting 1 threads for group Single Request. 
2016/04/21 13:28:11 INFO  - jmeter.engine.StandardJMeterEngine: Thread will start next loop on error 
2016/04/21 13:28:11 INFO  - jmeter.threads.ThreadGroup: Starting thread group number 1 threads 1 ramp-up 0 perThread 0.0 delayedStart=true 
2016/04/21 13:28:11 INFO  - jmeter.threads.ThreadGroup: Started thread group number 1 
2016/04/21 13:28:11 INFO  - jmeter.engine.StandardJMeterEngine: All thread groups have been started 
2016/04/21 13:28:11 DEBUG - jmeter.threads.TestCompiler: Subtracting node, stack size = 2 
2016/04/21 13:28:11 DEBUG - jmeter.threads.TestCompiler: adding controller: org.apache.jmeter.threads.ThreadGroup@d1a9d55 to sampler config 
2016/04/21 13:28:11 DEBUG - jmeter.threads.TestCompiler: Subtracting node, stack size = 2 
2016/04/21 13:28:11 DEBUG - jmeter.threads.TestCompiler: Subtracting node, stack size = 2 
2016/04/21 13:28:11 DEBUG - jmeter.threads.TestCompiler: Subtracting node, stack size = 1 
2016/04/21 13:28:11 INFO  - jmeter.threads.JMeterThread: Thread started: Single Request 1-1 
2016/04/21 13:28:12 DEBUG - jmeter.threads.JMeterThread: StartNextLoop option is on, Last sample failed, starting next loop 
2016/04/21 13:28:12 INFO  - jmeter.threads.JMeterThread: Thread is done: Single Request 1-1 
2016/04/21 13:28:12 INFO  - jmeter.threads.JMeterThread: Thread finished: Single Request 1-1 
2016/04/21 13:28:12 DEBUG - jmeter.threads.ThreadGroup: Ending thread Single Request 1-1 
2016/04/21 13:28:12 INFO  - jmeter.engine.StandardJMeterEngine: Notifying test listeners of end of test 
2016/04/21 13:28:12 INFO  - jmeter.gui.util.JMeterMenuBar: setRunning(false,*local*) 
