2020-09-23 09:56:05,287 INFO o.a.j.u.JMeterUtils: Setting Locale to en_EN
2020-09-23 09:56:05,327 INFO o.a.j.JMeter: Loading user properties from: user.properties
2020-09-23 09:56:05,327 INFO o.a.j.JMeter: Loading system properties from: system.properties
2020-09-23 09:56:05,329 INFO o.a.j.JMeter: Copyright (c) 1998-2020 The Apache Software Foundation
2020-09-23 09:56:05,329 INFO o.a.j.JMeter: Version 5.3
2020-09-23 09:56:05,329 INFO o.a.j.JMeter: java.version=1.8.0_131
2020-09-23 09:56:05,329 INFO o.a.j.JMeter: java.vm.name=Java HotSpot(TM) 64-Bit Server VM
2020-09-23 09:56:05,329 INFO o.a.j.JMeter: os.name=Mac OS X
2020-09-23 09:56:05,329 INFO o.a.j.JMeter: os.arch=x86_64
2020-09-23 09:56:05,329 INFO o.a.j.JMeter: os.version=10.15.6
2020-09-23 09:56:05,329 INFO o.a.j.JMeter: file.encoding=UTF-8
2020-09-23 09:56:05,329 INFO o.a.j.JMeter: java.awt.headless=null
2020-09-23 09:56:05,330 INFO o.a.j.JMeter: Max memory     =1073741824
2020-09-23 09:56:05,330 INFO o.a.j.JMeter: Available Processors =8
2020-09-23 09:56:05,342 INFO o.a.j.JMeter: Default Locale=English (EN)
2020-09-23 09:56:05,342 INFO o.a.j.JMeter: JMeter  Locale=English (EN)
2020-09-23 09:56:05,342 INFO o.a.j.JMeter: JMeterHome=/Users/frank/tools/apache-jmeter-5.3
2020-09-23 09:56:05,342 INFO o.a.j.JMeter: user.dir  =/Users/frank/tools/apache-jmeter-5.3/bin
2020-09-23 09:56:05,342 INFO o.a.j.JMeter: PWD       =/Users/frank/tools/apache-jmeter-5.3/bin
2020-09-23 09:56:10,345 INFO o.a.j.JMeter: IP: XXXXXXXXXXXX Name: XXXXXXXXXXXXXXXXX
2020-09-23 09:56:10,914 INFO o.a.j.JMeter: Setting LAF to: laf:com.apple.laf.AquaLookAndFeel
2020-09-23 09:56:13,057 INFO o.a.j.JMeter: Loaded icon properties from org/apache/jmeter/images/icon.properties
2020-09-23 09:56:23,676 INFO o.a.j.s.FileServer: Default base='/Users/frank/tools/apache-jmeter-5.3/bin'
2020-09-23 09:56:23,680 INFO o.a.j.g.a.Load: Loading file: /Users/frank/jmeter_scripts/mycourse.jmx
2020-09-23 09:56:23,681 INFO o.a.j.s.FileServer: Set new base='/Users/frank/jmeter_scripts'
2020-09-23 09:56:23,878 INFO o.a.j.s.SaveService: Testplan (JMX) version: 2.2. Testlog (JTL) version: 2.2
2020-09-23 09:56:23,900 INFO o.a.j.s.SaveService: Using SaveService properties file encoding UTF-8
2020-09-23 09:56:23,901 INFO o.a.j.s.SaveService: Using SaveService properties version 5.0
2020-09-23 09:56:23,903 INFO o.a.j.s.SaveService: Loading file: /Users/frank/jmeter_scripts/mycourse.jmx
2020-09-23 09:56:23,928 INFO o.a.j.p.h.s.HTTPSamplerBase: Parser for text/html is org.apache.jmeter.protocol.http.parser.LagartoBasedHtmlParser
2020-09-23 09:56:23,928 INFO o.a.j.p.h.s.HTTPSamplerBase: Parser for application/xhtml+xml is org.apache.jmeter.protocol.http.parser.LagartoBasedHtmlParser
2020-09-23 09:56:23,928 INFO o.a.j.p.h.s.HTTPSamplerBase: Parser for application/xml is org.apache.jmeter.protocol.http.parser.LagartoBasedHtmlParser
2020-09-23 09:56:23,928 INFO o.a.j.p.h.s.HTTPSamplerBase: Parser for text/xml is org.apache.jmeter.protocol.http.parser.LagartoBasedHtmlParser
2020-09-23 09:56:23,928 INFO o.a.j.p.h.s.HTTPSamplerBase: Parser for text/vnd.wap.wml is org.apache.jmeter.protocol.http.parser.RegexpHTMLParser
2020-09-23 09:56:23,928 INFO o.a.j.p.h.s.HTTPSamplerBase: Parser for text/css is org.apache.jmeter.protocol.http.parser.CssParser
2020-09-23 09:56:24,027 INFO o.a.j.s.SampleResult: Note: Sample TimeStamps are START times
2020-09-23 09:56:24,027 INFO o.a.j.s.SampleResult: sampleresult.default.encoding is set to ISO-8859-1
2020-09-23 09:56:24,027 INFO o.a.j.s.SampleResult: sampleresult.useNanoTime=true
2020-09-23 09:56:24,028 INFO o.a.j.s.SampleResult: sampleresult.nanoThreadSleep=5000
2020-09-23 09:56:24,346 INFO o.a.j.s.FileServer: Set new base='/Users/frank/jmeter_scripts'
2020-09-23 15:58:32,125 INFO o.a.j.g.a.LogLevelCommand: Setting root log level: ALL
2020-09-23 15:58:41,727 DEBUG o.a.j.g.GuiPackage: Updating current node Thread Group
2020-09-23 15:58:41,727 DEBUG o.a.j.g.GuiPackage: Gui retrieved = org.apache.jmeter.threads.gui.ThreadGroupGui[Thread Group,0,0,969x720,layout=java.awt.BorderLayout,alignmentX=0.0,alignmentY=0.0,border=javax.swing.border.EmptyBorder@29a4a971,flags=9,maximumSize=,minimumSize=,preferredSize=]
2020-09-23 15:58:41,727 DEBUG o.a.j.g.AbstractJMeterGuiComponent: setting element to enabled: true
2020-09-23 15:58:41,728 DEBUG o.a.j.g.AbstractJMeterGuiComponent: setting element to enabled: true
2020-09-23 15:58:41,728 DEBUG o.a.j.g.GuiPackage: Gui retrieved = org.apache.jmeter.threads.gui.ThreadGroupGui[Thread Group,0,0,969x720,layout=java.awt.BorderLayout,alignmentX=0.0,alignmentY=0.0,border=javax.swing.border.EmptyBorder@29a4a971,flags=9,maximumSize=,minimumSize=,preferredSize=]
2020-09-23 15:58:41,729 DEBUG o.a.j.g.a.CheckDirty: Node is class: class org.apache.jmeter.gui.tree.JMeterTreeNode
2020-09-23 15:58:41,729 DEBUG o.a.j.g.a.CheckDirty: Node is class: class org.apache.jmeter.gui.tree.JMeterTreeNode
2020-09-23 15:58:41,730 DEBUG o.a.j.g.a.CheckDirty: Node is class: class org.apache.jmeter.gui.tree.JMeterTreeNode
2020-09-23 15:58:41,730 DEBUG o.a.j.g.a.CheckDirty: Node is class: class org.apache.jmeter.gui.tree.JMeterTreeNode
2020-09-23 15:58:41,730 DEBUG o.a.j.g.a.CheckDirty: Node is class: class org.apache.jmeter.gui.tree.JMeterTreeNode
2020-09-23 15:58:41,730 DEBUG o.a.j.g.GuiPackage: Updating current node Thread Group
2020-09-23 15:58:41,731 DEBUG o.a.j.g.GuiPackage: Gui retrieved = org.apache.jmeter.threads.gui.ThreadGroupGui[Thread Group,0,0,969x720,invalid,layout=java.awt.BorderLayout,alignmentX=0.0,alignmentY=0.0,border=javax.swing.border.EmptyBorder@29a4a971,flags=9,maximumSize=,minimumSize=,preferredSize=]
2020-09-23 15:58:41,731 DEBUG o.a.j.g.AbstractJMeterGuiComponent: setting element to enabled: true
2020-09-23 15:58:41,731 DEBUG o.a.j.g.AbstractJMeterGuiComponent: setting element to enabled: true
2020-09-23 15:58:41,731 DEBUG o.a.j.g.GuiPackage: Gui retrieved = org.apache.jmeter.threads.gui.ThreadGroupGui[Thread Group,0,0,969x720,invalid,layout=java.awt.BorderLayout,alignmentX=0.0,alignmentY=0.0,border=javax.swing.border.EmptyBorder@29a4a971,flags=9,maximumSize=,minimumSize=,preferredSize=]
2020-09-23 15:58:41,732 DEBUG o.a.j.g.a.CheckDirty: Node is class: class org.apache.jmeter.gui.tree.JMeterTreeNode
2020-09-23 15:58:41,732 DEBUG o.a.j.g.a.CheckDirty: Node is class: class org.apache.jmeter.gui.tree.JMeterTreeNode
2020-09-23 15:58:41,732 DEBUG o.a.j.g.a.CheckDirty: Node is class: class org.apache.jmeter.gui.tree.JMeterTreeNode
2020-09-23 15:58:41,732 DEBUG o.a.j.g.a.CheckDirty: Node is class: class org.apache.jmeter.gui.tree.JMeterTreeNode
2020-09-23 15:58:41,733 DEBUG o.a.j.g.a.CheckDirty: Node is class: class org.apache.jmeter.gui.tree.JMeterTreeNode
