2018-08-24 09:57:09,497 INFO o.a.j.u.JMeterUtils: Setting Locale to en_EN
2018-08-24 09:57:09,507 INFO o.a.j.JMeter: Loading user properties from: user.properties
2018-08-24 09:57:09,508 INFO o.a.j.JMeter: Loading system properties from: system.properties
2018-08-24 09:57:09,512 INFO o.a.j.JMeter: Copyright (c) 1998-2018 The Apache Software Foundation
2018-08-24 09:57:09,512 INFO o.a.j.JMeter: Version 4.0 r1823414
2018-08-24 09:57:09,512 INFO o.a.j.JMeter: java.version=1.8.0_181
2018-08-24 09:57:09,512 INFO o.a.j.JMeter: java.vm.name=Java HotSpot(TM) 64-Bit Server VM
2018-08-24 09:57:09,513 INFO o.a.j.JMeter: os.name=Windows 7
2018-08-24 09:57:09,513 INFO o.a.j.JMeter: os.arch=amd64
2018-08-24 09:57:09,513 INFO o.a.j.JMeter: os.version=6.1
2018-08-24 09:57:09,513 INFO o.a.j.JMeter: file.encoding=Cp1252
2018-08-24 09:57:09,513 INFO o.a.j.JMeter: Max memory     =1073741824
2018-08-24 09:57:09,513 INFO o.a.j.JMeter: Available Processors =8
2018-08-24 09:57:09,516 INFO o.a.j.JMeter: Default Locale=English (EN)
2018-08-24 09:57:09,517 INFO o.a.j.JMeter: JMeter  Locale=English (EN)
2018-08-24 09:57:09,517 INFO o.a.j.JMeter: JMeterHome=C:\dev\apache-jmeter-4.0
2018-08-24 09:57:09,517 INFO o.a.j.JMeter: user.dir  =C:\dev\apache-jmeter-4.0\bin
2018-08-24 09:57:09,517 INFO o.a.j.JMeter: PWD       =C:\dev\apache-jmeter-4.0\bin
2018-08-24 09:57:09,518 INFO o.a.j.JMeter: IP: 10.142.186.93 Name: LL11GPC0L1NUA FullName: LL11GPC0L1NUA.adgroup.michelin.com
2018-08-24 09:57:09,799 INFO o.a.j.g.a.LookAndFeelCommand: Installing Darcula LAF
2018-08-24 09:57:09,812 INFO o.a.j.g.a.LookAndFeelCommand: Using look and feel: com.bulenkov.darcula.DarculaLaf [Darcula]
2018-08-24 09:57:09,812 INFO o.a.j.JMeter: Setting LAF to: com.bulenkov.darcula.DarculaLaf
2018-08-24 09:57:09,872 INFO o.a.j.JMeter: Loaded icon properties from org/apache/jmeter/images/icon.properties
2018-08-24 09:57:10,247 INFO o.a.j.e.u.CompoundVariable: Note: Function class names must contain the string: '.functions.'
2018-08-24 09:57:10,247 INFO o.a.j.e.u.CompoundVariable: Note: Function class names must not contain the string: '.gui.'
2018-08-24 09:57:11,559 INFO o.a.j.p.h.s.HTTPSamplerBase: Parser for text/html is org.apache.jmeter.protocol.http.parser.LagartoBasedHtmlParser
2018-08-24 09:57:11,559 INFO o.a.j.p.h.s.HTTPSamplerBase: Parser for application/xhtml+xml is org.apache.jmeter.protocol.http.parser.LagartoBasedHtmlParser
2018-08-24 09:57:11,559 INFO o.a.j.p.h.s.HTTPSamplerBase: Parser for application/xml is org.apache.jmeter.protocol.http.parser.LagartoBasedHtmlParser
2018-08-24 09:57:11,559 INFO o.a.j.p.h.s.HTTPSamplerBase: Parser for text/xml is org.apache.jmeter.protocol.http.parser.LagartoBasedHtmlParser
2018-08-24 09:57:11,559 INFO o.a.j.p.h.s.HTTPSamplerBase: Parser for text/vnd.wap.wml is org.apache.jmeter.protocol.http.parser.RegexpHTMLParser
2018-08-24 09:57:11,560 INFO o.a.j.p.h.s.HTTPSamplerBase: Parser for text/css is org.apache.jmeter.protocol.http.parser.CssParser
2018-08-24 09:57:12,080 INFO o.a.j.e.KeyToolUtils: keytool found at 'keytool'
2018-08-24 09:57:12,080 INFO o.a.j.p.h.p.ProxyControl: HTTP(S) Test Script Recorder SSL Proxy will use keys that support embedded 3rd party resources in file C:\dev\apache-jmeter-4.0\bin\proxyserver.jks
2018-08-24 09:57:12,172 INFO o.a.j.s.FileServer: Default base='C:\dev\apache-jmeter-4.0\bin'
2018-08-24 09:57:12,353 ERROR o.a.j.g.u.MenuFactory: Error initializing menus, check configuration if using 3rd party libraries
java.lang.NullPointerException: null
	at javax.swing.plaf.metal.MetalFileChooserUI$IndentIcon.getIconWidth(MetalFileChooserUI.java:891) ~[?:1.8.0_181]
	at javax.swing.SwingUtilities.layoutCompoundLabelImpl(SwingUtilities.java:968) ~[?:1.8.0_181]
	at javax.swing.SwingUtilities.layoutCompoundLabel(SwingUtilities.java:895) ~[?:1.8.0_181]
	at javax.swing.plaf.basic.BasicLabelUI.layoutCL(BasicLabelUI.java:102) ~[?:1.8.0_181]
	at javax.swing.plaf.basic.BasicLabelUI.getPreferredSize(BasicLabelUI.java:256) ~[?:1.8.0_181]
	at javax.swing.JComponent.getPreferredSize(JComponent.java:1662) ~[?:1.8.0_181]
	at javax.swing.plaf.basic.BasicListUI.updateLayoutState(BasicListUI.java:1363) ~[?:1.8.0_181]
	at javax.swing.plaf.basic.BasicListUI.maybeUpdateLayoutState(BasicListUI.java:1311) ~[?:1.8.0_181]
	at javax.swing.plaf.basic.BasicListUI$Handler.valueChanged(BasicListUI.java:2623) ~[?:1.8.0_181]
	at javax.swing.DefaultListSelectionModel.fireValueChanged(DefaultListSelectionModel.java:184) ~[?:1.8.0_181]
	at javax.swing.DefaultListSelectionModel.fireValueChanged(DefaultListSelectionModel.java:164) ~[?:1.8.0_181]
	at javax.swing.DefaultListSelectionModel.fireValueChanged(DefaultListSelectionModel.java:211) ~[?:1.8.0_181]
	at javax.swing.DefaultListSelectionModel.changeSelection(DefaultListSelectionModel.java:405) ~[?:1.8.0_181]
	at javax.swing.DefaultListSelectionModel.changeSelection(DefaultListSelectionModel.java:415) ~[?:1.8.0_181]
	at javax.swing.DefaultListSelectionModel.setSelectionInterval(DefaultListSelectionModel.java:459) ~[?:1.8.0_181]
	at javax.swing.JList.setSelectedIndex(JList.java:2216) ~[?:1.8.0_181]
	at javax.swing.plaf.basic.BasicComboPopup.setListSelection(BasicComboPopup.java:1186) ~[?:1.8.0_181]
	at javax.swing.plaf.basic.BasicComboPopup.access$300(BasicComboPopup.java:65) ~[?:1.8.0_181]
	at javax.swing.plaf.basic.BasicComboPopup$Handler.itemStateChanged(BasicComboPopup.java:1015) ~[?:1.8.0_181]
	at javax.swing.JComboBox.fireItemStateChanged(JComboBox.java:1223) ~[?:1.8.0_181]
	at javax.swing.JComboBox.selectedItemChanged(JComboBox.java:1280) ~[?:1.8.0_181]
	at javax.swing.JComboBox.contentsChanged(JComboBox.java:1330) ~[?:1.8.0_181]
	at javax.swing.AbstractListModel.fireContentsChanged(AbstractListModel.java:118) ~[?:1.8.0_181]
	at javax.swing.plaf.metal.MetalFileChooserUI$DirectoryComboBoxModel.setSelectedItem(MetalFileChooserUI.java:1009) ~[?:1.8.0_181]
	at javax.swing.plaf.metal.MetalFileChooserUI$DirectoryComboBoxModel.addItem(MetalFileChooserUI.java:980) ~[?:1.8.0_181]
	at javax.swing.plaf.metal.MetalFileChooserUI$DirectoryComboBoxModel.access$800(MetalFileChooserUI.java:910) ~[?:1.8.0_181]
	at javax.swing.plaf.metal.MetalFileChooserUI.doDirectoryChanged(MetalFileChooserUI.java:659) ~[?:1.8.0_181]
	at javax.swing.plaf.metal.MetalFileChooserUI.access$1100(MetalFileChooserUI.java:53) ~[?:1.8.0_181]
	at javax.swing.plaf.metal.MetalFileChooserUI$5.propertyChange(MetalFileChooserUI.java:748) ~[?:1.8.0_181]
	at java.beans.PropertyChangeSupport.fire(PropertyChangeSupport.java:335) ~[?:1.8.0_181]
	at java.beans.PropertyChangeSupport.firePropertyChange(PropertyChangeSupport.java:327) ~[?:1.8.0_181]
	at java.beans.PropertyChangeSupport.firePropertyChange(PropertyChangeSupport.java:263) ~[?:1.8.0_181]
	at java.awt.Component.firePropertyChange(Component.java:8434) ~[?:1.8.0_181]
	at javax.swing.JFileChooser.setCurrentDirectory(JFileChooser.java:598) ~[?:1.8.0_181]
	at javax.swing.JFileChooser.<init>(JFileChooser.java:344) ~[?:1.8.0_181]
	at javax.swing.JFileChooser.<init>(JFileChooser.java:296) ~[?:1.8.0_181]
	at org.apache.jmeter.protocol.smtp.sampler.gui.SmtpPanel.initComponents(SmtpPanel.java:576) ~[ApacheJMeter_mail.jar:4.0 r1823414]
	at org.apache.jmeter.protocol.smtp.sampler.gui.SmtpPanel.<init>(SmtpPanel.java:117) ~[ApacheJMeter_mail.jar:4.0 r1823414]
	at org.apache.jmeter.protocol.smtp.sampler.gui.SmtpSamplerGui.makeDataPanel(SmtpSamplerGui.java:190) ~[ApacheJMeter_mail.jar:4.0 r1823414]
	at org.apache.jmeter.protocol.smtp.sampler.gui.SmtpSamplerGui.init(SmtpSamplerGui.java:170) ~[ApacheJMeter_mail.jar:4.0 r1823414]
	at org.apache.jmeter.protocol.smtp.sampler.gui.SmtpSamplerGui.<init>(SmtpSamplerGui.java:47) ~[ApacheJMeter_mail.jar:4.0 r1823414]
	at sun.reflect.NativeConstructorAccessorImpl.newInstance0(Native Method) ~[?:1.8.0_181]
	at sun.reflect.NativeConstructorAccessorImpl.newInstance(NativeConstructorAccessorImpl.java:62) ~[?:1.8.0_181]
	at sun.reflect.DelegatingConstructorAccessorImpl.newInstance(DelegatingConstructorAccessorImpl.java:45) ~[?:1.8.0_181]
	at java.lang.reflect.Constructor.newInstance(Constructor.java:423) ~[?:1.8.0_181]
	at java.lang.Class.newInstance(Class.java:442) ~[?:1.8.0_181]
	at org.apache.jmeter.gui.util.MenuFactory.getGUIComponent(MenuFactory.java:174) ~[ApacheJMeter_core.jar:4.0 r1823414]
	at org.apache.jmeter.gui.util.MenuFactory.initializeMenus(MenuFactory.java:141) ~[ApacheJMeter_core.jar:4.0 r1823414]
	at org.apache.jmeter.gui.util.MenuFactory.<clinit>(MenuFactory.java:106) ~[ApacheJMeter_core.jar:4.0 r1823414]
	at org.apache.jmeter.control.gui.TestPlanGui.createPopupMenu(TestPlanGui.java:92) ~[ApacheJMeter_core.jar:4.0 r1823414]
	at org.apache.jmeter.gui.tree.JMeterTreeNode.createPopupMenu(JMeterTreeNode.java:155) ~[ApacheJMeter_core.jar:4.0 r1823414]
	at org.apache.jmeter.gui.action.EditCommand.doAction(EditCommand.java:46) ~[ApacheJMeter_core.jar:4.0 r1823414]
	at org.apache.jmeter.gui.action.ActionRouter.performAction(ActionRouter.java:88) ~[ApacheJMeter_core.jar:4.0 r1823414]
	at org.apache.jmeter.gui.action.ActionRouter.lambda$actionPerformed$0(ActionRouter.java:70) ~[ApacheJMeter_core.jar:4.0 r1823414]
	at java.awt.event.InvocationEvent.dispatch(InvocationEvent.java:311) [?:1.8.0_181]
	at java.awt.EventQueue.dispatchEventImpl(EventQueue.java:758) [?:1.8.0_181]
	at java.awt.EventQueue.access$500(EventQueue.java:97) [?:1.8.0_181]
	at java.awt.EventQueue$3.run(EventQueue.java:709) [?:1.8.0_181]
	at java.awt.EventQueue$3.run(EventQueue.java:703) [?:1.8.0_181]
	at java.security.AccessController.doPrivileged(Native Method) [?:1.8.0_181]
	at java.security.ProtectionDomain$JavaSecurityAccessImpl.doIntersectionPrivilege(ProtectionDomain.java:74) [?:1.8.0_181]
	at java.awt.EventQueue.dispatchEvent(EventQueue.java:728) [?:1.8.0_181]
	at java.awt.EventDispatchThread.pumpOneEventForFilters(EventDispatchThread.java:205) [?:1.8.0_181]
	at java.awt.EventDispatchThread.pumpEventsForFilter(EventDispatchThread.java:116) [?:1.8.0_181]
	at java.awt.EventDispatchThread.pumpEventsForHierarchy(EventDispatchThread.java:105) [?:1.8.0_181]
	at java.awt.EventDispatchThread.pumpEvents(EventDispatchThread.java:101) [?:1.8.0_181]
	at java.awt.EventDispatchThread.pumpEvents(EventDispatchThread.java:93) [?:1.8.0_181]
	at java.awt.EventDispatchThread.run(EventDispatchThread.java:82) [?:1.8.0_181]
2018-08-24 09:57:12,356 ERROR o.a.j.JMeter: Uncaught exception: 
java.lang.ExceptionInInitializerError: null
	at org.apache.jmeter.control.gui.TestPlanGui.createPopupMenu(TestPlanGui.java:92) ~[ApacheJMeter_core.jar:4.0 r1823414]
	at org.apache.jmeter.gui.tree.JMeterTreeNode.createPopupMenu(JMeterTreeNode.java:155) ~[ApacheJMeter_core.jar:4.0 r1823414]
	at org.apache.jmeter.gui.action.EditCommand.doAction(EditCommand.java:46) ~[ApacheJMeter_core.jar:4.0 r1823414]
	at org.apache.jmeter.gui.action.ActionRouter.performAction(ActionRouter.java:88) ~[ApacheJMeter_core.jar:4.0 r1823414]
	at org.apache.jmeter.gui.action.ActionRouter.lambda$actionPerformed$0(ActionRouter.java:70) ~[ApacheJMeter_core.jar:4.0 r1823414]
	at java.awt.event.InvocationEvent.dispatch(InvocationEvent.java:311) ~[?:1.8.0_181]
	at java.awt.EventQueue.dispatchEventImpl(EventQueue.java:758) ~[?:1.8.0_181]
	at java.awt.EventQueue.access$500(EventQueue.java:97) ~[?:1.8.0_181]
	at java.awt.EventQueue$3.run(EventQueue.java:709) ~[?:1.8.0_181]
	at java.awt.EventQueue$3.run(EventQueue.java:703) ~[?:1.8.0_181]
	at java.security.AccessController.doPrivileged(Native Method) ~[?:1.8.0_181]
	at java.security.ProtectionDomain$JavaSecurityAccessImpl.doIntersectionPrivilege(ProtectionDomain.java:74) ~[?:1.8.0_181]
	at java.awt.EventQueue.dispatchEvent(EventQueue.java:728) ~[?:1.8.0_181]
	at java.awt.EventDispatchThread.pumpOneEventForFilters(EventDispatchThread.java:205) [?:1.8.0_181]
	at java.awt.EventDispatchThread.pumpEventsForFilter(EventDispatchThread.java:116) [?:1.8.0_181]
	at java.awt.EventDispatchThread.pumpEventsForHierarchy(EventDispatchThread.java:105) [?:1.8.0_181]
	at java.awt.EventDispatchThread.pumpEvents(EventDispatchThread.java:101) [?:1.8.0_181]
	at java.awt.EventDispatchThread.pumpEvents(EventDispatchThread.java:93) [?:1.8.0_181]
	at java.awt.EventDispatchThread.run(EventDispatchThread.java:82) [?:1.8.0_181]
Caused by: java.lang.NullPointerException
	at javax.swing.plaf.metal.MetalFileChooserUI$IndentIcon.getIconWidth(MetalFileChooserUI.java:891) ~[?:1.8.0_181]
	at javax.swing.SwingUtilities.layoutCompoundLabelImpl(SwingUtilities.java:968) ~[?:1.8.0_181]
	at javax.swing.SwingUtilities.layoutCompoundLabel(SwingUtilities.java:895) ~[?:1.8.0_181]
	at javax.swing.plaf.basic.BasicLabelUI.layoutCL(BasicLabelUI.java:102) ~[?:1.8.0_181]
	at javax.swing.plaf.basic.BasicLabelUI.getPreferredSize(BasicLabelUI.java:256) ~[?:1.8.0_181]
	at javax.swing.JComponent.getPreferredSize(JComponent.java:1662) ~[?:1.8.0_181]
	at javax.swing.plaf.basic.BasicListUI.updateLayoutState(BasicListUI.java:1363) ~[?:1.8.0_181]
	at javax.swing.plaf.basic.BasicListUI.maybeUpdateLayoutState(BasicListUI.java:1311) ~[?:1.8.0_181]
	at javax.swing.plaf.basic.BasicListUI$Handler.valueChanged(BasicListUI.java:2623) ~[?:1.8.0_181]
	at javax.swing.DefaultListSelectionModel.fireValueChanged(DefaultListSelectionModel.java:184) ~[?:1.8.0_181]
	at javax.swing.DefaultListSelectionModel.fireValueChanged(DefaultListSelectionModel.java:164) ~[?:1.8.0_181]
	at javax.swing.DefaultListSelectionModel.fireValueChanged(DefaultListSelectionModel.java:211) ~[?:1.8.0_181]
	at javax.swing.DefaultListSelectionModel.changeSelection(DefaultListSelectionModel.java:405) ~[?:1.8.0_181]
	at javax.swing.DefaultListSelectionModel.changeSelection(DefaultListSelectionModel.java:415) ~[?:1.8.0_181]
	at javax.swing.DefaultListSelectionModel.setSelectionInterval(DefaultListSelectionModel.java:459) ~[?:1.8.0_181]
	at javax.swing.JList.setSelectedIndex(JList.java:2216) ~[?:1.8.0_181]
	at javax.swing.plaf.basic.BasicComboPopup.setListSelection(BasicComboPopup.java:1186) ~[?:1.8.0_181]
	at javax.swing.plaf.basic.BasicComboPopup.access$300(BasicComboPopup.java:65) ~[?:1.8.0_181]
	at javax.swing.plaf.basic.BasicComboPopup$Handler.itemStateChanged(BasicComboPopup.java:1015) ~[?:1.8.0_181]
	at javax.swing.JComboBox.fireItemStateChanged(JComboBox.java:1223) ~[?:1.8.0_181]
	at javax.swing.JComboBox.selectedItemChanged(JComboBox.java:1280) ~[?:1.8.0_181]
	at javax.swing.JComboBox.contentsChanged(JComboBox.java:1330) ~[?:1.8.0_181]
	at javax.swing.AbstractListModel.fireContentsChanged(AbstractListModel.java:118) ~[?:1.8.0_181]
	at javax.swing.plaf.metal.MetalFileChooserUI$DirectoryComboBoxModel.setSelectedItem(MetalFileChooserUI.java:1009) ~[?:1.8.0_181]
	at javax.swing.plaf.metal.MetalFileChooserUI$DirectoryComboBoxModel.addItem(MetalFileChooserUI.java:980) ~[?:1.8.0_181]
	at javax.swing.plaf.metal.MetalFileChooserUI$DirectoryComboBoxModel.access$800(MetalFileChooserUI.java:910) ~[?:1.8.0_181]
	at javax.swing.plaf.metal.MetalFileChooserUI.doDirectoryChanged(MetalFileChooserUI.java:659) ~[?:1.8.0_181]
	at javax.swing.plaf.metal.MetalFileChooserUI.access$1100(MetalFileChooserUI.java:53) ~[?:1.8.0_181]
	at javax.swing.plaf.metal.MetalFileChooserUI$5.propertyChange(MetalFileChooserUI.java:748) ~[?:1.8.0_181]
	at java.beans.PropertyChangeSupport.fire(PropertyChangeSupport.java:335) ~[?:1.8.0_181]
	at java.beans.PropertyChangeSupport.firePropertyChange(PropertyChangeSupport.java:327) ~[?:1.8.0_181]
	at java.beans.PropertyChangeSupport.firePropertyChange(PropertyChangeSupport.java:263) ~[?:1.8.0_181]
	at java.awt.Component.firePropertyChange(Component.java:8434) ~[?:1.8.0_181]
	at javax.swing.JFileChooser.setCurrentDirectory(JFileChooser.java:598) ~[?:1.8.0_181]
	at javax.swing.JFileChooser.<init>(JFileChooser.java:344) ~[?:1.8.0_181]
	at javax.swing.JFileChooser.<init>(JFileChooser.java:296) ~[?:1.8.0_181]
	at org.apache.jmeter.protocol.smtp.sampler.gui.SmtpPanel.initComponents(SmtpPanel.java:576) ~[ApacheJMeter_mail.jar:4.0 r1823414]
	at org.apache.jmeter.protocol.smtp.sampler.gui.SmtpPanel.<init>(SmtpPanel.java:117) ~[ApacheJMeter_mail.jar:4.0 r1823414]
	at org.apache.jmeter.protocol.smtp.sampler.gui.SmtpSamplerGui.makeDataPanel(SmtpSamplerGui.java:190) ~[ApacheJMeter_mail.jar:4.0 r1823414]
	at org.apache.jmeter.protocol.smtp.sampler.gui.SmtpSamplerGui.init(SmtpSamplerGui.java:170) ~[ApacheJMeter_mail.jar:4.0 r1823414]
	at org.apache.jmeter.protocol.smtp.sampler.gui.SmtpSamplerGui.<init>(SmtpSamplerGui.java:47) ~[ApacheJMeter_mail.jar:4.0 r1823414]
	at sun.reflect.NativeConstructorAccessorImpl.newInstance0(Native Method) ~[?:1.8.0_181]
	at sun.reflect.NativeConstructorAccessorImpl.newInstance(NativeConstructorAccessorImpl.java:62) ~[?:1.8.0_181]
	at sun.reflect.DelegatingConstructorAccessorImpl.newInstance(DelegatingConstructorAccessorImpl.java:45) ~[?:1.8.0_181]
	at java.lang.reflect.Constructor.newInstance(Constructor.java:423) ~[?:1.8.0_181]
	at java.lang.Class.newInstance(Class.java:442) ~[?:1.8.0_181]
	at org.apache.jmeter.gui.util.MenuFactory.getGUIComponent(MenuFactory.java:174) ~[ApacheJMeter_core.jar:4.0 r1823414]
	at org.apache.jmeter.gui.util.MenuFactory.initializeMenus(MenuFactory.java:141) ~[ApacheJMeter_core.jar:4.0 r1823414]
	at org.apache.jmeter.gui.util.MenuFactory.<clinit>(MenuFactory.java:106) ~[ApacheJMeter_core.jar:4.0 r1823414]
	... 19 more
2018-08-24 09:57:12,405 ERROR o.a.j.JMeter: Uncaught exception: 
java.lang.NoClassDefFoundError: Could not initialize class org.apache.jmeter.gui.util.MenuFactory
	at org.apache.jmeter.control.gui.TestPlanGui.createPopupMenu(TestPlanGui.java:92) ~[ApacheJMeter_core.jar:4.0 r1823414]
	at org.apache.jmeter.gui.tree.JMeterTreeNode.createPopupMenu(JMeterTreeNode.java:155) ~[ApacheJMeter_core.jar:4.0 r1823414]
	at org.apache.jmeter.gui.tree.JMeterTreeListener.displayPopUp(JMeterTreeListener.java:237) ~[ApacheJMeter_core.jar:4.0 r1823414]
	at org.apache.jmeter.gui.tree.JMeterTreeListener.mousePressed(JMeterTreeListener.java:182) ~[ApacheJMeter_core.jar:4.0 r1823414]
	at java.awt.AWTEventMulticaster.mousePressed(AWTEventMulticaster.java:280) ~[?:1.8.0_181]
	at java.awt.Component.processMouseEvent(Component.java:6536) ~[?:1.8.0_181]
	at javax.swing.JComponent.processMouseEvent(JComponent.java:3324) ~[?:1.8.0_181]
	at java.awt.Component.processEvent(Component.java:6304) ~[?:1.8.0_181]
	at java.awt.Container.processEvent(Container.java:2239) ~[?:1.8.0_181]
	at java.awt.Component.dispatchEventImpl(Component.java:4889) ~[?:1.8.0_181]
	at java.awt.Container.dispatchEventImpl(Container.java:2297) ~[?:1.8.0_181]
	at java.awt.Component.dispatchEvent(Component.java:4711) ~[?:1.8.0_181]
	at java.awt.LightweightDispatcher.retargetMouseEvent(Container.java:4904) ~[?:1.8.0_181]
	at java.awt.LightweightDispatcher.processMouseEvent(Container.java:4532) ~[?:1.8.0_181]
	at java.awt.LightweightDispatcher.dispatchEvent(Container.java:4476) ~[?:1.8.0_181]
	at java.awt.Container.dispatchEventImpl(Container.java:2283) ~[?:1.8.0_181]
	at java.awt.Window.dispatchEventImpl(Window.java:2746) ~[?:1.8.0_181]
	at java.awt.Component.dispatchEvent(Component.java:4711) ~[?:1.8.0_181]
	at java.awt.EventQueue.dispatchEventImpl(EventQueue.java:760) ~[?:1.8.0_181]
	at java.awt.EventQueue.access$500(EventQueue.java:97) ~[?:1.8.0_181]
	at java.awt.EventQueue$3.run(EventQueue.java:709) ~[?:1.8.0_181]
	at java.awt.EventQueue$3.run(EventQueue.java:703) ~[?:1.8.0_181]
	at java.security.AccessController.doPrivileged(Native Method) ~[?:1.8.0_181]
	at java.security.ProtectionDomain$JavaSecurityAccessImpl.doIntersectionPrivilege(ProtectionDomain.java:74) ~[?:1.8.0_181]
	at java.security.ProtectionDomain$JavaSecurityAccessImpl.doIntersectionPrivilege(ProtectionDomain.java:84) ~[?:1.8.0_181]
	at java.awt.EventQueue$4.run(EventQueue.java:733) ~[?:1.8.0_181]
	at java.awt.EventQueue$4.run(EventQueue.java:731) ~[?:1.8.0_181]
	at java.security.AccessController.doPrivileged(Native Method) ~[?:1.8.0_181]
	at java.security.ProtectionDomain$JavaSecurityAccessImpl.doIntersectionPrivilege(ProtectionDomain.java:74) ~[?:1.8.0_181]
	at java.awt.EventQueue.dispatchEvent(EventQueue.java:730) ~[?:1.8.0_181]
	at java.awt.EventDispatchThread.pumpOneEventForFilters(EventDispatchThread.java:205) [?:1.8.0_181]
	at java.awt.EventDispatchThread.pumpEventsForFilter(EventDispatchThread.java:116) [?:1.8.0_181]
	at java.awt.EventDispatchThread.pumpEventsForHierarchy(EventDispatchThread.java:105) [?:1.8.0_181]
	at java.awt.EventDispatchThread.pumpEvents(EventDispatchThread.java:101) [?:1.8.0_181]
	at java.awt.EventDispatchThread.pumpEvents(EventDispatchThread.java:93) [?:1.8.0_181]
	at java.awt.EventDispatchThread.run(EventDispatchThread.java:82) [?:1.8.0_181]
2018-08-24 09:57:12,972 ERROR o.a.j.JMeter: Uncaught exception: 
java.lang.NoClassDefFoundError: Could not initialize class org.apache.jmeter.gui.util.MenuFactory
	at org.apache.jmeter.control.gui.TestPlanGui.createPopupMenu(TestPlanGui.java:92) ~[ApacheJMeter_core.jar:4.0 r1823414]
	at org.apache.jmeter.gui.tree.JMeterTreeNode.createPopupMenu(JMeterTreeNode.java:155) ~[ApacheJMeter_core.jar:4.0 r1823414]
	at org.apache.jmeter.gui.tree.JMeterTreeListener.displayPopUp(JMeterTreeListener.java:237) ~[ApacheJMeter_core.jar:4.0 r1823414]
	at org.apache.jmeter.gui.tree.JMeterTreeListener.mousePressed(JMeterTreeListener.java:182) ~[ApacheJMeter_core.jar:4.0 r1823414]
	at java.awt.AWTEventMulticaster.mousePressed(AWTEventMulticaster.java:280) ~[?:1.8.0_181]
	at java.awt.Component.processMouseEvent(Component.java:6536) ~[?:1.8.0_181]
	at javax.swing.JComponent.processMouseEvent(JComponent.java:3324) ~[?:1.8.0_181]
	at java.awt.Component.processEvent(Component.java:6304) ~[?:1.8.0_181]
	at java.awt.Container.processEvent(Container.java:2239) ~[?:1.8.0_181]
	at java.awt.Component.dispatchEventImpl(Component.java:4889) ~[?:1.8.0_181]
	at java.awt.Container.dispatchEventImpl(Container.java:2297) ~[?:1.8.0_181]
	at java.awt.Component.dispatchEvent(Component.java:4711) ~[?:1.8.0_181]
	at java.awt.LightweightDispatcher.retargetMouseEvent(Container.java:4904) ~[?:1.8.0_181]
	at java.awt.LightweightDispatcher.processMouseEvent(Container.java:4532) ~[?:1.8.0_181]
	at java.awt.LightweightDispatcher.dispatchEvent(Container.java:4476) ~[?:1.8.0_181]
	at java.awt.Container.dispatchEventImpl(Container.java:2283) ~[?:1.8.0_181]
	at java.awt.Window.dispatchEventImpl(Window.java:2746) ~[?:1.8.0_181]
	at java.awt.Component.dispatchEvent(Component.java:4711) ~[?:1.8.0_181]
	at java.awt.EventQueue.dispatchEventImpl(EventQueue.java:760) ~[?:1.8.0_181]
	at java.awt.EventQueue.access$500(EventQueue.java:97) ~[?:1.8.0_181]
	at java.awt.EventQueue$3.run(EventQueue.java:709) ~[?:1.8.0_181]
	at java.awt.EventQueue$3.run(EventQueue.java:703) ~[?:1.8.0_181]
	at java.security.AccessController.doPrivileged(Native Method) ~[?:1.8.0_181]
	at java.security.ProtectionDomain$JavaSecurityAccessImpl.doIntersectionPrivilege(ProtectionDomain.java:74) ~[?:1.8.0_181]
	at java.security.ProtectionDomain$JavaSecurityAccessImpl.doIntersectionPrivilege(ProtectionDomain.java:84) ~[?:1.8.0_181]
	at java.awt.EventQueue$4.run(EventQueue.java:733) ~[?:1.8.0_181]
	at java.awt.EventQueue$4.run(EventQueue.java:731) ~[?:1.8.0_181]
	at java.security.AccessController.doPrivileged(Native Method) ~[?:1.8.0_181]
	at java.security.ProtectionDomain$JavaSecurityAccessImpl.doIntersectionPrivilege(ProtectionDomain.java:74) ~[?:1.8.0_181]
	at java.awt.EventQueue.dispatchEvent(EventQueue.java:730) ~[?:1.8.0_181]
	at java.awt.EventDispatchThread.pumpOneEventForFilters(EventDispatchThread.java:205) [?:1.8.0_181]
	at java.awt.EventDispatchThread.pumpEventsForFilter(EventDispatchThread.java:116) [?:1.8.0_181]
	at java.awt.EventDispatchThread.pumpEventsForHierarchy(EventDispatchThread.java:105) [?:1.8.0_181]
	at java.awt.EventDispatchThread.pumpEvents(EventDispatchThread.java:101) [?:1.8.0_181]
	at java.awt.EventDispatchThread.pumpEvents(EventDispatchThread.java:93) [?:1.8.0_181]
	at java.awt.EventDispatchThread.run(EventDispatchThread.java:82) [?:1.8.0_181]
2018-08-24 09:57:13,339 ERROR o.a.j.JMeter: Uncaught exception: 
java.lang.NoClassDefFoundError: Could not initialize class org.apache.jmeter.gui.util.MenuFactory
	at org.apache.jmeter.control.gui.TestPlanGui.createPopupMenu(TestPlanGui.java:92) ~[ApacheJMeter_core.jar:4.0 r1823414]
	at org.apache.jmeter.gui.tree.JMeterTreeNode.createPopupMenu(JMeterTreeNode.java:155) ~[ApacheJMeter_core.jar:4.0 r1823414]
	at org.apache.jmeter.gui.tree.JMeterTreeListener.displayPopUp(JMeterTreeListener.java:237) ~[ApacheJMeter_core.jar:4.0 r1823414]
	at org.apache.jmeter.gui.tree.JMeterTreeListener.mousePressed(JMeterTreeListener.java:182) ~[ApacheJMeter_core.jar:4.0 r1823414]
	at java.awt.AWTEventMulticaster.mousePressed(AWTEventMulticaster.java:280) ~[?:1.8.0_181]
	at java.awt.Component.processMouseEvent(Component.java:6536) ~[?:1.8.0_181]
	at javax.swing.JComponent.processMouseEvent(JComponent.java:3324) ~[?:1.8.0_181]
	at java.awt.Component.processEvent(Component.java:6304) ~[?:1.8.0_181]
	at java.awt.Container.processEvent(Container.java:2239) ~[?:1.8.0_181]
	at java.awt.Component.dispatchEventImpl(Component.java:4889) ~[?:1.8.0_181]
	at java.awt.Container.dispatchEventImpl(Container.java:2297) ~[?:1.8.0_181]
	at java.awt.Component.dispatchEvent(Component.java:4711) ~[?:1.8.0_181]
	at java.awt.LightweightDispatcher.retargetMouseEvent(Container.java:4904) ~[?:1.8.0_181]
	at java.awt.LightweightDispatcher.processMouseEvent(Container.java:4532) ~[?:1.8.0_181]
	at java.awt.LightweightDispatcher.dispatchEvent(Container.java:4476) ~[?:1.8.0_181]
	at java.awt.Container.dispatchEventImpl(Container.java:2283) ~[?:1.8.0_181]
	at java.awt.Window.dispatchEventImpl(Window.java:2746) ~[?:1.8.0_181]
	at java.awt.Component.dispatchEvent(Component.java:4711) ~[?:1.8.0_181]
	at java.awt.EventQueue.dispatchEventImpl(EventQueue.java:760) ~[?:1.8.0_181]
	at java.awt.EventQueue.access$500(EventQueue.java:97) ~[?:1.8.0_181]
	at java.awt.EventQueue$3.run(EventQueue.java:709) ~[?:1.8.0_181]
	at java.awt.EventQueue$3.run(EventQueue.java:703) ~[?:1.8.0_181]
	at java.security.AccessController.doPrivileged(Native Method) ~[?:1.8.0_181]
	at java.security.ProtectionDomain$JavaSecurityAccessImpl.doIntersectionPrivilege(ProtectionDomain.java:74) ~[?:1.8.0_181]
	at java.security.ProtectionDomain$JavaSecurityAccessImpl.doIntersectionPrivilege(ProtectionDomain.java:84) ~[?:1.8.0_181]
	at java.awt.EventQueue$4.run(EventQueue.java:733) ~[?:1.8.0_181]
	at java.awt.EventQueue$4.run(EventQueue.java:731) ~[?:1.8.0_181]
	at java.security.AccessController.doPrivileged(Native Method) ~[?:1.8.0_181]
	at java.security.ProtectionDomain$JavaSecurityAccessImpl.doIntersectionPrivilege(ProtectionDomain.java:74) ~[?:1.8.0_181]
	at java.awt.EventQueue.dispatchEvent(EventQueue.java:730) ~[?:1.8.0_181]
	at java.awt.EventDispatchThread.pumpOneEventForFilters(EventDispatchThread.java:205) [?:1.8.0_181]
	at java.awt.EventDispatchThread.pumpEventsForFilter(EventDispatchThread.java:116) [?:1.8.0_181]
	at java.awt.EventDispatchThread.pumpEventsForHierarchy(EventDispatchThread.java:105) [?:1.8.0_181]
	at java.awt.EventDispatchThread.pumpEvents(EventDispatchThread.java:101) [?:1.8.0_181]
	at java.awt.EventDispatchThread.pumpEvents(EventDispatchThread.java:93) [?:1.8.0_181]
	at java.awt.EventDispatchThread.run(EventDispatchThread.java:82) [?:1.8.0_181]
2018-08-24 09:57:13,572 ERROR o.a.j.JMeter: Uncaught exception: 
java.lang.NoClassDefFoundError: Could not initialize class org.apache.jmeter.gui.util.MenuFactory
	at org.apache.jmeter.control.gui.TestPlanGui.createPopupMenu(TestPlanGui.java:92) ~[ApacheJMeter_core.jar:4.0 r1823414]
	at org.apache.jmeter.gui.tree.JMeterTreeNode.createPopupMenu(JMeterTreeNode.java:155) ~[ApacheJMeter_core.jar:4.0 r1823414]
	at org.apache.jmeter.gui.tree.JMeterTreeListener.displayPopUp(JMeterTreeListener.java:237) ~[ApacheJMeter_core.jar:4.0 r1823414]
	at org.apache.jmeter.gui.tree.JMeterTreeListener.mousePressed(JMeterTreeListener.java:182) ~[ApacheJMeter_core.jar:4.0 r1823414]
	at java.awt.AWTEventMulticaster.mousePressed(AWTEventMulticaster.java:280) ~[?:1.8.0_181]
	at java.awt.Component.processMouseEvent(Component.java:6536) ~[?:1.8.0_181]
	at javax.swing.JComponent.processMouseEvent(JComponent.java:3324) ~[?:1.8.0_181]
	at java.awt.Component.processEvent(Component.java:6304) ~[?:1.8.0_181]
	at java.awt.Container.processEvent(Container.java:2239) ~[?:1.8.0_181]
	at java.awt.Component.dispatchEventImpl(Component.java:4889) ~[?:1.8.0_181]
	at java.awt.Container.dispatchEventImpl(Container.java:2297) ~[?:1.8.0_181]
	at java.awt.Component.dispatchEvent(Component.java:4711) ~[?:1.8.0_181]
	at java.awt.LightweightDispatcher.retargetMouseEvent(Container.java:4904) ~[?:1.8.0_181]
	at java.awt.LightweightDispatcher.processMouseEvent(Container.java:4532) ~[?:1.8.0_181]
	at java.awt.LightweightDispatcher.dispatchEvent(Container.java:4476) ~[?:1.8.0_181]
	at java.awt.Container.dispatchEventImpl(Container.java:2283) ~[?:1.8.0_181]
	at java.awt.Window.dispatchEventImpl(Window.java:2746) ~[?:1.8.0_181]
	at java.awt.Component.dispatchEvent(Component.java:4711) ~[?:1.8.0_181]
	at java.awt.EventQueue.dispatchEventImpl(EventQueue.java:760) ~[?:1.8.0_181]
	at java.awt.EventQueue.access$500(EventQueue.java:97) ~[?:1.8.0_181]
	at java.awt.EventQueue$3.run(EventQueue.java:709) ~[?:1.8.0_181]
	at java.awt.EventQueue$3.run(EventQueue.java:703) ~[?:1.8.0_181]
	at java.security.AccessController.doPrivileged(Native Method) ~[?:1.8.0_181]
	at java.security.ProtectionDomain$JavaSecurityAccessImpl.doIntersectionPrivilege(ProtectionDomain.java:74) ~[?:1.8.0_181]
	at java.security.ProtectionDomain$JavaSecurityAccessImpl.doIntersectionPrivilege(ProtectionDomain.java:84) ~[?:1.8.0_181]
	at java.awt.EventQueue$4.run(EventQueue.java:733) ~[?:1.8.0_181]
	at java.awt.EventQueue$4.run(EventQueue.java:731) ~[?:1.8.0_181]
	at java.security.AccessController.doPrivileged(Native Method) ~[?:1.8.0_181]
	at java.security.ProtectionDomain$JavaSecurityAccessImpl.doIntersectionPrivilege(ProtectionDomain.java:74) ~[?:1.8.0_181]
	at java.awt.EventQueue.dispatchEvent(EventQueue.java:730) ~[?:1.8.0_181]
	at java.awt.EventDispatchThread.pumpOneEventForFilters(EventDispatchThread.java:205) [?:1.8.0_181]
	at java.awt.EventDispatchThread.pumpEventsForFilter(EventDispatchThread.java:116) [?:1.8.0_181]
	at java.awt.EventDispatchThread.pumpEventsForHierarchy(EventDispatchThread.java:105) [?:1.8.0_181]
	at java.awt.EventDispatchThread.pumpEvents(EventDispatchThread.java:101) [?:1.8.0_181]
	at java.awt.EventDispatchThread.pumpEvents(EventDispatchThread.java:93) [?:1.8.0_181]
	at java.awt.EventDispatchThread.run(EventDispatchThread.java:82) [?:1.8.0_181]
2018-08-24 09:57:13,829 ERROR o.a.j.JMeter: Uncaught exception: 
java.lang.NoClassDefFoundError: Could not initialize class org.apache.jmeter.gui.util.MenuFactory
	at org.apache.jmeter.control.gui.TestPlanGui.createPopupMenu(TestPlanGui.java:92) ~[ApacheJMeter_core.jar:4.0 r1823414]
	at org.apache.jmeter.gui.tree.JMeterTreeNode.createPopupMenu(JMeterTreeNode.java:155) ~[ApacheJMeter_core.jar:4.0 r1823414]
	at org.apache.jmeter.gui.tree.JMeterTreeListener.displayPopUp(JMeterTreeListener.java:237) ~[ApacheJMeter_core.jar:4.0 r1823414]
	at org.apache.jmeter.gui.tree.JMeterTreeListener.mousePressed(JMeterTreeListener.java:182) ~[ApacheJMeter_core.jar:4.0 r1823414]
	at java.awt.AWTEventMulticaster.mousePressed(AWTEventMulticaster.java:280) ~[?:1.8.0_181]
	at java.awt.Component.processMouseEvent(Component.java:6536) ~[?:1.8.0_181]
	at javax.swing.JComponent.processMouseEvent(JComponent.java:3324) ~[?:1.8.0_181]
	at java.awt.Component.processEvent(Component.java:6304) ~[?:1.8.0_181]
	at java.awt.Container.processEvent(Container.java:2239) ~[?:1.8.0_181]
	at java.awt.Component.dispatchEventImpl(Component.java:4889) ~[?:1.8.0_181]
	at java.awt.Container.dispatchEventImpl(Container.java:2297) ~[?:1.8.0_181]
	at java.awt.Component.dispatchEvent(Component.java:4711) ~[?:1.8.0_181]
	at java.awt.LightweightDispatcher.retargetMouseEvent(Container.java:4904) ~[?:1.8.0_181]
	at java.awt.LightweightDispatcher.processMouseEvent(Container.java:4532) ~[?:1.8.0_181]
	at java.awt.LightweightDispatcher.dispatchEvent(Container.java:4476) ~[?:1.8.0_181]
	at java.awt.Container.dispatchEventImpl(Container.java:2283) ~[?:1.8.0_181]
	at java.awt.Window.dispatchEventImpl(Window.java:2746) ~[?:1.8.0_181]
	at java.awt.Component.dispatchEvent(Component.java:4711) ~[?:1.8.0_181]
	at java.awt.EventQueue.dispatchEventImpl(EventQueue.java:760) ~[?:1.8.0_181]
	at java.awt.EventQueue.access$500(EventQueue.java:97) ~[?:1.8.0_181]
	at java.awt.EventQueue$3.run(EventQueue.java:709) ~[?:1.8.0_181]
	at java.awt.EventQueue$3.run(EventQueue.java:703) ~[?:1.8.0_181]
	at java.security.AccessController.doPrivileged(Native Method) ~[?:1.8.0_181]
	at java.security.ProtectionDomain$JavaSecurityAccessImpl.doIntersectionPrivilege(ProtectionDomain.java:74) ~[?:1.8.0_181]
	at java.security.ProtectionDomain$JavaSecurityAccessImpl.doIntersectionPrivilege(ProtectionDomain.java:84) ~[?:1.8.0_181]
	at java.awt.EventQueue$4.run(EventQueue.java:733) ~[?:1.8.0_181]
	at java.awt.EventQueue$4.run(EventQueue.java:731) ~[?:1.8.0_181]
	at java.security.AccessController.doPrivileged(Native Method) ~[?:1.8.0_181]
	at java.security.ProtectionDomain$JavaSecurityAccessImpl.doIntersectionPrivilege(ProtectionDomain.java:74) ~[?:1.8.0_181]
	at java.awt.EventQueue.dispatchEvent(EventQueue.java:730) ~[?:1.8.0_181]
	at java.awt.EventDispatchThread.pumpOneEventForFilters(EventDispatchThread.java:205) [?:1.8.0_181]
	at java.awt.EventDispatchThread.pumpEventsForFilter(EventDispatchThread.java:116) [?:1.8.0_181]
	at java.awt.EventDispatchThread.pumpEventsForHierarchy(EventDispatchThread.java:105) [?:1.8.0_181]
	at java.awt.EventDispatchThread.pumpEvents(EventDispatchThread.java:101) [?:1.8.0_181]
	at java.awt.EventDispatchThread.pumpEvents(EventDispatchThread.java:93) [?:1.8.0_181]
	at java.awt.EventDispatchThread.run(EventDispatchThread.java:82) [?:1.8.0_181]
