2016/04/14 19:16:37 INFO  - jmeter.util.JMeterUtils: Setting Locale to fr 
2016/04/14 19:16:37 INFO  - jmeter.JMeter: Loading user properties from: /tmp/apache-jmeter-3.0-SNAPSHOT/bin/user.properties 
2016/04/14 19:16:37 INFO  - jmeter.JMeter: Loading system properties from: /tmp/apache-jmeter-3.0-SNAPSHOT/bin/system.properties 
2016/04/14 19:16:37 INFO  - jmeter.JMeter: Copyright (c) 1998-2016 The Apache Software Foundation 
2016/04/14 19:16:37 INFO  - jmeter.JMeter: Version 3.0-SNAPSHOT.20160406 
2016/04/14 19:16:37 INFO  - jmeter.JMeter: java.version=1.8.0_77 
2016/04/14 19:16:37 INFO  - jmeter.JMeter: java.vm.name=Java HotSpot(TM) 64-Bit Server VM 
2016/04/14 19:16:37 INFO  - jmeter.JMeter: os.name=Linux 
2016/04/14 19:16:37 INFO  - jmeter.JMeter: os.arch=amd64 
2016/04/14 19:16:37 INFO  - jmeter.JMeter: os.version=4.5.1-milamber1 
2016/04/14 19:16:37 INFO  - jmeter.JMeter: file.encoding=UTF-8 
2016/04/14 19:16:37 INFO  - jmeter.JMeter: Max memory     =514850816 
2016/04/14 19:16:37 INFO  - jmeter.JMeter: Available Processors =4 
2016/04/14 19:16:37 INFO  - jmeter.JMeter: Default Locale=English (United States) 
2016/04/14 19:16:37 INFO  - jmeter.JMeter: JMeter  Locale=French 
2016/04/14 19:16:37 INFO  - jmeter.JMeter: JMeterHome=/tmp/apache-jmeter-3.0-SNAPSHOT 
2016/04/14 19:16:37 INFO  - jmeter.JMeter: user.dir  =/tmp/apache-jmeter-3.0-SNAPSHOT/bin 
2016/04/14 19:16:37 INFO  - jmeter.JMeter: PWD       =/tmp/apache-jmeter-3.0-SNAPSHOT/bin 
2016/04/14 19:16:37 INFO  - jmeter.JMeter: IP: 192.168.7.235 Name: ender FullName: ender 
2016/04/14 19:16:38 INFO  - jmeter.gui.action.LookAndFeelCommand: Using look and feel: com.sun.java.swing.plaf.gtk.GTKLookAndFeel [GTK+, System] 
2016/04/14 19:16:38 INFO  - jmeter.JMeter: Loaded icon properties from org/apache/jmeter/images/icon.properties 
2016/04/14 19:16:38 INFO  - jmeter.engine.util.CompoundVariable: Note: Function class names must contain the string: '.functions.' 
2016/04/14 19:16:38 INFO  - jmeter.engine.util.CompoundVariable: Note: Function class names must not contain the string: '.gui.' 
2016/04/14 19:16:39 INFO  - jmeter.util.BSFTestElement: Registering JMeter version of JavaScript engine as work-round for BSF-22 
2016/04/14 19:16:39 INFO  - jmeter.protocol.http.sampler.HTTPSamplerBase: Parser for text/html is org.apache.jmeter.protocol.http.parser.LagartoBasedHtmlParser 
2016/04/14 19:16:39 INFO  - jmeter.protocol.http.sampler.HTTPSamplerBase: Parser for application/xhtml+xml is org.apache.jmeter.protocol.http.parser.LagartoBasedHtmlParser 
2016/04/14 19:16:39 INFO  - jmeter.protocol.http.sampler.HTTPSamplerBase: Parser for application/xml is org.apache.jmeter.protocol.http.parser.LagartoBasedHtmlParser 
2016/04/14 19:16:39 INFO  - jmeter.protocol.http.sampler.HTTPSamplerBase: Parser for text/xml is org.apache.jmeter.protocol.http.parser.LagartoBasedHtmlParser 
2016/04/14 19:16:39 INFO  - jmeter.protocol.http.sampler.HTTPSamplerBase: Parser for text/vnd.wap.wml is org.apache.jmeter.protocol.http.parser.RegexpHTMLParser 
2016/04/14 19:16:39 INFO  - jmeter.protocol.http.sampler.HTTPSamplerBase: Parser for text/css is org.apache.jmeter.protocol.http.parser.CssParser 
2016/04/14 19:16:40 INFO  - jorphan.exec.KeyToolUtils: keytool found at 'keytool' 
2016/04/14 19:16:40 INFO  - jmeter.protocol.http.proxy.ProxyControl: HTTP(S) Test Script Recorder SSL Proxy will use keys that support embedded 3rd party resources in file /tmp/apache-jmeter-3.0-SNAPSHOT/bin/proxyserver.jks 
2016/04/14 19:16:40 INFO  - jmeter.gui.util.MenuFactory: Skipping org.apache.jmeter.protocol.mongodb.config.MongoSourceElement 
2016/04/14 19:16:40 INFO  - jmeter.gui.util.MenuFactory: Skipping org.apache.jmeter.protocol.mongodb.sampler.MongoScriptSampler 
2016/04/14 19:16:40 INFO  - jmeter.gui.util.MenuFactory: Skipping org.apache.jmeter.visualizers.DistributionGraphVisualizer 
2016/04/14 19:16:40 INFO  - jmeter.samplers.SampleResult: Note: Sample TimeStamps are START times 
2016/04/14 19:16:40 INFO  - jmeter.samplers.SampleResult: sampleresult.default.encoding is set to ISO-8859-1 
2016/04/14 19:16:40 INFO  - jmeter.samplers.SampleResult: sampleresult.useNanoTime=true 
2016/04/14 19:16:40 INFO  - jmeter.samplers.SampleResult: sampleresult.nanoThreadSleep=5000 
2016/04/14 19:16:40 INFO  - jmeter.gui.util.MenuFactory: Skipping org.apache.jmeter.visualizers.SplineVisualizer 
2016/04/14 19:16:43 INFO  - jmeter.services.FileServer: Default base='/tmp/apache-jmeter-3.0-SNAPSHOT/bin' 
2016/04/14 19:16:43 INFO  - jmeter.gui.action.Load: Loading file: /tmp/Scripts-JMeter/03_Issue.jmx 
2016/04/14 19:16:43 INFO  - jmeter.services.FileServer: Set new base='/tmp/Scripts-JMeter' 
2016/04/14 19:16:43 INFO  - jmeter.save.SaveService: Testplan (JMX) version: 2.2. Testlog (JTL) version: 2.2 
2016/04/14 19:16:43 INFO  - jmeter.save.SaveService: Using SaveService properties file encoding UTF-8 
2016/04/14 19:16:43 INFO  - jmeter.save.SaveService: Using SaveService properties version 2.9 
2016/04/14 19:16:43 INFO  - jmeter.save.SaveService: All converter versions present and correct 
2016/04/14 19:16:43 INFO  - jmeter.save.SaveService: Loading file: /tmp/Scripts-JMeter/03_Issue.jmx 
2016/04/14 19:16:43 WARN  - jmeter.gui.action.Load: Unexpected error java.lang.IllegalArgumentException: Problem loading XML from:'/tmp/Scripts-JMeter/03_Issue.jmx', missing class com.thoughtworks.xstream.converters.ConversionException:  : ParseError at [row,col]:[32,44]
Message: Character reference "&# :  : ParseError at [row,col]:[32,44]
Message: Character reference "&#
---- Debugging information ----
message             :  : ParseError at [row,col]:[32,44]
Message: Character reference "&#
cause-exception     : com.thoughtworks.xstream.io.StreamException
cause-message       :  : ParseError at [row,col]:[32,44]
Message: Character reference "&#
class               : org.apache.jmeter.testelement.property.CollectionProperty
required-type       : org.apache.jmeter.testelement.property.CollectionProperty
converter-type      : org.apache.jmeter.save.converters.MultiPropertyConverter
path                : /jmeterTestPlan/hashTree/hashTree/hashTree/HTTPSamplerProxy/elementProp/collectionProp
line number         : 32
class[1]            : org.apache.jmeter.testelement.property.TestElementProperty
converter-type[1]   : org.apache.jmeter.save.converters.TestElementPropertyConverter
class[2]            : org.apache.jmeter.protocol.http.sampler.HTTPSamplerProxy
converter-type[2]   : org.apache.jmeter.protocol.http.sampler.HTTPSamplerBaseConverter
class[3]            : org.apache.jorphan.collections.ListedHashTree
converter-type[3]   : org.apache.jmeter.save.converters.HashTreeConverter
------------------------------- :  : ParseError at [row,col]:[32,44]
Message: Character reference "&# :  : ParseError at [row,col]:[32,44]
Message: Character reference "&#
---- Debugging information ----
message             :  : ParseError at [row,col]:[32,44]
Message: Character reference "&#
cause-exception     : com.thoughtworks.xstream.io.StreamException
cause-message       :  : ParseError at [row,col]:[32,44]
Message: Character reference "&#
class               : org.apache.jmeter.testelement.property.CollectionProperty
required-type       : org.apache.jmeter.testelement.property.CollectionProperty
converter-type      : org.apache.jmeter.save.converters.MultiPropertyConverter
path                : /jmeterTestPlan/hashTree/hashTree/hashTree/HTTPSamplerProxy/elementProp/collectionProp
line number         : 32
class[1]            : org.apache.jmeter.testelement.property.TestElementProperty
converter-type[1]   : org.apache.jmeter.save.converters.TestElementPropertyConverter
class[2]            : org.apache.jmeter.protocol.http.sampler.HTTPSamplerProxy
converter-type[2]   : org.apache.jmeter.protocol.http.sampler.HTTPSamplerBaseConverter
class[3]            : org.apache.jorphan.collections.ListedHashTree
converter-type[3]   : org.apache.jmeter.save.converters.HashTreeConverter
-------------------------------
message             :  : ParseError at [row,col]:[32,44]
Message: Character reference "&# :  : ParseError at [row,col]:[32,44]
Message: Character reference "&#
---- Debugging information ----
message             :  : ParseError at [row,col]:[32,44]
Message: Character reference "&#
cause-exception     : com.thoughtworks.xstream.io.StreamException
cause-message       :  : ParseError at [row,col]:[32,44]
Message: Character reference "&#
class               : org.apache.jmeter.testelement.property.CollectionProperty
required-type       : org.apache.jmeter.testelement.property.CollectionProperty
converter-type      : org.apache.jmeter.save.converters.MultiPropertyConverter
path                : /jmeterTestPlan/hashTree/hashTree/hashTree/HTTPSamplerProxy/elementProp/collectionProp
line number         : 32
class[1]            : org.apache.jmeter.testelement.property.TestElementProperty
converter-type[1]   : org.apache.jmeter.save.converters.TestElementPropertyConverter
class[2]            : org.apache.jmeter.protocol.http.sampler.HTTPSamplerProxy
converter-type[2]   : org.apache.jmeter.protocol.http.sampler.HTTPSamplerBaseConverter
class[3]            : org.apache.jorphan.collections.ListedHashTree
converter-type[3]   : org.apache.jmeter.save.converters.HashTreeConverter
-------------------------------
cause-exception     : com.thoughtworks.xstream.converters.ConversionException
cause-message       :  : ParseError at [row,col]:[32,44]
Message: Character reference "&# :  : ParseError at [row,col]:[32,44]
Message: Character reference "&#
first-jmeter-class  : org.apache.jmeter.save.converters.TestElementPropertyConverter.unmarshal(TestElementPropertyConverter.java:110)
class               : org.apache.jmeter.save.ScriptWrapper
required-type       : org.apache.jmeter.testelement.property.CollectionProperty
converter-type      : org.apache.jmeter.save.ScriptWrapperConverter
path                : /jmeterTestPlan/hashTree/hashTree/hashTree/HTTPSamplerProxy/elementProp/collectionProp
line number         : 32
version             : 3.0-SNAPSHOT.20160406
-------------------------------
	at org.apache.jmeter.save.SaveService.readTree(SaveService.java:540)
	at org.apache.jmeter.save.SaveService.loadTree(SaveService.java:504)
	at org.apache.jmeter.gui.action.Load.loadProjectFile(Load.java:130)
	at org.apache.jmeter.gui.action.Load.loadProjectFile(Load.java:102)
	at org.apache.jmeter.gui.action.LoadRecentProject.doAction(LoadRecentProject.java:68)
	at org.apache.jmeter.gui.action.ActionRouter.performAction(ActionRouter.java:80)
	at org.apache.jmeter.gui.action.ActionRouter.access$000(ActionRouter.java:40)
	at org.apache.jmeter.gui.action.ActionRouter$1.run(ActionRouter.java:62)
	at java.awt.event.InvocationEvent.dispatch(InvocationEvent.java:311)
	at java.awt.EventQueue.dispatchEventImpl(EventQueue.java:756)
	at java.awt.EventQueue.access$500(EventQueue.java:97)
	at java.awt.EventQueue$3.run(EventQueue.java:709)
	at java.awt.EventQueue$3.run(EventQueue.java:703)
	at java.security.AccessController.doPrivileged(Native Method)
	at java.security.ProtectionDomain$JavaSecurityAccessImpl.doIntersectionPrivilege(ProtectionDomain.java:76)
	at java.awt.EventQueue.dispatchEvent(EventQueue.java:726)
	at java.awt.EventDispatchThread.pumpOneEventForFilters(EventDispatchThread.java:201)
	at java.awt.EventDispatchThread.pumpEventsForFilter(EventDispatchThread.java:116)
	at java.awt.EventDispatchThread.pumpEventsForHierarchy(EventDispatchThread.java:105)
	at java.awt.EventDispatchThread.pumpEvents(EventDispatchThread.java:101)
	at java.awt.EventDispatchThread.pumpEvents(EventDispatchThread.java:93)
	at java.awt.EventDispatchThread.run(EventDispatchThread.java:82)
Caused by: com.thoughtworks.xstream.converters.ConversionException:  : ParseError at [row,col]:[32,44]
Message: Character reference "&# :  : ParseError at [row,col]:[32,44]
Message: Character reference "&#
---- Debugging information ----
message             :  : ParseError at [row,col]:[32,44]
Message: Character reference "&#
cause-exception     : com.thoughtworks.xstream.io.StreamException
cause-message       :  : ParseError at [row,col]:[32,44]
Message: Character reference "&#
class               : org.apache.jmeter.testelement.property.CollectionProperty
required-type       : org.apache.jmeter.testelement.property.CollectionProperty
converter-type      : org.apache.jmeter.save.converters.MultiPropertyConverter
path                : /jmeterTestPlan/hashTree/hashTree/hashTree/HTTPSamplerProxy/elementProp/collectionProp
line number         : 32
class[1]            : org.apache.jmeter.testelement.property.TestElementProperty
converter-type[1]   : org.apache.jmeter.save.converters.TestElementPropertyConverter
class[2]            : org.apache.jmeter.protocol.http.sampler.HTTPSamplerProxy
converter-type[2]   : org.apache.jmeter.protocol.http.sampler.HTTPSamplerBaseConverter
class[3]            : org.apache.jorphan.collections.ListedHashTree
converter-type[3]   : org.apache.jmeter.save.converters.HashTreeConverter
------------------------------- :  : ParseError at [row,col]:[32,44]
Message: Character reference "&# :  : ParseError at [row,col]:[32,44]
Message: Character reference "&#
---- Debugging information ----
message             :  : ParseError at [row,col]:[32,44]
Message: Character reference "&#
cause-exception     : com.thoughtworks.xstream.io.StreamException
cause-message       :  : ParseError at [row,col]:[32,44]
Message: Character reference "&#
class               : org.apache.jmeter.testelement.property.CollectionProperty
required-type       : org.apache.jmeter.testelement.property.CollectionProperty
converter-type      : org.apache.jmeter.save.converters.MultiPropertyConverter
path                : /jmeterTestPlan/hashTree/hashTree/hashTree/HTTPSamplerProxy/elementProp/collectionProp
line number         : 32
class[1]            : org.apache.jmeter.testelement.property.TestElementProperty
converter-type[1]   : org.apache.jmeter.save.converters.TestElementPropertyConverter
class[2]            : org.apache.jmeter.protocol.http.sampler.HTTPSamplerProxy
converter-type[2]   : org.apache.jmeter.protocol.http.sampler.HTTPSamplerBaseConverter
class[3]            : org.apache.jorphan.collections.ListedHashTree
converter-type[3]   : org.apache.jmeter.save.converters.HashTreeConverter
-------------------------------
message             :  : ParseError at [row,col]:[32,44]
Message: Character reference "&# :  : ParseError at [row,col]:[32,44]
Message: Character reference "&#
---- Debugging information ----
message             :  : ParseError at [row,col]:[32,44]
Message: Character reference "&#
cause-exception     : com.thoughtworks.xstream.io.StreamException
cause-message       :  : ParseError at [row,col]:[32,44]
Message: Character reference "&#
class               : org.apache.jmeter.testelement.property.CollectionProperty
required-type       : org.apache.jmeter.testelement.property.CollectionProperty
converter-type      : org.apache.jmeter.save.converters.MultiPropertyConverter
path                : /jmeterTestPlan/hashTree/hashTree/hashTree/HTTPSamplerProxy/elementProp/collectionProp
line number         : 32
class[1]            : org.apache.jmeter.testelement.property.TestElementProperty
converter-type[1]   : org.apache.jmeter.save.converters.TestElementPropertyConverter
class[2]            : org.apache.jmeter.protocol.http.sampler.HTTPSamplerProxy
converter-type[2]   : org.apache.jmeter.protocol.http.sampler.HTTPSamplerBaseConverter
class[3]            : org.apache.jorphan.collections.ListedHashTree
converter-type[3]   : org.apache.jmeter.save.converters.HashTreeConverter
-------------------------------
cause-exception     : com.thoughtworks.xstream.converters.ConversionException
cause-message       :  : ParseError at [row,col]:[32,44]
Message: Character reference "&# :  : ParseError at [row,col]:[32,44]
Message: Character reference "&#
first-jmeter-class  : org.apache.jmeter.save.converters.TestElementPropertyConverter.unmarshal(TestElementPropertyConverter.java:110)
class               : org.apache.jmeter.save.ScriptWrapper
required-type       : org.apache.jmeter.testelement.property.CollectionProperty
converter-type      : org.apache.jmeter.save.ScriptWrapperConverter
path                : /jmeterTestPlan/hashTree/hashTree/hashTree/HTTPSamplerProxy/elementProp/collectionProp
line number         : 32
version             : 3.0-SNAPSHOT.20160406
-------------------------------
	at org.apache.jmeter.save.ScriptWrapperConverter.createConversionException(ScriptWrapperConverter.java:103)
	at org.apache.jmeter.save.ScriptWrapperConverter.unmarshal(ScriptWrapperConverter.java:97)
	at com.thoughtworks.xstream.core.TreeUnmarshaller.convert(TreeUnmarshaller.java:72)
	at com.thoughtworks.xstream.core.AbstractReferenceUnmarshaller.convert(AbstractReferenceUnmarshaller.java:65)
	at com.thoughtworks.xstream.core.TreeUnmarshaller.convertAnother(TreeUnmarshaller.java:66)
	at com.thoughtworks.xstream.core.TreeUnmarshaller.convertAnother(TreeUnmarshaller.java:50)
	at com.thoughtworks.xstream.core.TreeUnmarshaller.start(TreeUnmarshaller.java:134)
	at com.thoughtworks.xstream.core.AbstractTreeMarshallingStrategy.unmarshal(AbstractTreeMarshallingStrategy.java:32)
	at com.thoughtworks.xstream.XStream.unmarshal(XStream.java:1206)
	at com.thoughtworks.xstream.XStream.unmarshal(XStream.java:1190)
	at com.thoughtworks.xstream.XStream.fromXML(XStream.java:1061)
	at org.apache.jmeter.save.SaveService.readTree(SaveService.java:525)
	... 21 more
Caused by: com.thoughtworks.xstream.converters.ConversionException:  : ParseError at [row,col]:[32,44]
Message: Character reference "&# :  : ParseError at [row,col]:[32,44]
Message: Character reference "&#
---- Debugging information ----
message             :  : ParseError at [row,col]:[32,44]
Message: Character reference "&#
cause-exception     : com.thoughtworks.xstream.io.StreamException
cause-message       :  : ParseError at [row,col]:[32,44]
Message: Character reference "&#
class               : org.apache.jmeter.testelement.property.CollectionProperty
required-type       : org.apache.jmeter.testelement.property.CollectionProperty
converter-type      : org.apache.jmeter.save.converters.MultiPropertyConverter
path                : /jmeterTestPlan/hashTree/hashTree/hashTree/HTTPSamplerProxy/elementProp/collectionProp
line number         : 32
class[1]            : org.apache.jmeter.testelement.property.TestElementProperty
converter-type[1]   : org.apache.jmeter.save.converters.TestElementPropertyConverter
class[2]            : org.apache.jmeter.protocol.http.sampler.HTTPSamplerProxy
converter-type[2]   : org.apache.jmeter.protocol.http.sampler.HTTPSamplerBaseConverter
class[3]            : org.apache.jorphan.collections.ListedHashTree
converter-type[3]   : org.apache.jmeter.save.converters.HashTreeConverter
-------------------------------
	at com.thoughtworks.xstream.core.TreeUnmarshaller.convert(TreeUnmarshaller.java:79)
	at com.thoughtworks.xstream.core.AbstractReferenceUnmarshaller.convert(AbstractReferenceUnmarshaller.java:65)
	at com.thoughtworks.xstream.core.TreeUnmarshaller.convertAnother(TreeUnmarshaller.java:66)
	at com.thoughtworks.xstream.core.TreeUnmarshaller.convertAnother(TreeUnmarshaller.java:50)
	at com.thoughtworks.xstream.converters.collections.AbstractCollectionConverter.readItem(AbstractCollectionConverter.java:71)
	at org.apache.jmeter.save.converters.TestElementPropertyConverter.unmarshal(TestElementPropertyConverter.java:110)
	at com.thoughtworks.xstream.core.TreeUnmarshaller.convert(TreeUnmarshaller.java:72)
	at com.thoughtworks.xstream.core.AbstractReferenceUnmarshaller.convert(AbstractReferenceUnmarshaller.java:65)
	at com.thoughtworks.xstream.core.TreeUnmarshaller.convertAnother(TreeUnmarshaller.java:66)
	at com.thoughtworks.xstream.core.TreeUnmarshaller.convertAnother(TreeUnmarshaller.java:50)
	at com.thoughtworks.xstream.converters.collections.AbstractCollectionConverter.readItem(AbstractCollectionConverter.java:71)
	at org.apache.jmeter.save.converters.TestElementConverter.unmarshal(TestElementConverter.java:107)
	at org.apache.jmeter.protocol.http.sampler.HTTPSamplerBaseConverter.unmarshal(HTTPSamplerBaseConverter.java:65)
	at com.thoughtworks.xstream.core.TreeUnmarshaller.convert(TreeUnmarshaller.java:72)
	at com.thoughtworks.xstream.core.AbstractReferenceUnmarshaller.convert(AbstractReferenceUnmarshaller.java:65)
	at com.thoughtworks.xstream.core.TreeUnmarshaller.convertAnother(TreeUnmarshaller.java:66)
	at com.thoughtworks.xstream.core.TreeUnmarshaller.convertAnother(TreeUnmarshaller.java:50)
	at com.thoughtworks.xstream.converters.collections.AbstractCollectionConverter.readItem(AbstractCollectionConverter.java:71)
	at org.apache.jmeter.save.converters.HashTreeConverter.unmarshal(HashTreeConverter.java:67)
	at com.thoughtworks.xstream.core.TreeUnmarshaller.convert(TreeUnmarshaller.java:72)
	at com.thoughtworks.xstream.core.AbstractReferenceUnmarshaller.convert(AbstractReferenceUnmarshaller.java:65)
	at com.thoughtworks.xstream.core.TreeUnmarshaller.convertAnother(TreeUnmarshaller.java:66)
	at com.thoughtworks.xstream.core.TreeUnmarshaller.convertAnother(TreeUnmarshaller.java:50)
	at com.thoughtworks.xstream.converters.collections.AbstractCollectionConverter.readItem(AbstractCollectionConverter.java:71)
	at org.apache.jmeter.save.converters.HashTreeConverter.unmarshal(HashTreeConverter.java:67)
	at com.thoughtworks.xstream.core.TreeUnmarshaller.convert(TreeUnmarshaller.java:72)
	at com.thoughtworks.xstream.core.AbstractReferenceUnmarshaller.convert(AbstractReferenceUnmarshaller.java:65)
	at com.thoughtworks.xstream.core.TreeUnmarshaller.convertAnother(TreeUnmarshaller.java:66)
	at com.thoughtworks.xstream.core.TreeUnmarshaller.convertAnother(TreeUnmarshaller.java:50)
	at com.thoughtworks.xstream.converters.collections.AbstractCollectionConverter.readItem(AbstractCollectionConverter.java:71)
	at org.apache.jmeter.save.converters.HashTreeConverter.unmarshal(HashTreeConverter.java:67)
	at com.thoughtworks.xstream.core.TreeUnmarshaller.convert(TreeUnmarshaller.java:72)
	at com.thoughtworks.xstream.core.AbstractReferenceUnmarshaller.convert(AbstractReferenceUnmarshaller.java:65)
	at com.thoughtworks.xstream.core.TreeUnmarshaller.convertAnother(TreeUnmarshaller.java:66)
	at com.thoughtworks.xstream.core.TreeUnmarshaller.convertAnother(TreeUnmarshaller.java:50)
	at org.apache.jmeter.save.ScriptWrapperConverter.unmarshal(ScriptWrapperConverter.java:95)
	... 31 more
Caused by: com.thoughtworks.xstream.io.StreamException:  : ParseError at [row,col]:[32,44]
Message: Character reference "&#
	at com.thoughtworks.xstream.io.xml.StaxReader.pullNextEvent(StaxReader.java:73)
	at com.thoughtworks.xstream.io.xml.AbstractPullReader.readRealEvent(AbstractPullReader.java:148)
	at com.thoughtworks.xstream.io.xml.AbstractPullReader.readEvent(AbstractPullReader.java:135)
	at com.thoughtworks.xstream.io.xml.AbstractPullReader.hasMoreChildren(AbstractPullReader.java:87)
	at com.thoughtworks.xstream.io.ReaderWrapper.hasMoreChildren(ReaderWrapper.java:32)
	at org.apache.jmeter.save.converters.MultiPropertyConverter.unmarshal(MultiPropertyConverter.java:67)
	at com.thoughtworks.xstream.core.TreeUnmarshaller.convert(TreeUnmarshaller.java:72)
	... 66 more
Caused by: javax.xml.stream.XMLStreamException: ParseError at [row,col]:[32,44]
Message: Character reference "&#
	at com.sun.org.apache.xerces.internal.impl.XMLStreamReaderImpl.next(XMLStreamReaderImpl.java:596)
	at com.thoughtworks.xstream.io.xml.StaxReader.pullNextEvent(StaxReader.java:58)
	... 72 more

