2006/11/29 19:12:40 INFO  - jmeter.util.JMeterUtils: Setting Locale to de_CH 
2006/11/29 19:12:40 INFO  - jmeter.JMeter: Loading user properties from: user.properties 
2006/11/29 19:12:40 INFO  - jmeter.JMeter: Loading system properties from: system.properties 
2006/11/29 19:12:40 INFO  - jmeter.JMeter: Copyright (c) 1998-2006 The Apache Software Foundation 
2006/11/29 19:12:40 INFO  - jmeter.JMeter: Version 2.2 
2006/11/29 19:12:40 INFO  - jmeter.JMeter: java.version=1.5.0_07 
2006/11/29 19:12:40 INFO  - jmeter.JMeter: os.name=Windows XP 
2006/11/29 19:12:40 INFO  - jmeter.JMeter: os.arch=x86 
2006/11/29 19:12:40 INFO  - jmeter.JMeter: os.version=5.1 
2006/11/29 19:12:40 INFO  - jmeter.JMeter: Default Locale=Deutsch (Schweiz) 
2006/11/29 19:12:40 INFO  - jmeter.JMeter: JMeter  Locale=Deutsch (Schweiz) 
2006/11/29 19:12:40 INFO  - jmeter.JMeter: JMeterHome=C:\opt\jakarta-jmeter-2.2 
2006/11/29 19:12:40 INFO  - jmeter.JMeter: user.dir=C:\opt\jakarta-jmeter-2.2\bin 
2006/11/29 19:12:40 INFO  - jmeter.JMeter: PWD     =C:\opt\jakarta-jmeter-2.2\bin 
2006/11/29 19:12:40 INFO  - jmeter.JMeter: Loaded icon properties from org/apache/jmeter/images/icon.properties 
2006/11/29 19:12:43 INFO  - jmeter.protocol.http.sampler.HTTPSamplerBase: Cannot find .className property for htmlParser, using default 
2006/11/29 19:12:43 INFO  - jmeter.protocol.http.sampler.HTTPSamplerBase: Parser for text/html is  
2006/11/29 19:12:43 INFO  - jmeter.protocol.http.sampler.HTTPSamplerBase: Parser for application/xhtml+xml is  
2006/11/29 19:12:43 INFO  - jmeter.protocol.http.sampler.HTTPSamplerBase: Parser for application/xml is  
2006/11/29 19:12:43 INFO  - jmeter.protocol.http.sampler.HTTPSamplerBase: Parser for text/xml is  
2006/11/29 19:12:43 INFO  - jmeter.protocol.http.sampler.HTTPSamplerBase: Parser for text/vnd.wap.wml is org.apache.jmeter.protocol.http.parser.RegexpHTMLParser 
2006/11/29 19:12:43 INFO  - jmeter.protocol.http.sampler.AccessLogSamplerBeanInfo: Entered access log sampler bean info 
2006/11/29 19:12:43 INFO  - jmeter.protocol.http.sampler.AccessLogSamplerBeanInfo: found parsers: [org.apache.jmeter.protocol.http.util.accesslog.OrderPreservingLogParser, org.apache.jmeter.protocol.http.util.accesslog.SharedTCLogParser, org.apache.jmeter.protocol.http.util.accesslog.TCLogParser] 
2006/11/29 19:12:43 INFO  - jmeter.protocol.http.sampler.AccessLogSamplerBeanInfo: Got to end of access log samper bean info init 
2006/11/29 19:12:44 WARN  - jmeter.gui.util.MenuFactory: Missing jar? Could not create org.apache.jmeter.visualizers.MailerVisualizer. java.lang.NoClassDefFoundError: javax/mail/MessagingException 
2006/11/29 19:12:44 INFO  - jmeter.samplers.SampleResult: Note: Sample TimeStamps are START times 
2006/11/29 19:12:44 INFO  - jmeter.samplers.SampleResult: sampleresult.default.encoding is set to ISO-8859-1 
2006/11/29 19:12:49 INFO  - jmeter.gui.action.Load: Loading file: C:\opt\jakarta-jmeter-2.2\bin\OMC direct.jmx 
2006/11/29 19:12:49 INFO  - jmeter.save.SaveService: Testplan (JMX) version: 2.2. Testlog (JTL) version: 2.2 
2006/11/29 19:12:49 INFO  - jmeter.save.SaveService: Using SaveService properties file version 408187 
2006/11/29 19:12:49 WARN  - jmeter.save.SaveService: Could not set up alias MailerModel java.lang.NoClassDefFoundError: javax/mail/Message 
2006/11/29 19:12:49 INFO  - jmeter.protocol.http.sampler.HTTPSampler2: Local host = chr53399 
2006/11/29 19:12:49 INFO  - jmeter.protocol.tcp.sampler.TCPSampler: Protocol Handler name=TCPClientImpl 
2006/11/29 19:12:49 INFO  - jmeter.protocol.tcp.sampler.TCPSampler: Status prefix= 
2006/11/29 19:12:49 INFO  - jmeter.protocol.tcp.sampler.TCPSampler: Status suffix= 
2006/11/29 19:12:49 INFO  - jmeter.protocol.tcp.sampler.TCPSampler: Status properties= 
2006/11/29 19:12:49 WARN  - jmeter.save.SaveService: Could not set up alias JMSSampler java.lang.NoClassDefFoundError: javax/jms/Message 
2006/11/29 19:12:49 WARN  - jmeter.save.SaveService: Could not set up alias SubscriberSampler java.lang.NoClassDefFoundError: javax/jms/MessageListener 
2006/11/29 19:12:49 WARN  - jmeter.save.SaveService: Could not set up alias MailerVisualizer java.lang.NoClassDefFoundError: javax/mail/MessagingException 
2006/11/29 19:12:49 WARN  - jmeter.save.SaveService: Could not set up alias WebServiceSampler java.lang.NoClassDefFoundError: javax/mail/MessagingException 
2006/11/29 19:12:49 INFO  - jmeter.save.SaveService: Using SaveService properties version 1.8 
2006/11/29 19:12:49 INFO  - jmeter.save.SaveService: All converter versions present and correct 
2006/11/29 19:13:06 INFO  - jmeter.engine.StandardJMeterEngine: Listeners will be started after enabling running version 
2006/11/29 19:13:06 INFO  - jmeter.engine.StandardJMeterEngine: To revert to the earlier behaviour, define jmeterengine.startlistenerslater=false 
2006/11/29 19:13:06 INFO  - jmeter.engine.StandardJMeterEngine: Running the test! 
2006/11/29 19:13:06 INFO  - jmeter.gui.util.JMeterMenuBar: setRunning(true,local) 
2006/11/29 19:13:06 INFO  - jmeter.engine.StandardJMeterEngine: Starting 1 threads for group Thread Gruppe. Ramp up = 2. 
2006/11/29 19:13:06 INFO  - jmeter.engine.StandardJMeterEngine: Continue on error 
2006/11/29 19:13:06 WARN  - jmeter.threads.JMeterThread: jmeterthread.startearlier=true (see jmeter.properties) 
2006/11/29 19:13:06 INFO  - jmeter.threads.JMeterThread: Thread Thread Gruppe 1-1 started 
2006/11/29 19:13:07 INFO  - org.apache.commons.httpclient.auth.AuthChallengeProcessor: basic authentication scheme selected 
2006/11/29 19:13:07 INFO  - jmeter.threads.JMeterThread: Thread Thread Gruppe 1-1 is done 
2006/11/29 19:13:07 INFO  - jmeter.engine.StandardJMeterEngine: Ending thread 0 
2006/11/29 19:13:07 INFO  - jmeter.engine.StandardJMeterEngine: Stopping test 
2006/11/29 19:13:07 INFO  - jmeter.engine.StandardJMeterEngine: Notifying test listeners of end of test 
2006/11/29 19:13:07 INFO  - jmeter.gui.util.JMeterMenuBar: setRunning(false,local) 
2006/11/29 19:13:07 INFO  - jmeter.engine.StandardJMeterEngine: Test has ended 
