2013/04/05 12:49:17 INFO  - jmeter.util.JMeterUtils: Setting Locale to en_US 
2013/04/05 12:49:17 INFO  - jmeter.JMeter: Loading user properties from: /Users/hiteshgandhi/Documents/PROJECT/Tools/JMETER/apache-jmeter-2.9/bin/user.properties 
2013/04/05 12:49:17 INFO  - jmeter.JMeter: Loading system properties from: /Users/hiteshgandhi/Documents/PROJECT/Tools/JMETER/apache-jmeter-2.9/bin/system.properties 
2013/04/05 12:49:17 INFO  - jmeter.JMeter: Copyright (c) 1998-2013 The Apache Software Foundation 
2013/04/05 12:49:17 INFO  - jmeter.JMeter: Version 2.9 r1437961 
2013/04/05 12:49:17 INFO  - jmeter.JMeter: java.version=1.6.0_43 
2013/04/05 12:49:17 INFO  - jmeter.JMeter: java.vm.name=Java HotSpot(TM) 64-Bit Server VM 
2013/04/05 12:49:17 INFO  - jmeter.JMeter: os.name=Mac OS X 
2013/04/05 12:49:17 INFO  - jmeter.JMeter: os.arch=x86_64 
2013/04/05 12:49:17 INFO  - jmeter.JMeter: os.version=10.8.3 
2013/04/05 12:49:17 INFO  - jmeter.JMeter: file.encoding=MacRoman 
2013/04/05 12:49:17 INFO  - jmeter.JMeter: Default Locale=English (United States) 
2013/04/05 12:49:17 INFO  - jmeter.JMeter: JMeter  Locale=English (United States) 
2013/04/05 12:49:17 INFO  - jmeter.JMeter: JMeterHome=/Users/hiteshgandhi/Documents/PROJECT/Tools/JMETER/apache-jmeter-2.9 
2013/04/05 12:49:17 INFO  - jmeter.JMeter: user.dir  =/Users/hiteshgandhi/Documents/PROJECT/Tools/JMETER/apache-jmeter-2.9/bin 
2013/04/05 12:49:17 INFO  - jmeter.JMeter: PWD       =/Users/hiteshgandhi/Documents/PROJECT/Tools/JMETER/apache-jmeter-2.9/bin 
2013/04/05 12:49:17 INFO  - jmeter.JMeter: IP: 17.114.62.86 Name: Hitesh.local FullName: 17.114.62.86 
2013/04/05 12:49:17 INFO  - jmeter.JMeter: Loaded icon properties from org/apache/jmeter/images/icon.properties 
2013/04/05 12:49:19 INFO  - jmeter.engine.util.CompoundVariable: Note: Function class names must contain the string: '.functions.' 
2013/04/05 12:49:19 INFO  - jmeter.engine.util.CompoundVariable: Note: Function class names must not contain the string: '.gui.' 
2013/04/05 12:49:19 INFO  - jmeter.gui.action.LookAndFeelCommand: Using look and feel: com.apple.laf.AquaLookAndFeel [Mac OS X, System] 
2013/04/05 12:49:20 INFO  - jmeter.gui.util.MenuFactory: Skipping kg.apc.jmeter.config.VariablesFromCSVFile 
2013/04/05 12:49:21 INFO  - jmeter.util.BSFTestElement: Registering JMeter version of JavaScript engine as work-round for BSF-22 
2013/04/05 12:49:22 INFO  - jmeter.protocol.http.sampler.HTTPSamplerBase: Cannot find .className property for htmlParser, using default 
2013/04/05 12:49:22 INFO  - jmeter.protocol.http.sampler.HTTPSamplerBase: Parser for text/html is  
2013/04/05 12:49:22 INFO  - jmeter.protocol.http.sampler.HTTPSamplerBase: Parser for application/xhtml+xml is  
2013/04/05 12:49:22 INFO  - jmeter.protocol.http.sampler.HTTPSamplerBase: Parser for application/xml is  
2013/04/05 12:49:22 INFO  - jmeter.protocol.http.sampler.HTTPSamplerBase: Parser for text/xml is  
2013/04/05 12:49:22 INFO  - jmeter.protocol.http.sampler.HTTPSamplerBase: Parser for text/vnd.wap.wml is org.apache.jmeter.protocol.http.parser.RegexpHTMLParser 
2013/04/05 12:49:22 INFO  - jmeter.protocol.http.sampler.HTTPSamplerBase: Reuse SSL session context on subsequent iterations: true 
2013/04/05 12:49:22 INFO  - jmeter.gui.util.MenuFactory: Skipping org.apache.jmeter.protocol.http.modifier.gui.ParamModifierGui 
2013/04/05 12:49:23 INFO  - jmeter.samplers.SampleResult: Note: Sample TimeStamps are START times 
2013/04/05 12:49:23 INFO  - jmeter.samplers.SampleResult: sampleresult.default.encoding is set to ISO-8859-1 
2013/04/05 12:49:23 INFO  - jmeter.samplers.SampleResult: sampleresult.useNanoTime=true 
2013/04/05 12:49:23 INFO  - jmeter.samplers.SampleResult: sampleresult.nanoThreadSleep=5000 
2013/04/05 12:49:38 ERROR - jmeter.JMeter: Uncaught exception:  java.lang.OutOfMemoryError: Java heap space
	at java.awt.image.DataBufferInt.<init>(DataBufferInt.java:41)
	at java.awt.image.Raster.createPackedRaster(Raster.java:458)
	at java.awt.image.DirectColorModel.createCompatibleWritableRaster(DirectColorModel.java:1015)
	at sun.awt.image.ImageRepresentation.createBufferedImage(ImageRepresentation.java:230)
	at sun.awt.image.ImageRepresentation.setPixels(ImageRepresentation.java:535)
	at apple.awt.OSXImageRepresentation.setPixels(OSXImageRepresentation.java:58)
	at sun.awt.image.ImageDecoder.setPixels(ImageDecoder.java:120)
	at sun.awt.image.PNGImageDecoder.sendPixels(PNGImageDecoder.java:531)
	at sun.awt.image.PNGImageDecoder.produceImage(PNGImageDecoder.java:452)
	at sun.awt.image.InputStreamImageSource.doFetch(InputStreamImageSource.java:246)
	at sun.awt.image.ImageFetcher.fetchloop(ImageFetcher.java:172)
	at sun.awt.image.ImageFetcher.run(ImageFetcher.java:136)

2013/04/05 12:49:39 ERROR - jmeter.JMeter: Uncaught exception:  java.lang.OutOfMemoryError: Java heap space
	at java.awt.image.DataBufferInt.<init>(DataBufferInt.java:41)
	at java.awt.image.Raster.createPackedRaster(Raster.java:458)
	at java.awt.image.DirectColorModel.createCompatibleWritableRaster(DirectColorModel.java:1015)
	at sun.awt.image.ImageRepresentation.createBufferedImage(ImageRepresentation.java:230)
	at sun.awt.image.ImageRepresentation.setPixels(ImageRepresentation.java:535)
	at apple.awt.OSXImageRepresentation.setPixels(OSXImageRepresentation.java:58)
	at sun.awt.image.ImageDecoder.setPixels(ImageDecoder.java:120)
	at sun.awt.image.PNGImageDecoder.sendPixels(PNGImageDecoder.java:531)
	at sun.awt.image.PNGImageDecoder.produceImage(PNGImageDecoder.java:452)
	at sun.awt.image.InputStreamImageSource.doFetch(InputStreamImageSource.java:246)
	at sun.awt.image.ImageFetcher.fetchloop(ImageFetcher.java:172)
	at sun.awt.image.ImageFetcher.run(ImageFetcher.java:136)

2013/04/05 12:49:40 ERROR - jmeter.JMeter: Uncaught exception:  java.lang.OutOfMemoryError: Java heap space
	at java.awt.image.DataBufferInt.<init>(DataBufferInt.java:41)
	at java.awt.image.Raster.createPackedRaster(Raster.java:458)
	at java.awt.image.DirectColorModel.createCompatibleWritableRaster(DirectColorModel.java:1015)
	at sun.awt.image.ImageRepresentation.createBufferedImage(ImageRepresentation.java:230)
	at sun.awt.image.ImageRepresentation.setPixels(ImageRepresentation.java:535)
	at apple.awt.OSXImageRepresentation.setPixels(OSXImageRepresentation.java:58)
	at sun.awt.image.ImageDecoder.setPixels(ImageDecoder.java:120)
	at sun.awt.image.PNGImageDecoder.sendPixels(PNGImageDecoder.java:531)
	at sun.awt.image.PNGImageDecoder.produceImage(PNGImageDecoder.java:452)
	at sun.awt.image.InputStreamImageSource.doFetch(InputStreamImageSource.java:246)
	at sun.awt.image.ImageFetcher.fetchloop(ImageFetcher.java:172)
	at sun.awt.image.ImageFetcher.run(ImageFetcher.java:136)

2013/04/05 12:49:41 ERROR - jmeter.JMeter: Uncaught exception:  java.lang.OutOfMemoryError: Java heap space
	at java.awt.image.DataBufferInt.<init>(DataBufferInt.java:41)
	at java.awt.image.Raster.createPackedRaster(Raster.java:458)
	at java.awt.image.DirectColorModel.createCompatibleWritableRaster(DirectColorModel.java:1015)
	at sun.awt.image.ImageRepresentation.createBufferedImage(ImageRepresentation.java:230)
	at sun.awt.image.ImageRepresentation.setPixels(ImageRepresentation.java:535)
	at apple.awt.OSXImageRepresentation.setPixels(OSXImageRepresentation.java:58)
	at sun.awt.image.ImageDecoder.setPixels(ImageDecoder.java:120)
	at sun.awt.image.PNGImageDecoder.sendPixels(PNGImageDecoder.java:531)
	at sun.awt.image.PNGImageDecoder.produceImage(PNGImageDecoder.java:452)
	at sun.awt.image.InputStreamImageSource.doFetch(InputStreamImageSource.java:246)
	at sun.awt.image.ImageFetcher.fetchloop(ImageFetcher.java:172)
	at sun.awt.image.ImageFetcher.run(ImageFetcher.java:136)

2013/04/05 12:49:51 ERROR - jmeter.JMeter: Uncaught exception:  java.lang.OutOfMemoryError: Java heap space

2013/04/05 12:49:51 ERROR - jmeter.JMeter: Uncaught exception:  java.lang.NullPointerException
	at javax.swing.text.ParagraphView.getLayoutViewCount(ParagraphView.java:140)
	at javax.swing.text.html.ParagraphView.isVisible(ParagraphView.java:175)
	at javax.swing.text.html.ParagraphView.getMinimumSpan(ParagraphView.java:258)
	at javax.swing.text.BoxView.calculateMinorAxisRequirements(BoxView.java:886)
	at javax.swing.text.html.BlockView.calculateMinorAxisRequirements(BlockView.java:129)
	at javax.swing.text.html.TableView$CellView.calculateMinorAxisRequirements(TableView.java:1769)
	at javax.swing.text.BoxView.checkRequests(BoxView.java:918)
	at javax.swing.text.BoxView.getMinimumSpan(BoxView.java:551)
	at javax.swing.text.html.BlockView.getMinimumSpan(BlockView.java:361)
	at javax.swing.text.html.TableView.checkSingleColumnCell(TableView.java:444)
	at javax.swing.text.html.TableView.calculateColumnRequirements(TableView.java:407)
	at javax.swing.text.html.TableView.calculateMinorAxisRequirements(TableView.java:529)
	at javax.swing.text.BoxView.checkRequests(BoxView.java:918)
	at javax.swing.text.BoxView.getMinimumSpan(BoxView.java:551)
	at javax.swing.text.BoxView.calculateMinorAxisRequirements(BoxView.java:886)
	at javax.swing.text.html.BlockView.calculateMinorAxisRequirements(BlockView.java:129)
	at javax.swing.text.BoxView.checkRequests(BoxView.java:918)
	at javax.swing.text.BoxView.getMinimumSpan(BoxView.java:551)
	at javax.swing.text.html.BlockView.getMinimumSpan(BlockView.java:361)
	at javax.swing.text.BoxView.calculateMinorAxisRequirements(BoxView.java:886)
	at javax.swing.text.html.BlockView.calculateMinorAxisRequirements(BlockView.java:129)
	at javax.swing.text.html.TableView$CellView.calculateMinorAxisRequirements(TableView.java:1769)
	at javax.swing.text.BoxView.checkRequests(BoxView.java:918)
	at javax.swing.text.BoxView.getMinimumSpan(BoxView.java:551)
	at javax.swing.text.html.BlockView.getMinimumSpan(BlockView.java:361)
	at javax.swing.text.html.TableView.checkSingleColumnCell(TableView.java:444)
	at javax.swing.text.html.TableView.calculateColumnRequirements(TableView.java:407)
	at javax.swing.text.html.TableView.calculateMinorAxisRequirements(TableView.java:529)
	at javax.swing.text.BoxView.checkRequests(BoxView.java:918)
	at javax.swing.text.BoxView.getMinimumSpan(BoxView.java:551)
	at javax.swing.text.BoxView.calculateMinorAxisRequirements(BoxView.java:886)
	at javax.swing.text.html.BlockView.calculateMinorAxisRequirements(BlockView.java:129)
	at javax.swing.text.html.TableView$CellView.calculateMinorAxisRequirements(TableView.java:1769)
	at javax.swing.text.BoxView.checkRequests(BoxView.java:918)
	at javax.swing.text.BoxView.getMinimumSpan(BoxView.java:551)
	at javax.swing.text.html.BlockView.getMinimumSpan(BlockView.java:361)
	at javax.swing.text.html.TableView.checkSingleColumnCell(TableView.java:444)
	at javax.swing.text.html.TableView.calculateColumnRequirements(TableView.java:407)
	at javax.swing.text.html.TableView.calculateMinorAxisRequirements(TableView.java:529)
	at javax.swing.text.BoxView.checkRequests(BoxView.java:918)
	at javax.swing.text.BoxView.getMinimumSpan(BoxView.java:551)
	at javax.swing.text.BoxView.calculateMinorAxisRequirements(BoxView.java:886)
	at javax.swing.text.html.BlockView.calculateMinorAxisRequirements(BlockView.java:129)
	at javax.swing.text.BoxView.checkRequests(BoxView.java:918)
	at javax.swing.text.BoxView.getMinimumSpan(BoxView.java:551)
	at javax.swing.text.html.BlockView.getMinimumSpan(BlockView.java:361)
	at javax.swing.text.BoxView.calculateMinorAxisRequirements(BoxView.java:886)
	at javax.swing.text.html.BlockView.calculateMinorAxisRequirements(BlockView.java:129)
	at javax.swing.text.BoxView.checkRequests(BoxView.java:918)
	at javax.swing.text.BoxView.setSpanOnAxis(BoxView.java:326)
	at javax.swing.text.BoxView.layout(BoxView.java:691)
	at javax.swing.text.BoxView.setSize(BoxView.java:380)
	at javax.swing.plaf.basic.BasicTextUI$RootView.setSize(BasicTextUI.java:1703)
	at javax.swing.plaf.basic.BasicTextUI.getPreferredSize(BasicTextUI.java:901)
	at javax.swing.JComponent.getPreferredSize(JComponent.java:1642)
	at javax.swing.JEditorPane.getPreferredSize(JEditorPane.java:1412)
	at javax.swing.ScrollPaneLayout.layoutContainer(ScrollPaneLayout.java:769)
	at java.awt.Container.layout(Container.java:1419)
	at java.awt.Container.doLayout(Container.java:1408)
	at java.awt.Container.validateTree(Container.java:1505)
	at java.awt.Container.validate(Container.java:1478)
	at javax.swing.RepaintManager$2.run(RepaintManager.java:698)
	at javax.swing.RepaintManager$2.run(RepaintManager.java:696)
	at java.security.AccessController.doPrivileged(Native Method)
	at java.security.AccessControlContext$1.doIntersectionPrivilege(AccessControlContext.java:87)
	at javax.swing.RepaintManager.validateInvalidComponents(RepaintManager.java:695)
	at javax.swing.RepaintManager$ProcessingRunnable.run(RepaintManager.java:1683)
	at java.awt.event.InvocationEvent.dispatch(InvocationEvent.java:209)
	at java.awt.EventQueue.dispatchEventImpl(EventQueue.java:708)
	at java.awt.EventQueue.access$400(EventQueue.java:82)
	at java.awt.EventQueue$2.run(EventQueue.java:669)
	at java.awt.EventQueue$2.run(EventQueue.java:667)
	at java.security.AccessController.doPrivileged(Native Method)
	at java.security.AccessControlContext$1.doIntersectionPrivilege(AccessControlContext.java:87)
	at java.awt.EventQueue.dispatchEvent(EventQueue.java:678)
	at java.awt.EventDispatchThread.pumpOneEventForFilters(EventDispatchThread.java:296)
	at java.awt.EventDispatchThread.pumpEventsForFilter(EventDispatchThread.java:211)
	at java.awt.EventDispatchThread.pumpEventsForHierarchy(EventDispatchThread.java:201)
	at java.awt.EventDispatchThread.pumpEvents(EventDispatchThread.java:196)
	at java.awt.EventDispatchThread.pumpEvents(EventDispatchThread.java:188)
	at java.awt.EventDispatchThread.run(EventDispatchThread.java:122)

2013/04/05 12:49:52 ERROR - jmeter.JMeter: Uncaught exception:  java.lang.OutOfMemoryError: Java heap space

2013/04/05 12:49:52 ERROR - jmeter.JMeter: Uncaught exception:  java.lang.NullPointerException
	at javax.swing.text.ParagraphView.getLayoutViewCount(ParagraphView.java:140)
	at javax.swing.text.html.ParagraphView.isVisible(ParagraphView.java:175)
	at javax.swing.text.html.ParagraphView.getMinimumSpan(ParagraphView.java:258)
	at javax.swing.text.BoxView.calculateMinorAxisRequirements(BoxView.java:886)
	at javax.swing.text.html.BlockView.calculateMinorAxisRequirements(BlockView.java:129)
	at javax.swing.text.html.TableView$CellView.calculateMinorAxisRequirements(TableView.java:1769)
	at javax.swing.text.BoxView.checkRequests(BoxView.java:918)
	at javax.swing.text.BoxView.getMinimumSpan(BoxView.java:551)
	at javax.swing.text.html.BlockView.getMinimumSpan(BlockView.java:361)
	at javax.swing.text.html.TableView.checkSingleColumnCell(TableView.java:444)
	at javax.swing.text.html.TableView.calculateColumnRequirements(TableView.java:407)
	at javax.swing.text.html.TableView.calculateMinorAxisRequirements(TableView.java:529)
	at javax.swing.text.BoxView.checkRequests(BoxView.java:918)
	at javax.swing.text.BoxView.getMinimumSpan(BoxView.java:551)
	at javax.swing.text.BoxView.calculateMinorAxisRequirements(BoxView.java:886)
	at javax.swing.text.html.BlockView.calculateMinorAxisRequirements(BlockView.java:129)
	at javax.swing.text.BoxView.checkRequests(BoxView.java:918)
	at javax.swing.text.BoxView.getMinimumSpan(BoxView.java:551)
	at javax.swing.text.html.BlockView.getMinimumSpan(BlockView.java:361)
	at javax.swing.text.BoxView.calculateMinorAxisRequirements(BoxView.java:886)
	at javax.swing.text.html.BlockView.calculateMinorAxisRequirements(BlockView.java:129)
	at javax.swing.text.html.TableView$CellView.calculateMinorAxisRequirements(TableView.java:1769)
	at javax.swing.text.BoxView.checkRequests(BoxView.java:918)
	at javax.swing.text.BoxView.getMinimumSpan(BoxView.java:551)
	at javax.swing.text.html.BlockView.getMinimumSpan(BlockView.java:361)
	at javax.swing.text.html.TableView.checkSingleColumnCell(TableView.java:444)
	at javax.swing.text.html.TableView.calculateColumnRequirements(TableView.java:407)
	at javax.swing.text.html.TableView.calculateMinorAxisRequirements(TableView.java:529)
	at javax.swing.text.BoxView.checkRequests(BoxView.java:918)
	at javax.swing.text.BoxView.getMinimumSpan(BoxView.java:551)
	at javax.swing.text.BoxView.calculateMinorAxisRequirements(BoxView.java:886)
	at javax.swing.text.html.BlockView.calculateMinorAxisRequirements(BlockView.java:129)
	at javax.swing.text.html.TableView$CellView.calculateMinorAxisRequirements(TableView.java:1769)
	at javax.swing.text.BoxView.checkRequests(BoxView.java:918)
	at javax.swing.text.BoxView.getMinimumSpan(BoxView.java:551)
	at javax.swing.text.html.BlockView.getMinimumSpan(BlockView.java:361)
	at javax.swing.text.html.TableView.checkSingleColumnCell(TableView.java:444)
	at javax.swing.text.html.TableView.calculateColumnRequirements(TableView.java:407)
	at javax.swing.text.html.TableView.calculateMinorAxisRequirements(TableView.java:529)
	at javax.swing.text.BoxView.checkRequests(BoxView.java:918)
	at javax.swing.text.BoxView.getMinimumSpan(BoxView.java:551)
	at javax.swing.text.BoxView.calculateMinorAxisRequirements(BoxView.java:886)
	at javax.swing.text.html.BlockView.calculateMinorAxisRequirements(BlockView.java:129)
	at javax.swing.text.BoxView.checkRequests(BoxView.java:918)
	at javax.swing.text.BoxView.getMinimumSpan(BoxView.java:551)
	at javax.swing.text.html.BlockView.getMinimumSpan(BlockView.java:361)
	at javax.swing.text.BoxView.calculateMinorAxisRequirements(BoxView.java:886)
	at javax.swing.text.html.BlockView.calculateMinorAxisRequirements(BlockView.java:129)
	at javax.swing.text.BoxView.checkRequests(BoxView.java:918)
	at javax.swing.text.BoxView.setSpanOnAxis(BoxView.java:326)
	at javax.swing.text.BoxView.layout(BoxView.java:691)
	at javax.swing.text.BoxView.setSize(BoxView.java:380)
	at javax.swing.plaf.basic.BasicTextUI$RootView.setSize(BasicTextUI.java:1703)
	at javax.swing.plaf.basic.BasicTextUI.viewToModel(BasicTextUI.java:1089)
	at javax.swing.text.html.HTMLEditorKit$LinkController.mouseMoved(HTMLEditorKit.java:665)
	at java.awt.AWTEventMulticaster.mouseMoved(AWTEventMulticaster.java:313)
	at java.awt.Component.processMouseMotionEvent(Component.java:6427)
	at javax.swing.JComponent.processMouseMotionEvent(JComponent.java:3293)
	at java.awt.Component.processEvent(Component.java:6151)
	at java.awt.Container.processEvent(Container.java:2083)
	at java.awt.Component.dispatchEventImpl(Component.java:4744)
	at java.awt.Container.dispatchEventImpl(Container.java:2141)
	at java.awt.Component.dispatchEvent(Component.java:4572)
	at java.awt.LightweightDispatcher.retargetMouseEvent(Container.java:4619)
	at java.awt.LightweightDispatcher.processMouseEvent(Container.java:4293)
	at java.awt.LightweightDispatcher.dispatchEvent(Container.java:4210)
	at java.awt.Container.dispatchEventImpl(Container.java:2127)
	at java.awt.Window.dispatchEventImpl(Window.java:2489)
	at java.awt.Component.dispatchEvent(Component.java:4572)
	at java.awt.EventQueue.dispatchEventImpl(EventQueue.java:710)
	at java.awt.EventQueue.access$400(EventQueue.java:82)
	at java.awt.EventQueue$2.run(EventQueue.java:669)
	at java.awt.EventQueue$2.run(EventQueue.java:667)
	at java.security.AccessController.doPrivileged(Native Method)
	at java.security.AccessControlContext$1.doIntersectionPrivilege(AccessControlContext.java:87)
	at java.security.AccessControlContext$1.doIntersectionPrivilege(AccessControlContext.java:98)
	at java.awt.EventQueue$3.run(EventQueue.java:683)
	at java.awt.EventQueue$3.run(EventQueue.java:681)
	at java.security.AccessController.doPrivileged(Native Method)
	at java.security.AccessControlContext$1.doIntersectionPrivilege(AccessControlContext.java:87)
	at java.awt.EventQueue.dispatchEvent(EventQueue.java:680)
	at java.awt.EventDispatchThread.pumpOneEventForFilters(EventDispatchThread.java:296)
	at java.awt.EventDispatchThread.pumpEventsForFilter(EventDispatchThread.java:211)
	at java.awt.EventDispatchThread.pumpEventsForHierarchy(EventDispatchThread.java:201)
	at java.awt.EventDispatchThread.pumpEvents(EventDispatchThread.java:196)
	at java.awt.EventDispatchThread.pumpEvents(EventDispatchThread.java:188)
	at java.awt.EventDispatchThread.run(EventDispatchThread.java:122)

2013/04/05 12:49:53 ERROR - jmeter.JMeter: Uncaught exception:  java.lang.NullPointerException
	at javax.swing.text.ParagraphView.getLayoutViewCount(ParagraphView.java:140)
	at javax.swing.text.html.ParagraphView.isVisible(ParagraphView.java:175)
	at javax.swing.text.html.ParagraphView.getMinimumSpan(ParagraphView.java:258)
	at javax.swing.text.BoxView.calculateMinorAxisRequirements(BoxView.java:886)
	at javax.swing.text.html.BlockView.calculateMinorAxisRequirements(BlockView.java:129)
	at javax.swing.text.html.TableView$CellView.calculateMinorAxisRequirements(TableView.java:1769)
	at javax.swing.text.BoxView.checkRequests(BoxView.java:918)
	at javax.swing.text.BoxView.getMinimumSpan(BoxView.java:551)
	at javax.swing.text.html.BlockView.getMinimumSpan(BlockView.java:361)
	at javax.swing.text.html.TableView.checkSingleColumnCell(TableView.java:444)
	at javax.swing.text.html.TableView.calculateColumnRequirements(TableView.java:407)
	at javax.swing.text.html.TableView.calculateMinorAxisRequirements(TableView.java:529)
	at javax.swing.text.BoxView.checkRequests(BoxView.java:918)
	at javax.swing.text.BoxView.getMinimumSpan(BoxView.java:551)
	at javax.swing.text.BoxView.calculateMinorAxisRequirements(BoxView.java:886)
	at javax.swing.text.html.BlockView.calculateMinorAxisRequirements(BlockView.java:129)
	at javax.swing.text.BoxView.checkRequests(BoxView.java:918)
	at javax.swing.text.BoxView.getMinimumSpan(BoxView.java:551)
	at javax.swing.text.html.BlockView.getMinimumSpan(BlockView.java:361)
	at javax.swing.text.BoxView.calculateMinorAxisRequirements(BoxView.java:886)
	at javax.swing.text.html.BlockView.calculateMinorAxisRequirements(BlockView.java:129)
	at javax.swing.text.html.TableView$CellView.calculateMinorAxisRequirements(TableView.java:1769)
	at javax.swing.text.BoxView.checkRequests(BoxView.java:918)
	at javax.swing.text.BoxView.getMinimumSpan(BoxView.java:551)
	at javax.swing.text.html.BlockView.getMinimumSpan(BlockView.java:361)
	at javax.swing.text.html.TableView.checkSingleColumnCell(TableView.java:444)
	at javax.swing.text.html.TableView.calculateColumnRequirements(TableView.java:407)
	at javax.swing.text.html.TableView.calculateMinorAxisRequirements(TableView.java:529)
	at javax.swing.text.BoxView.checkRequests(BoxView.java:918)
	at javax.swing.text.BoxView.getMinimumSpan(BoxView.java:551)
	at javax.swing.text.BoxView.calculateMinorAxisRequirements(BoxView.java:886)
	at javax.swing.text.html.BlockView.calculateMinorAxisRequirements(BlockView.java:129)
	at javax.swing.text.html.TableView$CellView.calculateMinorAxisRequirements(TableView.java:1769)
	at javax.swing.text.BoxView.checkRequests(BoxView.java:918)
	at javax.swing.text.BoxView.getMinimumSpan(BoxView.java:551)
	at javax.swing.text.html.BlockView.getMinimumSpan(BlockView.java:361)
	at javax.swing.text.html.TableView.checkSingleColumnCell(TableView.java:444)
	at javax.swing.text.html.TableView.calculateColumnRequirements(TableView.java:407)
	at javax.swing.text.html.TableView.calculateMinorAxisRequirements(TableView.java:529)
	at javax.swing.text.BoxView.checkRequests(BoxView.java:918)
	at javax.swing.text.BoxView.getMinimumSpan(BoxView.java:551)
	at javax.swing.text.BoxView.calculateMinorAxisRequirements(BoxView.java:886)
	at javax.swing.text.html.BlockView.calculateMinorAxisRequirements(BlockView.java:129)
	at javax.swing.text.BoxView.checkRequests(BoxView.java:918)
	at javax.swing.text.BoxView.getMinimumSpan(BoxView.java:551)
	at javax.swing.text.html.BlockView.getMinimumSpan(BlockView.java:361)
	at javax.swing.text.BoxView.calculateMinorAxisRequirements(BoxView.java:886)
	at javax.swing.text.html.BlockView.calculateMinorAxisRequirements(BlockView.java:129)
	at javax.swing.text.BoxView.checkRequests(BoxView.java:918)
	at javax.swing.text.BoxView.setSpanOnAxis(BoxView.java:326)
	at javax.swing.text.BoxView.layout(BoxView.java:691)
	at javax.swing.text.BoxView.setSize(BoxView.java:380)
	at javax.swing.plaf.basic.BasicTextUI$RootView.setSize(BasicTextUI.java:1703)
	at javax.swing.plaf.basic.BasicTextUI.getPreferredSize(BasicTextUI.java:901)
	at javax.swing.JComponent.getPreferredSize(JComponent.java:1642)
	at javax.swing.JEditorPane.getPreferredSize(JEditorPane.java:1412)
	at javax.swing.ScrollPaneLayout.layoutContainer(ScrollPaneLayout.java:769)
	at java.awt.Container.layout(Container.java:1419)
	at java.awt.Container.doLayout(Container.java:1408)
	at java.awt.Container.validateTree(Container.java:1505)
	at java.awt.Container.validate(Container.java:1478)
	at javax.swing.RepaintManager$2.run(RepaintManager.java:698)
	at javax.swing.RepaintManager$2.run(RepaintManager.java:696)
	at java.security.AccessController.doPrivileged(Native Method)
	at java.security.AccessControlContext$1.doIntersectionPrivilege(AccessControlContext.java:87)
	at javax.swing.RepaintManager.validateInvalidComponents(RepaintManager.java:695)
	at javax.swing.RepaintManager$ProcessingRunnable.run(RepaintManager.java:1683)
	at java.awt.event.InvocationEvent.dispatch(InvocationEvent.java:209)
	at java.awt.EventQueue.dispatchEventImpl(EventQueue.java:708)
	at java.awt.EventQueue.access$400(EventQueue.java:82)
	at java.awt.EventQueue$2.run(EventQueue.java:669)
	at java.awt.EventQueue$2.run(EventQueue.java:667)
	at java.security.AccessController.doPrivileged(Native Method)
	at java.security.AccessControlContext$1.doIntersectionPrivilege(AccessControlContext.java:87)
	at java.awt.EventQueue.dispatchEvent(EventQueue.java:678)
	at java.awt.EventDispatchThread.pumpOneEventForFilters(EventDispatchThread.java:296)
	at java.awt.EventDispatchThread.pumpEventsForFilter(EventDispatchThread.java:211)
	at java.awt.EventDispatchThread.pumpEventsForHierarchy(EventDispatchThread.java:201)
	at java.awt.EventDispatchThread.pumpEvents(EventDispatchThread.java:196)
	at java.awt.EventDispatchThread.pumpEvents(EventDispatchThread.java:188)
	at java.awt.EventDispatchThread.run(EventDispatchThread.java:122)

2013/04/05 12:49:53 ERROR - jmeter.JMeter: Uncaught exception:  java.lang.NullPointerException
	at javax.swing.text.ParagraphView.getLayoutViewCount(ParagraphView.java:140)
	at javax.swing.text.html.ParagraphView.isVisible(ParagraphView.java:175)
	at javax.swing.text.html.ParagraphView.getMinimumSpan(ParagraphView.java:258)
	at javax.swing.text.BoxView.calculateMinorAxisRequirements(BoxView.java:886)
	at javax.swing.text.html.BlockView.calculateMinorAxisRequirements(BlockView.java:129)
	at javax.swing.text.html.TableView$CellView.calculateMinorAxisRequirements(TableView.java:1769)
	at javax.swing.text.BoxView.checkRequests(BoxView.java:918)
	at javax.swing.text.BoxView.getMinimumSpan(BoxView.java:551)
	at javax.swing.text.html.BlockView.getMinimumSpan(BlockView.java:361)
	at javax.swing.text.html.TableView.checkSingleColumnCell(TableView.java:444)
	at javax.swing.text.html.TableView.calculateColumnRequirements(TableView.java:407)
	at javax.swing.text.html.TableView.calculateMinorAxisRequirements(TableView.java:529)
	at javax.swing.text.BoxView.checkRequests(BoxView.java:918)
	at javax.swing.text.BoxView.getMinimumSpan(BoxView.java:551)
	at javax.swing.text.BoxView.calculateMinorAxisRequirements(BoxView.java:886)
	at javax.swing.text.html.BlockView.calculateMinorAxisRequirements(BlockView.java:129)
	at javax.swing.text.BoxView.checkRequests(BoxView.java:918)
	at javax.swing.text.BoxView.getMinimumSpan(BoxView.java:551)
	at javax.swing.text.html.BlockView.getMinimumSpan(BlockView.java:361)
	at javax.swing.text.BoxView.calculateMinorAxisRequirements(BoxView.java:886)
	at javax.swing.text.html.BlockView.calculateMinorAxisRequirements(BlockView.java:129)
	at javax.swing.text.html.TableView$CellView.calculateMinorAxisRequirements(TableView.java:1769)
	at javax.swing.text.BoxView.checkRequests(BoxView.java:918)
	at javax.swing.text.BoxView.getMinimumSpan(BoxView.java:551)
	at javax.swing.text.html.BlockView.getMinimumSpan(BlockView.java:361)
	at javax.swing.text.html.TableView.checkSingleColumnCell(TableView.java:444)
	at javax.swing.text.html.TableView.calculateColumnRequirements(TableView.java:407)
	at javax.swing.text.html.TableView.calculateMinorAxisRequirements(TableView.java:529)
	at javax.swing.text.BoxView.checkRequests(BoxView.java:918)
	at javax.swing.text.BoxView.getMinimumSpan(BoxView.java:551)
	at javax.swing.text.BoxView.calculateMinorAxisRequirements(BoxView.java:886)
	at javax.swing.text.html.BlockView.calculateMinorAxisRequirements(BlockView.java:129)
	at javax.swing.text.html.TableView$CellView.calculateMinorAxisRequirements(TableView.java:1769)
	at javax.swing.text.BoxView.checkRequests(BoxView.java:918)
	at javax.swing.text.BoxView.getMinimumSpan(BoxView.java:551)
	at javax.swing.text.html.BlockView.getMinimumSpan(BlockView.java:361)
	at javax.swing.text.html.TableView.checkSingleColumnCell(TableView.java:444)
	at javax.swing.text.html.TableView.calculateColumnRequirements(TableView.java:407)
	at javax.swing.text.html.TableView.calculateMinorAxisRequirements(TableView.java:529)
	at javax.swing.text.BoxView.checkRequests(BoxView.java:918)
	at javax.swing.text.BoxView.getMinimumSpan(BoxView.java:551)
	at javax.swing.text.BoxView.calculateMinorAxisRequirements(BoxView.java:886)
	at javax.swing.text.html.BlockView.calculateMinorAxisRequirements(BlockView.java:129)
	at javax.swing.text.BoxView.checkRequests(BoxView.java:918)
	at javax.swing.text.BoxView.getMinimumSpan(BoxView.java:551)
	at javax.swing.text.html.BlockView.getMinimumSpan(BlockView.java:361)
	at javax.swing.text.BoxView.calculateMinorAxisRequirements(BoxView.java:886)
	at javax.swing.text.html.BlockView.calculateMinorAxisRequirements(BlockView.java:129)
	at javax.swing.text.BoxView.checkRequests(BoxView.java:918)
	at javax.swing.text.BoxView.setSpanOnAxis(BoxView.java:326)
	at javax.swing.text.BoxView.layout(BoxView.java:691)
	at javax.swing.text.BoxView.setSize(BoxView.java:380)
	at javax.swing.plaf.basic.BasicTextUI$RootView.setSize(BasicTextUI.java:1703)
	at javax.swing.plaf.basic.BasicTextUI.getPreferredSize(BasicTextUI.java:901)
	at javax.swing.JComponent.getPreferredSize(JComponent.java:1642)
	at javax.swing.JEditorPane.getPreferredSize(JEditorPane.java:1412)
	at javax.swing.ScrollPaneLayout.layoutContainer(ScrollPaneLayout.java:769)
	at java.awt.Container.layout(Container.java:1419)
	at java.awt.Container.doLayout(Container.java:1408)
	at java.awt.Container.validateTree(Container.java:1505)
	at java.awt.Container.validate(Container.java:1478)
	at javax.swing.RepaintManager$2.run(RepaintManager.java:698)
	at javax.swing.RepaintManager$2.run(RepaintManager.java:696)
	at java.security.AccessController.doPrivileged(Native Method)
	at java.security.AccessControlContext$1.doIntersectionPrivilege(AccessControlContext.java:87)
	at javax.swing.RepaintManager.validateInvalidComponents(RepaintManager.java:695)
	at javax.swing.RepaintManager$ProcessingRunnable.run(RepaintManager.java:1683)
	at java.awt.event.InvocationEvent.dispatch(InvocationEvent.java:209)
	at java.awt.EventQueue.dispatchEventImpl(EventQueue.java:708)
	at java.awt.EventQueue.access$400(EventQueue.java:82)
	at java.awt.EventQueue$2.run(EventQueue.java:669)
	at java.awt.EventQueue$2.run(EventQueue.java:667)
	at java.security.AccessController.doPrivileged(Native Method)
	at java.security.AccessControlContext$1.doIntersectionPrivilege(AccessControlContext.java:87)
	at java.awt.EventQueue.dispatchEvent(EventQueue.java:678)
	at java.awt.EventDispatchThread.pumpOneEventForFilters(EventDispatchThread.java:296)
	at java.awt.EventDispatchThread.pumpEventsForFilter(EventDispatchThread.java:211)
	at java.awt.EventDispatchThread.pumpEventsForHierarchy(EventDispatchThread.java:201)
	at java.awt.EventDispatchThread.pumpEvents(EventDispatchThread.java:196)
	at java.awt.EventDispatchThread.pumpEvents(EventDispatchThread.java:188)
	at java.awt.EventDispatchThread.run(EventDispatchThread.java:122)

2013/04/05 12:49:53 ERROR - jmeter.JMeter: Uncaught exception:  java.lang.NullPointerException
	at javax.swing.text.ParagraphView.getLayoutViewCount(ParagraphView.java:140)
	at javax.swing.text.html.ParagraphView.isVisible(ParagraphView.java:175)
	at javax.swing.text.html.ParagraphView.getMinimumSpan(ParagraphView.java:258)
	at javax.swing.text.BoxView.calculateMinorAxisRequirements(BoxView.java:886)
	at javax.swing.text.html.BlockView.calculateMinorAxisRequirements(BlockView.java:129)
	at javax.swing.text.html.TableView$CellView.calculateMinorAxisRequirements(TableView.java:1769)
	at javax.swing.text.BoxView.checkRequests(BoxView.java:918)
	at javax.swing.text.BoxView.getMinimumSpan(BoxView.java:551)
	at javax.swing.text.html.BlockView.getMinimumSpan(BlockView.java:361)
	at javax.swing.text.html.TableView.checkSingleColumnCell(TableView.java:444)
	at javax.swing.text.html.TableView.calculateColumnRequirements(TableView.java:407)
	at javax.swing.text.html.TableView.calculateMinorAxisRequirements(TableView.java:529)
	at javax.swing.text.BoxView.checkRequests(BoxView.java:918)
	at javax.swing.text.BoxView.getMinimumSpan(BoxView.java:551)
	at javax.swing.text.BoxView.calculateMinorAxisRequirements(BoxView.java:886)
	at javax.swing.text.html.BlockView.calculateMinorAxisRequirements(BlockView.java:129)
	at javax.swing.text.BoxView.checkRequests(BoxView.java:918)
	at javax.swing.text.BoxView.getMinimumSpan(BoxView.java:551)
	at javax.swing.text.html.BlockView.getMinimumSpan(BlockView.java:361)
	at javax.swing.text.BoxView.calculateMinorAxisRequirements(BoxView.java:886)
	at javax.swing.text.html.BlockView.calculateMinorAxisRequirements(BlockView.java:129)
	at javax.swing.text.html.TableView$CellView.calculateMinorAxisRequirements(TableView.java:1769)
	at javax.swing.text.BoxView.checkRequests(BoxView.java:918)
	at javax.swing.text.BoxView.getMinimumSpan(BoxView.java:551)
	at javax.swing.text.html.BlockView.getMinimumSpan(BlockView.java:361)
	at javax.swing.text.html.TableView.checkSingleColumnCell(TableView.java:444)
	at javax.swing.text.html.TableView.calculateColumnRequirements(TableView.java:407)
	at javax.swing.text.html.TableView.calculateMinorAxisRequirements(TableView.java:529)
	at javax.swing.text.BoxView.checkRequests(BoxView.java:918)
	at javax.swing.text.BoxView.getMinimumSpan(BoxView.java:551)
	at javax.swing.text.BoxView.calculateMinorAxisRequirements(BoxView.java:886)
	at javax.swing.text.html.BlockView.calculateMinorAxisRequirements(BlockView.java:129)
	at javax.swing.text.html.TableView$CellView.calculateMinorAxisRequirements(TableView.java:1769)
	at javax.swing.text.BoxView.checkRequests(BoxView.java:918)
	at javax.swing.text.BoxView.getMinimumSpan(BoxView.java:551)
	at javax.swing.text.html.BlockView.getMinimumSpan(BlockView.java:361)
	at javax.swing.text.html.TableView.checkSingleColumnCell(TableView.java:444)
	at javax.swing.text.html.TableView.calculateColumnRequirements(TableView.java:407)
	at javax.swing.text.html.TableView.calculateMinorAxisRequirements(TableView.java:529)
	at javax.swing.text.BoxView.checkRequests(BoxView.java:918)
	at javax.swing.text.BoxView.getMinimumSpan(BoxView.java:551)
	at javax.swing.text.BoxView.calculateMinorAxisRequirements(BoxView.java:886)
	at javax.swing.text.html.BlockView.calculateMinorAxisRequirements(BlockView.java:129)
	at javax.swing.text.BoxView.checkRequests(BoxView.java:918)
	at javax.swing.text.BoxView.getMinimumSpan(BoxView.java:551)
	at javax.swing.text.html.BlockView.getMinimumSpan(BlockView.java:361)
	at javax.swing.text.BoxView.calculateMinorAxisRequirements(BoxView.java:886)
	at javax.swing.text.html.BlockView.calculateMinorAxisRequirements(BlockView.java:129)
	at javax.swing.text.BoxView.checkRequests(BoxView.java:918)
	at javax.swing.text.BoxView.setSpanOnAxis(BoxView.java:326)
	at javax.swing.text.BoxView.layout(BoxView.java:691)
	at javax.swing.text.BoxView.setSize(BoxView.java:380)
	at javax.swing.plaf.basic.BasicTextUI$RootView.setSize(BasicTextUI.java:1703)
	at javax.swing.plaf.basic.BasicTextUI$RootView.paint(BasicTextUI.java:1422)
	at javax.swing.plaf.basic.BasicTextUI.paintSafely(BasicTextUI.java:723)
	at javax.swing.plaf.basic.BasicTextUI.paint(BasicTextUI.java:870)
	at javax.swing.plaf.basic.BasicTextUI.update(BasicTextUI.java:849)
	at javax.swing.JComponent.paintComponent(JComponent.java:760)
	at javax.swing.JComponent.paint(JComponent.java:1037)
	at javax.swing.JComponent._paintImmediately(JComponent.java:5106)
	at javax.swing.JComponent.paintImmediately(JComponent.java:4890)
	at javax.swing.RepaintManager$3.run(RepaintManager.java:814)
	at javax.swing.RepaintManager$3.run(RepaintManager.java:802)
	at java.security.AccessController.doPrivileged(Native Method)
	at java.security.AccessControlContext$1.doIntersectionPrivilege(AccessControlContext.java:87)
	at javax.swing.RepaintManager.paintDirtyRegions(RepaintManager.java:802)
	at javax.swing.RepaintManager.paintDirtyRegions(RepaintManager.java:745)
	at javax.swing.RepaintManager.prePaintDirtyRegions(RepaintManager.java:725)
	at javax.swing.RepaintManager.access$1000(RepaintManager.java:46)
	at javax.swing.RepaintManager$ProcessingRunnable.run(RepaintManager.java:1684)
	at java.awt.event.InvocationEvent.dispatch(InvocationEvent.java:209)
	at java.awt.EventQueue.dispatchEventImpl(EventQueue.java:708)
	at java.awt.EventQueue.access$400(EventQueue.java:82)
	at java.awt.EventQueue$2.run(EventQueue.java:669)
	at java.awt.EventQueue$2.run(EventQueue.java:667)
	at java.security.AccessController.doPrivileged(Native Method)
	at java.security.AccessControlContext$1.doIntersectionPrivilege(AccessControlContext.java:87)
	at java.awt.EventQueue.dispatchEvent(EventQueue.java:678)
	at java.awt.EventDispatchThread.pumpOneEventForFilters(EventDispatchThread.java:296)
	at java.awt.EventDispatchThread.pumpEventsForFilter(EventDispatchThread.java:211)
	at java.awt.EventDispatchThread.pumpEventsForHierarchy(EventDispatchThread.java:201)
	at java.awt.EventDispatchThread.pumpEvents(EventDispatchThread.java:196)
	at java.awt.EventDispatchThread.pumpEvents(EventDispatchThread.java:188)
	at java.awt.EventDispatchThread.run(EventDispatchThread.java:122)

2013/04/05 12:50:04 ERROR - jmeter.JMeter: Uncaught exception:  java.lang.NullPointerException
	at javax.swing.text.ParagraphView.getLayoutViewCount(ParagraphView.java:140)
	at javax.swing.text.html.ParagraphView.isVisible(ParagraphView.java:175)
	at javax.swing.text.html.ParagraphView.getMinimumSpan(ParagraphView.java:258)
	at javax.swing.text.BoxView.calculateMinorAxisRequirements(BoxView.java:886)
	at javax.swing.text.html.BlockView.calculateMinorAxisRequirements(BlockView.java:129)
	at javax.swing.text.html.TableView$CellView.calculateMinorAxisRequirements(TableView.java:1769)
	at javax.swing.text.BoxView.checkRequests(BoxView.java:918)
	at javax.swing.text.BoxView.getMinimumSpan(BoxView.java:551)
	at javax.swing.text.html.BlockView.getMinimumSpan(BlockView.java:361)
	at javax.swing.text.html.TableView.checkSingleColumnCell(TableView.java:444)
	at javax.swing.text.html.TableView.calculateColumnRequirements(TableView.java:407)
	at javax.swing.text.html.TableView.calculateMinorAxisRequirements(TableView.java:529)
	at javax.swing.text.BoxView.checkRequests(BoxView.java:918)
	at javax.swing.text.BoxView.getMinimumSpan(BoxView.java:551)
	at javax.swing.text.BoxView.calculateMinorAxisRequirements(BoxView.java:886)
	at javax.swing.text.html.BlockView.calculateMinorAxisRequirements(BlockView.java:129)
	at javax.swing.text.BoxView.checkRequests(BoxView.java:918)
	at javax.swing.text.BoxView.getMinimumSpan(BoxView.java:551)
	at javax.swing.text.html.BlockView.getMinimumSpan(BlockView.java:361)
	at javax.swing.text.BoxView.calculateMinorAxisRequirements(BoxView.java:886)
	at javax.swing.text.html.BlockView.calculateMinorAxisRequirements(BlockView.java:129)
	at javax.swing.text.html.TableView$CellView.calculateMinorAxisRequirements(TableView.java:1769)
	at javax.swing.text.BoxView.checkRequests(BoxView.java:918)
	at javax.swing.text.BoxView.getMinimumSpan(BoxView.java:551)
	at javax.swing.text.html.BlockView.getMinimumSpan(BlockView.java:361)
	at javax.swing.text.html.TableView.checkSingleColumnCell(TableView.java:444)
	at javax.swing.text.html.TableView.calculateColumnRequirements(TableView.java:407)
	at javax.swing.text.html.TableView.calculateMinorAxisRequirements(TableView.java:529)
	at javax.swing.text.BoxView.checkRequests(BoxView.java:918)
	at javax.swing.text.BoxView.getMinimumSpan(BoxView.java:551)
	at javax.swing.text.BoxView.calculateMinorAxisRequirements(BoxView.java:886)
	at javax.swing.text.html.BlockView.calculateMinorAxisRequirements(BlockView.java:129)
	at javax.swing.text.html.TableView$CellView.calculateMinorAxisRequirements(TableView.java:1769)
	at javax.swing.text.BoxView.checkRequests(BoxView.java:918)
	at javax.swing.text.BoxView.getMinimumSpan(BoxView.java:551)
	at javax.swing.text.html.BlockView.getMinimumSpan(BlockView.java:361)
	at javax.swing.text.html.TableView.checkSingleColumnCell(TableView.java:444)
	at javax.swing.text.html.TableView.calculateColumnRequirements(TableView.java:407)
	at javax.swing.text.html.TableView.calculateMinorAxisRequirements(TableView.java:529)
	at javax.swing.text.BoxView.checkRequests(BoxView.java:918)
	at javax.swing.text.BoxView.getMinimumSpan(BoxView.java:551)
	at javax.swing.text.BoxView.calculateMinorAxisRequirements(BoxView.java:886)
	at javax.swing.text.html.BlockView.calculateMinorAxisRequirements(BlockView.java:129)
	at javax.swing.text.BoxView.checkRequests(BoxView.java:918)
	at javax.swing.text.BoxView.getMinimumSpan(BoxView.java:551)
	at javax.swing.text.html.BlockView.getMinimumSpan(BlockView.java:361)
	at javax.swing.text.BoxView.calculateMinorAxisRequirements(BoxView.java:886)
	at javax.swing.text.html.BlockView.calculateMinorAxisRequirements(BlockView.java:129)
	at javax.swing.text.BoxView.checkRequests(BoxView.java:918)
	at javax.swing.text.BoxView.setSpanOnAxis(BoxView.java:326)
	at javax.swing.text.BoxView.layout(BoxView.java:691)
	at javax.swing.text.BoxView.setSize(BoxView.java:380)
	at javax.swing.plaf.basic.BasicTextUI$RootView.setSize(BasicTextUI.java:1703)
	at javax.swing.plaf.basic.BasicTextUI.viewToModel(BasicTextUI.java:1089)
	at javax.swing.text.html.HTMLEditorKit$LinkController.mouseMoved(HTMLEditorKit.java:665)
	at java.awt.AWTEventMulticaster.mouseMoved(AWTEventMulticaster.java:313)
	at java.awt.Component.processMouseMotionEvent(Component.java:6427)
	at javax.swing.JComponent.processMouseMotionEvent(JComponent.java:3293)
	at java.awt.Component.processEvent(Component.java:6151)
	at java.awt.Container.processEvent(Container.java:2083)
	at java.awt.Component.dispatchEventImpl(Component.java:4744)
	at java.awt.Container.dispatchEventImpl(Container.java:2141)
	at java.awt.Component.dispatchEvent(Component.java:4572)
	at java.awt.LightweightDispatcher.retargetMouseEvent(Container.java:4619)
	at java.awt.LightweightDispatcher.processMouseEvent(Container.java:4293)
	at java.awt.LightweightDispatcher.dispatchEvent(Container.java:4210)
	at java.awt.Container.dispatchEventImpl(Container.java:2127)
	at java.awt.Window.dispatchEventImpl(Window.java:2489)
	at java.awt.Component.dispatchEvent(Component.java:4572)
	at java.awt.EventQueue.dispatchEventImpl(EventQueue.java:710)
	at java.awt.EventQueue.access$400(EventQueue.java:82)
	at java.awt.EventQueue$2.run(EventQueue.java:669)
	at java.awt.EventQueue$2.run(EventQueue.java:667)
	at java.security.AccessController.doPrivileged(Native Method)
	at java.security.AccessControlContext$1.doIntersectionPrivilege(AccessControlContext.java:87)
	at java.security.AccessControlContext$1.doIntersectionPrivilege(AccessControlContext.java:98)
	at java.awt.EventQueue$3.run(EventQueue.java:683)
	at java.awt.EventQueue$3.run(EventQueue.java:681)
	at java.security.AccessController.doPrivileged(Native Method)
	at java.security.AccessControlContext$1.doIntersectionPrivilege(AccessControlContext.java:87)
	at java.awt.EventQueue.dispatchEvent(EventQueue.java:680)
	at java.awt.EventDispatchThread.pumpOneEventForFilters(EventDispatchThread.java:296)
	at java.awt.EventDispatchThread.pumpEventsForFilter(EventDispatchThread.java:211)
	at java.awt.EventDispatchThread.pumpEventsForHierarchy(EventDispatchThread.java:201)
	at java.awt.EventDispatchThread.pumpEvents(EventDispatchThread.java:196)
	at java.awt.EventDispatchThread.pumpEvents(EventDispatchThread.java:188)
	at java.awt.EventDispatchThread.run(EventDispatchThread.java:122)

2013/04/05 12:50:04 ERROR - jmeter.JMeter: Uncaught exception:  java.lang.NullPointerException
	at javax.swing.text.ParagraphView.getLayoutViewCount(ParagraphView.java:140)
	at javax.swing.text.html.ParagraphView.isVisible(ParagraphView.java:175)
	at javax.swing.text.html.ParagraphView.getMinimumSpan(ParagraphView.java:258)
	at javax.swing.text.BoxView.calculateMinorAxisRequirements(BoxView.java:886)
	at javax.swing.text.html.BlockView.calculateMinorAxisRequirements(BlockView.java:129)
	at javax.swing.text.html.TableView$CellView.calculateMinorAxisRequirements(TableView.java:1769)
	at javax.swing.text.BoxView.checkRequests(BoxView.java:918)
	at javax.swing.text.BoxView.getMinimumSpan(BoxView.java:551)
	at javax.swing.text.html.BlockView.getMinimumSpan(BlockView.java:361)
	at javax.swing.text.html.TableView.checkSingleColumnCell(TableView.java:444)
	at javax.swing.text.html.TableView.calculateColumnRequirements(TableView.java:407)
	at javax.swing.text.html.TableView.calculateMinorAxisRequirements(TableView.java:529)
	at javax.swing.text.BoxView.checkRequests(BoxView.java:918)
	at javax.swing.text.BoxView.getMinimumSpan(BoxView.java:551)
	at javax.swing.text.BoxView.calculateMinorAxisRequirements(BoxView.java:886)
	at javax.swing.text.html.BlockView.calculateMinorAxisRequirements(BlockView.java:129)
	at javax.swing.text.BoxView.checkRequests(BoxView.java:918)
	at javax.swing.text.BoxView.getMinimumSpan(BoxView.java:551)
	at javax.swing.text.html.BlockView.getMinimumSpan(BlockView.java:361)
	at javax.swing.text.BoxView.calculateMinorAxisRequirements(BoxView.java:886)
	at javax.swing.text.html.BlockView.calculateMinorAxisRequirements(BlockView.java:129)
	at javax.swing.text.html.TableView$CellView.calculateMinorAxisRequirements(TableView.java:1769)
	at javax.swing.text.BoxView.checkRequests(BoxView.java:918)
	at javax.swing.text.BoxView.getMinimumSpan(BoxView.java:551)
	at javax.swing.text.html.BlockView.getMinimumSpan(BlockView.java:361)
	at javax.swing.text.html.TableView.checkSingleColumnCell(TableView.java:444)
	at javax.swing.text.html.TableView.calculateColumnRequirements(TableView.java:407)
	at javax.swing.text.html.TableView.calculateMinorAxisRequirements(TableView.java:529)
	at javax.swing.text.BoxView.checkRequests(BoxView.java:918)
	at javax.swing.text.BoxView.getMinimumSpan(BoxView.java:551)
	at javax.swing.text.BoxView.calculateMinorAxisRequirements(BoxView.java:886)
	at javax.swing.text.html.BlockView.calculateMinorAxisRequirements(BlockView.java:129)
	at javax.swing.text.html.TableView$CellView.calculateMinorAxisRequirements(TableView.java:1769)
	at javax.swing.text.BoxView.checkRequests(BoxView.java:918)
	at javax.swing.text.BoxView.getMinimumSpan(BoxView.java:551)
	at javax.swing.text.html.BlockView.getMinimumSpan(BlockView.java:361)
	at javax.swing.text.html.TableView.checkSingleColumnCell(TableView.java:444)
	at javax.swing.text.html.TableView.calculateColumnRequirements(TableView.java:407)
	at javax.swing.text.html.TableView.calculateMinorAxisRequirements(TableView.java:529)
	at javax.swing.text.BoxView.checkRequests(BoxView.java:918)
	at javax.swing.text.BoxView.getMinimumSpan(BoxView.java:551)
	at javax.swing.text.BoxView.calculateMinorAxisRequirements(BoxView.java:886)
	at javax.swing.text.html.BlockView.calculateMinorAxisRequirements(BlockView.java:129)
	at javax.swing.text.BoxView.checkRequests(BoxView.java:918)
	at javax.swing.text.BoxView.getMinimumSpan(BoxView.java:551)
	at javax.swing.text.html.BlockView.getMinimumSpan(BlockView.java:361)
	at javax.swing.text.BoxView.calculateMinorAxisRequirements(BoxView.java:886)
	at javax.swing.text.html.BlockView.calculateMinorAxisRequirements(BlockView.java:129)
	at javax.swing.text.BoxView.checkRequests(BoxView.java:918)
	at javax.swing.text.BoxView.setSpanOnAxis(BoxView.java:326)
	at javax.swing.text.BoxView.layout(BoxView.java:691)
	at javax.swing.text.BoxView.setSize(BoxView.java:380)
	at javax.swing.plaf.basic.BasicTextUI$RootView.setSize(BasicTextUI.java:1703)
	at javax.swing.plaf.basic.BasicTextUI.viewToModel(BasicTextUI.java:1089)
	at javax.swing.text.html.HTMLEditorKit$LinkController.mouseMoved(HTMLEditorKit.java:665)
	at java.awt.AWTEventMulticaster.mouseMoved(AWTEventMulticaster.java:313)
	at java.awt.Component.processMouseMotionEvent(Component.java:6427)
	at javax.swing.JComponent.processMouseMotionEvent(JComponent.java:3293)
	at java.awt.Component.processEvent(Component.java:6151)
	at java.awt.Container.processEvent(Container.java:2083)
	at java.awt.Component.dispatchEventImpl(Component.java:4744)
	at java.awt.Container.dispatchEventImpl(Container.java:2141)
	at java.awt.Component.dispatchEvent(Component.java:4572)
	at java.awt.LightweightDispatcher.retargetMouseEvent(Container.java:4619)
	at java.awt.LightweightDispatcher.processMouseEvent(Container.java:4293)
	at java.awt.LightweightDispatcher.dispatchEvent(Container.java:4210)
	at java.awt.Container.dispatchEventImpl(Container.java:2127)
	at java.awt.Window.dispatchEventImpl(Window.java:2489)
	at java.awt.Component.dispatchEvent(Component.java:4572)
	at java.awt.EventQueue.dispatchEventImpl(EventQueue.java:710)
	at java.awt.EventQueue.access$400(EventQueue.java:82)
	at java.awt.EventQueue$2.run(EventQueue.java:669)
	at java.awt.EventQueue$2.run(EventQueue.java:667)
	at java.security.AccessController.doPrivileged(Native Method)
	at java.security.AccessControlContext$1.doIntersectionPrivilege(AccessControlContext.java:87)
	at java.security.AccessControlContext$1.doIntersectionPrivilege(AccessControlContext.java:98)
	at java.awt.EventQueue$3.run(EventQueue.java:683)
	at java.awt.EventQueue$3.run(EventQueue.java:681)
	at java.security.AccessController.doPrivileged(Native Method)
	at java.security.AccessControlContext$1.doIntersectionPrivilege(AccessControlContext.java:87)
	at java.awt.EventQueue.dispatchEvent(EventQueue.java:680)
	at java.awt.EventDispatchThread.pumpOneEventForFilters(EventDispatchThread.java:296)
	at java.awt.EventDispatchThread.pumpEventsForFilter(EventDispatchThread.java:211)
	at java.awt.EventDispatchThread.pumpEventsForHierarchy(EventDispatchThread.java:201)
	at java.awt.EventDispatchThread.pumpEvents(EventDispatchThread.java:196)
	at java.awt.EventDispatchThread.pumpEvents(EventDispatchThread.java:188)
	at java.awt.EventDispatchThread.run(EventDispatchThread.java:122)

2013/04/05 12:50:04 ERROR - jmeter.JMeter: Uncaught exception:  java.lang.NullPointerException
	at javax.swing.text.ParagraphView.getLayoutViewCount(ParagraphView.java:140)
	at javax.swing.text.html.ParagraphView.isVisible(ParagraphView.java:175)
	at javax.swing.text.html.ParagraphView.getMinimumSpan(ParagraphView.java:258)
	at javax.swing.text.BoxView.calculateMinorAxisRequirements(BoxView.java:886)
	at javax.swing.text.html.BlockView.calculateMinorAxisRequirements(BlockView.java:129)
	at javax.swing.text.html.TableView$CellView.calculateMinorAxisRequirements(TableView.java:1769)
	at javax.swing.text.BoxView.checkRequests(BoxView.java:918)
	at javax.swing.text.BoxView.getMinimumSpan(BoxView.java:551)
	at javax.swing.text.html.BlockView.getMinimumSpan(BlockView.java:361)
	at javax.swing.text.html.TableView.checkSingleColumnCell(TableView.java:444)
	at javax.swing.text.html.TableView.calculateColumnRequirements(TableView.java:407)
	at javax.swing.text.html.TableView.calculateMinorAxisRequirements(TableView.java:529)
	at javax.swing.text.BoxView.checkRequests(BoxView.java:918)
	at javax.swing.text.BoxView.getMinimumSpan(BoxView.java:551)
	at javax.swing.text.BoxView.calculateMinorAxisRequirements(BoxView.java:886)
	at javax.swing.text.html.BlockView.calculateMinorAxisRequirements(BlockView.java:129)
	at javax.swing.text.BoxView.checkRequests(BoxView.java:918)
	at javax.swing.text.BoxView.getMinimumSpan(BoxView.java:551)
	at javax.swing.text.html.BlockView.getMinimumSpan(BlockView.java:361)
	at javax.swing.text.BoxView.calculateMinorAxisRequirements(BoxView.java:886)
	at javax.swing.text.html.BlockView.calculateMinorAxisRequirements(BlockView.java:129)
	at javax.swing.text.html.TableView$CellView.calculateMinorAxisRequirements(TableView.java:1769)
	at javax.swing.text.BoxView.checkRequests(BoxView.java:918)
	at javax.swing.text.BoxView.getMinimumSpan(BoxView.java:551)
	at javax.swing.text.html.BlockView.getMinimumSpan(BlockView.java:361)
	at javax.swing.text.html.TableView.checkSingleColumnCell(TableView.java:444)
	at javax.swing.text.html.TableView.calculateColumnRequirements(TableView.java:407)
	at javax.swing.text.html.TableView.calculateMinorAxisRequirements(TableView.java:529)
	at javax.swing.text.BoxView.checkRequests(BoxView.java:918)
	at javax.swing.text.BoxView.getMinimumSpan(BoxView.java:551)
	at javax.swing.text.BoxView.calculateMinorAxisRequirements(BoxView.java:886)
	at javax.swing.text.html.BlockView.calculateMinorAxisRequirements(BlockView.java:129)
	at javax.swing.text.html.TableView$CellView.calculateMinorAxisRequirements(TableView.java:1769)
	at javax.swing.text.BoxView.checkRequests(BoxView.java:918)
	at javax.swing.text.BoxView.getMinimumSpan(BoxView.java:551)
	at javax.swing.text.html.BlockView.getMinimumSpan(BlockView.java:361)
	at javax.swing.text.html.TableView.checkSingleColumnCell(TableView.java:444)
	at javax.swing.text.html.TableView.calculateColumnRequirements(TableView.java:407)
	at javax.swing.text.html.TableView.calculateMinorAxisRequirements(TableView.java:529)
	at javax.swing.text.BoxView.checkRequests(BoxView.java:918)
	at javax.swing.text.BoxView.getMinimumSpan(BoxView.java:551)
	at javax.swing.text.BoxView.calculateMinorAxisRequirements(BoxView.java:886)
	at javax.swing.text.html.BlockView.calculateMinorAxisRequirements(BlockView.java:129)
	at javax.swing.text.BoxView.checkRequests(BoxView.java:918)
	at javax.swing.text.BoxView.getMinimumSpan(BoxView.java:551)
	at javax.swing.text.html.BlockView.getMinimumSpan(BlockView.java:361)
	at javax.swing.text.BoxView.calculateMinorAxisRequirements(BoxView.java:886)
	at javax.swing.text.html.BlockView.calculateMinorAxisRequirements(BlockView.java:129)
	at javax.swing.text.BoxView.checkRequests(BoxView.java:918)
	at javax.swing.text.BoxView.setSpanOnAxis(BoxView.java:326)
	at javax.swing.text.BoxView.layout(BoxView.java:691)
	at javax.swing.text.BoxView.setSize(BoxView.java:380)
	at javax.swing.plaf.basic.BasicTextUI$RootView.setSize(BasicTextUI.java:1703)
	at javax.swing.plaf.basic.BasicTextUI.viewToModel(BasicTextUI.java:1089)
	at javax.swing.text.html.HTMLEditorKit$LinkController.mouseMoved(HTMLEditorKit.java:665)
	at java.awt.AWTEventMulticaster.mouseMoved(AWTEventMulticaster.java:313)
	at java.awt.Component.processMouseMotionEvent(Component.java:6427)
	at javax.swing.JComponent.processMouseMotionEvent(JComponent.java:3293)
	at java.awt.Component.processEvent(Component.java:6151)
	at java.awt.Container.processEvent(Container.java:2083)
	at java.awt.Component.dispatchEventImpl(Component.java:4744)
	at java.awt.Container.dispatchEventImpl(Container.java:2141)
	at java.awt.Component.dispatchEvent(Component.java:4572)
	at java.awt.LightweightDispatcher.retargetMouseEvent(Container.java:4619)
	at java.awt.LightweightDispatcher.processMouseEvent(Container.java:4293)
	at java.awt.LightweightDispatcher.dispatchEvent(Container.java:4210)
	at java.awt.Container.dispatchEventImpl(Container.java:2127)
	at java.awt.Window.dispatchEventImpl(Window.java:2489)
	at java.awt.Component.dispatchEvent(Component.java:4572)
	at java.awt.EventQueue.dispatchEventImpl(EventQueue.java:710)
	at java.awt.EventQueue.access$400(EventQueue.java:82)
	at java.awt.EventQueue$2.run(EventQueue.java:669)
	at java.awt.EventQueue$2.run(EventQueue.java:667)
	at java.security.AccessController.doPrivileged(Native Method)
	at java.security.AccessControlContext$1.doIntersectionPrivilege(AccessControlContext.java:87)
	at java.security.AccessControlContext$1.doIntersectionPrivilege(AccessControlContext.java:98)
	at java.awt.EventQueue$3.run(EventQueue.java:683)
	at java.awt.EventQueue$3.run(EventQueue.java:681)
	at java.security.AccessController.doPrivileged(Native Method)
	at java.security.AccessControlContext$1.doIntersectionPrivilege(AccessControlContext.java:87)
	at java.awt.EventQueue.dispatchEvent(EventQueue.java:680)
	at java.awt.EventDispatchThread.pumpOneEventForFilters(EventDispatchThread.java:296)
	at java.awt.EventDispatchThread.pumpEventsForFilter(EventDispatchThread.java:211)
	at java.awt.EventDispatchThread.pumpEventsForHierarchy(EventDispatchThread.java:201)
	at java.awt.EventDispatchThread.pumpEvents(EventDispatchThread.java:196)
	at java.awt.EventDispatchThread.pumpEvents(EventDispatchThread.java:188)
	at java.awt.EventDispatchThread.run(EventDispatchThread.java:122)

2013/04/05 12:50:04 ERROR - jmeter.JMeter: Uncaught exception:  java.lang.NullPointerException
	at javax.swing.text.ParagraphView.getLayoutViewCount(ParagraphView.java:140)
	at javax.swing.text.html.ParagraphView.isVisible(ParagraphView.java:175)
	at javax.swing.text.html.ParagraphView.getMinimumSpan(ParagraphView.java:258)
	at javax.swing.text.BoxView.calculateMinorAxisRequirements(BoxView.java:886)
	at javax.swing.text.html.BlockView.calculateMinorAxisRequirements(BlockView.java:129)
	at javax.swing.text.html.TableView$CellView.calculateMinorAxisRequirements(TableView.java:1769)
	at javax.swing.text.BoxView.checkRequests(BoxView.java:918)
	at javax.swing.text.BoxView.getMinimumSpan(BoxView.java:551)
	at javax.swing.text.html.BlockView.getMinimumSpan(BlockView.java:361)
	at javax.swing.text.html.TableView.checkSingleColumnCell(TableView.java:444)
	at javax.swing.text.html.TableView.calculateColumnRequirements(TableView.java:407)
	at javax.swing.text.html.TableView.calculateMinorAxisRequirements(TableView.java:529)
	at javax.swing.text.BoxView.checkRequests(BoxView.java:918)
	at javax.swing.text.BoxView.getMinimumSpan(BoxView.java:551)
	at javax.swing.text.BoxView.calculateMinorAxisRequirements(BoxView.java:886)
	at javax.swing.text.html.BlockView.calculateMinorAxisRequirements(BlockView.java:129)
	at javax.swing.text.BoxView.checkRequests(BoxView.java:918)
	at javax.swing.text.BoxView.getMinimumSpan(BoxView.java:551)
	at javax.swing.text.html.BlockView.getMinimumSpan(BlockView.java:361)
	at javax.swing.text.BoxView.calculateMinorAxisRequirements(BoxView.java:886)
	at javax.swing.text.html.BlockView.calculateMinorAxisRequirements(BlockView.java:129)
	at javax.swing.text.html.TableView$CellView.calculateMinorAxisRequirements(TableView.java:1769)
	at javax.swing.text.BoxView.checkRequests(BoxView.java:918)
	at javax.swing.text.BoxView.getMinimumSpan(BoxView.java:551)
	at javax.swing.text.html.BlockView.getMinimumSpan(BlockView.java:361)
	at javax.swing.text.html.TableView.checkSingleColumnCell(TableView.java:444)
	at javax.swing.text.html.TableView.calculateColumnRequirements(TableView.java:407)
	at javax.swing.text.html.TableView.calculateMinorAxisRequirements(TableView.java:529)
	at javax.swing.text.BoxView.checkRequests(BoxView.java:918)
	at javax.swing.text.BoxView.getMinimumSpan(BoxView.java:551)
	at javax.swing.text.BoxView.calculateMinorAxisRequirements(BoxView.java:886)
	at javax.swing.text.html.BlockView.calculateMinorAxisRequirements(BlockView.java:129)
	at javax.swing.text.html.TableView$CellView.calculateMinorAxisRequirements(TableView.java:1769)
	at javax.swing.text.BoxView.checkRequests(BoxView.java:918)
	at javax.swing.text.BoxView.getMinimumSpan(BoxView.java:551)
	at javax.swing.text.html.BlockView.getMinimumSpan(BlockView.java:361)
	at javax.swing.text.html.TableView.checkSingleColumnCell(TableView.java:444)
	at javax.swing.text.html.TableView.calculateColumnRequirements(TableView.java:407)
	at javax.swing.text.html.TableView.calculateMinorAxisRequirements(TableView.java:529)
	at javax.swing.text.BoxView.checkRequests(BoxView.java:918)
	at javax.swing.text.BoxView.getMinimumSpan(BoxView.java:551)
	at javax.swing.text.BoxView.calculateMinorAxisRequirements(BoxView.java:886)
	at javax.swing.text.html.BlockView.calculateMinorAxisRequirements(BlockView.java:129)
	at javax.swing.text.BoxView.checkRequests(BoxView.java:918)
	at javax.swing.text.BoxView.getMinimumSpan(BoxView.java:551)
	at javax.swing.text.html.BlockView.getMinimumSpan(BlockView.java:361)
	at javax.swing.text.BoxView.calculateMinorAxisRequirements(BoxView.java:886)
	at javax.swing.text.html.BlockView.calculateMinorAxisRequirements(BlockView.java:129)
	at javax.swing.text.BoxView.checkRequests(BoxView.java:918)
	at javax.swing.text.BoxView.setSpanOnAxis(BoxView.java:326)
	at javax.swing.text.BoxView.layout(BoxView.java:691)
	at javax.swing.text.BoxView.setSize(BoxView.java:380)
	at javax.swing.plaf.basic.BasicTextUI$RootView.setSize(BasicTextUI.java:1703)
	at javax.swing.plaf.basic.BasicTextUI.viewToModel(BasicTextUI.java:1089)
	at javax.swing.text.html.HTMLEditorKit$LinkController.mouseMoved(HTMLEditorKit.java:665)
	at java.awt.AWTEventMulticaster.mouseMoved(AWTEventMulticaster.java:313)
	at java.awt.Component.processMouseMotionEvent(Component.java:6427)
	at javax.swing.JComponent.processMouseMotionEvent(JComponent.java:3293)
	at java.awt.Component.processEvent(Component.java:6151)
	at java.awt.Container.processEvent(Container.java:2083)
	at java.awt.Component.dispatchEventImpl(Component.java:4744)
	at java.awt.Container.dispatchEventImpl(Container.java:2141)
	at java.awt.Component.dispatchEvent(Component.java:4572)
	at java.awt.LightweightDispatcher.retargetMouseEvent(Container.java:4619)
	at java.awt.LightweightDispatcher.processMouseEvent(Container.java:4293)
	at java.awt.LightweightDispatcher.dispatchEvent(Container.java:4210)
	at java.awt.Container.dispatchEventImpl(Container.java:2127)
	at java.awt.Window.dispatchEventImpl(Window.java:2489)
	at java.awt.Component.dispatchEvent(Component.java:4572)
	at java.awt.EventQueue.dispatchEventImpl(EventQueue.java:710)
	at java.awt.EventQueue.access$400(EventQueue.java:82)
	at java.awt.EventQueue$2.run(EventQueue.java:669)
	at java.awt.EventQueue$2.run(EventQueue.java:667)
	at java.security.AccessController.doPrivileged(Native Method)
	at java.security.AccessControlContext$1.doIntersectionPrivilege(AccessControlContext.java:87)
	at java.security.AccessControlContext$1.doIntersectionPrivilege(AccessControlContext.java:98)
	at java.awt.EventQueue$3.run(EventQueue.java:683)
	at java.awt.EventQueue$3.run(EventQueue.java:681)
	at java.security.AccessController.doPrivileged(Native Method)
	at java.security.AccessControlContext$1.doIntersectionPrivilege(AccessControlContext.java:87)
	at java.awt.EventQueue.dispatchEvent(EventQueue.java:680)
	at java.awt.EventDispatchThread.pumpOneEventForFilters(EventDispatchThread.java:296)
	at java.awt.EventDispatchThread.pumpEventsForFilter(EventDispatchThread.java:211)
	at java.awt.EventDispatchThread.pumpEventsForHierarchy(EventDispatchThread.java:201)
	at java.awt.EventDispatchThread.pumpEvents(EventDispatchThread.java:196)
	at java.awt.EventDispatchThread.pumpEvents(EventDispatchThread.java:188)
	at java.awt.EventDispatchThread.run(EventDispatchThread.java:122)

2013/04/05 12:50:04 ERROR - jmeter.JMeter: Uncaught exception:  java.lang.NullPointerException
	at javax.swing.text.ParagraphView.getLayoutViewCount(ParagraphView.java:140)
	at javax.swing.text.html.ParagraphView.isVisible(ParagraphView.java:175)
	at javax.swing.text.html.ParagraphView.getMinimumSpan(ParagraphView.java:258)
	at javax.swing.text.BoxView.calculateMinorAxisRequirements(BoxView.java:886)
	at javax.swing.text.html.BlockView.calculateMinorAxisRequirements(BlockView.java:129)
	at javax.swing.text.html.TableView$CellView.calculateMinorAxisRequirements(TableView.java:1769)
	at javax.swing.text.BoxView.checkRequests(BoxView.java:918)
	at javax.swing.text.BoxView.getMinimumSpan(BoxView.java:551)
	at javax.swing.text.html.BlockView.getMinimumSpan(BlockView.java:361)
	at javax.swing.text.html.TableView.checkSingleColumnCell(TableView.java:444)
	at javax.swing.text.html.TableView.calculateColumnRequirements(TableView.java:407)
	at javax.swing.text.html.TableView.calculateMinorAxisRequirements(TableView.java:529)
	at javax.swing.text.BoxView.checkRequests(BoxView.java:918)
	at javax.swing.text.BoxView.getMinimumSpan(BoxView.java:551)
	at javax.swing.text.BoxView.calculateMinorAxisRequirements(BoxView.java:886)
	at javax.swing.text.html.BlockView.calculateMinorAxisRequirements(BlockView.java:129)
	at javax.swing.text.BoxView.checkRequests(BoxView.java:918)
	at javax.swing.text.BoxView.getMinimumSpan(BoxView.java:551)
	at javax.swing.text.html.BlockView.getMinimumSpan(BlockView.java:361)
	at javax.swing.text.BoxView.calculateMinorAxisRequirements(BoxView.java:886)
	at javax.swing.text.html.BlockView.calculateMinorAxisRequirements(BlockView.java:129)
	at javax.swing.text.html.TableView$CellView.calculateMinorAxisRequirements(TableView.java:1769)
	at javax.swing.text.BoxView.checkRequests(BoxView.java:918)
	at javax.swing.text.BoxView.getMinimumSpan(BoxView.java:551)
	at javax.swing.text.html.BlockView.getMinimumSpan(BlockView.java:361)
	at javax.swing.text.html.TableView.checkSingleColumnCell(TableView.java:444)
	at javax.swing.text.html.TableView.calculateColumnRequirements(TableView.java:407)
	at javax.swing.text.html.TableView.calculateMinorAxisRequirements(TableView.java:529)
	at javax.swing.text.BoxView.checkRequests(BoxView.java:918)
	at javax.swing.text.BoxView.getMinimumSpan(BoxView.java:551)
	at javax.swing.text.BoxView.calculateMinorAxisRequirements(BoxView.java:886)
	at javax.swing.text.html.BlockView.calculateMinorAxisRequirements(BlockView.java:129)
	at javax.swing.text.html.TableView$CellView.calculateMinorAxisRequirements(TableView.java:1769)
	at javax.swing.text.BoxView.checkRequests(BoxView.java:918)
	at javax.swing.text.BoxView.getMinimumSpan(BoxView.java:551)
	at javax.swing.text.html.BlockView.getMinimumSpan(BlockView.java:361)
	at javax.swing.text.html.TableView.checkSingleColumnCell(TableView.java:444)
	at javax.swing.text.html.TableView.calculateColumnRequirements(TableView.java:407)
	at javax.swing.text.html.TableView.calculateMinorAxisRequirements(TableView.java:529)
	at javax.swing.text.BoxView.checkRequests(BoxView.java:918)
	at javax.swing.text.BoxView.getMinimumSpan(BoxView.java:551)
	at javax.swing.text.BoxView.calculateMinorAxisRequirements(BoxView.java:886)
	at javax.swing.text.html.BlockView.calculateMinorAxisRequirements(BlockView.java:129)
	at javax.swing.text.BoxView.checkRequests(BoxView.java:918)
	at javax.swing.text.BoxView.getMinimumSpan(BoxView.java:551)
	at javax.swing.text.html.BlockView.getMinimumSpan(BlockView.java:361)
	at javax.swing.text.BoxView.calculateMinorAxisRequirements(BoxView.java:886)
	at javax.swing.text.html.BlockView.calculateMinorAxisRequirements(BlockView.java:129)
	at javax.swing.text.BoxView.checkRequests(BoxView.java:918)
	at javax.swing.text.BoxView.setSpanOnAxis(BoxView.java:326)
	at javax.swing.text.BoxView.layout(BoxView.java:691)
	at javax.swing.text.BoxView.setSize(BoxView.java:380)
	at javax.swing.plaf.basic.BasicTextUI$RootView.setSize(BasicTextUI.java:1703)
	at javax.swing.plaf.basic.BasicTextUI.viewToModel(BasicTextUI.java:1089)
	at javax.swing.text.html.HTMLEditorKit$LinkController.mouseMoved(HTMLEditorKit.java:665)
	at java.awt.AWTEventMulticaster.mouseMoved(AWTEventMulticaster.java:313)
	at java.awt.Component.processMouseMotionEvent(Component.java:6427)
	at javax.swing.JComponent.processMouseMotionEvent(JComponent.java:3293)
	at java.awt.Component.processEvent(Component.java:6151)
	at java.awt.Container.processEvent(Container.java:2083)
	at java.awt.Component.dispatchEventImpl(Component.java:4744)
	at java.awt.Container.dispatchEventImpl(Container.java:2141)
	at java.awt.Component.dispatchEvent(Component.java:4572)
	at java.awt.LightweightDispatcher.retargetMouseEvent(Container.java:4619)
	at java.awt.LightweightDispatcher.processMouseEvent(Container.java:4293)
	at java.awt.LightweightDispatcher.dispatchEvent(Container.java:4210)
	at java.awt.Container.dispatchEventImpl(Container.java:2127)
	at java.awt.Window.dispatchEventImpl(Window.java:2489)
	at java.awt.Component.dispatchEvent(Component.java:4572)
	at java.awt.EventQueue.dispatchEventImpl(EventQueue.java:710)
	at java.awt.EventQueue.access$400(EventQueue.java:82)
	at java.awt.EventQueue$2.run(EventQueue.java:669)
	at java.awt.EventQueue$2.run(EventQueue.java:667)
	at java.security.AccessController.doPrivileged(Native Method)
	at java.security.AccessControlContext$1.doIntersectionPrivilege(AccessControlContext.java:87)
	at java.security.AccessControlContext$1.doIntersectionPrivilege(AccessControlContext.java:98)
	at java.awt.EventQueue$3.run(EventQueue.java:683)
	at java.awt.EventQueue$3.run(EventQueue.java:681)
	at java.security.AccessController.doPrivileged(Native Method)
	at java.security.AccessControlContext$1.doIntersectionPrivilege(AccessControlContext.java:87)
	at java.awt.EventQueue.dispatchEvent(EventQueue.java:680)
	at java.awt.EventDispatchThread.pumpOneEventForFilters(EventDispatchThread.java:296)
	at java.awt.EventDispatchThread.pumpEventsForFilter(EventDispatchThread.java:211)
	at java.awt.EventDispatchThread.pumpEventsForHierarchy(EventDispatchThread.java:201)
	at java.awt.EventDispatchThread.pumpEvents(EventDispatchThread.java:196)
	at java.awt.EventDispatchThread.pumpEvents(EventDispatchThread.java:188)
	at java.awt.EventDispatchThread.run(EventDispatchThread.java:122)

