2008/04/30 03:13:50 ERROR - jmeter.threads.JMeterThread: Test failed! java.lang.OutOfMemoryError: Java heap space
	at java.util.Arrays.copyOf(Arrays.java:2760)
	at java.util.Arrays.copyOf(Arrays.java:2734)
	at java.util.Vector.ensureCapacityHelper(Vector.java:226)
	at java.util.Vector.add(Vector.java:728)
	at org.apache.jmeter.visualizers.SamplingStatCalculator.addSample(SamplingStatCalculator.java:247)
	at org.apache.jmeter.visualizers.GraphVisualizer.add(GraphVisualizer.java:128)
	at org.apache.jmeter.reporters.ResultCollector.sendToVisualizer(ResultCollector.java:456)
	at org.apache.jmeter.reporters.ResultCollector.sampleOccurred(ResultCollector.java:436)
	at org.apache.jmeter.threads.ListenerNotifier.notifyListeners(ListenerNotifier.java:240)
	at org.apache.jmeter.threads.JMeterThread.notifyListeners(JMeterThread.java:576)
	at org.apache.jmeter.threads.JMeterThread.run(JMeterThread.java:313)
	at java.lang.Thread.run(Thread.java:619)

2008/04/30 03:14:23 ERROR - jmeter.threads.JMeterThread: Test failed! java.lang.OutOfMemoryError: Java heap space

2008/04/30 03:14:17 ERROR - jmeter.threads.JMeterThread: Test failed! java.lang.OutOfMemoryError: Java heap space

2008/04/30 03:14:12 ERROR - jmeter.threads.JMeterThread: Test failed! java.lang.OutOfMemoryError: Java heap space

2008/04/30 03:14:07 ERROR - jmeter.threads.JMeterThread: Test failed! java.lang.OutOfMemoryError: Java heap space
	at java.util.Arrays.copyOf(Arrays.java:2760)
	at java.util.Arrays.copyOf(Arrays.java:2734)
	at java.util.Vector.ensureCapacityHelper(Vector.java:226)
	at java.util.Vector.add(Vector.java:728)
	at org.apache.jmeter.visualizers.SamplingStatCalculator.addSample(SamplingStatCalculator.java:247)
	at org.apache.jmeter.visualizers.GraphVisualizer.add(GraphVisualizer.java:128)
	at org.apache.jmeter.reporters.ResultCollector.sendToVisualizer(ResultCollector.java:456)
	at org.apache.jmeter.reporters.ResultCollector.sampleOccurred(ResultCollector.java:436)
	at org.apache.jmeter.threads.ListenerNotifier.notifyListeners(ListenerNotifier.java:240)
	at org.apache.jmeter.threads.JMeterThread.notifyListeners(JMeterThread.java:576)
	at org.apache.jmeter.threads.JMeterThread.run(JMeterThread.java:313)
	at java.lang.Thread.run(Thread.java:619)

2008/04/30 03:14:01 ERROR - jmeter.threads.JMeterThread: Test failed! java.lang.OutOfMemoryError: Java heap space
	at java.util.Arrays.copyOf(Arrays.java:2760)
	at java.util.Arrays.copyOf(Arrays.java:2734)
	at java.util.Vector.ensureCapacityHelper(Vector.java:226)
	at java.util.Vector.add(Vector.java:728)
	at org.apache.jmeter.visualizers.SamplingStatCalculator.addSample(SamplingStatCalculator.java:247)
	at org.apache.jmeter.visualizers.GraphVisualizer.add(GraphVisualizer.java:128)
	at org.apache.jmeter.reporters.ResultCollector.sendToVisualizer(ResultCollector.java:456)
	at org.apache.jmeter.reporters.ResultCollector.sampleOccurred(ResultCollector.java:436)
	at org.apache.jmeter.threads.ListenerNotifier.notifyListeners(ListenerNotifier.java:240)
	at org.apache.jmeter.threads.JMeterThread.notifyListeners(JMeterThread.java:576)
	at org.apache.jmeter.threads.JMeterThread.run(JMeterThread.java:313)
	at java.lang.Thread.run(Thread.java:619)

2008/04/30 03:14:23 INFO  - jmeter.threads.JMeterThread: Thread Thread Group 1-1 is done 
2008/04/30 03:14:23 INFO  - jmeter.engine.StandardJMeterEngine: Ending thread Thread Group 1-1 
2008/04/30 03:13:56 ERROR - jmeter.threads.JMeterThread: Test failed! java.lang.OutOfMemoryError: Java heap space
	at java.util.Arrays.copyOf(Arrays.java:2760)
	at java.util.Arrays.copyOf(Arrays.java:2734)
	at java.util.Vector.ensureCapacityHelper(Vector.java:226)
	at java.util.Vector.add(Vector.java:728)
	at org.apache.jmeter.visualizers.SamplingStatCalculator.addSample(SamplingStatCalculator.java:247)
	at org.apache.jmeter.visualizers.GraphVisualizer.add(GraphVisualizer.java:128)
	at org.apache.jmeter.reporters.ResultCollector.sendToVisualizer(ResultCollector.java:456)
	at org.apache.jmeter.reporters.ResultCollector.sampleOccurred(ResultCollector.java:436)
	at org.apache.jmeter.threads.ListenerNotifier.notifyListeners(ListenerNotifier.java:240)
	at org.apache.jmeter.threads.JMeterThread.notifyListeners(JMeterThread.java:576)
	at org.apache.jmeter.threads.JMeterThread.run(JMeterThread.java:313)
	at java.lang.Thread.run(Thread.java:619)

2008/04/30 03:14:23 INFO  - jmeter.threads.JMeterThread: Thread Thread Group 1-2 is done 
2008/04/30 03:14:23 INFO  - jmeter.threads.JMeterThread: Thread Thread Group 1-6 is done 
2008/04/30 03:14:23 INFO  - jmeter.threads.JMeterThread: Thread Thread Group 1-5 is done 
2008/04/30 03:14:23 INFO  - jmeter.threads.JMeterThread: Thread Thread Group 1-3 is done 
2008/04/30 03:14:23 INFO  - jmeter.threads.JMeterThread: Thread Thread Group 1-8 is done 
2008/04/30 03:14:23 INFO  - jmeter.engine.StandardJMeterEngine: Ending thread Thread Group 1-2 
2008/04/30 03:14:23 INFO  - jmeter.engine.StandardJMeterEngine: Ending thread Thread Group 1-8 
2008/04/30 03:14:23 INFO  - jmeter.engine.StandardJMeterEngine: Ending thread Thread Group 1-6 
2008/04/30 03:14:23 INFO  - jmeter.engine.StandardJMeterEngine: Ending thread Thread Group 1-3 
2008/04/30 03:14:23 INFO  - jmeter.engine.StandardJMeterEngine: Ending thread Thread Group 1-5 
2008/04/30 03:14:23 INFO  - jmeter.threads.JMeterThread: Thread Thread Group 1-4 is done 
2008/04/30 03:14:23 INFO  - jmeter.engine.StandardJMeterEngine: Ending thread Thread Group 1-4 
2008/04/30 03:14:29 ERROR - jmeter.threads.JMeterThread: Test failed! java.lang.OutOfMemoryError: Java heap space

2008/04/30 03:14:29 INFO  - jmeter.threads.JMeterThread: Thread Thread Group 1-7 is done 
2008/04/30 03:14:29 INFO  - jmeter.engine.StandardJMeterEngine: Ending thread Thread Group 1-7 
2008/04/30 03:14:29 INFO  - jmeter.engine.StandardJMeterEngine: Stopping test 
2008/04/30 03:14:29 INFO  - jmeter.engine.StandardJMeterEngine: Notifying test listeners of end of test 
2008/04/30 03:14:29 INFO  - jmeter.gui.util.JMeterMenuBar: setRunning(false,*local*) 
2008/04/30 03:14:29 INFO  - jmeter.engine.StandardJMeterEngine: Test has ended 