2019-02-25 17:27:15,237 INFO o.a.j.u.JMeterUtils: Setting Locale to en_EN
2019-02-25 17:27:15,254 INFO o.a.j.JMeter: Loading user properties from: user.properties
2019-02-25 17:27:15,254 INFO o.a.j.JMeter: Loading system properties from: system.properties
2019-02-25 17:27:15,259 INFO o.a.j.JMeter: Copyright (c) 1998-2019 The Apache Software Foundation
2019-02-25 17:27:15,260 INFO o.a.j.JMeter: Version 5.1 r1853635
2019-02-25 17:27:15,260 INFO o.a.j.JMeter: java.version=1.8.0_191
2019-02-25 17:27:15,260 INFO o.a.j.JMeter: java.vm.name=Java HotSpot(TM) 64-Bit Server VM
2019-02-25 17:27:15,260 INFO o.a.j.JMeter: os.name=Windows 10
2019-02-25 17:27:15,260 INFO o.a.j.JMeter: os.arch=amd64
2019-02-25 17:27:15,260 INFO o.a.j.JMeter: os.version=10.0
2019-02-25 17:27:15,260 INFO o.a.j.JMeter: file.encoding=Cp1251
2019-02-25 17:27:15,261 INFO o.a.j.JMeter: java.awt.headless=null
2019-02-25 17:27:15,261 INFO o.a.j.JMeter: Max memory     =1073741824
2019-02-25 17:27:15,261 INFO o.a.j.JMeter: Available Processors =4
2019-02-25 17:27:15,264 INFO o.a.j.JMeter: Default Locale=English (EN)
2019-02-25 17:27:15,264 INFO o.a.j.JMeter: JMeter  Locale=English (EN)
2019-02-25 17:27:15,264 INFO o.a.j.JMeter: JMeterHome=D:\prog\apache-jmeter-5.1
2019-02-25 17:27:15,265 INFO o.a.j.JMeter: user.dir  =D:\prog\apache-jmeter-5.1\bin
2019-02-25 17:27:15,265 INFO o.a.j.JMeter: PWD       =D:\prog\apache-jmeter-5.1\bin
2019-02-25 17:27:15,266 INFO o.a.j.JMeter: IP: ip Name: PCname FullName: PCname
2019-02-25 17:27:15,266 INFO o.a.j.JMeter: Set Proxy login: login/Password
2019-02-25 17:27:15,267 ERROR o.a.j.JMeter: An error occurred: 
java.lang.NullPointerException: null
	at org.apache.jmeter.JMeter.setProxy(JMeter.java:763) ~[ApacheJMeter_core.jar:5.1 r1853635]
	at org.apache.jmeter.JMeter.start(JMeter.java:490) [ApacheJMeter_core.jar:5.1 r1853635]
	at sun.reflect.NativeMethodAccessorImpl.invoke0(Native Method) ~[?:1.8.0_191]
	at sun.reflect.NativeMethodAccessorImpl.invoke(Unknown Source) ~[?:1.8.0_191]
	at sun.reflect.DelegatingMethodAccessorImpl.invoke(Unknown Source) ~[?:1.8.0_191]
	at java.lang.reflect.Method.invoke(Unknown Source) ~[?:1.8.0_191]
	at org.apache.jmeter.NewDriver.main(NewDriver.java:253) [ApacheJMeter.jar:5.1 r1853635]
