2018-11-02 09:01:47,884 INFO o.a.j.u.JMeterUtils: Setting Locale to en
2018-11-02 09:01:47,903 INFO o.a.j.JMeter: Loading user properties from: C:\Entwicklung\Source\JMeter\jmeter\bin\user.properties
2018-11-02 09:01:47,904 INFO o.a.j.JMeter: Loading system properties from: C:\Entwicklung\Source\JMeter\jmeter\bin\system.properties
2018-11-02 09:01:47,905 INFO o.a.j.JMeter: Setting JMeter property: zone=XXXooe-dev
2018-11-02 09:01:47,905 INFO o.a.j.JMeter: Setting JMeter property: sampleresult.default.encoding=UTF-8
2018-11-02 09:01:47,905 INFO o.a.j.JMeter: Setting JMeter property: type=performancetest
2018-11-02 09:01:47,905 INFO o.a.j.JMeter: Setting JMeter property: mode=rw
2018-11-02 09:01:47,911 INFO o.a.j.JMeter: Copyright (c) 1998-2018 The Apache Software Foundation
2018-11-02 09:01:47,911 INFO o.a.j.JMeter: Version 5.0 r1840935
2018-11-02 09:01:47,911 INFO o.a.j.JMeter: java.version=1.8.0_181
2018-11-02 09:01:47,911 INFO o.a.j.JMeter: java.vm.name=Java HotSpot(TM) 64-Bit Server VM
2018-11-02 09:01:47,911 INFO o.a.j.JMeter: os.name=Windows 7
2018-11-02 09:01:47,911 INFO o.a.j.JMeter: os.arch=amd64
2018-11-02 09:01:47,911 INFO o.a.j.JMeter: os.version=6.1
2018-11-02 09:01:47,911 INFO o.a.j.JMeter: file.encoding=Cp1252
2018-11-02 09:01:47,911 INFO o.a.j.JMeter: Max memory     =2147483648
2018-11-02 09:01:47,911 INFO o.a.j.JMeter: Available Processors =4
2018-11-02 09:01:47,920 INFO o.a.j.JMeter: Default Locale=Deutsch (Deutschland)
2018-11-02 09:01:47,920 INFO o.a.j.JMeter: JMeter  Locale=Englisch
2018-11-02 09:01:47,920 INFO o.a.j.JMeter: JMeterHome=C:\Entwicklung\Source\JMeter\jmeter
2018-11-02 09:01:47,920 INFO o.a.j.JMeter: user.dir  =path_to_jmx_dir
2018-11-02 09:01:47,921 INFO o.a.j.JMeter: PWD       =path_to_jmx_dir
2018-11-02 09:01:47,922 INFO o.a.j.JMeter: IP: 10.18.184.83 Name: XXXXXXXX FullName: XXXXXXXX.XXX.XXXooe.at
2018-11-02 09:01:48,788 INFO o.a.j.g.a.LookAndFeelCommand: Installing Darcula LAF
2018-11-02 09:01:48,803 INFO o.a.j.g.a.LookAndFeelCommand: Using look and feel: javax.swing.plaf.metal.MetalLookAndFeel [Darcula]
2018-11-02 09:01:48,804 INFO o.a.j.JMeter: Setting LAF to: javax.swing.plaf.metal.MetalLookAndFeel
2018-11-02 09:01:48,809 INFO o.a.j.JMeter: Loaded icon properties from org/apache/jmeter/images/icon.properties
2018-11-02 09:01:51,066 INFO o.a.j.e.u.CompoundVariable: Note: Function class names must contain the string: '.functions.'
2018-11-02 09:01:51,067 INFO o.a.j.e.u.CompoundVariable: Note: Function class names must not contain the string: '.gui.'
2018-11-02 09:01:52,296 INFO o.a.j.JMeter: Loading file: testplan.jmx
2018-11-02 09:01:52,304 INFO o.a.j.s.FileServer: Default base='path_to_jmx_dir'
2018-11-02 09:01:52,310 INFO o.a.j.s.FileServer: Set new base='path_to_jmx_dir'
2018-11-02 09:01:52,516 INFO o.a.j.s.SaveService: Testplan (JMX) version: 2.2. Testlog (JTL) version: 2.2
2018-11-02 09:01:52,531 INFO o.a.j.s.SaveService: Using SaveService properties file encoding UTF-8
2018-11-02 09:01:52,533 INFO o.a.j.s.SaveService: Using SaveService properties version 5.0
2018-11-02 09:01:52,537 INFO o.a.j.s.SaveService: Loading file: testplan.jmx
2018-11-02 09:01:52,705 INFO o.j.r.JARSourceHTTP: Requesting https://jmeter-plugins.org/repo/?installID=windows_7-63abd80973e28b046d66009cb95f3abf-gui
2018-11-02 09:01:52,806 INFO o.a.j.p.h.s.HTTPSamplerBase: Parser for text/html is org.apache.jmeter.protocol.http.parser.LagartoBasedHtmlParser
2018-11-02 09:01:52,816 INFO o.a.j.p.h.s.HTTPSamplerBase: Parser for application/xhtml+xml is org.apache.jmeter.protocol.http.parser.LagartoBasedHtmlParser
2018-11-02 09:01:52,817 INFO o.a.j.p.h.s.HTTPSamplerBase: Parser for application/xml is org.apache.jmeter.protocol.http.parser.LagartoBasedHtmlParser
2018-11-02 09:01:52,817 INFO o.a.j.p.h.s.HTTPSamplerBase: Parser for text/xml is org.apache.jmeter.protocol.http.parser.LagartoBasedHtmlParser
2018-11-02 09:01:52,817 INFO o.a.j.p.h.s.HTTPSamplerBase: Parser for text/vnd.wap.wml is org.apache.jmeter.protocol.http.parser.RegexpHTMLParser
2018-11-02 09:01:53,094 INFO o.a.j.s.FileServer: Set new base='path_to_jmx_dir'
2018-11-02 09:01:53,867 INFO o.a.j.s.SampleResult: Note: Sample TimeStamps are START times
2018-11-02 09:01:53,867 INFO o.a.j.s.SampleResult: sampleresult.default.encoding is set to UTF-8
2018-11-02 09:01:53,868 INFO o.a.j.s.SampleResult: sampleresult.useNanoTime=true
2018-11-02 09:01:53,868 INFO o.a.j.s.SampleResult: sampleresult.nanoThreadSleep=5000
2018-11-02 09:01:54,946 WARN o.j.r.PluginManagerMenuItem: Failed to load plugin updates info
java.net.SocketTimeoutException: connect timed out
	at java.net.DualStackPlainSocketImpl.waitForConnect(Native Method) ~[?:1.8.0_181]
	at java.net.DualStackPlainSocketImpl.socketConnect(DualStackPlainSocketImpl.java:85) ~[?:1.8.0_181]
	at java.net.AbstractPlainSocketImpl.doConnect(AbstractPlainSocketImpl.java:350) ~[?:1.8.0_181]
	at java.net.AbstractPlainSocketImpl.connectToAddress(AbstractPlainSocketImpl.java:206) ~[?:1.8.0_181]
	at java.net.AbstractPlainSocketImpl.connect(AbstractPlainSocketImpl.java:188) ~[?:1.8.0_181]
	at java.net.PlainSocketImpl.connect(PlainSocketImpl.java:172) ~[?:1.8.0_181]
	at java.net.SocksSocketImpl.connect(SocksSocketImpl.java:392) ~[?:1.8.0_181]
	at java.net.Socket.connect(Socket.java:589) ~[?:1.8.0_181]
	at org.apache.http.conn.ssl.SSLSocketFactory.connectSocket(SSLSocketFactory.java:542) ~[httpclient-4.5.6.jar:4.5.6]
	at org.apache.http.conn.ssl.SSLSocketFactory.connectSocket(SSLSocketFactory.java:414) ~[httpclient-4.5.6.jar:4.5.6]
	at org.apache.http.impl.conn.DefaultClientConnectionOperator.openConnection(DefaultClientConnectionOperator.java:180) ~[httpclient-4.5.6.jar:4.5.6]
	at org.apache.http.impl.conn.ManagedClientConnectionImpl.open(ManagedClientConnectionImpl.java:326) ~[httpclient-4.5.6.jar:4.5.6]
	at org.apache.http.impl.client.DefaultRequestDirector.tryConnect(DefaultRequestDirector.java:610) ~[httpclient-4.5.6.jar:4.5.6]
	at org.apache.http.impl.client.DefaultRequestDirector.execute(DefaultRequestDirector.java:445) ~[httpclient-4.5.6.jar:4.5.6]
	at org.apache.http.impl.client.AbstractHttpClient.doExecute(AbstractHttpClient.java:835) ~[httpclient-4.5.6.jar:4.5.6]
	at org.apache.http.impl.client.CloseableHttpClient.execute(CloseableHttpClient.java:83) ~[httpclient-4.5.6.jar:4.5.6]
	at org.apache.http.impl.client.CloseableHttpClient.execute(CloseableHttpClient.java:56) ~[httpclient-4.5.6.jar:4.5.6]
	at org.jmeterplugins.repository.JARSourceHTTP.execute(JARSourceHTTP.java:499) ~[jmeter-plugins-manager-1.3.jar:?]
	at org.jmeterplugins.repository.JARSourceHTTP.execute(JARSourceHTTP.java:494) ~[jmeter-plugins-manager-1.3.jar:?]
	at org.jmeterplugins.repository.JARSourceHTTP.getJSON(JARSourceHTTP.java:152) ~[jmeter-plugins-manager-1.3.jar:?]
	at org.jmeterplugins.repository.JARSourceHTTP.getRepositories(JARSourceHTTP.java:276) ~[jmeter-plugins-manager-1.3.jar:?]
	at org.jmeterplugins.repository.JARSourceHTTP.getRepo(JARSourceHTTP.java:304) ~[jmeter-plugins-manager-1.3.jar:?]
	at org.jmeterplugins.repository.PluginManager.load(PluginManager.java:71) ~[jmeter-plugins-manager-1.3.jar:?]
	at org.jmeterplugins.repository.PluginManagerMenuItem$1.run(PluginManagerMenuItem.java:41) [jmeter-plugins-manager-1.3.jar:?]
2018-11-02 09:01:56,176 INFO o.a.j.c.IncludeController: loadIncludedElements -- try to load included module: path_to_jmx_dir\.\XXX-common-scripts\testplan_signatur.jmx
2018-11-02 09:01:56,177 INFO o.a.j.s.SaveService: Loading file: .\XXX-common-scripts\testplan_signatur.jmx
2018-11-02 09:01:56,290 INFO o.a.j.c.IncludeController: loadIncludedElements -- try to load included module: path_to_jmx_dir\.\XXX-common-scripts\testplan_signatur.jmx
2018-11-02 09:01:56,291 INFO o.a.j.s.SaveService: Loading file: .\XXX-common-scripts\testplan_signatur.jmx
2018-11-02 09:01:56,417 INFO o.a.j.c.IncludeController: loadIncludedElements -- try to load included module: path_to_jmx_dir\.\XXX-common-scripts\testplan_signatur.jmx
2018-11-02 09:01:56,418 INFO o.a.j.s.SaveService: Loading file: .\XXX-common-scripts\testplan_signatur.jmx
2018-11-02 09:01:56,517 INFO o.a.j.c.IncludeController: loadIncludedElements -- try to load included module: path_to_jmx_dir\.\XXX-common-scripts\testplan_signatur.jmx
2018-11-02 09:01:56,517 INFO o.a.j.s.SaveService: Loading file: .\XXX-common-scripts\testplan_signatur.jmx
2018-11-02 09:01:56,636 INFO o.a.j.c.IncludeController: loadIncludedElements -- try to load included module: path_to_jmx_dir\.\XXX-common-scripts\testplan_signatur.jmx
2018-11-02 09:01:56,636 INFO o.a.j.s.SaveService: Loading file: .\XXX-common-scripts\testplan_signatur.jmx
2018-11-02 09:01:56,761 INFO o.a.j.c.IncludeController: loadIncludedElements -- try to load included module: path_to_jmx_dir\.\XXX-common-scripts\testplan_signatur.jmx
2018-11-02 09:01:56,762 INFO o.a.j.s.SaveService: Loading file: .\XXX-common-scripts\testplan_signatur.jmx
2018-11-02 09:01:56,863 INFO o.a.j.c.IncludeController: loadIncludedElements -- try to load included module: path_to_jmx_dir\.\XXX-common-scripts\testplan_signatur.jmx
2018-11-02 09:01:56,864 INFO o.a.j.s.SaveService: Loading file: .\XXX-common-scripts\testplan_signatur.jmx
2018-11-02 09:01:56,966 INFO o.a.j.c.IncludeController: loadIncludedElements -- try to load included module: path_to_jmx_dir\.\XXX-common-scripts\testplan_signatur.jmx
2018-11-02 09:01:56,967 INFO o.a.j.s.SaveService: Loading file: .\XXX-common-scripts\testplan_signatur.jmx
2018-11-02 09:01:57,209 INFO o.a.j.c.IncludeController: loadIncludedElements -- try to load included module: path_to_jmx_dir\.\XXX-common-scripts\testplan_signatur.jmx
2018-11-02 09:01:57,210 INFO o.a.j.s.SaveService: Loading file: .\XXX-common-scripts\testplan_signatur.jmx
2018-11-02 09:01:57,322 INFO o.a.j.c.IncludeController: loadIncludedElements -- try to load included module: path_to_jmx_dir\.\XXX-common-scripts\testplan_signatur.jmx
2018-11-02 09:01:57,322 INFO o.a.j.s.SaveService: Loading file: .\XXX-common-scripts\testplan_signatur.jmx
2018-11-02 09:01:57,435 INFO o.a.j.c.IncludeController: loadIncludedElements -- try to load included module: path_to_jmx_dir\.\XXX-common-scripts\testplan_signatur.jmx
2018-11-02 09:01:57,436 INFO o.a.j.s.SaveService: Loading file: .\XXX-common-scripts\testplan_signatur.jmx
2018-11-02 09:01:57,529 INFO o.a.j.c.IncludeController: loadIncludedElements -- try to load included module: path_to_jmx_dir\.\XXX-common-scripts\testplan_signatur.jmx
2018-11-02 09:01:57,529 INFO o.a.j.s.SaveService: Loading file: .\XXX-common-scripts\testplan_signatur.jmx
2018-11-02 09:01:57,614 INFO o.a.j.c.IncludeController: loadIncludedElements -- try to load included module: path_to_jmx_dir\.\XXX-common-scripts\testplan_signatur.jmx
2018-11-02 09:01:57,614 INFO o.a.j.s.SaveService: Loading file: .\XXX-common-scripts\testplan_signatur.jmx
2018-11-02 09:01:57,707 INFO o.a.j.c.IncludeController: loadIncludedElements -- try to load included module: path_to_jmx_dir\.\XXX-common-scripts\testplan_signatur.jmx
2018-11-02 09:01:57,708 INFO o.a.j.s.SaveService: Loading file: .\XXX-common-scripts\testplan_signatur.jmx
2018-11-02 09:01:57,844 INFO o.a.j.c.IncludeController: loadIncludedElements -- try to load included module: path_to_jmx_dir\.\XXX-common-scripts\testplan_signatur.jmx
2018-11-02 09:01:57,844 INFO o.a.j.s.SaveService: Loading file: .\XXX-common-scripts\testplan_signatur.jmx
2018-11-02 09:01:57,934 INFO o.a.j.c.IncludeController: loadIncludedElements -- try to load included module: path_to_jmx_dir\.\XXX-common-scripts\testplan_signatur.jmx
2018-11-02 09:01:57,934 INFO o.a.j.s.SaveService: Loading file: .\XXX-common-scripts\testplan_signatur.jmx
2018-11-02 09:01:58,017 INFO o.a.j.c.IncludeController: loadIncludedElements -- try to load included module: path_to_jmx_dir\.\XXX-common-scripts\testplan_signatur.jmx
2018-11-02 09:01:58,017 INFO o.a.j.s.SaveService: Loading file: .\XXX-common-scripts\testplan_signatur.jmx
2018-11-02 09:01:58,124 INFO o.a.j.c.IncludeController: loadIncludedElements -- try to load included module: path_to_jmx_dir\.\XXX-common-scripts\testplan_signatur.jmx
2018-11-02 09:01:58,124 INFO o.a.j.s.SaveService: Loading file: .\XXX-common-scripts\testplan_signatur.jmx
2018-11-02 09:01:58,217 INFO o.a.j.c.IncludeController: loadIncludedElements -- try to load included module: path_to_jmx_dir\.\XXX-common-scripts\testplan_signatur.jmx
2018-11-02 09:01:58,217 INFO o.a.j.s.SaveService: Loading file: .\XXX-common-scripts\testplan_signatur.jmx
2018-11-02 09:01:58,324 INFO o.a.j.c.IncludeController: loadIncludedElements -- try to load included module: path_to_jmx_dir\.\XXX-common-scripts\testplan_signatur.jmx
2018-11-02 09:01:58,325 INFO o.a.j.s.SaveService: Loading file: .\XXX-common-scripts\testplan_signatur.jmx
2018-11-02 09:01:58,420 INFO o.a.j.c.IncludeController: loadIncludedElements -- try to load included module: path_to_jmx_dir\.\XXX-common-scripts\testplan_signatur.jmx
2018-11-02 09:01:58,421 INFO o.a.j.s.SaveService: Loading file: .\XXX-common-scripts\testplan_signatur.jmx
2018-11-02 09:01:58,506 INFO o.a.j.c.IncludeController: loadIncludedElements -- try to load included module: path_to_jmx_dir\.\XXX-common-scripts\testplan_signatur.jmx
2018-11-02 09:01:58,507 INFO o.a.j.s.SaveService: Loading file: .\XXX-common-scripts\testplan_signatur.jmx
2018-11-02 09:01:58,661 INFO o.a.j.c.IncludeController: loadIncludedElements -- try to load included module: path_to_jmx_dir\.\XXX-common-scripts\testplan_signatur.jmx
2018-11-02 09:01:58,661 INFO o.a.j.s.SaveService: Loading file: .\XXX-common-scripts\testplan_signatur.jmx
2018-11-02 09:01:58,768 INFO o.a.j.c.IncludeController: loadIncludedElements -- try to load included module: path_to_jmx_dir\.\XXX-common-scripts\testplan_signatur.jmx
2018-11-02 09:01:58,768 INFO o.a.j.s.SaveService: Loading file: .\XXX-common-scripts\testplan_signatur.jmx
2018-11-02 09:01:58,893 INFO o.a.j.c.IncludeController: loadIncludedElements -- try to load included module: path_to_jmx_dir\.\XXX-common-scripts\testplan_signatur.jmx
2018-11-02 09:01:58,893 INFO o.a.j.s.SaveService: Loading file: .\XXX-common-scripts\testplan_signatur.jmx
2018-11-02 09:01:58,987 INFO o.a.j.c.IncludeController: loadIncludedElements -- try to load included module: path_to_jmx_dir\.\XXX-common-scripts\testplan_signatur.jmx
2018-11-02 09:01:58,987 INFO o.a.j.s.SaveService: Loading file: .\XXX-common-scripts\testplan_signatur.jmx
2018-11-02 09:01:59,082 INFO o.a.j.c.IncludeController: loadIncludedElements -- try to load included module: path_to_jmx_dir\.\XXX-common-scripts\testplan_signatur.jmx
2018-11-02 09:01:59,082 INFO o.a.j.s.SaveService: Loading file: .\XXX-common-scripts\testplan_signatur.jmx
2018-11-02 09:01:59,100 WARN o.a.j.g.t.JMeterTreeNode: getIcon(): Can't obtain GUI class from class org.apache.jmeter.extractor.BeanShellPostProcessor
2018-11-02 09:01:59,193 INFO o.a.j.c.IncludeController: loadIncludedElements -- try to load included module: path_to_jmx_dir\.\XXX-common-scripts\testplan_signatur.jmx
2018-11-02 09:01:59,194 INFO o.a.j.s.SaveService: Loading file: .\XXX-common-scripts\testplan_signatur.jmx
2018-11-02 09:01:59,949 WARN o.a.j.g.ObjectTableModel: Header count=13 but classes count=11
2018-11-02 09:01:59,949 WARN o.a.j.g.ObjectTableModel: Header count=13 but writeFunctor count=11
2018-11-02 09:02:01,030 INFO o.a.j.e.KeyToolUtils: keytool found at 'keytool'
2018-11-02 09:02:01,031 INFO o.a.j.p.h.p.ProxyControl: HTTP(S) Test Script Recorder SSL Proxy will use keys that support embedded 3rd party resources in file C:\Entwicklung\Source\JMeter\jmeter\bin\proxyserver.jks
2018-11-02 09:02:02,097 INFO o.a.j.c.IncludeController: loadIncludedElements -- try to load included module: path_to_jmx_dir\.\XXX-common-scripts\testplan_signatur.jmx
2018-11-02 09:02:02,098 INFO o.a.j.s.SaveService: Loading file: .\XXX-common-scripts\testplan_signatur.jmx
2018-11-02 09:03:51,960 INFO o.a.j.c.IncludeController: loadIncludedElements -- try to load included module: path_to_jmx_dir\.\XXX-common-scripts\testplan_signatur.jmx
2018-11-02 09:03:51,962 INFO o.a.j.s.SaveService: Loading file: .\XXX-common-scripts\testplan_signatur.jmx
2018-11-02 09:03:51,991 INFO o.a.j.c.IncludeController: loadIncludedElements -- try to load included module: path_to_jmx_dir\.\XXX-common-scripts\testplan_signatur.jmx
2018-11-02 09:03:51,993 INFO o.a.j.s.SaveService: Loading file: .\XXX-common-scripts\testplan_signatur.jmx
2018-11-02 09:03:52,089 INFO o.a.j.c.IncludeController: loadIncludedElements -- try to load included module: path_to_jmx_dir\.\XXX-common-scripts\testplan_signatur.jmx
2018-11-02 09:03:52,090 INFO o.a.j.s.SaveService: Loading file: .\XXX-common-scripts\testplan_signatur.jmx
2018-11-02 09:03:52,139 INFO o.a.j.c.IncludeController: loadIncludedElements -- try to load included module: path_to_jmx_dir\.\XXX-common-scripts\testplan_signatur.jmx
2018-11-02 09:03:52,140 INFO o.a.j.s.SaveService: Loading file: .\XXX-common-scripts\testplan_signatur.jmx
2018-11-02 09:03:52,161 INFO o.a.j.e.StandardJMeterEngine: Running the test!
2018-11-02 09:03:52,162 INFO o.a.j.s.SampleEvent: List of sample_variables: []
2018-11-02 09:03:52,162 INFO o.a.j.s.SampleEvent: List of sample_variables: []
2018-11-02 09:03:52,212 INFO o.a.j.g.u.JMeterMenuBar: setRunning(true, *local*)
2018-11-02 09:03:52,217 INFO o.a.j.e.StandardJMeterEngine: Starting setUp thread groups
2018-11-02 09:03:52,217 INFO o.a.j.e.StandardJMeterEngine: Starting setUp ThreadGroup: 1 : setUp Thread Group 
2018-11-02 09:03:52,217 INFO o.a.j.e.StandardJMeterEngine: Starting 1 threads for group setUp Thread Group.
2018-11-02 09:03:52,217 INFO o.a.j.e.StandardJMeterEngine: Test will stop on error
2018-11-02 09:03:52,217 INFO o.a.j.t.ThreadGroup: Starting thread group... number=1 threads=1 ramp-up=1 perThread=1000.0 delayedStart=false
2018-11-02 09:03:52,244 INFO o.a.j.t.ThreadGroup: Started thread group number 1
2018-11-02 09:03:52,244 INFO o.a.j.e.StandardJMeterEngine: Waiting for all setup thread groups to exit
2018-11-02 09:03:52,246 INFO o.a.j.t.JMeterThread: Thread started: setUp Thread Group 1-1
[CUSTOM LOGGING WITH LOADED URLS etc.]
2018-11-02 09:03:56,097 INFO o.a.j.t.JMeterThread: Thread is done: setUp Thread Group 1-1
2018-11-02 09:03:56,097 INFO o.a.j.t.JMeterThread: Thread finished: setUp Thread Group 1-1
2018-11-02 09:03:56,098 INFO o.a.j.e.StandardJMeterEngine: All Setup Threads have ended
2018-11-02 09:03:56,371 INFO o.a.j.e.StandardJMeterEngine: Starting ThreadGroup: 1 : XXXWP-2780 Smoketest
2018-11-02 09:03:56,371 INFO o.a.j.e.StandardJMeterEngine: Starting 1 threads for group XXXWP-2780 Smoketest.
2018-11-02 09:03:56,371 INFO o.a.j.e.StandardJMeterEngine: Test will stop on error
2018-11-02 09:03:56,372 INFO o.a.j.t.ThreadGroup: Starting thread group... number=1 threads=1 ramp-up=1 perThread=1000.0 delayedStart=false
2018-11-02 09:03:56,424 INFO o.a.j.c.IncludeController: loadIncludedElements -- try to load included module: path_to_jmx_dir\.\XXX-common-scripts\testplan_signatur.jmx
2018-11-02 09:03:56,424 INFO o.a.j.s.SaveService: Loading file: .\XXX-common-scripts\testplan_signatur.jmx
2018-11-02 09:03:56,473 INFO o.a.j.t.ThreadGroup: Started thread group number 1
2018-11-02 09:03:56,473 INFO o.a.j.e.StandardJMeterEngine: Waiting for thread group: XXXWP-2780 Smoketest to finish before starting next group
2018-11-02 09:03:56,474 INFO o.a.j.t.JMeterThread: Thread started: XXXWP-2780 Smoketest 1-1
2018-11-02 09:03:56,475 INFO o.a.j.s.FileServer: Stored: ../testdata/XXXooe-dev/XXXWP-2780_testdata.csv
2018-11-02 09:03:56,482 INFO o.a.j.p.h.s.HTTPHCAbstractImpl: Local host = XXXXXXXX
2018-11-02 09:03:56,486 INFO o.a.j.p.h.s.HTTPHC4Impl: HTTP request retry count = 1
2018-11-02 09:03:56,578 INFO o.a.j.p.h.s.h.LazyLayeredConnectionSocketFactory: Setting up HTTPS TrustAll Socket Factory
2018-11-02 09:03:56,579 INFO o.a.j.u.JsseSSLManager: Using default SSL protocol: TLS
2018-11-02 09:03:56,579 INFO o.a.j.u.JsseSSLManager: SSL session context: per-thread
2018-11-02 09:03:56,581 INFO o.a.j.u.SSLManager: JmeterKeyStore Location:  type JKS
2018-11-02 09:03:56,581 INFO o.a.j.u.SSLManager: KeyStore created OK
2018-11-02 09:03:56,581 WARN o.a.j.u.SSLManager: Keystore file not found, loading empty keystore
2018-11-02 09:03:57,765 INFO o.a.j.t.JMeterThread: Shutdown Test detected by thread: XXXWP-2780 Smoketest 1-1
2018-11-02 09:03:57,766 INFO o.a.j.t.JMeterThread: Thread finished: XXXWP-2780 Smoketest 1-1
2018-11-02 09:03:57,768 INFO o.a.j.e.StandardJMeterEngine: Test stopped - no more thread groups will be started
2018-11-02 09:03:57,768 INFO o.a.j.e.StandardJMeterEngine: Starting tearDown thread groups
2018-11-02 09:03:57,768 INFO o.a.j.e.StandardJMeterEngine: Notifying test listeners of end of test
2018-11-02 09:03:57,768 INFO o.a.j.s.FileServer: Close: ../testdata/XXXooe-dev/XXXWP-2780_testdata.csv
2018-11-02 09:03:57,770 INFO o.a.j.g.u.JMeterMenuBar: setRunning(false, *local*)
