2006/02/17 11:44:54 INFO  - jmeter.util.JMeterUtils: Setting Locale to en_US 
2006/02/17 11:44:54 INFO  - jmeter.JMeter: Version 2.1.1 
2006/02/17 11:44:54 INFO  - jmeter.JMeter: java.version=1.5.0_06 
2006/02/17 11:44:54 INFO  - jmeter.JMeter: Locale=English (United States) 
2006/02/17 11:44:54 INFO  - jmeter.JMeter: Copyright (c) 1998-2005 The Apache Software Foundation 
2006/02/17 11:44:54 INFO  - jmeter.JMeter: Loaded icon properties from org/apache/jmeter/images/icon.properties 
2006/02/17 11:44:57 INFO  - jmeter.protocol.http.sampler.AccessLogSamplerBeanInfo: Entered access log sampler bean info 
2006/02/17 11:44:57 INFO  - jmeter.protocol.http.sampler.AccessLogSamplerBeanInfo: found parsers: [org.apache.jmeter.protocol.http.util.accesslog.OrderPreservingLogParser, org.apache.jmeter.protocol.http.util.accesslog.SharedTCLogParser, org.apache.jmeter.protocol.http.util.accesslog.TCLogParser] 
2006/02/17 11:44:57 INFO  - jmeter.protocol.http.sampler.AccessLogSamplerBeanInfo: Got to end of access log samper bean info init 
2006/02/17 11:44:57 WARN  - jmeter.gui.util.MenuFactory: Missing jar? Could not create org.apache.jmeter.visualizers.MailerVisualizer. java.lang.NoClassDefFoundError: javax/mail/MessagingException 
2006/02/17 11:44:57 INFO  - jmeter.samplers.SampleResult: Note: Sample TimeStamps are END times 
2006/02/17 11:44:57 INFO  - jmeter.samplers.SampleResult: sampleresult.default.encoding is set to ISO-8859-1 
2006/02/17 11:45:21 INFO  - jmeter.gui.action.Load: Loading file: D:\dev\jmeterTests\output\test.jmx 
2006/02/17 11:45:21 INFO  - jmeter.protocol.http.sampler.HTTPSampler2: httpsampler2.basicauth=false 
2006/02/17 11:45:21 INFO  - jmeter.save.SaveService: Using SaveService properties file 1.7 
2006/02/17 11:45:21 WARN  - jmeter.save.SaveService: Could not set up alias WebServiceSampler java.lang.NoClassDefFoundError: javax/mail/MessagingException 
2006/02/17 11:45:21 INFO  - jmeter.save.SaveService: All converter versions present and correct 
2006/02/17 11:45:21 DEBUG - jmeter.protocol.http.control.CookieManager: Clear all cookies 
2006/02/17 11:45:21 DEBUG - jmeter.protocol.http.control.CookieManager: Add cookie www.fnmoc.navy.mil	TRUE	test	FALSE	9223372036854775807	test	test 
2006/02/17 11:45:43 INFO  - jmeter.engine.StandardJMeterEngine: Running the test! 
2006/02/17 11:45:43 DEBUG - jmeter.protocol.http.control.CookieManager: Clear all cookies 
2006/02/17 11:45:43 INFO  - jmeter.gui.util.JMeterMenuBar: setRunning(true,local) 
2006/02/17 11:45:43 INFO  - jmeter.engine.StandardJMeterEngine: Starting 0 threads for group Test Thread Group. Ramp up = 0. 
2006/02/17 11:45:43 INFO  - jmeter.engine.StandardJMeterEngine: Continue on error 
2006/02/17 11:45:52 DEBUG - jmeter.protocol.http.control.CookieManager: Clear all cookies 
2006/02/17 11:45:52 DEBUG - jmeter.protocol.http.control.CookieManager: Add cookie www.fnmoc.navy.mil	TRUE	test	FALSE	9223372036854775807	test	test 
2006/02/17 11:45:52 DEBUG - jmeter.protocol.http.control.CookieManager: Clear all cookies 
2006/02/17 11:45:52 DEBUG - jmeter.protocol.http.control.CookieManager: Add cookie www.fnmoc.navy.mil	TRUE	test	FALSE	9223372036854775807	test	test 
2006/02/17 11:45:53 DEBUG - jmeter.protocol.http.control.CookieManager: Clear all cookies 
2006/02/17 11:45:53 DEBUG - jmeter.protocol.http.control.CookieManager: Add cookie www.fnmoc.navy.mil	TRUE	test	FALSE	9223372036854775807	test	test 
2006/02/17 11:45:54 DEBUG - jmeter.protocol.http.control.CookieManager: Clear all cookies 
2006/02/17 11:45:54 DEBUG - jmeter.protocol.http.control.CookieManager: Add cookie www.fnmoc.navy.mil	TRUE	test	FALSE	9223372036854775807	test	test 
2006/02/17 11:45:54 DEBUG - jmeter.protocol.http.control.CookieManager: Clear all cookies 
2006/02/17 11:45:54 DEBUG - jmeter.protocol.http.control.CookieManager: Add cookie www.fnmoc.navy.mil	TRUE	test	FALSE	9223372036854775807	test	test 
2006/02/17 11:45:55 DEBUG - jmeter.protocol.http.control.CookieManager: Clear all cookies 
2006/02/17 11:45:55 DEBUG - jmeter.protocol.http.control.CookieManager: Add cookie www.fnmoc.navy.mil	TRUE	test	FALSE	9223372036854775807	test	test 
2006/02/17 11:46:08 INFO  - jmeter.engine.StandardJMeterEngine: Notifying test listeners of end of test 
2006/02/17 11:46:08 INFO  - jmeter.gui.util.JMeterMenuBar: setRunning(false,local) 
2006/02/17 11:46:08 INFO  - jmeter.engine.StandardJMeterEngine: Test has ended 
2006/02/17 11:46:09 INFO  - jmeter.engine.StandardJMeterEngine: Running the test! 
2006/02/17 11:46:09 DEBUG - jmeter.protocol.http.control.CookieManager: Clear all cookies 
2006/02/17 11:46:09 INFO  - jmeter.gui.util.JMeterMenuBar: setRunning(true,local) 
2006/02/17 11:46:10 INFO  - jmeter.engine.StandardJMeterEngine: Starting 1 threads for group Test Thread Group. Ramp up = 1. 
2006/02/17 11:46:10 INFO  - jmeter.engine.StandardJMeterEngine: Continue on error 
2006/02/17 11:46:10 WARN  - jmeter.threads.JMeterThread: jmeterthread.startearlier=true (see jmeter.properties) 
2006/02/17 11:46:10 INFO  - jmeter.threads.JMeterThread: Thread Test Thread Group 1-1 started 
2006/02/17 11:46:10 DEBUG - jmeter.protocol.http.control.CookieManager: Clear all cookies 
2006/02/17 11:46:10 DEBUG - jmeter.protocol.http.control.CookieManager: Get cookie for URL= http://www.fnmoc.navy.mil/ 
2006/02/17 11:46:10 DEBUG - jmeter.protocol.http.control.CookieManager: URL Host=.www.fnmoc.navy.mil 
2006/02/17 11:46:10 DEBUG - jmeter.protocol.http.control.CookieManager: Time now (secs)1140205570 
2006/02/17 11:46:10 INFO  - jmeter.util.SSLManager: KeyStore Type: JKS 
2006/02/17 11:46:10 ERROR - jmeter.util.SSLManager: Couldn't load keystore java.lang.Exception: No key found
	at org.apache.jmeter.util.keystore.DefaultKeyStore.load(DefaultKeyStore.java:69)
	at org.apache.jmeter.util.SSLManager.getKeyStore(SSLManager.java:141)
	at org.apache.jmeter.util.JsseSSLManager.getContext(JsseSSLManager.java:148)
	at org.apache.jmeter.util.JsseSSLManager.<init>(JsseSSLManager.java:95)
	at sun.reflect.NativeConstructorAccessorImpl.newInstance0(Native Method)
	at sun.reflect.NativeConstructorAccessorImpl.newInstance(Unknown Source)
	at sun.reflect.DelegatingConstructorAccessorImpl.newInstance(Unknown Source)
	at java.lang.reflect.Constructor.newInstance(Unknown Source)
	at org.apache.jmeter.util.SSLManager.getInstance(SSLManager.java:219)
	at org.apache.jmeter.protocol.http.sampler.HTTPSampler.setupConnection(HTTPSampler.java:135)
	at org.apache.jmeter.protocol.http.sampler.HTTPSampler.sample(HTTPSampler.java:422)
	at org.apache.jmeter.protocol.http.sampler.HTTPSamplerBase.sample(HTTPSamplerBase.java:514)
	at org.apache.jmeter.protocol.http.sampler.HTTPSamplerBase.sample(HTTPSamplerBase.java:503)
	at org.apache.jmeter.threads.JMeterThread.run(JMeterThread.java:247)
	at java.lang.Thread.run(Unknown Source)

2006/02/17 11:46:10 INFO  - jmeter.util.SSLManager: JmeterKeyStore Location: /usr/java/jdk1.5.0_02/jre/lib/security/cacerts 
2006/02/17 11:46:10 INFO  - jmeter.util.SSLManager: JmeterKeyStore type: class org.apache.jmeter.util.keystore.DefaultKeyStore 
2006/02/17 11:46:10 INFO  - jmeter.util.JsseSSLManager: class org.apache.jmeter.util.keystore.DefaultKeyStore 
2006/02/17 11:46:10 INFO  - jmeter.util.SSLManager: KeyStore Type: JKS 
2006/02/17 11:46:10 INFO  - jmeter.util.SSLManager: TrustStore Location:  
2006/02/17 11:46:10 INFO  - jmeter.util.SSLManager: TrustStore type: class org.apache.jmeter.util.keystore.DefaultKeyStore 
2006/02/17 11:46:10 INFO  - jmeter.util.JsseSSLManager: Default Cipher: SSL_RSA_WITH_RC4_128_MD5 
2006/02/17 11:46:10 INFO  - jmeter.util.JsseSSLManager: Supported Cipher: SSL_RSA_WITH_RC4_128_MD5 
2006/02/17 11:46:10 INFO  - jmeter.util.JsseSSLManager: Default Cipher: SSL_RSA_WITH_RC4_128_SHA 
2006/02/17 11:46:10 INFO  - jmeter.util.JsseSSLManager: Supported Cipher: SSL_RSA_WITH_RC4_128_SHA 
2006/02/17 11:46:10 INFO  - jmeter.util.JsseSSLManager: Default Cipher: TLS_RSA_WITH_AES_128_CBC_SHA 
2006/02/17 11:46:10 INFO  - jmeter.util.JsseSSLManager: Supported Cipher: TLS_RSA_WITH_AES_128_CBC_SHA 
2006/02/17 11:46:10 INFO  - jmeter.util.JsseSSLManager: Default Cipher: TLS_DHE_RSA_WITH_AES_128_CBC_SHA 
2006/02/17 11:46:10 INFO  - jmeter.util.JsseSSLManager: Supported Cipher: TLS_DHE_RSA_WITH_AES_128_CBC_SHA 
2006/02/17 11:46:10 INFO  - jmeter.util.JsseSSLManager: Default Cipher: TLS_DHE_DSS_WITH_AES_128_CBC_SHA 
2006/02/17 11:46:10 INFO  - jmeter.util.JsseSSLManager: Supported Cipher: TLS_DHE_DSS_WITH_AES_128_CBC_SHA 
2006/02/17 11:46:10 INFO  - jmeter.util.JsseSSLManager: Default Cipher: SSL_RSA_WITH_3DES_EDE_CBC_SHA 
2006/02/17 11:46:10 INFO  - jmeter.util.JsseSSLManager: Supported Cipher: SSL_RSA_WITH_3DES_EDE_CBC_SHA 
2006/02/17 11:46:10 INFO  - jmeter.util.JsseSSLManager: Default Cipher: SSL_DHE_RSA_WITH_3DES_EDE_CBC_SHA 
2006/02/17 11:46:10 INFO  - jmeter.util.JsseSSLManager: Supported Cipher: SSL_DHE_RSA_WITH_3DES_EDE_CBC_SHA 
2006/02/17 11:46:10 INFO  - jmeter.util.JsseSSLManager: Default Cipher: SSL_DHE_DSS_WITH_3DES_EDE_CBC_SHA 
2006/02/17 11:46:10 INFO  - jmeter.util.JsseSSLManager: Supported Cipher: SSL_DHE_DSS_WITH_3DES_EDE_CBC_SHA 
2006/02/17 11:46:10 INFO  - jmeter.util.JsseSSLManager: Default Cipher: SSL_RSA_WITH_DES_CBC_SHA 
2006/02/17 11:46:10 INFO  - jmeter.util.JsseSSLManager: Supported Cipher: SSL_RSA_WITH_DES_CBC_SHA 
2006/02/17 11:46:10 INFO  - jmeter.util.JsseSSLManager: Default Cipher: SSL_DHE_RSA_WITH_DES_CBC_SHA 
2006/02/17 11:46:10 INFO  - jmeter.util.JsseSSLManager: Supported Cipher: SSL_DHE_RSA_WITH_DES_CBC_SHA 
2006/02/17 11:46:10 INFO  - jmeter.util.JsseSSLManager: Default Cipher: SSL_DHE_DSS_WITH_DES_CBC_SHA 
2006/02/17 11:46:10 INFO  - jmeter.util.JsseSSLManager: Supported Cipher: SSL_DHE_DSS_WITH_DES_CBC_SHA 
2006/02/17 11:46:10 INFO  - jmeter.util.JsseSSLManager: Default Cipher: SSL_RSA_EXPORT_WITH_RC4_40_MD5 
2006/02/17 11:46:10 INFO  - jmeter.util.JsseSSLManager: Supported Cipher: SSL_RSA_EXPORT_WITH_RC4_40_MD5 
2006/02/17 11:46:10 INFO  - jmeter.util.JsseSSLManager: Default Cipher: SSL_RSA_EXPORT_WITH_DES40_CBC_SHA 
2006/02/17 11:46:10 INFO  - jmeter.util.JsseSSLManager: Supported Cipher: SSL_RSA_EXPORT_WITH_DES40_CBC_SHA 
2006/02/17 11:46:10 INFO  - jmeter.util.JsseSSLManager: Default Cipher: SSL_DHE_RSA_EXPORT_WITH_DES40_CBC_SHA 
2006/02/17 11:46:10 INFO  - jmeter.util.JsseSSLManager: Supported Cipher: SSL_DHE_RSA_EXPORT_WITH_DES40_CBC_SHA 
2006/02/17 11:46:10 INFO  - jmeter.util.JsseSSLManager: Default Cipher: SSL_DHE_DSS_EXPORT_WITH_DES40_CBC_SHA 
2006/02/17 11:46:10 INFO  - jmeter.util.JsseSSLManager: Supported Cipher: SSL_DHE_DSS_EXPORT_WITH_DES40_CBC_SHA 
2006/02/17 11:46:10 INFO  - jmeter.util.JsseSSLManager: Supported Cipher: SSL_RSA_WITH_NULL_MD5 
2006/02/17 11:46:10 INFO  - jmeter.util.JsseSSLManager: Supported Cipher: SSL_RSA_WITH_NULL_SHA 
2006/02/17 11:46:10 INFO  - jmeter.util.JsseSSLManager: Supported Cipher: SSL_DH_anon_WITH_RC4_128_MD5 
2006/02/17 11:46:10 INFO  - jmeter.util.JsseSSLManager: Supported Cipher: TLS_DH_anon_WITH_AES_128_CBC_SHA 
2006/02/17 11:46:10 INFO  - jmeter.util.JsseSSLManager: Supported Cipher: SSL_DH_anon_WITH_3DES_EDE_CBC_SHA 
2006/02/17 11:46:10 INFO  - jmeter.util.JsseSSLManager: Supported Cipher: SSL_DH_anon_WITH_DES_CBC_SHA 
2006/02/17 11:46:10 INFO  - jmeter.util.JsseSSLManager: Supported Cipher: SSL_DH_anon_EXPORT_WITH_RC4_40_MD5 
2006/02/17 11:46:10 INFO  - jmeter.util.JsseSSLManager: Supported Cipher: SSL_DH_anon_EXPORT_WITH_DES40_CBC_SHA 
2006/02/17 11:46:10 INFO  - jmeter.util.JsseSSLManager: Supported Cipher: TLS_KRB5_WITH_RC4_128_SHA 
2006/02/17 11:46:10 INFO  - jmeter.util.JsseSSLManager: Supported Cipher: TLS_KRB5_WITH_RC4_128_MD5 
2006/02/17 11:46:10 INFO  - jmeter.util.JsseSSLManager: Supported Cipher: TLS_KRB5_WITH_3DES_EDE_CBC_SHA 
2006/02/17 11:46:10 INFO  - jmeter.util.JsseSSLManager: Supported Cipher: TLS_KRB5_WITH_3DES_EDE_CBC_MD5 
2006/02/17 11:46:10 INFO  - jmeter.util.JsseSSLManager: Supported Cipher: TLS_KRB5_WITH_DES_CBC_SHA 
2006/02/17 11:46:10 INFO  - jmeter.util.JsseSSLManager: Supported Cipher: TLS_KRB5_WITH_DES_CBC_MD5 
2006/02/17 11:46:10 INFO  - jmeter.util.JsseSSLManager: Supported Cipher: TLS_KRB5_EXPORT_WITH_RC4_40_SHA 
2006/02/17 11:46:10 INFO  - jmeter.util.JsseSSLManager: Supported Cipher: TLS_KRB5_EXPORT_WITH_RC4_40_MD5 
2006/02/17 11:46:10 INFO  - jmeter.util.JsseSSLManager: Supported Cipher: TLS_KRB5_EXPORT_WITH_DES_CBC_40_SHA 
2006/02/17 11:46:10 INFO  - jmeter.util.JsseSSLManager: Supported Cipher: TLS_KRB5_EXPORT_WITH_DES_CBC_40_MD5 
2006/02/17 11:46:10 INFO  - jmeter.util.JsseSSLManager: JsseSSLManager installed 
2006/02/17 11:46:10 DEBUG - jmeter.protocol.http.control.CookieManager: Get cookie for URL= https://www.fnmoc.navy.mil:443/ 
2006/02/17 11:46:10 DEBUG - jmeter.protocol.http.control.CookieManager: URL Host=.www.fnmoc.navy.mil 
2006/02/17 11:46:10 DEBUG - jmeter.protocol.http.control.CookieManager: Time now (secs)1140205570 
2006/02/17 11:46:10 INFO  - jmeter.threads.JMeterThread: Thread Test Thread Group 1-1 is done 
2006/02/17 11:46:10 INFO  - jmeter.engine.StandardJMeterEngine: Ending thread 0 
2006/02/17 11:46:10 INFO  - jmeter.engine.StandardJMeterEngine: Stopping test 
2006/02/17 11:46:10 INFO  - jmeter.engine.StandardJMeterEngine: Notifying test listeners of end of test 
2006/02/17 11:46:10 INFO  - jmeter.gui.util.JMeterMenuBar: setRunning(false,local) 
2006/02/17 11:46:10 INFO  - jmeter.engine.StandardJMeterEngine: Test has ended 
2006/02/17 11:46:23 DEBUG - jmeter.protocol.http.control.CookieManager: Clear all cookies 
2006/02/17 11:46:23 DEBUG - jmeter.protocol.http.control.CookieManager: Add cookie www.fnmoc.navy.mil	TRUE	test	FALSE	9223372036854775807	test	test 
2006/02/17 11:46:23 DEBUG - jmeter.protocol.http.control.CookieManager: Clear all cookies 
2006/02/17 11:46:23 DEBUG - jmeter.protocol.http.control.CookieManager: Add cookie www.fnmoc.navy.mil	TRUE	test	FALSE	9223372036854775807	test	test 
2006/02/17 11:46:35 DEBUG - jmeter.protocol.http.control.CookieManager: Clear all cookies 
2006/02/17 11:46:35 DEBUG - jmeter.protocol.http.control.CookieManager: Add cookie www.fnmoc.navy.mil	TRUE	test	FALSE	9223372036854775807	test	test 
2006/02/17 11:46:38 INFO  - jmeter.engine.StandardJMeterEngine: Running the test! 
2006/02/17 11:46:38 DEBUG - jmeter.protocol.http.control.CookieManager: Clear all cookies 
2006/02/17 11:46:38 INFO  - jmeter.gui.util.JMeterMenuBar: setRunning(true,local) 
2006/02/17 11:46:38 INFO  - jmeter.engine.StandardJMeterEngine: Starting 1 threads for group Test Thread Group. Ramp up = 1. 
2006/02/17 11:46:38 INFO  - jmeter.engine.StandardJMeterEngine: Continue on error 
2006/02/17 11:46:38 INFO  - jmeter.threads.JMeterThread: Thread Test Thread Group 1-1 started 
2006/02/17 11:46:38 DEBUG - jmeter.protocol.http.control.CookieManager: Clear all cookies 
2006/02/17 11:46:38 DEBUG - jmeter.protocol.http.control.CookieManager: Get cookie for URL= http://www.fnmoc.navy.mil/ 
2006/02/17 11:46:38 DEBUG - jmeter.protocol.http.control.CookieManager: URL Host=.www.fnmoc.navy.mil 
2006/02/17 11:46:38 DEBUG - jmeter.protocol.http.control.CookieManager: Time now (secs)1140205598 
2006/02/17 11:46:38 DEBUG - jmeter.protocol.http.control.CookieManager: Get cookie for URL= https://www.fnmoc.navy.mil:443/ 
2006/02/17 11:46:38 DEBUG - jmeter.protocol.http.control.CookieManager: URL Host=.www.fnmoc.navy.mil 
2006/02/17 11:46:38 DEBUG - jmeter.protocol.http.control.CookieManager: Time now (secs)1140205598 
2006/02/17 11:46:38 INFO  - jmeter.threads.JMeterThread: Thread Test Thread Group 1-1 is done 
2006/02/17 11:46:38 INFO  - jmeter.engine.StandardJMeterEngine: Ending thread 0 
2006/02/17 11:46:38 INFO  - jmeter.engine.StandardJMeterEngine: Stopping test 
2006/02/17 11:46:38 INFO  - jmeter.engine.StandardJMeterEngine: Notifying test listeners of end of test 
2006/02/17 11:46:38 INFO  - jmeter.gui.util.JMeterMenuBar: setRunning(false,local) 
2006/02/17 11:46:38 INFO  - jmeter.engine.StandardJMeterEngine: Test has ended 
2006/02/17 11:46:41 INFO  - jmeter.engine.StandardJMeterEngine: Running the test! 
2006/02/17 11:46:41 DEBUG - jmeter.protocol.http.control.CookieManager: Clear all cookies 
2006/02/17 11:46:41 INFO  - jmeter.gui.util.JMeterMenuBar: setRunning(true,local) 
2006/02/17 11:46:41 INFO  - jmeter.engine.StandardJMeterEngine: Starting 1 threads for group Test Thread Group. Ramp up = 1. 
2006/02/17 11:46:41 INFO  - jmeter.engine.StandardJMeterEngine: Continue on error 
2006/02/17 11:46:41 INFO  - jmeter.threads.JMeterThread: Thread Test Thread Group 1-1 started 
2006/02/17 11:46:41 DEBUG - jmeter.protocol.http.control.CookieManager: Clear all cookies 
2006/02/17 11:46:41 DEBUG - jmeter.protocol.http.control.CookieManager: Get cookie for URL= http://www.fnmoc.navy.mil/ 
2006/02/17 11:46:41 DEBUG - jmeter.protocol.http.control.CookieManager: URL Host=.www.fnmoc.navy.mil 
2006/02/17 11:46:41 DEBUG - jmeter.protocol.http.control.CookieManager: Time now (secs)1140205601 
2006/02/17 11:46:41 DEBUG - jmeter.protocol.http.control.CookieManager: Get cookie for URL= https://www.fnmoc.navy.mil:443/ 
2006/02/17 11:46:41 DEBUG - jmeter.protocol.http.control.CookieManager: URL Host=.www.fnmoc.navy.mil 
2006/02/17 11:46:41 DEBUG - jmeter.protocol.http.control.CookieManager: Time now (secs)1140205601 
2006/02/17 11:46:41 INFO  - jmeter.threads.JMeterThread: Thread Test Thread Group 1-1 is done 
2006/02/17 11:46:41 INFO  - jmeter.engine.StandardJMeterEngine: Ending thread 0 
2006/02/17 11:46:41 INFO  - jmeter.engine.StandardJMeterEngine: Stopping test 
2006/02/17 11:46:41 INFO  - jmeter.engine.StandardJMeterEngine: Notifying test listeners of end of test 
2006/02/17 11:46:41 INFO  - jmeter.gui.util.JMeterMenuBar: setRunning(false,local) 
2006/02/17 11:46:41 INFO  - jmeter.engine.StandardJMeterEngine: Test has ended 
