2012/03/07 07:35:26 INFO  - jmeter.util.JMeterUtils: Setting Locale to en_US 
2012/03/07 07:35:26 INFO  - jmeter.JMeter: Loading user properties from: /home/tester1/jakarta-jmeter-2.5.1/bin/user.properties 
2012/03/07 07:35:26 INFO  - jmeter.JMeter: Loading system properties from: /home/tester1/jakarta-jmeter-2.5.1/bin/system.properties 
2012/03/07 07:35:26 INFO  - jmeter.JMeter: Copyright (c) 1998-2011 The Apache Software Foundation 
2012/03/07 07:35:26 INFO  - jmeter.JMeter: Version 2.5.1 r1177103 
2012/03/07 07:35:26 INFO  - jmeter.JMeter: java.version=1.6.0_22 
2012/03/07 07:35:26 INFO  - jmeter.JMeter: java.vm.name=OpenJDK Server VM 
2012/03/07 07:35:26 INFO  - jmeter.JMeter: os.name=Linux 
2012/03/07 07:35:26 INFO  - jmeter.JMeter: os.arch=i386 
2012/03/07 07:35:26 INFO  - jmeter.JMeter: os.version=2.6.41.9-1.fc15.i686 
2012/03/07 07:35:26 INFO  - jmeter.JMeter: file.encoding=UTF-8 
2012/03/07 07:35:26 INFO  - jmeter.JMeter: Default Locale=English (United States) 
2012/03/07 07:35:26 INFO  - jmeter.JMeter: JMeter  Locale=English (United States) 
2012/03/07 07:35:26 INFO  - jmeter.JMeter: JMeterHome=/home/tester1/jakarta-jmeter-2.5.1 
2012/03/07 07:35:26 INFO  - jmeter.JMeter: user.dir  =/home/tester1/jakarta-jmeter-2.5.1/bin 
2012/03/07 07:35:26 INFO  - jmeter.JMeter: PWD       =/home/tester1/jakarta-jmeter-2.5.1/bin 
2012/03/07 07:35:26 INFO  - jmeter.JMeter: IP: <IP_Adress1> Name: <ServerName1> FullName: <ServerName1> 
2012/03/07 07:35:26 INFO  - jmeter.JMeter: Loaded icon properties from org/apache/jmeter/images/icon.properties 
2012/03/07 07:35:28 INFO  - jmeter.engine.util.CompoundVariable: Note: Function class names must contain the string: '.functions.' 
2012/03/07 07:35:28 INFO  - jmeter.engine.util.CompoundVariable: Note: Function class names must not contain the string: '.gui.' 
2012/03/07 07:35:29 INFO  - jmeter.util.BSFTestElement: Registering JMeter version of JavaScript engine as work-round for BSF-22 
2012/03/07 07:35:30 INFO  - jmeter.protocol.http.sampler.HTTPSamplerBase: Cannot find .className property for htmlParser, using default 
2012/03/07 07:35:30 INFO  - jmeter.protocol.http.sampler.HTTPSamplerBase: Parser for text/html is  
2012/03/07 07:35:30 INFO  - jmeter.protocol.http.sampler.HTTPSamplerBase: Parser for application/xhtml+xml is  
2012/03/07 07:35:30 INFO  - jmeter.protocol.http.sampler.HTTPSamplerBase: Parser for application/xml is  
2012/03/07 07:35:30 INFO  - jmeter.protocol.http.sampler.HTTPSamplerBase: Parser for text/xml is  
2012/03/07 07:35:30 INFO  - jmeter.protocol.http.sampler.HTTPSamplerBase: Parser for text/vnd.wap.wml is org.apache.jmeter.protocol.http.parser.RegexpHTMLParser 
2012/03/07 07:35:30 INFO  - jmeter.protocol.http.sampler.HTTPSamplerBase: Reuse SSL session context on subsequent iterations: true 
2012/03/07 07:35:30 INFO  - jmeter.protocol.http.control.CookieManager: Settings: Delete null: true Check: true Allow variable: true Save: false Prefix: COOKIE_ 
2012/03/07 07:35:30 INFO  - jmeter.gui.util.MenuFactory: Skipping org.apache.jmeter.protocol.http.modifier.gui.ParamModifierGui 
2012/03/07 07:35:30 INFO  - jmeter.gui.util.MenuFactory: Skipping org.apache.jmeter.protocol.http.modifier.gui.UserParameterModifierGui 
2012/03/07 07:35:32 INFO  - jmeter.samplers.SampleResult: Note: Sample TimeStamps are START times 
2012/03/07 07:35:32 INFO  - jmeter.samplers.SampleResult: sampleresult.default.encoding is set to ISO-8859-1 
2012/03/07 07:35:32 INFO  - jmeter.samplers.SampleResult: sampleresult.useNanoTime=true 
2012/03/07 07:35:47 INFO  - jmeter.services.FileServer: Default base='/home/tester1/jakarta-jmeter-2.5.1/bin' 
2012/03/07 07:35:47 INFO  - jmeter.gui.action.Load: Loading file: /home/tester1/workspace/BCBSLA/ForMultiTestPlans/TestPlan.jmx 
2012/03/07 07:35:47 INFO  - jmeter.services.FileServer: Set new base '/home/tester1/workspace/BCBSLA/ForMultiTestPlans' 
2012/03/07 07:35:47 INFO  - jmeter.save.SaveService: Testplan (JMX) version: 2.2. Testlog (JTL) version: 2.2 
2012/03/07 07:35:47 INFO  - jmeter.save.SaveService: Using SaveService properties file encoding UTF-8 
2012/03/07 07:35:47 INFO  - jmeter.save.SaveService: Using SaveService properties file version 1050447 
2012/03/07 07:35:47 INFO  - jmeter.save.SaveService: Using SaveService properties version 2.1 
2012/03/07 07:35:47 INFO  - jmeter.save.SaveService: All converter versions present and correct 
2012/03/07 07:35:47 INFO  - jmeter.services.FileServer: Set new base='/home/tester1/workspace/BCBSLA/ForMultiTestPlans' 
2012/03/07 07:35:47 INFO  - jmeter.control.IncludeController: loadIncludedElements -- try to load included module: /home/tester1/workspace/BCBSLA/ForMultiTestPlans/001_UM_Stay_Fragment1.jmx 
2012/03/07 07:35:48 INFO  - jmeter.control.IncludeController: loadIncludedElements -- try to load included module: /home/tester1/workspace/BCBSLA/ForMultiTestPlans/002_UM_OP_Fragment.jmx 
2012/03/07 07:35:48 INFO  - jmeter.control.IncludeController: loadIncludedElements -- try to load included module: /home/tester1/workspace/BCBSLA/ForMultiTestPlans/001_UM_Stay_Fragment1.jmx 
2012/03/07 07:35:48 INFO  - jmeter.control.IncludeController: loadIncludedElements -- try to load included module: /home/tester1/workspace/BCBSLA/ForMultiTestPlans/002_UM_OP_Fragment.jmx 
2012/03/07 07:36:07 INFO  - jmeter.gui.action.RemoteStart: Initialising remote engine: <IP_Adress1> 
2012/03/07 07:36:07 INFO  - jmeter.control.IncludeController: loadIncludedElements -- try to load included module: /home/tester1/workspace/BCBSLA/ForMultiTestPlans/001_UM_Stay_Fragment1.jmx 
2012/03/07 07:36:08 INFO  - jmeter.control.IncludeController: loadIncludedElements -- try to load included module: /home/tester1/workspace/BCBSLA/ForMultiTestPlans/002_UM_OP_Fragment.jmx 
2012/03/07 07:36:08 INFO  - jmeter.gui.action.RemoteStart: Initialising remote engine: <IP_Adress2> 
2012/03/07 07:36:08 INFO  - jmeter.control.IncludeController: loadIncludedElements -- try to load included module: /home/tester1/workspace/BCBSLA/ForMultiTestPlans/001_UM_Stay_Fragment1.jmx 
2012/03/07 07:36:08 INFO  - jmeter.control.IncludeController: loadIncludedElements -- try to load included module: /home/tester1/workspace/BCBSLA/ForMultiTestPlans/002_UM_OP_Fragment.jmx 
2012/03/07 07:36:08 INFO  - jmeter.engine.ClientJMeterEngine: running clientengine run method 
2012/03/07 07:36:08 INFO  - jmeter.samplers.StandardSampleSender: Using Standard Remote Sampler for this test run 
2012/03/07 07:36:09 INFO  - jmeter.engine.ClientJMeterEngine: sent test to <IP_Adress1> basedir='.' 
2012/03/07 07:36:09 INFO  - jmeter.engine.ClientJMeterEngine: sent run command to <IP_Adress1> 
2012/03/07 07:36:09 INFO  - jmeter.engine.ClientJMeterEngine: running clientengine run method 
2012/03/07 07:36:09 INFO  - jmeter.gui.util.JMeterMenuBar: setRunning(true,<IP_Adress1>) 
2012/03/07 07:36:09 INFO  - jmeter.engine.ClientJMeterEngine: sent test to <IP_Adress2> basedir='.' 
2012/03/07 07:36:09 INFO  - jmeter.engine.ClientJMeterEngine: sent run command to <IP_Adress2> 
2012/03/07 07:36:10 INFO  - jmeter.gui.util.JMeterMenuBar: setRunning(true,<IP_Adress2>) 
2012/03/07 07:38:01 INFO  - jmeter.gui.util.JMeterMenuBar: setRunning(false,<IP_Adress1>) 
2012/03/07 07:38:02 INFO  - jmeter.gui.util.JMeterMenuBar: setRunning(false,<IP_Adress2>) 
