2013/11/06 18:09:27 INFO  - jmeter.util.JMeterUtils: Setting Locale to en_AU 
2013/11/06 18:09:28 INFO  - jmeter.JMeter: Loading user properties from: D:\software\jmeter\apache-jmeter-2.10\bin\user.properties 
2013/11/06 18:09:28 INFO  - jmeter.JMeter: Loading system properties from: D:\software\jmeter\apache-jmeter-2.10\bin\system.properties 
2013/11/06 18:09:28 INFO  - jmeter.JMeter: Copyright (c) 1998-2013 The Apache Software Foundation 
2013/11/06 18:09:28 INFO  - jmeter.JMeter: Version 2.10 r1533061 
2013/11/06 18:09:28 INFO  - jmeter.JMeter: java.version=1.7.0_45 
2013/11/06 18:09:28 INFO  - jmeter.JMeter: java.vm.name=Java HotSpot(TM) 64-Bit Server VM 
2013/11/06 18:09:28 INFO  - jmeter.JMeter: os.name=Windows 8 
2013/11/06 18:09:28 INFO  - jmeter.JMeter: os.arch=amd64 
2013/11/06 18:09:28 INFO  - jmeter.JMeter: os.version=6.2 
2013/11/06 18:09:28 INFO  - jmeter.JMeter: file.encoding=Cp1252 
2013/11/06 18:09:28 INFO  - jmeter.JMeter: Default Locale=English (Australia) 
2013/11/06 18:09:28 INFO  - jmeter.JMeter: JMeter  Locale=English (Australia) 
2013/11/06 18:09:28 INFO  - jmeter.JMeter: JMeterHome=D:\software\jmeter\apache-jmeter-2.10 
2013/11/06 18:09:28 INFO  - jmeter.JMeter: user.dir  =D:\software\jmeter\apache-jmeter-2.10\bin 
2013/11/06 18:09:28 INFO  - jmeter.JMeter: PWD       =D:\software\jmeter\apache-jmeter-2.10\bin 
2013/11/06 18:09:28 INFO  - jmeter.JMeter: IP: 10.250.250.117 Name: john-tpc FullName: 10.250.250.117 
2013/11/06 18:09:28 INFO  - jmeter.JMeter: Loaded icon properties from org/apache/jmeter/images/icon.properties 
2013/11/06 18:09:29 INFO  - jmeter.engine.util.CompoundVariable: Note: Function class names must contain the string: '.functions.' 
2013/11/06 18:09:29 INFO  - jmeter.engine.util.CompoundVariable: Note: Function class names must not contain the string: '.gui.' 
2013/11/06 18:09:30 INFO  - jmeter.gui.action.LookAndFeelCommand: Using look and feel: javax.swing.plaf.metal.MetalLookAndFeel [Metal, CrossPlatform] 
2013/11/06 18:09:31 WARN  - jmeter.gui.util.MenuFactory: Missing jar? Could not create com.googlecode.jmeter.plugins.webdriver.sampler.gui.WebDriverSamplerGui. java.lang.NoClassDefFoundError: jsyntaxpane/DefaultSyntaxKit 
2013/11/06 18:09:31 INFO  - jmeter.gui.util.MenuFactory: Skipping kg.apc.jmeter.config.VariablesFromCSVFile 
2013/11/06 18:09:31 INFO  - jmeter.util.BSFTestElement: Registering JMeter version of JavaScript engine as work-round for BSF-22 
2013/11/06 18:09:31 INFO  - jmeter.protocol.http.sampler.HTTPSamplerBase: Cannot find .className property for htmlParser, using default 
2013/11/06 18:09:31 INFO  - jmeter.protocol.http.sampler.HTTPSamplerBase: Parser for text/html is  
2013/11/06 18:09:31 INFO  - jmeter.protocol.http.sampler.HTTPSamplerBase: Parser for application/xhtml+xml is  
2013/11/06 18:09:31 INFO  - jmeter.protocol.http.sampler.HTTPSamplerBase: Parser for application/xml is  
2013/11/06 18:09:31 INFO  - jmeter.protocol.http.sampler.HTTPSamplerBase: Parser for text/xml is  
2013/11/06 18:09:31 INFO  - jmeter.protocol.http.sampler.HTTPSamplerBase: Parser for text/vnd.wap.wml is org.apache.jmeter.protocol.http.parser.RegexpHTMLParser 
2013/11/06 18:09:32 INFO  - jmeter.gui.util.MenuFactory: Skipping org.apache.jmeter.protocol.http.control.gui.WebServiceSamplerGui 
2013/11/06 18:09:32 INFO  - jmeter.gui.util.MenuFactory: Skipping org.apache.jmeter.protocol.http.modifier.gui.ParamModifierGui 
2013/11/06 18:09:32 INFO  - jmeter.protocol.http.proxy.ProxyControl: HTTP(S) Test Script Recorder SSL Proxy will use keys that support embedded 3rd party resources in file D:\software\jmeter\apache-jmeter-2.10\bin\proxyserver.jks 
2013/11/06 18:09:32 INFO  - jmeter.samplers.SampleResult: Note: Sample TimeStamps are START times 
2013/11/06 18:09:32 INFO  - jmeter.samplers.SampleResult: sampleresult.default.encoding is set to ISO-8859-1 
2013/11/06 18:09:32 INFO  - jmeter.samplers.SampleResult: sampleresult.useNanoTime=true 
2013/11/06 18:09:32 INFO  - jmeter.samplers.SampleResult: sampleresult.nanoThreadSleep=5000 
2013/11/06 18:09:42 INFO  - jmeter.services.FileServer: Default base='D:\software\jmeter\apache-jmeter-2.10\bin' 
2013/11/06 18:09:42 INFO  - jmeter.gui.action.Load: Loading file: D:\software\jmeter\artefacts\tests\test.jmx 
2013/11/06 18:09:42 INFO  - jmeter.services.FileServer: Set new base='D:\software\jmeter\artefacts\tests' 
2013/11/06 18:09:42 INFO  - jmeter.save.SaveService: Testplan (JMX) version: 2.2. Testlog (JTL) version: 2.2 
2013/11/06 18:09:42 INFO  - jmeter.save.SaveService: Using SaveService properties file encoding UTF-8 
2013/11/06 18:09:42 INFO  - jmeter.save.SaveService: Using SaveService properties version 2.5 
2013/11/06 18:09:42 INFO  - jmeter.save.SaveService: Using SaveService properties file version 1519088 
2013/11/06 18:09:42 INFO  - jmeter.save.SaveService: All converter versions present and correct 
2013/11/06 18:09:42 INFO  - jmeter.protocol.http.control.CookieManager: Settings: Delete null: true Check: true Allow variable: true Save: false Prefix: COOKIE_ 
2013/11/06 18:09:42 INFO  - jmeter.services.FileServer: Set new base='D:\software\jmeter\artefacts\tests' 
2013/11/06 18:10:11 INFO  - jmeter.gui.action.Load: Loading file: D:\software\jmeter\artefacts\tests\Portal_JMETER_210.jmx 
2013/11/06 18:10:11 INFO  - jmeter.services.FileServer: Set new base='D:\software\jmeter\artefacts\tests' 
2013/11/06 18:10:11 INFO  - jmeter.services.FileServer: Set new base='D:\software\jmeter\artefacts\tests' 
2013/11/06 18:10:22 INFO  - jmeter.engine.StandardJMeterEngine: Listeners will be started after enabling running version 
2013/11/06 18:10:22 INFO  - jmeter.engine.StandardJMeterEngine: To revert to the earlier behaviour, define jmeterengine.startlistenerslater=false 
2013/11/06 18:10:22 INFO  - jmeter.engine.StandardJMeterEngine: Running the test! 
2013/11/06 18:10:22 INFO  - jmeter.samplers.SampleEvent: List of sample_variables: [] 
2013/11/06 18:10:22 INFO  - jmeter.samplers.SampleEvent: List of sample_variables: [] 
2013/11/06 18:10:22 INFO  - jmeter.gui.util.JMeterMenuBar: setRunning(true,*local*) 
2013/11/06 18:10:22 INFO  - jmeter.engine.StandardJMeterEngine: Starting ThreadGroup: 1 : NTG Browse Group 
2013/11/06 18:10:22 INFO  - jmeter.engine.StandardJMeterEngine: Starting 1 threads for group NTG Browse Group. 
2013/11/06 18:10:22 INFO  - jmeter.engine.StandardJMeterEngine: Thread will start next loop on error 
2013/11/06 18:10:22 INFO  - jmeter.threads.ThreadGroup: Starting thread group number 1 threads 1 ramp-up 30 perThread 30000.0 delayedStart=false 
2013/11/06 18:10:23 INFO  - jmeter.threads.JMeterThread: jmeterthread.startearlier=true (see jmeter.properties) 
2013/11/06 18:10:23 INFO  - jmeter.threads.JMeterThread: Running PostProcessors in forward order 
2013/11/06 18:10:23 INFO  - jmeter.threads.ThreadGroup: Started thread group number 1 
2013/11/06 18:10:23 INFO  - jmeter.engine.StandardJMeterEngine: All thread groups have been started 
2013/11/06 18:10:23 INFO  - jmeter.threads.JMeterThread: Thread started: NTG Browse Group 1-1 
2013/11/06 18:10:23 INFO  - jmeter.services.FileServer: Stored: ../testdata/username_sit_ntg.csv Alias: ../testdata/username_sit_ntg.csv@181659822 
2013/11/06 18:10:23 INFO  - jmeter.protocol.http.sampler.HTTPHCAbstractImpl: Local host = john-tpc 
2013/11/06 18:10:23 INFO  - jmeter.protocol.http.sampler.HTTPHC4Impl: HTTP request retry count = 0 
2013/11/06 18:10:23 INFO  - jmeter.protocol.http.sampler.HTTPHC4Impl: Setting up HTTPS TrustAll scheme 
2013/11/06 18:10:23 INFO  - jmeter.util.JsseSSLManager: Using default SSL protocol: TLS 
2013/11/06 18:10:23 INFO  - jmeter.util.JsseSSLManager: SSL session context: per-thread 
2013/11/06 18:10:23 INFO  - jmeter.util.SSLManager: JmeterKeyStore Location:  type JKS 
2013/11/06 18:10:23 INFO  - jmeter.util.SSLManager: KeyStore created OK 
2013/11/06 18:10:23 WARN  - jmeter.util.SSLManager: Keystore file not found, loading empty keystore 
2013/11/06 18:10:23 INFO  - jmeter.protocol.http.parser.HTMLParser: Created org.apache.jmeter.protocol.http.parser.LagartoBasedHtmlParser 
2013/11/06 18:10:24 ERROR - jmeter.protocol.http.sampler.HTTPHC4Impl: Error in redirect URL for GET https://china.unet.dev/obrar.cgi?encreply=8RgBKdy91vvPl91jZGVsWhyrjMhk77wEUgSCHLvWnp6tjPqsmerIX0YfOrJB4Wu%2BQHFN0zHDeVGeZqU8kZxeQPAg6Hg%2FGsis7iMYxxHtGa7wcMaqk9%2FGFgFR4rnWMntr6rajtp3zDurcxiZ%2BA4eONMdOuHQpUNvAFz0gK5Yu3GP%2BHUQfYruxhuuHsEPx0lBBuuRrgdF7HSDzJcONiRWDkfcVH7ElS6JKVora5jNCvt05u4cjOvy9aYK1KvOlQutwG%2BGc%2FHkOw3PQB0d8CR3WmcfmF78ZkvsblDtCO0wxxKTPxK4qoIA3fhv6TmpB47jxm4oyHMJSYUHBVTwwj1p%2FqsOgfzWHomw3HlTfAVFCXcG2ebsfLHd5clbCQrv4S%2F3Md1WMvB8Vlr2UBdcFS3zciGm45iMUGGgMoP54Pp3Tq1HKP7XuJ2QYef%2FgC9w3f5E1bH2sttinDxvlueTQsVGzzFxTwFzs9QebMwusEYJdWJaSRnfZz4lY4Fbyk0QDz2HS%2FNryzKDxAVhY6GqvOTC3Obtdf2S13v2dnsaOs%2FzKwkS%2FFZmUM9QsQ44xQPH84%2BqtiIYQ5Y4tktT57FSMA1%2BdIHQXZ9mX1i%2FqURYwMLyL7IgcZ%2BwO4vjlc1JmuXqwgza3%2Ba5xN%2BhynAb1h8vXHDlkMZmnAOw9wFt5Y3R7EfhF97MabEUBx8z1MMb0XKQ%2BsVSQ44KKOEMbQS6nKl47p5EkLyshRxdFzfmlnfrZSmjGl%2B9RMmwb%2FFLR4vLhIQQ5vd10trPv1qnG9PL40e9I%2BHkau%2BU0lSE3JTvZCxrXt8k3nvU%3D HTTP/1.1
	Could not sanitize URL: /portal/c/portal/login?loginredirect=true
	 java.net.MalformedURLException: no protocol: /portal/c/portal/login?loginredirect=true
	at java.net.URL.<init>(URL.java:585)
	at java.net.URL.<init>(URL.java:482)
	at java.net.URL.<init>(URL.java:431)
	at org.apache.jmeter.protocol.http.sampler.HTTPHC4Impl.sample(HTTPHC4Impl.java:337)
	at org.apache.jmeter.protocol.http.sampler.HTTPSamplerProxy.sample(HTTPSamplerProxy.java:74)
	at org.apache.jmeter.protocol.http.sampler.HTTPSamplerBase.followRedirects(HTTPSamplerBase.java:1411)
	at org.apache.jmeter.protocol.http.sampler.HTTPSamplerBase.resultProcessing(HTTPSamplerBase.java:1482)
	at org.apache.jmeter.protocol.http.sampler.HTTPAbstractImpl.resultProcessing(HTTPAbstractImpl.java:306)
	at org.apache.jmeter.protocol.http.sampler.HTTPHC4Impl.sample(HTTPHC4Impl.java:381)
	at org.apache.jmeter.protocol.http.sampler.HTTPSamplerProxy.sample(HTTPSamplerProxy.java:74)
	at org.apache.jmeter.protocol.http.sampler.HTTPSamplerBase.sample(HTTPSamplerBase.java:1105)
	at org.apache.jmeter.protocol.http.sampler.HTTPSamplerBase.sample(HTTPSamplerBase.java:1094)
	at org.apache.jmeter.threads.JMeterThread.process_sampler(JMeterThread.java:429)
	at org.apache.jmeter.threads.JMeterThread.run(JMeterThread.java:257)
	at java.lang.Thread.run(Thread.java:744)

2013/11/06 18:10:24 ERROR - jmeter.samplers.SampleResult: sampleEnd called twice java.lang.Throwable: Invalid call sequence
	at org.apache.jmeter.samplers.SampleResult.sampleEnd(SampleResult.java:1033)
	at org.apache.jmeter.protocol.http.sampler.HTTPHC4Impl.sample(HTTPHC4Impl.java:390)
	at org.apache.jmeter.protocol.http.sampler.HTTPSamplerProxy.sample(HTTPSamplerProxy.java:74)
	at org.apache.jmeter.protocol.http.sampler.HTTPSamplerBase.sample(HTTPSamplerBase.java:1105)
	at org.apache.jmeter.protocol.http.sampler.HTTPSamplerBase.sample(HTTPSamplerBase.java:1094)
	at org.apache.jmeter.threads.JMeterThread.process_sampler(JMeterThread.java:429)
	at org.apache.jmeter.threads.JMeterThread.run(JMeterThread.java:257)
	at java.lang.Thread.run(Thread.java:744)

2013/11/06 18:10:24 INFO  - jmeter.threads.JMeterThread: Thread finished: NTG Browse Group 1-1 
2013/11/06 18:10:24 INFO  - jmeter.engine.StandardJMeterEngine: Notifying test listeners of end of test 
2013/11/06 18:10:24 INFO  - jmeter.services.FileServer: Close: ../testdata/username_sit_ntg.csv@181659822 
2013/11/06 18:10:24 INFO  - jmeter.gui.util.JMeterMenuBar: setRunning(false,*local*) 
2013/11/06 18:11:33 INFO  - jmeter.engine.StandardJMeterEngine: Running the test! 
2013/11/06 18:11:33 INFO  - jmeter.samplers.SampleEvent: List of sample_variables: [] 
2013/11/06 18:11:33 INFO  - jmeter.gui.util.JMeterMenuBar: setRunning(true,*local*) 
2013/11/06 18:11:34 INFO  - jmeter.engine.StandardJMeterEngine: Starting ThreadGroup: 1 : NTG Browse Group 
2013/11/06 18:11:34 INFO  - jmeter.engine.StandardJMeterEngine: Starting 1 threads for group NTG Browse Group. 
2013/11/06 18:11:34 INFO  - jmeter.engine.StandardJMeterEngine: Thread will start next loop on error 
2013/11/06 18:11:34 INFO  - jmeter.threads.ThreadGroup: Starting thread group number 1 threads 1 ramp-up 30 perThread 30000.0 delayedStart=false 
2013/11/06 18:11:34 INFO  - jmeter.threads.ThreadGroup: Started thread group number 1 
2013/11/06 18:11:34 INFO  - jmeter.engine.StandardJMeterEngine: All thread groups have been started 
2013/11/06 18:11:34 INFO  - jmeter.threads.JMeterThread: Thread started: NTG Browse Group 1-1 
2013/11/06 18:11:34 INFO  - jmeter.services.FileServer: Stored: ../testdata/username_sit_ntg.csv Alias: ../testdata/username_sit_ntg.csv@480813947 
2013/11/06 18:11:35 INFO  - jmeter.protocol.http.sampler.HTTPJavaImpl: Maximum connection retries = 10 
2013/11/06 18:11:45 ERROR - jmeter.protocol.http.sampler.HTTPHC4Impl: Error in redirect URL for GET https://china.unet.dev/oamsso/login.cgi?logout=true HTTP/1.1
	Could not sanitize URL: /portal/c/portal/login?loginredirect=true
	 java.net.MalformedURLException: no protocol: /portal/c/portal/login?loginredirect=true
	at java.net.URL.<init>(URL.java:585)
	at java.net.URL.<init>(URL.java:482)
	at java.net.URL.<init>(URL.java:431)
	at org.apache.jmeter.protocol.http.sampler.HTTPHC4Impl.sample(HTTPHC4Impl.java:337)
	at org.apache.jmeter.protocol.http.sampler.HTTPSamplerProxy.sample(HTTPSamplerProxy.java:74)
	at org.apache.jmeter.protocol.http.sampler.HTTPSamplerBase.sample(HTTPSamplerBase.java:1105)
	at org.apache.jmeter.protocol.http.sampler.HTTPSamplerBase.sample(HTTPSamplerBase.java:1094)
	at org.apache.jmeter.threads.JMeterThread.process_sampler(JMeterThread.java:429)
	at org.apache.jmeter.threads.JMeterThread.run(JMeterThread.java:257)
	at java.lang.Thread.run(Thread.java:744)

2013/11/06 18:11:45 ERROR - jmeter.samplers.SampleResult: sampleEnd called twice java.lang.Throwable: Invalid call sequence
	at org.apache.jmeter.samplers.SampleResult.sampleEnd(SampleResult.java:1033)
	at org.apache.jmeter.protocol.http.sampler.HTTPHC4Impl.sample(HTTPHC4Impl.java:390)
	at org.apache.jmeter.protocol.http.sampler.HTTPSamplerProxy.sample(HTTPSamplerProxy.java:74)
	at org.apache.jmeter.protocol.http.sampler.HTTPSamplerBase.sample(HTTPSamplerBase.java:1105)
	at org.apache.jmeter.protocol.http.sampler.HTTPSamplerBase.sample(HTTPSamplerBase.java:1094)
	at org.apache.jmeter.threads.JMeterThread.process_sampler(JMeterThread.java:429)
	at org.apache.jmeter.threads.JMeterThread.run(JMeterThread.java:257)
	at java.lang.Thread.run(Thread.java:744)

2013/11/06 18:11:45 INFO  - jmeter.threads.JMeterThread: Thread finished: NTG Browse Group 1-1 
2013/11/06 18:11:45 INFO  - jmeter.engine.StandardJMeterEngine: Notifying test listeners of end of test 
2013/11/06 18:11:45 INFO  - jmeter.services.FileServer: Close: ../testdata/username_sit_ntg.csv@480813947 
2013/11/06 18:11:45 INFO  - jmeter.gui.util.JMeterMenuBar: setRunning(false,*local*) 
