2019-08-27 15:52:22,085 INFO o.a.j.u.JMeterUtils: Setting Locale to en_EN
2019-08-27 15:52:22,116 INFO o.a.j.JMeter: Loading user properties from: user.properties
2019-08-27 15:52:22,132 INFO o.a.j.JMeter: Loading system properties from: system.properties
2019-08-27 15:52:22,132 INFO o.a.j.JMeter: Copyright (c) 1998-2019 The Apache Software Foundation
2019-08-27 15:52:22,132 INFO o.a.j.JMeter: Version 5.1.1 r1855137
2019-08-27 15:52:22,132 INFO o.a.j.JMeter: java.version=11.0.4
2019-08-27 15:52:22,132 INFO o.a.j.JMeter: java.vm.name=Java HotSpot(TM) 64-Bit Server VM
2019-08-27 15:52:22,132 INFO o.a.j.JMeter: os.name=Windows 10
2019-08-27 15:52:22,132 INFO o.a.j.JMeter: os.arch=amd64
2019-08-27 15:52:22,132 INFO o.a.j.JMeter: os.version=10.0
2019-08-27 15:52:22,132 INFO o.a.j.JMeter: file.encoding=Cp1252
2019-08-27 15:52:22,132 INFO o.a.j.JMeter: java.awt.headless=null
2019-08-27 15:52:22,132 INFO o.a.j.JMeter: Max memory     =6442450944
2019-08-27 15:52:22,132 INFO o.a.j.JMeter: Available Processors =4
2019-08-27 15:52:22,132 INFO o.a.j.JMeter: Default Locale=English (EN)
2019-08-27 15:52:22,147 INFO o.a.j.JMeter: JMeter  Locale=English (EN)
2019-08-27 15:52:22,147 INFO o.a.j.JMeter: JMeterHome=C:\Users\iskadigamuwa\Downloads\JMeter\apache-jmeter-5.1.1\apache-jmeter-5.1.1
2019-08-27 15:52:22,147 INFO o.a.j.JMeter: user.dir  =C:\Users\iskadigamuwa\Downloads\JMeter\apache-jmeter-5.1.1\apache-jmeter-5.1.1\bin
2019-08-27 15:52:22,147 INFO o.a.j.JMeter: PWD       =C:\Users\iskadigamuwa\Downloads\JMeter\apache-jmeter-5.1.1\apache-jmeter-5.1.1\bin
2019-08-27 15:52:22,147 INFO o.a.j.JMeter: IP: 192.168.29.89 Name: MQNVTWJMET01 FullName: MQNVTWJMET01.acustaff.acu.edu.au
2019-08-27 15:52:22,397 INFO o.a.j.g.a.LookAndFeelCommand: Installing Darcula LAF
2019-08-27 15:52:22,397 INFO o.a.j.g.a.LookAndFeelCommand: Using look and feel: com.bulenkov.darcula.DarculaLaf [Darcula]
2019-08-27 15:52:22,397 INFO o.a.j.JMeter: Setting LAF to: com.bulenkov.darcula.DarculaLaf
2019-08-27 15:52:22,460 INFO o.a.j.JMeter: Loaded icon properties from org/apache/jmeter/images/icon.properties
2019-08-27 15:52:23,929 INFO o.a.j.p.h.s.HTTPSamplerBase: Parser for text/html is org.apache.jmeter.protocol.http.parser.LagartoBasedHtmlParser
2019-08-27 15:52:23,929 INFO o.a.j.p.h.s.HTTPSamplerBase: Parser for application/xhtml+xml is org.apache.jmeter.protocol.http.parser.LagartoBasedHtmlParser
2019-08-27 15:52:23,929 INFO o.a.j.p.h.s.HTTPSamplerBase: Parser for application/xml is org.apache.jmeter.protocol.http.parser.LagartoBasedHtmlParser
2019-08-27 15:52:23,929 INFO o.a.j.p.h.s.HTTPSamplerBase: Parser for text/xml is org.apache.jmeter.protocol.http.parser.LagartoBasedHtmlParser
2019-08-27 15:52:23,929 INFO o.a.j.p.h.s.HTTPSamplerBase: Parser for text/vnd.wap.wml is org.apache.jmeter.protocol.http.parser.RegexpHTMLParser
2019-08-27 15:52:23,929 INFO o.a.j.p.h.s.HTTPSamplerBase: Parser for text/css is org.apache.jmeter.protocol.http.parser.CssParser
2019-08-27 15:52:24,335 INFO o.a.j.e.KeyToolUtils: keytool found at 'keytool'
2019-08-27 15:52:24,335 INFO o.a.j.p.h.p.ProxyControl: HTTP(S) Test Script Recorder SSL Proxy will use keys that support embedded 3rd party resources in file C:\Users\iskadigamuwa\Downloads\JMeter\apache-jmeter-5.1.1\apache-jmeter-5.1.1\bin\proxyserver.jks
2019-08-27 15:52:24,460 INFO o.a.j.s.FileServer: Default base='C:\Users\iskadigamuwa\Downloads\JMeter\apache-jmeter-5.1.1\apache-jmeter-5.1.1\bin'
2019-08-27 15:52:25,007 INFO o.a.j.s.SampleResult: Note: Sample TimeStamps are START times
2019-08-27 15:52:25,007 INFO o.a.j.s.SampleResult: sampleresult.default.encoding is set to ISO-8859-1
2019-08-27 15:52:25,007 INFO o.a.j.s.SampleResult: sampleresult.useNanoTime=true
2019-08-27 15:52:25,007 INFO o.a.j.s.SampleResult: sampleresult.nanoThreadSleep=5000
2019-08-27 15:52:25,022 INFO o.a.j.v.ViewResultsFullVisualizer: Add JavaFX to your Java installation if you want to use renderer: org.apache.jmeter.visualizers.RenderInBrowser
2019-08-27 15:53:23,534 INFO o.a.j.g.a.Load: Loading file: C:\Users\iskadigamuwa\Downloads\JMeter\Examples\Working Test Plan Pre Remediation one P Student user at Feed page\Test Plan.jmx
2019-08-27 15:53:23,534 INFO o.a.j.s.FileServer: Set new base='C:\Users\iskadigamuwa\Downloads\JMeter\Examples\Working Test Plan Pre Remediation one P Student user at Feed page'
2019-08-27 15:53:23,659 INFO o.a.j.s.SaveService: Testplan (JMX) version: 2.2. Testlog (JTL) version: 2.2
2019-08-27 15:53:23,737 INFO o.a.j.s.SaveService: Using SaveService properties version 5.0
2019-08-27 15:53:23,737 INFO o.a.j.s.SaveService: Using SaveService properties file encoding UTF-8
2019-08-27 15:53:23,737 INFO o.a.j.s.SaveService: Loading file: C:\Users\iskadigamuwa\Downloads\JMeter\Examples\Working Test Plan Pre Remediation one P Student user at Feed page\Test Plan.jmx
2019-08-27 15:53:23,972 INFO o.a.j.s.FileServer: Set new base='C:\Users\iskadigamuwa\Downloads\JMeter\Examples\Working Test Plan Pre Remediation one P Student user at Feed page'
2019-08-27 15:53:32,198 INFO o.a.j.e.DistributedRunner: Configuring remote engine: 192.168.29.90:1099
2019-08-27 15:53:32,198 INFO o.a.j.r.RmiUtils: Disabling SSL for RMI as server.rmi.ssl.disable is set to 'true'
2019-08-27 15:53:32,416 INFO o.a.j.e.DistributedRunner: Starting remote engines
2019-08-27 15:53:32,416 INFO o.a.j.e.DistributedRunner: Starting the test @ Tue Aug 27 15:53:32 AEST 2019 (1566885212416)
2019-08-27 15:53:32,416 INFO o.a.j.e.ClientJMeterEngine: running clientengine run method
2019-08-27 15:53:32,416 INFO o.a.j.e.u.CompoundVariable: Note: Function class names must contain the string: '.functions.'
2019-08-27 15:53:32,416 INFO o.a.j.e.u.CompoundVariable: Note: Function class names must not contain the string: '.gui.'
2019-08-27 15:53:32,651 INFO o.a.j.r.RmiUtils: Disabling SSL for RMI as server.rmi.ssl.disable is set to 'true'
2019-08-27 15:53:32,651 INFO o.a.j.r.RmiUtils: Disabling SSL for RMI as server.rmi.ssl.disable is set to 'true'
2019-08-27 15:53:32,651 INFO o.a.j.s.SampleEvent: List of sample_variables: []
2019-08-27 15:53:32,651 INFO o.a.j.r.RmiUtils: Disabling SSL for RMI as server.rmi.ssl.disable is set to 'true'
2019-08-27 15:53:32,651 INFO o.a.j.r.RmiUtils: Disabling SSL for RMI as server.rmi.ssl.disable is set to 'true'
2019-08-27 15:53:33,198 INFO o.a.j.e.ClientJMeterEngine: sent test to 192.168.29.90:1099 basedir='.'
2019-08-27 15:53:33,198 INFO o.a.j.e.ClientJMeterEngine: Sending properties {}
2019-08-27 15:53:33,213 INFO o.a.j.e.ClientJMeterEngine: sent run command to 192.168.29.90:1099
2019-08-27 15:53:33,213 INFO o.a.j.e.DistributedRunner: Remote engines have been started
2019-08-27 15:53:33,541 INFO o.a.j.g.u.JMeterMenuBar: setRunning(true, 192.168.29.90:1099)
