2022-01-23 20:31:41,824 INFO o.a.j.u.JMeterUtils: Setting Locale to en_EN
2022-01-23 20:31:41,836 INFO o.a.j.JMeter: Loading user properties from: /opt/homebrew/Cellar/jmeter/5.4.3/libexec/bin/user.properties
2022-01-23 20:31:41,836 INFO o.a.j.JMeter: Loading system properties from: /opt/homebrew/Cellar/jmeter/5.4.3/libexec/bin/system.properties
2022-01-23 20:31:41,839 INFO o.a.j.JMeter: Copyright (c) 1998-2021 The Apache Software Foundation
2022-01-23 20:31:41,839 INFO o.a.j.JMeter: Version 5.4.3
2022-01-23 20:31:41,839 INFO o.a.j.JMeter: java.version=17.0.1
2022-01-23 20:31:41,839 INFO o.a.j.JMeter: java.vm.name=OpenJDK 64-Bit Server VM
2022-01-23 20:31:41,839 INFO o.a.j.JMeter: os.name=Mac OS X
2022-01-23 20:31:41,839 INFO o.a.j.JMeter: os.arch=aarch64
2022-01-23 20:31:41,839 INFO o.a.j.JMeter: os.version=12.1
2022-01-23 20:31:41,839 INFO o.a.j.JMeter: file.encoding=UTF-8
2022-01-23 20:31:41,839 INFO o.a.j.JMeter: java.awt.headless=true
2022-01-23 20:31:41,839 INFO o.a.j.JMeter: Max memory     =1073741824
2022-01-23 20:31:41,839 INFO o.a.j.JMeter: Available Processors =10
2022-01-23 20:31:41,844 INFO o.a.j.JMeter: Default Locale=English (EN)
2022-01-23 20:31:41,844 INFO o.a.j.JMeter: JMeter  Locale=English (EN)
2022-01-23 20:31:41,844 INFO o.a.j.JMeter: JMeterHome=/opt/homebrew/Cellar/jmeter/5.4.3/libexec
2022-01-23 20:31:41,844 INFO o.a.j.JMeter: user.dir  =/Users/mohit.garud/Work/Practice
2022-01-23 20:31:41,844 INFO o.a.j.JMeter: PWD       =/Users/mohit.garud/Work/Practice
2022-01-23 20:31:41,845 INFO o.a.j.JMeter: IP: 172.25.15.193 Name: mac-7D9WNX67 FullName: 172.25.15.193
2022-01-23 20:31:41,848 INFO o.a.j.JMeter: Setting property 'jmeter.reportgenerator.outputdir' to:'/Users/mohit.garud/Work/Practice/Report'
2022-01-23 20:31:41,849 INFO o.a.j.s.FileServer: Default base='/Users/mohit.garud/Work/Practice'
2022-01-23 20:31:41,849 INFO o.a.j.s.FileServer: Set new base='/Users/mohit.garud/Work/Practice'
2022-01-23 20:31:41,915 INFO o.a.j.s.SaveService: Testplan (JMX) version: 2.2. Testlog (JTL) version: 2.2
2022-01-23 20:31:41,928 INFO o.a.j.s.SaveService: Using SaveService properties version 5.0
2022-01-23 20:31:41,930 INFO o.a.j.s.SaveService: Using SaveService properties file encoding UTF-8
2022-01-23 20:31:41,931 INFO o.a.j.s.SaveService: Loading file: test.jmx
2022-01-23 20:31:41,949 INFO o.a.j.p.h.s.HTTPSamplerBase: Parser for text/html is org.apache.jmeter.protocol.http.parser.LagartoBasedHtmlParser
2022-01-23 20:31:41,949 INFO o.a.j.p.h.s.HTTPSamplerBase: Parser for application/xhtml+xml is org.apache.jmeter.protocol.http.parser.LagartoBasedHtmlParser
2022-01-23 20:31:41,949 INFO o.a.j.p.h.s.HTTPSamplerBase: Parser for application/xml is org.apache.jmeter.protocol.http.parser.LagartoBasedHtmlParser
2022-01-23 20:31:41,949 INFO o.a.j.p.h.s.HTTPSamplerBase: Parser for text/xml is org.apache.jmeter.protocol.http.parser.LagartoBasedHtmlParser
2022-01-23 20:31:41,949 INFO o.a.j.p.h.s.HTTPSamplerBase: Parser for text/vnd.wap.wml is org.apache.jmeter.protocol.http.parser.RegexpHTMLParser
2022-01-23 20:31:41,949 INFO o.a.j.p.h.s.HTTPSamplerBase: Parser for text/css is org.apache.jmeter.protocol.http.parser.CssParser
2022-01-23 20:31:41,961 INFO o.a.j.JMeter: Creating summariser <summary>
2022-01-23 20:31:41,963 INFO o.a.j.r.d.ReportGenerator: ReportGenerator will use for Parsing the separator: ','
2022-01-23 20:31:41,963 INFO o.a.j.r.d.ReportGenerator: Will generate report at end of test from  results file: result.jtl
2022-01-23 20:31:41,963 INFO o.a.j.r.d.ReportGenerator: Reading report generator properties from: /opt/homebrew/Cellar/jmeter/5.4.3/libexec/bin/reportgenerator.properties
2022-01-23 20:31:41,964 INFO o.a.j.r.d.ReportGenerator: Merging with JMeter properties
2022-01-23 20:31:41,966 INFO o.a.j.r.c.ReportGeneratorConfiguration: Property 'jmeter.reportgenerator.temp_dir' not found, using default value 'temp' instead.
2022-01-23 20:31:41,967 INFO o.a.j.r.c.ReportGeneratorConfiguration: Property 'jmeter.reportgenerator.apdex_per_transaction' not found, using default value 'null' instead.
2022-01-23 20:31:41,967 INFO o.a.j.r.c.ReportGeneratorConfiguration: apdex_per_transaction is empty, not APDEX per transaction customization
2022-01-23 20:31:41,967 INFO o.a.j.r.c.ReportGeneratorConfiguration: Property 'jmeter.reportgenerator.sample_filter' not found, using default value 'null' instead.
2022-01-23 20:31:41,967 INFO o.a.j.r.c.ReportGeneratorConfiguration: Property 'jmeter.reportgenerator.report_title' not found, using default value 'null' instead.
2022-01-23 20:31:41,967 INFO o.a.j.r.c.ReportGeneratorConfiguration: Property 'jmeter.reportgenerator.start_date' not found, using default value 'null' instead.
2022-01-23 20:31:41,967 INFO o.a.j.r.c.ReportGeneratorConfiguration: Property 'jmeter.reportgenerator.end_date' not found, using default value 'null' instead.
2022-01-23 20:31:41,967 INFO o.a.j.r.c.ReportGeneratorConfiguration: Property 'jmeter.reportgenerator.date_format' not found, using default value 'null' instead.
2022-01-23 20:31:41,967 INFO o.a.j.r.c.ReportGeneratorConfiguration: Will use date range start date: null, end date: null
2022-01-23 20:31:41,969 INFO o.a.j.r.c.ReportGeneratorConfiguration: Property 'jmeter.reportgenerator.graph.totalTPS.exclude_controllers' not found, using default value 'false' instead.
2022-01-23 20:31:41,969 INFO o.a.j.r.c.ReportGeneratorConfiguration: Property 'jmeter.reportgenerator.graph.activeThreadsOverTime.exclude_controllers' not found, using default value 'false' instead.
2022-01-23 20:31:41,969 INFO o.a.j.r.c.ReportGeneratorConfiguration: Property 'jmeter.reportgenerator.graph.timeVsThreads.exclude_controllers' not found, using default value 'false' instead.
2022-01-23 20:31:41,969 INFO o.a.j.r.c.ReportGeneratorConfiguration: Property 'jmeter.reportgenerator.graph.responseTimeDistribution.exclude_controllers' not found, using default value 'false' instead.
2022-01-23 20:31:41,969 INFO o.a.j.r.c.ReportGeneratorConfiguration: Property 'jmeter.reportgenerator.graph.transactionsPerSecond.exclude_controllers' not found, using default value 'false' instead.
2022-01-23 20:31:41,969 INFO o.a.j.r.c.ReportGeneratorConfiguration: Property 'jmeter.reportgenerator.graph.responseTimePercentiles.exclude_controllers' not found, using default value 'false' instead.
2022-01-23 20:31:41,969 INFO o.a.j.r.c.ReportGeneratorConfiguration: Property 'jmeter.reportgenerator.graph.responseTimePercentilesOverTime.exclude_controllers' not found, using default value 'false' instead.
2022-01-23 20:31:41,970 INFO o.a.j.r.c.ReportGeneratorConfiguration: Property 'jmeter.reportgenerator.graph.responseTimesOverTime.exclude_controllers' not found, using default value 'false' instead.
2022-01-23 20:31:41,970 INFO o.a.j.r.c.ReportGeneratorConfiguration: Property 'jmeter.reportgenerator.graph.connectTimeOverTime.exclude_controllers' not found, using default value 'false' instead.
2022-01-23 20:31:41,970 INFO o.a.j.r.c.ReportGeneratorConfiguration: Property 'jmeter.reportgenerator.graph.latenciesOverTime.exclude_controllers' not found, using default value 'false' instead.
2022-01-23 20:31:41,970 INFO o.a.j.r.c.ReportGeneratorConfiguration: Property 'jmeter.reportgenerator.exporter.json.filters_only_sample_series' not found, using default value 'true' instead.
2022-01-23 20:31:41,970 INFO o.a.j.r.c.ReportGeneratorConfiguration: Property 'jmeter.reportgenerator.exporter.json.series_filter' not found, using default value '' instead.
2022-01-23 20:31:41,970 INFO o.a.j.r.c.ReportGeneratorConfiguration: Property 'jmeter.reportgenerator.exporter.json.show_controllers_only' not found, using default value 'false' instead.
2022-01-23 20:31:41,970 INFO o.a.j.r.c.ReportGeneratorConfiguration: Property 'jmeter.reportgenerator.exporter.html.filters_only_sample_series' not found, using default value 'true' instead.
2022-01-23 20:31:41,970 INFO o.a.j.r.c.ReportGeneratorConfiguration: Property 'jmeter.reportgenerator.exporter.html.series_filter' not found, using default value '' instead.
2022-01-23 20:31:41,970 INFO o.a.j.r.c.ReportGeneratorConfiguration: Property 'jmeter.reportgenerator.exporter.html.show_controllers_only' not found, using default value 'false' instead.
2022-01-23 20:31:41,972 INFO o.a.j.e.StandardJMeterEngine: Running the test!
2022-01-23 20:31:41,973 INFO o.a.j.s.SampleEvent: List of sample_variables: []
2022-01-23 20:31:41,973 INFO o.a.j.s.SampleEvent: List of sample_variables: []
2022-01-23 20:31:41,975 INFO o.a.j.e.u.CompoundVariable: Note: Function class names must contain the string: '.functions.'
2022-01-23 20:31:41,975 INFO o.a.j.e.u.CompoundVariable: Note: Function class names must not contain the string: '.gui.'
2022-01-23 20:31:42,018 INFO o.a.j.JMeter: Running test (1642955502018)
2022-01-23 20:31:42,027 INFO o.a.j.e.StandardJMeterEngine: Starting ThreadGroup: 1 : A1_GoogleHome
2022-01-23 20:31:42,027 INFO o.a.j.e.StandardJMeterEngine: Starting 2 threads for group A1_GoogleHome.
2022-01-23 20:31:42,027 INFO o.a.j.e.StandardJMeterEngine: Thread will continue on error
2022-01-23 20:31:42,027 INFO o.a.j.t.ThreadGroup: Starting thread group... number=1 threads=2 ramp-up=1 delayedStart=false
2022-01-23 20:31:42,029 INFO o.a.j.t.ThreadGroup: Started thread group number 1
2022-01-23 20:31:42,029 INFO o.a.j.e.StandardJMeterEngine: Starting ThreadGroup: 2 : A2_jmeterHome
2022-01-23 20:31:42,029 INFO o.a.j.e.StandardJMeterEngine: Starting 3 threads for group A2_jmeterHome.
2022-01-23 20:31:42,029 INFO o.a.j.e.StandardJMeterEngine: Thread will continue on error
2022-01-23 20:31:42,029 INFO o.a.j.t.ThreadGroup: Starting thread group... number=2 threads=3 ramp-up=1 delayedStart=false
2022-01-23 20:31:42,030 INFO o.a.j.t.ThreadGroup: Started thread group number 2
2022-01-23 20:31:42,030 INFO o.a.j.e.StandardJMeterEngine: All thread groups have been started
2022-01-23 20:31:42,030 INFO o.a.j.t.JMeterThread: Thread started: A1_GoogleHome 1-1
2022-01-23 20:31:42,030 INFO o.a.j.t.JMeterThread: Thread started: A2_jmeterHome 2-1
2022-01-23 20:31:42,034 INFO o.a.j.t.p.ConstantPoissonProcessGenerator: Generated 20 timings (Precise Throughput Timer 20 required, rate 0.3333333333333333, duration 60) in 0 ms. First 15 events will be fired at: 3.9374663595308124 (+3.9374663595308124), 4.167076618929522 (+0.22961025939870927), 4.259282063656102 (+0.09220544472658077), 5.170060938980332 (+0.9107788753242296), 6.907559228746156 (+1.7374982897658242), 7.077737711150873 (+0.170178482404717), 13.07309093430845 (+5.995353223157577), 13.13784138839678 (+0.06475045408832969), 25.476005303080573 (+12.338163914683793), 25.62416890962419 (+0.1481636065436156), 28.462728439234223 (+2.838559529610034), 28.925683987007517 (+0.4629555477732943), 42.36506669358273 (+13.439382706575216), 42.99625022214614 (+0.6311835285634046), 45.35239466612193 (+2.3561444439757935)
2022-01-23 20:31:42,036 INFO o.a.j.p.h.s.HTTPHCAbstractImpl: Local host = mac-7D9WNX67
2022-01-23 20:31:42,038 INFO o.a.j.p.h.s.HTTPHC4Impl: HTTP request retry count = 0
2022-01-23 20:31:42,039 INFO o.a.j.s.SampleResult: Note: Sample TimeStamps are START times
2022-01-23 20:31:42,039 INFO o.a.j.s.SampleResult: sampleresult.default.encoding is set to ISO-8859-1
2022-01-23 20:31:42,039 INFO o.a.j.s.SampleResult: sampleresult.useNanoTime=true
2022-01-23 20:31:42,039 INFO o.a.j.s.SampleResult: sampleresult.nanoThreadSleep=5000
2022-01-23 20:31:42,077 INFO o.a.j.p.h.s.h.LazyLayeredConnectionSocketFactory: Setting up HTTPS TrustAll Socket Factory
2022-01-23 20:31:42,079 INFO o.a.j.u.JsseSSLManager: Using default SSL protocol: TLS
2022-01-23 20:31:42,079 INFO o.a.j.u.JsseSSLManager: SSL session context: per-thread
2022-01-23 20:31:42,131 INFO o.a.j.u.SSLManager: JmeterKeyStore Location: .keystore type JKS
2022-01-23 20:31:42,133 INFO o.a.j.u.SSLManager: KeyStore created OK
2022-01-23 20:31:42,133 WARN o.a.j.u.SSLManager: Keystore file not found, loading empty keystore
2022-01-23 20:31:42,133 INFO o.a.j.u.SSLManager: TrustStore Location: /opt/homebrew/opt/openjdk@17/libexec/openjdk.jdk/Contents/Home/lib/security/cacerts
2022-01-23 20:31:42,133 INFO o.a.j.u.SSLManager: TrustStore created OK, Type: JKS
2022-01-23 20:31:42,149 INFO o.a.j.u.SSLManager: Truststore loaded OK from file
2022-01-23 20:31:42,368 INFO o.a.j.t.JMeterThread: Thread started: A2_jmeterHome 2-2
2022-01-23 20:31:42,533 INFO o.a.j.t.JMeterThread: Thread started: A1_GoogleHome 1-2
2022-01-23 20:31:42,700 INFO o.a.j.t.JMeterThread: Thread started: A2_jmeterHome 2-3
2022-01-23 20:32:05,699 INFO o.a.j.r.Summariser: summary +     11 in 00:00:24 =    0.5/s Avg:   500 Min:   218 Max:  1023 Err:     0 (0.00%) Active: 5 Started: 5 Finished: 0
2022-01-23 20:32:29,999 INFO o.a.j.t.JMeterThread: Thread finished: A1_GoogleHome 1-1
2022-01-23 20:32:35,773 INFO o.a.j.r.Summariser: summary +     11 in 00:00:30 =    0.4/s Avg:   233 Min:   217 Max:   286 Err:     0 (0.00%) Active: 4 Started: 5 Finished: 1
2022-01-23 20:32:35,775 INFO o.a.j.r.Summariser: summary =     22 in 00:00:54 =    0.4/s Avg:   366 Min:   217 Max:  1023 Err:     0 (0.00%)
2022-01-23 20:32:38,092 INFO o.a.j.t.p.ConstantPoissonProcessGenerator: Generated 20 timings (Precise Throughput Timer 20 required, rate 0.3333333333333333, duration 60) in 0 ms. First 15 events will be fired at: 65.28730517851695 (+65.28730517851695), 65.4045718062506 (+0.11726662773365604), 68.07296315341424 (+2.6683913471636345), 69.13206411101548 (+1.0591009576012453), 69.32856689788758 (+0.19650278687210232), 76.4561536202169 (+7.127586722329312), 77.04159181951522 (+0.5854381992983235), 77.5852306618624 (+0.5436388423471783), 83.46535242694804 (+5.880121765085647), 84.07680759873126 (+0.61145517178322), 85.5475620431365 (+1.4707544444052303), 85.99211949670307 (+0.44455745356657417), 86.13399582083136 (+0.14187632412829032), 88.66432875376292 (+2.5303329329315574), 93.1489959645562 (+4.48466721079329)
2022-01-23 20:32:38,093 INFO o.a.j.t.JMeterThread: Stopping Thread: org.apache.jorphan.util.JMeterStopThreadException: The thread is scheduled to stop in 3937 ms and the throughput timer generates a delay of 9208. Terminating the thread manually.
2022-01-23 20:32:38,093 INFO o.a.j.t.JMeterThread: Stop Thread detected by thread: A2_jmeterHome 2-3
2022-01-23 20:32:38,093 INFO o.a.j.t.JMeterThread: Thread finished: A2_jmeterHome 2-3
2022-01-23 20:32:38,622 INFO o.a.j.t.JMeterThread: Stopping Thread: org.apache.jorphan.util.JMeterStopThreadException: The thread is scheduled to stop in 3407 ms and the throughput timer generates a delay of 8796. Terminating the thread manually.
2022-01-23 20:32:38,622 INFO o.a.j.t.JMeterThread: Stop Thread detected by thread: A2_jmeterHome 2-1
2022-01-23 20:32:38,623 INFO o.a.j.t.JMeterThread: Thread finished: A2_jmeterHome 2-1
2022-01-23 20:32:39,984 INFO o.a.j.t.JMeterThread: Stopping Thread: org.apache.jorphan.util.JMeterStopThreadException: The thread is scheduled to stop in 2045 ms and the throughput timer generates a delay of 10102. Terminating the thread manually.
2022-01-23 20:32:39,985 INFO o.a.j.t.JMeterThread: Stop Thread detected by thread: A2_jmeterHome 2-2
2022-01-23 20:32:39,985 INFO o.a.j.t.JMeterThread: Thread finished: A2_jmeterHome 2-2
2022-01-23 20:32:41,968 INFO o.a.j.t.JMeterThread: Thread finished: A1_GoogleHome 1-2
2022-01-23 20:32:41,971 INFO o.a.j.e.StandardJMeterEngine: Notifying test listeners of end of test
2022-01-23 20:32:41,972 INFO o.a.j.r.Summariser: summary +      4 in 00:00:06 =    0.6/s Avg:   223 Min:   215 Max:   233 Err:     0 (0.00%) Active: 0 Started: 5 Finished: 5
2022-01-23 20:32:41,972 INFO o.a.j.r.Summariser: summary =     26 in 00:01:00 =    0.4/s Avg:   344 Min:   215 Max:  1023 Err:     0 (0.00%)
2022-01-23 20:32:41,973 INFO o.a.j.JMeter: Generating Dashboard
2022-01-23 20:32:41,973 INFO o.a.j.r.d.ReportGenerator: Flushing result collector before report Generation
2022-01-23 20:32:41,983 INFO o.a.j.r.p.NormalizerSampleConsumer: Using format, 'ms', to parse timeStamp field
2022-01-23 20:32:42,018 INFO o.a.j.r.p.AbstractSampleConsumer: class org.apache.jmeter.report.processor.AggregateConsumer#stopProducing(): beginDate produced 0 samples
2022-01-23 20:32:42,018 INFO o.a.j.r.p.AbstractSampleConsumer: class org.apache.jmeter.report.processor.AggregateConsumer#stopProducing(): endDate produced 0 samples
2022-01-23 20:32:42,019 INFO o.a.j.r.p.AbstractSampleConsumer: class org.apache.jmeter.report.processor.ApdexSummaryConsumer#stopProducing(): apdexSummary produced 0 samples
2022-01-23 20:32:42,019 INFO o.a.j.r.p.AbstractSampleConsumer: class org.apache.jmeter.report.processor.RequestsSummaryConsumer#stopProducing(): requestsSummary produced 0 samples
2022-01-23 20:32:42,021 INFO o.a.j.r.p.AbstractSampleConsumer: class org.apache.jmeter.report.processor.StatisticsSummaryConsumer#stopProducing(): statisticsSummary produced 0 samples
2022-01-23 20:32:42,022 ERROR o.a.j.JMeter: Error generating the report: Error while processing samples: Consumer failed with message :Consumer failed with message :Consumer failed with message :Consumer failed with message :Begin size 0 is not equal to fixed size 5
org.apache.jmeter.report.dashboard.GenerationException: Error while processing samples: Consumer failed with message :Consumer failed with message :Consumer failed with message :Consumer failed with message :Begin size 0 is not equal to fixed size 5
	at org.apache.jmeter.report.dashboard.ReportGenerator.generate(ReportGenerator.java:242) ~[ApacheJMeter_core.jar:5.4.3]
	at org.apache.jmeter.JMeter$ListenToTest.endTest(JMeter.java:1346) [ApacheJMeter_core.jar:5.4.3]
	at org.apache.jmeter.JMeter$ListenToTest.testEnded(JMeter.java:1301) [ApacheJMeter_core.jar:5.4.3]
	at org.apache.jmeter.engine.StandardJMeterEngine.notifyTestListenersOfEnd(StandardJMeterEngine.java:218) [ApacheJMeter_core.jar:5.4.3]
	at org.apache.jmeter.engine.StandardJMeterEngine.run(StandardJMeterEngine.java:493) [ApacheJMeter_core.jar:5.4.3]
	at java.lang.Thread.run(Thread.java:833) [?:?]
Caused by: org.apache.jmeter.report.core.SampleException: Consumer failed with message :Consumer failed with message :Consumer failed with message :Consumer failed with message :Begin size 0 is not equal to fixed size 5
	at org.apache.jmeter.report.processor.CsvFileSampleSource$PrivateProducer.stopProducing(CsvFileSampleSource.java:338) ~[ApacheJMeter_core.jar:5.4.3]
	at org.apache.jmeter.report.processor.CsvFileSampleSource.produce(CsvFileSampleSource.java:182) ~[ApacheJMeter_core.jar:5.4.3]
	at org.apache.jmeter.report.processor.CsvFileSampleSource.run(CsvFileSampleSource.java:235) ~[ApacheJMeter_core.jar:5.4.3]
	at org.apache.jmeter.report.dashboard.ReportGenerator.generate(ReportGenerator.java:240) ~[ApacheJMeter_core.jar:5.4.3]
	... 5 more
Caused by: org.apache.jmeter.report.core.SampleException: Consumer failed with message :Consumer failed with message :Consumer failed with message :Begin size 0 is not equal to fixed size 5
	at org.apache.jmeter.report.processor.AbstractSampleConsumer.stopProducing(AbstractSampleConsumer.java:244) ~[ApacheJMeter_core.jar:5.4.3]
	at org.apache.jmeter.report.processor.NormalizerSampleConsumer.stopConsuming(NormalizerSampleConsumer.java:125) ~[ApacheJMeter_core.jar:5.4.3]
	at org.apache.jmeter.report.processor.CsvFileSampleSource$PrivateProducer.stopProducing(CsvFileSampleSource.java:335) ~[ApacheJMeter_core.jar:5.4.3]
	at org.apache.jmeter.report.processor.CsvFileSampleSource.produce(CsvFileSampleSource.java:182) ~[ApacheJMeter_core.jar:5.4.3]
	at org.apache.jmeter.report.processor.CsvFileSampleSource.run(CsvFileSampleSource.java:235) ~[ApacheJMeter_core.jar:5.4.3]
	at org.apache.jmeter.report.dashboard.ReportGenerator.generate(ReportGenerator.java:240) ~[ApacheJMeter_core.jar:5.4.3]
	... 5 more
Caused by: org.apache.jmeter.report.core.SampleException: Consumer failed with message :Consumer failed with message :Begin size 0 is not equal to fixed size 5
	at org.apache.jmeter.report.processor.AbstractSampleConsumer.stopProducing(AbstractSampleConsumer.java:244) ~[ApacheJMeter_core.jar:5.4.3]
	at org.apache.jmeter.report.processor.FilterConsumer.stopConsuming(FilterConsumer.java:111) ~[ApacheJMeter_core.jar:5.4.3]
	at org.apache.jmeter.report.processor.AbstractSampleConsumer.stopProducing(AbstractSampleConsumer.java:241) ~[ApacheJMeter_core.jar:5.4.3]
	at org.apache.jmeter.report.processor.NormalizerSampleConsumer.stopConsuming(NormalizerSampleConsumer.java:125) ~[ApacheJMeter_core.jar:5.4.3]
	at org.apache.jmeter.report.processor.CsvFileSampleSource$PrivateProducer.stopProducing(CsvFileSampleSource.java:335) ~[ApacheJMeter_core.jar:5.4.3]
	at org.apache.jmeter.report.processor.CsvFileSampleSource.produce(CsvFileSampleSource.java:182) ~[ApacheJMeter_core.jar:5.4.3]
	at org.apache.jmeter.report.processor.CsvFileSampleSource.run(CsvFileSampleSource.java:235) ~[ApacheJMeter_core.jar:5.4.3]
	at org.apache.jmeter.report.dashboard.ReportGenerator.generate(ReportGenerator.java:240) ~[ApacheJMeter_core.jar:5.4.3]
	... 5 more
Caused by: org.apache.jmeter.report.core.SampleException: Consumer failed with message :Begin size 0 is not equal to fixed size 5
	at org.apache.jmeter.report.processor.AbstractSampleConsumer.stopProducing(AbstractSampleConsumer.java:244) ~[ApacheJMeter_core.jar:5.4.3]
	at org.apache.jmeter.report.processor.FilterConsumer.stopConsuming(FilterConsumer.java:111) ~[ApacheJMeter_core.jar:5.4.3]
	at org.apache.jmeter.report.processor.AbstractSampleConsumer.stopProducing(AbstractSampleConsumer.java:241) ~[ApacheJMeter_core.jar:5.4.3]
	at org.apache.jmeter.report.processor.FilterConsumer.stopConsuming(FilterConsumer.java:111) ~[ApacheJMeter_core.jar:5.4.3]
	at org.apache.jmeter.report.processor.AbstractSampleConsumer.stopProducing(AbstractSampleConsumer.java:241) ~[ApacheJMeter_core.jar:5.4.3]
	at org.apache.jmeter.report.processor.NormalizerSampleConsumer.stopConsuming(NormalizerSampleConsumer.java:125) ~[ApacheJMeter_core.jar:5.4.3]
	at org.apache.jmeter.report.processor.CsvFileSampleSource$PrivateProducer.stopProducing(CsvFileSampleSource.java:335) ~[ApacheJMeter_core.jar:5.4.3]
	at org.apache.jmeter.report.processor.CsvFileSampleSource.produce(CsvFileSampleSource.java:182) ~[ApacheJMeter_core.jar:5.4.3]
	at org.apache.jmeter.report.processor.CsvFileSampleSource.run(CsvFileSampleSource.java:235) ~[ApacheJMeter_core.jar:5.4.3]
	at org.apache.jmeter.report.dashboard.ReportGenerator.generate(ReportGenerator.java:240) ~[ApacheJMeter_core.jar:5.4.3]
	... 5 more
Caused by: java.lang.IllegalStateException: Begin size 0 is not equal to fixed size 5
	at java.util.stream.Nodes$FixedNodeBuilder.begin(Nodes.java:1214) ~[?:?]
	at java.util.stream.Sink$ChainedReference.begin(Sink.java:253) ~[?:?]
	at java.util.stream.SliceOps$1$1.begin(SliceOps.java:192) ~[?:?]
	at java.util.stream.SortedOps$SizedRefSortingSink.end(SortedOps.java:354) ~[?:?]
	at java.util.stream.AbstractPipeline.copyIntoWithCancel(AbstractPipeline.java:528) ~[?:?]
	at java.util.stream.AbstractPipeline.copyInto(AbstractPipeline.java:513) ~[?:?]
	at java.util.stream.AbstractPipeline.wrapAndCopyInto(AbstractPipeline.java:499) ~[?:?]
	at java.util.stream.AbstractPipeline.evaluate(AbstractPipeline.java:575) ~[?:?]
	at java.util.stream.AbstractPipeline.evaluateToArrayNode(AbstractPipeline.java:260) ~[?:?]
	at java.util.stream.ReferencePipeline.toArray(ReferencePipeline.java:616) ~[?:?]
	at org.apache.jmeter.report.processor.Top5ErrorsSummaryData.getTop5ErrorsMetrics(Top5ErrorsSummaryData.java:82) ~[ApacheJMeter_core.jar:5.4.3]
	at org.apache.jmeter.report.processor.Top5ErrorsBySamplerConsumer.createDataResult(Top5ErrorsBySamplerConsumer.java:97) ~[ApacheJMeter_core.jar:5.4.3]
	at org.apache.jmeter.report.processor.Top5ErrorsBySamplerConsumer.createDataResult(Top5ErrorsBySamplerConsumer.java:29) ~[ApacheJMeter_core.jar:5.4.3]
	at org.apache.jmeter.report.processor.AbstractSummaryConsumer.createResultFromKey(AbstractSummaryConsumer.java:200) ~[ApacheJMeter_core.jar:5.4.3]
	at org.apache.jmeter.report.processor.AbstractSummaryConsumer.stopConsuming(AbstractSummaryConsumer.java:261) ~[ApacheJMeter_core.jar:5.4.3]
	at org.apache.jmeter.report.processor.AbstractSampleConsumer.stopProducing(AbstractSampleConsumer.java:241) ~[ApacheJMeter_core.jar:5.4.3]
	at org.apache.jmeter.report.processor.FilterConsumer.stopConsuming(FilterConsumer.java:111) ~[ApacheJMeter_core.jar:5.4.3]
	at org.apache.jmeter.report.processor.AbstractSampleConsumer.stopProducing(AbstractSampleConsumer.java:241) ~[ApacheJMeter_core.jar:5.4.3]
	at org.apache.jmeter.report.processor.FilterConsumer.stopConsuming(FilterConsumer.java:111) ~[ApacheJMeter_core.jar:5.4.3]
	at org.apache.jmeter.report.processor.AbstractSampleConsumer.stopProducing(AbstractSampleConsumer.java:241) ~[ApacheJMeter_core.jar:5.4.3]
	at org.apache.jmeter.report.processor.NormalizerSampleConsumer.stopConsuming(NormalizerSampleConsumer.java:125) ~[ApacheJMeter_core.jar:5.4.3]
	at org.apache.jmeter.report.processor.CsvFileSampleSource$PrivateProducer.stopProducing(CsvFileSampleSource.java:335) ~[ApacheJMeter_core.jar:5.4.3]
	at org.apache.jmeter.report.processor.CsvFileSampleSource.produce(CsvFileSampleSource.java:182) ~[ApacheJMeter_core.jar:5.4.3]
	at org.apache.jmeter.report.processor.CsvFileSampleSource.run(CsvFileSampleSource.java:235) ~[ApacheJMeter_core.jar:5.4.3]
	at org.apache.jmeter.report.dashboard.ReportGenerator.generate(ReportGenerator.java:240) ~[ApacheJMeter_core.jar:5.4.3]
	... 5 more
