2019-09-12 10:07:17,963 INFO o.a.j.u.JMeterUtils: Setting Locale to en_EN
2019-09-12 10:07:17,988 INFO o.a.j.JMeter: Loading user properties from: user.properties
2019-09-12 10:07:17,988 INFO o.a.j.JMeter: Loading system properties from: system.properties
2019-09-12 10:07:17,988 INFO o.a.j.JMeter: Copyright (c) 1998-2019 The Apache Software Foundation
2019-09-12 10:07:17,988 INFO o.a.j.JMeter: Version 5.1.1 r1855137
2019-09-12 10:07:17,988 INFO o.a.j.JMeter: java.version=11.0.4
2019-09-12 10:07:17,988 INFO o.a.j.JMeter: java.vm.name=Java HotSpot(TM) 64-Bit Server VM
2019-09-12 10:07:17,988 INFO o.a.j.JMeter: os.name=Windows 10
2019-09-12 10:07:17,988 INFO o.a.j.JMeter: os.arch=amd64
2019-09-12 10:07:17,988 INFO o.a.j.JMeter: os.version=10.0
2019-09-12 10:07:17,988 INFO o.a.j.JMeter: file.encoding=Cp1252
2019-09-12 10:07:17,988 INFO o.a.j.JMeter: java.awt.headless=true
2019-09-12 10:07:17,988 INFO o.a.j.JMeter: Max memory     =6442450944
2019-09-12 10:07:17,988 INFO o.a.j.JMeter: Available Processors =4
2019-09-12 10:07:18,004 INFO o.a.j.JMeter: Default Locale=English (EN)
2019-09-12 10:07:18,004 INFO o.a.j.JMeter: JMeter  Locale=English (EN)
2019-09-12 10:07:18,004 INFO o.a.j.JMeter: JMeterHome=C:\Users\mogarg\Downloads\apache-jmeter-5.1.1\apache-jmeter-5.1.1
2019-09-12 10:07:18,004 INFO o.a.j.JMeter: user.dir  =C:\Users\mogarg\Downloads\apache-jmeter-5.1.1\apache-jmeter-5.1.1\bin
2019-09-12 10:07:18,004 INFO o.a.j.JMeter: PWD       =C:\Users\mogarg\Downloads\apache-jmeter-5.1.1\apache-jmeter-5.1.1\bin
2019-09-12 10:07:18,004 INFO o.a.j.JMeter: IP: 192.168.29.91 Name: MQNVTWJMET03 FullName: MQNVTWJMET03.acustaff.acu.edu.au
2019-09-12 10:07:18,020 INFO o.a.j.r.RmiUtils: Disabling SSL for RMI as server.rmi.ssl.disable is set to 'true'
2019-09-12 10:07:18,020 INFO o.a.j.r.RmiUtils: Disabling SSL for RMI as server.rmi.ssl.disable is set to 'true'
2019-09-12 10:07:18,137 INFO o.a.j.e.RemoteJMeterEngineImpl: Starting backing engine on 1099
2019-09-12 10:07:18,137 INFO o.a.j.r.RmiUtils: System property 'java.rmi.server.hostname' is not defined, using localHost address
2019-09-12 10:07:18,137 INFO o.a.j.r.RmiUtils: Local IP address=192.168.29.91
2019-09-12 10:07:18,137 INFO o.a.j.e.RemoteJMeterEngineImpl: IP address is a site-local address; this may cause problems with remote access.
	Can be overridden by defining the system property 'java.rmi.server.hostname' - see jmeter-server script file
2019-09-12 10:07:18,137 INFO o.a.j.e.RemoteJMeterEngineImpl: Creating RMI registry (server.rmi.create=true)
2019-09-12 10:07:18,137 INFO o.a.j.r.RmiUtils: Disabling SSL for RMI as server.rmi.ssl.disable is set to 'true'
2019-09-12 10:07:18,137 INFO o.a.j.r.RmiUtils: Disabling SSL for RMI as server.rmi.ssl.disable is set to 'true'
2019-09-12 10:07:18,137 INFO o.a.j.e.RemoteJMeterEngineImpl: Bound to RMI registry on port 1099
