2019-03-06 10:35:58,141 INFO o.a.j.u.JMeterUtils: Setting Locale to en_EN
2019-03-06 10:35:58,155 INFO o.a.j.JMeter: Loading user properties from: C:\JMeter\apache-jmeter-5.0\bin\user.properties
2019-03-06 10:35:58,155 INFO o.a.j.JMeter: Loading system properties from: C:\JMeter\apache-jmeter-5.0\bin\system.properties
2019-03-06 10:35:58,161 INFO o.a.j.JMeter: Copyright (c) 1998-2018 The Apache Software Foundation
2019-03-06 10:35:58,161 INFO o.a.j.JMeter: Version 5.0 r1840935
2019-03-06 10:35:58,161 INFO o.a.j.JMeter: java.version=1.8.0_201
2019-03-06 10:35:58,161 INFO o.a.j.JMeter: java.vm.name=Java HotSpot(TM) 64-Bit Server VM
2019-03-06 10:35:58,161 INFO o.a.j.JMeter: os.name=Windows Server 2016
2019-03-06 10:35:58,161 INFO o.a.j.JMeter: os.arch=amd64
2019-03-06 10:35:58,161 INFO o.a.j.JMeter: os.version=10.0
2019-03-06 10:35:58,161 INFO o.a.j.JMeter: file.encoding=Cp1252
2019-03-06 10:35:58,161 INFO o.a.j.JMeter: Max memory     =1073741824
2019-03-06 10:35:58,161 INFO o.a.j.JMeter: Available Processors =2
2019-03-06 10:35:58,165 INFO o.a.j.JMeter: Default Locale=English (EN)
2019-03-06 10:35:58,165 INFO o.a.j.JMeter: JMeter  Locale=English (EN)
2019-03-06 10:35:58,165 INFO o.a.j.JMeter: JMeterHome=C:\JMeter\apache-jmeter-5.0
2019-03-06 10:35:58,166 INFO o.a.j.JMeter: user.dir  =C:\Users\Jovert.Saulon
2019-03-06 10:35:58,166 INFO o.a.j.JMeter: PWD       =C:\Users\Jovert.Saulon
2019-03-06 10:35:58,167 INFO o.a.j.JMeter: IP: 10.3.205.254 Name: CSL-LAB7-TS FullName: CSL-LAB7-TS.ad.capricorn.com.au
2019-03-06 10:35:58,328 INFO o.a.j.g.a.LookAndFeelCommand: Installing Darcula LAF
2019-03-06 10:35:58,343 INFO o.a.j.g.a.LookAndFeelCommand: Using look and feel: com.bulenkov.darcula.DarculaLaf [Darcula]
2019-03-06 10:35:58,343 INFO o.a.j.JMeter: Setting LAF to: com.bulenkov.darcula.DarculaLaf
2019-03-06 10:35:58,409 INFO o.a.j.JMeter: Loaded icon properties from org/apache/jmeter/images/icon.properties
2019-03-06 10:35:59,046 INFO o.a.j.e.u.CompoundVariable: Note: Function class names must contain the string: '.functions.'
2019-03-06 10:35:59,046 INFO o.a.j.e.u.CompoundVariable: Note: Function class names must not contain the string: '.gui.'
2019-03-06 10:36:00,745 INFO o.j.r.JARSourceHTTP: Requesting https://jmeter-plugins.org/repo/?installID=windows_server_2016-4bdfe8dce031bf57d64b505928040aee-gui
2019-03-06 10:36:02,983 INFO o.a.j.p.h.s.HTTPSamplerBase: Parser for text/html is org.apache.jmeter.protocol.http.parser.LagartoBasedHtmlParser
2019-03-06 10:36:02,984 INFO o.a.j.p.h.s.HTTPSamplerBase: Parser for application/xhtml+xml is org.apache.jmeter.protocol.http.parser.LagartoBasedHtmlParser
2019-03-06 10:36:02,985 INFO o.a.j.p.h.s.HTTPSamplerBase: Parser for application/xml is org.apache.jmeter.protocol.http.parser.LagartoBasedHtmlParser
2019-03-06 10:36:02,985 INFO o.a.j.p.h.s.HTTPSamplerBase: Parser for text/xml is org.apache.jmeter.protocol.http.parser.LagartoBasedHtmlParser
2019-03-06 10:36:02,985 INFO o.a.j.p.h.s.HTTPSamplerBase: Parser for text/vnd.wap.wml is org.apache.jmeter.protocol.http.parser.RegexpHTMLParser
2019-03-06 10:36:02,985 INFO o.a.j.p.h.s.HTTPSamplerBase: Parser for text/css is org.apache.jmeter.protocol.http.parser.CssParser
2019-03-06 10:36:03,286 INFO o.j.r.PluginManager: Plugins Status: [jpgc-graphs-basic=2.0, jpgc-functions=2.1, jpgc-casutg=2.7, jpgc-dummy=0.2, jpgc-ffw=2.0, jpgc-fifo=0.2, jpgc-perfmon=2.1, jpgc-plugins-manager=1.3, jpgc-tst=2.5, jmeter-core=5.0, jmeter-ftp=5.0, jmeter-http=5.0, jmeter-jdbc=5.0, jmeter-jms=5.0, jmeter-junit=5.0, jmeter-java=5.0, jmeter-ldap=5.0, jmeter-mongodb=5.0, jmeter-native=5.0, jmeter-tcp=5.0, jmeter-components=5.0, jpgc-standard=2.0]
2019-03-06 10:36:03,371 INFO o.a.j.e.KeyToolUtils: Exception checking for keytool existence, will return false, try another way.
2019-03-06 10:36:03,569 INFO o.a.j.e.KeyToolUtils: keytool found at 'C:\Program Files\Java\jre1.8.0_201\bin\keytool'
2019-03-06 10:36:03,570 INFO o.a.j.p.h.p.ProxyControl: HTTP(S) Test Script Recorder SSL Proxy will use keys that support embedded 3rd party resources in file C:\JMeter\apache-jmeter-5.0\bin\proxyserver.jks
2019-03-06 10:36:03,741 INFO o.a.j.s.FileServer: Default base='C:\Users\Jovert.Saulon'
2019-03-06 10:36:04,003 INFO o.a.j.s.SampleResult: Note: Sample TimeStamps are START times
2019-03-06 10:36:04,004 INFO o.a.j.s.SampleResult: sampleresult.default.encoding is set to ISO-8859-1
2019-03-06 10:36:04,004 INFO o.a.j.s.SampleResult: sampleresult.useNanoTime=true
2019-03-06 10:36:04,004 INFO o.a.j.s.SampleResult: sampleresult.nanoThreadSleep=5000
2019-03-06 10:36:19,320 INFO o.a.j.g.a.Load: Loading file: C:\Automation\API\workshop\Smoke Test_1.jmx
2019-03-06 10:36:19,320 INFO o.a.j.s.FileServer: Set new base='C:\Automation\API\workshop'
2019-03-06 10:36:19,478 INFO o.a.j.s.SaveService: Testplan (JMX) version: 2.2. Testlog (JTL) version: 2.2
2019-03-06 10:36:19,481 INFO o.a.j.s.SaveService: Using SaveService properties file encoding UTF-8
2019-03-06 10:36:19,483 INFO o.a.j.s.SaveService: Using SaveService properties version 5.0
2019-03-06 10:36:19,485 INFO o.a.j.s.SaveService: Loading file: C:\Automation\API\workshop\Smoke Test_1.jmx
2019-03-06 10:36:19,836 INFO o.a.j.s.FileServer: Set new base='C:\Automation\API\workshop'
2019-03-06 10:36:20,063 ERROR o.a.j.JMeter: Uncaught exception: 
java.lang.ExceptionInInitializerError: null
	at org.apache.jmeter.gui.action.Load.loadProjectFile(Load.java:157) ~[ApacheJMeter_core.jar:5.0 r1840935]
	at org.apache.jmeter.gui.action.Load.loadProjectFile(Load.java:102) ~[ApacheJMeter_core.jar:5.0 r1840935]
	at org.apache.jmeter.gui.action.LoadRecentProject.doActionAfterCheck(LoadRecentProject.java:67) ~[ApacheJMeter_core.jar:5.0 r1840935]
	at org.apache.jmeter.gui.action.AbstractActionWithNoRunningTest.doAction(AbstractActionWithNoRunningTest.java:45) ~[ApacheJMeter_core.jar:5.0 r1840935]
	at org.apache.jmeter.gui.action.ActionRouter.performAction(ActionRouter.java:88) ~[ApacheJMeter_core.jar:5.0 r1840935]
	at org.apache.jmeter.gui.action.ActionRouter.lambda$actionPerformed$0(ActionRouter.java:70) ~[ApacheJMeter_core.jar:5.0 r1840935]
	at java.awt.event.InvocationEvent.dispatch(Unknown Source) ~[?:1.8.0_201]
	at java.awt.EventQueue.dispatchEventImpl(Unknown Source) ~[?:1.8.0_201]
	at java.awt.EventQueue.access$500(Unknown Source) ~[?:1.8.0_201]
	at java.awt.EventQueue$3.run(Unknown Source) ~[?:1.8.0_201]
	at java.awt.EventQueue$3.run(Unknown Source) ~[?:1.8.0_201]
	at java.security.AccessController.doPrivileged(Native Method) ~[?:1.8.0_201]
	at java.security.ProtectionDomain$JavaSecurityAccessImpl.doIntersectionPrivilege(Unknown Source) ~[?:1.8.0_201]
	at java.awt.EventQueue.dispatchEvent(Unknown Source) ~[?:1.8.0_201]
	at java.awt.EventDispatchThread.pumpOneEventForFilters(Unknown Source) [?:1.8.0_201]
	at java.awt.EventDispatchThread.pumpEventsForFilter(Unknown Source) [?:1.8.0_201]
	at java.awt.EventDispatchThread.pumpEventsForHierarchy(Unknown Source) [?:1.8.0_201]
	at java.awt.EventDispatchThread.pumpEvents(Unknown Source) [?:1.8.0_201]
	at java.awt.EventDispatchThread.pumpEvents(Unknown Source) [?:1.8.0_201]
	at java.awt.EventDispatchThread.run(Unknown Source) [?:1.8.0_201]
Caused by: java.lang.NullPointerException
	at javax.swing.plaf.metal.MetalFileChooserUI$IndentIcon.getIconWidth(Unknown Source) ~[?:1.8.0_201]
	at javax.swing.SwingUtilities.layoutCompoundLabelImpl(Unknown Source) ~[?:1.8.0_201]
	at javax.swing.SwingUtilities.layoutCompoundLabel(Unknown Source) ~[?:1.8.0_201]
	at javax.swing.plaf.basic.BasicLabelUI.layoutCL(Unknown Source) ~[?:1.8.0_201]
	at javax.swing.plaf.basic.BasicLabelUI.getPreferredSize(Unknown Source) ~[?:1.8.0_201]
	at javax.swing.JComponent.getPreferredSize(Unknown Source) ~[?:1.8.0_201]
	at javax.swing.plaf.basic.BasicListUI.updateLayoutState(Unknown Source) ~[?:1.8.0_201]
	at javax.swing.plaf.basic.BasicListUI.maybeUpdateLayoutState(Unknown Source) ~[?:1.8.0_201]
	at javax.swing.plaf.basic.BasicListUI$Handler.valueChanged(Unknown Source) ~[?:1.8.0_201]
	at javax.swing.DefaultListSelectionModel.fireValueChanged(Unknown Source) ~[?:1.8.0_201]
	at javax.swing.DefaultListSelectionModel.fireValueChanged(Unknown Source) ~[?:1.8.0_201]
	at javax.swing.DefaultListSelectionModel.fireValueChanged(Unknown Source) ~[?:1.8.0_201]
	at javax.swing.DefaultListSelectionModel.changeSelection(Unknown Source) ~[?:1.8.0_201]
	at javax.swing.DefaultListSelectionModel.changeSelection(Unknown Source) ~[?:1.8.0_201]
	at javax.swing.DefaultListSelectionModel.setSelectionInterval(Unknown Source) ~[?:1.8.0_201]
	at javax.swing.JList.setSelectedIndex(Unknown Source) ~[?:1.8.0_201]
	at javax.swing.plaf.basic.BasicComboPopup.setListSelection(Unknown Source) ~[?:1.8.0_201]
	at javax.swing.plaf.basic.BasicComboPopup.access$300(Unknown Source) ~[?:1.8.0_201]
	at javax.swing.plaf.basic.BasicComboPopup$Handler.itemStateChanged(Unknown Source) ~[?:1.8.0_201]
	at javax.swing.JComboBox.fireItemStateChanged(Unknown Source) ~[?:1.8.0_201]
	at javax.swing.JComboBox.selectedItemChanged(Unknown Source) ~[?:1.8.0_201]
	at javax.swing.JComboBox.contentsChanged(Unknown Source) ~[?:1.8.0_201]
	at javax.swing.AbstractListModel.fireContentsChanged(Unknown Source) ~[?:1.8.0_201]
	at javax.swing.plaf.metal.MetalFileChooserUI$DirectoryComboBoxModel.setSelectedItem(Unknown Source) ~[?:1.8.0_201]
	at javax.swing.plaf.metal.MetalFileChooserUI$DirectoryComboBoxModel.addItem(Unknown Source) ~[?:1.8.0_201]
	at javax.swing.plaf.metal.MetalFileChooserUI$DirectoryComboBoxModel.access$800(Unknown Source) ~[?:1.8.0_201]
	at javax.swing.plaf.metal.MetalFileChooserUI.doDirectoryChanged(Unknown Source) ~[?:1.8.0_201]
	at javax.swing.plaf.metal.MetalFileChooserUI.access$1100(Unknown Source) ~[?:1.8.0_201]
	at javax.swing.plaf.metal.MetalFileChooserUI$5.propertyChange(Unknown Source) ~[?:1.8.0_201]
	at java.beans.PropertyChangeSupport.fire(Unknown Source) ~[?:1.8.0_201]
	at java.beans.PropertyChangeSupport.firePropertyChange(Unknown Source) ~[?:1.8.0_201]
	at java.beans.PropertyChangeSupport.firePropertyChange(Unknown Source) ~[?:1.8.0_201]
	at java.awt.Component.firePropertyChange(Unknown Source) ~[?:1.8.0_201]
	at javax.swing.JFileChooser.setCurrentDirectory(Unknown Source) ~[?:1.8.0_201]
	at javax.swing.JFileChooser.<init>(Unknown Source) ~[?:1.8.0_201]
	at javax.swing.JFileChooser.<init>(Unknown Source) ~[?:1.8.0_201]
	at org.apache.jmeter.gui.util.FileDialoger.<clinit>(FileDialoger.java:39) ~[ApacheJMeter_core.jar:5.0 r1840935]
	... 20 more
2019-03-06 10:36:26,665 INFO o.a.j.e.StandardJMeterEngine: Running the test!
2019-03-06 10:36:26,666 INFO o.a.j.s.SampleEvent: List of sample_variables: []
2019-03-06 10:36:26,667 INFO o.a.j.s.SampleEvent: List of sample_variables: []
2019-03-06 10:36:26,673 INFO o.a.j.g.u.JMeterMenuBar: setRunning(true, *local*)
2019-03-06 10:36:26,841 INFO o.a.j.e.StandardJMeterEngine: Starting ThreadGroup: 1 : TC_Scenario 1
2019-03-06 10:36:26,842 INFO o.a.j.e.StandardJMeterEngine: Starting 1 threads for group TC_Scenario 1.
2019-03-06 10:36:26,842 INFO o.a.j.e.StandardJMeterEngine: Thread will continue on error
2019-03-06 10:36:26,842 INFO o.a.j.t.ThreadGroup: Starting thread group... number=1 threads=1 ramp-up=1 perThread=1000.0 delayedStart=false
2019-03-06 10:36:26,846 INFO o.a.j.t.ThreadGroup: Started thread group number 1
2019-03-06 10:36:26,846 INFO o.a.j.e.StandardJMeterEngine: All thread groups have been started
2019-03-06 10:36:26,861 INFO o.a.j.t.JMeterThread: Thread started: TC_Scenario 1 1-1
2019-03-06 10:36:26,873 INFO o.a.j.p.h.s.HTTPHCAbstractImpl: Local host = CSL-LAB7-TS
2019-03-06 10:36:26,889 INFO o.a.j.p.h.s.HTTPHC4Impl: HTTP request retry count = 0
2019-03-06 10:36:27,005 INFO o.a.j.u.JsseSSLManager: Using default SSL protocol: TLS
2019-03-06 10:36:27,006 INFO o.a.j.u.JsseSSLManager: SSL session context: per-thread
2019-03-06 10:36:27,155 INFO o.a.j.t.JMeterThread: Thread is done: TC_Scenario 1 1-1
2019-03-06 10:36:27,156 INFO o.a.j.t.JMeterThread: Thread finished: TC_Scenario 1 1-1
2019-03-06 10:36:27,158 INFO o.a.j.e.StandardJMeterEngine: Notifying test listeners of end of test
2019-03-06 10:36:27,161 INFO o.a.j.g.u.JMeterMenuBar: setRunning(false, *local*)
2019-03-06 10:36:37,608 ERROR o.a.j.JMeter: Uncaught exception: 
java.lang.NoClassDefFoundError: Could not initialize class org.apache.jmeter.gui.util.FileDialoger
	at org.apache.jmeter.gui.action.Load.doActionAfterCheck(Load.java:76) ~[ApacheJMeter_core.jar:5.0 r1840935]
	at org.apache.jmeter.gui.action.AbstractActionWithNoRunningTest.doAction(AbstractActionWithNoRunningTest.java:45) ~[ApacheJMeter_core.jar:5.0 r1840935]
	at org.apache.jmeter.gui.action.ActionRouter.performAction(ActionRouter.java:88) ~[ApacheJMeter_core.jar:5.0 r1840935]
	at org.apache.jmeter.gui.action.ActionRouter.lambda$actionPerformed$0(ActionRouter.java:70) ~[ApacheJMeter_core.jar:5.0 r1840935]
	at java.awt.event.InvocationEvent.dispatch(Unknown Source) ~[?:1.8.0_201]
	at java.awt.EventQueue.dispatchEventImpl(Unknown Source) ~[?:1.8.0_201]
	at java.awt.EventQueue.access$500(Unknown Source) ~[?:1.8.0_201]
	at java.awt.EventQueue$3.run(Unknown Source) ~[?:1.8.0_201]
	at java.awt.EventQueue$3.run(Unknown Source) ~[?:1.8.0_201]
	at java.security.AccessController.doPrivileged(Native Method) ~[?:1.8.0_201]
	at java.security.ProtectionDomain$JavaSecurityAccessImpl.doIntersectionPrivilege(Unknown Source) ~[?:1.8.0_201]
	at java.awt.EventQueue.dispatchEvent(Unknown Source) ~[?:1.8.0_201]
	at java.awt.EventDispatchThread.pumpOneEventForFilters(Unknown Source) [?:1.8.0_201]
	at java.awt.EventDispatchThread.pumpEventsForFilter(Unknown Source) [?:1.8.0_201]
	at java.awt.EventDispatchThread.pumpEventsForHierarchy(Unknown Source) [?:1.8.0_201]
	at java.awt.EventDispatchThread.pumpEvents(Unknown Source) [?:1.8.0_201]
	at java.awt.EventDispatchThread.pumpEvents(Unknown Source) [?:1.8.0_201]
	at java.awt.EventDispatchThread.run(Unknown Source) [?:1.8.0_201]
2019-03-06 10:36:45,133 ERROR o.a.j.JMeter: Uncaught exception: 
java.lang.NoClassDefFoundError: Could not initialize class org.apache.jmeter.gui.util.FileDialoger
	at org.apache.jmeter.gui.action.Save.doAction(Save.java:174) ~[ApacheJMeter_core.jar:5.0 r1840935]
	at org.apache.jmeter.gui.action.ActionRouter.performAction(ActionRouter.java:88) ~[ApacheJMeter_core.jar:5.0 r1840935]
	at org.apache.jmeter.gui.action.ActionRouter.lambda$actionPerformed$0(ActionRouter.java:70) ~[ApacheJMeter_core.jar:5.0 r1840935]
	at java.awt.event.InvocationEvent.dispatch(Unknown Source) ~[?:1.8.0_201]
	at java.awt.EventQueue.dispatchEventImpl(Unknown Source) ~[?:1.8.0_201]
	at java.awt.EventQueue.access$500(Unknown Source) ~[?:1.8.0_201]
	at java.awt.EventQueue$3.run(Unknown Source) ~[?:1.8.0_201]
	at java.awt.EventQueue$3.run(Unknown Source) ~[?:1.8.0_201]
	at java.security.AccessController.doPrivileged(Native Method) ~[?:1.8.0_201]
	at java.security.ProtectionDomain$JavaSecurityAccessImpl.doIntersectionPrivilege(Unknown Source) ~[?:1.8.0_201]
	at java.awt.EventQueue.dispatchEvent(Unknown Source) ~[?:1.8.0_201]
	at java.awt.EventDispatchThread.pumpOneEventForFilters(Unknown Source) [?:1.8.0_201]
	at java.awt.EventDispatchThread.pumpEventsForFilter(Unknown Source) [?:1.8.0_201]
	at java.awt.EventDispatchThread.pumpEventsForHierarchy(Unknown Source) [?:1.8.0_201]
	at java.awt.EventDispatchThread.pumpEvents(Unknown Source) [?:1.8.0_201]
	at java.awt.EventDispatchThread.pumpEvents(Unknown Source) [?:1.8.0_201]
	at java.awt.EventDispatchThread.run(Unknown Source) [?:1.8.0_201]
