2004/12/01 17:00:37 INFO  - jmeter.JMeter: Version 2.0.1 
2004/12/01 17:00:38 INFO  - jmeter.JMeter: java.version=1.4.2_04 
2004/12/01 17:02:03 INFO  - jmeter.gui.action.Load: Loading file: C:\Share\jakarta-jmeter-2.0.1\bin\testfiles\Silk1PopulateWJM1.jmx 
2004/12/01 17:02:35 INFO  - jmeter.engine.StandardJMeterEngine: Running the test! 
2004/12/01 17:02:35 INFO  - jmeter.engine.StandardJMeterEngine: About to call test listeners 
2004/12/01 17:02:35 INFO  - jmeter.engine.StandardJMeterEngine: Notifying test listener: org.apache.jmeter.protocol.http.control.CookieManager 
2004/12/01 17:02:35 INFO  - jmeter.engine.StandardJMeterEngine: Notifying test listener: org.apache.jmeter.protocol.http.sampler.HTTPSampler 
2004/12/01 17:02:35 INFO  - jmeter.testelement.AbstractTestElement: path property is a org.apache.jmeter.testelement.property.StringProperty 
2004/12/01 17:02:35 INFO  - jmeter.testelement.AbstractTestElement: path beginning value = /silk/portal 
2004/12/01 17:02:35 INFO  - jmeter.testelement.AbstractTestElement: Encoding spaces in path 
2004/12/01 17:02:35 INFO  - jmeter.testelement.AbstractTestElement: path ending value = /silk/portal 
2004/12/01 17:02:35 INFO  - jmeter.engine.StandardJMeterEngine: Notifying test listener: org.apache.jmeter.protocol.http.sampler.HTTPSampler 
2004/12/01 17:02:35 INFO  - jmeter.testelement.AbstractTestElement: path property is a org.apache.jmeter.testelement.property.StringProperty 
2004/12/01 17:02:35 INFO  - jmeter.testelement.AbstractTestElement: path beginning value = /silk/portal/user/anon/action/ChefLoginUser 
2004/12/01 17:02:35 INFO  - jmeter.testelement.AbstractTestElement: Encoding spaces in path 
2004/12/01 17:02:35 INFO  - jmeter.testelement.AbstractTestElement: path ending value = /silk/portal/user/anon/action/ChefLoginUser 
2004/12/01 17:02:35 INFO  - jmeter.engine.StandardJMeterEngine: Notifying test listener: org.apache.jmeter.protocol.http.sampler.HTTPSampler 
2004/12/01 17:02:35 INFO  - jmeter.testelement.AbstractTestElement: path property is a org.apache.jmeter.testelement.property.StringProperty 
2004/12/01 17:02:35 INFO  - jmeter.testelement.AbstractTestElement: path beginning value = /silk/portal/group/1100685515969-5/action/Select?site=1100685515969-5 
2004/12/01 17:02:35 INFO  - jmeter.testelement.AbstractTestElement: Encoding spaces in path 
2004/12/01 17:02:35 INFO  - jmeter.testelement.AbstractTestElement: path ending value = /silk/portal/group/1100685515969-5/action/Select?site=1100685515969-5 
2004/12/01 17:02:35 INFO  - jmeter.engine.StandardJMeterEngine: Notifying test listener: org.apache.jmeter.protocol.http.sampler.HTTPSampler 
2004/12/01 17:02:35 INFO  - jmeter.testelement.AbstractTestElement: path property is a org.apache.jmeter.testelement.property.StringProperty 
2004/12/01 17:02:35 INFO  - jmeter.testelement.AbstractTestElement: path beginning value = /silk/portal/group/1100685515969-5/js_pane/1100685516000-25?action=Select&site=1100685515969-5&sitePage=1100685516000-25 
2004/12/01 17:02:35 INFO  - jmeter.testelement.AbstractTestElement: Encoding spaces in path 
2004/12/01 17:02:35 INFO  - jmeter.testelement.AbstractTestElement: path ending value = /silk/portal/group/1100685515969-5/js_pane/1100685516000-25?action=Select&site=1100685515969-5&sitePage=1100685516000-25 
2004/12/01 17:02:35 INFO  - jmeter.engine.StandardJMeterEngine: Notifying test listener: org.apache.jmeter.protocol.http.sampler.HTTPSampler 
2004/12/01 17:02:35 INFO  - jmeter.testelement.AbstractTestElement: path property is a org.apache.jmeter.testelement.property.StringProperty 
2004/12/01 17:02:35 INFO  - jmeter.testelement.AbstractTestElement: path beginning value = /silk/portal/group/1100685515969-5/js_peid/1100685516000-26/action/ResourcesAction/template/courier_content/panel/Main 
2004/12/01 17:02:35 INFO  - jmeter.testelement.AbstractTestElement: Encoding spaces in path 
2004/12/01 17:02:35 INFO  - jmeter.testelement.AbstractTestElement: path ending value = /silk/portal/group/1100685515969-5/js_peid/1100685516000-26/action/ResourcesAction/template/courier_content/panel/Main 
2004/12/01 17:02:35 INFO  - jmeter.engine.StandardJMeterEngine: Notifying test listener: org.apache.jmeter.protocol.http.sampler.HTTPSampler 
2004/12/01 17:02:35 INFO  - jmeter.testelement.AbstractTestElement: path property is a org.apache.jmeter.testelement.property.StringProperty 
2004/12/01 17:02:35 INFO  - jmeter.testelement.AbstractTestElement: path beginning value = /silk/portal/group/1100685515969-5?action=ChefLogoutUser 
2004/12/01 17:02:35 INFO  - jmeter.testelement.AbstractTestElement: Encoding spaces in path 
2004/12/01 17:02:35 INFO  - jmeter.testelement.AbstractTestElement: path ending value = /silk/portal/group/1100685515969-5?action=ChefLogoutUser 
2004/12/01 17:02:35 INFO  - jmeter.engine.StandardJMeterEngine: Notifying test listener: org.apache.jmeter.protocol.http.control.CookieManager 
2004/12/01 17:02:35 INFO  - jmeter.engine.StandardJMeterEngine: Notifying test listener: org.apache.jmeter.protocol.http.sampler.HTTPSampler 
2004/12/01 17:02:36 INFO  - jmeter.testelement.AbstractTestElement: path property is a org.apache.jmeter.testelement.property.StringProperty 
2004/12/01 17:02:36 INFO  - jmeter.testelement.AbstractTestElement: path beginning value = /silk/portal 
2004/12/01 17:02:36 INFO  - jmeter.testelement.AbstractTestElement: Encoding spaces in path 
2004/12/01 17:02:36 INFO  - jmeter.testelement.AbstractTestElement: path ending value = /silk/portal 
2004/12/01 17:02:36 INFO  - jmeter.engine.StandardJMeterEngine: Notifying test listener: org.apache.jmeter.protocol.http.sampler.HTTPSampler 
2004/12/01 17:02:36 INFO  - jmeter.testelement.AbstractTestElement: path property is a org.apache.jmeter.testelement.property.StringProperty 
2004/12/01 17:02:36 INFO  - jmeter.testelement.AbstractTestElement: path beginning value = /silk/portal/user/anon/action/ChefLoginUser 
2004/12/01 17:02:36 INFO  - jmeter.testelement.AbstractTestElement: Encoding spaces in path 
2004/12/01 17:02:36 INFO  - jmeter.testelement.AbstractTestElement: path ending value = /silk/portal/user/anon/action/ChefLoginUser 
2004/12/01 17:02:36 INFO  - jmeter.engine.StandardJMeterEngine: Notifying test listener: org.apache.jmeter.protocol.http.sampler.HTTPSampler 
2004/12/01 17:02:36 INFO  - jmeter.testelement.AbstractTestElement: path property is a org.apache.jmeter.testelement.property.StringProperty 
2004/12/01 17:02:36 INFO  - jmeter.testelement.AbstractTestElement: path beginning value = /silk/portal/group/1100685515969-5/action/Select?site=1100685515969-5 
2004/12/01 17:02:36 INFO  - jmeter.testelement.AbstractTestElement: Encoding spaces in path 
2004/12/01 17:02:36 INFO  - jmeter.testelement.AbstractTestElement: path ending value = /silk/portal/group/1100685515969-5/action/Select?site=1100685515969-5 
2004/12/01 17:02:36 INFO  - jmeter.engine.StandardJMeterEngine: Notifying test listener: org.apache.jmeter.protocol.http.sampler.HTTPSampler 
2004/12/01 17:02:36 INFO  - jmeter.testelement.AbstractTestElement: path property is a org.apache.jmeter.testelement.property.StringProperty 
2004/12/01 17:02:36 INFO  - jmeter.testelement.AbstractTestElement: path beginning value = /silk/portal/group/1100685515969-5/js_pane/1100685516000-25?action=Select&site=1100685515969-5&sitePage=1100685516000-25 
2004/12/01 17:02:36 INFO  - jmeter.testelement.AbstractTestElement: Encoding spaces in path 
2004/12/01 17:02:36 INFO  - jmeter.testelement.AbstractTestElement: path ending value = /silk/portal/group/1100685515969-5/js_pane/1100685516000-25?action=Select&site=1100685515969-5&sitePage=1100685516000-25 
2004/12/01 17:02:36 INFO  - jmeter.engine.StandardJMeterEngine: Notifying test listener: org.apache.jmeter.protocol.http.sampler.HTTPSampler 
2004/12/01 17:02:36 INFO  - jmeter.testelement.AbstractTestElement: path property is a org.apache.jmeter.testelement.property.StringProperty 
2004/12/01 17:02:36 INFO  - jmeter.testelement.AbstractTestElement: path beginning value = /silk/portal/group/1100685515969-5/js_peid/1100685516000-26/action/ResourcesAction/template/courier_content/panel/Main?eventSubmit_doNavigate=null&collectionId=/group/1100685515969-5/VolTestFolder3/ 
2004/12/01 17:02:36 INFO  - jmeter.testelement.AbstractTestElement: Encoding spaces in path 
2004/12/01 17:02:36 INFO  - jmeter.testelement.AbstractTestElement: path ending value = /silk/portal/group/1100685515969-5/js_peid/1100685516000-26/action/ResourcesAction/template/courier_content/panel/Main?eventSubmit_doNavigate=null&collectionId=/group/1100685515969-5/VolTestFolder3/ 
2004/12/01 17:02:36 INFO  - jmeter.engine.StandardJMeterEngine: Notifying test listener: org.apache.jmeter.protocol.http.sampler.HTTPSampler 
2004/12/01 17:02:36 INFO  - jmeter.testelement.AbstractTestElement: path property is a org.apache.jmeter.testelement.property.StringProperty 
2004/12/01 17:02:36 INFO  - jmeter.testelement.AbstractTestElement: path beginning value = /silk/portal/group/1100685515969-5/js_peid/1100685516000-26/action/ResourcesAction/template/courier_content/panel/Main/special/upload 
2004/12/01 17:02:36 INFO  - jmeter.testelement.AbstractTestElement: Encoding spaces in path 
2004/12/01 17:02:36 INFO  - jmeter.testelement.AbstractTestElement: path ending value = /silk/portal/group/1100685515969-5/js_peid/1100685516000-26/action/ResourcesAction/template/courier_content/panel/Main/special/upload 
2004/12/01 17:02:36 INFO  - jmeter.engine.StandardJMeterEngine: Notifying test listener: org.apache.jmeter.protocol.http.sampler.HTTPSampler 
2004/12/01 17:02:36 INFO  - jmeter.testelement.AbstractTestElement: path property is a org.apache.jmeter.testelement.property.StringProperty 
2004/12/01 17:02:36 INFO  - jmeter.testelement.AbstractTestElement: path beginning value = /silk/portal/group/1100685515969-5?action=ChefLogoutUser 
2004/12/01 17:02:36 INFO  - jmeter.testelement.AbstractTestElement: Encoding spaces in path 
2004/12/01 17:02:36 INFO  - jmeter.testelement.AbstractTestElement: path ending value = /silk/portal/group/1100685515969-5?action=ChefLogoutUser 
2004/12/01 17:02:36 INFO  - jmeter.engine.StandardJMeterEngine: Notifying test listener: org.apache.jmeter.reporters.ResultCollector 
2004/12/01 17:02:36 INFO  - jmeter.engine.StandardJMeterEngine: Notifying test listener: org.apache.jmeter.gui.MainFrame 
2004/12/01 17:02:36 INFO  - jmeter.gui.util.JMeterMenuBar: setRunning(true,local) 
2004/12/01 17:02:36 INFO  - jmeter.engine.StandardJMeterEngine: Starting 1 threads for group Create Folders. Ramp up = 10. 
2004/12/01 17:02:36 INFO  - jmeter.engine.StandardJMeterEngine: Continue on error 
2004/12/01 17:02:36 INFO  - jmeter.threads.JMeterThread: Thread Create Folders1-1 started 
2004/12/01 17:02:39 ERROR - jmeter.protocol.http.control.CookieManager: Couldn't parse Cookie expiration time. java.text.ParseException: Unparseable date: "Mon, 01-Dec-2003 15:31:47 GMT"
	at java.text.DateFormat.parse(Unknown Source)
	at org.apache.jmeter.protocol.http.control.CookieManager.addCookieFromHeader(CookieManager.java:361)
	at org.apache.jmeter.protocol.http.sampler.HTTPSampler.saveConnectionCookies(HTTPSampler.java:796)
	at org.apache.jmeter.protocol.http.sampler.HTTPSampler.sample(HTTPSampler.java:546)
	at org.apache.jmeter.protocol.http.sampler.HTTPSamplerBase.sample(HTTPSamplerBase.java:585)
	at org.apache.jmeter.protocol.http.sampler.HTTPSamplerBase.sample(HTTPSamplerBase.java:573)
	at org.apache.jmeter.threads.JMeterThread.run(JMeterThread.java:254)
	at java.lang.Thread.run(Unknown Source)

2004/12/01 17:02:39 INFO  - jmeter.threads.JMeterThread: Thread Create Folders1-1 is done 
2004/12/01 17:02:39 INFO  - jmeter.engine.StandardJMeterEngine: Starting 5 threads for group Volume Testing. Ramp up = 300. 
2004/12/01 17:02:39 INFO  - jmeter.engine.StandardJMeterEngine: Continue on error 
2004/12/01 17:02:39 INFO  - jmeter.threads.JMeterThread: Thread Volume Testing2-1 started 
2004/12/01 17:02:50 ERROR - jmeter.protocol.http.control.CookieManager: Couldn't parse Cookie expiration time. java.text.ParseException: Unparseable date: "Mon, 01-Dec-2003 15:34:10 GMT"
	at java.text.DateFormat.parse(Unknown Source)
	at org.apache.jmeter.protocol.http.control.CookieManager.addCookieFromHeader(CookieManager.java:361)
	at org.apache.jmeter.protocol.http.sampler.HTTPSampler.saveConnectionCookies(HTTPSampler.java:796)
	at org.apache.jmeter.protocol.http.sampler.HTTPSampler.sample(HTTPSampler.java:546)
	at org.apache.jmeter.protocol.http.sampler.HTTPSamplerBase.sample(HTTPSamplerBase.java:585)
	at org.apache.jmeter.protocol.http.sampler.HTTPSamplerBase.sample(HTTPSamplerBase.java:573)
	at org.apache.jmeter.threads.JMeterThread.run(JMeterThread.java:254)
	at java.lang.Thread.run(Unknown Source)

2004/12/01 17:02:50 INFO  - jmeter.threads.JMeterThread: Thread Volume Testing2-1 is done 
2004/12/01 17:03:39 INFO  - jmeter.threads.JMeterThread: Thread Volume Testing2-2 started 
2004/12/01 17:03:51 ERROR - jmeter.protocol.http.control.CookieManager: Couldn't parse Cookie expiration time. java.text.ParseException: Unparseable date: "Mon, 01-Dec-2003 15:56:26 GMT"
	at java.text.DateFormat.parse(Unknown Source)
	at org.apache.jmeter.protocol.http.control.CookieManager.addCookieFromHeader(CookieManager.java:361)
	at org.apache.jmeter.protocol.http.sampler.HTTPSampler.saveConnectionCookies(HTTPSampler.java:796)
	at org.apache.jmeter.protocol.http.sampler.HTTPSampler.sample(HTTPSampler.java:546)
	at org.apache.jmeter.protocol.http.sampler.HTTPSamplerBase.sample(HTTPSamplerBase.java:585)
	at org.apache.jmeter.protocol.http.sampler.HTTPSamplerBase.sample(HTTPSamplerBase.java:573)
	at org.apache.jmeter.threads.JMeterThread.run(JMeterThread.java:254)
	at java.lang.Thread.run(Unknown Source)

2004/12/01 17:03:51 INFO  - jmeter.threads.JMeterThread: Thread Volume Testing2-2 is done 
2004/12/01 17:04:39 INFO  - jmeter.threads.JMeterThread: Thread Volume Testing2-3 started 
2004/12/01 17:04:50 ERROR - jmeter.protocol.http.control.CookieManager: Couldn't parse Cookie expiration time. java.text.ParseException: Unparseable date: "Mon, 01-Dec-2003 15:56:26 GMT"
	at java.text.DateFormat.parse(Unknown Source)
	at org.apache.jmeter.protocol.http.control.CookieManager.addCookieFromHeader(CookieManager.java:361)
	at org.apache.jmeter.protocol.http.sampler.HTTPSampler.saveConnectionCookies(HTTPSampler.java:796)
	at org.apache.jmeter.protocol.http.sampler.HTTPSampler.sample(HTTPSampler.java:546)
	at org.apache.jmeter.protocol.http.sampler.HTTPSamplerBase.sample(HTTPSamplerBase.java:585)
	at org.apache.jmeter.protocol.http.sampler.HTTPSamplerBase.sample(HTTPSamplerBase.java:573)
	at org.apache.jmeter.threads.JMeterThread.run(JMeterThread.java:254)
	at java.lang.Thread.run(Unknown Source)

2004/12/01 17:04:50 INFO  - jmeter.threads.JMeterThread: Thread Volume Testing2-3 is done 
2004/12/01 17:05:39 INFO  - jmeter.threads.JMeterThread: Thread Volume Testing2-4 started 
2004/12/01 17:06:00 ERROR - jmeter.protocol.http.control.CookieManager: Couldn't parse Cookie expiration time. java.text.ParseException: Unparseable date: "Mon, 01-Dec-2003 15:34:10 GMT"
	at java.text.DateFormat.parse(Unknown Source)
	at org.apache.jmeter.protocol.http.control.CookieManager.addCookieFromHeader(CookieManager.java:361)
	at org.apache.jmeter.protocol.http.sampler.HTTPSampler.saveConnectionCookies(HTTPSampler.java:796)
	at org.apache.jmeter.protocol.http.sampler.HTTPSampler.sample(HTTPSampler.java:546)
	at org.apache.jmeter.protocol.http.sampler.HTTPSamplerBase.sample(HTTPSamplerBase.java:585)
	at org.apache.jmeter.protocol.http.sampler.HTTPSamplerBase.sample(HTTPSamplerBase.java:573)
	at org.apache.jmeter.threads.JMeterThread.run(JMeterThread.java:254)
	at java.lang.Thread.run(Unknown Source)

2004/12/01 17:06:00 INFO  - jmeter.threads.JMeterThread: Thread Volume Testing2-4 is done 
2004/12/01 17:06:39 INFO  - jmeter.threads.JMeterThread: Thread Volume Testing2-5 started 
