2017/01/18 23:44:16 INFO  - jmeter.util.JMeterUtils: Setting Locale to en_US 
2017/01/18 23:44:16 INFO  - jmeter.JMeter: Loading user properties from: /home/cosben/apache-jmeter-2.13/bin/user.properties 
2017/01/18 23:44:16 INFO  - jmeter.JMeter: Loading system properties from: /home/cosben/apache-jmeter-2.13/bin/system.properties 
2017/01/18 23:44:16 INFO  - jmeter.JMeter: Copyright (c) 1998-2016 The Apache Software Foundation 
2017/01/18 23:44:16 INFO  - jmeter.JMeter: Version 3.0 r1743807 
2017/01/18 23:44:16 INFO  - jmeter.JMeter: java.version=1.8.0_101 
2017/01/18 23:44:16 INFO  - jmeter.JMeter: java.vm.name=OpenJDK 64-Bit Server VM 
2017/01/18 23:44:16 INFO  - jmeter.JMeter: os.name=Linux 
2017/01/18 23:44:16 INFO  - jmeter.JMeter: os.arch=amd64 
2017/01/18 23:44:16 INFO  - jmeter.JMeter: os.version=3.10.0-327.28.3.el7.x86_64 
2017/01/18 23:44:16 INFO  - jmeter.JMeter: file.encoding=UTF-8 
2017/01/18 23:44:16 INFO  - jmeter.JMeter: Max memory     =12348030976 
2017/01/18 23:44:16 INFO  - jmeter.JMeter: Available Processors =8 
2017/01/18 23:44:16 INFO  - jmeter.JMeter: Default Locale=English (United States) 
2017/01/18 23:44:16 INFO  - jmeter.JMeter: JMeter  Locale=English (United States) 
2017/01/18 23:44:16 INFO  - jmeter.JMeter: JMeterHome=/home/cosben/apache-jmeter-3.0 
2017/01/18 23:44:16 INFO  - jmeter.JMeter: user.dir  =/home/cosben/apache-jmeter-2.13/bin 
2017/01/18 23:44:16 INFO  - jmeter.JMeter: PWD       =/home/cosben/apache-jmeter-2.13/bin 
2017/01/18 23:44:16 INFO  - jmeter.JMeter: IP: 20.0.52.151 Name: vcosben-f65 FullName: vcosben-f65 
2017/01/18 23:44:17 INFO  - jmeter.gui.action.LookAndFeelCommand: Using look and feel: javax.swing.plaf.metal.MetalLookAndFeel [Metal, CrossPlatform, System] 
2017/01/18 23:44:17 INFO  - jmeter.JMeter: Loaded icon properties from org/apache/jmeter/images/icon.properties 
2017/01/18 23:44:18 INFO  - jmeter.engine.util.CompoundVariable: Note: Function class names must contain the string: '.functions.' 
2017/01/18 23:44:18 INFO  - jmeter.engine.util.CompoundVariable: Note: Function class names must not contain the string: '.gui.' 
2017/01/18 23:44:18 INFO  - kg.apc.jmeter.JMeterPluginsUtils: JMeter-Plugins.org v.1.4.0 
2017/01/18 23:44:19 INFO  - jmeter.util.BSFTestElement: Registering JMeter version of JavaScript engine as work-round for BSF-22 
2017/01/18 23:44:19 INFO  - jmeter.protocol.http.sampler.HTTPSamplerBase: Parser for text/html is org.apache.jmeter.protocol.http.parser.LagartoBasedHtmlParser 
2017/01/18 23:44:19 INFO  - jmeter.protocol.http.sampler.HTTPSamplerBase: Parser for application/xhtml+xml is org.apache.jmeter.protocol.http.parser.LagartoBasedHtmlParser 
2017/01/18 23:44:19 INFO  - jmeter.protocol.http.sampler.HTTPSamplerBase: Parser for application/xml is org.apache.jmeter.protocol.http.parser.LagartoBasedHtmlParser 
2017/01/18 23:44:19 INFO  - jmeter.protocol.http.sampler.HTTPSamplerBase: Parser for text/xml is org.apache.jmeter.protocol.http.parser.LagartoBasedHtmlParser 
2017/01/18 23:44:19 INFO  - jmeter.protocol.http.sampler.HTTPSamplerBase: Parser for text/vnd.wap.wml is org.apache.jmeter.protocol.http.parser.RegexpHTMLParser 
2017/01/18 23:44:19 INFO  - jmeter.protocol.http.sampler.HTTPSamplerBase: Parser for text/css is org.apache.jmeter.protocol.http.parser.CssParser 
2017/01/18 23:44:19 INFO  - jorphan.exec.KeyToolUtils: keytool found at 'keytool' 
2017/01/18 23:44:19 INFO  - jmeter.protocol.http.proxy.ProxyControl: HTTP(S) Test Script Recorder SSL Proxy will use keys that support embedded 3rd party resources in file /home/cosben/apache-jmeter-3.0/bin/proxyserver.jks 
2017/01/18 23:44:20 INFO  - jmeter.gui.util.MenuFactory: Skipping org.apache.jmeter.protocol.mongodb.config.MongoSourceElement 
2017/01/18 23:44:20 INFO  - jmeter.gui.util.MenuFactory: Skipping org.apache.jmeter.protocol.mongodb.sampler.MongoScriptSampler 
2017/01/18 23:44:20 INFO  - jmeter.gui.util.MenuFactory: Skipping org.apache.jmeter.visualizers.DistributionGraphVisualizer 
2017/01/18 23:44:20 INFO  - jmeter.samplers.SampleResult: Note: Sample TimeStamps are START times 
2017/01/18 23:44:20 INFO  - jmeter.samplers.SampleResult: sampleresult.default.encoding is set to ISO-8859-1 
2017/01/18 23:44:20 INFO  - jmeter.samplers.SampleResult: sampleresult.useNanoTime=true 
2017/01/18 23:44:20 INFO  - jmeter.samplers.SampleResult: sampleresult.nanoThreadSleep=5000 
2017/01/18 23:44:20 INFO  - jmeter.gui.util.MenuFactory: Skipping org.apache.jmeter.visualizers.SplineVisualizer 
