2020-09-27 13:53:24,716 INFO o.a.j.u.JMeterUtils: Setting Locale to en_EN
2020-09-27 13:53:24,794 INFO o.a.j.JMeter: Loading user properties from: /home/frank/jmeter/apache-jmeter-5.3.1-SNAPSHOT/bin/user.properties
2020-09-27 13:53:24,795 INFO o.a.j.JMeter: Loading system properties from: /home/frank/jmeter/apache-jmeter-5.3.1-SNAPSHOT/bin/system.properties
2020-09-27 13:53:24,797 INFO o.a.j.JMeter: Copyright (c) 1998-2020 The Apache Software Foundation
2020-09-27 13:53:24,797 INFO o.a.j.JMeter: Version 5.3.1-SNAPSHOT 30b8f84
2020-09-27 13:53:24,797 INFO o.a.j.JMeter: java.version=11.0.7
2020-09-27 13:53:24,797 INFO o.a.j.JMeter: java.vm.name=OpenJDK 64-Bit Server VM
2020-09-27 13:53:24,798 INFO o.a.j.JMeter: os.name=Linux
2020-09-27 13:53:24,799 INFO o.a.j.JMeter: os.arch=amd64
2020-09-27 13:53:24,799 INFO o.a.j.JMeter: os.version=5.3.0-51-generic
2020-09-27 13:53:24,799 INFO o.a.j.JMeter: file.encoding=UTF-8
2020-09-27 13:53:24,799 INFO o.a.j.JMeter: java.awt.headless=null
2020-09-27 13:53:24,799 INFO o.a.j.JMeter: Max memory     =1073741824
2020-09-27 13:53:24,799 INFO o.a.j.JMeter: Available Processors =2
2020-09-27 13:53:24,826 INFO o.a.j.JMeter: Default Locale=English (EN)
2020-09-27 13:53:24,828 INFO o.a.j.JMeter: JMeter  Locale=English (EN)
2020-09-27 13:53:24,828 INFO o.a.j.JMeter: JMeterHome=/home/frank/jmeter/apache-jmeter-5.3.1-SNAPSHOT
2020-09-27 13:53:24,828 INFO o.a.j.JMeter: user.dir  =/home/frank
2020-09-27 13:53:24,828 INFO o.a.j.JMeter: PWD       =/home/frank
2020-09-27 13:53:24,828 INFO o.a.j.JMeter: IP: 127.0.1.1 Name: mooncake FullName: mooncake
2020-09-27 13:53:25,245 INFO o.a.j.JMeter: Setting LAF to: com.github.weisj.darklaf.DarkLaf:com.github.weisj.darklaf.theme.DarculaTheme
2020-09-27 13:53:26,283 INFO o.a.j.JMeter: Loaded icon properties from org/apache/jmeter/images/icon.properties
2020-09-27 13:54:24,633 INFO o.a.j.g.a.LogLevelCommand: Setting root log level: ALL
2020-09-27 13:54:28,661 DEBUG o.a.j.g.t.JMeterTreeListener: About to display pop-up
2020-09-27 13:54:28,690 DEBUG o.a.j.g.GuiPackage: Gui retrieved = org.apache.jmeter.control.gui.TestPlanGui[Test Plan,0,0,985x768,invalid,layout=java.awt.BorderLayout,alignmentX=0.0,alignmentY=0.0,border=javax.swing.border.EmptyBorder@51ab36ff,flags=9,maximumSize=,minimumSize=,preferredSize=]
2020-09-27 13:54:28,700 DEBUG o.a.j.g.GuiPackage: Updating current node Test Plan
2020-09-27 13:54:28,701 DEBUG o.a.j.g.GuiPackage: Gui retrieved = org.apache.jmeter.control.gui.TestPlanGui[Test Plan,0,0,985x768,invalid,layout=java.awt.BorderLayout,alignmentX=0.0,alignmentY=0.0,border=javax.swing.border.EmptyBorder@51ab36ff,flags=9,maximumSize=,minimumSize=,preferredSize=]
2020-09-27 13:54:28,701 DEBUG o.a.j.g.AbstractJMeterGuiComponent: setting element to enabled: true
2020-09-27 13:54:28,701 DEBUG o.a.j.g.AbstractJMeterGuiComponent: setting element to enabled: true
2020-09-27 13:54:28,702 DEBUG o.a.j.g.GuiPackage: Gui retrieved = org.apache.jmeter.control.gui.TestPlanGui[Test Plan,0,0,985x768,invalid,layout=java.awt.BorderLayout,alignmentX=0.0,alignmentY=0.0,border=javax.swing.border.EmptyBorder@51ab36ff,flags=9,maximumSize=,minimumSize=,preferredSize=]
2020-09-27 13:54:28,702 DEBUG o.a.j.g.GuiPackage: Updating gui to new node
2020-09-27 13:54:28,724 DEBUG o.a.j.g.GuiPackage: Showing pop up for org.apache.jmeter.gui.MainFrame$1[,0,0,349x768,alignmentX=0.0,alignmentY=0.0,border=,flags=16777704,maximumSize=,minimumSize=,preferredSize=,editable=false,invokesStopCellEditing=false,largeModel=false,rootVisible=false,rowHeight=20,scrollsOnExpand=true,showsRootHandles=true,toggleClickCount=2,visibleRowCount=20] at x,y = 139,10
2020-09-27 13:54:34,456 DEBUG o.a.j.g.GuiPackage: Updating current node Test Plan
2020-09-27 13:54:34,457 DEBUG o.a.j.g.GuiPackage: Gui retrieved = org.apache.jmeter.control.gui.TestPlanGui[Test Plan,0,0,985x768,invalid,layout=java.awt.BorderLayout,alignmentX=0.0,alignmentY=0.0,border=javax.swing.border.EmptyBorder@51ab36ff,flags=9,maximumSize=,minimumSize=,preferredSize=]
2020-09-27 13:54:34,457 DEBUG o.a.j.g.AbstractJMeterGuiComponent: setting element to enabled: true
2020-09-27 13:54:34,458 DEBUG o.a.j.g.AbstractJMeterGuiComponent: setting element to enabled: true
2020-09-27 13:54:34,461 DEBUG o.a.j.g.GuiPackage: Gui retrieved = org.apache.jmeter.control.gui.TestPlanGui[Test Plan,0,0,985x768,invalid,layout=java.awt.BorderLayout,alignmentX=0.0,alignmentY=0.0,border=javax.swing.border.EmptyBorder@51ab36ff,flags=9,maximumSize=,minimumSize=,preferredSize=]
2020-09-27 13:54:34,462 DEBUG o.a.j.g.GuiPackage: Updating current node Test Plan
2020-09-27 13:54:34,462 DEBUG o.a.j.g.GuiPackage: Gui retrieved = org.apache.jmeter.control.gui.TestPlanGui[Test Plan,0,0,985x768,invalid,layout=java.awt.BorderLayout,alignmentX=0.0,alignmentY=0.0,border=javax.swing.border.EmptyBorder@51ab36ff,flags=9,maximumSize=,minimumSize=,preferredSize=]
2020-09-27 13:54:34,463 DEBUG o.a.j.g.AbstractJMeterGuiComponent: setting element to enabled: true
2020-09-27 13:54:34,463 DEBUG o.a.j.g.AbstractJMeterGuiComponent: setting element to enabled: true
2020-09-27 13:54:34,500 DEBUG o.a.j.g.AbstractJMeterGuiComponent: setting element to enabled: true
2020-09-27 13:54:34,505 DEBUG o.a.j.g.AbstractJMeterGuiComponent: setting element to enabled: true
2020-09-27 13:54:34,505 DEBUG o.a.j.g.AbstractJMeterGuiComponent: setting element to enabled: true
2020-09-27 13:54:34,506 DEBUG o.a.j.g.GuiPackage: Gui retrieved = org.apache.jmeter.threads.gui.ThreadGroupGui[Thread Group,0,0,0x0,invalid,layout=java.awt.BorderLayout,alignmentX=0.0,alignmentY=0.0,border=javax.swing.border.EmptyBorder@61b1842c,flags=9,maximumSize=,minimumSize=,preferredSize=]
2020-09-27 13:54:34,508 DEBUG o.a.j.g.AbstractJMeterGuiComponent: setting element to enabled: true
2020-09-27 13:54:34,508 DEBUG o.a.j.g.AbstractJMeterGuiComponent: setting element to enabled: true
2020-09-27 13:54:34,508 DEBUG o.a.j.g.GuiPackage: Gui retrieved = org.apache.jmeter.control.gui.TestPlanGui[Test Plan,0,0,985x768,invalid,layout=java.awt.BorderLayout,alignmentX=0.0,alignmentY=0.0,border=javax.swing.border.EmptyBorder@51ab36ff,flags=9,maximumSize=,minimumSize=,preferredSize=]
2020-09-27 13:54:34,508 DEBUG o.a.j.g.GuiPackage: Updating gui to new node
2020-09-27 13:54:34,510 DEBUG o.a.j.g.t.JMeterTreeListener: value changed, updating currentPath
2020-09-27 13:54:34,522 DEBUG o.a.j.g.GuiPackage: Updating current node Test Plan
2020-09-27 13:54:34,522 DEBUG o.a.j.g.GuiPackage: Gui retrieved = org.apache.jmeter.control.gui.TestPlanGui[Test Plan,0,0,985x768,invalid,layout=java.awt.BorderLayout,alignmentX=0.0,alignmentY=0.0,border=javax.swing.border.EmptyBorder@51ab36ff,flags=9,maximumSize=,minimumSize=,preferredSize=]
2020-09-27 13:54:34,523 DEBUG o.a.j.g.AbstractJMeterGuiComponent: setting element to enabled: true
2020-09-27 13:54:34,523 DEBUG o.a.j.g.AbstractJMeterGuiComponent: setting element to enabled: true
2020-09-27 13:54:34,523 DEBUG o.a.j.g.GuiPackage: Gui retrieved = org.apache.jmeter.threads.gui.ThreadGroupGui[Thread Group,0,0,0x0,invalid,layout=java.awt.BorderLayout,alignmentX=0.0,alignmentY=0.0,border=javax.swing.border.EmptyBorder@61b1842c,flags=9,maximumSize=,minimumSize=,preferredSize=]
2020-09-27 13:54:34,525 DEBUG o.a.j.g.GuiPackage: Updating current node Thread Group
2020-09-27 13:54:34,525 DEBUG o.a.j.g.GuiPackage: Gui retrieved = org.apache.jmeter.threads.gui.ThreadGroupGui[Thread Group,0,0,0x0,invalid,layout=java.awt.BorderLayout,alignmentX=0.0,alignmentY=0.0,border=javax.swing.border.EmptyBorder@61b1842c,flags=9,maximumSize=,minimumSize=,preferredSize=]
2020-09-27 13:54:34,525 DEBUG o.a.j.g.AbstractJMeterGuiComponent: setting element to enabled: true
2020-09-27 13:54:34,525 DEBUG o.a.j.g.AbstractJMeterGuiComponent: setting element to enabled: true
2020-09-27 13:54:34,526 DEBUG o.a.j.g.GuiPackage: Gui retrieved = org.apache.jmeter.threads.gui.ThreadGroupGui[Thread Group,0,0,0x0,invalid,layout=java.awt.BorderLayout,alignmentX=0.0,alignmentY=0.0,border=javax.swing.border.EmptyBorder@61b1842c,flags=9,maximumSize=,minimumSize=,preferredSize=]
2020-09-27 13:54:34,527 DEBUG o.a.j.g.GuiPackage: Updating gui to new node
2020-09-27 13:54:34,540 DEBUG o.a.j.g.GuiPackage: Gui retrieved = org.apache.jmeter.threads.gui.ThreadGroupGui[Thread Group,0,0,0x0,invalid,layout=java.awt.BorderLayout,alignmentX=0.0,alignmentY=0.0,border=javax.swing.border.EmptyBorder@61b1842c,flags=9,maximumSize=,minimumSize=,preferredSize=]
2020-09-27 13:54:34,560 DEBUG o.a.j.g.GuiPackage: Updating current node Thread Group
