2013/11/06 18:24:40 INFO  - jmeter.util.JMeterUtils: Setting Locale to en_AU 
2013/11/06 18:24:40 INFO  - jmeter.JMeter: Loading user properties from: D:\software\jmeter\apache-jmeter-nightly\bin\user.properties 
2013/11/06 18:24:40 INFO  - jmeter.JMeter: Loading system properties from: D:\software\jmeter\apache-jmeter-nightly\bin\system.properties 
2013/11/06 18:24:40 INFO  - jmeter.JMeter: Copyright (c) 1998-2013 The Apache Software Foundation 
2013/11/06 18:24:40 INFO  - jmeter.JMeter: Version r1538742 
2013/11/06 18:24:40 INFO  - jmeter.JMeter: java.version=1.7.0_45 
2013/11/06 18:24:40 INFO  - jmeter.JMeter: java.vm.name=Java HotSpot(TM) 64-Bit Server VM 
2013/11/06 18:24:40 INFO  - jmeter.JMeter: os.name=Windows 8 
2013/11/06 18:24:40 INFO  - jmeter.JMeter: os.arch=amd64 
2013/11/06 18:24:40 INFO  - jmeter.JMeter: os.version=6.2 
2013/11/06 18:24:40 INFO  - jmeter.JMeter: file.encoding=Cp1252 
2013/11/06 18:24:40 INFO  - jmeter.JMeter: Default Locale=English (Australia) 
2013/11/06 18:24:40 INFO  - jmeter.JMeter: JMeter  Locale=English (Australia) 
2013/11/06 18:24:40 INFO  - jmeter.JMeter: JMeterHome=D:\software\jmeter\apache-jmeter-nightly 
2013/11/06 18:24:40 INFO  - jmeter.JMeter: user.dir  =D:\software\jmeter\apache-jmeter-nightly\bin 
2013/11/06 18:24:40 INFO  - jmeter.JMeter: PWD       =D:\software\jmeter\apache-jmeter-nightly\bin 
2013/11/06 18:24:40 INFO  - jmeter.JMeter: IP: 10.250.250.117 Name: john-tpc FullName: 10.250.250.117 
2013/11/06 18:24:40 INFO  - jmeter.JMeter: Loaded icon properties from org/apache/jmeter/images/icon.properties 
2013/11/06 18:24:41 INFO  - jmeter.engine.util.CompoundVariable: Note: Function class names must contain the string: '.functions.' 
2013/11/06 18:24:41 INFO  - jmeter.engine.util.CompoundVariable: Note: Function class names must not contain the string: '.gui.' 
2013/11/06 18:24:41 INFO  - jmeter.gui.action.LookAndFeelCommand: Using look and feel: javax.swing.plaf.metal.MetalLookAndFeel [Metal, CrossPlatform] 
2013/11/06 18:24:42 WARN  - jmeter.gui.util.MenuFactory: Missing jar? Could not create com.googlecode.jmeter.plugins.webdriver.sampler.gui.WebDriverSamplerGui. java.lang.NoClassDefFoundError: jsyntaxpane/DefaultSyntaxKit 
2013/11/06 18:24:42 INFO  - jmeter.gui.util.MenuFactory: Skipping kg.apc.jmeter.config.VariablesFromCSVFile 
2013/11/06 18:24:42 INFO  - jmeter.util.BSFTestElement: Registering JMeter version of JavaScript engine as work-round for BSF-22 
2013/11/06 18:24:42 INFO  - jmeter.protocol.http.sampler.HTTPSamplerBase: Cannot find .className property for htmlParser, using default 
2013/11/06 18:24:42 INFO  - jmeter.protocol.http.sampler.HTTPSamplerBase: Parser for text/html is  
2013/11/06 18:24:42 INFO  - jmeter.protocol.http.sampler.HTTPSamplerBase: Parser for application/xhtml+xml is  
2013/11/06 18:24:42 INFO  - jmeter.protocol.http.sampler.HTTPSamplerBase: Parser for application/xml is  
2013/11/06 18:24:42 INFO  - jmeter.protocol.http.sampler.HTTPSamplerBase: Parser for text/xml is  
2013/11/06 18:24:42 INFO  - jmeter.protocol.http.sampler.HTTPSamplerBase: Parser for text/vnd.wap.wml is org.apache.jmeter.protocol.http.parser.RegexpHTMLParser 
2013/11/06 18:24:42 INFO  - jmeter.gui.util.MenuFactory: Skipping org.apache.jmeter.protocol.http.control.gui.WebServiceSamplerGui 
2013/11/06 18:24:42 INFO  - jmeter.gui.util.MenuFactory: Skipping org.apache.jmeter.protocol.http.modifier.gui.ParamModifierGui 
2013/11/06 18:24:42 INFO  - jmeter.protocol.http.proxy.ProxyControl: HTTP(S) Test Script Recorder SSL Proxy will use keys that support embedded 3rd party resources in file D:\software\jmeter\apache-jmeter-nightly\bin\proxyserver.jks 
2013/11/06 18:24:43 INFO  - jmeter.samplers.SampleResult: Note: Sample TimeStamps are START times 
2013/11/06 18:24:43 INFO  - jmeter.samplers.SampleResult: sampleresult.default.encoding is set to ISO-8859-1 
2013/11/06 18:24:43 INFO  - jmeter.samplers.SampleResult: sampleresult.useNanoTime=true 
2013/11/06 18:24:43 INFO  - jmeter.samplers.SampleResult: sampleresult.nanoThreadSleep=5000 
2013/11/06 18:24:47 INFO  - jmeter.services.FileServer: Default base='D:\software\jmeter\apache-jmeter-nightly\bin' 
2013/11/06 18:24:47 INFO  - jmeter.gui.action.Load: Loading file: D:\software\jmeter\artefacts\tests\Portal_JMETER_210.jmx 
2013/11/06 18:24:47 INFO  - jmeter.services.FileServer: Set new base='D:\software\jmeter\artefacts\tests' 
2013/11/06 18:24:47 INFO  - jmeter.save.SaveService: Testplan (JMX) version: 2.2. Testlog (JTL) version: 2.2 
2013/11/06 18:24:47 INFO  - jmeter.save.SaveService: Using SaveService properties file encoding UTF-8 
2013/11/06 18:24:47 INFO  - jmeter.save.SaveService: Using SaveService properties version 2.5 
2013/11/06 18:24:47 INFO  - jmeter.save.SaveService: Using SaveService properties file version 1519088 
2013/11/06 18:24:47 INFO  - jmeter.save.SaveService: All converter versions present and correct 
2013/11/06 18:24:47 INFO  - jmeter.protocol.http.control.CookieManager: Settings: Delete null: true Check: true Allow variable: true Save: false Prefix: COOKIE_ 
2013/11/06 18:24:47 INFO  - jmeter.services.FileServer: Set new base='D:\software\jmeter\artefacts\tests' 
2013/11/06 18:24:57 INFO  - jmeter.engine.StandardJMeterEngine: Listeners will be started after enabling running version 
2013/11/06 18:24:57 INFO  - jmeter.engine.StandardJMeterEngine: To revert to the earlier behaviour, define jmeterengine.startlistenerslater=false 
2013/11/06 18:24:57 INFO  - jmeter.engine.StandardJMeterEngine: Running the test! 
2013/11/06 18:24:57 INFO  - jmeter.samplers.SampleEvent: List of sample_variables: [] 
2013/11/06 18:24:57 INFO  - jmeter.samplers.SampleEvent: List of sample_variables: [] 
2013/11/06 18:24:57 INFO  - jmeter.gui.util.JMeterMenuBar: setRunning(true,*local*) 
2013/11/06 18:24:58 INFO  - jmeter.engine.StandardJMeterEngine: Starting ThreadGroup: 1 : NTG Browse Group 
2013/11/06 18:24:58 INFO  - jmeter.engine.StandardJMeterEngine: Starting 1 threads for group NTG Browse Group. 
2013/11/06 18:24:58 INFO  - jmeter.engine.StandardJMeterEngine: Thread will start next loop on error 
2013/11/06 18:24:58 INFO  - jmeter.threads.ThreadGroup: Starting thread group number 1 threads 1 ramp-up 30 perThread 30000.0 delayedStart=false 
2013/11/06 18:24:58 INFO  - jmeter.threads.JMeterThread: jmeterthread.startearlier=true (see jmeter.properties) 
2013/11/06 18:24:58 INFO  - jmeter.threads.JMeterThread: Running PostProcessors in forward order 
2013/11/06 18:24:58 INFO  - jmeter.threads.ThreadGroup: Started thread group number 1 
2013/11/06 18:24:58 INFO  - jmeter.engine.StandardJMeterEngine: All thread groups have been started 
2013/11/06 18:24:58 INFO  - jmeter.threads.JMeterThread: Thread started: NTG Browse Group 1-1 
2013/11/06 18:24:58 INFO  - jmeter.services.FileServer: Stored: ../testdata/username_sit_ntg.csv Alias: ../testdata/username_sit_ntg.csv@129757895 
2013/11/06 18:24:58 INFO  - jmeter.protocol.http.sampler.HTTPHCAbstractImpl: Local host = john-tpc 
2013/11/06 18:24:58 INFO  - jmeter.protocol.http.sampler.HTTPHC4Impl: HTTP request retry count = 0 
2013/11/06 18:24:58 INFO  - jmeter.protocol.http.sampler.HTTPHC4Impl: Setting up HTTPS TrustAll scheme 
2013/11/06 18:24:58 INFO  - jmeter.util.JsseSSLManager: Using default SSL protocol: TLS 
2013/11/06 18:24:58 INFO  - jmeter.util.JsseSSLManager: SSL session context: per-thread 
2013/11/06 18:24:58 INFO  - jmeter.util.SSLManager: JmeterKeyStore Location:  type JKS 
2013/11/06 18:24:58 INFO  - jmeter.util.SSLManager: KeyStore created OK 
2013/11/06 18:24:58 WARN  - jmeter.util.SSLManager: Keystore file not found, loading empty keystore 
2013/11/06 18:24:58 INFO  - jmeter.protocol.http.parser.HTMLParser: Created org.apache.jmeter.protocol.http.parser.LagartoBasedHtmlParser 
2013/11/06 18:25:04 INFO  - jmeter.threads.JMeterThread: Thread finished: NTG Browse Group 1-1 
2013/11/06 18:25:04 INFO  - jmeter.engine.StandardJMeterEngine: Notifying test listeners of end of test 
2013/11/06 18:25:04 INFO  - jmeter.services.FileServer: Close: ../testdata/username_sit_ntg.csv@129757895 
2013/11/06 18:25:04 INFO  - jmeter.gui.util.JMeterMenuBar: setRunning(false,*local*) 
