2017-09-25 13:38:33,776 ERROR o.a.j.f.RandomDate: Failed to parse the date '' to shift with formatter 'Value(YearOfEra,4,19,EXCEEDS_PAD)'-'Value(MonthOfYear,2)'-'Value(DayOfMonth,2)java.time.format.DateTimeFormatterBuilder$DefaultValueParser@3b661c21java.time.format.DateTimeFormatterBuilder$DefaultValueParser@70944bedjava.time.format.DateTimeFormatterBuilder$DefaultValueParser@1286fc0a'
java.time.format.DateTimeParseException: Text '' could not be parsed at index 0
	at java.time.format.DateTimeFormatter.parseResolved0(Unknown Source) ~[?:1.8.0_144]
	at java.time.format.DateTimeFormatter.parse(Unknown Source) ~[?:1.8.0_144]
	at java.time.LocalDate.parse(Unknown Source) ~[?:1.8.0_144]
	at org.apache.jmeter.functions.RandomDate.execute(RandomDate.java:189) [ApacheJMeter_functions.jar:3.3 r1808647]
	at org.apache.jmeter.engine.util.CompoundVariable.execute(CompoundVariable.java:137) [ApacheJMeter_core.jar:3.3 r1808647]
	at org.apache.jmeter.engine.util.CompoundVariable.execute(CompoundVariable.java:112) [ApacheJMeter_core.jar:3.3 r1808647]
	at org.apache.jmeter.functions.gui.FunctionHelper.actionPerformed(FunctionHelper.java:181) [ApacheJMeter_core.jar:3.3 r1808647]
	at javax.swing.AbstractButton.fireActionPerformed(Unknown Source) [?:1.8.0_144]
	at javax.swing.AbstractButton$Handler.actionPerformed(Unknown Source) [?:1.8.0_144]
	at javax.swing.DefaultButtonModel.fireActionPerformed(Unknown Source) [?:1.8.0_144]
	at javax.swing.DefaultButtonModel.setPressed(Unknown Source) [?:1.8.0_144]
	at javax.swing.plaf.basic.BasicButtonListener.mouseReleased(Unknown Source) [?:1.8.0_144]
	at java.awt.Component.processMouseEvent(Unknown Source) [?:1.8.0_144]
	at javax.swing.JComponent.processMouseEvent(Unknown Source) [?:1.8.0_144]
	at java.awt.Component.processEvent(Unknown Source) [?:1.8.0_144]
	at java.awt.Container.processEvent(Unknown Source) [?:1.8.0_144]
	at java.awt.Component.dispatchEventImpl(Unknown Source) [?:1.8.0_144]
	at java.awt.Container.dispatchEventImpl(Unknown Source) [?:1.8.0_144]
	at java.awt.Component.dispatchEvent(Unknown Source) [?:1.8.0_144]
	at java.awt.LightweightDispatcher.retargetMouseEvent(Unknown Source) [?:1.8.0_144]
	at java.awt.LightweightDispatcher.processMouseEvent(Unknown Source) [?:1.8.0_144]
	at java.awt.LightweightDispatcher.dispatchEvent(Unknown Source) [?:1.8.0_144]
	at java.awt.Container.dispatchEventImpl(Unknown Source) [?:1.8.0_144]
	at java.awt.Window.dispatchEventImpl(Unknown Source) [?:1.8.0_144]
	at java.awt.Component.dispatchEvent(Unknown Source) [?:1.8.0_144]
	at java.awt.EventQueue.dispatchEventImpl(Unknown Source) [?:1.8.0_144]
	at java.awt.EventQueue.access$500(Unknown Source) [?:1.8.0_144]
	at java.awt.EventQueue$3.run(Unknown Source) [?:1.8.0_144]
	at java.awt.EventQueue$3.run(Unknown Source) [?:1.8.0_144]
	at java.security.AccessController.doPrivileged(Native Method) ~[?:1.8.0_144]
	at java.security.ProtectionDomain$JavaSecurityAccessImpl.doIntersectionPrivilege(Unknown Source) [?:1.8.0_144]
	at java.security.ProtectionDomain$JavaSecurityAccessImpl.doIntersectionPrivilege(Unknown Source) [?:1.8.0_144]
	at java.awt.EventQueue$4.run(Unknown Source) [?:1.8.0_144]
	at java.awt.EventQueue$4.run(Unknown Source) [?:1.8.0_144]
	at java.security.AccessController.doPrivileged(Native Method) ~[?:1.8.0_144]
	at java.security.ProtectionDomain$JavaSecurityAccessImpl.doIntersectionPrivilege(Unknown Source) [?:1.8.0_144]
	at java.awt.EventQueue.dispatchEvent(Unknown Source) [?:1.8.0_144]
	at java.awt.EventDispatchThread.pumpOneEventForFilters(Unknown Source) [?:1.8.0_144]
	at java.awt.EventDispatchThread.pumpEventsForFilter(Unknown Source) [?:1.8.0_144]
	at java.awt.EventDispatchThread.pumpEventsForHierarchy(Unknown Source) [?:1.8.0_144]
	at java.awt.EventDispatchThread.pumpEvents(Unknown Source) [?:1.8.0_144]
	at java.awt.EventDispatchThread.pumpEvents(Unknown Source) [?:1.8.0_144]
	at java.awt.EventDispatchThread.run(Unknown Source) [?:1.8.0_144]
2017-09-25 13:38:33,777 ERROR o.a.j.JMeter: Uncaught exception: 
java.lang.IllegalArgumentException: bound must be greater than origin
	at java.util.concurrent.ThreadLocalRandom.nextLong(Unknown Source) ~[?:1.8.0_144]
	at org.apache.jmeter.functions.RandomDate.execute(RandomDate.java:196) ~[ApacheJMeter_functions.jar:3.3 r1808647]
	at org.apache.jmeter.engine.util.CompoundVariable.execute(CompoundVariable.java:137) ~[ApacheJMeter_core.jar:3.3 r1808647]
	at org.apache.jmeter.engine.util.CompoundVariable.execute(CompoundVariable.java:112) ~[ApacheJMeter_core.jar:3.3 r1808647]
	at org.apache.jmeter.functions.gui.FunctionHelper.actionPerformed(FunctionHelper.java:181) ~[ApacheJMeter_core.jar:3.3 r1808647]
	at javax.swing.AbstractButton.fireActionPerformed(Unknown Source) ~[?:1.8.0_144]
	at javax.swing.AbstractButton$Handler.actionPerformed(Unknown Source) ~[?:1.8.0_144]
	at javax.swing.DefaultButtonModel.fireActionPerformed(Unknown Source) ~[?:1.8.0_144]
	at javax.swing.DefaultButtonModel.setPressed(Unknown Source) ~[?:1.8.0_144]
	at javax.swing.plaf.basic.BasicButtonListener.mouseReleased(Unknown Source) ~[?:1.8.0_144]
	at java.awt.Component.processMouseEvent(Unknown Source) ~[?:1.8.0_144]
	at javax.swing.JComponent.processMouseEvent(Unknown Source) ~[?:1.8.0_144]
	at java.awt.Component.processEvent(Unknown Source) ~[?:1.8.0_144]
	at java.awt.Container.processEvent(Unknown Source) ~[?:1.8.0_144]
	at java.awt.Component.dispatchEventImpl(Unknown Source) ~[?:1.8.0_144]
	at java.awt.Container.dispatchEventImpl(Unknown Source) ~[?:1.8.0_144]
	at java.awt.Component.dispatchEvent(Unknown Source) ~[?:1.8.0_144]
	at java.awt.LightweightDispatcher.retargetMouseEvent(Unknown Source) ~[?:1.8.0_144]
	at java.awt.LightweightDispatcher.processMouseEvent(Unknown Source) ~[?:1.8.0_144]
	at java.awt.LightweightDispatcher.dispatchEvent(Unknown Source) ~[?:1.8.0_144]
	at java.awt.Container.dispatchEventImpl(Unknown Source) ~[?:1.8.0_144]
	at java.awt.Window.dispatchEventImpl(Unknown Source) ~[?:1.8.0_144]
	at java.awt.Component.dispatchEvent(Unknown Source) ~[?:1.8.0_144]
	at java.awt.EventQueue.dispatchEventImpl(Unknown Source) ~[?:1.8.0_144]
	at java.awt.EventQueue.access$500(Unknown Source) ~[?:1.8.0_144]
	at java.awt.EventQueue$3.run(Unknown Source) ~[?:1.8.0_144]
	at java.awt.EventQueue$3.run(Unknown Source) ~[?:1.8.0_144]
	at java.security.AccessController.doPrivileged(Native Method) ~[?:1.8.0_144]
	at java.security.ProtectionDomain$JavaSecurityAccessImpl.doIntersectionPrivilege(Unknown Source) ~[?:1.8.0_144]
	at java.security.ProtectionDomain$JavaSecurityAccessImpl.doIntersectionPrivilege(Unknown Source) ~[?:1.8.0_144]
	at java.awt.EventQueue$4.run(Unknown Source) ~[?:1.8.0_144]
	at java.awt.EventQueue$4.run(Unknown Source) ~[?:1.8.0_144]
	at java.security.AccessController.doPrivileged(Native Method) ~[?:1.8.0_144]
	at java.security.ProtectionDomain$JavaSecurityAccessImpl.doIntersectionPrivilege(Unknown Source) ~[?:1.8.0_144]
	at java.awt.EventQueue.dispatchEvent(Unknown Source) ~[?:1.8.0_144]
	at java.awt.EventDispatchThread.pumpOneEventForFilters(Unknown Source) [?:1.8.0_144]
	at java.awt.EventDispatchThread.pumpEventsForFilter(Unknown Source) [?:1.8.0_144]
	at java.awt.EventDispatchThread.pumpEventsForHierarchy(Unknown Source) [?:1.8.0_144]
	at java.awt.EventDispatchThread.pumpEvents(Unknown Source) [?:1.8.0_144]
	at java.awt.EventDispatchThread.pumpEvents(Unknown Source) [?:1.8.0_144]
	at java.awt.EventDispatchThread.run(Unknown Source) [?:1.8.0_144]
2017-09-25 13:40:00,999 ERROR o.a.j.f.RandomDate: Failed to parse the date '' to shift with formatter 'Value(YearOfEra,4,19,EXCEEDS_PAD)'-'Value(MonthOfYear,2)'-'Value(DayOfMonth,2)java.time.format.DateTimeFormatterBuilder$DefaultValueParser@792bc042java.time.format.DateTimeFormatterBuilder$DefaultValueParser@20c9003java.time.format.DateTimeFormatterBuilder$DefaultValueParser@7450d3bd'
java.time.format.DateTimeParseException: Text '' could not be parsed at index 0
	at java.time.format.DateTimeFormatter.parseResolved0(Unknown Source) ~[?:1.8.0_144]
	at java.time.format.DateTimeFormatter.parse(Unknown Source) ~[?:1.8.0_144]
	at java.time.LocalDate.parse(Unknown Source) ~[?:1.8.0_144]
	at org.apache.jmeter.functions.RandomDate.execute(RandomDate.java:189) [ApacheJMeter_functions.jar:3.3 r1808647]
	at org.apache.jmeter.engine.util.CompoundVariable.execute(CompoundVariable.java:137) [ApacheJMeter_core.jar:3.3 r1808647]
	at org.apache.jmeter.engine.util.CompoundVariable.execute(CompoundVariable.java:112) [ApacheJMeter_core.jar:3.3 r1808647]
	at org.apache.jmeter.functions.gui.FunctionHelper.actionPerformed(FunctionHelper.java:181) [ApacheJMeter_core.jar:3.3 r1808647]
	at javax.swing.AbstractButton.fireActionPerformed(Unknown Source) [?:1.8.0_144]
	at javax.swing.AbstractButton$Handler.actionPerformed(Unknown Source) [?:1.8.0_144]
	at javax.swing.DefaultButtonModel.fireActionPerformed(Unknown Source) [?:1.8.0_144]
	at javax.swing.DefaultButtonModel.setPressed(Unknown Source) [?:1.8.0_144]
	at javax.swing.plaf.basic.BasicButtonListener.mouseReleased(Unknown Source) [?:1.8.0_144]
	at java.awt.Component.processMouseEvent(Unknown Source) [?:1.8.0_144]
	at javax.swing.JComponent.processMouseEvent(Unknown Source) [?:1.8.0_144]
	at java.awt.Component.processEvent(Unknown Source) [?:1.8.0_144]
	at java.awt.Container.processEvent(Unknown Source) [?:1.8.0_144]
	at java.awt.Component.dispatchEventImpl(Unknown Source) [?:1.8.0_144]
	at java.awt.Container.dispatchEventImpl(Unknown Source) [?:1.8.0_144]
	at java.awt.Component.dispatchEvent(Unknown Source) [?:1.8.0_144]
	at java.awt.LightweightDispatcher.retargetMouseEvent(Unknown Source) [?:1.8.0_144]
	at java.awt.LightweightDispatcher.processMouseEvent(Unknown Source) [?:1.8.0_144]
	at java.awt.LightweightDispatcher.dispatchEvent(Unknown Source) [?:1.8.0_144]
	at java.awt.Container.dispatchEventImpl(Unknown Source) [?:1.8.0_144]
	at java.awt.Window.dispatchEventImpl(Unknown Source) [?:1.8.0_144]
	at java.awt.Component.dispatchEvent(Unknown Source) [?:1.8.0_144]
	at java.awt.EventQueue.dispatchEventImpl(Unknown Source) [?:1.8.0_144]
	at java.awt.EventQueue.access$500(Unknown Source) [?:1.8.0_144]
	at java.awt.EventQueue$3.run(Unknown Source) [?:1.8.0_144]
	at java.awt.EventQueue$3.run(Unknown Source) [?:1.8.0_144]
	at java.security.AccessController.doPrivileged(Native Method) ~[?:1.8.0_144]
	at java.security.ProtectionDomain$JavaSecurityAccessImpl.doIntersectionPrivilege(Unknown Source) [?:1.8.0_144]
	at java.security.ProtectionDomain$JavaSecurityAccessImpl.doIntersectionPrivilege(Unknown Source) [?:1.8.0_144]
	at java.awt.EventQueue$4.run(Unknown Source) [?:1.8.0_144]
	at java.awt.EventQueue$4.run(Unknown Source) [?:1.8.0_144]
	at java.security.AccessController.doPrivileged(Native Method) ~[?:1.8.0_144]
	at java.security.ProtectionDomain$JavaSecurityAccessImpl.doIntersectionPrivilege(Unknown Source) [?:1.8.0_144]
	at java.awt.EventQueue.dispatchEvent(Unknown Source) [?:1.8.0_144]
	at java.awt.EventDispatchThread.pumpOneEventForFilters(Unknown Source) [?:1.8.0_144]
	at java.awt.EventDispatchThread.pumpEventsForFilter(Unknown Source) [?:1.8.0_144]
	at java.awt.EventDispatchThread.pumpEventsForHierarchy(Unknown Source) [?:1.8.0_144]
	at java.awt.EventDispatchThread.pumpEvents(Unknown Source) [?:1.8.0_144]
	at java.awt.EventDispatchThread.pumpEvents(Unknown Source) [?:1.8.0_144]
	at java.awt.EventDispatchThread.run(Unknown Source) [?:1.8.0_144]
2017-09-25 13:40:01,001 ERROR o.a.j.JMeter: Uncaught exception: 
java.lang.IllegalArgumentException: bound must be greater than origin
	at java.util.concurrent.ThreadLocalRandom.nextLong(Unknown Source) ~[?:1.8.0_144]
	at org.apache.jmeter.functions.RandomDate.execute(RandomDate.java:196) ~[ApacheJMeter_functions.jar:3.3 r1808647]
	at org.apache.jmeter.engine.util.CompoundVariable.execute(CompoundVariable.java:137) ~[ApacheJMeter_core.jar:3.3 r1808647]
	at org.apache.jmeter.engine.util.CompoundVariable.execute(CompoundVariable.java:112) ~[ApacheJMeter_core.jar:3.3 r1808647]
	at org.apache.jmeter.functions.gui.FunctionHelper.actionPerformed(FunctionHelper.java:181) ~[ApacheJMeter_core.jar:3.3 r1808647]
	at javax.swing.AbstractButton.fireActionPerformed(Unknown Source) ~[?:1.8.0_144]
	at javax.swing.AbstractButton$Handler.actionPerformed(Unknown Source) ~[?:1.8.0_144]
	at javax.swing.DefaultButtonModel.fireActionPerformed(Unknown Source) ~[?:1.8.0_144]
	at javax.swing.DefaultButtonModel.setPressed(Unknown Source) ~[?:1.8.0_144]
	at javax.swing.plaf.basic.BasicButtonListener.mouseReleased(Unknown Source) ~[?:1.8.0_144]
	at java.awt.Component.processMouseEvent(Unknown Source) ~[?:1.8.0_144]
	at javax.swing.JComponent.processMouseEvent(Unknown Source) ~[?:1.8.0_144]
	at java.awt.Component.processEvent(Unknown Source) ~[?:1.8.0_144]
	at java.awt.Container.processEvent(Unknown Source) ~[?:1.8.0_144]
	at java.awt.Component.dispatchEventImpl(Unknown Source) ~[?:1.8.0_144]
	at java.awt.Container.dispatchEventImpl(Unknown Source) ~[?:1.8.0_144]
	at java.awt.Component.dispatchEvent(Unknown Source) ~[?:1.8.0_144]
	at java.awt.LightweightDispatcher.retargetMouseEvent(Unknown Source) ~[?:1.8.0_144]
	at java.awt.LightweightDispatcher.processMouseEvent(Unknown Source) ~[?:1.8.0_144]
	at java.awt.LightweightDispatcher.dispatchEvent(Unknown Source) ~[?:1.8.0_144]
	at java.awt.Container.dispatchEventImpl(Unknown Source) ~[?:1.8.0_144]
	at java.awt.Window.dispatchEventImpl(Unknown Source) ~[?:1.8.0_144]
	at java.awt.Component.dispatchEvent(Unknown Source) ~[?:1.8.0_144]
	at java.awt.EventQueue.dispatchEventImpl(Unknown Source) ~[?:1.8.0_144]
	at java.awt.EventQueue.access$500(Unknown Source) ~[?:1.8.0_144]
	at java.awt.EventQueue$3.run(Unknown Source) ~[?:1.8.0_144]
	at java.awt.EventQueue$3.run(Unknown Source) ~[?:1.8.0_144]
	at java.security.AccessController.doPrivileged(Native Method) ~[?:1.8.0_144]
	at java.security.ProtectionDomain$JavaSecurityAccessImpl.doIntersectionPrivilege(Unknown Source) ~[?:1.8.0_144]
	at java.security.ProtectionDomain$JavaSecurityAccessImpl.doIntersectionPrivilege(Unknown Source) ~[?:1.8.0_144]
	at java.awt.EventQueue$4.run(Unknown Source) ~[?:1.8.0_144]
	at java.awt.EventQueue$4.run(Unknown Source) ~[?:1.8.0_144]
	at java.security.AccessController.doPrivileged(Native Method) ~[?:1.8.0_144]
	at java.security.ProtectionDomain$JavaSecurityAccessImpl.doIntersectionPrivilege(Unknown Source) ~[?:1.8.0_144]
	at java.awt.EventQueue.dispatchEvent(Unknown Source) ~[?:1.8.0_144]
	at java.awt.EventDispatchThread.pumpOneEventForFilters(Unknown Source) [?:1.8.0_144]
	at java.awt.EventDispatchThread.pumpEventsForFilter(Unknown Source) [?:1.8.0_144]
	at java.awt.EventDispatchThread.pumpEventsForHierarchy(Unknown Source) [?:1.8.0_144]
	at java.awt.EventDispatchThread.pumpEvents(Unknown Source) [?:1.8.0_144]
	at java.awt.EventDispatchThread.pumpEvents(Unknown Source) [?:1.8.0_144]
	at java.awt.EventDispatchThread.run(Unknown Source) [?:1.8.0_144]
