2008/11/05 09:46:21 INFO  - jmeter.util.JMeterUtils: Setting Locale to no_NO 
2008/11/05 09:46:21 INFO  - jmeter.JMeter: Loading user properties from: C:\Documents and Settings\havwig\Desktop\jakarta-jmeter-2.3.2\jakarta-jmeter-2.3.2\bin\user.properties 
2008/11/05 09:46:21 INFO  - jmeter.JMeter: Loading system properties from: C:\Documents and Settings\havwig\Desktop\jakarta-jmeter-2.3.2\jakarta-jmeter-2.3.2\bin\system.properties 
2008/11/05 09:46:21 INFO  - jmeter.JMeter: Copyright (c) 1998-2008 The Apache Software Foundation 
2008/11/05 09:46:21 INFO  - jmeter.JMeter: Version 2.3.2 r665936 
2008/11/05 09:46:21 INFO  - jmeter.JMeter: java.version=1.6.0_07 
2008/11/05 09:46:21 INFO  - jmeter.JMeter: java.vm.name=Java HotSpot(TM) Client VM 
2008/11/05 09:46:21 INFO  - jmeter.JMeter: os.name=Windows 2003 
2008/11/05 09:46:21 INFO  - jmeter.JMeter: os.arch=x86 
2008/11/05 09:46:21 INFO  - jmeter.JMeter: os.version=5.2 
2008/11/05 09:46:21 INFO  - jmeter.JMeter: file.encoding=Cp1252 
2008/11/05 09:46:21 INFO  - jmeter.JMeter: Default Locale=norsk (Norge) 
2008/11/05 09:46:21 INFO  - jmeter.JMeter: JMeter  Locale=norsk (Norge) 
2008/11/05 09:46:21 INFO  - jmeter.JMeter: JMeterHome=C:\Documents and Settings\havwig\Desktop\jakarta-jmeter-2.3.2\jakarta-jmeter-2.3.2 
2008/11/05 09:46:21 INFO  - jmeter.JMeter: user.dir  =C:\Documents and Settings\havwig\Desktop\jakarta-jmeter-2.3.2\jakarta-jmeter-2.3.2\bin 
2008/11/05 09:46:21 INFO  - jmeter.JMeter: PWD       =C:\Documents and Settings\havwig\Desktop\jakarta-jmeter-2.3.2\jakarta-jmeter-2.3.2\bin 
2008/11/05 09:46:21 INFO  - jmeter.JMeter: IP: 172.16.1.13 Name: terminalserver FullName: terminalserver.mogul.no. 
2008/11/05 09:46:21 INFO  - jmeter.JMeter: Loaded icon properties from org/apache/jmeter/images/icon.properties 
2008/11/05 09:46:22 INFO  - jmeter.engine.util.CompoundVariable: Note: Function class names must contain the string: '.functions.' 
2008/11/05 09:46:22 INFO  - jmeter.engine.util.CompoundVariable: Note: Function class names must not contain the string: '.gui.' 
2008/11/05 09:46:24 INFO  - jmeter.protocol.http.sampler.HTTPSamplerBase: Cannot find .className property for htmlParser, using default 
2008/11/05 09:46:24 INFO  - jmeter.protocol.http.sampler.HTTPSamplerBase: Parser for text/html is  
2008/11/05 09:46:24 INFO  - jmeter.protocol.http.sampler.HTTPSamplerBase: Parser for application/xhtml+xml is  
2008/11/05 09:46:24 INFO  - jmeter.protocol.http.sampler.HTTPSamplerBase: Parser for application/xml is  
2008/11/05 09:46:24 INFO  - jmeter.protocol.http.sampler.HTTPSamplerBase: Parser for text/xml is  
2008/11/05 09:46:24 INFO  - jmeter.protocol.http.sampler.HTTPSamplerBase: Parser for text/vnd.wap.wml is org.apache.jmeter.protocol.http.parser.RegexpHTMLParser 
2008/11/05 09:46:24 INFO  - jmeter.gui.util.MenuFactory: Skipping org.apache.jmeter.protocol.http.modifier.gui.ParamModifierGui 
2008/11/05 09:46:24 INFO  - jmeter.gui.util.MenuFactory: Skipping org.apache.jmeter.protocol.http.modifier.gui.UserParameterModifierGui 
2008/11/05 09:46:24 INFO  - jmeter.protocol.http.sampler.HTTPSampler: Maximum connection retries = 10 
2008/11/05 09:46:25 WARN  - jmeter.gui.util.MenuFactory: Missing jar? Could not create org.apache.jmeter.visualizers.MailerVisualizer. java.lang.NoClassDefFoundError: javax/mail/MessagingException 
2008/11/05 09:46:25 INFO  - jmeter.samplers.SampleResult: Note: Sample TimeStamps are START times 
2008/11/05 09:46:25 INFO  - jmeter.samplers.SampleResult: sampleresult.default.encoding is set to ISO-8859-1 
2008/11/05 09:46:47 INFO  - jmeter.services.FileServer: Default base=C:\Documents and Settings\havwig\Desktop\jakarta-jmeter-2.3.2\jakarta-jmeter-2.3.2\bin 
2008/11/05 09:46:47 INFO  - jmeter.gui.action.Load: Loading file: C:\Documents and Settings\havwig\Desktop\Test SSL.jmx 
2008/11/05 09:46:47 INFO  - jmeter.services.FileServer: Set new base=C:\Documents and Settings\havwig\Desktop 
2008/11/05 09:46:47 INFO  - jmeter.save.SaveService: Testplan (JMX) version: 2.2. Testlog (JTL) version: 2.2 
2008/11/05 09:46:47 INFO  - jmeter.save.SaveService: Using SaveService properties file encoding UTF-8 
2008/11/05 09:46:47 INFO  - jmeter.save.SaveService: Using SaveService properties file version 661482 
2008/11/05 09:46:47 INFO  - jmeter.save.SaveService: Using SaveService properties version 2.1 
2008/11/05 09:46:47 INFO  - jmeter.save.SaveService: All converter versions present and correct 
2008/11/05 09:46:47 INFO  - jmeter.protocol.http.sampler.HTTPSampler2: Local host = terminalserver 
2008/11/05 09:46:48 INFO  - jmeter.services.FileServer: Set new base=C:\Documents and Settings\havwig\Desktop 
2008/11/05 09:46:52 INFO  - jmeter.engine.StandardJMeterEngine: Listeners will be started after enabling running version 
2008/11/05 09:46:52 INFO  - jmeter.engine.StandardJMeterEngine: To revert to the earlier behaviour, define jmeterengine.startlistenerslater=false 
2008/11/05 09:46:52 INFO  - jmeter.engine.StandardJMeterEngine: Running the test! 
2008/11/05 09:46:52 INFO  - jmeter.gui.util.JMeterMenuBar: setRunning(true,*local*) 
2008/11/05 09:46:52 INFO  - jmeter.engine.StandardJMeterEngine: Starting 1 threads for group Trådgruppe. Ramp up = 1. 
2008/11/05 09:46:52 INFO  - jmeter.engine.StandardJMeterEngine: Continue on error 
2008/11/05 09:46:52 INFO  - jmeter.threads.JMeterThread: jmeterthread.startearlier=true (see jmeter.properties) 
2008/11/05 09:46:52 INFO  - jmeter.threads.JMeterThread: Running PostProcessors in forward order 
2008/11/05 09:46:52 INFO  - jmeter.threads.JMeterThread: Thread Trådgruppe 1-1 started 
2008/11/05 09:46:52 INFO  - jmeter.util.JsseSSLManager: Using default SSL protocol: TLS 
2008/11/05 09:46:52 INFO  - jmeter.util.JsseSSLManager: SSL session context: per-thread 
2008/11/05 09:46:52 DEBUG - jmeter.util.JsseSSLManager: ssl Provider =  null 
2008/11/05 09:46:52 DEBUG - jmeter.util.JsseSSLManager: SSL stuff all set 
2008/11/05 09:46:52 DEBUG - jmeter.util.JsseSSLManager: JsseSSLManager installed 
2008/11/05 09:46:52 DEBUG - jmeter.util.JsseSSLManager: Creating threadLocal SSL context for: Trådgruppe 1-1 
2008/11/05 09:46:52 INFO  - jmeter.util.SSLManager: JmeterKeyStore Location: C:\Documents and Settings\havwig\.keystore 
2008/11/05 09:46:52 INFO  - jmeter.util.SSLManager: KeyStore created OK, Type: JKS 
2008/11/05 09:46:52 WARN  - jmeter.util.SSLManager: Keystore file not found, loading empty keystore 
2008/11/05 09:46:52 DEBUG - jmeter.util.SSLManager: JmeterKeyStore type: class org.apache.jmeter.util.keystore.DefaultKeyStore 
2008/11/05 09:46:52 DEBUG - jmeter.util.JsseSSLManager: class org.apache.jmeter.util.keystore.DefaultKeyStore 
2008/11/05 09:46:53 DEBUG - jmeter.util.JsseSSLManager: Default Cipher: SSL_RSA_WITH_RC4_128_MD5 
2008/11/05 09:46:53 DEBUG - jmeter.util.JsseSSLManager: Supported Cipher: SSL_RSA_WITH_RC4_128_MD5 
2008/11/05 09:46:53 DEBUG - jmeter.util.JsseSSLManager: Default Cipher: SSL_RSA_WITH_RC4_128_SHA 
2008/11/05 09:46:53 DEBUG - jmeter.util.JsseSSLManager: Supported Cipher: SSL_RSA_WITH_RC4_128_SHA 
2008/11/05 09:46:53 DEBUG - jmeter.util.JsseSSLManager: Default Cipher: TLS_RSA_WITH_AES_128_CBC_SHA 
2008/11/05 09:46:53 DEBUG - jmeter.util.JsseSSLManager: Supported Cipher: TLS_RSA_WITH_AES_128_CBC_SHA 
2008/11/05 09:46:53 DEBUG - jmeter.util.JsseSSLManager: Default Cipher: TLS_DHE_RSA_WITH_AES_128_CBC_SHA 
2008/11/05 09:46:53 DEBUG - jmeter.util.JsseSSLManager: Supported Cipher: TLS_DHE_RSA_WITH_AES_128_CBC_SHA 
2008/11/05 09:46:53 DEBUG - jmeter.util.JsseSSLManager: Default Cipher: TLS_DHE_DSS_WITH_AES_128_CBC_SHA 
2008/11/05 09:46:53 DEBUG - jmeter.util.JsseSSLManager: Supported Cipher: TLS_DHE_DSS_WITH_AES_128_CBC_SHA 
2008/11/05 09:46:53 DEBUG - jmeter.util.JsseSSLManager: Default Cipher: SSL_RSA_WITH_3DES_EDE_CBC_SHA 
2008/11/05 09:46:53 DEBUG - jmeter.util.JsseSSLManager: Supported Cipher: SSL_RSA_WITH_3DES_EDE_CBC_SHA 
2008/11/05 09:46:53 DEBUG - jmeter.util.JsseSSLManager: Default Cipher: SSL_DHE_RSA_WITH_3DES_EDE_CBC_SHA 
2008/11/05 09:46:53 DEBUG - jmeter.util.JsseSSLManager: Supported Cipher: SSL_DHE_RSA_WITH_3DES_EDE_CBC_SHA 
2008/11/05 09:46:53 DEBUG - jmeter.util.JsseSSLManager: Default Cipher: SSL_DHE_DSS_WITH_3DES_EDE_CBC_SHA 
2008/11/05 09:46:53 DEBUG - jmeter.util.JsseSSLManager: Supported Cipher: SSL_DHE_DSS_WITH_3DES_EDE_CBC_SHA 
2008/11/05 09:46:53 DEBUG - jmeter.util.JsseSSLManager: Default Cipher: SSL_RSA_WITH_DES_CBC_SHA 
2008/11/05 09:46:53 DEBUG - jmeter.util.JsseSSLManager: Supported Cipher: SSL_RSA_WITH_DES_CBC_SHA 
2008/11/05 09:46:53 DEBUG - jmeter.util.JsseSSLManager: Default Cipher: SSL_DHE_RSA_WITH_DES_CBC_SHA 
2008/11/05 09:46:53 DEBUG - jmeter.util.JsseSSLManager: Supported Cipher: SSL_DHE_RSA_WITH_DES_CBC_SHA 
2008/11/05 09:46:53 DEBUG - jmeter.util.JsseSSLManager: Default Cipher: SSL_DHE_DSS_WITH_DES_CBC_SHA 
2008/11/05 09:46:53 DEBUG - jmeter.util.JsseSSLManager: Supported Cipher: SSL_DHE_DSS_WITH_DES_CBC_SHA 
2008/11/05 09:46:53 DEBUG - jmeter.util.JsseSSLManager: Default Cipher: SSL_RSA_EXPORT_WITH_RC4_40_MD5 
2008/11/05 09:46:53 DEBUG - jmeter.util.JsseSSLManager: Supported Cipher: SSL_RSA_EXPORT_WITH_RC4_40_MD5 
2008/11/05 09:46:53 DEBUG - jmeter.util.JsseSSLManager: Default Cipher: SSL_RSA_EXPORT_WITH_DES40_CBC_SHA 
2008/11/05 09:46:53 DEBUG - jmeter.util.JsseSSLManager: Supported Cipher: SSL_RSA_EXPORT_WITH_DES40_CBC_SHA 
2008/11/05 09:46:53 DEBUG - jmeter.util.JsseSSLManager: Default Cipher: SSL_DHE_RSA_EXPORT_WITH_DES40_CBC_SHA 
2008/11/05 09:46:53 DEBUG - jmeter.util.JsseSSLManager: Supported Cipher: SSL_DHE_RSA_EXPORT_WITH_DES40_CBC_SHA 
2008/11/05 09:46:53 DEBUG - jmeter.util.JsseSSLManager: Default Cipher: SSL_DHE_DSS_EXPORT_WITH_DES40_CBC_SHA 
2008/11/05 09:46:53 DEBUG - jmeter.util.JsseSSLManager: Supported Cipher: SSL_DHE_DSS_EXPORT_WITH_DES40_CBC_SHA 
2008/11/05 09:46:53 DEBUG - jmeter.util.JsseSSLManager: Supported Cipher: SSL_RSA_WITH_NULL_MD5 
2008/11/05 09:46:53 DEBUG - jmeter.util.JsseSSLManager: Supported Cipher: SSL_RSA_WITH_NULL_SHA 
2008/11/05 09:46:53 DEBUG - jmeter.util.JsseSSLManager: Supported Cipher: SSL_DH_anon_WITH_RC4_128_MD5 
2008/11/05 09:46:53 DEBUG - jmeter.util.JsseSSLManager: Supported Cipher: TLS_DH_anon_WITH_AES_128_CBC_SHA 
2008/11/05 09:46:53 DEBUG - jmeter.util.JsseSSLManager: Supported Cipher: SSL_DH_anon_WITH_3DES_EDE_CBC_SHA 
2008/11/05 09:46:53 DEBUG - jmeter.util.JsseSSLManager: Supported Cipher: SSL_DH_anon_WITH_DES_CBC_SHA 
2008/11/05 09:46:53 DEBUG - jmeter.util.JsseSSLManager: Supported Cipher: SSL_DH_anon_EXPORT_WITH_RC4_40_MD5 
2008/11/05 09:46:53 DEBUG - jmeter.util.JsseSSLManager: Supported Cipher: SSL_DH_anon_EXPORT_WITH_DES40_CBC_SHA 
2008/11/05 09:46:53 DEBUG - jmeter.util.JsseSSLManager: Supported Cipher: TLS_KRB5_WITH_RC4_128_SHA 
2008/11/05 09:46:53 DEBUG - jmeter.util.JsseSSLManager: Supported Cipher: TLS_KRB5_WITH_RC4_128_MD5 
2008/11/05 09:46:53 DEBUG - jmeter.util.JsseSSLManager: Supported Cipher: TLS_KRB5_WITH_3DES_EDE_CBC_SHA 
2008/11/05 09:46:53 DEBUG - jmeter.util.JsseSSLManager: Supported Cipher: TLS_KRB5_WITH_3DES_EDE_CBC_MD5 
2008/11/05 09:46:53 DEBUG - jmeter.util.JsseSSLManager: Supported Cipher: TLS_KRB5_WITH_DES_CBC_SHA 
2008/11/05 09:46:53 DEBUG - jmeter.util.JsseSSLManager: Supported Cipher: TLS_KRB5_WITH_DES_CBC_MD5 
2008/11/05 09:46:53 DEBUG - jmeter.util.JsseSSLManager: Supported Cipher: TLS_KRB5_EXPORT_WITH_RC4_40_SHA 
2008/11/05 09:46:53 DEBUG - jmeter.util.JsseSSLManager: Supported Cipher: TLS_KRB5_EXPORT_WITH_RC4_40_MD5 
2008/11/05 09:46:53 DEBUG - jmeter.util.JsseSSLManager: Supported Cipher: TLS_KRB5_EXPORT_WITH_DES_CBC_40_SHA 
2008/11/05 09:46:53 DEBUG - jmeter.util.JsseSSLManager: Supported Cipher: TLS_KRB5_EXPORT_WITH_DES_CBC_40_MD5 
2008/11/05 09:46:53 DEBUG - jmeter.util.JsseSSLManager: Using threadLocal SSL context for: Trådgruppe 1-1 
2008/11/05 09:46:53 DEBUG - jmeter.util.CustomX509TrustManager:  Server certificate 1: 
2008/11/05 09:46:53 DEBUG - jmeter.util.CustomX509TrustManager:   Subject DN: CN=www.google.com, O=Google Inc, L=Mountain View, ST=California, C=US 
2008/11/05 09:46:53 DEBUG - jmeter.util.CustomX509TrustManager:   Signature Algorithm: SHA1withRSA 
2008/11/05 09:46:53 DEBUG - jmeter.util.CustomX509TrustManager:   Valid from: Fri May 02 19:02:55 CEST 2008 
2008/11/05 09:46:53 DEBUG - jmeter.util.CustomX509TrustManager:   Valid until: Sat May 02 19:02:55 CEST 2009 
2008/11/05 09:46:53 DEBUG - jmeter.util.CustomX509TrustManager:   Issuer: CN=Thawte SGC CA, O=Thawte Consulting (Pty) Ltd., C=ZA 
2008/11/05 09:46:53 DEBUG - jmeter.util.CustomX509TrustManager:  Server certificate 2: 
2008/11/05 09:46:53 DEBUG - jmeter.util.CustomX509TrustManager:   Subject DN: CN=Thawte SGC CA, O=Thawte Consulting (Pty) Ltd., C=ZA 
2008/11/05 09:46:53 DEBUG - jmeter.util.CustomX509TrustManager:   Signature Algorithm: SHA1withRSA 
2008/11/05 09:46:53 DEBUG - jmeter.util.CustomX509TrustManager:   Valid from: Thu May 13 02:00:00 CEST 2004 
2008/11/05 09:46:53 DEBUG - jmeter.util.CustomX509TrustManager:   Valid until: Tue May 13 01:59:59 CEST 2014 
2008/11/05 09:46:53 DEBUG - jmeter.util.CustomX509TrustManager:   Issuer: OU=Class 3 Public Primary Certification Authority, O="VeriSign, Inc.", C=US 
2008/11/05 09:46:53 DEBUG - jmeter.util.HttpSSLProtocolSocketFactory: SSL session id: FDFB950AEEA45863335E6CF5867B8EEA04BCB5C271C44C5A86D17EFC3ABBE4F8 for Trådgruppe 1-1 
2008/11/05 09:46:53 DEBUG - jmeter.util.JsseSSLManager: Using threadLocal SSL context for: Trådgruppe 1-1 
2008/11/05 09:46:53 DEBUG - jmeter.util.CustomX509TrustManager:  Server certificate 1: 
2008/11/05 09:46:53 DEBUG - jmeter.util.CustomX509TrustManager:   Subject DN: CN=www.google.com, O=Google Inc, L=Mountain View, ST=California, C=US 
2008/11/05 09:46:53 DEBUG - jmeter.util.CustomX509TrustManager:   Signature Algorithm: SHA1withRSA 
2008/11/05 09:46:53 DEBUG - jmeter.util.CustomX509TrustManager:   Valid from: Fri May 02 19:02:55 CEST 2008 
2008/11/05 09:46:53 DEBUG - jmeter.util.CustomX509TrustManager:   Valid until: Sat May 02 19:02:55 CEST 2009 
2008/11/05 09:46:53 DEBUG - jmeter.util.CustomX509TrustManager:   Issuer: CN=Thawte SGC CA, O=Thawte Consulting (Pty) Ltd., C=ZA 
2008/11/05 09:46:53 DEBUG - jmeter.util.CustomX509TrustManager:  Server certificate 2: 
2008/11/05 09:46:53 DEBUG - jmeter.util.CustomX509TrustManager:   Subject DN: CN=Thawte SGC CA, O=Thawte Consulting (Pty) Ltd., C=ZA 
2008/11/05 09:46:53 DEBUG - jmeter.util.CustomX509TrustManager:   Signature Algorithm: SHA1withRSA 
2008/11/05 09:46:53 DEBUG - jmeter.util.CustomX509TrustManager:   Valid from: Thu May 13 02:00:00 CEST 2004 
2008/11/05 09:46:53 DEBUG - jmeter.util.CustomX509TrustManager:   Valid until: Tue May 13 01:59:59 CEST 2014 
2008/11/05 09:46:53 DEBUG - jmeter.util.CustomX509TrustManager:   Issuer: OU=Class 3 Public Primary Certification Authority, O="VeriSign, Inc.", C=US 
2008/11/05 09:46:53 DEBUG - jmeter.util.HttpSSLProtocolSocketFactory: SSL session id: 85CFA5ADF0AB1D56803D9EC7C63D9C8F3C12D482D8DE9151B2530AB7CCBB966C for Trådgruppe 1-1 
2008/11/05 09:46:53 ERROR - jmeter.protocol.http.sampler.HTTPSampler: readResponse: javax.net.ssl.SSLException: Received fatal alert: unexpected_message 
2008/11/05 09:46:53 ERROR - jmeter.protocol.http.sampler.HTTPSampler: Cause: javax.net.ssl.SSLException: Received fatal alert: unexpected_message 
2008/11/05 09:46:53 DEBUG - jmeter.util.JsseSSLManager: Using threadLocal SSL context for: Trådgruppe 1-1 
2008/11/05 09:46:53 DEBUG - jmeter.util.CustomX509TrustManager:  Server certificate 1: 
2008/11/05 09:46:53 DEBUG - jmeter.util.CustomX509TrustManager:   Subject DN: CN=www.google.com, O=Google Inc, L=Mountain View, ST=California, C=US 
2008/11/05 09:46:53 DEBUG - jmeter.util.CustomX509TrustManager:   Signature Algorithm: SHA1withRSA 
2008/11/05 09:46:53 DEBUG - jmeter.util.CustomX509TrustManager:   Valid from: Fri May 02 19:02:55 CEST 2008 
2008/11/05 09:46:53 DEBUG - jmeter.util.CustomX509TrustManager:   Valid until: Sat May 02 19:02:55 CEST 2009 
2008/11/05 09:46:53 DEBUG - jmeter.util.CustomX509TrustManager:   Issuer: CN=Thawte SGC CA, O=Thawte Consulting (Pty) Ltd., C=ZA 
2008/11/05 09:46:53 DEBUG - jmeter.util.CustomX509TrustManager:  Server certificate 2: 
2008/11/05 09:46:53 DEBUG - jmeter.util.CustomX509TrustManager:   Subject DN: CN=Thawte SGC CA, O=Thawte Consulting (Pty) Ltd., C=ZA 
2008/11/05 09:46:53 DEBUG - jmeter.util.CustomX509TrustManager:   Signature Algorithm: SHA1withRSA 
2008/11/05 09:46:53 DEBUG - jmeter.util.CustomX509TrustManager:   Valid from: Thu May 13 02:00:00 CEST 2004 
2008/11/05 09:46:53 DEBUG - jmeter.util.CustomX509TrustManager:   Valid until: Tue May 13 01:59:59 CEST 2014 
2008/11/05 09:46:53 DEBUG - jmeter.util.CustomX509TrustManager:   Issuer: OU=Class 3 Public Primary Certification Authority, O="VeriSign, Inc.", C=US 
2008/11/05 09:46:53 DEBUG - jmeter.util.HttpSSLProtocolSocketFactory: SSL session id: ECC3334018FB696A8E319E414772FC35BD1B17639E82C023BB410023D2EA6B5F for Trådgruppe 1-1 
2008/11/05 09:46:54 INFO  - jmeter.threads.JMeterThread: Thread Trådgruppe 1-1 is done 
2008/11/05 09:46:54 INFO  - jmeter.engine.StandardJMeterEngine: Ending thread Trådgruppe 1-1 
2008/11/05 09:46:54 INFO  - jmeter.engine.StandardJMeterEngine: Stopping test 
2008/11/05 09:46:54 INFO  - jmeter.engine.StandardJMeterEngine: Notifying test listeners of end of test 
2008/11/05 09:46:54 INFO  - jmeter.gui.util.JMeterMenuBar: setRunning(false,*local*) 
2008/11/05 09:46:54 INFO  - jmeter.engine.StandardJMeterEngine: Test has ended 
