2019-04-29 14:03:32,612 INFO o.a.j.u.JMeterUtils: Setting Locale to en_EN
2019-04-29 14:03:32,889 INFO o.a.j.JMeter: Loading user properties from: user.properties
2019-04-29 14:03:32,892 INFO o.a.j.JMeter: Loading system properties from: system.properties
2019-04-29 14:03:32,921 INFO o.a.j.JMeter: Copyright (c) 1998-2018 The Apache Software Foundation
2019-04-29 14:03:32,922 INFO o.a.j.JMeter: Version 5.0 r1840935
2019-04-29 14:03:32,922 INFO o.a.j.JMeter: java.version=1.8.0_144
2019-04-29 14:03:32,922 INFO o.a.j.JMeter: java.vm.name=Java HotSpot(TM) 64-Bit Server VM
2019-04-29 14:03:32,922 INFO o.a.j.JMeter: os.name=Windows 7
2019-04-29 14:03:32,922 INFO o.a.j.JMeter: os.arch=amd64
2019-04-29 14:03:32,922 INFO o.a.j.JMeter: os.version=6.1
2019-04-29 14:03:32,922 INFO o.a.j.JMeter: file.encoding=Cp1252
2019-04-29 14:03:32,922 INFO o.a.j.JMeter: Max memory     =1073741824
2019-04-29 14:03:32,923 INFO o.a.j.JMeter: Available Processors =4
2019-04-29 14:03:32,959 INFO o.a.j.JMeter: Default Locale=English (EN)
2019-04-29 14:03:32,960 INFO o.a.j.JMeter: JMeter  Locale=English (EN)
2019-04-29 14:03:32,960 INFO o.a.j.JMeter: JMeterHome=D:\JMeter\apache-jmeter-5.0\apache-jmeter-5.0
2019-04-29 14:03:32,960 INFO o.a.j.JMeter: user.dir  =D:\JMeter\apache-jmeter-5.0\apache-jmeter-5.0\bin
2019-04-29 14:03:32,962 INFO o.a.j.JMeter: PWD       =D:\JMeter\apache-jmeter-5.0\apache-jmeter-5.0\bin
2019-04-29 14:03:32,964 INFO o.a.j.JMeter: IP: 172.22.221.24 Name: 01HW531077 FullName: 01HW531077.India.TCS.com
2019-04-29 14:03:34,096 INFO o.a.j.g.a.LookAndFeelCommand: Installing Darcula LAF
2019-04-29 14:03:34,241 INFO o.a.j.g.a.LookAndFeelCommand: Using look and feel: com.bulenkov.darcula.DarculaLaf [Darcula]
2019-04-29 14:03:34,241 INFO o.a.j.JMeter: Setting LAF to: com.bulenkov.darcula.DarculaLaf
2019-04-29 14:03:34,456 INFO o.a.j.JMeter: Loaded icon properties from org/apache/jmeter/images/icon.properties
2019-04-29 14:03:35,324 INFO o.a.j.e.u.CompoundVariable: Note: Function class names must contain the string: '.functions.'
2019-04-29 14:03:35,324 INFO o.a.j.e.u.CompoundVariable: Note: Function class names must not contain the string: '.gui.'
2019-04-29 14:03:37,921 INFO o.a.j.p.h.s.HTTPSamplerBase: Parser for text/html is org.apache.jmeter.protocol.http.parser.LagartoBasedHtmlParser
2019-04-29 14:03:37,922 INFO o.a.j.p.h.s.HTTPSamplerBase: Parser for application/xhtml+xml is org.apache.jmeter.protocol.http.parser.LagartoBasedHtmlParser
2019-04-29 14:03:37,922 INFO o.a.j.p.h.s.HTTPSamplerBase: Parser for application/xml is org.apache.jmeter.protocol.http.parser.LagartoBasedHtmlParser
2019-04-29 14:03:37,922 INFO o.a.j.p.h.s.HTTPSamplerBase: Parser for text/xml is org.apache.jmeter.protocol.http.parser.LagartoBasedHtmlParser
2019-04-29 14:03:37,922 INFO o.a.j.p.h.s.HTTPSamplerBase: Parser for text/vnd.wap.wml is org.apache.jmeter.protocol.http.parser.RegexpHTMLParser
2019-04-29 14:03:37,922 INFO o.a.j.p.h.s.HTTPSamplerBase: Parser for text/css is org.apache.jmeter.protocol.http.parser.CssParser
2019-04-29 14:03:40,387 INFO o.a.j.e.KeyToolUtils: keytool found at 'keytool'
2019-04-29 14:03:40,387 INFO o.a.j.p.h.p.ProxyControl: HTTP(S) Test Script Recorder SSL Proxy will use keys that support embedded 3rd party resources in file D:\JMeter\apache-jmeter-5.0\apache-jmeter-5.0\bin\proxyserver.jks
2019-04-29 14:03:40,579 INFO o.a.j.s.FileServer: Default base='D:\JMeter\apache-jmeter-5.0\apache-jmeter-5.0\bin'
2019-04-29 14:03:41,487 INFO o.a.j.s.SampleResult: Note: Sample TimeStamps are START times
2019-04-29 14:03:41,487 INFO o.a.j.s.SampleResult: sampleresult.default.encoding is set to ISO-8859-1
2019-04-29 14:03:41,487 INFO o.a.j.s.SampleResult: sampleresult.useNanoTime=true
2019-04-29 14:03:41,487 INFO o.a.j.s.SampleResult: sampleresult.nanoThreadSleep=5000
2019-04-29 14:04:55,249 INFO o.a.j.g.a.Load: Loading file: D:\374702\374702\Script\MQ\MQ.jmx
2019-04-29 14:04:55,249 INFO o.a.j.s.FileServer: Set new base='D:\374702\374702\Script\MQ'
2019-04-29 14:04:55,521 INFO o.a.j.s.SaveService: Testplan (JMX) version: 2.2. Testlog (JTL) version: 2.2
2019-04-29 14:04:55,618 INFO o.a.j.s.SaveService: Using SaveService properties file encoding UTF-8
2019-04-29 14:04:55,620 INFO o.a.j.s.SaveService: Using SaveService properties version 5.0
2019-04-29 14:04:55,625 INFO o.a.j.s.SaveService: Loading file: D:\374702\374702\Script\MQ\MQ.jmx
2019-04-29 14:04:55,838 INFO o.a.j.s.FileServer: Set new base='D:\374702\374702\Script\MQ'
2019-04-29 14:05:05,033 WARN o.a.j.u.JMeterUtils: ERROR! Resource string not found: [label]
2019-04-29 14:05:05,039 WARN o.a.j.u.JMeterUtils: ERROR! Resource string not found: [label]
2019-04-29 14:05:05,040 WARN o.a.j.u.JMeterUtils: ERROR! Resource string not found: [label]
2019-04-29 14:05:05,041 WARN o.a.j.u.JMeterUtils: ERROR! Resource string not found: [label]
2019-04-29 14:05:05,044 WARN o.a.j.u.JMeterUtils: ERROR! Resource string not found: [label]
2019-04-29 14:05:05,050 WARN o.a.j.u.JMeterUtils: ERROR! Resource string not found: [label]
2019-04-29 14:05:05,050 WARN o.a.j.u.JMeterUtils: ERROR! Resource string not found: [#_samples]
2019-04-29 14:05:05,051 WARN o.a.j.u.JMeterUtils: ERROR! Resource string not found: [median]
2019-04-29 14:05:05,051 WARN o.a.j.u.JMeterUtils: ERROR! Resource string not found: [90%_line]
2019-04-29 14:05:05,052 WARN o.a.j.u.JMeterUtils: ERROR! Resource string not found: [95%_line]
2019-04-29 14:05:05,052 WARN o.a.j.u.JMeterUtils: ERROR! Resource string not found: [99%_line]
2019-04-29 14:05:05,052 WARN o.a.j.u.JMeterUtils: ERROR! Resource string not found: [min]
2019-04-29 14:05:05,052 WARN o.a.j.u.JMeterUtils: ERROR! Resource string not found: [error_%]
2019-04-29 14:05:05,053 WARN o.a.j.u.JMeterUtils: ERROR! Resource string not found: [throughput]
2019-04-29 14:05:05,053 WARN o.a.j.u.JMeterUtils: ERROR! Resource string not found: [received_kb/sec]
2019-04-29 14:05:05,054 WARN o.a.j.u.JMeterUtils: ERROR! Resource string not found: [sent_kb/sec]
2019-04-29 14:05:05,073 WARN o.a.j.u.JMeterUtils: ERROR! Resource string not found: [label]
2019-04-29 14:05:05,073 WARN o.a.j.u.JMeterUtils: ERROR! Resource string not found: [label]
2019-04-29 14:05:05,189 WARN o.a.j.u.JMeterUtils: ERROR! Resource string not found: [label]
2019-04-29 14:05:05,189 WARN o.a.j.u.JMeterUtils: ERROR! Resource string not found: [#_samples]
2019-04-29 14:05:05,190 WARN o.a.j.u.JMeterUtils: ERROR! Resource string not found: [median]
2019-04-29 14:05:05,190 WARN o.a.j.u.JMeterUtils: ERROR! Resource string not found: [90%_line]
2019-04-29 14:05:05,190 WARN o.a.j.u.JMeterUtils: ERROR! Resource string not found: [95%_line]
2019-04-29 14:05:05,190 WARN o.a.j.u.JMeterUtils: ERROR! Resource string not found: [99%_line]
2019-04-29 14:05:05,191 WARN o.a.j.u.JMeterUtils: ERROR! Resource string not found: [min]
2019-04-29 14:05:05,191 WARN o.a.j.u.JMeterUtils: ERROR! Resource string not found: [error_%]
2019-04-29 14:05:05,191 WARN o.a.j.u.JMeterUtils: ERROR! Resource string not found: [throughput]
2019-04-29 14:05:05,192 WARN o.a.j.u.JMeterUtils: ERROR! Resource string not found: [received_kb/sec]
2019-04-29 14:05:05,192 WARN o.a.j.u.JMeterUtils: ERROR! Resource string not found: [sent_kb/sec]
2019-04-29 14:05:14,584 INFO o.a.j.e.StandardJMeterEngine: Running the test!
2019-04-29 14:05:14,585 INFO o.a.j.s.SampleEvent: List of sample_variables: []
2019-04-29 14:05:14,585 INFO o.a.j.s.SampleEvent: List of sample_variables: []
2019-04-29 14:05:14,608 INFO o.a.j.p.j.t.JavaTest: Created class: co.signal.mqmeter.MQClientSampler. Uses tearDownTest: true
2019-04-29 14:05:14,608 INFO o.a.j.p.j.t.JavaTest: Created class: co.signal.mqmeter.MQClientSampler. Uses tearDownTest: true
2019-04-29 14:05:14,609 INFO o.a.j.p.j.t.JavaTest: Created class: co.signal.mqmeter.MQClientSampler. Uses tearDownTest: true
2019-04-29 14:05:14,609 INFO o.a.j.p.j.t.JavaTest: Created class: co.signal.mqmeter.MQClientSampler. Uses tearDownTest: true
2019-04-29 14:05:14,609 INFO o.a.j.p.j.t.JavaTest: Created class: co.signal.mqmeter.MQClientSampler. Uses tearDownTest: true
2019-04-29 14:05:14,609 INFO o.a.j.p.j.t.JavaTest: Created class: co.signal.mqmeter.MQClientSampler. Uses tearDownTest: true
2019-04-29 14:05:14,609 INFO o.a.j.p.j.t.JavaTest: Created class: co.signal.mqmeter.MQClientSampler. Uses tearDownTest: true
2019-04-29 14:05:14,609 INFO o.a.j.p.j.t.JavaTest: Created class: co.signal.mqmeter.MQClientSampler. Uses tearDownTest: true
2019-04-29 14:05:14,610 INFO o.a.j.p.j.t.JavaTest: Created class: co.signal.mqmeter.MQClientSampler. Uses tearDownTest: true
2019-04-29 14:05:14,610 INFO o.a.j.p.j.t.JavaTest: Created class: co.signal.mqmeter.MQClientSampler. Uses tearDownTest: true
2019-04-29 14:05:14,610 INFO o.a.j.p.j.t.JavaTest: Created class: co.signal.mqmeter.MQClientSampler. Uses tearDownTest: true
2019-04-29 14:05:14,612 INFO o.a.j.g.u.JMeterMenuBar: setRunning(true, *local*)
2019-04-29 14:05:14,714 INFO o.a.j.e.StandardJMeterEngine: Starting ThreadGroup: 1 : Thread Group
2019-04-29 14:05:14,714 INFO o.a.j.e.StandardJMeterEngine: Starting 1 threads for group Thread Group.
2019-04-29 14:05:14,714 INFO o.a.j.e.StandardJMeterEngine: Thread will continue on error
2019-04-29 14:05:14,714 INFO o.a.j.t.ThreadGroup: Starting thread group... number=1 threads=1 ramp-up=1 perThread=1000.0 delayedStart=false
2019-04-29 14:05:14,721 INFO o.a.j.t.ThreadGroup: Started thread group number 1
2019-04-29 14:05:14,721 INFO o.a.j.e.StandardJMeterEngine: All thread groups have been started
2019-04-29 14:05:14,724 INFO o.a.j.t.JMeterThread: Thread started: Thread Group 1-1
2019-04-29 14:05:14,978 INFO c.s.m.MQClientSampler: MQ environments are hostname: cmvs.tdk.dk port: 1416 channel: CLIENTS.SOA userID: ${MQ_USER_ID}
2019-04-29 14:05:14,979 INFO c.s.m.MQClientSampler: Connecting to queue manager MQSB
2019-04-29 14:05:17,921 INFO c.s.m.MQClientSampler: Accessing queue: OSSI_OSSISERV_FWD
2019-04-29 14:05:19,006 INFO c.s.m.MQClientSampler: Sending a message...
2019-04-29 14:05:19,545 INFO c.s.m.MQClientSampler: MQ environments are hostname: DAISY.TDK.DK port: 1416 channel: TAN.CLIENTS.RASKNUS userID: ${MQ_USER_ID}
2019-04-29 14:05:19,545 INFO c.s.m.MQClientSampler: Connecting to queue manager TDAISYB
2019-04-29 14:05:23,490 INFO c.s.m.MQClientSampler: Accessing queue: RAS_RSS2806_REQ
2019-04-29 14:05:24,278 INFO c.s.m.MQClientSampler: Sending a message...
2019-04-29 14:05:25,107 INFO c.s.m.MQClientSampler: MQ environments are hostname: cmvs.tdk.dk port: 1416 channel: CLIENTS.SOA userID: ${MQ_USER_ID}
2019-04-29 14:05:25,108 INFO c.s.m.MQClientSampler: Connecting to queue manager MQSB
2019-04-29 14:05:27,680 INFO c.s.m.MQClientSampler: Accessing queue: SOA_SOASERV_REQ
2019-04-29 14:05:28,648 INFO c.s.m.MQClientSampler: Sending a message...
2019-04-29 14:05:29,055 INFO c.s.m.MQClientSampler: MQ environments are hostname: cmvs.tdk.dk port: 1416 channel: CLIENTS.NABSWLI userID: ${MQ_USER_ID}
2019-04-29 14:05:29,056 INFO c.s.m.MQClientSampler: Connecting to queue manager MQSB
2019-04-29 14:05:31,654 INFO c.s.m.MQClientSampler: Accessing queue: CSM_CSM1730_REQ_QL
2019-04-29 14:05:32,625 INFO c.s.m.MQClientSampler: Sending a message...
2019-04-29 14:05:32,823 INFO c.s.m.MQClientSampler: MQ environments are hostname: cmvs.tdk.dk port: 1416 channel: CLIENTS.SOA userID: ${MQ_USER_ID}
2019-04-29 14:05:32,824 INFO c.s.m.MQClientSampler: Connecting to queue manager MQSB
2019-04-29 14:05:35,318 INFO c.s.m.MQClientSampler: Accessing queue: OSST_OSSTSERV_FWD
2019-04-29 14:05:36,281 INFO c.s.m.MQClientSampler: Sending a message...
2019-04-29 14:05:36,904 INFO c.s.m.MQClientSampler: MQ environments are hostname: siena.tdk.dk port: 1416 channel: ITSB_CLIENT userID: ${MQ_USER_ID}
2019-04-29 14:05:36,905 INFO c.s.m.MQClientSampler: Connecting to queue manager LSIENAB
2019-04-29 14:05:38,809 INFO c.s.m.MQClientSampler: Accessing queue: ITSB_OM_ORDEREVENT_FWD
2019-04-29 14:05:40,677 INFO c.s.m.MQClientSampler: Sending a message...
2019-04-29 14:05:41,884 INFO c.s.m.MQClientSampler: MQ environments are hostname: cmvs.tdk.dk port: 1416 channel: CLIENTS.SOA userID: ${MQ_USER_ID}
2019-04-29 14:05:41,884 INFO c.s.m.MQClientSampler: Connecting to queue manager MQSB
2019-04-29 14:05:52,252 INFO c.s.m.MQClientSampler: Accessing queue: CRAM_CRAMSERV_FWD
2019-04-29 14:05:53,224 INFO c.s.m.MQClientSampler: Sending a message...
2019-04-29 14:05:53,611 INFO c.s.m.MQClientSampler: MQ environments are hostname: siena.tdk.dk port: 1416 channel: ITSB_CLIENT userID: ${MQ_USER_ID}
2019-04-29 14:05:53,611 INFO c.s.m.MQClientSampler: Connecting to queue manager LSIENAB
2019-04-29 14:05:55,122 INFO c.s.m.MQClientSampler: Accessing queue: BC_EVENT_FWD
2019-04-29 14:05:59,291 INFO c.s.m.MQClientSampler: Sending a message...
2019-04-29 14:05:59,485 INFO c.s.m.MQClientSampler: MQ environments are hostname: cmvs.tdk.dk port: 1416 channel: CLIENTS.SOA userID: ${MQ_USER_ID}
2019-04-29 14:05:59,486 INFO c.s.m.MQClientSampler: Connecting to queue manager MQSB
2019-04-29 14:06:07,325 INFO c.s.m.MQClientSampler: Accessing queue: FLOW_FLOWSERV_FWD
2019-04-29 14:06:08,290 INFO c.s.m.MQClientSampler: Sending a message...
2019-04-29 14:06:10,132 INFO c.s.m.MQClientSampler: MQ environments are hostname: cmvs.tdk.dk port: 1416 channel: CLIENTS.SOA userID: ${MQ_USER_ID}
2019-04-29 14:06:10,133 INFO c.s.m.MQClientSampler: Connecting to queue manager MQSB
2019-04-29 14:06:11,708 INFO c.s.m.MQClientSampler: Accessing queue: CPR_CPRSERV_REQ
2019-04-29 14:06:12,687 INFO c.s.m.MQClientSampler: Sending a message...
2019-04-29 14:06:12,981 INFO c.s.m.MQClientSampler: MQ environments are hostname: cmvs.tdk.dk port: 1416 channel: CLIENTS.SOA userID: ${MQ_USER_ID}
2019-04-29 14:06:12,981 INFO c.s.m.MQClientSampler: Connecting to queue manager MQSB
2019-04-29 14:06:15,780 INFO c.s.m.MQClientSampler: Accessing queue: SOA_SOASERV_FWD
2019-04-29 14:06:17,135 INFO c.s.m.MQClientSampler: Sending a message...
2019-04-29 14:06:18,778 INFO o.a.j.t.JMeterThread: Thread is done: Thread Group 1-1
2019-04-29 14:06:18,778 INFO o.a.j.t.JMeterThread: Thread finished: Thread Group 1-1
2019-04-29 14:06:18,779 INFO o.a.j.e.StandardJMeterEngine: Notifying test listeners of end of test
2019-04-29 14:06:18,779 INFO c.s.m.MQClientSampler: Closing the queue
2019-04-29 14:06:18,977 INFO c.s.m.MQClientSampler: Disconnecting from the Queue Manager
2019-04-29 14:06:19,773 INFO c.s.m.MQClientSampler: Done!
2019-04-29 14:06:19,773 INFO c.s.m.MQClientSampler: Closing the queue
2019-04-29 14:06:19,974 INFO c.s.m.MQClientSampler: Disconnecting from the Queue Manager
2019-04-29 14:06:21,068 INFO c.s.m.MQClientSampler: Done!
2019-04-29 14:06:21,068 INFO c.s.m.MQClientSampler: Closing the queue
2019-04-29 14:06:21,947 INFO c.s.m.MQClientSampler: Disconnecting from the Queue Manager
2019-04-29 14:06:22,747 INFO c.s.m.MQClientSampler: Done!
2019-04-29 14:06:22,747 INFO c.s.m.MQClientSampler: Closing the queue
2019-04-29 14:06:22,944 INFO c.s.m.MQClientSampler: Disconnecting from the Queue Manager
2019-04-29 14:06:24,634 INFO c.s.m.MQClientSampler: Done!
2019-04-29 14:06:24,634 INFO c.s.m.MQClientSampler: Closing the queue
2019-04-29 14:06:24,835 INFO c.s.m.MQClientSampler: Disconnecting from the Queue Manager
2019-04-29 14:06:25,640 INFO c.s.m.MQClientSampler: Done!
2019-04-29 14:06:25,641 INFO c.s.m.MQClientSampler: Closing the queue
2019-04-29 14:06:25,838 INFO c.s.m.MQClientSampler: Disconnecting from the Queue Manager
2019-04-29 14:06:26,643 INFO c.s.m.MQClientSampler: Done!
2019-04-29 14:06:26,643 INFO c.s.m.MQClientSampler: Closing the queue
2019-04-29 14:06:26,841 INFO c.s.m.MQClientSampler: Disconnecting from the Queue Manager
2019-04-29 14:06:27,621 INFO c.s.m.MQClientSampler: Done!
2019-04-29 14:06:27,621 INFO c.s.m.MQClientSampler: Closing the queue
2019-04-29 14:06:27,818 INFO c.s.m.MQClientSampler: Disconnecting from the Queue Manager
2019-04-29 14:06:28,584 INFO c.s.m.MQClientSampler: Done!
2019-04-29 14:06:28,584 INFO c.s.m.MQClientSampler: Closing the queue
2019-04-29 14:06:28,774 INFO c.s.m.MQClientSampler: Disconnecting from the Queue Manager
2019-04-29 14:06:29,544 INFO c.s.m.MQClientSampler: Done!
2019-04-29 14:06:29,544 INFO c.s.m.MQClientSampler: Closing the queue
2019-04-29 14:06:30,422 INFO c.s.m.MQClientSampler: Disconnecting from the Queue Manager
2019-04-29 14:06:32,228 INFO c.s.m.MQClientSampler: Done!
2019-04-29 14:06:32,229 INFO c.s.m.MQClientSampler: Closing the queue
2019-04-29 14:06:33,183 INFO c.s.m.MQClientSampler: Disconnecting from the Queue Manager
2019-04-29 14:06:33,962 INFO c.s.m.MQClientSampler: Done!
2019-04-29 14:06:33,964 INFO o.a.j.g.u.JMeterMenuBar: setRunning(false, *local*)
