2010/06/17 10:48:19 INFO  - jmeter.util.JMeterUtils: Setting Locale to pt_PT 
2010/06/17 10:48:19 ERROR - jmeter.util.JMeterUtils: Could not find resources for 'pt_PT' 
2010/06/17 10:48:19 INFO  - jmeter.JMeter: Loading user properties from: D:\jakarta-jmeter-2.3.4\bin\user.properties 
2010/06/17 10:48:19 INFO  - jmeter.JMeter: Loading system properties from: D:\jakarta-jmeter-2.3.4\bin\system.properties 
2010/06/17 10:48:19 INFO  - jmeter.JMeter: Copyright (c) 1998-2009 The Apache Software Foundation 
2010/06/17 10:48:19 INFO  - jmeter.JMeter: Version 2.3.4 r785646 
2010/06/17 10:48:19 INFO  - jmeter.JMeter: java.version=1.6.0_19 
2010/06/17 10:48:19 INFO  - jmeter.JMeter: java.vm.name=Java HotSpot(TM) Client VM 
2010/06/17 10:48:19 INFO  - jmeter.JMeter: os.name=Windows XP 
2010/06/17 10:48:19 INFO  - jmeter.JMeter: os.arch=x86 
2010/06/17 10:48:19 INFO  - jmeter.JMeter: os.version=5.1 
2010/06/17 10:48:19 INFO  - jmeter.JMeter: file.encoding=Cp1252 
2010/06/17 10:48:19 INFO  - jmeter.JMeter: Default Locale=português (Portugal) 
2010/06/17 10:48:19 INFO  - jmeter.JMeter: JMeter  Locale=português (Portugal) 
2010/06/17 10:48:19 INFO  - jmeter.JMeter: JMeterHome=D:\jakarta-jmeter-2.3.4 
2010/06/17 10:48:19 INFO  - jmeter.JMeter: user.dir  =D:\jakarta-jmeter-2.3.4 
2010/06/17 10:48:19 INFO  - jmeter.JMeter: PWD       =D:\jakarta-jmeter-2.3.4 
2010/06/17 10:48:19 INFO  - jmeter.JMeter: IP: 10.200.10.152 Name: LT106673 FullName: LT106673.novabase.intra 
2010/06/17 10:48:19 INFO  - jmeter.JMeter: Loaded icon properties from org/apache/jmeter/images/icon.properties 
2010/06/17 10:48:20 INFO  - jmeter.engine.util.CompoundVariable: Note: Function class names must contain the string: '.functions.' 
2010/06/17 10:48:20 INFO  - jmeter.engine.util.CompoundVariable: Note: Function class names must not contain the string: '.gui.' 
2010/06/17 10:48:20 INFO  - jmeter.util.BSFTestElement: Registering JMeter version of JavaScript engine as work-round for BSF-22 
2010/06/17 10:48:20 INFO  - jmeter.protocol.http.sampler.HTTPSamplerBase: Cannot find .className property for htmlParser, using default 
2010/06/17 10:48:20 INFO  - jmeter.protocol.http.sampler.HTTPSamplerBase: Parser for text/html is  
2010/06/17 10:48:20 INFO  - jmeter.protocol.http.sampler.HTTPSamplerBase: Parser for application/xhtml+xml is  
2010/06/17 10:48:20 INFO  - jmeter.protocol.http.sampler.HTTPSamplerBase: Parser for application/xml is  
2010/06/17 10:48:20 INFO  - jmeter.protocol.http.sampler.HTTPSamplerBase: Parser for text/xml is  
2010/06/17 10:48:20 INFO  - jmeter.protocol.http.sampler.HTTPSamplerBase: Parser for text/vnd.wap.wml is org.apache.jmeter.protocol.http.parser.RegexpHTMLParser 
2010/06/17 10:48:20 INFO  - jmeter.gui.util.MenuFactory: Skipping org.apache.jmeter.protocol.http.modifier.gui.ParamModifierGui 
2010/06/17 10:48:20 INFO  - jmeter.gui.util.MenuFactory: Skipping org.apache.jmeter.protocol.http.modifier.gui.UserParameterModifierGui 
2010/06/17 10:48:20 INFO  - jmeter.protocol.http.sampler.HTTPSampler: Maximum connection retries = 10 
2010/06/17 10:48:20 INFO  - jmeter.protocol.http.sampler.HTTPSampler: Connection and read timeouts are available on this JVM 
2010/06/17 10:48:21 WARN  - jmeter.gui.util.MenuFactory: Missing jar? Could not create org.apache.jmeter.visualizers.MailerVisualizer. java.lang.NoClassDefFoundError: javax/mail/MessagingException 
2010/06/17 10:48:21 INFO  - jmeter.samplers.SampleResult: Note: Sample TimeStamps are START times 
2010/06/17 10:48:21 INFO  - jmeter.samplers.SampleResult: sampleresult.default.encoding is set to ISO-8859-1 
2010/06/17 10:48:32 INFO  - jmeter.services.FileServer: Default base=D:\jakarta-jmeter-2.3.4 
2010/06/17 10:48:32 INFO  - jmeter.gui.action.Load: Loading file: D:\OMP SVN\svn_tests\Test Plan Framework\OM+ Test Plan V0.2.jmx 
2010/06/17 10:48:32 INFO  - jmeter.services.FileServer: Set new base=D:\OMP SVN\svn_tests\Test Plan Framework 
2010/06/17 10:48:32 INFO  - jmeter.save.SaveService: Testplan (JMX) version: 2.2. Testlog (JTL) version: 2.2 
2010/06/17 10:48:32 INFO  - jmeter.save.SaveService: Using SaveService properties file encoding UTF-8 
2010/06/17 10:48:32 INFO  - jmeter.save.SaveService: Using SaveService properties file version 697317 
2010/06/17 10:48:32 INFO  - jmeter.save.SaveService: Using SaveService properties version 2.1 
2010/06/17 10:48:32 INFO  - jmeter.save.SaveService: All converter versions present and correct 
2010/06/17 10:48:33 INFO  - jmeter.services.FileServer: Set new base=D:\OMP SVN\svn_tests\Test Plan Framework 
2010/06/17 10:48:37 INFO  - jmeter.engine.StandardJMeterEngine: Listeners will be started after enabling running version 
2010/06/17 10:48:37 INFO  - jmeter.engine.StandardJMeterEngine: To revert to the earlier behaviour, define jmeterengine.startlistenerslater=false 
2010/06/17 10:48:37 INFO  - jmeter.engine.StandardJMeterEngine: Running the test! 
2010/06/17 10:48:38 INFO  - jmeter.gui.util.JMeterMenuBar: setRunning(true,*local*) 
2010/06/17 10:48:38 INFO  - jmeter.engine.StandardJMeterEngine: Starting 1 threads for group Functional Test Suite. Ramp up = 1. 
2010/06/17 10:48:38 INFO  - jmeter.engine.StandardJMeterEngine: Thread will continue on error 
2010/06/17 10:48:38 INFO  - jmeter.threads.JMeterThread: jmeterthread.startearlier=true (see jmeter.properties) 
2010/06/17 10:48:38 INFO  - jmeter.threads.JMeterThread: Running PostProcessors in forward order 
2010/06/17 10:48:38 INFO  - jmeter.engine.StandardJMeterEngine: All threads have been started 
2010/06/17 10:48:38 INFO  - jmeter.threads.JMeterThread: Thread started: Functional Test Suite 1-1 
2010/06/17 10:48:38 DEBUG - jmeter.protocol.jms.sampler.JMSSampler: Thread started Thu Jun 17 10:48:38 BST 2010 
2010/06/17 10:48:38 DEBUG - jmeter.protocol.jms.sampler.JMSSampler: JMSSampler: [Functional Test Suite 1-1], hashCode=[10352665] 
2010/06/17 10:48:38 DEBUG - jmeter.protocol.jms.sampler.JMSSampler: QCF: [QueueConnectionFactory], sendQueue=[OMP.OMP.REQ] 
2010/06/17 10:48:38 DEBUG - jmeter.protocol.jms.sampler.JMSSampler: Timeout             = 2000] 
2010/06/17 10:48:38 DEBUG - jmeter.protocol.jms.sampler.JMSSampler: Use temporary queue =false] 
2010/06/17 10:48:38 DEBUG - jmeter.protocol.jms.sampler.JMSSampler: Reply queue         =OMP.OMP.REP] 
2010/06/17 10:48:38 DEBUG - jmeter.protocol.jms.sampler.JMSSampler: Using InitialContext [com.tibco.tibjms.naming.TibjmsInitialContextFactory] 
2010/06/17 10:48:38 DEBUG - jmeter.protocol.jms.sampler.JMSSampler: Using Provider [tcp://localhost:7222] 
2010/06/17 10:48:38 DEBUG - jmeter.protocol.jms.sampler.JMSSampler: Empty JNDI properties 
2010/06/17 10:48:38 DEBUG - jmeter.protocol.jms.sampler.JMSSampler: Initial Context Properties 
2010/06/17 10:48:38 DEBUG - jmeter.protocol.jms.sampler.JMSSampler: com.tibco.tibjms.naming.port=7222 
2010/06/17 10:48:38 DEBUG - jmeter.protocol.jms.sampler.JMSSampler: java.naming.provider.url=tibjmsnaming://localhost:7222 
2010/06/17 10:48:38 DEBUG - jmeter.protocol.jms.sampler.JMSSampler: java.naming.factory.initial=com.tibco.tibjms.naming.TibjmsInitialContextFactory 
2010/06/17 10:48:38 DEBUG - jmeter.protocol.jms.sampler.JMSSampler: com.tibco.tibjms.naming.server=localhost 
2010/06/17 10:48:38 INFO  - jmeter.protocol.jms.sampler.Receiver: creating receiver without authorisation credentials 
2010/06/17 10:48:38 DEBUG - jmeter.protocol.jms.sampler.Receiver: Receiver - ctor. Starting connection now 
2010/06/17 10:48:38 INFO  - jmeter.protocol.jms.sampler.Receiver: Receiver - ctor. Connection to messaging system established 
2010/06/17 10:48:38 DEBUG - jmeter.protocol.jms.sampler.JMSSampler: Session created 
2010/06/17 10:48:38 DEBUG - jmeter.protocol.jms.sampler.JMSSampler: Starting connection 
2010/06/17 10:48:38 DEBUG - jmeter.protocol.jms.sampler.JMSSampler: Connection started 
2010/06/17 10:48:38 DEBUG - jmeter.protocol.jms.sampler.JMSSampler: Adding property [Sleep_Time=100] 
2010/06/17 10:48:38 DEBUG - jmeter.protocol.jms.sampler.JMSSampler: Adding property [Sleep_Mask=0xFF] 
2010/06/17 10:48:38 DEBUG - jmeter.protocol.jms.sampler.JMSSampler: Adding property [Label=] 
2010/06/17 10:48:38 DEBUG - jmeter.protocol.jms.sampler.JMSSampler: Adding property [ResponseCode=] 
2010/06/17 10:48:38 DEBUG - jmeter.protocol.jms.sampler.JMSSampler: Adding property [ResponseMessage=] 
2010/06/17 10:48:38 DEBUG - jmeter.protocol.jms.sampler.JMSSampler: Adding property [Status=OK] 
2010/06/17 10:48:38 DEBUG - jmeter.protocol.jms.sampler.JMSSampler: Adding property [SamplerData=] 
2010/06/17 10:48:38 DEBUG - jmeter.protocol.jms.sampler.JMSSampler: Adding property [ResultData=] 
2010/06/17 10:48:38 DEBUG - jmeter.protocol.jms.sampler.MessageAdmin: REQ_ID [ID:EMS-SERVER.16804C177835137C:4] 
2010/06/17 10:48:38 DEBUG - jmeter.protocol.jms.sampler.FixedQueueExecutor: wait for reply ID:EMS-SERVER.16804C177835137C:4 started on 1276768118566 
2010/06/17 10:48:38 DEBUG - jmeter.protocol.jms.sampler.Receiver: Received message, correlation id:ID:EMS-SERVER.16804C177835137C:4 
2010/06/17 10:48:38 DEBUG - jmeter.protocol.jms.sampler.MessageAdmin: RPL_ID [ID:EMS-SERVER.16804C1778351187:383] for holder null 
2010/06/17 10:48:40 DEBUG - jmeter.protocol.jms.sampler.FixedQueueExecutor: done waiting for ID:EMS-SERVER.16804C177835137C:4 ended on 1276768120569 
2010/06/17 10:48:40 DEBUG - jmeter.protocol.jms.sampler.MessageAdmin: GET_ID [ID:EMS-SERVER.16804C177835137C:4] for request=TextMessage={ Header={ JMSMessageID={ID:EMS-SERVER.16804C177835137C:4} JMSDestination={Queue[OMP.OMP.REQ]} JMSReplyTo={Queue[OMP.OMP.REP]} JMSDeliveryMode={PERSISTENT} JMSRedelivered={false} JMSCorrelationID={null} JMSType={null} JMSTimestamp={Thu Jun 17 10:48:38 BST 2010} JMSExpiration={0} JMSPriority={4} } Properties={ ResultData={String:} Sleep_Mask={String:0xFF} Sleep_Time={String:100} Status={String:OK} ResponseCode={String:} Label={String:} SamplerData={String:} ResponseMessage={String:} } Text={} }, reply=null 
2010/06/17 10:48:40 INFO  - jmeter.protocol.jms.sampler.MessageAdmin: Message with ID:EMS-SERVER.16804C177835137C:4 not found. 
2010/06/17 10:48:40 DEBUG - jmeter.protocol.jms.sampler.JMSSampler: No reply message received 
2010/06/17 10:48:40 INFO  - jmeter.threads.JMeterThread: Thread finished: Functional Test Suite 1-1 
2010/06/17 10:48:40 DEBUG - jmeter.protocol.jms.sampler.JMSSampler: Thread ended Thu Jun 17 10:48:40 BST 2010 
2010/06/17 10:48:40 INFO  - jmeter.engine.StandardJMeterEngine: Ending thread Functional Test Suite 1-1 
2010/06/17 10:48:40 INFO  - jmeter.engine.StandardJMeterEngine: Stopping test 
2010/06/17 10:48:40 INFO  - jmeter.engine.StandardJMeterEngine: Notifying test listeners of end of test 
2010/06/17 10:48:40 INFO  - jmeter.gui.util.JMeterMenuBar: setRunning(false,*local*) 
2010/06/17 10:48:40 INFO  - jmeter.engine.StandardJMeterEngine: Test has ended 
