2006/02/16 15:19:28 INFO  - jmeter.util.JMeterUtils: Setting Locale to en_GB 
2006/02/16 15:19:28 INFO  - jmeter.JMeter: Version 2.1.1.20060208 
2006/02/16 15:19:28 INFO  - jmeter.JMeter: java.version=1.4.2_07 
2006/02/16 15:19:28 INFO  - jmeter.JMeter: Locale=English (United Kingdom) 
2006/02/16 15:19:28 INFO  - jmeter.JMeter: Copyright (c) 1998-2005 The Apache Software Foundation 
2006/02/16 15:19:28 INFO  - jmeter.JMeter: Loaded icon properties from org/apache/jmeter/images/icon.properties 
2006/02/16 15:19:30 INFO  - jmeter.protocol.http.sampler.AccessLogSamplerBeanInfo: Entered access log sampler bean info 
2006/02/16 15:19:30 INFO  - jmeter.protocol.http.sampler.AccessLogSamplerBeanInfo: found parsers: [org.apache.jmeter.protocol.http.util.accesslog.OrderPreservingLogParser, org.apache.jmeter.protocol.http.util.accesslog.SharedTCLogParser, org.apache.jmeter.protocol.http.util.accesslog.TCLogParser] 
2006/02/16 15:19:30 INFO  - jmeter.protocol.http.sampler.AccessLogSamplerBeanInfo: Got to end of access log samper bean info init 
2006/02/16 15:19:31 INFO  - jmeter.samplers.SampleResult: Note: Sample TimeStamps are END times 
2006/02/16 15:19:31 INFO  - jmeter.samplers.SampleResult: sampleresult.default.encoding is set to ISO-8859-1 
2006/02/16 15:19:37 INFO  - jmeter.gui.action.Load: Loading file: D:\jmeter\tests\test\script1.jmx 
2006/02/16 15:19:37 INFO  - jmeter.protocol.http.sampler.HTTPSampler2: httpsampler2.basicauth=false 
2006/02/16 15:19:37 INFO  - jmeter.save.SaveService: Using SaveService properties file 1.7 
2006/02/16 15:19:37 INFO  - jmeter.save.SaveService: All converter versions present and correct 
2006/02/16 15:19:37 INFO  - jmeter.control.IncludeController: loadIncludedElements -- try to load included module 
2006/02/16 15:19:38 INFO  - jmeter.control.IncludeController: loadIncludedElements -- try to load included module 
2006/02/16 15:19:38 INFO  - jmeter.engine.StandardJMeterEngine: Running the test! 
2006/02/16 15:19:38 INFO  - jmeter.gui.util.JMeterMenuBar: setRunning(true,local) 
2006/02/16 15:19:38 INFO  - jmeter.engine.StandardJMeterEngine: Starting 1 threads for group Thread Group. Ramp up = 1. 
2006/02/16 15:19:38 INFO  - jmeter.engine.StandardJMeterEngine: Continue on error 
2006/02/16 15:19:38 WARN  - jmeter.threads.JMeterThread: jmeterthread.startearlier=true (see jmeter.properties) 
2006/02/16 15:19:38 INFO  - jmeter.control.IncludeController: loadIncludedElements -- try to load included module 
2006/02/16 15:19:38 INFO  - jmeter.threads.JMeterThread: Thread Thread Group 1-1 started 
2006/02/16 15:19:40 INFO  - jmeter.threads.JMeterThread: Thread Thread Group 1-1 is done 
2006/02/16 15:19:40 INFO  - jmeter.engine.StandardJMeterEngine: Ending thread 0 
2006/02/16 15:19:40 INFO  - jmeter.engine.StandardJMeterEngine: Stopping test 
2006/02/16 15:19:40 INFO  - jmeter.engine.StandardJMeterEngine: Notifying test listeners of end of test 
2006/02/16 15:19:40 INFO  - jmeter.gui.util.JMeterMenuBar: setRunning(false,local) 
2006/02/16 15:19:40 INFO  - jmeter.engine.StandardJMeterEngine: Test has ended 
