2016/05/29 13:32:14 INFO  - jmeter.visualizers.RenderAsHTML: Failed to parse HTML java.util.EmptyStackException
>-------at java.util.Stack.peek(Stack.java:102)
>-------at javax.swing.text.DefaultStyledDocument$ElementBuffer.insertElement(DefaultStyledDocument.java:1827)
>-------at javax.swing.text.DefaultStyledDocument$ElementBuffer.create(DefaultStyledDocument.java:1488)
>-------at javax.swing.text.DefaultStyledDocument.create(DefaultStyledDocument.java:149)
>-------at javax.swing.text.html.HTMLDocument.create(HTMLDocument.java:469)
>-------at javax.swing.text.html.HTMLDocument$HTMLReader.flushBuffer(HTMLDocument.java:3731)
>-------at javax.swing.text.html.HTMLDocument$HTMLReader.flush(HTMLDocument.java:2533)
>-------at javax.swing.text.html.HTMLEditorKit.read(HTMLEditorKit.java:263)
>-------at javax.swing.JEditorPane.setText(JEditorPane.java:1415)
>-------at org.apache.jmeter.visualizers.RenderAsHTML.showRenderedResponse(RenderAsHTML.java:105)
>-------at org.apache.jmeter.visualizers.RenderAsHTML.showRenderedResponse(RenderAsHTML.java:58)
>-------at org.apache.jmeter.visualizers.RenderAsHTML.renderResult(RenderAsHTML.java:54)
>-------at org.apache.jmeter.visualizers.ViewResultsFullVisualizer.valueChanged(ViewResultsFullVisualizer.java:268)
>-------at javax.swing.JTree.fireValueChanged(JTree.java:2924)
>-------at javax.swing.JTree$TreeSelectionRedirector.valueChanged(JTree.java:3383)
>-------at javax.swing.tree.DefaultTreeSelectionModel.fireValueChanged(DefaultTreeSelectionModel.java:634)
>-------at javax.swing.tree.DefaultTreeSelectionModel.notifyPathChange(DefaultTreeSelectionModel.java:1092)
>-------at javax.swing.tree.DefaultTreeSelectionModel.setSelectionPaths(DefaultTreeSelectionModel.java:293)
>-------at javax.swing.tree.DefaultTreeSelectionModel.setSelectionPath(DefaultTreeSelectionModel.java:187)
>-------at javax.swing.JTree.setSelectionPath(JTree.java:1631)
>-------at javax.swing.plaf.basic.BasicTreeUI.selectPathForEvent(BasicTreeUI.java:2393)
>-------at javax.swing.plaf.basic.BasicTreeUI$Handler.handleSelection(BasicTreeUI.java:3609)
>-------at javax.swing.plaf.basic.BasicTreeUI$Handler.mousePressed(BasicTreeUI.java:3548)
>-------at java.awt.Component.processMouseEvent(Component.java:6513)
>-------at javax.swing.JComponent.processMouseEvent(JComponent.java:3321)
>-------at java.awt.Component.processEvent(Component.java:6281)
>-------at java.awt.Container.processEvent(Container.java:2229)
>-------at java.awt.Component.dispatchEventImpl(Component.java:4872)
>-------at java.awt.Container.dispatchEventImpl(Container.java:2287)
>-------at java.awt.Component.dispatchEvent(Component.java:4698)
>-------at java.awt.LightweightDispatcher.retargetMouseEvent(Container.java:4832)
>-------at java.awt.LightweightDispatcher.processMouseEvent(Container.java:4489)
>-------at java.awt.LightweightDispatcher.dispatchEvent(Container.java:4422)
>-------at java.awt.Container.dispatchEventImpl(Container.java:2273)
>-------at java.awt.Window.dispatchEventImpl(Window.java:2719)
>-------at java.awt.Component.dispatchEvent(Component.java:4698)
>-------at java.awt.EventQueue.dispatchEventImpl(EventQueue.java:747)
>-------at java.awt.EventQueue.access$300(EventQueue.java:103)
>-------at java.awt.EventQueue$3.run(EventQueue.java:706)
>-------at java.awt.EventQueue$3.run(EventQueue.java:704)
>-------at java.security.AccessController.doPrivileged(Native Method)
>-------at java.security.ProtectionDomain$1.doIntersectionPrivilege(ProtectionDomain.java:76)
>-------at java.security.ProtectionDomain$1.doIntersectionPrivilege(ProtectionDomain.java:87)
>-------at java.awt.EventQueue$4.run(EventQueue.java:720)
>-------at java.awt.EventQueue$4.run(EventQueue.java:718)
>-------at java.security.AccessController.doPrivileged(Native Method)
>-------at java.security.ProtectionDomain$1.doIntersectionPrivilege(ProtectionDomain.java:76)
>-------at java.awt.EventQueue.dispatchEvent(EventQueue.java:717)
>-------at java.awt.EventDispatchThread.pumpOneEventForFilters(EventDispatchThread.java:242)
>-------at java.awt.EventDispatchThread.pumpEventsForFilter(EventDispatchThread.java:161)
>-------at java.awt.EventDispatchThread.pumpEventsForHierarchy(EventDispatchThread.java:150)
>-------at java.awt.EventDispatchThread.pumpEvents(EventDispatchThread.java:146)
>-------at java.awt.EventDispatchThread.pumpEvents(EventDispatchThread.java:138)
>-------at java.awt.EventDispatchThread.run(EventDispatchThread.java:91)

