Source File: C:\apache-jmeter-5.2\printable_docs\usermanual\component_reference.html
ERROR: 404
Origin attr: ../api/org/apache/jmeter/assertions/AssertionResult.html
Request URL: file:///C:/apache-jmeter-5.2/printable_docs/usermanual/../api/org/apache/jmeter/assertions/AssertionResult.html
===========================

Source File: C:\apache-jmeter-5.2\printable_docs\usermanual\component_reference.html
ERROR: 404
Origin attr: ../api/org/apache/jmeter/protocol/java/sampler/AbstractJavaSamplerClient.html
Request URL: file:///C:/apache-jmeter-5.2/printable_docs/usermanual/../api/org/apache/jmeter/protocol/java/sampler/AbstractJavaSamplerClient.html
===========================

Source File: C:\apache-jmeter-5.2\printable_docs\usermanual\component_reference.html
ERROR: 404
Origin attr: ../api/org/apache/jmeter/protocol/mongodb/config/MongoDBHolder.html
Request URL: file:///C:/apache-jmeter-5.2/printable_docs/usermanual/../api/org/apache/jmeter/protocol/mongodb/config/MongoDBHolder.html
===========================

Source File: C:\apache-jmeter-5.2\printable_docs\usermanual\component_reference.html
ERROR: 404
Origin attr: ../api/org/apache/jmeter/samplers/SampleEvent.html
Request URL: file:///C:/apache-jmeter-5.2/printable_docs/usermanual/../api/org/apache/jmeter/samplers/SampleEvent.html
===========================

Source File: C:\apache-jmeter-5.2\printable_docs\usermanual\component_reference.html
ERROR: 404
Origin attr: ../api/org/apache/jmeter/samplers/SampleResult.html
Request URL: file:///C:/apache-jmeter-5.2/printable_docs/usermanual/../api/org/apache/jmeter/samplers/SampleResult.html
===========================

Source File: C:\apache-jmeter-5.2\printable_docs\usermanual\component_reference.html
ERROR: 404
Origin attr: ../api/org/apache/jmeter/samplers/Sampler.html
Request URL: file:///C:/apache-jmeter-5.2/printable_docs/usermanual/../api/org/apache/jmeter/samplers/Sampler.html
===========================

Source File: C:\apache-jmeter-5.2\printable_docs\usermanual\component_reference.html
ERROR: 404
Origin attr: ../api/org/apache/jmeter/threads/JMeterContext.html
Request URL: file:///C:/apache-jmeter-5.2/printable_docs/usermanual/../api/org/apache/jmeter/threads/JMeterContext.html
===========================

Source File: C:\apache-jmeter-5.2\printable_docs\usermanual\component_reference.html
ERROR: 404
Origin attr: ../api/org/apache/jmeter/threads/JMeterVariables.html
Request URL: file:///C:/apache-jmeter-5.2/printable_docs/usermanual/../api/org/apache/jmeter/threads/JMeterVariables.html
===========================

Source File: C:\apache-jmeter-5.2\printable_docs\usermanual\component_reference.html
ERROR: 404
Origin attr: ../api/org/apache/jmeter/visualizers/backend/BackendListenerClient.html
Request URL: file:///C:/apache-jmeter-5.2/printable_docs/usermanual/../api/org/apache/jmeter/visualizers/backend/BackendListenerClient.html
===========================

Source File: C:\apache-jmeter-5.2\printable_docs\usermanual\component_reference.html
ERROR: 404
Origin attr: ../api/org/apache/jmeter/visualizers/backend/graphite/GraphiteBackendListenerClient.html
Request URL: file:///C:/apache-jmeter-5.2/printable_docs/usermanual/../api/org/apache/jmeter/visualizers/backend/graphite/GraphiteBackendListenerClient.html
===========================

Source File: C:\apache-jmeter-5.2\printable_docs\usermanual\component_reference.html
ERROR: 404
Origin attr: ../api/org/apache/jmeter/visualizers/backend/influxdb/InfluxdbBackendListenerClient.html
Request URL: file:///C:/apache-jmeter-5.2/printable_docs/usermanual/../api/org/apache/jmeter/visualizers/backend/influxdb/InfluxdbBackendListenerClient.html
===========================

Source File: C:\apache-jmeter-5.2\printable_docs\usermanual\component_reference.html
ERROR: 404
Origin attr: best-practices#bsh_scripting
Request URL: file:///C:/apache-jmeter-5.2/printable_docs/usermanual/best-practices#bsh_scripting
===========================

Source File: C:\apache-jmeter-5.2\printable_docs\usermanual\functions.html
ERROR: 404
Origin attr: ../api/org/apache/jmeter/samplers/SampleResult.html
Request URL: file:///C:/apache-jmeter-5.2/printable_docs/usermanual/../api/org/apache/jmeter/samplers/SampleResult.html
===========================

Source File: C:\apache-jmeter-5.2\printable_docs\usermanual\functions.html
ERROR: 404
Origin attr: ../api/org/apache/jmeter/samplers/Sampler.html
Request URL: file:///C:/apache-jmeter-5.2/printable_docs/usermanual/../api/org/apache/jmeter/samplers/Sampler.html
===========================

Source File: C:\apache-jmeter-5.2\printable_docs\usermanual\functions.html
ERROR: 404
Origin attr: ../api/org/apache/jmeter/threads/JMeterContext.html
Request URL: file:///C:/apache-jmeter-5.2/printable_docs/usermanual/../api/org/apache/jmeter/threads/JMeterContext.html
===========================

Source File: C:\apache-jmeter-5.2\printable_docs\usermanual\functions.html
ERROR: 404
Origin attr: ../api/org/apache/jmeter/threads/JMeterVariables.html
Request URL: file:///C:/apache-jmeter-5.2/printable_docs/usermanual/../api/org/apache/jmeter/threads/JMeterVariables.html
===========================

Source File: C:\apache-jmeter-5.2\printable_docs\usermanual\hints_and_tips.html
ERROR: 404
Origin attr: Gluon website
Request URL: file:///C:/apache-jmeter-5.2/printable_docs/usermanual/Gluon website
===========================

Source File: C:\apache-jmeter-5.2\printable_docs\usermanual\jmeter_tutorial.html
ERROR: 404
Origin attr: ../api/org/apache/jmeter/visualizers/backend/BackendListenerClient.html
Request URL: file:///C:/apache-jmeter-5.2/printable_docs/usermanual/../api/org/apache/jmeter/visualizers/backend/BackendListenerClient.html
===========================

Source File: C:\apache-jmeter-5.2\printable_docs\usermanual\properties_reference.html
ERROR: 404
Origin attr: ../api/org/apache/jmeter/gui/action/TreeNodeNamingPolicy.html
Request URL: file:///C:/apache-jmeter-5.2/printable_docs/usermanual/../api/org/apache/jmeter/gui/action/TreeNodeNamingPolicy.html
===========================

Source File: C:\apache-jmeter-5.2\printable_docs\usermanual\properties_reference.html
ERROR: 404
Origin attr: ../api/org/apache/jmeter/gui/action/impl/DefaultTreeNodeNamingPolicy.html
Request URL: file:///C:/apache-jmeter-5.2/printable_docs/usermanual/../api/org/apache/jmeter/gui/action/impl/DefaultTreeNodeNamingPolicy.html
===========================

Source File: C:\apache-jmeter-5.2\printable_docs\usermanual\properties_reference.html
ERROR: 404
Origin attr: ../api/org/apache/jmeter/gui/action/thinktime/ThinkTimeCreator.html
Request URL: file:///C:/apache-jmeter-5.2/printable_docs/usermanual/../api/org/apache/jmeter/gui/action/thinktime/ThinkTimeCreator.html
===========================

Source File: C:\apache-jmeter-5.2\printable_docs\usermanual\properties_reference.html
ERROR: 404
Origin attr: ../api/org/apache/jmeter/samplers/AbstractSampleSender.html
Request URL: file:///C:/apache-jmeter-5.2/printable_docs/usermanual/../api/org/apache/jmeter/samplers/AbstractSampleSender.html
===========================

Source File: C:\apache-jmeter-5.2\printable_docs\usermanual\properties_reference.html
ERROR: 404
Origin attr: ../api/org/apache/jmeter/thinktime/DefaultThinkTimeCreator.html
Request URL: file:///C:/apache-jmeter-5.2/printable_docs/usermanual/../api/org/apache/jmeter/thinktime/DefaultThinkTimeCreator.html
===========================

Source File: C:\apache-jmeter-5.2\printable_docs\usermanual\properties_reference.html
ERROR: 404
Origin attr: ../api/org/apache/jmeter/timers/gui/UniformRandomTimerGui.html
Request URL: file:///C:/apache-jmeter-5.2/printable_docs/usermanual/../api/org/apache/jmeter/timers/gui/UniformRandomTimerGui.html
===========================

Source File: C:\apache-jmeter-5.2\printable_docs\usermanual\realtime-results.html
ERROR: 404
Origin attr: ../api/org/apache/jmeter/visualizers/backend/AbstractBackendListenerClient.html
Request URL: file:///C:/apache-jmeter-5.2/printable_docs/usermanual/../api/org/apache/jmeter/visualizers/backend/AbstractBackendListenerClient.html
===========================
