2011-10-08 17:19:26
Full thread dump Java HotSpot(TM) 64-Bit Server VM (20.1-b02-384 mixed mode):

"InactivityMonitor Async Task: java.util.concurrent.ThreadPoolExecutor$Worker@5edc49c3" daemon prio=6 tid=101a7e800 nid=0x11ffad000 waiting on condition [11ffac000]
   java.lang.Thread.State: TIMED_WAITING (parking)
	at sun.misc.Unsafe.park(Native Method)
	- parking to wait for  <7db082460> (a java.util.concurrent.SynchronousQueue$TransferStack)
	at java.util.concurrent.locks.LockSupport.parkNanos(LockSupport.java:198)
	at java.util.concurrent.SynchronousQueue$TransferStack.awaitFulfill(SynchronousQueue.java:424)
	at java.util.concurrent.SynchronousQueue$TransferStack.transfer(SynchronousQueue.java:323)
	at java.util.concurrent.SynchronousQueue.poll(SynchronousQueue.java:874)
	at java.util.concurrent.ThreadPoolExecutor.getTask(ThreadPoolExecutor.java:945)
	at java.util.concurrent.ThreadPoolExecutor$Worker.run(ThreadPoolExecutor.java:907)
	at java.lang.Thread.run(Thread.java:680)

"InactivityMonitor WriteCheck" daemon prio=6 tid=1037a0800 nid=0x12255a000 in Object.wait() [122559000]
   java.lang.Thread.State: TIMED_WAITING (on object monitor)
	at java.lang.Object.wait(Native Method)
	- waiting on <7db082a80> (a java.util.TaskQueue)
	at java.util.TimerThread.mainLoop(Timer.java:509)
	- locked <7db082a80> (a java.util.TaskQueue)
	at java.util.TimerThread.run(Timer.java:462)

"InactivityMonitor ReadCheck" daemon prio=6 tid=101a83800 nid=0x122457000 in Object.wait() [122456000]
   java.lang.Thread.State: TIMED_WAITING (on object monitor)
	at java.lang.Object.wait(Native Method)
	- waiting on <7db082588> (a java.util.TaskQueue)
	at java.util.TimerThread.mainLoop(Timer.java:509)
	- locked <7db082588> (a java.util.TaskQueue)
	at java.util.TimerThread.run(Timer.java:462)

"ActiveMQ Transport: tcp://localhost/127.0.0.1:61616" prio=6 tid=103250800 nid=0x122354000 runnable [122353000]
   java.lang.Thread.State: RUNNABLE
	at java.net.SocketInputStream.socketRead0(Native Method)
	at java.net.SocketInputStream.read(SocketInputStream.java:129)
	at org.apache.activemq.transport.tcp.TcpBufferedInputStream.fill(TcpBufferedInputStream.java:50)
	at org.apache.activemq.transport.tcp.TcpTransport$2.fill(TcpTransport.java:576)
	at org.apache.activemq.transport.tcp.TcpBufferedInputStream.read(TcpBufferedInputStream.java:58)
	at org.apache.activemq.transport.tcp.TcpTransport$2.read(TcpTransport.java:561)
	at java.io.DataInputStream.readInt(DataInputStream.java:370)
	at org.apache.activemq.openwire.OpenWireFormat.unmarshal(OpenWireFormat.java:269)
	at org.apache.activemq.transport.tcp.TcpTransport.readCommand(TcpTransport.java:227)
	at org.apache.activemq.transport.tcp.TcpTransport.doRun(TcpTransport.java:219)
	at org.apache.activemq.transport.tcp.TcpTransport.run(TcpTransport.java:202)
	at java.lang.Thread.run(Thread.java:680)

"DestroyJavaVM" prio=5 tid=1037b3000 nid=0x100501000 waiting on condition [00000000]
   java.lang.Thread.State: RUNNABLE

"TimerQueue" daemon prio=5 tid=1037b2800 nid=0x11efbf000 in Object.wait() [11efbe000]
   java.lang.Thread.State: WAITING (on object monitor)
	at java.lang.Object.wait(Native Method)
	- waiting on <7ddb79078> (a javax.swing.TimerQueue)
	at javax.swing.TimerQueue.run(TimerQueue.java:232)
	- locked <7ddb79078> (a javax.swing.TimerQueue)
	at java.lang.Thread.run(Thread.java:680)

"Timer-0" daemon prio=5 tid=103370800 nid=0x11eebc000 in Object.wait() [11eebb000]
   java.lang.Thread.State: WAITING (on object monitor)
	at java.lang.Object.wait(Native Method)
	- waiting on <7ddb79090> (a java.util.TaskQueue)
	at java.lang.Object.wait(Object.java:485)
	at java.util.TimerThread.mainLoop(Timer.java:483)
	- locked <7ddb79090> (a java.util.TaskQueue)
	at java.util.TimerThread.run(Timer.java:462)

"AWT-EventQueue-0" prio=6 tid=103294000 nid=0x11e6e0000 in Object.wait() [11e6df000]
   java.lang.Thread.State: WAITING (on object monitor)
	at java.lang.Object.wait(Native Method)
	- waiting on <7dd7919f8> (a java.awt.EventQueue)
	at java.lang.Object.wait(Object.java:485)
	at java.awt.EventQueue.getNextEvent(EventQueue.java:520)
	- locked <7dd7919f8> (a java.awt.EventQueue)
	at java.awt.EventDispatchThread.pumpOneEventForFilters(EventDispatchThread.java:263)
	at java.awt.EventDispatchThread.pumpEventsForFilter(EventDispatchThread.java:211)
	at java.awt.EventDispatchThread.pumpEventsForHierarchy(EventDispatchThread.java:201)
	at java.awt.EventDispatchThread.pumpEvents(EventDispatchThread.java:196)
	at java.awt.EventDispatchThread.pumpEvents(EventDispatchThread.java:188)
	at java.awt.EventDispatchThread.run(EventDispatchThread.java:122)

"Java2D Disposer" daemon prio=10 tid=103259000 nid=0x11e334000 in Object.wait() [11e333000]
   java.lang.Thread.State: WAITING (on object monitor)
	at java.lang.Object.wait(Native Method)
	- waiting on <7dd790048> (a java.lang.ref.ReferenceQueue$Lock)
	at java.lang.ref.ReferenceQueue.remove(ReferenceQueue.java:118)
	- locked <7dd790048> (a java.lang.ref.ReferenceQueue$Lock)
	at java.lang.ref.ReferenceQueue.remove(ReferenceQueue.java:134)
	at sun.java2d.Disposer.run(Disposer.java:127)
	at java.lang.Thread.run(Thread.java:680)

"AWT-Shutdown" prio=5 tid=1030a5000 nid=0x11b534000 in Object.wait() [11b533000]
   java.lang.Thread.State: WAITING (on object monitor)
	at java.lang.Object.wait(Native Method)
	- waiting on <7dd790078> (a java.lang.Object)
	at java.lang.Object.wait(Object.java:485)
	at sun.awt.AWTAutoShutdown.run(AWTAutoShutdown.java:265)
	- locked <7dd790078> (a java.lang.Object)
	at java.lang.Thread.run(Thread.java:680)

"AWT-AppKit" daemon prio=5 tid=1030a4000 nid=0x7fff71207cc0 runnable [00000000]
   java.lang.Thread.State: RUNNABLE

"Low Memory Detector" daemon prio=5 tid=10302c800 nid=0x10aa99000 runnable [00000000]
   java.lang.Thread.State: RUNNABLE

"C2 CompilerThread1" daemon prio=9 tid=10302b000 nid=0x10a996000 waiting on condition [00000000]
   java.lang.Thread.State: RUNNABLE

"C2 CompilerThread0" daemon prio=9 tid=10302a000 nid=0x10a893000 waiting on condition [00000000]
   java.lang.Thread.State: RUNNABLE

"JDWP Command Reader" daemon prio=5 tid=101899800 nid=0x10a790000 runnable [00000000]
   java.lang.Thread.State: RUNNABLE

"JDWP Event Helper Thread" daemon prio=5 tid=101898800 nid=0x10a68d000 runnable [00000000]
   java.lang.Thread.State: RUNNABLE

"JDWP Transport Listener: dt_socket" daemon prio=5 tid=101898000 nid=0x10a58a000 runnable [00000000]
   java.lang.Thread.State: RUNNABLE

"Signal Dispatcher" daemon prio=9 tid=101896000 nid=0x10a487000 waiting on condition [00000000]
   java.lang.Thread.State: RUNNABLE

"Surrogate Locker Thread (Concurrent GC)" daemon prio=5 tid=103029800 nid=0x10a384000 waiting on condition [00000000]
   java.lang.Thread.State: RUNNABLE

"Finalizer" daemon prio=8 tid=103017800 nid=0x10a09e000 in Object.wait() [10a09d000]
   java.lang.Thread.State: WAITING (on object monitor)
	at java.lang.Object.wait(Native Method)
	- waiting on <7dd790090> (a java.lang.ref.ReferenceQueue$Lock)
	at java.lang.ref.ReferenceQueue.remove(ReferenceQueue.java:118)
	- locked <7dd790090> (a java.lang.ref.ReferenceQueue$Lock)
	at java.lang.ref.ReferenceQueue.remove(ReferenceQueue.java:134)
	at java.lang.ref.Finalizer$FinalizerThread.run(Finalizer.java:159)

"Reference Handler" daemon prio=10 tid=103017000 nid=0x109f9b000 in Object.wait() [109f9a000]
   java.lang.Thread.State: WAITING (on object monitor)
	at java.lang.Object.wait(Native Method)
	- waiting on <7dd7900a8> (a java.lang.ref.Reference$Lock)
	at java.lang.Object.wait(Object.java:485)
	at java.lang.ref.Reference$ReferenceHandler.run(Reference.java:116)
	- locked <7dd7900a8> (a java.lang.ref.Reference$Lock)

"VM Thread" prio=9 tid=103012000 nid=0x109e98000 runnable 

"Gang worker#0 (Parallel GC Threads)" prio=9 tid=101803000 nid=0x102a01000 runnable 

"Gang worker#1 (Parallel GC Threads)" prio=9 tid=101803800 nid=0x102b04000 runnable 

"Concurrent Mark-Sweep GC Thread" prio=9 tid=10184e800 nid=0x109ba4000 runnable 
"VM Periodic Task Thread" prio=10 tid=103036000 nid=0x10ab9c000 waiting on condition 

"Exception Catcher Thread" prio=10 tid=101802800 nid=0x1017f9000 runnable 
JNI global references: 6994

Heap
 par new generation   total 31104K, used 6481K [7dae00000, 7dcfb0000, 7dd790000)
  eden space 27712K,  23% used [7dae00000, 7db4545c0, 7dc910000)
  from space 3392K,   0% used [7dc910000, 7dc910000, 7dcc60000)
  to   space 3392K,   0% used [7dcc60000, 7dcc60000, 7dcfb0000)
 concurrent mark-sweep generation total 240896K, used 11879K [7dd790000, 7ec2d0000, 7fae00000)
 concurrent-mark-sweep perm gen total 71768K, used 44348K [7fae00000, 7ff416000, 800000000)

