2016/02/09 19:30:40 INFO  - jmeter.report.dashboard.ReportGenerator: Will only generate report from results file:bad.jtl 
2016/02/09 19:30:40 INFO  - jmeter.report.config.ReportGeneratorConfiguration: Property "jmeter.reportgenerator.temp_dir" not found, using default value "temp" instead. 
2016/02/09 19:30:40 INFO  - jmeter.report.config.ReportGeneratorConfiguration: Property "jmeter.reportgenerator.apdex_statisfied_threshold" not found, using default value "500" instead. 
2016/02/09 19:30:40 INFO  - jmeter.report.config.ReportGeneratorConfiguration: Property "jmeter.reportgenerator.apdex_tolerated_threshold" not found, using default value "1500" instead. 
2016/02/09 19:30:40 INFO  - jmeter.report.config.ReportGeneratorConfiguration: Property "jmeter.reportgenerator.sample_filter" not found, using default value "null" instead. 
2016/02/09 19:30:40 INFO  - jmeter.report.config.ReportGeneratorConfiguration: Property "jmeter.reportgenerator.graph.bytesThroughputOverTime.exclude_controllers" not found, using default value "false" instead. 
2016/02/09 19:30:40 INFO  - jmeter.report.config.ReportGeneratorConfiguration: Property "jmeter.reportgenerator.graph.responseTimeDistribution.exclude_controllers" not found, using default value "false" instead. 
2016/02/09 19:30:40 INFO  - jmeter.report.config.ReportGeneratorConfiguration: Property "jmeter.reportgenerator.graph.activeThreadsOverTime.exclude_controllers" not found, using default value "false" instead. 
2016/02/09 19:30:40 INFO  - jmeter.report.config.ReportGeneratorConfiguration: Property "jmeter.reportgenerator.graph.latenciesOverTime.exclude_controllers" not found, using default value "false" instead. 
2016/02/09 19:30:40 INFO  - jmeter.report.config.ReportGeneratorConfiguration: Property "jmeter.reportgenerator.graph.transactionsPerSecond.exclude_controllers" not found, using default value "false" instead. 
2016/02/09 19:30:40 INFO  - jmeter.report.config.ReportGeneratorConfiguration: Property "jmeter.reportgenerator.graph.responseTimePercentiles.exclude_controllers" not found, using default value "false" instead. 
2016/02/09 19:30:40 INFO  - jmeter.report.config.ReportGeneratorConfiguration: Property "jmeter.reportgenerator.graph.timeVsThreads.exclude_controllers" not found, using default value "false" instead. 
2016/02/09 19:30:40 INFO  - jmeter.report.config.ReportGeneratorConfiguration: Property "jmeter.reportgenerator.graph.responseTimePerSample.exclude_controllers" not found, using default value "false" instead. 
2016/02/09 19:30:40 INFO  - jmeter.report.config.ReportGeneratorConfiguration: Property "jmeter.reportgenerator.graph.responseTimesOverTime.exclude_controllers" not found, using default value "false" instead. 
2016/02/09 19:30:40 INFO  - jmeter.report.config.ReportGeneratorConfiguration: Property "jmeter.reportgenerator.exporter.html.filters_only_sample_series" not found, using default value "false" instead. 
2016/02/09 19:30:40 INFO  - jmeter.report.config.ReportGeneratorConfiguration: Property "jmeter.reportgenerator.exporter.html.series_filter" not found, using default value "" instead. 
2016/02/09 19:30:40 INFO  - jmeter.report.config.ReportGeneratorConfiguration: Property "jmeter.reportgenerator.exporter.html.show_controllers_only" not found, using default value "false" instead. 
2016/02/09 19:30:40 ERROR - jmeter.report.dashboard.ReportGenerator: Error while processing samples org.apache.jmeter.report.core.SampleException: org.apache.jmeter.report.core.SampleException: org.apache.jmeter.report.core.SampleException: org.apache.jmeter.report.core.SampleException: org.apache.jmeter.report.core.SampleException: Error in sample #0
	at org.apache.jmeter.report.processor.CsvFileSampleSource$PrivateProducer.stopProducing(CsvFileSampleSource.java:360)
	at org.apache.jmeter.report.processor.CsvFileSampleSource.produce(CsvFileSampleSource.java:192)
	at org.apache.jmeter.report.processor.CsvFileSampleSource.run(CsvFileSampleSource.java:245)
	at org.apache.jmeter.report.dashboard.ReportGenerator.generate(ReportGenerator.java:215)
	at org.apache.jmeter.JMeter.start(JMeter.java:411)
	at sun.reflect.NativeMethodAccessorImpl.invoke0(Native Method)
	at sun.reflect.NativeMethodAccessorImpl.invoke(NativeMethodAccessorImpl.java:57)
	at sun.reflect.DelegatingMethodAccessorImpl.invoke(DelegatingMethodAccessorImpl.java:43)
	at java.lang.reflect.Method.invoke(Method.java:606)
	at org.apache.jmeter.NewDriver.main(NewDriver.java:259)
Caused by: org.apache.jmeter.report.core.SampleException: org.apache.jmeter.report.core.SampleException: org.apache.jmeter.report.core.SampleException: org.apache.jmeter.report.core.SampleException: Error in sample #0
	at org.apache.jmeter.report.processor.AbstractSampleConsumer.stopProducing(AbstractSampleConsumer.java:253)
	at org.apache.jmeter.report.processor.NormalizerSampleConsumer.stopConsuming(NormalizerSampleConsumer.java:93)
	at org.apache.jmeter.report.processor.CsvFileSampleSource$PrivateProducer.stopProducing(CsvFileSampleSource.java:356)
	... 9 more
Caused by: org.apache.jmeter.report.core.SampleException: org.apache.jmeter.report.core.SampleException: org.apache.jmeter.report.core.SampleException: Error in sample #0
	at org.apache.jmeter.report.processor.AbstractSampleConsumer.stopProducing(AbstractSampleConsumer.java:253)
	at org.apache.jmeter.report.processor.FilterConsumer.stopConsuming(FilterConsumer.java:112)
	at org.apache.jmeter.report.processor.AbstractSampleConsumer.stopProducing(AbstractSampleConsumer.java:248)
	... 11 more
Caused by: org.apache.jmeter.report.core.SampleException: org.apache.jmeter.report.core.SampleException: Error in sample #0
	at org.apache.jmeter.report.processor.AbstractSampleConsumer.stopProducing(AbstractSampleConsumer.java:253)
	at org.apache.jmeter.report.processor.FilterConsumer.stopConsuming(FilterConsumer.java:112)
	at org.apache.jmeter.report.processor.AbstractSampleConsumer.stopProducing(AbstractSampleConsumer.java:248)
	... 13 more
Caused by: org.apache.jmeter.report.core.SampleException: Error in sample #0
	at org.apache.jmeter.report.core.Sample.getData(Sample.java:106)
	at org.apache.jmeter.report.core.Sample.getData(Sample.java:121)
	at org.apache.jmeter.report.core.Sample.getLatency(Sample.java:235)
	at org.apache.jmeter.report.processor.graph.LatencyValueSelector.select(LatencyValueSelector.java:39)
	at org.apache.jmeter.report.processor.graph.AbstractGraphConsumer.consume(AbstractGraphConsumer.java:517)
	at org.apache.jmeter.report.processor.graph.AbstractVersusRequestsGraphConsumer.consumeBase(AbstractVersusRequestsGraphConsumer.java:132)
	at org.apache.jmeter.report.processor.graph.AbstractVersusRequestsGraphConsumer.access$3(AbstractVersusRequestsGraphConsumer.java:131)
	at org.apache.jmeter.report.processor.graph.AbstractVersusRequestsGraphConsumer$TimeCountConsumer.stopConsuming(AbstractVersusRequestsGraphConsumer.java:339)
	at org.apache.jmeter.report.processor.graph.AbstractVersusRequestsGraphConsumer.stopConsuming(AbstractVersusRequestsGraphConsumer.java:144)
	at org.apache.jmeter.report.processor.AbstractSampleConsumer.stopProducing(AbstractSampleConsumer.java:248)
	... 15 more
Caused by: org.apache.jmeter.report.core.ConvertException: Unable to convert "" to "java.lang.Long"
	at org.apache.jmeter.report.core.Converters$5.convert(Converters.java:102)
	at org.apache.jmeter.report.core.Converters$5.convert(Converters.java:95)
	at org.apache.jmeter.report.core.Converters.convert(Converters.java:172)
	at org.apache.jmeter.report.core.Sample.getData(Sample.java:104)
	... 24 more
Caused by: java.lang.NumberFormatException: For input string: ""
	at java.lang.NumberFormatException.forInputString(NumberFormatException.java:65)
	at java.lang.Long.parseLong(Long.java:453)
	at java.lang.Long.valueOf(Long.java:540)
	at org.apache.jmeter.report.core.Converters$5.convert(Converters.java:100)
	... 27 more

2016/02/09 19:30:40 FATAL - jmeter.JMeter: An error occurred:  org.apache.jmeter.report.dashboard.GenerationException: Error while processing samples
	at org.apache.jmeter.report.dashboard.ReportGenerator.generate(ReportGenerator.java:219)
	at org.apache.jmeter.JMeter.start(JMeter.java:411)
	at sun.reflect.NativeMethodAccessorImpl.invoke0(Native Method)
	at sun.reflect.NativeMethodAccessorImpl.invoke(NativeMethodAccessorImpl.java:57)
	at sun.reflect.DelegatingMethodAccessorImpl.invoke(DelegatingMethodAccessorImpl.java:43)
	at java.lang.reflect.Method.invoke(Method.java:606)
	at org.apache.jmeter.NewDriver.main(NewDriver.java:259)
Caused by: org.apache.jmeter.report.core.SampleException: org.apache.jmeter.report.core.SampleException: org.apache.jmeter.report.core.SampleException: org.apache.jmeter.report.core.SampleException: org.apache.jmeter.report.core.SampleException: Error in sample #0
	at org.apache.jmeter.report.processor.CsvFileSampleSource$PrivateProducer.stopProducing(CsvFileSampleSource.java:360)
	at org.apache.jmeter.report.processor.CsvFileSampleSource.produce(CsvFileSampleSource.java:192)
	at org.apache.jmeter.report.processor.CsvFileSampleSource.run(CsvFileSampleSource.java:245)
	at org.apache.jmeter.report.dashboard.ReportGenerator.generate(ReportGenerator.java:215)
	... 6 more
Caused by: org.apache.jmeter.report.core.SampleException: org.apache.jmeter.report.core.SampleException: org.apache.jmeter.report.core.SampleException: org.apache.jmeter.report.core.SampleException: Error in sample #0
	at org.apache.jmeter.report.processor.AbstractSampleConsumer.stopProducing(AbstractSampleConsumer.java:253)
	at org.apache.jmeter.report.processor.NormalizerSampleConsumer.stopConsuming(NormalizerSampleConsumer.java:93)
	at org.apache.jmeter.report.processor.CsvFileSampleSource$PrivateProducer.stopProducing(CsvFileSampleSource.java:356)
	... 9 more
Caused by: org.apache.jmeter.report.core.SampleException: org.apache.jmeter.report.core.SampleException: org.apache.jmeter.report.core.SampleException: Error in sample #0
	at org.apache.jmeter.report.processor.AbstractSampleConsumer.stopProducing(AbstractSampleConsumer.java:253)
	at org.apache.jmeter.report.processor.FilterConsumer.stopConsuming(FilterConsumer.java:112)
	at org.apache.jmeter.report.processor.AbstractSampleConsumer.stopProducing(AbstractSampleConsumer.java:248)
	... 11 more
Caused by: org.apache.jmeter.report.core.SampleException: org.apache.jmeter.report.core.SampleException: Error in sample #0
	at org.apache.jmeter.report.processor.AbstractSampleConsumer.stopProducing(AbstractSampleConsumer.java:253)
	at org.apache.jmeter.report.processor.FilterConsumer.stopConsuming(FilterConsumer.java:112)
	at org.apache.jmeter.report.processor.AbstractSampleConsumer.stopProducing(AbstractSampleConsumer.java:248)
	... 13 more
Caused by: org.apache.jmeter.report.core.SampleException: Error in sample #0
	at org.apache.jmeter.report.core.Sample.getData(Sample.java:106)
	at org.apache.jmeter.report.core.Sample.getData(Sample.java:121)
	at org.apache.jmeter.report.core.Sample.getLatency(Sample.java:235)
	at org.apache.jmeter.report.processor.graph.LatencyValueSelector.select(LatencyValueSelector.java:39)
	at org.apache.jmeter.report.processor.graph.AbstractGraphConsumer.consume(AbstractGraphConsumer.java:517)
	at org.apache.jmeter.report.processor.graph.AbstractVersusRequestsGraphConsumer.consumeBase(AbstractVersusRequestsGraphConsumer.java:132)
	at org.apache.jmeter.report.processor.graph.AbstractVersusRequestsGraphConsumer.access$3(AbstractVersusRequestsGraphConsumer.java:131)
	at org.apache.jmeter.report.processor.graph.AbstractVersusRequestsGraphConsumer$TimeCountConsumer.stopConsuming(AbstractVersusRequestsGraphConsumer.java:339)
	at org.apache.jmeter.report.processor.graph.AbstractVersusRequestsGraphConsumer.stopConsuming(AbstractVersusRequestsGraphConsumer.java:144)
	at org.apache.jmeter.report.processor.AbstractSampleConsumer.stopProducing(AbstractSampleConsumer.java:248)
	... 15 more
Caused by: org.apache.jmeter.report.core.ConvertException: Unable to convert "" to "java.lang.Long"
	at org.apache.jmeter.report.core.Converters$5.convert(Converters.java:102)
	at org.apache.jmeter.report.core.Converters$5.convert(Converters.java:95)
	at org.apache.jmeter.report.core.Converters.convert(Converters.java:172)
	at org.apache.jmeter.report.core.Sample.getData(Sample.java:104)
	... 24 more
Caused by: java.lang.NumberFormatException: For input string: ""
	at java.lang.NumberFormatException.forInputString(NumberFormatException.java:65)
	at java.lang.Long.parseLong(Long.java:453)
	at java.lang.Long.valueOf(Long.java:540)
	at org.apache.jmeter.report.core.Converters$5.convert(Converters.java:100)
	... 27 more

