2018-12-03 10:02:11,206 INFO o.a.j.u.JMeterUtils: Setting Locale to de_DE
2018-12-03 10:02:11,222 INFO o.a.j.u.JMeterUtils: Could not find resources for 'de_DE', using 'de'
2018-12-03 10:02:11,223 INFO o.a.j.JMeter: Loading user properties from: user.properties
2018-12-03 10:02:11,224 INFO o.a.j.JMeter: Loading system properties from: system.properties
2018-12-03 10:02:11,224 WARN o.a.j.JMeter: LogLevel: INFO
2018-12-03 10:02:11,229 INFO o.a.j.JMeter: Copyright (c) 1998-2018 The Apache Software Foundation
2018-12-03 10:02:11,230 INFO o.a.j.JMeter: Version 5.0 r1840935
2018-12-03 10:02:11,230 INFO o.a.j.JMeter: java.version=1.8.0_172
2018-12-03 10:02:11,230 INFO o.a.j.JMeter: java.vm.name=Java HotSpot(TM) 64-Bit Server VM
2018-12-03 10:02:11,230 INFO o.a.j.JMeter: os.name=Windows 10
2018-12-03 10:02:11,230 INFO o.a.j.JMeter: os.arch=amd64
2018-12-03 10:02:11,230 INFO o.a.j.JMeter: os.version=10.0
2018-12-03 10:02:11,230 INFO o.a.j.JMeter: file.encoding=Cp1252
2018-12-03 10:02:11,230 INFO o.a.j.JMeter: Max memory     =1908932608
2018-12-03 10:02:11,231 INFO o.a.j.JMeter: Available Processors =8
2018-12-03 10:02:11,242 INFO o.a.j.JMeter: Default Locale=Deutsch (Deutschland)
2018-12-03 10:02:11,242 INFO o.a.j.JMeter: JMeter  Locale=Deutsch (Deutschland)
2018-12-03 10:02:11,242 INFO o.a.j.JMeter: JMeterHome=C:\Development\sandbox\ForumServerLoadTest\target\jmeter
2018-12-03 10:02:11,242 INFO o.a.j.JMeter: user.dir  =C:\Development\sandbox\ForumServerLoadTest\target\jmeter\bin
2018-12-03 10:02:11,243 INFO o.a.j.JMeter: PWD       =C:\Development\sandbox\ForumServerLoadTest\target\jmeter\bin
2018-12-03 10:02:11,246 INFO o.a.j.JMeter: IP: 10.5.123.72 Name: og05n001zv FullName: og05n001zv.cznet.zeiss.org
2018-12-03 10:02:11,246 INFO o.a.j.JMeter: user.classpath=C:\Development\sandbox\ForumServerLoadTest\target\server-load-test-1.0-SNAPSHOT.jar;C:\Development\sandbox\ForumServerLoadTest\target\dependency
2018-12-03 10:02:11,246 INFO o.a.j.JMeter: Adding to classpath and loader: C:\Development\sandbox\ForumServerLoadTest\target\server-load-test-1.0-SNAPSHOT.jar
2018-12-03 10:02:11,246 INFO o.a.j.JMeter: Adding to classpath and loader: C:\Development\sandbox\ForumServerLoadTest\target\dependency
2018-12-03 10:02:11,302 INFO o.a.j.JMeter: plugin_dependency_paths=C:\Development\sandbox\ForumServerLoadTest\target\;C:\Development\sandbox\ForumServerLoadTest\target\dependency
2018-12-03 10:02:11,302 INFO o.a.j.JMeter: Adding to loader: C:\Development\sandbox\ForumServerLoadTest\target\
2018-12-03 10:02:11,302 INFO o.a.j.JMeter: Adding to loader: C:\Development\sandbox\ForumServerLoadTest\target\dependency
2018-12-03 10:02:11,351 INFO o.a.j.JMeter: Setting property 'jmeter.reportgenerator.outputdir' to:'C:\Development\sandbox\ForumServerLoadTest\target\jmeter\reports\download-dicoms-all-at-once_20181203_100209'
2018-12-03 10:02:11,353 INFO o.a.j.s.FileServer: Default base='C:\Development\sandbox\ForumServerLoadTest\target\jmeter\bin'
2018-12-03 10:02:11,358 INFO o.a.j.s.FileServer: Set new base='C:\Development\sandbox\ForumServerLoadTest\target\jmeter\testFiles'
2018-12-03 10:02:12,075 INFO o.a.j.s.SaveService: Testplan (JMX) version: 2.2. Testlog (JTL) version: 2.2
2018-12-03 10:02:12,104 INFO o.a.j.s.SaveService: Using SaveService properties file encoding UTF-8
2018-12-03 10:02:12,108 INFO o.a.j.s.SaveService: Using SaveService properties version 5.0
2018-12-03 10:02:12,114 INFO o.a.j.s.SaveService: Loading file: C:\Development\sandbox\ForumServerLoadTest\target\jmeter\testFiles\download-dicoms-all-at-once.jmx
2018-12-03 10:02:12,174 INFO o.a.j.p.h.s.HTTPSamplerBase: Parser for text/html is org.apache.jmeter.protocol.http.parser.LagartoBasedHtmlParser
2018-12-03 10:02:12,174 INFO o.a.j.p.h.s.HTTPSamplerBase: Parser for application/xhtml+xml is org.apache.jmeter.protocol.http.parser.LagartoBasedHtmlParser
2018-12-03 10:02:12,174 INFO o.a.j.p.h.s.HTTPSamplerBase: Parser for application/xml is org.apache.jmeter.protocol.http.parser.LagartoBasedHtmlParser
2018-12-03 10:02:12,174 INFO o.a.j.p.h.s.HTTPSamplerBase: Parser for text/xml is org.apache.jmeter.protocol.http.parser.LagartoBasedHtmlParser
2018-12-03 10:02:12,174 INFO o.a.j.p.h.s.HTTPSamplerBase: Parser for text/vnd.wap.wml is org.apache.jmeter.protocol.http.parser.RegexpHTMLParser
2018-12-03 10:02:12,174 INFO o.a.j.p.h.s.HTTPSamplerBase: Parser for text/css is org.apache.jmeter.protocol.http.parser.CssParser
2018-12-03 10:02:12,180 INFO o.a.j.s.SampleResult: Note: Sample TimeStamps are START times
2018-12-03 10:02:12,180 INFO o.a.j.s.SampleResult: sampleresult.default.encoding is set to ISO-8859-1
2018-12-03 10:02:12,180 INFO o.a.j.s.SampleResult: sampleresult.useNanoTime=true
2018-12-03 10:02:12,180 INFO o.a.j.s.SampleResult: sampleresult.nanoThreadSleep=5000
2018-12-03 10:02:12,227 INFO o.a.j.JMeter: Creating summariser <summary>
2018-12-03 10:02:12,232 INFO o.a.j.r.d.ReportGenerator: ReportGenerator will use for Parsing the separator: ';'
2018-12-03 10:02:12,233 INFO o.a.j.r.d.ReportGenerator: Will generate report at end of test from  results file: C:\Development\sandbox\ForumServerLoadTest\target\jmeter\results\20181203-download-dicoms-all-at-once.csv
2018-12-03 10:02:12,233 INFO o.a.j.r.d.ReportGenerator: Reading report generator properties from: C:\Development\sandbox\ForumServerLoadTest\target\jmeter\bin\reportgenerator.properties
2018-12-03 10:02:12,233 INFO o.a.j.r.d.ReportGenerator: Merging with JMeter properties
2018-12-03 10:02:12,239 INFO o.a.j.r.c.ReportGeneratorConfiguration: Property 'jmeter.reportgenerator.temp_dir' not found, using default value 'temp' instead.
2018-12-03 10:02:12,242 INFO o.a.j.r.c.ReportGeneratorConfiguration: Property 'jmeter.reportgenerator.apdex_per_transaction' not found, using default value 'null' instead.
2018-12-03 10:02:12,243 INFO o.a.j.r.c.ReportGeneratorConfiguration: apdex_per_transaction : {} is empty, not APDEX per transaction customization
2018-12-03 10:02:12,243 INFO o.a.j.r.c.ReportGeneratorConfiguration: Property 'jmeter.reportgenerator.sample_filter' not found, using default value 'null' instead.
2018-12-03 10:02:12,243 INFO o.a.j.r.c.ReportGeneratorConfiguration: Property 'jmeter.reportgenerator.report_title' not found, using default value 'null' instead.
2018-12-03 10:02:12,243 INFO o.a.j.r.c.ReportGeneratorConfiguration: Property 'jmeter.reportgenerator.start_date' not found, using default value 'null' instead.
2018-12-03 10:02:12,243 INFO o.a.j.r.c.ReportGeneratorConfiguration: Property 'jmeter.reportgenerator.end_date' not found, using default value 'null' instead.
2018-12-03 10:02:12,243 INFO o.a.j.r.c.ReportGeneratorConfiguration: Property 'jmeter.reportgenerator.date_format' not found, using default value 'null' instead.
2018-12-03 10:02:12,250 INFO o.a.j.r.c.ReportGeneratorConfiguration: Will use date range start date: null, end date: null
2018-12-03 10:02:12,255 INFO o.a.j.r.c.ReportGeneratorConfiguration: Property 'jmeter.reportgenerator.graph.totalTPS.exclude_controllers' not found, using default value 'false' instead.
2018-12-03 10:02:12,255 INFO o.a.j.r.c.ReportGeneratorConfiguration: Property 'jmeter.reportgenerator.graph.activeThreadsOverTime.exclude_controllers' not found, using default value 'false' instead.
2018-12-03 10:02:12,255 INFO o.a.j.r.c.ReportGeneratorConfiguration: Property 'jmeter.reportgenerator.graph.timeVsThreads.exclude_controllers' not found, using default value 'false' instead.
2018-12-03 10:02:12,255 INFO o.a.j.r.c.ReportGeneratorConfiguration: Property 'jmeter.reportgenerator.graph.responseTimeDistribution.exclude_controllers' not found, using default value 'false' instead.
2018-12-03 10:02:12,256 INFO o.a.j.r.c.ReportGeneratorConfiguration: Property 'jmeter.reportgenerator.graph.transactionsPerSecond.exclude_controllers' not found, using default value 'false' instead.
2018-12-03 10:02:12,256 INFO o.a.j.r.c.ReportGeneratorConfiguration: Property 'jmeter.reportgenerator.graph.responseTimePercentiles.exclude_controllers' not found, using default value 'false' instead.
2018-12-03 10:02:12,256 INFO o.a.j.r.c.ReportGeneratorConfiguration: Property 'jmeter.reportgenerator.graph.responseTimePercentilesOverTime.exclude_controllers' not found, using default value 'false' instead.
2018-12-03 10:02:12,256 INFO o.a.j.r.c.ReportGeneratorConfiguration: Property 'jmeter.reportgenerator.graph.responseTimesOverTime.exclude_controllers' not found, using default value 'false' instead.
2018-12-03 10:02:12,256 INFO o.a.j.r.c.ReportGeneratorConfiguration: Property 'jmeter.reportgenerator.graph.connectTimeOverTime.exclude_controllers' not found, using default value 'false' instead.
2018-12-03 10:02:12,257 INFO o.a.j.r.c.ReportGeneratorConfiguration: Property 'jmeter.reportgenerator.graph.latenciesOverTime.exclude_controllers' not found, using default value 'false' instead.
2018-12-03 10:02:12,258 INFO o.a.j.r.c.ReportGeneratorConfiguration: Property 'jmeter.reportgenerator.exporter.html.filters_only_sample_series' not found, using default value 'true' instead.
2018-12-03 10:02:12,258 INFO o.a.j.r.c.ReportGeneratorConfiguration: Property 'jmeter.reportgenerator.exporter.html.series_filter' not found, using default value '' instead.
2018-12-03 10:02:12,258 INFO o.a.j.r.c.ReportGeneratorConfiguration: Property 'jmeter.reportgenerator.exporter.html.show_controllers_only' not found, using default value 'false' instead.
2018-12-03 10:02:12,264 INFO o.a.j.e.StandardJMeterEngine: Running the test!
2018-12-03 10:02:12,265 INFO o.a.j.s.SampleEvent: List of sample_variables: []
2018-12-03 10:02:12,265 INFO o.a.j.s.SampleEvent: List of sample_variables: []
2018-12-03 10:02:12,271 INFO o.a.j.e.u.CompoundVariable: Note: Function class names must contain the string: '.functions.'
2018-12-03 10:02:12,271 INFO o.a.j.e.u.CompoundVariable: Note: Function class names must not contain the string: '.gui.'
2018-12-03 10:02:12,616 INFO o.a.j.t.TestPlan: added .\jmeter\lib to classpath
2018-12-03 10:02:12,639 INFO o.a.j.v.b.BackendListener: InfluxDbListener-UploadDICOM: Starting worker with class: class org.apache.jmeter.visualizers.backend.influxdb.InfluxdbBackendListenerClient and queue capacity: 10000
2018-12-03 10:02:12,640 INFO o.a.j.v.b.BackendListener: InfluxDbListener-UploadDICOM: Started  worker with class: class org.apache.jmeter.visualizers.backend.influxdb.InfluxdbBackendListenerClient
2018-12-03 10:02:13,401 INFO o.a.j.v.b.BackendListener: InfluxDbWriter-UploadDICOM: Starting worker with class: class rocks.nt.apm.jmeter.JMeterInfluxDBBackendListenerClient and queue capacity: 5000
2018-12-03 10:02:13,401 INFO o.a.j.v.b.BackendListener: InfluxDbWriter-UploadDICOM: Started  worker with class: class rocks.nt.apm.jmeter.JMeterInfluxDBBackendListenerClient
2018-12-03 10:02:14,457 ERROR o.a.j.v.b.i.HttpMetricsSender: failed to send data to influxDB server : Timeout connecting to [localhost/127.0.0.1:8086]
2018-12-03 10:02:15,584 ERROR o.a.j.JMeter: Uncaught exception: 
java.lang.IllegalStateException: Failed calling setupTest
	at org.apache.jmeter.visualizers.backend.BackendListener.testStarted(BackendListener.java:339) ~[ApacheJMeter_components-5.0.jar:5.0 r1840935]
	at org.apache.jmeter.visualizers.backend.BackendListener.testStarted(BackendListener.java:292) ~[ApacheJMeter_components-5.0.jar:5.0 r1840935]
	at org.apache.jmeter.engine.StandardJMeterEngine.notifyTestListenersOfStart(StandardJMeterEngine.java:215) ~[ApacheJMeter_core-5.0.jar:5.0 r1840935]
	at org.apache.jmeter.engine.StandardJMeterEngine.run(StandardJMeterEngine.java:384) ~[ApacheJMeter_core-5.0.jar:5.0 r1840935]
	at java.lang.Thread.run(Thread.java:748) [?:1.8.0_172]
Caused by: java.lang.RuntimeException: java.net.ConnectException: Failed to connect to localhost/0:0:0:0:0:0:0:1:8086
	at com.google.common.base.Throwables.propagate(Throwables.java:160) ~[JMeter-InfluxDB-Writer-plugin-1.2.jar:1.2]
	at org.influxdb.impl.InfluxDBImpl.execute(InfluxDBImpl.java:270) ~[JMeter-InfluxDB-Writer-plugin-1.2.jar:1.2]
	at org.influxdb.impl.InfluxDBImpl.describeDatabases(InfluxDBImpl.java:246) ~[JMeter-InfluxDB-Writer-plugin-1.2.jar:1.2]
	at rocks.nt.apm.jmeter.JMeterInfluxDBBackendListenerClient.createDatabaseIfNotExistent(JMeterInfluxDBBackendListenerClient.java:249) ~[JMeter-InfluxDB-Writer-plugin-1.2.jar:1.2]
	at rocks.nt.apm.jmeter.JMeterInfluxDBBackendListenerClient.setupInfluxClient(JMeterInfluxDBBackendListenerClient.java:207) ~[JMeter-InfluxDB-Writer-plugin-1.2.jar:1.2]
	at rocks.nt.apm.jmeter.JMeterInfluxDBBackendListenerClient.setupTest(JMeterInfluxDBBackendListenerClient.java:142) ~[JMeter-InfluxDB-Writer-plugin-1.2.jar:1.2]
	at org.apache.jmeter.visualizers.backend.BackendListener.testStarted(BackendListener.java:337) ~[ApacheJMeter_components-5.0.jar:5.0 r1840935]
	... 4 more
Caused by: java.net.ConnectException: Failed to connect to localhost/0:0:0:0:0:0:0:1:8086
	at okhttp3.internal.connection.RealConnection.connectSocket(RealConnection.java:189) ~[JMeter-InfluxDB-Writer-plugin-1.2.jar:1.2]
	at okhttp3.internal.connection.RealConnection.buildConnection(RealConnection.java:173) ~[JMeter-InfluxDB-Writer-plugin-1.2.jar:1.2]
	at okhttp3.internal.connection.RealConnection.connect(RealConnection.java:114) ~[JMeter-InfluxDB-Writer-plugin-1.2.jar:1.2]
	at okhttp3.internal.connection.StreamAllocation.findConnection(StreamAllocation.java:193) ~[JMeter-InfluxDB-Writer-plugin-1.2.jar:1.2]
	at okhttp3.internal.connection.StreamAllocation.findHealthyConnection(StreamAllocation.java:129) ~[JMeter-InfluxDB-Writer-plugin-1.2.jar:1.2]
	at okhttp3.internal.connection.StreamAllocation.newStream(StreamAllocation.java:98) ~[JMeter-InfluxDB-Writer-plugin-1.2.jar:1.2]
	at okhttp3.internal.connection.ConnectInterceptor.intercept(ConnectInterceptor.java:42) ~[JMeter-InfluxDB-Writer-plugin-1.2.jar:1.2]
	at okhttp3.internal.http.RealInterceptorChain.proceed(RealInterceptorChain.java:92) ~[JMeter-InfluxDB-Writer-plugin-1.2.jar:1.2]
	at okhttp3.internal.http.RealInterceptorChain.proceed(RealInterceptorChain.java:67) ~[JMeter-InfluxDB-Writer-plugin-1.2.jar:1.2]
	at okhttp3.internal.cache.CacheInterceptor.intercept(CacheInterceptor.java:109) ~[JMeter-InfluxDB-Writer-plugin-1.2.jar:1.2]
	at okhttp3.internal.http.RealInterceptorChain.proceed(RealInterceptorChain.java:92) ~[JMeter-InfluxDB-Writer-plugin-1.2.jar:1.2]
	at okhttp3.internal.http.RealInterceptorChain.proceed(RealInterceptorChain.java:67) ~[JMeter-InfluxDB-Writer-plugin-1.2.jar:1.2]
	at okhttp3.internal.http.BridgeInterceptor.intercept(BridgeInterceptor.java:93) ~[JMeter-InfluxDB-Writer-plugin-1.2.jar:1.2]
	at okhttp3.internal.http.RealInterceptorChain.proceed(RealInterceptorChain.java:92) ~[JMeter-InfluxDB-Writer-plugin-1.2.jar:1.2]
	at okhttp3.internal.http.RetryAndFollowUpInterceptor.intercept(RetryAndFollowUpInterceptor.java:124) ~[JMeter-InfluxDB-Writer-plugin-1.2.jar:1.2]
	at okhttp3.internal.http.RealInterceptorChain.proceed(RealInterceptorChain.java:92) ~[JMeter-InfluxDB-Writer-plugin-1.2.jar:1.2]
	at okhttp3.internal.http.RealInterceptorChain.proceed(RealInterceptorChain.java:67) ~[JMeter-InfluxDB-Writer-plugin-1.2.jar:1.2]
	at okhttp3.logging.HttpLoggingInterceptor.intercept(HttpLoggingInterceptor.java:145) ~[JMeter-InfluxDB-Writer-plugin-1.2.jar:1.2]
	at okhttp3.internal.http.RealInterceptorChain.proceed(RealInterceptorChain.java:92) ~[JMeter-InfluxDB-Writer-plugin-1.2.jar:1.2]
	at okhttp3.internal.http.RealInterceptorChain.proceed(RealInterceptorChain.java:67) ~[JMeter-InfluxDB-Writer-plugin-1.2.jar:1.2]
	at okhttp3.RealCall.getResponseWithInterceptorChain(RealCall.java:170) ~[JMeter-InfluxDB-Writer-plugin-1.2.jar:1.2]
	at okhttp3.RealCall.execute(RealCall.java:60) ~[JMeter-InfluxDB-Writer-plugin-1.2.jar:1.2]
	at retrofit2.OkHttpCall.execute(OkHttpCall.java:174) ~[JMeter-InfluxDB-Writer-plugin-1.2.jar:1.2]
	at org.influxdb.impl.InfluxDBImpl.execute(InfluxDBImpl.java:261) ~[JMeter-InfluxDB-Writer-plugin-1.2.jar:1.2]
	at org.influxdb.impl.InfluxDBImpl.describeDatabases(InfluxDBImpl.java:246) ~[JMeter-InfluxDB-Writer-plugin-1.2.jar:1.2]
	at rocks.nt.apm.jmeter.JMeterInfluxDBBackendListenerClient.createDatabaseIfNotExistent(JMeterInfluxDBBackendListenerClient.java:249) ~[JMeter-InfluxDB-Writer-plugin-1.2.jar:1.2]
	at rocks.nt.apm.jmeter.JMeterInfluxDBBackendListenerClient.setupInfluxClient(JMeterInfluxDBBackendListenerClient.java:207) ~[JMeter-InfluxDB-Writer-plugin-1.2.jar:1.2]
	at rocks.nt.apm.jmeter.JMeterInfluxDBBackendListenerClient.setupTest(JMeterInfluxDBBackendListenerClient.java:142) ~[JMeter-InfluxDB-Writer-plugin-1.2.jar:1.2]
	at org.apache.jmeter.visualizers.backend.BackendListener.testStarted(BackendListener.java:337) ~[ApacheJMeter_components-5.0.jar:5.0 r1840935]
	... 4 more
2018-12-03 10:02:19,400 ERROR o.a.j.v.b.i.HttpMetricsSender: failed to send data to influxDB server : Timeout connecting to [localhost/127.0.0.1:8086]
2018-12-03 10:02:24,402 ERROR o.a.j.v.b.i.HttpMetricsSender: failed to send data to influxDB server : Connection refused: no further information
2018-12-03 10:02:29,402 ERROR o.a.j.v.b.i.HttpMetricsSender: failed to send data to influxDB server : Timeout connecting to [localhost/127.0.0.1:8086]
2018-12-03 10:02:34,400 ERROR o.a.j.v.b.i.HttpMetricsSender: failed to send data to influxDB server : Timeout connecting to [localhost/127.0.0.1:8086]
2018-12-03 10:02:39,400 ERROR o.a.j.v.b.i.HttpMetricsSender: failed to send data to influxDB server : Connection refused: no further information
2018-12-03 10:02:44,401 ERROR o.a.j.v.b.i.HttpMetricsSender: failed to send data to influxDB server : Connection refused: no further information
2018-12-03 10:02:49,402 ERROR o.a.j.v.b.i.HttpMetricsSender: failed to send data to influxDB server : Timeout connecting to [localhost/127.0.0.1:8086]
2018-12-03 10:02:54,401 ERROR o.a.j.v.b.i.HttpMetricsSender: failed to send data to influxDB server : Timeout connecting to [localhost/127.0.0.1:8086]
2018-12-03 10:02:59,401 ERROR o.a.j.v.b.i.HttpMetricsSender: failed to send data to influxDB server : Connection refused: no further information
2018-12-03 10:03:04,399 ERROR o.a.j.v.b.i.HttpMetricsSender: failed to send data to influxDB server : Connection refused: no further information
2018-12-03 10:03:09,401 ERROR o.a.j.v.b.i.HttpMetricsSender: failed to send data to influxDB server : Timeout connecting to [localhost/127.0.0.1:8086]
2018-12-03 10:03:14,401 ERROR o.a.j.v.b.i.HttpMetricsSender: failed to send data to influxDB server : Connection refused: no further information
2018-12-03 10:03:19,400 ERROR o.a.j.v.b.i.HttpMetricsSender: failed to send data to influxDB server : Connection refused: no further information
2018-12-03 10:03:24,401 ERROR o.a.j.v.b.i.HttpMetricsSender: failed to send data to influxDB server : Connection refused: no further information
2018-12-03 10:03:29,401 ERROR o.a.j.v.b.i.HttpMetricsSender: failed to send data to influxDB server : Connection refused: no further information
2018-12-03 10:03:34,400 ERROR o.a.j.v.b.i.HttpMetricsSender: failed to send data to influxDB server : Timeout connecting to [localhost/127.0.0.1:8086]
2018-12-03 10:03:39,401 ERROR o.a.j.v.b.i.HttpMetricsSender: failed to send data to influxDB server : Connection refused: no further information
2018-12-03 10:03:44,399 ERROR o.a.j.v.b.i.HttpMetricsSender: failed to send data to influxDB server : Timeout connecting to [localhost/127.0.0.1:8086]
2018-12-03 10:03:49,401 ERROR o.a.j.v.b.i.HttpMetricsSender: failed to send data to influxDB server : Connection refused: no further information
2018-12-03 10:03:54,399 ERROR o.a.j.v.b.i.HttpMetricsSender: failed to send data to influxDB server : Connection refused: no further information
2018-12-03 10:03:59,401 ERROR o.a.j.v.b.i.HttpMetricsSender: failed to send data to influxDB server : Timeout connecting to [localhost/127.0.0.1:8086]
2018-12-03 10:04:04,401 ERROR o.a.j.v.b.i.HttpMetricsSender: failed to send data to influxDB server : Connection refused: no further information
2018-12-03 10:04:09,401 ERROR o.a.j.v.b.i.HttpMetricsSender: failed to send data to influxDB server : Connection refused: no further information
2018-12-03 10:04:14,401 ERROR o.a.j.v.b.i.HttpMetricsSender: failed to send data to influxDB server : Connection refused: no further information
2018-12-03 10:04:19,402 ERROR o.a.j.v.b.i.HttpMetricsSender: failed to send data to influxDB server : Connection refused: no further information
2018-12-03 10:04:24,401 ERROR o.a.j.v.b.i.HttpMetricsSender: failed to send data to influxDB server : Timeout connecting to [localhost/127.0.0.1:8086]
2018-12-03 10:04:29,399 ERROR o.a.j.v.b.i.HttpMetricsSender: failed to send data to influxDB server : Connection refused: no further information
2018-12-03 10:04:34,401 ERROR o.a.j.v.b.i.HttpMetricsSender: failed to send data to influxDB server : Timeout connecting to [localhost/127.0.0.1:8086]
2018-12-03 10:04:39,401 ERROR o.a.j.v.b.i.HttpMetricsSender: failed to send data to influxDB server : Timeout connecting to [localhost/127.0.0.1:8086]
2018-12-03 10:04:44,402 ERROR o.a.j.v.b.i.HttpMetricsSender: failed to send data to influxDB server : Connection refused: no further information
2018-12-03 10:04:49,400 ERROR o.a.j.v.b.i.HttpMetricsSender: failed to send data to influxDB server : Connection refused: no further information
2018-12-03 10:04:54,401 ERROR o.a.j.v.b.i.HttpMetricsSender: failed to send data to influxDB server : Connection refused: no further information
2018-12-03 10:04:59,399 ERROR o.a.j.v.b.i.HttpMetricsSender: failed to send data to influxDB server : Connection refused: no further information
2018-12-03 10:05:04,402 ERROR o.a.j.v.b.i.HttpMetricsSender: failed to send data to influxDB server : Connection refused: no further information
2018-12-03 10:05:09,401 ERROR o.a.j.v.b.i.HttpMetricsSender: failed to send data to influxDB server : Timeout connecting to [localhost/127.0.0.1:8086]
2018-12-03 10:05:14,399 ERROR o.a.j.v.b.i.HttpMetricsSender: failed to send data to influxDB server : Timeout connecting to [localhost/127.0.0.1:8086]
2018-12-03 10:05:19,400 ERROR o.a.j.v.b.i.HttpMetricsSender: failed to send data to influxDB server : Connection refused: no further information
2018-12-03 10:05:24,399 ERROR o.a.j.v.b.i.HttpMetricsSender: failed to send data to influxDB server : Connection refused: no further information
2018-12-03 10:05:29,403 ERROR o.a.j.v.b.i.HttpMetricsSender: failed to send data to influxDB server : Connection refused: no further information
2018-12-03 10:05:34,399 ERROR o.a.j.v.b.i.HttpMetricsSender: failed to send data to influxDB server : Connection refused: no further information
2018-12-03 10:05:39,401 ERROR o.a.j.v.b.i.HttpMetricsSender: failed to send data to influxDB server : Connection refused: no further information
2018-12-03 10:05:44,399 ERROR o.a.j.v.b.i.HttpMetricsSender: failed to send data to influxDB server : Connection refused: no further information
2018-12-03 10:05:49,400 ERROR o.a.j.v.b.i.HttpMetricsSender: failed to send data to influxDB server : Connection refused: no further information
2018-12-03 10:05:54,399 ERROR o.a.j.v.b.i.HttpMetricsSender: failed to send data to influxDB server : Timeout connecting to [localhost/127.0.0.1:8086]
2018-12-03 10:05:59,400 ERROR o.a.j.v.b.i.HttpMetricsSender: failed to send data to influxDB server : Timeout connecting to [localhost/127.0.0.1:8086]
2018-12-03 10:06:04,400 ERROR o.a.j.v.b.i.HttpMetricsSender: failed to send data to influxDB server : Connection refused: no further information
2018-12-03 10:06:09,400 ERROR o.a.j.v.b.i.HttpMetricsSender: failed to send data to influxDB server : Timeout connecting to [localhost/127.0.0.1:8086]
2018-12-03 10:06:14,400 ERROR o.a.j.v.b.i.HttpMetricsSender: failed to send data to influxDB server : Connection refused: no further information
2018-12-03 10:06:19,401 ERROR o.a.j.v.b.i.HttpMetricsSender: failed to send data to influxDB server : Timeout connecting to [localhost/127.0.0.1:8086]
2018-12-03 10:06:24,400 ERROR o.a.j.v.b.i.HttpMetricsSender: failed to send data to influxDB server : Timeout connecting to [localhost/127.0.0.1:8086]
2018-12-03 10:06:29,400 ERROR o.a.j.v.b.i.HttpMetricsSender: failed to send data to influxDB server : Connection refused: no further information
2018-12-03 10:06:34,401 ERROR o.a.j.v.b.i.HttpMetricsSender: failed to send data to influxDB server : Connection refused: no further information
2018-12-03 10:06:39,400 ERROR o.a.j.v.b.i.HttpMetricsSender: failed to send data to influxDB server : Connection refused: no further information
2018-12-03 10:06:44,400 ERROR o.a.j.v.b.i.HttpMetricsSender: failed to send data to influxDB server : Connection refused: no further information
2018-12-03 10:06:49,401 ERROR o.a.j.v.b.i.HttpMetricsSender: failed to send data to influxDB server : Connection refused: no further information
2018-12-03 10:06:54,402 ERROR o.a.j.v.b.i.HttpMetricsSender: failed to send data to influxDB server : Timeout connecting to [localhost/127.0.0.1:8086]
2018-12-03 10:06:59,400 ERROR o.a.j.v.b.i.HttpMetricsSender: failed to send data to influxDB server : Connection refused: no further information
2018-12-03 10:07:04,399 ERROR o.a.j.v.b.i.HttpMetricsSender: failed to send data to influxDB server : Connection refused: no further information
2018-12-03 10:07:09,398 ERROR o.a.j.v.b.i.HttpMetricsSender: failed to send data to influxDB server : Connection refused: no further information
2018-12-03 10:07:14,398 ERROR o.a.j.v.b.i.HttpMetricsSender: failed to send data to influxDB server : Connection refused: no further information
2018-12-03 10:07:19,399 ERROR o.a.j.v.b.i.HttpMetricsSender: failed to send data to influxDB server : Connection refused: no further information
2018-12-03 10:07:24,401 ERROR o.a.j.v.b.i.HttpMetricsSender: failed to send data to influxDB server : Connection refused: no further information
2018-12-03 10:07:29,401 ERROR o.a.j.v.b.i.HttpMetricsSender: failed to send data to influxDB server : Timeout connecting to [localhost/127.0.0.1:8086]
2018-12-03 10:07:34,400 ERROR o.a.j.v.b.i.HttpMetricsSender: failed to send data to influxDB server : Connection refused: no further information
2018-12-03 10:07:39,400 ERROR o.a.j.v.b.i.HttpMetricsSender: failed to send data to influxDB server : Connection refused: no further information
2018-12-03 10:07:44,399 ERROR o.a.j.v.b.i.HttpMetricsSender: failed to send data to influxDB server : Connection refused: no further information
2018-12-03 10:07:49,399 ERROR o.a.j.v.b.i.HttpMetricsSender: failed to send data to influxDB server : Connection refused: no further information
2018-12-03 10:07:54,398 ERROR o.a.j.v.b.i.HttpMetricsSender: failed to send data to influxDB server : Connection refused: no further information
2018-12-03 10:07:59,399 ERROR o.a.j.v.b.i.HttpMetricsSender: failed to send data to influxDB server : Timeout connecting to [localhost/127.0.0.1:8086]
2018-12-03 10:08:04,402 ERROR o.a.j.v.b.i.HttpMetricsSender: failed to send data to influxDB server : Connection refused: no further information
2018-12-03 10:08:09,409 ERROR o.a.j.v.b.i.HttpMetricsSender: failed to send data to influxDB server : Timeout connecting to [localhost/127.0.0.1:8086]
2018-12-03 10:08:14,398 ERROR o.a.j.v.b.i.HttpMetricsSender: failed to send data to influxDB server : Connection refused: no further information
2018-12-03 10:08:19,401 ERROR o.a.j.v.b.i.HttpMetricsSender: failed to send data to influxDB server : Connection refused: no further information
2018-12-03 10:08:24,400 ERROR o.a.j.v.b.i.HttpMetricsSender: failed to send data to influxDB server : Timeout connecting to [localhost/127.0.0.1:8086]
2018-12-03 10:08:29,401 ERROR o.a.j.v.b.i.HttpMetricsSender: failed to send data to influxDB server : Connection refused: no further information
2018-12-03 10:08:34,400 ERROR o.a.j.v.b.i.HttpMetricsSender: failed to send data to influxDB server : Timeout connecting to [localhost/127.0.0.1:8086]
2018-12-03 10:08:39,400 ERROR o.a.j.v.b.i.HttpMetricsSender: failed to send data to influxDB server : Connection refused: no further information
2018-12-03 10:08:44,400 ERROR o.a.j.v.b.i.HttpMetricsSender: failed to send data to influxDB server : Connection refused: no further information
2018-12-03 10:08:49,398 ERROR o.a.j.v.b.i.HttpMetricsSender: failed to send data to influxDB server : Connection refused: no further information
2018-12-03 10:08:54,400 ERROR o.a.j.v.b.i.HttpMetricsSender: failed to send data to influxDB server : Connection refused: no further information
2018-12-03 10:08:59,400 ERROR o.a.j.v.b.i.HttpMetricsSender: failed to send data to influxDB server : Connection refused: no further information
2018-12-03 10:09:04,410 ERROR o.a.j.v.b.i.HttpMetricsSender: failed to send data to influxDB server : Timeout connecting to [localhost/127.0.0.1:8086]
2018-12-03 10:09:09,400 ERROR o.a.j.v.b.i.HttpMetricsSender: failed to send data to influxDB server : Connection refused: no further information
2018-12-03 10:09:14,399 ERROR o.a.j.v.b.i.HttpMetricsSender: failed to send data to influxDB server : Connection refused: no further information
2018-12-03 10:09:19,400 ERROR o.a.j.v.b.i.HttpMetricsSender: failed to send data to influxDB server : Connection refused: no further information
2018-12-03 10:09:24,399 ERROR o.a.j.v.b.i.HttpMetricsSender: failed to send data to influxDB server : Timeout connecting to [localhost/127.0.0.1:8086]
2018-12-03 10:09:29,399 ERROR o.a.j.v.b.i.HttpMetricsSender: failed to send data to influxDB server : Connection refused: no further information
2018-12-03 10:09:34,399 ERROR o.a.j.v.b.i.HttpMetricsSender: failed to send data to influxDB server : Connection refused: no further information
2018-12-03 10:09:39,400 ERROR o.a.j.v.b.i.HttpMetricsSender: failed to send data to influxDB server : Connection refused: no further information
2018-12-03 10:09:44,399 ERROR o.a.j.v.b.i.HttpMetricsSender: failed to send data to influxDB server : Connection refused: no further information
2018-12-03 10:09:49,400 ERROR o.a.j.v.b.i.HttpMetricsSender: failed to send data to influxDB server : Connection refused: no further information
2018-12-03 10:09:54,399 ERROR o.a.j.v.b.i.HttpMetricsSender: failed to send data to influxDB server : Timeout connecting to [localhost/127.0.0.1:8086]
2018-12-03 10:09:59,398 ERROR o.a.j.v.b.i.HttpMetricsSender: failed to send data to influxDB server : Timeout connecting to [localhost/127.0.0.1:8086]
2018-12-03 10:10:04,399 ERROR o.a.j.v.b.i.HttpMetricsSender: failed to send data to influxDB server : Connection refused: no further information
2018-12-03 10:10:09,406 ERROR o.a.j.v.b.i.HttpMetricsSender: failed to send data to influxDB server : Connection refused: no further information
2018-12-03 10:10:14,399 ERROR o.a.j.v.b.i.HttpMetricsSender: failed to send data to influxDB server : Connection refused: no further information
2018-12-03 10:10:19,398 ERROR o.a.j.v.b.i.HttpMetricsSender: failed to send data to influxDB server : Timeout connecting to [localhost/127.0.0.1:8086]
2018-12-03 10:10:24,401 ERROR o.a.j.v.b.i.HttpMetricsSender: failed to send data to influxDB server : Connection refused: no further information
2018-12-03 10:10:29,399 ERROR o.a.j.v.b.i.HttpMetricsSender: failed to send data to influxDB server : Connection refused: no further information
2018-12-03 10:10:34,399 ERROR o.a.j.v.b.i.HttpMetricsSender: failed to send data to influxDB server : Timeout connecting to [localhost/127.0.0.1:8086]
2018-12-03 10:10:39,399 ERROR o.a.j.v.b.i.HttpMetricsSender: failed to send data to influxDB server : Connection refused: no further information
2018-12-03 10:10:44,400 ERROR o.a.j.v.b.i.HttpMetricsSender: failed to send data to influxDB server : Timeout connecting to [localhost/127.0.0.1:8086]
2018-12-03 10:10:49,400 ERROR o.a.j.v.b.i.HttpMetricsSender: failed to send data to influxDB server : Connection refused: no further information
2018-12-03 10:10:54,399 ERROR o.a.j.v.b.i.HttpMetricsSender: failed to send data to influxDB server : Connection refused: no further information
2018-12-03 10:10:59,400 ERROR o.a.j.v.b.i.HttpMetricsSender: failed to send data to influxDB server : Timeout connecting to [localhost/127.0.0.1:8086]
2018-12-03 10:11:04,397 ERROR o.a.j.v.b.i.HttpMetricsSender: failed to send data to influxDB server : Timeout connecting to [localhost/127.0.0.1:8086]
2018-12-03 10:11:09,400 ERROR o.a.j.v.b.i.HttpMetricsSender: failed to send data to influxDB server : Connection refused: no further information
2018-12-03 10:11:14,399 ERROR o.a.j.v.b.i.HttpMetricsSender: failed to send data to influxDB server : Timeout connecting to [localhost/127.0.0.1:8086]
2018-12-03 10:11:19,399 ERROR o.a.j.v.b.i.HttpMetricsSender: failed to send data to influxDB server : Connection refused: no further information
2018-12-03 10:11:24,398 ERROR o.a.j.v.b.i.HttpMetricsSender: failed to send data to influxDB server : Timeout connecting to [localhost/127.0.0.1:8086]
2018-12-03 10:11:29,399 ERROR o.a.j.v.b.i.HttpMetricsSender: failed to send data to influxDB server : Connection refused: no further information
2018-12-03 10:11:34,402 ERROR o.a.j.v.b.i.HttpMetricsSender: failed to send data to influxDB server : Connection refused: no further information
2018-12-03 10:11:39,399 ERROR o.a.j.v.b.i.HttpMetricsSender: failed to send data to influxDB server : Connection refused: no further information
2018-12-03 10:11:44,398 ERROR o.a.j.v.b.i.HttpMetricsSender: failed to send data to influxDB server : Timeout connecting to [localhost/127.0.0.1:8086]
2018-12-03 10:11:49,399 ERROR o.a.j.v.b.i.HttpMetricsSender: failed to send data to influxDB server : Connection refused: no further information
2018-12-03 10:11:54,400 ERROR o.a.j.v.b.i.HttpMetricsSender: failed to send data to influxDB server : Connection refused: no further information
2018-12-03 10:11:59,398 ERROR o.a.j.v.b.i.HttpMetricsSender: failed to send data to influxDB server : Connection refused: no further information
2018-12-03 10:12:04,399 ERROR o.a.j.v.b.i.HttpMetricsSender: failed to send data to influxDB server : Connection refused: no further information
2018-12-03 10:12:09,399 ERROR o.a.j.v.b.i.HttpMetricsSender: failed to send data to influxDB server : Timeout connecting to [localhost/127.0.0.1:8086]
2018-12-03 10:12:14,399 ERROR o.a.j.v.b.i.HttpMetricsSender: failed to send data to influxDB server : Connection refused: no further information
2018-12-03 10:12:19,401 ERROR o.a.j.v.b.i.HttpMetricsSender: failed to send data to influxDB server : Connection refused: no further information
2018-12-03 10:12:24,398 ERROR o.a.j.v.b.i.HttpMetricsSender: failed to send data to influxDB server : Timeout connecting to [localhost/127.0.0.1:8086]
2018-12-03 10:12:29,399 ERROR o.a.j.v.b.i.HttpMetricsSender: failed to send data to influxDB server : Connection refused: no further information
2018-12-03 10:12:34,400 ERROR o.a.j.v.b.i.HttpMetricsSender: failed to send data to influxDB server : Connection refused: no further information
2018-12-03 10:12:39,398 ERROR o.a.j.v.b.i.HttpMetricsSender: failed to send data to influxDB server : Timeout connecting to [localhost/127.0.0.1:8086]
2018-12-03 10:12:44,400 ERROR o.a.j.v.b.i.HttpMetricsSender: failed to send data to influxDB server : Connection refused: no further information
2018-12-03 10:12:49,399 ERROR o.a.j.v.b.i.HttpMetricsSender: failed to send data to influxDB server : Connection refused: no further information
2018-12-03 10:12:54,400 ERROR o.a.j.v.b.i.HttpMetricsSender: failed to send data to influxDB server : Connection refused: no further information
2018-12-03 10:12:59,399 ERROR o.a.j.v.b.i.HttpMetricsSender: failed to send data to influxDB server : Timeout connecting to [localhost/127.0.0.1:8086]
2018-12-03 10:13:04,398 ERROR o.a.j.v.b.i.HttpMetricsSender: failed to send data to influxDB server : Connection refused: no further information
2018-12-03 10:13:09,400 ERROR o.a.j.v.b.i.HttpMetricsSender: failed to send data to influxDB server : Connection refused: no further information
2018-12-03 10:13:14,402 ERROR o.a.j.v.b.i.HttpMetricsSender: failed to send data to influxDB server : Connection refused: no further information
2018-12-03 10:13:19,400 ERROR o.a.j.v.b.i.HttpMetricsSender: failed to send data to influxDB server : Connection refused: no further information
2018-12-03 10:13:24,398 ERROR o.a.j.v.b.i.HttpMetricsSender: failed to send data to influxDB server : Connection refused: no further information
2018-12-03 10:13:29,400 ERROR o.a.j.v.b.i.HttpMetricsSender: failed to send data to influxDB server : Connection refused: no further information
2018-12-03 10:13:34,398 ERROR o.a.j.v.b.i.HttpMetricsSender: failed to send data to influxDB server : Timeout connecting to [localhost/127.0.0.1:8086]
2018-12-03 10:13:39,399 ERROR o.a.j.v.b.i.HttpMetricsSender: failed to send data to influxDB server : Connection refused: no further information
2018-12-03 10:13:44,400 ERROR o.a.j.v.b.i.HttpMetricsSender: failed to send data to influxDB server : Connection refused: no further information
2018-12-03 10:13:49,399 ERROR o.a.j.v.b.i.HttpMetricsSender: failed to send data to influxDB server : Connection refused: no further information
2018-12-03 10:13:54,400 ERROR o.a.j.v.b.i.HttpMetricsSender: failed to send data to influxDB server : Timeout connecting to [localhost/127.0.0.1:8086]
2018-12-03 10:13:59,400 ERROR o.a.j.v.b.i.HttpMetricsSender: failed to send data to influxDB server : Connection refused: no further information
2018-12-03 10:14:04,400 ERROR o.a.j.v.b.i.HttpMetricsSender: failed to send data to influxDB server : Connection refused: no further information
2018-12-03 10:14:09,398 ERROR o.a.j.v.b.i.HttpMetricsSender: failed to send data to influxDB server : Timeout connecting to [localhost/127.0.0.1:8086]
2018-12-03 10:14:14,398 ERROR o.a.j.v.b.i.HttpMetricsSender: failed to send data to influxDB server : Connection refused: no further information
2018-12-03 10:14:19,398 ERROR o.a.j.v.b.i.HttpMetricsSender: failed to send data to influxDB server : Connection refused: no further information
2018-12-03 10:14:24,399 ERROR o.a.j.v.b.i.HttpMetricsSender: failed to send data to influxDB server : Timeout connecting to [localhost/127.0.0.1:8086]
2018-12-03 10:14:29,401 ERROR o.a.j.v.b.i.HttpMetricsSender: failed to send data to influxDB server : Connection refused: no further information
2018-12-03 10:14:34,399 ERROR o.a.j.v.b.i.HttpMetricsSender: failed to send data to influxDB server : Connection refused: no further information
2018-12-03 10:14:39,399 ERROR o.a.j.v.b.i.HttpMetricsSender: failed to send data to influxDB server : Timeout connecting to [localhost/127.0.0.1:8086]
2018-12-03 10:14:44,398 ERROR o.a.j.v.b.i.HttpMetricsSender: failed to send data to influxDB server : Connection refused: no further information
2018-12-03 10:14:49,400 ERROR o.a.j.v.b.i.HttpMetricsSender: failed to send data to influxDB server : Timeout connecting to [localhost/127.0.0.1:8086]
2018-12-03 10:14:54,402 ERROR o.a.j.v.b.i.HttpMetricsSender: failed to send data to influxDB server : Connection refused: no further information
2018-12-03 10:14:59,399 ERROR o.a.j.v.b.i.HttpMetricsSender: failed to send data to influxDB server : Connection refused: no further information
2018-12-03 10:15:04,400 ERROR o.a.j.v.b.i.HttpMetricsSender: failed to send data to influxDB server : Timeout connecting to [localhost/127.0.0.1:8086]
2018-12-03 10:15:09,399 ERROR o.a.j.v.b.i.HttpMetricsSender: failed to send data to influxDB server : Timeout connecting to [localhost/127.0.0.1:8086]
2018-12-03 10:15:14,398 ERROR o.a.j.v.b.i.HttpMetricsSender: failed to send data to influxDB server : Timeout connecting to [localhost/127.0.0.1:8086]
2018-12-03 10:15:19,399 ERROR o.a.j.v.b.i.HttpMetricsSender: failed to send data to influxDB server : Connection refused: no further information
2018-12-03 10:15:24,400 ERROR o.a.j.v.b.i.HttpMetricsSender: failed to send data to influxDB server : Timeout connecting to [localhost/127.0.0.1:8086]
2018-12-03 10:15:29,398 ERROR o.a.j.v.b.i.HttpMetricsSender: failed to send data to influxDB server : Timeout connecting to [localhost/127.0.0.1:8086]
2018-12-03 10:15:34,399 ERROR o.a.j.v.b.i.HttpMetricsSender: failed to send data to influxDB server : Connection refused: no further information
2018-12-03 10:15:39,400 ERROR o.a.j.v.b.i.HttpMetricsSender: failed to send data to influxDB server : Connection refused: no further information
2018-12-03 10:15:44,399 ERROR o.a.j.v.b.i.HttpMetricsSender: failed to send data to influxDB server : Timeout connecting to [localhost/127.0.0.1:8086]
2018-12-03 10:15:49,398 ERROR o.a.j.v.b.i.HttpMetricsSender: failed to send data to influxDB server : Connection refused: no further information
2018-12-03 10:15:54,399 ERROR o.a.j.v.b.i.HttpMetricsSender: failed to send data to influxDB server : Connection refused: no further information
2018-12-03 10:15:59,399 ERROR o.a.j.v.b.i.HttpMetricsSender: failed to send data to influxDB server : Connection refused: no further information
2018-12-03 10:16:04,399 ERROR o.a.j.v.b.i.HttpMetricsSender: failed to send data to influxDB server : Timeout connecting to [localhost/127.0.0.1:8086]
2018-12-03 10:16:09,398 ERROR o.a.j.v.b.i.HttpMetricsSender: failed to send data to influxDB server : Timeout connecting to [localhost/127.0.0.1:8086]
2018-12-03 10:16:14,401 ERROR o.a.j.v.b.i.HttpMetricsSender: failed to send data to influxDB server : Connection refused: no further information
2018-12-03 10:16:19,398 ERROR o.a.j.v.b.i.HttpMetricsSender: failed to send data to influxDB server : Connection refused: no further information
2018-12-03 10:16:24,399 ERROR o.a.j.v.b.i.HttpMetricsSender: failed to send data to influxDB server : Timeout connecting to [localhost/127.0.0.1:8086]
2018-12-03 10:16:29,399 ERROR o.a.j.v.b.i.HttpMetricsSender: failed to send data to influxDB server : Timeout connecting to [localhost/127.0.0.1:8086]
2018-12-03 10:16:34,399 ERROR o.a.j.v.b.i.HttpMetricsSender: failed to send data to influxDB server : Connection refused: no further information
2018-12-03 10:16:39,399 ERROR o.a.j.v.b.i.HttpMetricsSender: failed to send data to influxDB server : Timeout connecting to [localhost/127.0.0.1:8086]
2018-12-03 10:16:44,397 ERROR o.a.j.v.b.i.HttpMetricsSender: failed to send data to influxDB server : Connection refused: no further information
2018-12-03 10:16:49,402 ERROR o.a.j.v.b.i.HttpMetricsSender: failed to send data to influxDB server : Connection refused: no further information
2018-12-03 10:16:54,398 ERROR o.a.j.v.b.i.HttpMetricsSender: failed to send data to influxDB server : Connection refused: no further information
2018-12-03 10:16:59,400 ERROR o.a.j.v.b.i.HttpMetricsSender: failed to send data to influxDB server : Timeout connecting to [localhost/127.0.0.1:8086]
2018-12-03 10:17:04,398 ERROR o.a.j.v.b.i.HttpMetricsSender: failed to send data to influxDB server : Timeout connecting to [localhost/127.0.0.1:8086]
2018-12-03 10:17:09,403 ERROR o.a.j.v.b.i.HttpMetricsSender: failed to send data to influxDB server : Connection refused: no further information
2018-12-03 10:17:14,400 ERROR o.a.j.v.b.i.HttpMetricsSender: failed to send data to influxDB server : Timeout connecting to [localhost/127.0.0.1:8086]
2018-12-03 10:17:19,397 ERROR o.a.j.v.b.i.HttpMetricsSender: failed to send data to influxDB server : Timeout connecting to [localhost/127.0.0.1:8086]
2018-12-03 10:17:24,401 ERROR o.a.j.v.b.i.HttpMetricsSender: failed to send data to influxDB server : Connection refused: no further information
2018-12-03 10:17:29,399 ERROR o.a.j.v.b.i.HttpMetricsSender: failed to send data to influxDB server : Connection refused: no further information
2018-12-03 10:17:34,399 ERROR o.a.j.v.b.i.HttpMetricsSender: failed to send data to influxDB server : Connection refused: no further information
2018-12-03 10:17:39,399 ERROR o.a.j.v.b.i.HttpMetricsSender: failed to send data to influxDB server : Connection refused: no further information
2018-12-03 10:17:44,400 ERROR o.a.j.v.b.i.HttpMetricsSender: failed to send data to influxDB server : Connection refused: no further information
2018-12-03 10:17:49,398 ERROR o.a.j.v.b.i.HttpMetricsSender: failed to send data to influxDB server : Connection refused: no further information
2018-12-03 10:17:54,399 ERROR o.a.j.v.b.i.HttpMetricsSender: failed to send data to influxDB server : Timeout connecting to [localhost/127.0.0.1:8086]
2018-12-03 10:17:59,398 ERROR o.a.j.v.b.i.HttpMetricsSender: failed to send data to influxDB server : Connection refused: no further information
2018-12-03 10:18:04,398 ERROR o.a.j.v.b.i.HttpMetricsSender: failed to send data to influxDB server : Timeout connecting to [localhost/127.0.0.1:8086]
2018-12-03 10:18:09,409 ERROR o.a.j.v.b.i.HttpMetricsSender: failed to send data to influxDB server : Connection refused: no further information
2018-12-03 10:18:14,400 ERROR o.a.j.v.b.i.HttpMetricsSender: failed to send data to influxDB server : Connection refused: no further information
2018-12-03 10:18:19,397 ERROR o.a.j.v.b.i.HttpMetricsSender: failed to send data to influxDB server : Timeout connecting to [localhost/127.0.0.1:8086]
2018-12-03 10:18:24,398 ERROR o.a.j.v.b.i.HttpMetricsSender: failed to send data to influxDB server : Timeout connecting to [localhost/127.0.0.1:8086]
2018-12-03 10:18:29,397 ERROR o.a.j.v.b.i.HttpMetricsSender: failed to send data to influxDB server : Timeout connecting to [localhost/127.0.0.1:8086]
2018-12-03 10:18:34,398 ERROR o.a.j.v.b.i.HttpMetricsSender: failed to send data to influxDB server : Timeout connecting to [localhost/127.0.0.1:8086]
2018-12-03 10:18:39,398 ERROR o.a.j.v.b.i.HttpMetricsSender: failed to send data to influxDB server : Timeout connecting to [localhost/127.0.0.1:8086]
2018-12-03 10:18:44,397 ERROR o.a.j.v.b.i.HttpMetricsSender: failed to send data to influxDB server : Timeout connecting to [localhost/127.0.0.1:8086]
2018-12-03 10:18:49,398 ERROR o.a.j.v.b.i.HttpMetricsSender: failed to send data to influxDB server : Connection refused: no further information
2018-12-03 10:18:54,398 ERROR o.a.j.v.b.i.HttpMetricsSender: failed to send data to influxDB server : Connection refused: no further information
2018-12-03 10:18:59,397 ERROR o.a.j.v.b.i.HttpMetricsSender: failed to send data to influxDB server : Connection refused: no further information
2018-12-03 10:19:04,397 ERROR o.a.j.v.b.i.HttpMetricsSender: failed to send data to influxDB server : Connection refused: no further information
2018-12-03 10:19:09,397 ERROR o.a.j.v.b.i.HttpMetricsSender: failed to send data to influxDB server : Connection refused: no further information
2018-12-03 10:19:14,398 ERROR o.a.j.v.b.i.HttpMetricsSender: failed to send data to influxDB server : Connection refused: no further information
2018-12-03 10:19:19,397 ERROR o.a.j.v.b.i.HttpMetricsSender: failed to send data to influxDB server : Connection refused: no further information
2018-12-03 10:19:24,406 ERROR o.a.j.v.b.i.HttpMetricsSender: failed to send data to influxDB server : Connection refused: no further information
2018-12-03 10:19:29,397 ERROR o.a.j.v.b.i.HttpMetricsSender: failed to send data to influxDB server : Connection refused: no further information
2018-12-03 10:19:34,398 ERROR o.a.j.v.b.i.HttpMetricsSender: failed to send data to influxDB server : Timeout connecting to [localhost/127.0.0.1:8086]
2018-12-03 10:19:39,398 ERROR o.a.j.v.b.i.HttpMetricsSender: failed to send data to influxDB server : Timeout connecting to [localhost/127.0.0.1:8086]
2018-12-03 10:19:44,399 ERROR o.a.j.v.b.i.HttpMetricsSender: failed to send data to influxDB server : Connection refused: no further information
2018-12-03 10:19:49,398 ERROR o.a.j.v.b.i.HttpMetricsSender: failed to send data to influxDB server : Connection refused: no further information
2018-12-03 10:19:54,398 ERROR o.a.j.v.b.i.HttpMetricsSender: failed to send data to influxDB server : Connection refused: no further information
2018-12-03 10:19:59,398 ERROR o.a.j.v.b.i.HttpMetricsSender: failed to send data to influxDB server : Connection refused: no further information
2018-12-03 10:20:04,397 ERROR o.a.j.v.b.i.HttpMetricsSender: failed to send data to influxDB server : Connection refused: no further information
2018-12-03 10:20:09,399 ERROR o.a.j.v.b.i.HttpMetricsSender: failed to send data to influxDB server : Connection refused: no further information
2018-12-03 10:20:14,398 ERROR o.a.j.v.b.i.HttpMetricsSender: failed to send data to influxDB server : Timeout connecting to [localhost/127.0.0.1:8086]
2018-12-03 10:20:19,398 ERROR o.a.j.v.b.i.HttpMetricsSender: failed to send data to influxDB server : Connection refused: no further information
2018-12-03 10:20:24,406 ERROR o.a.j.v.b.i.HttpMetricsSender: failed to send data to influxDB server : Connection refused: no further information
2018-12-03 10:20:29,399 ERROR o.a.j.v.b.i.HttpMetricsSender: failed to send data to influxDB server : Connection refused: no further information
2018-12-03 10:20:34,398 ERROR o.a.j.v.b.i.HttpMetricsSender: failed to send data to influxDB server : Timeout connecting to [localhost/127.0.0.1:8086]
2018-12-03 10:20:39,398 ERROR o.a.j.v.b.i.HttpMetricsSender: failed to send data to influxDB server : Connection refused: no further information
2018-12-03 10:20:44,397 ERROR o.a.j.v.b.i.HttpMetricsSender: failed to send data to influxDB server : Timeout connecting to [localhost/127.0.0.1:8086]
2018-12-03 10:20:49,397 ERROR o.a.j.v.b.i.HttpMetricsSender: failed to send data to influxDB server : Timeout connecting to [localhost/127.0.0.1:8086]
2018-12-03 10:20:54,399 ERROR o.a.j.v.b.i.HttpMetricsSender: failed to send data to influxDB server : Connection refused: no further information
2018-12-03 10:20:59,398 ERROR o.a.j.v.b.i.HttpMetricsSender: failed to send data to influxDB server : Timeout connecting to [localhost/127.0.0.1:8086]
2018-12-03 10:21:04,397 ERROR o.a.j.v.b.i.HttpMetricsSender: failed to send data to influxDB server : Timeout connecting to [localhost/127.0.0.1:8086]
2018-12-03 10:21:09,398 ERROR o.a.j.v.b.i.HttpMetricsSender: failed to send data to influxDB server : Timeout connecting to [localhost/127.0.0.1:8086]
2018-12-03 10:21:14,398 ERROR o.a.j.v.b.i.HttpMetricsSender: failed to send data to influxDB server : Connection refused: no further information
2018-12-03 10:21:19,397 ERROR o.a.j.v.b.i.HttpMetricsSender: failed to send data to influxDB server : Timeout connecting to [localhost/127.0.0.1:8086]
2018-12-03 10:21:24,397 ERROR o.a.j.v.b.i.HttpMetricsSender: failed to send data to influxDB server : Timeout connecting to [localhost/127.0.0.1:8086]
2018-12-03 10:21:29,399 ERROR o.a.j.v.b.i.HttpMetricsSender: failed to send data to influxDB server : Connection refused: no further information
2018-12-03 10:21:34,400 ERROR o.a.j.v.b.i.HttpMetricsSender: failed to send data to influxDB server : Connection refused: no further information
2018-12-03 10:21:39,398 ERROR o.a.j.v.b.i.HttpMetricsSender: failed to send data to influxDB server : Timeout connecting to [localhost/127.0.0.1:8086]
2018-12-03 10:21:44,398 ERROR o.a.j.v.b.i.HttpMetricsSender: failed to send data to influxDB server : Connection refused: no further information
2018-12-03 10:21:49,399 ERROR o.a.j.v.b.i.HttpMetricsSender: failed to send data to influxDB server : Connection refused: no further information
2018-12-03 10:21:54,399 ERROR o.a.j.v.b.i.HttpMetricsSender: failed to send data to influxDB server : Connection refused: no further information
2018-12-03 10:21:59,399 ERROR o.a.j.v.b.i.HttpMetricsSender: failed to send data to influxDB server : Timeout connecting to [localhost/127.0.0.1:8086]
2018-12-03 10:22:04,400 ERROR o.a.j.v.b.i.HttpMetricsSender: failed to send data to influxDB server : Timeout connecting to [localhost/127.0.0.1:8086]
2018-12-03 10:22:09,397 ERROR o.a.j.v.b.i.HttpMetricsSender: failed to send data to influxDB server : Timeout connecting to [localhost/127.0.0.1:8086]
2018-12-03 10:22:14,398 ERROR o.a.j.v.b.i.HttpMetricsSender: failed to send data to influxDB server : Timeout connecting to [localhost/127.0.0.1:8086]
2018-12-03 10:22:19,398 ERROR o.a.j.v.b.i.HttpMetricsSender: failed to send data to influxDB server : Connection refused: no further information
2018-12-03 10:22:24,401 ERROR o.a.j.v.b.i.HttpMetricsSender: failed to send data to influxDB server : Connection refused: no further information
2018-12-03 10:22:29,399 ERROR o.a.j.v.b.i.HttpMetricsSender: failed to send data to influxDB server : Connection refused: no further information
2018-12-03 10:22:34,399 ERROR o.a.j.v.b.i.HttpMetricsSender: failed to send data to influxDB server : Connection refused: no further information
2018-12-03 10:22:39,400 ERROR o.a.j.v.b.i.HttpMetricsSender: failed to send data to influxDB server : Timeout connecting to [localhost/127.0.0.1:8086]
2018-12-03 10:22:44,398 ERROR o.a.j.v.b.i.HttpMetricsSender: failed to send data to influxDB server : Timeout connecting to [localhost/127.0.0.1:8086]
2018-12-03 10:22:49,400 ERROR o.a.j.v.b.i.HttpMetricsSender: failed to send data to influxDB server : Connection refused: no further information
2018-12-03 10:22:54,399 ERROR o.a.j.v.b.i.HttpMetricsSender: failed to send data to influxDB server : Timeout connecting to [localhost/127.0.0.1:8086]
2018-12-03 10:22:59,399 ERROR o.a.j.v.b.i.HttpMetricsSender: failed to send data to influxDB server : Connection refused: no further information
2018-12-03 10:23:04,401 ERROR o.a.j.v.b.i.HttpMetricsSender: failed to send data to influxDB server : Connection refused: no further information
2018-12-03 10:23:09,421 ERROR o.a.j.v.b.i.HttpMetricsSender: failed to send data to influxDB server : Timeout connecting to [localhost/127.0.0.1:8086]
2018-12-03 10:23:14,399 ERROR o.a.j.v.b.i.HttpMetricsSender: failed to send data to influxDB server : Connection refused: no further information
2018-12-03 10:23:19,398 ERROR o.a.j.v.b.i.HttpMetricsSender: failed to send data to influxDB server : Timeout connecting to [localhost/127.0.0.1:8086]
2018-12-03 10:23:24,400 ERROR o.a.j.v.b.i.HttpMetricsSender: failed to send data to influxDB server : Timeout connecting to [localhost/127.0.0.1:8086]
2018-12-03 10:23:29,408 ERROR o.a.j.v.b.i.HttpMetricsSender: failed to send data to influxDB server : Timeout connecting to [localhost/127.0.0.1:8086]
2018-12-03 10:23:34,399 ERROR o.a.j.v.b.i.HttpMetricsSender: failed to send data to influxDB server : Connection refused: no further information
2018-12-03 10:23:39,399 ERROR o.a.j.v.b.i.HttpMetricsSender: failed to send data to influxDB server : Timeout connecting to [localhost/127.0.0.1:8086]
2018-12-03 10:23:44,399 ERROR o.a.j.v.b.i.HttpMetricsSender: failed to send data to influxDB server : Connection refused: no further information
2018-12-03 10:23:49,400 ERROR o.a.j.v.b.i.HttpMetricsSender: failed to send data to influxDB server : Connection refused: no further information
2018-12-03 10:23:54,398 ERROR o.a.j.v.b.i.HttpMetricsSender: failed to send data to influxDB server : Connection refused: no further information
2018-12-03 10:23:59,399 ERROR o.a.j.v.b.i.HttpMetricsSender: failed to send data to influxDB server : Timeout connecting to [localhost/127.0.0.1:8086]
2018-12-03 10:24:04,399 ERROR o.a.j.v.b.i.HttpMetricsSender: failed to send data to influxDB server : Connection refused: no further information
2018-12-03 10:24:09,398 ERROR o.a.j.v.b.i.HttpMetricsSender: failed to send data to influxDB server : Connection refused: no further information
2018-12-03 10:24:14,398 ERROR o.a.j.v.b.i.HttpMetricsSender: failed to send data to influxDB server : Timeout connecting to [localhost/127.0.0.1:8086]
2018-12-03 10:24:19,398 ERROR o.a.j.v.b.i.HttpMetricsSender: failed to send data to influxDB server : Connection refused: no further information
2018-12-03 10:24:24,398 ERROR o.a.j.v.b.i.HttpMetricsSender: failed to send data to influxDB server : Connection refused: no further information
2018-12-03 10:24:29,398 ERROR o.a.j.v.b.i.HttpMetricsSender: failed to send data to influxDB server : Timeout connecting to [localhost/127.0.0.1:8086]
2018-12-03 10:24:34,400 ERROR o.a.j.v.b.i.HttpMetricsSender: failed to send data to influxDB server : Connection refused: no further information
2018-12-03 10:24:39,399 ERROR o.a.j.v.b.i.HttpMetricsSender: failed to send data to influxDB server : Timeout connecting to [localhost/127.0.0.1:8086]
2018-12-03 10:24:44,399 ERROR o.a.j.v.b.i.HttpMetricsSender: failed to send data to influxDB server : Timeout connecting to [localhost/127.0.0.1:8086]
2018-12-03 10:24:49,399 ERROR o.a.j.v.b.i.HttpMetricsSender: failed to send data to influxDB server : Timeout connecting to [localhost/127.0.0.1:8086]
2018-12-03 10:24:54,398 ERROR o.a.j.v.b.i.HttpMetricsSender: failed to send data to influxDB server : Timeout connecting to [localhost/127.0.0.1:8086]
2018-12-03 10:24:59,400 ERROR o.a.j.v.b.i.HttpMetricsSender: failed to send data to influxDB server : Connection refused: no further information
2018-12-03 10:25:04,399 ERROR o.a.j.v.b.i.HttpMetricsSender: failed to send data to influxDB server : Timeout connecting to [localhost/127.0.0.1:8086]
2018-12-03 10:25:09,399 ERROR o.a.j.v.b.i.HttpMetricsSender: failed to send data to influxDB server : Connection refused: no further information
2018-12-03 10:25:14,399 ERROR o.a.j.v.b.i.HttpMetricsSender: failed to send data to influxDB server : Connection refused: no further information
2018-12-03 10:25:19,398 ERROR o.a.j.v.b.i.HttpMetricsSender: failed to send data to influxDB server : Connection refused: no further information
2018-12-03 10:25:24,398 ERROR o.a.j.v.b.i.HttpMetricsSender: failed to send data to influxDB server : Connection refused: no further information
2018-12-03 10:25:29,399 ERROR o.a.j.v.b.i.HttpMetricsSender: failed to send data to influxDB server : Connection refused: no further information
2018-12-03 10:25:34,400 ERROR o.a.j.v.b.i.HttpMetricsSender: failed to send data to influxDB server : Connection refused: no further information
2018-12-03 10:25:39,398 ERROR o.a.j.v.b.i.HttpMetricsSender: failed to send data to influxDB server : Connection refused: no further information
2018-12-03 10:25:44,399 ERROR o.a.j.v.b.i.HttpMetricsSender: failed to send data to influxDB server : Connection refused: no further information
2018-12-03 10:25:49,399 ERROR o.a.j.v.b.i.HttpMetricsSender: failed to send data to influxDB server : Connection refused: no further information
2018-12-03 10:25:54,399 ERROR o.a.j.v.b.i.HttpMetricsSender: failed to send data to influxDB server : Timeout connecting to [localhost/127.0.0.1:8086]
2018-12-03 10:25:59,398 ERROR o.a.j.v.b.i.HttpMetricsSender: failed to send data to influxDB server : Timeout connecting to [localhost/127.0.0.1:8086]
2018-12-03 10:26:04,397 ERROR o.a.j.v.b.i.HttpMetricsSender: failed to send data to influxDB server : Timeout connecting to [localhost/127.0.0.1:8086]
2018-12-03 10:26:09,399 ERROR o.a.j.v.b.i.HttpMetricsSender: failed to send data to influxDB server : Connection refused: no further information
2018-12-03 10:26:14,398 ERROR o.a.j.v.b.i.HttpMetricsSender: failed to send data to influxDB server : Timeout connecting to [localhost/127.0.0.1:8086]
2018-12-03 10:26:19,398 ERROR o.a.j.v.b.i.HttpMetricsSender: failed to send data to influxDB server : Timeout connecting to [localhost/127.0.0.1:8086]
2018-12-03 10:26:24,398 ERROR o.a.j.v.b.i.HttpMetricsSender: failed to send data to influxDB server : Timeout connecting to [localhost/127.0.0.1:8086]
2018-12-03 10:26:29,398 ERROR o.a.j.v.b.i.HttpMetricsSender: failed to send data to influxDB server : Connection refused: no further information
2018-12-03 10:26:34,566 ERROR o.a.j.v.b.i.HttpMetricsSender: failed to send data to influxDB server : Connection refused: no further information
2018-12-03 10:26:39,403 ERROR o.a.j.v.b.i.HttpMetricsSender: failed to send data to influxDB server : Timeout connecting to [localhost/127.0.0.1:8086]
2018-12-03 10:26:44,400 ERROR o.a.j.v.b.i.HttpMetricsSender: failed to send data to influxDB server : Timeout connecting to [localhost/127.0.0.1:8086]
2018-12-03 10:26:49,398 ERROR o.a.j.v.b.i.HttpMetricsSender: failed to send data to influxDB server : Timeout connecting to [localhost/127.0.0.1:8086]
2018-12-03 10:26:54,401 ERROR o.a.j.v.b.i.HttpMetricsSender: failed to send data to influxDB server : Connection refused: no further information
2018-12-03 10:26:59,398 ERROR o.a.j.v.b.i.HttpMetricsSender: failed to send data to influxDB server : Timeout connecting to [localhost/127.0.0.1:8086]
2018-12-03 10:27:04,397 ERROR o.a.j.v.b.i.HttpMetricsSender: failed to send data to influxDB server : Timeout connecting to [localhost/127.0.0.1:8086]
2018-12-03 10:27:09,399 ERROR o.a.j.v.b.i.HttpMetricsSender: failed to send data to influxDB server : Connection refused: no further information
2018-12-03 10:27:14,402 ERROR o.a.j.v.b.i.HttpMetricsSender: failed to send data to influxDB server : Connection refused: no further information
2018-12-03 10:27:19,399 ERROR o.a.j.v.b.i.HttpMetricsSender: failed to send data to influxDB server : Connection refused: no further information
2018-12-03 10:27:24,399 ERROR o.a.j.v.b.i.HttpMetricsSender: failed to send data to influxDB server : Connection refused: no further information
2018-12-03 10:27:29,399 ERROR o.a.j.v.b.i.HttpMetricsSender: failed to send data to influxDB server : Connection refused: no further information
2018-12-03 10:27:34,400 ERROR o.a.j.v.b.i.HttpMetricsSender: failed to send data to influxDB server : Connection refused: no further information
2018-12-03 10:27:39,399 ERROR o.a.j.v.b.i.HttpMetricsSender: failed to send data to influxDB server : Connection refused: no further information
2018-12-03 10:27:44,399 ERROR o.a.j.v.b.i.HttpMetricsSender: failed to send data to influxDB server : Connection refused: no further information
2018-12-03 10:27:49,401 ERROR o.a.j.v.b.i.HttpMetricsSender: failed to send data to influxDB server : Timeout connecting to [localhost/127.0.0.1:8086]
2018-12-03 10:27:54,400 ERROR o.a.j.v.b.i.HttpMetricsSender: failed to send data to influxDB server : Connection refused: no further information
2018-12-03 10:27:59,399 ERROR o.a.j.v.b.i.HttpMetricsSender: failed to send data to influxDB server : Timeout connecting to [localhost/127.0.0.1:8086]
2018-12-03 10:28:04,400 ERROR o.a.j.v.b.i.HttpMetricsSender: failed to send data to influxDB server : Timeout connecting to [localhost/127.0.0.1:8086]
2018-12-03 10:28:09,398 ERROR o.a.j.v.b.i.HttpMetricsSender: failed to send data to influxDB server : Connection refused: no further information
2018-12-03 10:28:14,399 ERROR o.a.j.v.b.i.HttpMetricsSender: failed to send data to influxDB server : Timeout connecting to [localhost/127.0.0.1:8086]
2018-12-03 10:28:19,398 ERROR o.a.j.v.b.i.HttpMetricsSender: failed to send data to influxDB server : Connection refused: no further information
2018-12-03 10:28:24,400 ERROR o.a.j.v.b.i.HttpMetricsSender: failed to send data to influxDB server : Connection refused: no further information
2018-12-03 10:28:29,399 ERROR o.a.j.v.b.i.HttpMetricsSender: failed to send data to influxDB server : Timeout connecting to [localhost/127.0.0.1:8086]
