2018-11-27 21:16:28,954 INFO o.a.j.u.JMeterUtils: Setting Locale to en_US
2018-11-27 21:16:28,980 INFO o.a.j.r.RmiUtils: Disabling SSL for RMI as server.rmi.ssl.disable is set to 'true'
2018-11-27 21:16:30,888 INFO o.r.Reflections: Reflections took 206 ms to scan 169 urls, producing 3 keys and 3 values 
2018-11-27 21:16:32,795 INFO o.a.j.s.SaveService: Testplan (JMX) version: 2.2. Testlog (JTL) version: 2.2
2018-11-27 21:16:32,809 INFO o.a.j.s.SaveService: Using SaveService properties file encoding UTF-8
2018-11-27 21:16:32,815 INFO o.a.j.s.SaveService: Using SaveService properties version 4.0
2018-11-27 21:16:32,859 INFO o.a.j.e.ClientJMeterEngine: running clientengine run method
2018-11-27 21:16:32,862 INFO o.a.j.e.u.CompoundVariable: Note: Function class names must contain the string: '.functions.'
2018-11-27 21:16:32,862 INFO o.a.j.e.u.CompoundVariable: Note: Function class names must not contain the string: '.gui.'
2018-11-27 21:16:32,872 WARN o.a.j.e.u.CompoundVariable: Did not find any functions
2018-11-27 21:16:32,876 INFO o.a.j.r.RmiUtils: Disabling SSL for RMI as server.rmi.ssl.disable is set to 'true'
2018-11-27 21:16:32,876 INFO o.a.j.r.RmiUtils: Disabling SSL for RMI as server.rmi.ssl.disable is set to 'true'
2018-11-27 21:16:32,955 INFO o.a.j.s.SampleEvent: List of sample_variables: []
2018-11-27 21:16:32,962 INFO o.a.j.s.BatchSampleSender: Using batching (client settings) for this run. Thresholds: num=100, time=60000
2018-11-27 21:16:32,962 INFO o.a.j.s.DataStrippingSampleSender: Using DataStrippingSampleSender for this run
2018-11-27 21:16:32,963 INFO o.a.j.s.FileServer: Default base='/Users/cxia/IdeaProjects/JmeterTestGradle'
2018-11-27 21:16:34,328 INFO o.a.j.e.ClientJMeterEngine: sent test to slc16lff.us.oracle.com basedir='.'
2018-11-27 21:16:34,328 INFO o.a.j.e.ClientJMeterEngine: Sending properties {}
2018-11-27 21:16:34,744 INFO o.a.j.e.ClientJMeterEngine: sent run command to slc16lff.us.oracle.com
2018-11-27 21:16:35,204 INFO o.a.j.s.SampleResult: Note: Sample TimeStamps are START times
2018-11-27 21:16:35,207 INFO o.a.j.s.SampleResult: sampleresult.default.encoding is set to ISO-8859-1
2018-11-27 21:16:35,207 INFO o.a.j.s.SampleResult: sampleresult.useNanoTime=true
2018-11-27 21:16:35,207 INFO o.a.j.s.SampleResult: sampleresult.nanoThreadSleep=5000
2018-11-27 21:16:35,222 INFO o.a.j.r.Summariser: summary +      1 in 00:00:00 =    3.7/s Avg:     0 Min:     0 Max:     0 Err:     1 (100.00%) Active: 0 Started: 0 Finished: 0
2018-11-27 21:16:36,688 INFO o.a.j.r.Summariser: summary +      1 in 00:00:01 =    0.7/s Avg:     0 Min:     0 Max:     0 Err:     1 (100.00%) Active: 0 Started: 0 Finished: 0
2018-11-27 21:16:36,689 INFO o.a.j.r.Summariser: summary =      2 in 00:00:02 =    1.2/s Avg:     0 Min:     0 Max:     0 Err:     2 (100.00%)
