"Reference Handler" daemon prio=10 Id=2 RUNNABLE
	at java.base@15.0.1/java.lang.ref.Reference.waitForReferencePendingList(Native Method)
	at java.base@15.0.1/java.lang.ref.Reference.processPendingReferences(Unknown Source)
	at java.base@15.0.1/java.lang.ref.Reference$ReferenceHandler.run(Unknown Source)

"Finalizer" daemon prio=8 Id=3 WAITING on java.lang.ref.ReferenceQueue$Lock@71ea27e8
	at java.base@15.0.1/java.lang.Object.wait(Native Method)
	-  waiting on java.lang.ref.ReferenceQueue$Lock@71ea27e8
	at java.base@15.0.1/java.lang.ref.ReferenceQueue.remove(Unknown Source)
	at java.base@15.0.1/java.lang.ref.ReferenceQueue.remove(Unknown Source)
	at java.base@15.0.1/java.lang.ref.Finalizer$FinalizerThread.run(Unknown Source)

"Signal Dispatcher" daemon prio=9 Id=4 RUNNABLE

"Common-Cleaner" daemon prio=8 Id=9 TIMED_WAITING on java.lang.ref.ReferenceQueue$Lock@600dd5d9
	at java.base@15.0.1/java.lang.Object.wait(Native Method)
	-  waiting on java.lang.ref.ReferenceQueue$Lock@600dd5d9
	at java.base@15.0.1/java.lang.ref.ReferenceQueue.remove(Unknown Source)
	at java.base@15.0.1/jdk.internal.ref.CleanerImpl.run(Unknown Source)
	at java.base@15.0.1/java.lang.Thread.run(Unknown Source)
	at java.base@15.0.1/jdk.internal.misc.InnocuousThread.run(Unknown Source)

"Notification Thread" daemon prio=9 Id=10 RUNNABLE

"Timer-0" daemon prio=5 Id=13 TIMED_WAITING on java.util.TaskQueue@3c79d5af
	at java.base@15.0.1/java.lang.Object.wait(Native Method)
	-  waiting on java.util.TaskQueue@3c79d5af
	at java.base@15.0.1/java.util.TimerThread.mainLoop(Unknown Source)
	at java.base@15.0.1/java.util.TimerThread.run(Unknown Source)

"NanoOffset" daemon prio=5 Id=15 TIMED_WAITING
	at java.base@15.0.1/java.lang.Thread.sleep(Native Method)
	at java.base@15.0.1/java.lang.Thread.sleep(Unknown Source)
	at java.base@15.0.1/java.util.concurrent.TimeUnit.sleep(Unknown Source)
	at org.apache.jmeter.samplers.SampleResult$NanoOffset.getOffset(SampleResult.java:1510)
	at org.apache.jmeter.samplers.SampleResult$NanoOffset.run(SampleResult.java:1504)

"RMI Scheduler(0)" daemon prio=5 Id=16 TIMED_WAITING on java.util.concurrent.locks.AbstractQueuedSynchronizer$ConditionObject@4a9bd138
	at java.base@15.0.1/jdk.internal.misc.Unsafe.park(Native Method)
	-  waiting on java.util.concurrent.locks.AbstractQueuedSynchronizer$ConditionObject@4a9bd138
	at java.base@15.0.1/java.util.concurrent.locks.LockSupport.parkNanos(Unknown Source)
	at java.base@15.0.1/java.util.concurrent.locks.AbstractQueuedSynchronizer$ConditionObject.awaitNanos(Unknown Source)
	at java.base@15.0.1/java.util.concurrent.ScheduledThreadPoolExecutor$DelayedWorkQueue.take(Unknown Source)
	at java.base@15.0.1/java.util.concurrent.ScheduledThreadPoolExecutor$DelayedWorkQueue.take(Unknown Source)
	at java.base@15.0.1/java.util.concurrent.ThreadPoolExecutor.getTask(Unknown Source)
	at java.base@15.0.1/java.util.concurrent.ThreadPoolExecutor.runWorker(Unknown Source)
	at java.base@15.0.1/java.util.concurrent.ThreadPoolExecutor$Worker.run(Unknown Source)
	...

"RMI RenewClean-[10.244.2.12:50000]" daemon prio=5 Id=17 TIMED_WAITING on java.lang.ref.ReferenceQueue$Lock@6aee6ae4
	at java.base@15.0.1/java.lang.Object.wait(Native Method)
	-  waiting on java.lang.ref.ReferenceQueue$Lock@6aee6ae4
	at java.base@15.0.1/java.lang.ref.ReferenceQueue.remove(Unknown Source)
	at java.rmi@15.0.1/sun.rmi.transport.DGCClient$EndpointEntry$RenewCleanThread.run(Unknown Source)
	at java.base@15.0.1/java.lang.Thread.run(Unknown Source)

"RMI GC Daemon" daemon prio=2 Id=18 TIMED_WAITING on sun.rmi.transport.GC$LatencyLock@6443c97d
	at java.base@15.0.1/java.lang.Object.wait(Native Method)
	-  waiting on sun.rmi.transport.GC$LatencyLock@6443c97d
	at java.rmi@15.0.1/sun.rmi.transport.GC$Daemon.run(Unknown Source)
	at java.base@15.0.1/java.lang.Thread.run(Unknown Source)
	at java.base@15.0.1/jdk.internal.misc.InnocuousThread.run(Unknown Source)

"RMI RenewClean-[10.244.2.11:50000]" daemon prio=5 Id=19 TIMED_WAITING on java.lang.ref.ReferenceQueue$Lock@1665acf7
	at java.base@15.0.1/java.lang.Object.wait(Native Method)
	-  waiting on java.lang.ref.ReferenceQueue$Lock@1665acf7
	at java.base@15.0.1/java.lang.ref.ReferenceQueue.remove(Unknown Source)
	at java.rmi@15.0.1/sun.rmi.transport.DGCClient$EndpointEntry$RenewCleanThread.run(Unknown Source)
	at java.base@15.0.1/java.lang.Thread.run(Unknown Source)

"RMI RenewClean-[10.244.0.180:50000]" daemon prio=5 Id=20 TIMED_WAITING on java.lang.ref.ReferenceQueue$Lock@2e3ad12
	at java.base@15.0.1/java.lang.Object.wait(Native Method)
	-  waiting on java.lang.ref.ReferenceQueue$Lock@2e3ad12
	at java.base@15.0.1/java.lang.ref.ReferenceQueue.remove(Unknown Source)
	at java.rmi@15.0.1/sun.rmi.transport.DGCClient$EndpointEntry$RenewCleanThread.run(Unknown Source)
	at java.base@15.0.1/java.lang.Thread.run(Unknown Source)

"RMI RenewClean-[10.244.1.11:50000]" daemon prio=5 Id=21 TIMED_WAITING on java.lang.ref.ReferenceQueue$Lock@1bc34ee0
	at java.base@15.0.1/java.lang.Object.wait(Native Method)
	-  waiting on java.lang.ref.ReferenceQueue$Lock@1bc34ee0
	at java.base@15.0.1/java.lang.ref.ReferenceQueue.remove(Unknown Source)
	at java.rmi@15.0.1/sun.rmi.transport.DGCClient$EndpointEntry$RenewCleanThread.run(Unknown Source)
	at java.base@15.0.1/java.lang.Thread.run(Unknown Source)

"RMI RenewClean-[10.244.19.40:50000]" daemon prio=5 Id=22 TIMED_WAITING on java.lang.ref.ReferenceQueue$Lock@613164c4
	at java.base@15.0.1/java.lang.Object.wait(Native Method)
	-  waiting on java.lang.ref.ReferenceQueue$Lock@613164c4
	at java.base@15.0.1/java.lang.ref.ReferenceQueue.remove(Unknown Source)
	at java.rmi@15.0.1/sun.rmi.transport.DGCClient$EndpointEntry$RenewCleanThread.run(Unknown Source)
	at java.base@15.0.1/java.lang.Thread.run(Unknown Source)

"RMI RenewClean-[10.244.1.9:50000]" daemon prio=5 Id=23 TIMED_WAITING on java.lang.ref.ReferenceQueue$Lock@5a086e01
	at java.base@15.0.1/java.lang.Object.wait(Native Method)
	-  waiting on java.lang.ref.ReferenceQueue$Lock@5a086e01
	at java.base@15.0.1/java.lang.ref.ReferenceQueue.remove(Unknown Source)
	at java.rmi@15.0.1/sun.rmi.transport.DGCClient$EndpointEntry$RenewCleanThread.run(Unknown Source)
	at java.base@15.0.1/java.lang.Thread.run(Unknown Source)

"RMI RenewClean-[10.244.1.6:50000]" daemon prio=5 Id=24 TIMED_WAITING on java.lang.ref.ReferenceQueue$Lock@451cc36f
	at java.base@15.0.1/java.lang.Object.wait(Native Method)
	-  waiting on java.lang.ref.ReferenceQueue$Lock@451cc36f
	at java.base@15.0.1/java.lang.ref.ReferenceQueue.remove(Unknown Source)
	at java.rmi@15.0.1/sun.rmi.transport.DGCClient$EndpointEntry$RenewCleanThread.run(Unknown Source)
	at java.base@15.0.1/java.lang.Thread.run(Unknown Source)

"RMI RenewClean-[10.244.2.13:50000]" daemon prio=5 Id=25 TIMED_WAITING on java.lang.ref.ReferenceQueue$Lock@44a93162
	at java.base@15.0.1/java.lang.Object.wait(Native Method)
	-  waiting on java.lang.ref.ReferenceQueue$Lock@44a93162
	at java.base@15.0.1/java.lang.ref.ReferenceQueue.remove(Unknown Source)
	at java.rmi@15.0.1/sun.rmi.transport.DGCClient$EndpointEntry$RenewCleanThread.run(Unknown Source)
	at java.base@15.0.1/java.lang.Thread.run(Unknown Source)

"RMI RenewClean-[10.244.1.12:50000]" daemon prio=5 Id=26 TIMED_WAITING on java.lang.ref.ReferenceQueue$Lock@2ed46a77
	at java.base@15.0.1/java.lang.Object.wait(Native Method)
	-  waiting on java.lang.ref.ReferenceQueue$Lock@2ed46a77
	at java.base@15.0.1/java.lang.ref.ReferenceQueue.remove(Unknown Source)
	at java.rmi@15.0.1/sun.rmi.transport.DGCClient$EndpointEntry$RenewCleanThread.run(Unknown Source)
	at java.base@15.0.1/java.lang.Thread.run(Unknown Source)

"RMI RenewClean-[10.244.1.8:50000]" daemon prio=5 Id=27 TIMED_WAITING on java.lang.ref.ReferenceQueue$Lock@373571ca
	at java.base@15.0.1/java.lang.Object.wait(Native Method)
	-  waiting on java.lang.ref.ReferenceQueue$Lock@373571ca
	at java.base@15.0.1/java.lang.ref.ReferenceQueue.remove(Unknown Source)
	at java.rmi@15.0.1/sun.rmi.transport.DGCClient$EndpointEntry$RenewCleanThread.run(Unknown Source)
	at java.base@15.0.1/java.lang.Thread.run(Unknown Source)

"RMI TCP Accept-60002" daemon prio=5 Id=28 RUNNABLE (in native)
	at java.base@15.0.1/sun.nio.ch.Net.accept(Native Method)
	at java.base@15.0.1/sun.nio.ch.NioSocketImpl.accept(Unknown Source)
	at java.base@15.0.1/java.net.ServerSocket.implAccept(Unknown Source)
	at java.base@15.0.1/java.net.ServerSocket.platformImplAccept(Unknown Source)
	at java.base@15.0.1/java.net.ServerSocket.implAccept(Unknown Source)
	at java.base@15.0.1/java.net.ServerSocket.implAccept(Unknown Source)
	at java.base@15.0.1/java.net.ServerSocket.accept(Unknown Source)
	at java.rmi@15.0.1/sun.rmi.transport.tcp.TCPTransport$AcceptLoop.executeAcceptLoop(Unknown Source)
	...

	Number of locked synchronizers = 1
	- java.util.concurrent.locks.ReentrantLock$NonfairSync@1491dbf8

"RMI Reaper" prio=5 Id=29 WAITING on java.lang.ref.ReferenceQueue$Lock@19beda29
	at java.base@15.0.1/java.lang.Object.wait(Native Method)
	-  waiting on java.lang.ref.ReferenceQueue$Lock@19beda29
	at java.base@15.0.1/java.lang.ref.ReferenceQueue.remove(Unknown Source)
	at java.base@15.0.1/java.lang.ref.ReferenceQueue.remove(Unknown Source)
	at java.rmi@15.0.1/sun.rmi.transport.ObjectTable$Reaper.run(Unknown Source)
	at java.base@15.0.1/java.lang.Thread.run(Unknown Source)

"RMI TCP Accept-60001" daemon prio=5 Id=30 RUNNABLE (in native)
	at java.base@15.0.1/sun.nio.ch.Net.accept(Native Method)
	at java.base@15.0.1/sun.nio.ch.NioSocketImpl.accept(Unknown Source)
	at java.base@15.0.1/java.net.ServerSocket.implAccept(Unknown Source)
	at java.base@15.0.1/java.net.ServerSocket.platformImplAccept(Unknown Source)
	at java.base@15.0.1/java.net.ServerSocket.implAccept(Unknown Source)
	at java.base@15.0.1/java.net.ServerSocket.implAccept(Unknown Source)
	at java.base@15.0.1/java.net.ServerSocket.accept(Unknown Source)
	at java.rmi@15.0.1/sun.rmi.transport.tcp.TCPTransport$AcceptLoop.executeAcceptLoop(Unknown Source)
	...

	Number of locked synchronizers = 1
	- java.util.concurrent.locks.ReentrantLock$NonfairSync@14b48cbb

"RMI TCP Connection(2)-10.244.1.6" daemon prio=5 Id=32 RUNNABLE (in native)
	at java.base@15.0.1/sun.nio.ch.Net.poll(Native Method)
	at java.base@15.0.1/sun.nio.ch.NioSocketImpl.park(Unknown Source)
	at java.base@15.0.1/sun.nio.ch.NioSocketImpl.timedRead(Unknown Source)
	at java.base@15.0.1/sun.nio.ch.NioSocketImpl.implRead(Unknown Source)
	at java.base@15.0.1/sun.nio.ch.NioSocketImpl.read(Unknown Source)
	at java.base@15.0.1/sun.nio.ch.NioSocketImpl$1.read(Unknown Source)
	at java.base@15.0.1/java.net.Socket$SocketInputStream.read(Unknown Source)
	at java.base@15.0.1/java.io.BufferedInputStream.fill(Unknown Source)
	...

	Number of locked synchronizers = 2
	- java.util.concurrent.locks.ReentrantLock$NonfairSync@12c74027
	- java.util.concurrent.ThreadPoolExecutor$Worker@53bdea31

"Thread-2" daemon prio=5 Id=33 WAITING on java.util.concurrent.locks.AbstractQueuedSynchronizer$ConditionObject@7d47bfc4
	at java.base@15.0.1/jdk.internal.misc.Unsafe.park(Native Method)
	-  waiting on java.util.concurrent.locks.AbstractQueuedSynchronizer$ConditionObject@7d47bfc4
	at java.base@15.0.1/java.util.concurrent.locks.LockSupport.park(Unknown Source)
	at java.base@15.0.1/java.util.concurrent.locks.AbstractQueuedSynchronizer$ConditionNode.block(Unknown Source)
	at java.base@15.0.1/java.util.concurrent.ForkJoinPool.managedBlock(Unknown Source)
	at java.base@15.0.1/java.util.concurrent.locks.AbstractQueuedSynchronizer$ConditionObject.await(Unknown Source)
	at java.base@15.0.1/java.util.concurrent.ArrayBlockingQueue.take(Unknown Source)
	at org.apache.jmeter.visualizers.backend.BackendListener$Worker.run(BackendListener.java:199)

"RMI TCP Connection(4)-10.244.2.11" daemon prio=5 Id=35 RUNNABLE (in native)
	at java.base@15.0.1/sun.nio.ch.Net.poll(Native Method)
	at java.base@15.0.1/sun.nio.ch.NioSocketImpl.park(Unknown Source)
	at java.base@15.0.1/sun.nio.ch.NioSocketImpl.timedRead(Unknown Source)
	at java.base@15.0.1/sun.nio.ch.NioSocketImpl.implRead(Unknown Source)
	at java.base@15.0.1/sun.nio.ch.NioSocketImpl.read(Unknown Source)
	at java.base@15.0.1/sun.nio.ch.NioSocketImpl$1.read(Unknown Source)
	at java.base@15.0.1/java.net.Socket$SocketInputStream.read(Unknown Source)
	at java.base@15.0.1/java.io.BufferedInputStream.fill(Unknown Source)
	...

	Number of locked synchronizers = 2
	- java.util.concurrent.ThreadPoolExecutor$Worker@5d7a0e36
	- java.util.concurrent.locks.ReentrantLock$NonfairSync@5d833dc5

"RMI TCP Connection(6)-10.244.19.40" daemon prio=5 Id=37 RUNNABLE (in native)
	at java.base@15.0.1/sun.nio.ch.Net.poll(Native Method)
	at java.base@15.0.1/sun.nio.ch.NioSocketImpl.park(Unknown Source)
	at java.base@15.0.1/sun.nio.ch.NioSocketImpl.timedRead(Unknown Source)
	at java.base@15.0.1/sun.nio.ch.NioSocketImpl.implRead(Unknown Source)
	at java.base@15.0.1/sun.nio.ch.NioSocketImpl.read(Unknown Source)
	at java.base@15.0.1/sun.nio.ch.NioSocketImpl$1.read(Unknown Source)
	at java.base@15.0.1/java.net.Socket$SocketInputStream.read(Unknown Source)
	at java.base@15.0.1/java.io.BufferedInputStream.fill(Unknown Source)
	...

	Number of locked synchronizers = 2
	- java.util.concurrent.locks.ReentrantLock$NonfairSync@3514a0dc
	- java.util.concurrent.ThreadPoolExecutor$Worker@59458141

"RMI TCP Connection(8)-10.244.2.13" daemon prio=5 Id=39 RUNNABLE (in native)
	at java.base@15.0.1/sun.nio.ch.Net.poll(Native Method)
	at java.base@15.0.1/sun.nio.ch.NioSocketImpl.park(Unknown Source)
	at java.base@15.0.1/sun.nio.ch.NioSocketImpl.timedRead(Unknown Source)
	at java.base@15.0.1/sun.nio.ch.NioSocketImpl.implRead(Unknown Source)
	at java.base@15.0.1/sun.nio.ch.NioSocketImpl.read(Unknown Source)
	at java.base@15.0.1/sun.nio.ch.NioSocketImpl$1.read(Unknown Source)
	at java.base@15.0.1/java.net.Socket$SocketInputStream.read(Unknown Source)
	at java.base@15.0.1/java.io.BufferedInputStream.fill(Unknown Source)
	...

	Number of locked synchronizers = 2
	- java.util.concurrent.locks.ReentrantLock$NonfairSync@dcb703c
	- java.util.concurrent.ThreadPoolExecutor$Worker@1c47040d

"RMI TCP Connection(10)-10.244.1.12" daemon prio=5 Id=41 RUNNABLE (in native)
	at java.base@15.0.1/sun.nio.ch.Net.poll(Native Method)
	at java.base@15.0.1/sun.nio.ch.NioSocketImpl.park(Unknown Source)
	at java.base@15.0.1/sun.nio.ch.NioSocketImpl.timedRead(Unknown Source)
	at java.base@15.0.1/sun.nio.ch.NioSocketImpl.implRead(Unknown Source)
	at java.base@15.0.1/sun.nio.ch.NioSocketImpl.read(Unknown Source)
	at java.base@15.0.1/sun.nio.ch.NioSocketImpl$1.read(Unknown Source)
	at java.base@15.0.1/java.net.Socket$SocketInputStream.read(Unknown Source)
	at java.base@15.0.1/java.io.BufferedInputStream.fill(Unknown Source)
	...

	Number of locked synchronizers = 2
	- java.util.concurrent.locks.ReentrantLock$NonfairSync@47c5564
	- java.util.concurrent.ThreadPoolExecutor$Worker@209789d6

"pool-2-thread-1" prio=5 Id=42 RUNNABLE (in native)
	at java.base@15.0.1/sun.nio.ch.EPoll.wait(Native Method)
	at java.base@15.0.1/sun.nio.ch.EPollSelectorImpl.doSelect(Unknown Source)
	at java.base@15.0.1/sun.nio.ch.SelectorImpl.lockAndDoSelect(Unknown Source)
	-  locked sun.nio.ch.Util$2@5d49a83a
	-  locked sun.nio.ch.EPollSelectorImpl@b55693f
	at java.base@15.0.1/sun.nio.ch.SelectorImpl.select(Unknown Source)
	at org.apache.http.impl.nio.reactor.AbstractMultiworkerIOReactor.execute(AbstractMultiworkerIOReactor.java:343)
	at org.apache.http.impl.nio.conn.PoolingNHttpClientConnectionManager.execute(PoolingNHttpClientConnectionManager.java:221)
	at org.apache.http.impl.nio.client.CloseableHttpAsyncClientBase$1.run(CloseableHttpAsyncClientBase.java:64)
	at java.base@15.0.1/java.lang.Thread.run(Unknown Source)

"pool-3-thread-1" prio=5 Id=43 TIMED_WAITING on java.util.concurrent.locks.AbstractQueuedSynchronizer$ConditionObject@6f64001f
	at java.base@15.0.1/jdk.internal.misc.Unsafe.park(Native Method)
	-  waiting on java.util.concurrent.locks.AbstractQueuedSynchronizer$ConditionObject@6f64001f
	at java.base@15.0.1/java.util.concurrent.locks.LockSupport.parkNanos(Unknown Source)
	at java.base@15.0.1/java.util.concurrent.locks.AbstractQueuedSynchronizer$ConditionObject.awaitNanos(Unknown Source)
	at java.base@15.0.1/java.util.concurrent.ScheduledThreadPoolExecutor$DelayedWorkQueue.take(Unknown Source)
	at java.base@15.0.1/java.util.concurrent.ScheduledThreadPoolExecutor$DelayedWorkQueue.take(Unknown Source)
	at java.base@15.0.1/java.util.concurrent.ThreadPoolExecutor.getTask(Unknown Source)
	at java.base@15.0.1/java.util.concurrent.ThreadPoolExecutor.runWorker(Unknown Source)
	at java.base@15.0.1/java.util.concurrent.ThreadPoolExecutor$Worker.run(Unknown Source)
	...

"I/O dispatcher 1" prio=5 Id=45 RUNNABLE (in native)
	at java.base@15.0.1/sun.nio.ch.EPoll.wait(Native Method)
	at java.base@15.0.1/sun.nio.ch.EPollSelectorImpl.doSelect(Unknown Source)
	at java.base@15.0.1/sun.nio.ch.SelectorImpl.lockAndDoSelect(Unknown Source)
	-  locked sun.nio.ch.Util$2@955bfe2
	-  locked sun.nio.ch.EPollSelectorImpl@19cdce8a
	at java.base@15.0.1/sun.nio.ch.SelectorImpl.select(Unknown Source)
	at org.apache.http.impl.nio.reactor.AbstractIOReactor.execute(AbstractIOReactor.java:255)
	at org.apache.http.impl.nio.reactor.BaseIOReactor.execute(BaseIOReactor.java:104)
	at org.apache.http.impl.nio.reactor.AbstractMultiworkerIOReactor$Worker.run(AbstractMultiworkerIOReactor.java:591)
	at java.base@15.0.1/java.lang.Thread.run(Unknown Source)

"RMI TCP Connection(68)-10.244.19.40" daemon prio=5 Id=94 RUNNABLE (in native)
	at java.base@15.0.1/sun.nio.ch.Net.poll(Native Method)
	at java.base@15.0.1/sun.nio.ch.NioSocketImpl.park(Unknown Source)
	at java.base@15.0.1/sun.nio.ch.NioSocketImpl.timedRead(Unknown Source)
	at java.base@15.0.1/sun.nio.ch.NioSocketImpl.implRead(Unknown Source)
	at java.base@15.0.1/sun.nio.ch.NioSocketImpl.read(Unknown Source)
	at java.base@15.0.1/sun.nio.ch.NioSocketImpl$1.read(Unknown Source)
	at java.base@15.0.1/java.net.Socket$SocketInputStream.read(Unknown Source)
	at java.base@15.0.1/java.io.BufferedInputStream.fill(Unknown Source)
	...

	Number of locked synchronizers = 2
	- java.util.concurrent.ThreadPoolExecutor$Worker@2d11384c
	- java.util.concurrent.locks.ReentrantLock$NonfairSync@765adbc4

"RMI TCP Connection(70)-10.244.2.11" daemon prio=5 Id=105 RUNNABLE (in native)
	at java.base@15.0.1/sun.nio.ch.Net.poll(Native Method)
	at java.base@15.0.1/sun.nio.ch.NioSocketImpl.park(Unknown Source)
	at java.base@15.0.1/sun.nio.ch.NioSocketImpl.timedRead(Unknown Source)
	at java.base@15.0.1/sun.nio.ch.NioSocketImpl.implRead(Unknown Source)
	at java.base@15.0.1/sun.nio.ch.NioSocketImpl.read(Unknown Source)
	at java.base@15.0.1/sun.nio.ch.NioSocketImpl$1.read(Unknown Source)
	at java.base@15.0.1/java.net.Socket$SocketInputStream.read(Unknown Source)
	at java.base@15.0.1/java.io.BufferedInputStream.fill(Unknown Source)
	...

	Number of locked synchronizers = 2
	- java.util.concurrent.locks.ReentrantLock$NonfairSync@251aed1c
	- java.util.concurrent.ThreadPoolExecutor$Worker@582beb26

"RMI TCP Connection(72)-10.244.2.13" daemon prio=5 Id=107 RUNNABLE (in native)
	at java.base@15.0.1/sun.nio.ch.Net.poll(Native Method)
	at java.base@15.0.1/sun.nio.ch.NioSocketImpl.park(Unknown Source)
	at java.base@15.0.1/sun.nio.ch.NioSocketImpl.timedRead(Unknown Source)
	at java.base@15.0.1/sun.nio.ch.NioSocketImpl.implRead(Unknown Source)
	at java.base@15.0.1/sun.nio.ch.NioSocketImpl.read(Unknown Source)
	at java.base@15.0.1/sun.nio.ch.NioSocketImpl$1.read(Unknown Source)
	at java.base@15.0.1/java.net.Socket$SocketInputStream.read(Unknown Source)
	at java.base@15.0.1/java.io.BufferedInputStream.fill(Unknown Source)
	...

	Number of locked synchronizers = 2
	- java.util.concurrent.locks.ReentrantLock$NonfairSync@367c5dee
	- java.util.concurrent.ThreadPoolExecutor$Worker@7c68fb42

"RMI TCP Connection(75)-10.244.1.6" daemon prio=5 Id=109 RUNNABLE (in native)
	at java.base@15.0.1/sun.nio.ch.Net.poll(Native Method)
	at java.base@15.0.1/sun.nio.ch.NioSocketImpl.park(Unknown Source)
	at java.base@15.0.1/sun.nio.ch.NioSocketImpl.timedRead(Unknown Source)
	at java.base@15.0.1/sun.nio.ch.NioSocketImpl.implRead(Unknown Source)
	at java.base@15.0.1/sun.nio.ch.NioSocketImpl.read(Unknown Source)
	at java.base@15.0.1/sun.nio.ch.NioSocketImpl$1.read(Unknown Source)
	at java.base@15.0.1/java.net.Socket$SocketInputStream.read(Unknown Source)
	at java.base@15.0.1/java.io.BufferedInputStream.fill(Unknown Source)
	...

	Number of locked synchronizers = 2
	- java.util.concurrent.locks.ReentrantLock$NonfairSync@305e3ae9
	- java.util.concurrent.ThreadPoolExecutor$Worker@602d0420

"RMI TCP Connection(76)-10.244.1.12" daemon prio=5 Id=111 RUNNABLE (in native)
	at java.base@15.0.1/sun.nio.ch.Net.poll(Native Method)
	at java.base@15.0.1/sun.nio.ch.NioSocketImpl.park(Unknown Source)
	at java.base@15.0.1/sun.nio.ch.NioSocketImpl.timedRead(Unknown Source)
	at java.base@15.0.1/sun.nio.ch.NioSocketImpl.implRead(Unknown Source)
	at java.base@15.0.1/sun.nio.ch.NioSocketImpl.read(Unknown Source)
	at java.base@15.0.1/sun.nio.ch.NioSocketImpl$1.read(Unknown Source)
	at java.base@15.0.1/java.net.Socket$SocketInputStream.read(Unknown Source)
	at java.base@15.0.1/java.io.BufferedInputStream.fill(Unknown Source)
	...

	Number of locked synchronizers = 2
	- java.util.concurrent.locks.ReentrantLock$NonfairSync@33163631
	- java.util.concurrent.ThreadPoolExecutor$Worker@44da8331

"RMI TCP Connection(516)-10.244.2.12" daemon prio=5 Id=551 RUNNABLE (in native)
	at java.base@15.0.1/sun.nio.ch.Net.poll(Native Method)
	at java.base@15.0.1/sun.nio.ch.NioSocketImpl.park(Unknown Source)
	at java.base@15.0.1/sun.nio.ch.NioSocketImpl.timedRead(Unknown Source)
	at java.base@15.0.1/sun.nio.ch.NioSocketImpl.implRead(Unknown Source)
	at java.base@15.0.1/sun.nio.ch.NioSocketImpl.read(Unknown Source)
	at java.base@15.0.1/sun.nio.ch.NioSocketImpl$1.read(Unknown Source)
	at java.base@15.0.1/java.net.Socket$SocketInputStream.read(Unknown Source)
	at java.base@15.0.1/java.io.BufferedInputStream.fill(Unknown Source)
	...

	Number of locked synchronizers = 2
	- java.util.concurrent.locks.ReentrantLock$NonfairSync@425dbd4c
	- java.util.concurrent.ThreadPoolExecutor$Worker@432f2257

"RMI TCP Connection(614)-10.244.1.11" daemon prio=5 Id=649 RUNNABLE (in native)
	at java.base@15.0.1/sun.nio.ch.Net.poll(Native Method)
	at java.base@15.0.1/sun.nio.ch.NioSocketImpl.park(Unknown Source)
	at java.base@15.0.1/sun.nio.ch.NioSocketImpl.timedRead(Unknown Source)
	at java.base@15.0.1/sun.nio.ch.NioSocketImpl.implRead(Unknown Source)
	at java.base@15.0.1/sun.nio.ch.NioSocketImpl.read(Unknown Source)
	at java.base@15.0.1/sun.nio.ch.NioSocketImpl$1.read(Unknown Source)
	at java.base@15.0.1/java.net.Socket$SocketInputStream.read(Unknown Source)
	at java.base@15.0.1/java.io.BufferedInputStream.fill(Unknown Source)
	...

	Number of locked synchronizers = 2
	- java.util.concurrent.locks.ReentrantLock$NonfairSync@2be20c7c
	- java.util.concurrent.ThreadPoolExecutor$Worker@7826639b

"RMI TCP Connection(622)-10.244.0.180" daemon prio=5 Id=657 RUNNABLE (in native)
	at java.base@15.0.1/sun.nio.ch.Net.poll(Native Method)
	at java.base@15.0.1/sun.nio.ch.NioSocketImpl.park(Unknown Source)
	at java.base@15.0.1/sun.nio.ch.NioSocketImpl.timedRead(Unknown Source)
	at java.base@15.0.1/sun.nio.ch.NioSocketImpl.implRead(Unknown Source)
	at java.base@15.0.1/sun.nio.ch.NioSocketImpl.read(Unknown Source)
	at java.base@15.0.1/sun.nio.ch.NioSocketImpl$1.read(Unknown Source)
	at java.base@15.0.1/java.net.Socket$SocketInputStream.read(Unknown Source)
	at java.base@15.0.1/java.io.BufferedInputStream.fill(Unknown Source)
	...

	Number of locked synchronizers = 2
	- java.util.concurrent.locks.ReentrantLock$NonfairSync@2d733d97
	- java.util.concurrent.ThreadPoolExecutor$Worker@702264bb

"RMI TCP Connection(624)-10.244.1.9" daemon prio=5 Id=659 RUNNABLE (in native)
	at java.base@15.0.1/sun.nio.ch.Net.poll(Native Method)
	at java.base@15.0.1/sun.nio.ch.NioSocketImpl.park(Unknown Source)
	at java.base@15.0.1/sun.nio.ch.NioSocketImpl.timedRead(Unknown Source)
	at java.base@15.0.1/sun.nio.ch.NioSocketImpl.implRead(Unknown Source)
	at java.base@15.0.1/sun.nio.ch.NioSocketImpl.read(Unknown Source)
	at java.base@15.0.1/sun.nio.ch.NioSocketImpl$1.read(Unknown Source)
	at java.base@15.0.1/java.net.Socket$SocketInputStream.read(Unknown Source)
	at java.base@15.0.1/java.io.BufferedInputStream.fill(Unknown Source)
	...

	Number of locked synchronizers = 2
	- java.util.concurrent.locks.ReentrantLock$NonfairSync@7195b2e
	- java.util.concurrent.ThreadPoolExecutor$Worker@6071a285

"RMI TCP Connection(663)-10.244.0.180" daemon prio=5 Id=690 RUNNABLE (in native)
	at java.base@15.0.1/sun.nio.ch.Net.poll(Native Method)
	at java.base@15.0.1/sun.nio.ch.NioSocketImpl.park(Unknown Source)
	at java.base@15.0.1/sun.nio.ch.NioSocketImpl.timedRead(Unknown Source)
	at java.base@15.0.1/sun.nio.ch.NioSocketImpl.implRead(Unknown Source)
	at java.base@15.0.1/sun.nio.ch.NioSocketImpl.read(Unknown Source)
	at java.base@15.0.1/sun.nio.ch.NioSocketImpl$1.read(Unknown Source)
	at java.base@15.0.1/java.net.Socket$SocketInputStream.read(Unknown Source)
	at java.base@15.0.1/java.io.BufferedInputStream.fill(Unknown Source)
	...

	Number of locked synchronizers = 2
	- java.util.concurrent.locks.ReentrantLock$NonfairSync@6b3b9469
	- java.util.concurrent.ThreadPoolExecutor$Worker@5af61946

"RMI TCP Connection(701)-10.244.1.8" daemon prio=5 Id=736 RUNNABLE (in native)
	at java.base@15.0.1/sun.nio.ch.Net.poll(Native Method)
	at java.base@15.0.1/sun.nio.ch.NioSocketImpl.park(Unknown Source)
	at java.base@15.0.1/sun.nio.ch.NioSocketImpl.timedRead(Unknown Source)
	at java.base@15.0.1/sun.nio.ch.NioSocketImpl.implRead(Unknown Source)
	at java.base@15.0.1/sun.nio.ch.NioSocketImpl.read(Unknown Source)
	at java.base@15.0.1/sun.nio.ch.NioSocketImpl$1.read(Unknown Source)
	at java.base@15.0.1/java.net.Socket$SocketInputStream.read(Unknown Source)
	at java.base@15.0.1/java.io.BufferedInputStream.fill(Unknown Source)
	...

	Number of locked synchronizers = 2
	- java.util.concurrent.ThreadPoolExecutor$Worker@11879338
	- java.util.concurrent.locks.ReentrantLock$NonfairSync@3b9b096

"UDP Listener" daemon prio=5 Id=737 RUNNABLE
	at java.management@15.0.1/sun.management.ThreadImpl.dumpThreads0(Native Method)
	at java.management@15.0.1/sun.management.ThreadImpl.dumpAllThreads(Unknown Source)
	at java.management@15.0.1/sun.management.ThreadImpl.dumpAllThreads(Unknown Source)
	at org.apache.jorphan.util.ThreadDumper.writeThreadDump(ThreadDumper.java:77)
	at org.apache.jorphan.util.ThreadDumper.threadDump(ThreadDumper.java:65)
	at org.apache.jorphan.util.ThreadDumper.threadDump(ThreadDumper.java:49)
	at org.apache.jmeter.JMeter.waitForSignals(JMeter.java:1476)
	at org.apache.jmeter.JMeter.access$200(JMeter.java:121)
	...

"DestroyJavaVM" prio=5 Id=738 RUNNABLE

"RMI TCP Connection(1058)-10.244.1.9" daemon prio=5 Id=1095 RUNNABLE (in native)
	at java.base@15.0.1/sun.nio.ch.Net.poll(Native Method)
	at java.base@15.0.1/sun.nio.ch.NioSocketImpl.park(Unknown Source)
	at java.base@15.0.1/sun.nio.ch.NioSocketImpl.timedRead(Unknown Source)
	at java.base@15.0.1/sun.nio.ch.NioSocketImpl.implRead(Unknown Source)
	at java.base@15.0.1/sun.nio.ch.NioSocketImpl.read(Unknown Source)
	at java.base@15.0.1/sun.nio.ch.NioSocketImpl$1.read(Unknown Source)
	at java.base@15.0.1/java.net.Socket$SocketInputStream.read(Unknown Source)
	at java.base@15.0.1/java.io.BufferedInputStream.fill(Unknown Source)
	...

	Number of locked synchronizers = 2
	- java.util.concurrent.locks.ReentrantLock$NonfairSync@6f711e1b
	- java.util.concurrent.ThreadPoolExecutor$Worker@72e32a0f

"RMI TCP Connection(1059)-10.244.2.12" daemon prio=5 Id=1096 RUNNABLE (in native)
	at java.base@15.0.1/sun.nio.ch.Net.poll(Native Method)
	at java.base@15.0.1/sun.nio.ch.NioSocketImpl.park(Unknown Source)
	at java.base@15.0.1/sun.nio.ch.NioSocketImpl.timedRead(Unknown Source)
	at java.base@15.0.1/sun.nio.ch.NioSocketImpl.implRead(Unknown Source)
	at java.base@15.0.1/sun.nio.ch.NioSocketImpl.read(Unknown Source)
	at java.base@15.0.1/sun.nio.ch.NioSocketImpl$1.read(Unknown Source)
	at java.base@15.0.1/java.net.Socket$SocketInputStream.read(Unknown Source)
	at java.base@15.0.1/java.io.BufferedInputStream.fill(Unknown Source)
	...

	Number of locked synchronizers = 2
	- java.util.concurrent.ThreadPoolExecutor$Worker@1febcb5c
	- java.util.concurrent.locks.ReentrantLock$NonfairSync@4dc862ab

"RMI TCP Connection(1060)-10.244.1.8" daemon prio=5 Id=1097 RUNNABLE (in native)
	at java.base@15.0.1/sun.nio.ch.Net.poll(Native Method)
	at java.base@15.0.1/sun.nio.ch.NioSocketImpl.park(Unknown Source)
	at java.base@15.0.1/sun.nio.ch.NioSocketImpl.timedRead(Unknown Source)
	at java.base@15.0.1/sun.nio.ch.NioSocketImpl.implRead(Unknown Source)
	at java.base@15.0.1/sun.nio.ch.NioSocketImpl.read(Unknown Source)
	at java.base@15.0.1/sun.nio.ch.NioSocketImpl$1.read(Unknown Source)
	at java.base@15.0.1/java.net.Socket$SocketInputStream.read(Unknown Source)
	at java.base@15.0.1/java.io.BufferedInputStream.fill(Unknown Source)
	...

	Number of locked synchronizers = 2
	- java.util.concurrent.ThreadPoolExecutor$Worker@753dddce
	- java.util.concurrent.locks.ReentrantLock$NonfairSync@579a65

"RMI TCP Connection(1061)-10.244.1.11" daemon prio=5 Id=1098 RUNNABLE (in native)
	at java.base@15.0.1/sun.nio.ch.Net.poll(Native Method)
	at java.base@15.0.1/sun.nio.ch.NioSocketImpl.park(Unknown Source)
	at java.base@15.0.1/sun.nio.ch.NioSocketImpl.timedRead(Unknown Source)
	at java.base@15.0.1/sun.nio.ch.NioSocketImpl.implRead(Unknown Source)
	at java.base@15.0.1/sun.nio.ch.NioSocketImpl.read(Unknown Source)
	at java.base@15.0.1/sun.nio.ch.NioSocketImpl$1.read(Unknown Source)
	at java.base@15.0.1/java.net.Socket$SocketInputStream.read(Unknown Source)
	at java.base@15.0.1/java.io.BufferedInputStream.fill(Unknown Source)
	...

	Number of locked synchronizers = 2
	- java.util.concurrent.ThreadPoolExecutor$Worker@580e8e02
	- java.util.concurrent.locks.ReentrantLock$NonfairSync@579ca812

