2018-03-22 16:34:42,770 INFO o.a.j.u.JMeterUtils: Setting Locale to en_EN
2018-03-22 16:34:42,784 INFO o.a.j.JMeter: Loading user properties from: user.properties
2018-03-22 16:34:42,785 INFO o.a.j.JMeter: Loading system properties from: system.properties
2018-03-22 16:34:42,792 INFO o.a.j.JMeter: Copyright (c) 1998-2018 The Apache Software Foundation
2018-03-22 16:34:42,792 INFO o.a.j.JMeter: Version 4.0 r1823414
2018-03-22 16:34:42,792 INFO o.a.j.JMeter: java.version=1.8.0_151
2018-03-22 16:34:42,792 INFO o.a.j.JMeter: java.vm.name=Java HotSpot(TM) 64-Bit Server VM
2018-03-22 16:34:42,792 INFO o.a.j.JMeter: os.name=Windows 10
2018-03-22 16:34:42,792 INFO o.a.j.JMeter: os.arch=amd64
2018-03-22 16:34:42,792 INFO o.a.j.JMeter: os.version=10.0
2018-03-22 16:34:42,793 INFO o.a.j.JMeter: file.encoding=Cp1252
2018-03-22 16:34:42,793 INFO o.a.j.JMeter: Max memory     =1073741824
2018-03-22 16:34:42,793 INFO o.a.j.JMeter: Available Processors =4
2018-03-22 16:34:42,796 INFO o.a.j.JMeter: Default Locale=English (EN)
2018-03-22 16:34:42,797 INFO o.a.j.JMeter: JMeter  Locale=English (EN)
2018-03-22 16:34:42,797 INFO o.a.j.JMeter: JMeterHome=D:\Tools\JMeter\apache-jmeter-4.0_clean
2018-03-22 16:34:42,797 INFO o.a.j.JMeter: user.dir  =D:\Tools\JMeter\apache-jmeter-4.0_clean\bin
2018-03-22 16:34:42,797 INFO o.a.j.JMeter: PWD       =D:\Tools\JMeter\apache-jmeter-4.0_clean\bin
2018-03-22 16:34:42,799 DEBUG o.a.j.JMeter: ClassPath
2018-03-22 16:34:42,799 DEBUG o.a.j.JMeter: ApacheJMeter.jar
2018-03-22 16:34:42,799 DEBUG o.a.j.JMeter: D:\Tools\JMeter\apache-jmeter-4.0_clean\lib\accessors-smart-1.2.jar
2018-03-22 16:34:42,799 DEBUG o.a.j.JMeter: D:\Tools\JMeter\apache-jmeter-4.0_clean\lib\asm-6.0.jar
2018-03-22 16:34:42,799 DEBUG o.a.j.JMeter: D:\Tools\JMeter\apache-jmeter-4.0_clean\lib\bsf-2.4.0.jar
2018-03-22 16:34:42,799 DEBUG o.a.j.JMeter: D:\Tools\JMeter\apache-jmeter-4.0_clean\lib\bsh-2.0b6.jar
2018-03-22 16:34:42,799 DEBUG o.a.j.JMeter: D:\Tools\JMeter\apache-jmeter-4.0_clean\lib\bshclient.jar
2018-03-22 16:34:42,799 DEBUG o.a.j.JMeter: D:\Tools\JMeter\apache-jmeter-4.0_clean\lib\caffeine-2.6.1.jar
2018-03-22 16:34:42,799 DEBUG o.a.j.JMeter: D:\Tools\JMeter\apache-jmeter-4.0_clean\lib\commons-codec-1.11.jar
2018-03-22 16:34:42,799 DEBUG o.a.j.JMeter: D:\Tools\JMeter\apache-jmeter-4.0_clean\lib\commons-collections-3.2.2.jar
2018-03-22 16:34:42,799 DEBUG o.a.j.JMeter: D:\Tools\JMeter\apache-jmeter-4.0_clean\lib\commons-dbcp2-2.2.0.jar
2018-03-22 16:34:42,799 DEBUG o.a.j.JMeter: D:\Tools\JMeter\apache-jmeter-4.0_clean\lib\commons-io-2.6.jar
2018-03-22 16:34:42,800 DEBUG o.a.j.JMeter: D:\Tools\JMeter\apache-jmeter-4.0_clean\lib\commons-jexl-2.1.1.jar
2018-03-22 16:34:42,800 DEBUG o.a.j.JMeter: D:\Tools\JMeter\apache-jmeter-4.0_clean\lib\commons-jexl3-3.1.jar
2018-03-22 16:34:42,800 DEBUG o.a.j.JMeter: D:\Tools\JMeter\apache-jmeter-4.0_clean\lib\commons-lang3-3.7.jar
2018-03-22 16:34:42,800 DEBUG o.a.j.JMeter: D:\Tools\JMeter\apache-jmeter-4.0_clean\lib\commons-math3-3.6.1.jar
2018-03-22 16:34:42,800 DEBUG o.a.j.JMeter: D:\Tools\JMeter\apache-jmeter-4.0_clean\lib\commons-net-3.6.jar
2018-03-22 16:34:42,800 DEBUG o.a.j.JMeter: D:\Tools\JMeter\apache-jmeter-4.0_clean\lib\commons-pool2-2.5.0.jar
2018-03-22 16:34:42,800 DEBUG o.a.j.JMeter: D:\Tools\JMeter\apache-jmeter-4.0_clean\lib\darcula.jar
2018-03-22 16:34:42,800 DEBUG o.a.j.JMeter: D:\Tools\JMeter\apache-jmeter-4.0_clean\lib\dec-0.1.2.jar
2018-03-22 16:34:42,800 DEBUG o.a.j.JMeter: D:\Tools\JMeter\apache-jmeter-4.0_clean\lib\dnsjava-2.1.8.jar
2018-03-22 16:34:42,800 DEBUG o.a.j.JMeter: D:\Tools\JMeter\apache-jmeter-4.0_clean\lib\freemarker-2.3.23.jar
2018-03-22 16:34:42,800 DEBUG o.a.j.JMeter: D:\Tools\JMeter\apache-jmeter-4.0_clean\lib\geronimo-jms_1.1_spec-1.1.1.jar
2018-03-22 16:34:42,800 DEBUG o.a.j.JMeter: D:\Tools\JMeter\apache-jmeter-4.0_clean\lib\groovy-all-2.4.13.jar
2018-03-22 16:34:42,800 DEBUG o.a.j.JMeter: D:\Tools\JMeter\apache-jmeter-4.0_clean\lib\hamcrest-core-1.3.jar
2018-03-22 16:34:42,801 DEBUG o.a.j.JMeter: D:\Tools\JMeter\apache-jmeter-4.0_clean\lib\hamcrest-date-2.0.4.jar
2018-03-22 16:34:42,801 DEBUG o.a.j.JMeter: D:\Tools\JMeter\apache-jmeter-4.0_clean\lib\httpasyncclient-4.1.3.jar
2018-03-22 16:34:42,801 DEBUG o.a.j.JMeter: D:\Tools\JMeter\apache-jmeter-4.0_clean\lib\httpclient-4.5.5.jar
2018-03-22 16:34:42,801 DEBUG o.a.j.JMeter: D:\Tools\JMeter\apache-jmeter-4.0_clean\lib\httpcore-4.4.9.jar
2018-03-22 16:34:42,801 DEBUG o.a.j.JMeter: D:\Tools\JMeter\apache-jmeter-4.0_clean\lib\httpcore-nio-4.4.9.jar
2018-03-22 16:34:42,801 DEBUG o.a.j.JMeter: D:\Tools\JMeter\apache-jmeter-4.0_clean\lib\httpmime-4.5.5.jar
2018-03-22 16:34:42,801 DEBUG o.a.j.JMeter: D:\Tools\JMeter\apache-jmeter-4.0_clean\lib\jcharts-0.7.5.jar
2018-03-22 16:34:42,801 DEBUG o.a.j.JMeter: D:\Tools\JMeter\apache-jmeter-4.0_clean\lib\jcl-over-slf4j-1.7.25.jar
2018-03-22 16:34:42,801 DEBUG o.a.j.JMeter: D:\Tools\JMeter\apache-jmeter-4.0_clean\lib\jodd-core-4.1.4.jar
2018-03-22 16:34:42,801 DEBUG o.a.j.JMeter: D:\Tools\JMeter\apache-jmeter-4.0_clean\lib\jodd-lagarto-4.1.4.jar
2018-03-22 16:34:42,801 DEBUG o.a.j.JMeter: D:\Tools\JMeter\apache-jmeter-4.0_clean\lib\jodd-log-4.1.4.jar
2018-03-22 16:34:42,801 DEBUG o.a.j.JMeter: D:\Tools\JMeter\apache-jmeter-4.0_clean\lib\jodd-props-4.1.4.jar
2018-03-22 16:34:42,801 DEBUG o.a.j.JMeter: D:\Tools\JMeter\apache-jmeter-4.0_clean\lib\jorphan.jar
2018-03-22 16:34:42,802 DEBUG o.a.j.JMeter: D:\Tools\JMeter\apache-jmeter-4.0_clean\lib\json-path-2.4.0.jar
2018-03-22 16:34:42,802 DEBUG o.a.j.JMeter: D:\Tools\JMeter\apache-jmeter-4.0_clean\lib\json-smart-2.3.jar
2018-03-22 16:34:42,802 DEBUG o.a.j.JMeter: D:\Tools\JMeter\apache-jmeter-4.0_clean\lib\jsoup-1.11.2.jar
2018-03-22 16:34:42,802 DEBUG o.a.j.JMeter: D:\Tools\JMeter\apache-jmeter-4.0_clean\lib\jtidy-r938.jar
2018-03-22 16:34:42,802 DEBUG o.a.j.JMeter: D:\Tools\JMeter\apache-jmeter-4.0_clean\lib\junit-4.12.jar
2018-03-22 16:34:42,802 DEBUG o.a.j.JMeter: D:\Tools\JMeter\apache-jmeter-4.0_clean\lib\log4j-1.2-api-2.10.0.jar
2018-03-22 16:34:42,802 DEBUG o.a.j.JMeter: D:\Tools\JMeter\apache-jmeter-4.0_clean\lib\log4j-api-2.10.0.jar
2018-03-22 16:34:42,802 DEBUG o.a.j.JMeter: D:\Tools\JMeter\apache-jmeter-4.0_clean\lib\log4j-core-2.10.0.jar
2018-03-22 16:34:42,802 DEBUG o.a.j.JMeter: D:\Tools\JMeter\apache-jmeter-4.0_clean\lib\log4j-slf4j-impl-2.10.0.jar
2018-03-22 16:34:42,802 DEBUG o.a.j.JMeter: D:\Tools\JMeter\apache-jmeter-4.0_clean\lib\mail-1.5.0-b01.jar
2018-03-22 16:34:42,802 DEBUG o.a.j.JMeter: D:\Tools\JMeter\apache-jmeter-4.0_clean\lib\mongo-java-driver-2.11.3.jar
2018-03-22 16:34:42,802 DEBUG o.a.j.JMeter: D:\Tools\JMeter\apache-jmeter-4.0_clean\lib\oro-2.0.8.jar
2018-03-22 16:34:42,802 DEBUG o.a.j.JMeter: D:\Tools\JMeter\apache-jmeter-4.0_clean\lib\ph-commons-9.0.0.jar
2018-03-22 16:34:42,803 DEBUG o.a.j.JMeter: D:\Tools\JMeter\apache-jmeter-4.0_clean\lib\ph-css-6.0.0.jar
2018-03-22 16:34:42,803 DEBUG o.a.j.JMeter: D:\Tools\JMeter\apache-jmeter-4.0_clean\lib\rhino-1.7.7.2.jar
2018-03-22 16:34:42,803 DEBUG o.a.j.JMeter: D:\Tools\JMeter\apache-jmeter-4.0_clean\lib\rsyntaxtextarea-2.6.1.jar
2018-03-22 16:34:42,803 DEBUG o.a.j.JMeter: D:\Tools\JMeter\apache-jmeter-4.0_clean\lib\serializer-2.7.2.jar
2018-03-22 16:34:42,803 DEBUG o.a.j.JMeter: D:\Tools\JMeter\apache-jmeter-4.0_clean\lib\slf4j-api-1.7.25.jar
2018-03-22 16:34:42,803 DEBUG o.a.j.JMeter: D:\Tools\JMeter\apache-jmeter-4.0_clean\lib\slf4j-ext-1.7.25.jar
2018-03-22 16:34:42,803 DEBUG o.a.j.JMeter: D:\Tools\JMeter\apache-jmeter-4.0_clean\lib\tika-core-1.17.jar
2018-03-22 16:34:42,803 DEBUG o.a.j.JMeter: D:\Tools\JMeter\apache-jmeter-4.0_clean\lib\tika-parsers-1.17.jar
2018-03-22 16:34:42,803 DEBUG o.a.j.JMeter: D:\Tools\JMeter\apache-jmeter-4.0_clean\lib\xalan-2.7.2.jar
2018-03-22 16:34:42,803 DEBUG o.a.j.JMeter: D:\Tools\JMeter\apache-jmeter-4.0_clean\lib\xercesImpl-2.11.0.jar
2018-03-22 16:34:42,803 DEBUG o.a.j.JMeter: D:\Tools\JMeter\apache-jmeter-4.0_clean\lib\xml-apis-1.4.01.jar
2018-03-22 16:34:42,804 DEBUG o.a.j.JMeter: D:\Tools\JMeter\apache-jmeter-4.0_clean\lib\xmlgraphics-commons-2.2.jar
2018-03-22 16:34:42,804 DEBUG o.a.j.JMeter: D:\Tools\JMeter\apache-jmeter-4.0_clean\lib\xmlpull-1.1.3.1.jar
2018-03-22 16:34:42,804 DEBUG o.a.j.JMeter: D:\Tools\JMeter\apache-jmeter-4.0_clean\lib\xpp3_min-1.1.4c.jar
2018-03-22 16:34:42,804 DEBUG o.a.j.JMeter: D:\Tools\JMeter\apache-jmeter-4.0_clean\lib\xstream-1.4.10.jar
2018-03-22 16:34:42,804 DEBUG o.a.j.JMeter: D:\Tools\JMeter\apache-jmeter-4.0_clean\lib\ext\ApacheJMeter_components.jar
2018-03-22 16:34:42,804 DEBUG o.a.j.JMeter: D:\Tools\JMeter\apache-jmeter-4.0_clean\lib\ext\ApacheJMeter_core.jar
2018-03-22 16:34:42,804 DEBUG o.a.j.JMeter: D:\Tools\JMeter\apache-jmeter-4.0_clean\lib\ext\ApacheJMeter_ftp.jar
2018-03-22 16:34:42,804 DEBUG o.a.j.JMeter: D:\Tools\JMeter\apache-jmeter-4.0_clean\lib\ext\ApacheJMeter_functions.jar
2018-03-22 16:34:42,804 DEBUG o.a.j.JMeter: D:\Tools\JMeter\apache-jmeter-4.0_clean\lib\ext\ApacheJMeter_http.jar
2018-03-22 16:34:42,806 DEBUG o.a.j.JMeter: D:\Tools\JMeter\apache-jmeter-4.0_clean\lib\ext\ApacheJMeter_java.jar
2018-03-22 16:34:42,806 DEBUG o.a.j.JMeter: D:\Tools\JMeter\apache-jmeter-4.0_clean\lib\ext\ApacheJMeter_jdbc.jar
2018-03-22 16:34:42,806 DEBUG o.a.j.JMeter: D:\Tools\JMeter\apache-jmeter-4.0_clean\lib\ext\ApacheJMeter_jms.jar
2018-03-22 16:34:42,806 DEBUG o.a.j.JMeter: D:\Tools\JMeter\apache-jmeter-4.0_clean\lib\ext\ApacheJMeter_junit.jar
2018-03-22 16:34:42,806 DEBUG o.a.j.JMeter: D:\Tools\JMeter\apache-jmeter-4.0_clean\lib\ext\ApacheJMeter_ldap.jar
2018-03-22 16:34:42,806 DEBUG o.a.j.JMeter: D:\Tools\JMeter\apache-jmeter-4.0_clean\lib\ext\ApacheJMeter_mail.jar
2018-03-22 16:34:42,806 DEBUG o.a.j.JMeter: D:\Tools\JMeter\apache-jmeter-4.0_clean\lib\ext\ApacheJMeter_mongodb.jar
2018-03-22 16:34:42,806 DEBUG o.a.j.JMeter: D:\Tools\JMeter\apache-jmeter-4.0_clean\lib\ext\ApacheJMeter_native.jar
2018-03-22 16:34:42,806 DEBUG o.a.j.JMeter: D:\Tools\JMeter\apache-jmeter-4.0_clean\lib\ext\ApacheJMeter_tcp.jar
2018-03-22 16:34:42,806 DEBUG o.a.j.JMeter: D:\Tools\JMeter\apache-jmeter-4.0_clean\lib\junit\test.jar
2018-03-22 16:34:42,808 INFO o.a.j.JMeter: Setting property 'jmeter.reportgenerator.outputdir' to:'C:\Users\USER\Desktop\HTML'
2018-03-22 16:34:42,813 INFO o.a.j.r.d.ReportGenerator: ReportGenerator will use for Parsing the separator: ','
2018-03-22 16:34:42,813 INFO o.a.j.r.d.ReportGenerator: Will only generate report from results file: C:\Users\USER\Desktop\sample_html_report.csv
2018-03-22 16:34:42,813 INFO o.a.j.r.d.ReportGenerator: Reading report generator properties from: D:\Tools\JMeter\apache-jmeter-4.0_clean\bin\reportgenerator.properties
2018-03-22 16:34:42,814 INFO o.a.j.r.d.ReportGenerator: Merging with JMeter properties
2018-03-22 16:34:42,816 DEBUG o.a.j.r.c.ReportGeneratorConfiguration: Report generator properties loading
2018-03-22 16:34:42,819 DEBUG o.a.j.r.c.ReportGeneratorConfiguration: Loading properties:
{jmeter.reportgenerator.graph.transactionsPerSecond.property.set_granularity=${jmeter.reportgenerator.overall_granularity}, gui.quick_9=ViewResultsFullVisualizer, START.YMD=20180322, gui.quick_8=DebugSampler, gui.quick_7=JSR223PreProcessor, gui.quick_6=JSR223PostProcessor, gui.quick_5=TestActionGui, gui.quick_4=ConstantTimerGui, gui.quick_3=AssertionGui, gui.quick_2=RegexExtractorGui, jmeter.reportgenerator.graph.responseTimePercentilesOverTime.title=Response Time Percentiles Over Time (successful requests only), gui.quick_1=HttpTestSampleGui, user.properties=user.properties, gui.quick_0=ThreadGroupGui, jmeter.reportgenerator.graph.latenciesOverTime.title=Latencies Over Time, jmeter.reportgenerator.graph.syntheticResponseTimeDistribution.title=Synthetic Response Times Distribution, jmeter.reportgenerator.graph.transactionsPerSecond.classname=org.apache.jmeter.report.processor.graph.impl.TransactionsPerSecondGraphConsumer, jdbc.config.jdbc.driver.class=com.mysql.jdbc.Driver|org.postgresql.Driver|oracle.jdbc.OracleDriver|com.ingres.jdbc.IngresDriver|com.microsoft.sqlserver.jdbc.SQLServerDriver|com.microsoft.jdbc.sqlserver.SQLServerDriver|org.apache.derby.jdbc.ClientDriver|org.hsqldb.jdbc.JDBCDriver|com.ibm.db2.jcc.DB2Driver|org.apache.derby.jdbc.ClientDriver|org.h2.Driver|org.firebirdsql.jdbc.FBDrivery|org.mariadb.jdbc.Driver|org.sqlite.JDBC|net.sourceforge.jtds.jdbc.Driver, jmeter.reportgenerator.overall_granularity=60000, jmeter.reportgenerator.apdex_tolerated_threshold=1500, sampleresult.timestamp.start=true, jmeter.reportgenerator.graph.latencyVsRequest.exclude_controllers=true, jmeter.reportgenerator.graph.latenciesOverTime.classname=org.apache.jmeter.report.processor.graph.impl.LatencyOverTimeGraphConsumer, jmeter.reportgenerator.graph.bytesThroughputOverTime.exclude_controllers=true, jmeter.reportgenerator.graph.timeVsThreads.title=Time VS Threads, jmeter.reportgenerator.graph.responseTimeVsRequest.title=Response Time Vs Request, jmeter.reportgenerator.graph.activeThreadsOverTime.title=Active Threads Over Time, jmeter.reportgenerator.graph.latencyVsRequest.title=Latencies Vs Request, cssParser.types=text/css, cookies=cookies, jmeter.reportgenerator.graph.bytesThroughputOverTime.title=Bytes Throughput Over Time, jmeter.reportgenerator.graph.responseTimeVsRequest.exclude_controllers=true, jmeter.reportgenerator.graph.responseTimesOverTime.property.set_granularity=${jmeter.reportgenerator.overall_granularity}, jmeter.reportgenerator.graph.codesPerSecond.property.set_granularity=${jmeter.reportgenerator.overall_granularity}, jmeter.reportgenerator.graph.hitsPerSecond.property.set_granularity=${jmeter.reportgenerator.overall_granularity}, jmeter.reportgenerator.graph.connectTimeOverTime.classname=org.apache.jmeter.report.processor.graph.impl.ConnectTimeOverTimeGraphConsumer, jmeter.reportgenerator.graph.codesPerSecond.exclude_controllers=true, START.MS=1521725682807, jmeter.reportgenerator.graph.hitsPerSecond.title=Hits Per Second, summariser.name=summary, jmeter.reportgenerator.graph.responseTimePercentilesOverTime.property.set_granularity=${jmeter.reportgenerator.overall_granularity}, classfinder.functions.notContain=.gui., jmeter.reportgenerator.graph.codesPerSecond.classname=org.apache.jmeter.report.processor.graph.impl.CodesPerSecondGraphConsumer, jmeter.reportgenerator.statistic_window=-1, htmlParser.className=org.apache.jmeter.protocol.http.parser.LagartoBasedHtmlParser, jmeter.reportgenerator.apdex_satisfied_threshold=500, START.HMS=163442, jmeter.reportgenerator.exporter.html.classname=org.apache.jmeter.report.dashboard.HtmlTemplateExporter, beanshell.server.file=../extras/startup.bsh, jmeter.reportgenerator.graph.syntheticResponseTimeDistribution.classname=org.apache.jmeter.report.processor.graph.impl.SyntheticResponseTimeDistributionGraphConsumer, not_in_menu=org.apache.jmeter.protocol.mongodb.sampler.MongoScriptSampler,org.apache.jmeter.protocol.mongodb.config.MongoSourceElement,org.apache.jmeter.timers.BSFTimer,org.apache.jmeter.modifiers.BSFPreProcessor,org.apache.jmeter.extractor.BSFPostProcessor,org.apache.jmeter.assertions.BSFAssertion,org.apache.jmeter.visualizers.BSFListener,org.apache.jmeter.protocol.java.sampler.BSFSampler,org.apache.jmeter.protocol.http.control.gui.SoapSamplerGui, wmlParser.types=text/vnd.wap.wml, jmeter.reportgenerator.graph.latencyVsRequest.classname=org.apache.jmeter.report.processor.graph.impl.LatencyVSRequestGraphConsumer, jmeter.reportgenerator.exclude_tc_from_top5_errors_by_sampler=true, jmeter.reportgenerator.graph.hitsPerSecond.exclude_controllers=true, jmeter.reportgenerator.graph.responseTimePercentiles.title=Response Time Percentiles, jmeter.reportgenerator.graph.latenciesOverTime.property.set_granularity=${jmeter.reportgenerator.overall_granularity}, cssParser.className=org.apache.jmeter.protocol.http.parser.CssParser, jmeter.reportgenerator.graph.activeThreadsOverTime.classname=org.apache.jmeter.report.processor.graph.impl.ActiveThreadsGraphConsumer, system.properties=system.properties, jmeter.reportgenerator.graph.responseTimeDistribution.classname=org.apache.jmeter.report.processor.graph.impl.ResponseTimeDistributionGraphConsumer, jmeter.reportgenerator.graph.activeThreadsOverTime.property.set_granularity=${jmeter.reportgenerator.overall_granularity}, jmeter.reportgenerator.graph.transactionsPerSecond.title=Transactions Per Second, jmeter.reportgenerator.graph.syntheticResponseTimeDistribution.property.set_tolerated_threshold=${jmeter.reportgenerator.apdex_tolerated_threshold}, jmeter.reportgenerator.graph.latencyVsRequest.property.set_granularity=${jmeter.reportgenerator.overall_granularity}, jmeter.reportgenerator.graph.responseTimeVsRequest.property.set_granularity=${jmeter.reportgenerator.overall_granularity}, jmeter.reportgenerator.graph.bytesThroughputOverTime.classname=org.apache.jmeter.report.processor.graph.impl.BytesThroughputGraphConsumer, wmlParser.className=org.apache.jmeter.protocol.http.parser.RegexpHTMLParser, jmeter.reportgenerator.graph.responseTimesOverTime.classname=org.apache.jmeter.report.processor.graph.impl.ResponseTimeOverTimeGraphConsumer, htmlParser.types=text/html application/xhtml+xml application/xml text/xml, jmeter.reportgenerator.graph.syntheticResponseTimeDistribution.exclude_controllers=true, jmeter.reportgenerator.graph.connectTimeOverTime.property.set_granularity=${jmeter.reportgenerator.overall_granularity}, jmeter.reportgenerator.graph.responseTimePercentilesOverTime.classname=org.apache.jmeter.report.processor.graph.impl.ResponseTimePercentilesOverTimeGraphConsumer, view.results.tree.renderers_order=.RenderAsText,.RenderAsRegexp,.RenderAsBoundaryExtractor,.RenderAsCssJQuery,.RenderAsXPath,org.apache.jmeter.extractor.json.render.RenderAsJsonRenderer,.RenderAsHTML,.RenderAsHTMLFormatted,.RenderAsHTMLWithEmbedded,.RenderAsDocument,.RenderAsJSON,.RenderAsXML, jmeter.reportgenerator.graph.responseTimeVsRequest.classname=org.apache.jmeter.report.processor.graph.impl.ResponseTimeVSRequestGraphConsumer, upgrade_properties=/bin/upgrade.properties, jmeter.reportgenerator.graph.bytesThroughputOverTime.property.set_granularity=${jmeter.reportgenerator.overall_granularity}, jmeter.reportgenerator.graph.codesPerSecond.title=Codes Per Second, jmeter.reportgenerator.graph.timeVsThreads.classname=org.apache.jmeter.report.processor.graph.impl.TimeVSThreadGraphConsumer, HTTPResponse.parsers=htmlParser wmlParser cssParser, jmeter.reportgenerator.graph.hitsPerSecond.classname=org.apache.jmeter.report.processor.graph.impl.HitsPerSecondGraphConsumer, jmeter.reportgenerator.graph.responseTimeDistribution.title=Response Time Distribution, jmeter.version=4.0 r1823414, jmeter.reportgenerator.graph.responseTimePercentiles.classname=org.apache.jmeter.report.processor.graph.impl.ResponseTimePercentilesGraphConsumer, jmeter.reportgenerator.outputdir=C:\Users\USER\Desktop\HTML, jmeter.reportgenerator.graph.responseTimesOverTime.title=Response Time Over Time, jmeter.reportgenerator.graph.responseTimeDistribution.property.set_granularity=100, jmeter.reportgenerator.graph.syntheticResponseTimeDistribution.property.set_satisfied_threshold=${jmeter.reportgenerator.apdex_satisfied_threshold}, classfinder.functions.contain=.functions., csvdataset.file.encoding_list=UTF-8|UTF-16|ISO-8859-15|US-ASCII, remote_hosts=127.0.0.1, jmeter.reportgenerator.graph.connectTimeOverTime.title=Connect Time Over Time, jdbc.config.check.query=select 1 from INFORMATION_SCHEMA.SYSTEM_USERS|select 1 from dual|select 1 from sysibm.sysdummy1|select 1|select 1 from rdb$database}
2018-03-22 16:34:42,829 INFO o.a.j.r.c.ReportGeneratorConfiguration: Property 'jmeter.reportgenerator.temp_dir' not found, using default value 'temp' instead.
2018-03-22 16:34:42,829 DEBUG o.a.j.r.c.ReportGeneratorConfiguration: Use 'temp' value for required property 'jmeter.reportgenerator.temp_dir'
2018-03-22 16:34:42,833 DEBUG o.a.j.r.c.ReportGeneratorConfiguration: Use '500' value for required property 'jmeter.reportgenerator.apdex_satisfied_threshold'
2018-03-22 16:34:42,833 DEBUG o.a.j.r.c.ReportGeneratorConfiguration: Use '1500' value for required property 'jmeter.reportgenerator.apdex_tolerated_threshold'
2018-03-22 16:34:42,833 INFO o.a.j.r.c.ReportGeneratorConfiguration: Property 'jmeter.reportgenerator.apdex_per_transaction' not found, using default value 'null' instead.
2018-03-22 16:34:42,837 INFO o.a.j.r.c.ReportGeneratorConfiguration: apdex_per_transaction : {} is empty, not APDEX per transaction customization
2018-03-22 16:34:42,837 DEBUG o.a.j.r.c.ReportGeneratorConfiguration: Use 'true' value for required property 'jmeter.reportgenerator.exclude_tc_from_top5_errors_by_sampler'
2018-03-22 16:34:42,837 INFO o.a.j.r.c.ReportGeneratorConfiguration: Property 'jmeter.reportgenerator.sample_filter' not found, using default value 'null' instead.
2018-03-22 16:34:42,837 INFO o.a.j.r.c.ReportGeneratorConfiguration: Property 'jmeter.reportgenerator.report_title' not found, using default value 'null' instead.
2018-03-22 16:34:42,837 INFO o.a.j.r.c.ReportGeneratorConfiguration: Property 'jmeter.reportgenerator.start_date' not found, using default value 'null' instead.
2018-03-22 16:34:42,837 INFO o.a.j.r.c.ReportGeneratorConfiguration: Property 'jmeter.reportgenerator.end_date' not found, using default value 'null' instead.
2018-03-22 16:34:42,838 INFO o.a.j.r.c.ReportGeneratorConfiguration: Property 'jmeter.reportgenerator.date_format' not found, using default value 'null' instead.
2018-03-22 16:34:42,838 INFO o.a.j.r.c.ReportGeneratorConfiguration: Will use date range start date: null, end date: null
2018-03-22 16:34:42,845 DEBUG o.a.j.r.c.ReportGeneratorConfiguration: Load configuration for graph 'hitsPerSecond'
2018-03-22 16:34:42,845 DEBUG o.a.j.r.c.ReportGeneratorConfiguration: Use 'true' value for required property 'jmeter.reportgenerator.graph.hitsPerSecond.exclude_controllers'
2018-03-22 16:34:42,845 DEBUG o.a.j.r.c.ReportGeneratorConfiguration: Use 'Hits Per Second' value for required property 'jmeter.reportgenerator.graph.hitsPerSecond.title'
2018-03-22 16:34:42,845 DEBUG o.a.j.r.c.ReportGeneratorConfiguration: Use 'org.apache.jmeter.report.processor.graph.impl.HitsPerSecondGraphConsumer' value for required property 'jmeter.reportgenerator.graph.hitsPerSecond.classname'
2018-03-22 16:34:42,845 DEBUG o.a.j.r.c.ReportGeneratorConfiguration: Using class:'org.apache.jmeter.report.processor.graph.impl.HitsPerSecondGraphConsumer' for graph:'Hits Per Second' with id:'hitsPerSecond'
2018-03-22 16:34:42,846 DEBUG o.a.j.r.c.ReportGeneratorConfiguration: Load configuration for graph 'activeThreadsOverTime'
2018-03-22 16:34:42,846 INFO o.a.j.r.c.ReportGeneratorConfiguration: Property 'jmeter.reportgenerator.graph.activeThreadsOverTime.exclude_controllers' not found, using default value 'false' instead.
2018-03-22 16:34:42,846 DEBUG o.a.j.r.c.ReportGeneratorConfiguration: Use 'false' value for required property 'jmeter.reportgenerator.graph.activeThreadsOverTime.exclude_controllers'
2018-03-22 16:34:42,846 DEBUG o.a.j.r.c.ReportGeneratorConfiguration: Use 'Active Threads Over Time' value for required property 'jmeter.reportgenerator.graph.activeThreadsOverTime.title'
2018-03-22 16:34:42,846 DEBUG o.a.j.r.c.ReportGeneratorConfiguration: Use 'org.apache.jmeter.report.processor.graph.impl.ActiveThreadsGraphConsumer' value for required property 'jmeter.reportgenerator.graph.activeThreadsOverTime.classname'
2018-03-22 16:34:42,846 DEBUG o.a.j.r.c.ReportGeneratorConfiguration: Using class:'org.apache.jmeter.report.processor.graph.impl.ActiveThreadsGraphConsumer' for graph:'Active Threads Over Time' with id:'activeThreadsOverTime'
2018-03-22 16:34:42,846 DEBUG o.a.j.r.c.ReportGeneratorConfiguration: Load configuration for graph 'timeVsThreads'
2018-03-22 16:34:42,846 INFO o.a.j.r.c.ReportGeneratorConfiguration: Property 'jmeter.reportgenerator.graph.timeVsThreads.exclude_controllers' not found, using default value 'false' instead.
2018-03-22 16:34:42,846 DEBUG o.a.j.r.c.ReportGeneratorConfiguration: Use 'false' value for required property 'jmeter.reportgenerator.graph.timeVsThreads.exclude_controllers'
2018-03-22 16:34:42,846 DEBUG o.a.j.r.c.ReportGeneratorConfiguration: Use 'Time VS Threads' value for required property 'jmeter.reportgenerator.graph.timeVsThreads.title'
2018-03-22 16:34:42,847 DEBUG o.a.j.r.c.ReportGeneratorConfiguration: Use 'org.apache.jmeter.report.processor.graph.impl.TimeVSThreadGraphConsumer' value for required property 'jmeter.reportgenerator.graph.timeVsThreads.classname'
2018-03-22 16:34:42,847 DEBUG o.a.j.r.c.ReportGeneratorConfiguration: Using class:'org.apache.jmeter.report.processor.graph.impl.TimeVSThreadGraphConsumer' for graph:'Time VS Threads' with id:'timeVsThreads'
2018-03-22 16:34:42,847 DEBUG o.a.j.r.c.ReportGeneratorConfiguration: Load configuration for graph 'responseTimeDistribution'
2018-03-22 16:34:42,847 INFO o.a.j.r.c.ReportGeneratorConfiguration: Property 'jmeter.reportgenerator.graph.responseTimeDistribution.exclude_controllers' not found, using default value 'false' instead.
2018-03-22 16:34:42,847 DEBUG o.a.j.r.c.ReportGeneratorConfiguration: Use 'false' value for required property 'jmeter.reportgenerator.graph.responseTimeDistribution.exclude_controllers'
2018-03-22 16:34:42,847 DEBUG o.a.j.r.c.ReportGeneratorConfiguration: Use 'Response Time Distribution' value for required property 'jmeter.reportgenerator.graph.responseTimeDistribution.title'
2018-03-22 16:34:42,847 DEBUG o.a.j.r.c.ReportGeneratorConfiguration: Use 'org.apache.jmeter.report.processor.graph.impl.ResponseTimeDistributionGraphConsumer' value for required property 'jmeter.reportgenerator.graph.responseTimeDistribution.classname'
2018-03-22 16:34:42,847 DEBUG o.a.j.r.c.ReportGeneratorConfiguration: Using class:'org.apache.jmeter.report.processor.graph.impl.ResponseTimeDistributionGraphConsumer' for graph:'Response Time Distribution' with id:'responseTimeDistribution'
2018-03-22 16:34:42,847 DEBUG o.a.j.r.c.ReportGeneratorConfiguration: Load configuration for graph 'transactionsPerSecond'
2018-03-22 16:34:42,847 INFO o.a.j.r.c.ReportGeneratorConfiguration: Property 'jmeter.reportgenerator.graph.transactionsPerSecond.exclude_controllers' not found, using default value 'false' instead.
2018-03-22 16:34:42,847 DEBUG o.a.j.r.c.ReportGeneratorConfiguration: Use 'false' value for required property 'jmeter.reportgenerator.graph.transactionsPerSecond.exclude_controllers'
2018-03-22 16:34:42,847 DEBUG o.a.j.r.c.ReportGeneratorConfiguration: Use 'Transactions Per Second' value for required property 'jmeter.reportgenerator.graph.transactionsPerSecond.title'
2018-03-22 16:34:42,848 DEBUG o.a.j.r.c.ReportGeneratorConfiguration: Use 'org.apache.jmeter.report.processor.graph.impl.TransactionsPerSecondGraphConsumer' value for required property 'jmeter.reportgenerator.graph.transactionsPerSecond.classname'
2018-03-22 16:34:42,848 DEBUG o.a.j.r.c.ReportGeneratorConfiguration: Using class:'org.apache.jmeter.report.processor.graph.impl.TransactionsPerSecondGraphConsumer' for graph:'Transactions Per Second' with id:'transactionsPerSecond'
2018-03-22 16:34:42,848 DEBUG o.a.j.r.c.ReportGeneratorConfiguration: Load configuration for graph 'latencyVsRequest'
2018-03-22 16:34:42,848 DEBUG o.a.j.r.c.ReportGeneratorConfiguration: Use 'true' value for required property 'jmeter.reportgenerator.graph.latencyVsRequest.exclude_controllers'
2018-03-22 16:34:42,848 DEBUG o.a.j.r.c.ReportGeneratorConfiguration: Use 'Latencies Vs Request' value for required property 'jmeter.reportgenerator.graph.latencyVsRequest.title'
2018-03-22 16:34:42,848 DEBUG o.a.j.r.c.ReportGeneratorConfiguration: Use 'org.apache.jmeter.report.processor.graph.impl.LatencyVSRequestGraphConsumer' value for required property 'jmeter.reportgenerator.graph.latencyVsRequest.classname'
2018-03-22 16:34:42,848 DEBUG o.a.j.r.c.ReportGeneratorConfiguration: Using class:'org.apache.jmeter.report.processor.graph.impl.LatencyVSRequestGraphConsumer' for graph:'Latencies Vs Request' with id:'latencyVsRequest'
2018-03-22 16:34:42,848 DEBUG o.a.j.r.c.ReportGeneratorConfiguration: Load configuration for graph 'responseTimePercentiles'
2018-03-22 16:34:42,848 INFO o.a.j.r.c.ReportGeneratorConfiguration: Property 'jmeter.reportgenerator.graph.responseTimePercentiles.exclude_controllers' not found, using default value 'false' instead.
2018-03-22 16:34:42,848 DEBUG o.a.j.r.c.ReportGeneratorConfiguration: Use 'false' value for required property 'jmeter.reportgenerator.graph.responseTimePercentiles.exclude_controllers'
2018-03-22 16:34:42,849 DEBUG o.a.j.r.c.ReportGeneratorConfiguration: Use 'Response Time Percentiles' value for required property 'jmeter.reportgenerator.graph.responseTimePercentiles.title'
2018-03-22 16:34:42,849 DEBUG o.a.j.r.c.ReportGeneratorConfiguration: Use 'org.apache.jmeter.report.processor.graph.impl.ResponseTimePercentilesGraphConsumer' value for required property 'jmeter.reportgenerator.graph.responseTimePercentiles.classname'
2018-03-22 16:34:42,849 DEBUG o.a.j.r.c.ReportGeneratorConfiguration: Using class:'org.apache.jmeter.report.processor.graph.impl.ResponseTimePercentilesGraphConsumer' for graph:'Response Time Percentiles' with id:'responseTimePercentiles'
2018-03-22 16:34:42,849 DEBUG o.a.j.r.c.ReportGeneratorConfiguration: Load configuration for graph 'syntheticResponseTimeDistribution'
2018-03-22 16:34:42,849 DEBUG o.a.j.r.c.ReportGeneratorConfiguration: Use 'true' value for required property 'jmeter.reportgenerator.graph.syntheticResponseTimeDistribution.exclude_controllers'
2018-03-22 16:34:42,849 DEBUG o.a.j.r.c.ReportGeneratorConfiguration: Use 'Synthetic Response Times Distribution' value for required property 'jmeter.reportgenerator.graph.syntheticResponseTimeDistribution.title'
2018-03-22 16:34:42,849 DEBUG o.a.j.r.c.ReportGeneratorConfiguration: Use 'org.apache.jmeter.report.processor.graph.impl.SyntheticResponseTimeDistributionGraphConsumer' value for required property 'jmeter.reportgenerator.graph.syntheticResponseTimeDistribution.classname'
2018-03-22 16:34:42,849 DEBUG o.a.j.r.c.ReportGeneratorConfiguration: Using class:'org.apache.jmeter.report.processor.graph.impl.SyntheticResponseTimeDistributionGraphConsumer' for graph:'Synthetic Response Times Distribution' with id:'syntheticResponseTimeDistribution'
2018-03-22 16:34:42,849 DEBUG o.a.j.r.c.ReportGeneratorConfiguration: Load configuration for graph 'responseTimePercentilesOverTime'
2018-03-22 16:34:42,849 INFO o.a.j.r.c.ReportGeneratorConfiguration: Property 'jmeter.reportgenerator.graph.responseTimePercentilesOverTime.exclude_controllers' not found, using default value 'false' instead.
2018-03-22 16:34:42,849 DEBUG o.a.j.r.c.ReportGeneratorConfiguration: Use 'false' value for required property 'jmeter.reportgenerator.graph.responseTimePercentilesOverTime.exclude_controllers'
2018-03-22 16:34:42,849 DEBUG o.a.j.r.c.ReportGeneratorConfiguration: Use 'Response Time Percentiles Over Time (successful requests only)' value for required property 'jmeter.reportgenerator.graph.responseTimePercentilesOverTime.title'
2018-03-22 16:34:42,849 DEBUG o.a.j.r.c.ReportGeneratorConfiguration: Use 'org.apache.jmeter.report.processor.graph.impl.ResponseTimePercentilesOverTimeGraphConsumer' value for required property 'jmeter.reportgenerator.graph.responseTimePercentilesOverTime.classname'
2018-03-22 16:34:42,849 DEBUG o.a.j.r.c.ReportGeneratorConfiguration: Using class:'org.apache.jmeter.report.processor.graph.impl.ResponseTimePercentilesOverTimeGraphConsumer' for graph:'Response Time Percentiles Over Time (successful requests only)' with id:'responseTimePercentilesOverTime'
2018-03-22 16:34:42,850 DEBUG o.a.j.r.c.ReportGeneratorConfiguration: Load configuration for graph 'responseTimesOverTime'
2018-03-22 16:34:42,850 INFO o.a.j.r.c.ReportGeneratorConfiguration: Property 'jmeter.reportgenerator.graph.responseTimesOverTime.exclude_controllers' not found, using default value 'false' instead.
2018-03-22 16:34:42,850 DEBUG o.a.j.r.c.ReportGeneratorConfiguration: Use 'false' value for required property 'jmeter.reportgenerator.graph.responseTimesOverTime.exclude_controllers'
2018-03-22 16:34:42,850 DEBUG o.a.j.r.c.ReportGeneratorConfiguration: Use 'Response Time Over Time' value for required property 'jmeter.reportgenerator.graph.responseTimesOverTime.title'
2018-03-22 16:34:42,850 DEBUG o.a.j.r.c.ReportGeneratorConfiguration: Use 'org.apache.jmeter.report.processor.graph.impl.ResponseTimeOverTimeGraphConsumer' value for required property 'jmeter.reportgenerator.graph.responseTimesOverTime.classname'
2018-03-22 16:34:42,850 DEBUG o.a.j.r.c.ReportGeneratorConfiguration: Using class:'org.apache.jmeter.report.processor.graph.impl.ResponseTimeOverTimeGraphConsumer' for graph:'Response Time Over Time' with id:'responseTimesOverTime'
2018-03-22 16:34:42,850 DEBUG o.a.j.r.c.ReportGeneratorConfiguration: Load configuration for graph 'bytesThroughputOverTime'
2018-03-22 16:34:42,850 DEBUG o.a.j.r.c.ReportGeneratorConfiguration: Use 'true' value for required property 'jmeter.reportgenerator.graph.bytesThroughputOverTime.exclude_controllers'
2018-03-22 16:34:42,850 DEBUG o.a.j.r.c.ReportGeneratorConfiguration: Use 'Bytes Throughput Over Time' value for required property 'jmeter.reportgenerator.graph.bytesThroughputOverTime.title'
2018-03-22 16:34:42,850 DEBUG o.a.j.r.c.ReportGeneratorConfiguration: Use 'org.apache.jmeter.report.processor.graph.impl.BytesThroughputGraphConsumer' value for required property 'jmeter.reportgenerator.graph.bytesThroughputOverTime.classname'
2018-03-22 16:34:42,850 DEBUG o.a.j.r.c.ReportGeneratorConfiguration: Using class:'org.apache.jmeter.report.processor.graph.impl.BytesThroughputGraphConsumer' for graph:'Bytes Throughput Over Time' with id:'bytesThroughputOverTime'
2018-03-22 16:34:42,851 DEBUG o.a.j.r.c.ReportGeneratorConfiguration: Load configuration for graph 'codesPerSecond'
2018-03-22 16:34:42,851 DEBUG o.a.j.r.c.ReportGeneratorConfiguration: Use 'true' value for required property 'jmeter.reportgenerator.graph.codesPerSecond.exclude_controllers'
2018-03-22 16:34:42,851 DEBUG o.a.j.r.c.ReportGeneratorConfiguration: Use 'Codes Per Second' value for required property 'jmeter.reportgenerator.graph.codesPerSecond.title'
2018-03-22 16:34:42,851 DEBUG o.a.j.r.c.ReportGeneratorConfiguration: Use 'org.apache.jmeter.report.processor.graph.impl.CodesPerSecondGraphConsumer' value for required property 'jmeter.reportgenerator.graph.codesPerSecond.classname'
2018-03-22 16:34:42,851 DEBUG o.a.j.r.c.ReportGeneratorConfiguration: Using class:'org.apache.jmeter.report.processor.graph.impl.CodesPerSecondGraphConsumer' for graph:'Codes Per Second' with id:'codesPerSecond'
2018-03-22 16:34:42,851 DEBUG o.a.j.r.c.ReportGeneratorConfiguration: Load configuration for graph 'connectTimeOverTime'
2018-03-22 16:34:42,851 INFO o.a.j.r.c.ReportGeneratorConfiguration: Property 'jmeter.reportgenerator.graph.connectTimeOverTime.exclude_controllers' not found, using default value 'false' instead.
2018-03-22 16:34:42,851 DEBUG o.a.j.r.c.ReportGeneratorConfiguration: Use 'false' value for required property 'jmeter.reportgenerator.graph.connectTimeOverTime.exclude_controllers'
2018-03-22 16:34:42,851 DEBUG o.a.j.r.c.ReportGeneratorConfiguration: Use 'Connect Time Over Time' value for required property 'jmeter.reportgenerator.graph.connectTimeOverTime.title'
2018-03-22 16:34:42,851 DEBUG o.a.j.r.c.ReportGeneratorConfiguration: Use 'org.apache.jmeter.report.processor.graph.impl.ConnectTimeOverTimeGraphConsumer' value for required property 'jmeter.reportgenerator.graph.connectTimeOverTime.classname'
2018-03-22 16:34:42,852 DEBUG o.a.j.r.c.ReportGeneratorConfiguration: Using class:'org.apache.jmeter.report.processor.graph.impl.ConnectTimeOverTimeGraphConsumer' for graph:'Connect Time Over Time' with id:'connectTimeOverTime'
2018-03-22 16:34:42,852 DEBUG o.a.j.r.c.ReportGeneratorConfiguration: Load configuration for graph 'responseTimeVsRequest'
2018-03-22 16:34:42,852 DEBUG o.a.j.r.c.ReportGeneratorConfiguration: Use 'true' value for required property 'jmeter.reportgenerator.graph.responseTimeVsRequest.exclude_controllers'
2018-03-22 16:34:42,852 DEBUG o.a.j.r.c.ReportGeneratorConfiguration: Use 'Response Time Vs Request' value for required property 'jmeter.reportgenerator.graph.responseTimeVsRequest.title'
2018-03-22 16:34:42,852 DEBUG o.a.j.r.c.ReportGeneratorConfiguration: Use 'org.apache.jmeter.report.processor.graph.impl.ResponseTimeVSRequestGraphConsumer' value for required property 'jmeter.reportgenerator.graph.responseTimeVsRequest.classname'
2018-03-22 16:34:42,852 DEBUG o.a.j.r.c.ReportGeneratorConfiguration: Using class:'org.apache.jmeter.report.processor.graph.impl.ResponseTimeVSRequestGraphConsumer' for graph:'Response Time Vs Request' with id:'responseTimeVsRequest'
2018-03-22 16:34:42,852 DEBUG o.a.j.r.c.ReportGeneratorConfiguration: Load configuration for graph 'latenciesOverTime'
2018-03-22 16:34:42,852 INFO o.a.j.r.c.ReportGeneratorConfiguration: Property 'jmeter.reportgenerator.graph.latenciesOverTime.exclude_controllers' not found, using default value 'false' instead.
2018-03-22 16:34:42,852 DEBUG o.a.j.r.c.ReportGeneratorConfiguration: Use 'false' value for required property 'jmeter.reportgenerator.graph.latenciesOverTime.exclude_controllers'
2018-03-22 16:34:42,853 DEBUG o.a.j.r.c.ReportGeneratorConfiguration: Use 'Latencies Over Time' value for required property 'jmeter.reportgenerator.graph.latenciesOverTime.title'
2018-03-22 16:34:42,853 DEBUG o.a.j.r.c.ReportGeneratorConfiguration: Use 'org.apache.jmeter.report.processor.graph.impl.LatencyOverTimeGraphConsumer' value for required property 'jmeter.reportgenerator.graph.latenciesOverTime.classname'
2018-03-22 16:34:42,853 DEBUG o.a.j.r.c.ReportGeneratorConfiguration: Using class:'org.apache.jmeter.report.processor.graph.impl.LatencyOverTimeGraphConsumer' for graph:'Latencies Over Time' with id:'latenciesOverTime'
2018-03-22 16:34:42,854 DEBUG o.a.j.r.c.ReportGeneratorConfiguration: Load configuration for exporter 'html'
2018-03-22 16:34:42,854 DEBUG o.a.j.r.c.ReportGeneratorConfiguration: Use 'org.apache.jmeter.report.dashboard.HtmlTemplateExporter' value for required property 'jmeter.reportgenerator.exporter.html.classname'
2018-03-22 16:34:42,854 DEBUG o.a.j.r.c.ReportGeneratorConfiguration: Using class:'org.apache.jmeter.report.dashboard.HtmlTemplateExporter' for exporter:'html'
2018-03-22 16:34:42,854 INFO o.a.j.r.c.ReportGeneratorConfiguration: Property 'jmeter.reportgenerator.exporter.html.filters_only_sample_series' not found, using default value 'true' instead.
2018-03-22 16:34:42,854 DEBUG o.a.j.r.c.ReportGeneratorConfiguration: Use 'true' value for required property 'jmeter.reportgenerator.exporter.html.filters_only_sample_series'
2018-03-22 16:34:42,855 INFO o.a.j.r.c.ReportGeneratorConfiguration: Property 'jmeter.reportgenerator.exporter.html.series_filter' not found, using default value '' instead.
2018-03-22 16:34:42,855 DEBUG o.a.j.r.c.ReportGeneratorConfiguration: Use '' value for required property 'jmeter.reportgenerator.exporter.html.series_filter'
2018-03-22 16:34:42,855 INFO o.a.j.r.c.ReportGeneratorConfiguration: Property 'jmeter.reportgenerator.exporter.html.show_controllers_only' not found, using default value 'false' instead.
2018-03-22 16:34:42,855 DEBUG o.a.j.r.c.ReportGeneratorConfiguration: Use 'false' value for required property 'jmeter.reportgenerator.exporter.html.show_controllers_only'
2018-03-22 16:34:42,855 DEBUG o.a.j.r.c.ReportGeneratorConfiguration: End of report generator properties loading
2018-03-22 16:34:42,856 DEBUG o.a.j.r.d.ReportGenerator: Start report generation
2018-03-22 16:34:43,022 INFO o.a.j.s.SaveService: Testplan (JMX) version: 2.2. Testlog (JTL) version: 2.2
2018-03-22 16:34:43,037 INFO o.a.j.s.SaveService: Using SaveService properties file encoding UTF-8
2018-03-22 16:34:43,042 INFO o.a.j.s.SaveService: Using SaveService properties version 4.0
2018-03-22 16:34:43,072 INFO o.a.j.r.p.NormalizerSampleConsumer: Using format, 'ms', to parse timeStamp field
2018-03-22 16:34:43,101 DEBUG o.a.j.r.d.ReportGenerator: Start samples processing
2018-03-22 16:34:43,486 INFO o.a.j.r.p.AbstractSampleConsumer: class org.apache.jmeter.report.processor.AggregateConsumer#stopProducing(): beginDate produced 0 samples
2018-03-22 16:34:43,487 INFO o.a.j.r.p.AbstractSampleConsumer: class org.apache.jmeter.report.processor.AggregateConsumer#stopProducing(): endDate produced 0 samples
2018-03-22 16:34:43,489 INFO o.a.j.r.p.AbstractSampleConsumer: class org.apache.jmeter.report.processor.ApdexSummaryConsumer#stopProducing(): apdexSummary produced 0 samples
2018-03-22 16:34:43,490 INFO o.a.j.r.p.AbstractSampleConsumer: class org.apache.jmeter.report.processor.RequestsSummaryConsumer#stopProducing(): requestsSummary produced 0 samples
2018-03-22 16:34:43,495 INFO o.a.j.r.p.AbstractSampleConsumer: class org.apache.jmeter.report.processor.StatisticsSummaryConsumer#stopProducing(): statisticsSummary produced 0 samples
2018-03-22 16:34:43,504 INFO o.a.j.r.p.AbstractSampleConsumer: class org.apache.jmeter.report.processor.Top5ErrorsBySamplerConsumer#stopProducing(): top5ErrorsBySampler produced 0 samples
2018-03-22 16:34:43,504 INFO o.a.j.r.p.AbstractSampleConsumer: class org.apache.jmeter.report.processor.ErrorsSummaryConsumer#stopProducing(): errorsSummary produced 0 samples
2018-03-22 16:34:43,504 INFO o.a.j.r.p.AbstractSampleConsumer: class org.apache.jmeter.report.processor.graph.impl.HitsPerSecondGraphConsumer#stopProducing(): hitsPerSecond produced 0 samples
2018-03-22 16:34:43,534 INFO o.a.j.r.p.AbstractSampleConsumer: class org.apache.jmeter.report.processor.graph.impl.LatencyVSRequestGraphConsumer#stopProducing(): latencyVsRequest produced 0 samples
2018-03-22 16:34:43,535 INFO o.a.j.r.p.AbstractSampleConsumer: class org.apache.jmeter.report.processor.graph.impl.SyntheticResponseTimeDistributionGraphConsumer#stopProducing(): syntheticResponseTimeDistribution produced 0 samples
2018-03-22 16:34:43,535 INFO o.a.j.r.p.AbstractSampleConsumer: class org.apache.jmeter.report.processor.graph.impl.BytesThroughputGraphConsumer#stopProducing(): bytesThroughputOverTime produced 0 samples
2018-03-22 16:34:43,535 INFO o.a.j.r.p.AbstractSampleConsumer: class org.apache.jmeter.report.processor.graph.impl.CodesPerSecondGraphConsumer#stopProducing(): codesPerSecond produced 0 samples
2018-03-22 16:34:43,550 INFO o.a.j.r.p.AbstractSampleConsumer: class org.apache.jmeter.report.processor.graph.impl.ResponseTimeVSRequestGraphConsumer#stopProducing(): responseTimeVsRequest produced 0 samples
2018-03-22 16:34:43,551 INFO o.a.j.r.p.AbstractSampleConsumer: class org.apache.jmeter.report.processor.FilterConsumer#stopProducing(): startIntervalControlerFilter produced 3199 samples
2018-03-22 16:34:43,551 INFO o.a.j.r.p.AbstractSampleConsumer: class org.apache.jmeter.report.processor.graph.impl.ActiveThreadsGraphConsumer#stopProducing(): activeThreadsOverTime produced 0 samples
2018-03-22 16:34:43,551 INFO o.a.j.r.p.AbstractSampleConsumer: class org.apache.jmeter.report.processor.graph.impl.TimeVSThreadGraphConsumer#stopProducing(): timeVsThreads produced 0 samples
2018-03-22 16:34:43,552 INFO o.a.j.r.p.AbstractSampleConsumer: class org.apache.jmeter.report.processor.graph.impl.ResponseTimeDistributionGraphConsumer#stopProducing(): responseTimeDistribution produced 0 samples
2018-03-22 16:34:43,552 INFO o.a.j.r.p.AbstractSampleConsumer: class org.apache.jmeter.report.processor.graph.impl.TransactionsPerSecondGraphConsumer#stopProducing(): transactionsPerSecond produced 0 samples
2018-03-22 16:34:43,553 INFO o.a.j.r.p.AbstractSampleConsumer: class org.apache.jmeter.report.processor.graph.impl.ResponseTimePercentilesGraphConsumer#stopProducing(): responseTimePercentiles produced 0 samples
2018-03-22 16:34:43,557 INFO o.a.j.r.p.AbstractSampleConsumer: class org.apache.jmeter.report.processor.graph.impl.ResponseTimePercentilesOverTimeGraphConsumer#stopProducing(): responseTimePercentilesOverTime produced 0 samples
2018-03-22 16:34:43,561 INFO o.a.j.r.p.AbstractSampleConsumer: class org.apache.jmeter.report.processor.graph.impl.ResponseTimeOverTimeGraphConsumer#stopProducing(): responseTimesOverTime produced 0 samples
2018-03-22 16:34:43,561 INFO o.a.j.r.p.AbstractSampleConsumer: class org.apache.jmeter.report.processor.graph.impl.ConnectTimeOverTimeGraphConsumer#stopProducing(): connectTimeOverTime produced 0 samples
2018-03-22 16:34:43,562 INFO o.a.j.r.p.AbstractSampleConsumer: class org.apache.jmeter.report.processor.graph.impl.LatencyOverTimeGraphConsumer#stopProducing(): latenciesOverTime produced 0 samples
2018-03-22 16:34:43,562 INFO o.a.j.r.p.AbstractSampleConsumer: class org.apache.jmeter.report.processor.FilterConsumer#stopProducing(): nameFilter produced 6398 samples
2018-03-22 16:34:43,562 INFO o.a.j.r.p.AbstractSampleConsumer: class org.apache.jmeter.report.processor.FilterConsumer#stopProducing(): dateRangeFilter produced 1371 samples
2018-03-22 16:34:43,562 INFO o.a.j.r.p.AbstractSampleConsumer: class org.apache.jmeter.report.processor.NormalizerSampleConsumer#stopProducing(): normalizer produced 457 samples
2018-03-22 16:34:43,565 INFO o.a.j.r.p.CsvFileSampleSource: produce(): 457 samples produced in 461ms on channel 0
2018-03-22 16:34:43,565 DEBUG o.a.j.r.d.ReportGenerator: End of samples processing
2018-03-22 16:34:43,565 DEBUG o.a.j.r.d.ReportGenerator: Start data exporting
2018-03-22 16:34:43,565 INFO o.a.j.r.d.ReportGenerator: Exporting data using exporter:'html' of className:'org.apache.jmeter.report.dashboard.HtmlTemplateExporter'
2018-03-22 16:34:43,568 DEBUG o.a.j.r.d.HtmlTemplateExporter: Start template processing
2018-03-22 16:34:43,569 INFO o.a.j.r.d.HtmlTemplateExporter: Will generate dashboard in folder: C:\Users\USER\Desktop\HTML
2018-03-22 16:34:43,721 INFO o.a.j.r.d.HtmlTemplateExporter: Report will be generated in: C:\Users\USER\Desktop\HTML, creating folder structure
2018-03-22 16:34:43,802 DEBUG f.cache: Couldn't find template in cache for "content\\js\\dashboard.js.fmkr"("en_EN", Cp1252, parsed); will try to load it.
2018-03-22 16:34:43,803 DEBUG f.cache: TemplateLoader.findTemplateSource("content\\js\\dashboard.js_en_EN.fmkr"): Not found
2018-03-22 16:34:43,804 DEBUG f.cache: TemplateLoader.findTemplateSource("content\\js\\dashboard.js_en.fmkr"): Not found
2018-03-22 16:34:43,805 DEBUG f.cache: TemplateLoader.findTemplateSource("content\\js\\dashboard.js.fmkr"): Found
2018-03-22 16:34:43,805 DEBUG f.cache: Loading template for "content\\js\\dashboard.js.fmkr"("en_EN", Cp1252, parsed) from "D:\\Tools\\JMeter\\apache-jmeter-4.0_clean\\bin\\report-template\\content\\js\\dashboard.js.fmkr"
2018-03-22 16:34:43,916 DEBUG f.cache: Couldn't find template in cache for "content\\js\\graph.js.fmkr"("en_EN", Cp1252, parsed); will try to load it.
2018-03-22 16:34:43,916 DEBUG f.cache: TemplateLoader.findTemplateSource("content\\js\\graph.js_en_EN.fmkr"): Not found
2018-03-22 16:34:43,916 DEBUG f.cache: TemplateLoader.findTemplateSource("content\\js\\graph.js_en.fmkr"): Not found
2018-03-22 16:34:43,917 DEBUG f.cache: TemplateLoader.findTemplateSource("content\\js\\graph.js.fmkr"): Found
2018-03-22 16:34:43,917 DEBUG f.cache: Loading template for "content\\js\\graph.js.fmkr"("en_EN", Cp1252, parsed) from "D:\\Tools\\JMeter\\apache-jmeter-4.0_clean\\bin\\report-template\\content\\js\\graph.js.fmkr"
2018-03-22 16:34:43,998 DEBUG f.cache: Couldn't find template in cache for "content\\pages\\OverTime.html.fmkr"("en_EN", Cp1252, parsed); will try to load it.
2018-03-22 16:34:43,998 DEBUG f.cache: TemplateLoader.findTemplateSource("content\\pages\\OverTime.html_en_EN.fmkr"): Not found
2018-03-22 16:34:43,998 DEBUG f.cache: TemplateLoader.findTemplateSource("content\\pages\\OverTime.html_en.fmkr"): Not found
2018-03-22 16:34:43,999 DEBUG f.cache: TemplateLoader.findTemplateSource("content\\pages\\OverTime.html.fmkr"): Found
2018-03-22 16:34:43,999 DEBUG f.cache: Loading template for "content\\pages\\OverTime.html.fmkr"("en_EN", Cp1252, parsed) from "D:\\Tools\\JMeter\\apache-jmeter-4.0_clean\\bin\\report-template\\content\\pages\\OverTime.html.fmkr"
2018-03-22 16:34:44,018 DEBUG f.cache: Couldn't find template in cache for "content\\pages\\ResponseTimes.html.fmkr"("en_EN", Cp1252, parsed); will try to load it.
2018-03-22 16:34:44,018 DEBUG f.cache: TemplateLoader.findTemplateSource("content\\pages\\ResponseTimes.html_en_EN.fmkr"): Not found
2018-03-22 16:34:44,019 DEBUG f.cache: TemplateLoader.findTemplateSource("content\\pages\\ResponseTimes.html_en.fmkr"): Not found
2018-03-22 16:34:44,019 DEBUG f.cache: TemplateLoader.findTemplateSource("content\\pages\\ResponseTimes.html.fmkr"): Found
2018-03-22 16:34:44,019 DEBUG f.cache: Loading template for "content\\pages\\ResponseTimes.html.fmkr"("en_EN", Cp1252, parsed) from "D:\\Tools\\JMeter\\apache-jmeter-4.0_clean\\bin\\report-template\\content\\pages\\ResponseTimes.html.fmkr"
2018-03-22 16:34:44,040 DEBUG f.cache: Couldn't find template in cache for "content\\pages\\Throughput.html.fmkr"("en_EN", Cp1252, parsed); will try to load it.
2018-03-22 16:34:44,041 DEBUG f.cache: TemplateLoader.findTemplateSource("content\\pages\\Throughput.html_en_EN.fmkr"): Not found
2018-03-22 16:34:44,041 DEBUG f.cache: TemplateLoader.findTemplateSource("content\\pages\\Throughput.html_en.fmkr"): Not found
2018-03-22 16:34:44,041 DEBUG f.cache: TemplateLoader.findTemplateSource("content\\pages\\Throughput.html.fmkr"): Found
2018-03-22 16:34:44,041 DEBUG f.cache: Loading template for "content\\pages\\Throughput.html.fmkr"("en_EN", Cp1252, parsed) from "D:\\Tools\\JMeter\\apache-jmeter-4.0_clean\\bin\\report-template\\content\\pages\\Throughput.html.fmkr"
2018-03-22 16:34:44,065 DEBUG f.cache: Couldn't find template in cache for "index.html.fmkr"("en_EN", Cp1252, parsed); will try to load it.
2018-03-22 16:34:44,065 DEBUG f.cache: TemplateLoader.findTemplateSource("index.html_en_EN.fmkr"): Not found
2018-03-22 16:34:44,065 DEBUG f.cache: TemplateLoader.findTemplateSource("index.html_en.fmkr"): Not found
2018-03-22 16:34:44,066 DEBUG f.cache: TemplateLoader.findTemplateSource("index.html.fmkr"): Found
2018-03-22 16:34:44,066 DEBUG f.cache: Loading template for "index.html.fmkr"("en_EN", Cp1252, parsed) from "D:\\Tools\\JMeter\\apache-jmeter-4.0_clean\\bin\\report-template\\index.html.fmkr"
2018-03-22 16:34:44,646 DEBUG o.a.j.r.d.HtmlTemplateExporter: End of template processing
2018-03-22 16:34:44,646 DEBUG o.a.j.r.d.ReportGenerator: End of data exporting
2018-03-22 16:34:44,649 DEBUG o.a.j.r.d.ReportGenerator: End of report generation
