2007/08/11 12:26:34 INFO  - jmeter.util.JMeterUtils: Setting Locale to de_AT 
2007/08/11 12:26:34 INFO  - jmeter.JMeter: Loading user properties from: user.properties 
2007/08/11 12:26:34 INFO  - jmeter.JMeter: Loading system properties from: system.properties 
2007/08/11 12:26:34 INFO  - jmeter.JMeter: Copyright (c) 1998-2006 The Apache Software Foundation 
2007/08/11 12:26:34 INFO  - jmeter.JMeter: Version 2.2 
2007/08/11 12:26:34 INFO  - jmeter.JMeter: java.version=1.5.0_09 
2007/08/11 12:26:34 INFO  - jmeter.JMeter: os.name=Windows XP 
2007/08/11 12:26:34 INFO  - jmeter.JMeter: os.arch=x86 
2007/08/11 12:26:34 INFO  - jmeter.JMeter: os.version=5.1 
2007/08/11 12:26:34 INFO  - jmeter.JMeter: Default Locale=Deutsch (Österreich) 
2007/08/11 12:26:34 INFO  - jmeter.JMeter: JMeter  Locale=Deutsch (Österreich) 
2007/08/11 12:26:34 INFO  - jmeter.JMeter: JMeterHome=C:\Dokumente und Einstellungen\Chris\Desktop\jakarta-jmeter-2.2 
2007/08/11 12:26:34 INFO  - jmeter.JMeter: user.dir=C:\Dokumente und Einstellungen\Chris\Desktop\jakarta-jmeter-2.2\bin 
2007/08/11 12:26:34 INFO  - jmeter.JMeter: PWD     =C:\Dokumente und Einstellungen\Chris\Desktop\jakarta-jmeter-2.2\bin 
2007/08/11 12:26:34 INFO  - jmeter.JMeter: Loaded icon properties from org/apache/jmeter/images/icon.properties 
2007/08/11 12:26:35 INFO  - jmeter.JMeter: Loading file: ..\..\test.jmx 
2007/08/11 12:26:35 INFO  - jmeter.protocol.http.sampler.HTTPSamplerBase: Cannot find .className property for htmlParser, using default 
2007/08/11 12:26:35 INFO  - jmeter.protocol.http.sampler.HTTPSamplerBase: Parser for text/html is  
2007/08/11 12:26:35 INFO  - jmeter.protocol.http.sampler.HTTPSamplerBase: Parser for application/xhtml+xml is  
2007/08/11 12:26:35 INFO  - jmeter.protocol.http.sampler.HTTPSamplerBase: Parser for application/xml is  
2007/08/11 12:26:35 INFO  - jmeter.protocol.http.sampler.HTTPSamplerBase: Parser for text/xml is  
2007/08/11 12:26:35 INFO  - jmeter.protocol.http.sampler.HTTPSamplerBase: Parser for text/vnd.wap.wml is org.apache.jmeter.protocol.http.parser.RegexpHTMLParser 
2007/08/11 12:26:35 INFO  - jmeter.save.SaveService: Testplan (JMX) version: 2.2. Testlog (JTL) version: 2.2 
2007/08/11 12:26:35 INFO  - jmeter.samplers.SampleResult: Note: Sample TimeStamps are START times 
2007/08/11 12:26:35 INFO  - jmeter.samplers.SampleResult: sampleresult.default.encoding is set to ISO-8859-1 
2007/08/11 12:26:35 INFO  - jmeter.save.SaveService: Using SaveService properties file version 408187 
2007/08/11 12:26:35 WARN  - jmeter.save.SaveService: Could not set up alias MailerModel java.lang.NoClassDefFoundError: javax/mail/Message 
2007/08/11 12:26:35 INFO  - jmeter.protocol.http.sampler.AccessLogSamplerBeanInfo: Entered access log sampler bean info 
2007/08/11 12:26:36 INFO  - jmeter.protocol.http.sampler.AccessLogSamplerBeanInfo: found parsers: [org.apache.jmeter.protocol.http.util.accesslog.OrderPreservingLogParser, org.apache.jmeter.protocol.http.util.accesslog.SharedTCLogParser, org.apache.jmeter.protocol.http.util.accesslog.TCLogParser] 
2007/08/11 12:26:36 INFO  - jmeter.protocol.http.sampler.AccessLogSamplerBeanInfo: Got to end of access log samper bean info init 
2007/08/11 12:26:36 INFO  - jmeter.protocol.http.sampler.HTTPSampler2: Local host = sissy 
2007/08/11 12:26:36 INFO  - jmeter.protocol.tcp.sampler.TCPSampler: Protocol Handler name=TCPClientImpl 
2007/08/11 12:26:36 INFO  - jmeter.protocol.tcp.sampler.TCPSampler: Status prefix= 
2007/08/11 12:26:36 INFO  - jmeter.protocol.tcp.sampler.TCPSampler: Status suffix= 
2007/08/11 12:26:36 INFO  - jmeter.protocol.tcp.sampler.TCPSampler: Status properties= 
2007/08/11 12:26:36 WARN  - jmeter.save.SaveService: Could not set up alias JMSSampler java.lang.NoClassDefFoundError: javax/jms/Message 
2007/08/11 12:26:36 WARN  - jmeter.save.SaveService: Could not set up alias SubscriberSampler java.lang.NoClassDefFoundError: javax/jms/MessageListener 
2007/08/11 12:26:36 WARN  - jmeter.save.SaveService: Could not set up alias MailerVisualizer java.lang.NoClassDefFoundError: javax/mail/MessagingException 
2007/08/11 12:26:36 WARN  - jmeter.save.SaveService: Could not set up alias WebServiceSampler java.lang.NoClassDefFoundError: javax/mail/MessagingException 
2007/08/11 12:26:36 INFO  - jmeter.save.SaveService: Using SaveService properties version 1.8 
2007/08/11 12:26:36 INFO  - jmeter.save.SaveService: All converter versions present and correct 
2007/08/11 12:26:36 WARN  - jmeter.gui.util.MenuFactory: Missing jar? Could not create org.apache.jmeter.visualizers.MailerVisualizer. java.lang.NoClassDefFoundError: javax/mail/MessagingException 
2007/08/11 12:26:40 INFO  - jmeter.engine.StandardJMeterEngine: Listeners will be started after enabling running version 
2007/08/11 12:26:40 INFO  - jmeter.engine.StandardJMeterEngine: To revert to the earlier behaviour, define jmeterengine.startlistenerslater=false 
2007/08/11 12:26:40 INFO  - jmeter.engine.StandardJMeterEngine: Running the test! 
2007/08/11 12:26:40 INFO  - jmeter.gui.util.JMeterMenuBar: setRunning(true,local) 
2007/08/11 12:26:40 INFO  - jmeter.engine.StandardJMeterEngine: Starting 1 threads for group Test1. Ramp up = 1. 
2007/08/11 12:26:40 INFO  - jmeter.engine.StandardJMeterEngine: Continue on error 
2007/08/11 12:26:40 WARN  - jmeter.threads.JMeterThread: jmeterthread.startearlier=true (see jmeter.properties) 
2007/08/11 12:26:40 INFO  - jmeter.engine.StandardJMeterEngine: Starting 1 threads for group Test2. Ramp up = 1. 
2007/08/11 12:26:40 INFO  - jmeter.engine.StandardJMeterEngine: Continue on error 
2007/08/11 12:26:40 INFO  - jmeter.threads.JMeterThread: Thread Test1 1-1 started 
2007/08/11 12:26:40 INFO  - jmeter.threads.JMeterThread: Thread Test2 2-1 started 
2007/08/11 12:26:40 INFO  - jmeter.engine.StandardJMeterEngine: Starting 1 threads for group Test3. Ramp up = 1. 
2007/08/11 12:26:40 INFO  - jmeter.engine.StandardJMeterEngine: Continue on error 
2007/08/11 12:26:40 INFO  - jmeter.engine.StandardJMeterEngine: Starting 1 threads for group Test4. Ramp up = 1. 
2007/08/11 12:26:40 INFO  - jmeter.engine.StandardJMeterEngine: Continue on error 
2007/08/11 12:26:40 INFO  - jmeter.engine.StandardJMeterEngine: Starting 1 threads for group Test5. Ramp up = 1. 
2007/08/11 12:26:40 INFO  - jmeter.engine.StandardJMeterEngine: Continue on error 
2007/08/11 12:26:40 INFO  - jmeter.engine.StandardJMeterEngine: Starting 1 threads for group Test6. Ramp up = 1. 
2007/08/11 12:26:40 INFO  - jmeter.engine.StandardJMeterEngine: Continue on error 
2007/08/11 12:26:40 INFO  - jmeter.engine.StandardJMeterEngine: Starting 1 threads for group Test7. Ramp up = 1. 
2007/08/11 12:26:40 INFO  - jmeter.engine.StandardJMeterEngine: Continue on error 
2007/08/11 12:26:40 INFO  - jmeter.engine.StandardJMeterEngine: Starting 1 threads for group Test8. Ramp up = 1. 
2007/08/11 12:26:40 INFO  - jmeter.engine.StandardJMeterEngine: Continue on error 
2007/08/11 12:26:40 INFO  - jmeter.engine.StandardJMeterEngine: Starting 1 threads for group Test9. Ramp up = 1. 
2007/08/11 12:26:40 INFO  - jmeter.engine.StandardJMeterEngine: Continue on error 
2007/08/11 12:26:40 INFO  - jmeter.engine.StandardJMeterEngine: Starting 1 threads for group Test10. Ramp up = 1. 
2007/08/11 12:26:40 INFO  - jmeter.engine.StandardJMeterEngine: Continue on error 
2007/08/11 12:26:40 INFO  - jmeter.engine.StandardJMeterEngine: Starting 1 threads for group Test11. Ramp up = 1. 
2007/08/11 12:26:40 INFO  - jmeter.engine.StandardJMeterEngine: Continue on error 
2007/08/11 12:26:40 INFO  - jmeter.threads.JMeterThread: Thread Test3 3-1 started 
2007/08/11 12:26:40 INFO  - jmeter.threads.JMeterThread: Thread Test4 4-1 started 
2007/08/11 12:26:40 INFO  - jmeter.threads.JMeterThread: Thread Test5 5-1 started 
2007/08/11 12:26:40 INFO  - jmeter.threads.JMeterThread: Thread Test6 6-1 started 
2007/08/11 12:26:40 INFO  - jmeter.threads.JMeterThread: Thread Test7 7-1 started 
2007/08/11 12:26:40 INFO  - jmeter.threads.JMeterThread: Thread Test8 8-1 started 
2007/08/11 12:26:40 INFO  - jmeter.threads.JMeterThread: Thread Test9 9-1 started 
2007/08/11 12:26:40 INFO  - jmeter.threads.JMeterThread: Thread Test10 10-1 started 
2007/08/11 12:26:40 INFO  - jmeter.engine.StandardJMeterEngine: Starting 1 threads for group Test12. Ramp up = 1. 
2007/08/11 12:26:40 INFO  - jmeter.engine.StandardJMeterEngine: Continue on error 
2007/08/11 12:26:40 INFO  - jmeter.engine.StandardJMeterEngine: Starting 1 threads for group Test13. Ramp up = 1. 
2007/08/11 12:26:40 INFO  - jmeter.engine.StandardJMeterEngine: Continue on error 
2007/08/11 12:26:40 INFO  - jmeter.engine.StandardJMeterEngine: Starting 1 threads for group Test14. Ramp up = 1. 
2007/08/11 12:26:40 INFO  - jmeter.engine.StandardJMeterEngine: Continue on error 
2007/08/11 12:26:40 INFO  - jmeter.engine.StandardJMeterEngine: Starting 1 threads for group Test15. Ramp up = 1. 
2007/08/11 12:26:40 INFO  - jmeter.engine.StandardJMeterEngine: Continue on error 
2007/08/11 12:26:40 INFO  - jmeter.engine.StandardJMeterEngine: Starting 1 threads for group Test16. Ramp up = 1. 
2007/08/11 12:26:40 INFO  - jmeter.engine.StandardJMeterEngine: Continue on error 
2007/08/11 12:26:40 INFO  - jmeter.engine.StandardJMeterEngine: Starting 1 threads for group Test17. Ramp up = 1. 
2007/08/11 12:26:40 INFO  - jmeter.engine.StandardJMeterEngine: Continue on error 
2007/08/11 12:26:40 INFO  - jmeter.threads.JMeterThread: Thread Test11 11-1 started 
2007/08/11 12:26:40 INFO  - jmeter.threads.JMeterThread: Thread Test12 12-1 started 
2007/08/11 12:26:40 INFO  - jmeter.threads.JMeterThread: Thread Test13 13-1 started 
2007/08/11 12:26:40 INFO  - jmeter.threads.JMeterThread: Thread Test14 14-1 started 
2007/08/11 12:26:40 INFO  - jmeter.threads.JMeterThread: Thread Test15 15-1 started 
2007/08/11 12:26:40 INFO  - jmeter.threads.JMeterThread: Thread Test16 16-1 started 
2007/08/11 12:26:40 INFO  - jmeter.engine.StandardJMeterEngine: Starting 1 threads for group Test18. Ramp up = 1. 
2007/08/11 12:26:40 INFO  - jmeter.engine.StandardJMeterEngine: Continue on error 
2007/08/11 12:26:40 INFO  - jmeter.engine.StandardJMeterEngine: Starting 1 threads for group Test19. Ramp up = 1. 
2007/08/11 12:26:40 INFO  - jmeter.engine.StandardJMeterEngine: Continue on error 
2007/08/11 12:26:40 INFO  - jmeter.engine.StandardJMeterEngine: Starting 1 threads for group Test20. Ramp up = 1. 
2007/08/11 12:26:40 INFO  - jmeter.engine.StandardJMeterEngine: Continue on error 
2007/08/11 12:26:40 INFO  - jmeter.engine.StandardJMeterEngine: Starting 1 threads for group Test21. Ramp up = 1. 
2007/08/11 12:26:40 INFO  - jmeter.engine.StandardJMeterEngine: Continue on error 
2007/08/11 12:26:40 INFO  - jmeter.engine.StandardJMeterEngine: Starting 1 threads for group Test22. Ramp up = 1. 
2007/08/11 12:26:40 INFO  - jmeter.engine.StandardJMeterEngine: Continue on error 
2007/08/11 12:26:40 INFO  - jmeter.engine.StandardJMeterEngine: Starting 1 threads for group Test23. Ramp up = 1. 
2007/08/11 12:26:40 INFO  - jmeter.engine.StandardJMeterEngine: Continue on error 
2007/08/11 12:26:40 INFO  - jmeter.threads.JMeterThread: Thread Test17 17-1 started 
2007/08/11 12:26:40 INFO  - jmeter.threads.JMeterThread: Thread Test18 18-1 started 
2007/08/11 12:26:40 INFO  - jmeter.threads.JMeterThread: Thread Test19 19-1 started 
2007/08/11 12:26:40 INFO  - jmeter.threads.JMeterThread: Thread Test20 20-1 started 
2007/08/11 12:26:40 INFO  - jmeter.threads.JMeterThread: Thread Test21 21-1 started 
2007/08/11 12:26:40 INFO  - jmeter.threads.JMeterThread: Thread Test22 22-1 started 
2007/08/11 12:26:40 INFO  - jmeter.engine.StandardJMeterEngine: Starting 1 threads for group Test24. Ramp up = 1. 
2007/08/11 12:26:40 INFO  - jmeter.engine.StandardJMeterEngine: Continue on error 
2007/08/11 12:26:40 INFO  - jmeter.engine.StandardJMeterEngine: Starting 1 threads for group Test25. Ramp up = 1. 
2007/08/11 12:26:40 INFO  - jmeter.engine.StandardJMeterEngine: Continue on error 
2007/08/11 12:26:40 INFO  - jmeter.threads.JMeterThread: Thread Test23 23-1 started 
2007/08/11 12:26:40 INFO  - jmeter.threads.JMeterThread: Thread Test24 24-1 started 
2007/08/11 12:26:40 INFO  - jmeter.threads.JMeterThread: Thread Test25 25-1 started 
2007/08/11 12:26:40 INFO  - jmeter.threads.JMeterThread: Thread Test4 4-1 is done 
2007/08/11 12:26:40 INFO  - jmeter.engine.StandardJMeterEngine: Ending thread 0 
2007/08/11 12:26:40 INFO  - jmeter.threads.JMeterThread: Thread Test22 22-1 is done 
2007/08/11 12:26:40 INFO  - jmeter.engine.StandardJMeterEngine: Ending thread 0 
2007/08/11 12:26:40 INFO  - jmeter.threads.JMeterThread: Thread Test1 1-1 is done 
2007/08/11 12:26:40 INFO  - jmeter.engine.StandardJMeterEngine: Ending thread 0 
2007/08/11 12:26:40 INFO  - jmeter.threads.JMeterThread: Thread Test5 5-1 is done 
2007/08/11 12:26:40 INFO  - jmeter.engine.StandardJMeterEngine: Ending thread 0 
2007/08/11 12:26:40 INFO  - jmeter.threads.JMeterThread: Thread Test6 6-1 is done 
2007/08/11 12:26:40 INFO  - jmeter.engine.StandardJMeterEngine: Ending thread 0 
2007/08/11 12:26:40 INFO  - jmeter.threads.JMeterThread: Thread Test7 7-1 is done 
2007/08/11 12:26:40 INFO  - jmeter.engine.StandardJMeterEngine: Ending thread 0 
2007/08/11 12:26:40 INFO  - jmeter.threads.JMeterThread: Thread Test8 8-1 is done 
2007/08/11 12:26:40 INFO  - jmeter.engine.StandardJMeterEngine: Ending thread 0 
2007/08/11 12:26:40 INFO  - jmeter.threads.JMeterThread: Thread Test9 9-1 is done 
2007/08/11 12:26:40 INFO  - jmeter.engine.StandardJMeterEngine: Ending thread 0 
2007/08/11 12:26:40 INFO  - jmeter.threads.JMeterThread: Thread Test10 10-1 is done 
2007/08/11 12:26:40 INFO  - jmeter.engine.StandardJMeterEngine: Ending thread 0 
2007/08/11 12:26:41 INFO  - jmeter.threads.JMeterThread: Thread Test11 11-1 is done 
2007/08/11 12:26:41 INFO  - jmeter.engine.StandardJMeterEngine: Ending thread 0 
2007/08/11 12:26:41 INFO  - jmeter.threads.JMeterThread: Thread Test12 12-1 is done 
2007/08/11 12:26:41 INFO  - jmeter.engine.StandardJMeterEngine: Ending thread 0 
2007/08/11 12:26:41 INFO  - jmeter.threads.JMeterThread: Thread Test13 13-1 is done 
2007/08/11 12:26:41 INFO  - jmeter.engine.StandardJMeterEngine: Ending thread 0 
2007/08/11 12:26:41 INFO  - jmeter.threads.JMeterThread: Thread Test16 16-1 is done 
2007/08/11 12:26:41 INFO  - jmeter.engine.StandardJMeterEngine: Ending thread 0 
2007/08/11 12:26:41 INFO  - jmeter.threads.JMeterThread: Thread Test14 14-1 is done 
2007/08/11 12:26:41 INFO  - jmeter.engine.StandardJMeterEngine: Ending thread 0 
2007/08/11 12:26:41 INFO  - jmeter.threads.JMeterThread: Thread Test23 23-1 is done 
2007/08/11 12:26:41 INFO  - jmeter.engine.StandardJMeterEngine: Ending thread 0 
2007/08/11 12:26:41 INFO  - jmeter.threads.JMeterThread: Thread Test3 3-1 is done 
2007/08/11 12:26:41 INFO  - jmeter.engine.StandardJMeterEngine: Ending thread 0 
2007/08/11 12:26:41 INFO  - jmeter.threads.JMeterThread: Thread Test17 17-1 is done 
2007/08/11 12:26:41 INFO  - jmeter.engine.StandardJMeterEngine: Ending thread 0 
2007/08/11 12:26:41 INFO  - jmeter.threads.JMeterThread: Thread Test18 18-1 is done 
2007/08/11 12:26:41 INFO  - jmeter.engine.StandardJMeterEngine: Ending thread 0 
2007/08/11 12:26:41 INFO  - jmeter.threads.JMeterThread: Thread Test19 19-1 is done 
2007/08/11 12:26:41 INFO  - jmeter.engine.StandardJMeterEngine: Ending thread 0 
2007/08/11 12:26:41 INFO  - jmeter.threads.JMeterThread: Thread Test20 20-1 is done 
2007/08/11 12:26:41 INFO  - jmeter.engine.StandardJMeterEngine: Ending thread 0 
2007/08/11 12:26:41 INFO  - jmeter.threads.JMeterThread: Thread Test21 21-1 is done 
2007/08/11 12:26:41 INFO  - jmeter.engine.StandardJMeterEngine: Ending thread 0 
2007/08/11 12:26:41 INFO  - jmeter.threads.JMeterThread: Thread Test24 24-1 is done 
2007/08/11 12:26:41 INFO  - jmeter.engine.StandardJMeterEngine: Ending thread 0 
2007/08/11 12:26:41 INFO  - jmeter.threads.JMeterThread: Thread Test15 15-1 is done 
2007/08/11 12:26:41 INFO  - jmeter.engine.StandardJMeterEngine: Ending thread 0 
2007/08/11 12:26:41 INFO  - jmeter.threads.JMeterThread: Thread Test2 2-1 is done 
2007/08/11 12:26:41 INFO  - jmeter.engine.StandardJMeterEngine: Ending thread 0 
2007/08/11 12:26:41 INFO  - jmeter.threads.JMeterThread: Thread Test25 25-1 is done 
2007/08/11 12:26:41 INFO  - jmeter.engine.StandardJMeterEngine: Ending thread 0 
2007/08/11 12:26:41 INFO  - jmeter.engine.StandardJMeterEngine: Stopping test 
2007/08/11 12:26:41 INFO  - jmeter.engine.StandardJMeterEngine: Notifying test listeners of end of test 
2007/08/11 12:26:41 INFO  - jmeter.gui.util.JMeterMenuBar: setRunning(false,local) 
2007/08/11 12:26:41 INFO  - jmeter.engine.StandardJMeterEngine: Test has ended 



2007/08/11 12:26:42 INFO  - jmeter.engine.StandardJMeterEngine: Running the test! 
2007/08/11 12:26:42 INFO  - jmeter.gui.util.JMeterMenuBar: setRunning(true,local) 
2007/08/11 12:26:42 INFO  - jmeter.engine.StandardJMeterEngine: Starting 1 threads for group Test1. Ramp up = 1. 
2007/08/11 12:26:42 INFO  - jmeter.engine.StandardJMeterEngine: Continue on error 
2007/08/11 12:26:42 INFO  - jmeter.engine.StandardJMeterEngine: Starting 1 threads for group Test2. Ramp up = 1. 
2007/08/11 12:26:42 INFO  - jmeter.engine.StandardJMeterEngine: Continue on error 
2007/08/11 12:26:42 INFO  - jmeter.engine.StandardJMeterEngine: Starting 1 threads for group Test3. Ramp up = 1. 
2007/08/11 12:26:42 INFO  - jmeter.engine.StandardJMeterEngine: Continue on error 
2007/08/11 12:26:42 INFO  - jmeter.engine.StandardJMeterEngine: Starting 1 threads for group Test4. Ramp up = 1. 
2007/08/11 12:26:42 INFO  - jmeter.engine.StandardJMeterEngine: Continue on error 
2007/08/11 12:26:42 INFO  - jmeter.engine.StandardJMeterEngine: Starting 1 threads for group Test5. Ramp up = 1. 
2007/08/11 12:26:42 INFO  - jmeter.engine.StandardJMeterEngine: Continue on error 
2007/08/11 12:26:42 INFO  - jmeter.engine.StandardJMeterEngine: Starting 1 threads for group Test6. Ramp up = 1. 
2007/08/11 12:26:42 INFO  - jmeter.engine.StandardJMeterEngine: Continue on error 
2007/08/11 12:26:42 INFO  - jmeter.threads.JMeterThread: Thread Test1 1-1 started 
2007/08/11 12:26:42 INFO  - jmeter.threads.JMeterThread: Thread Test1 1-1 is done 
2007/08/11 12:26:42 INFO  - jmeter.engine.StandardJMeterEngine: Ending thread 0 
2007/08/11 12:26:42 INFO  - jmeter.threads.JMeterThread: Thread Test2 2-1 started 
2007/08/11 12:26:42 INFO  - jmeter.threads.JMeterThread: Thread Test3 3-1 started 
2007/08/11 12:26:42 INFO  - jmeter.threads.JMeterThread: Thread Test4 4-1 started 
2007/08/11 12:26:42 INFO  - jmeter.threads.JMeterThread: Thread Test5 5-1 started 
2007/08/11 12:26:42 INFO  - jmeter.engine.StandardJMeterEngine: Starting 1 threads for group Test7. Ramp up = 1. 
2007/08/11 12:26:42 INFO  - jmeter.engine.StandardJMeterEngine: Continue on error 
2007/08/11 12:26:42 INFO  - jmeter.engine.StandardJMeterEngine: Starting 1 threads for group Test8. Ramp up = 1. 
2007/08/11 12:26:42 INFO  - jmeter.engine.StandardJMeterEngine: Continue on error 
2007/08/11 12:26:42 INFO  - jmeter.engine.StandardJMeterEngine: Starting 1 threads for group Test9. Ramp up = 1. 
2007/08/11 12:26:42 INFO  - jmeter.engine.StandardJMeterEngine: Continue on error 
2007/08/11 12:26:42 INFO  - jmeter.threads.JMeterThread: Thread Test2 2-1 is done 
2007/08/11 12:26:42 INFO  - jmeter.engine.StandardJMeterEngine: Ending thread 0 
2007/08/11 12:26:42 INFO  - jmeter.threads.JMeterThread: Thread Test3 3-1 is done 
2007/08/11 12:26:42 INFO  - jmeter.engine.StandardJMeterEngine: Ending thread 0 
2007/08/11 12:26:42 INFO  - jmeter.threads.JMeterThread: Thread Test4 4-1 is done 
2007/08/11 12:26:42 INFO  - jmeter.engine.StandardJMeterEngine: Ending thread 0 
2007/08/11 12:26:42 INFO  - jmeter.threads.JMeterThread: Thread Test5 5-1 is done 
2007/08/11 12:26:42 INFO  - jmeter.engine.StandardJMeterEngine: Ending thread 0 
2007/08/11 12:26:42 INFO  - jmeter.threads.JMeterThread: Thread Test6 6-1 started 
2007/08/11 12:26:42 INFO  - jmeter.threads.JMeterThread: Thread Test6 6-1 is done 
2007/08/11 12:26:42 INFO  - jmeter.engine.StandardJMeterEngine: Ending thread 0 
2007/08/11 12:26:42 INFO  - jmeter.threads.JMeterThread: Thread Test7 7-1 started 
2007/08/11 12:26:42 INFO  - jmeter.threads.JMeterThread: Thread Test7 7-1 is done 
2007/08/11 12:26:42 INFO  - jmeter.engine.StandardJMeterEngine: Ending thread 0 
2007/08/11 12:26:42 INFO  - jmeter.threads.JMeterThread: Thread Test8 8-1 started 
2007/08/11 12:26:42 INFO  - jmeter.threads.JMeterThread: Thread Test8 8-1 is done 
2007/08/11 12:26:42 INFO  - jmeter.engine.StandardJMeterEngine: Ending thread 0 
2007/08/11 12:26:42 INFO  - jmeter.engine.StandardJMeterEngine: Starting 1 threads for group Test10. Ramp up = 1. 
2007/08/11 12:26:42 INFO  - jmeter.engine.StandardJMeterEngine: Continue on error 
2007/08/11 12:26:42 INFO  - jmeter.engine.StandardJMeterEngine: Starting 1 threads for group Test11. Ramp up = 1. 
2007/08/11 12:26:42 INFO  - jmeter.engine.StandardJMeterEngine: Continue on error 
2007/08/11 12:26:42 INFO  - jmeter.engine.StandardJMeterEngine: Starting 1 threads for group Test12. Ramp up = 1. 
2007/08/11 12:26:42 INFO  - jmeter.engine.StandardJMeterEngine: Continue on error 
2007/08/11 12:26:42 INFO  - jmeter.engine.StandardJMeterEngine: Starting 1 threads for group Test13. Ramp up = 1. 
2007/08/11 12:26:42 INFO  - jmeter.engine.StandardJMeterEngine: Continue on error 
2007/08/11 12:26:42 INFO  - jmeter.engine.StandardJMeterEngine: Starting 1 threads for group Test14. Ramp up = 1. 
2007/08/11 12:26:42 INFO  - jmeter.engine.StandardJMeterEngine: Continue on error 
2007/08/11 12:26:42 INFO  - jmeter.engine.StandardJMeterEngine: Starting 1 threads for group Test15. Ramp up = 1. 
2007/08/11 12:26:42 INFO  - jmeter.engine.StandardJMeterEngine: Continue on error 
2007/08/11 12:26:42 INFO  - jmeter.engine.StandardJMeterEngine: Starting 1 threads for group Test16. Ramp up = 1. 
2007/08/11 12:26:42 INFO  - jmeter.engine.StandardJMeterEngine: Continue on error 
2007/08/11 12:26:42 INFO  - jmeter.engine.StandardJMeterEngine: Starting 1 threads for group Test17. Ramp up = 1. 
2007/08/11 12:26:42 INFO  - jmeter.engine.StandardJMeterEngine: Continue on error 
2007/08/11 12:26:42 INFO  - jmeter.engine.StandardJMeterEngine: Starting 1 threads for group Test18. Ramp up = 1. 
2007/08/11 12:26:42 INFO  - jmeter.engine.StandardJMeterEngine: Continue on error 
2007/08/11 12:26:42 INFO  - jmeter.engine.StandardJMeterEngine: Starting 1 threads for group Test19. Ramp up = 1. 
2007/08/11 12:26:42 INFO  - jmeter.engine.StandardJMeterEngine: Continue on error 
2007/08/11 12:26:42 INFO  - jmeter.engine.StandardJMeterEngine: Starting 1 threads for group Test20. Ramp up = 1. 
2007/08/11 12:26:42 INFO  - jmeter.engine.StandardJMeterEngine: Continue on error 
2007/08/11 12:26:42 INFO  - jmeter.threads.JMeterThread: Thread Test9 9-1 started 
2007/08/11 12:26:42 INFO  - jmeter.threads.JMeterThread: Thread Test9 9-1 is done 
2007/08/11 12:26:42 INFO  - jmeter.engine.StandardJMeterEngine: Ending thread 0 
2007/08/11 12:26:42 INFO  - jmeter.threads.JMeterThread: Thread Test10 10-1 started 
2007/08/11 12:26:42 INFO  - jmeter.threads.JMeterThread: Thread Test10 10-1 is done 
2007/08/11 12:26:42 INFO  - jmeter.engine.StandardJMeterEngine: Ending thread 0 
2007/08/11 12:26:42 INFO  - jmeter.threads.JMeterThread: Thread Test11 11-1 started 
2007/08/11 12:26:42 INFO  - jmeter.threads.JMeterThread: Thread Test11 11-1 is done 
2007/08/11 12:26:42 INFO  - jmeter.engine.StandardJMeterEngine: Ending thread 0 
2007/08/11 12:26:42 INFO  - jmeter.threads.JMeterThread: Thread Test12 12-1 started 
2007/08/11 12:26:42 INFO  - jmeter.threads.JMeterThread: Thread Test12 12-1 is done 
2007/08/11 12:26:42 INFO  - jmeter.engine.StandardJMeterEngine: Ending thread 0 
2007/08/11 12:26:42 INFO  - jmeter.threads.JMeterThread: Thread Test13 13-1 started 
2007/08/11 12:26:42 INFO  - jmeter.threads.JMeterThread: Thread Test13 13-1 is done 
2007/08/11 12:26:42 INFO  - jmeter.engine.StandardJMeterEngine: Ending thread 0 
2007/08/11 12:26:42 INFO  - jmeter.threads.JMeterThread: Thread Test14 14-1 started 
2007/08/11 12:26:42 INFO  - jmeter.threads.JMeterThread: Thread Test14 14-1 is done 
2007/08/11 12:26:42 INFO  - jmeter.engine.StandardJMeterEngine: Ending thread 0 
2007/08/11 12:26:42 INFO  - jmeter.threads.JMeterThread: Thread Test15 15-1 started 
2007/08/11 12:26:42 INFO  - jmeter.threads.JMeterThread: Thread Test15 15-1 is done 
2007/08/11 12:26:42 INFO  - jmeter.engine.StandardJMeterEngine: Ending thread 0 
2007/08/11 12:26:42 INFO  - jmeter.threads.JMeterThread: Thread Test16 16-1 started 
2007/08/11 12:26:42 INFO  - jmeter.threads.JMeterThread: Thread Test16 16-1 is done 
2007/08/11 12:26:42 INFO  - jmeter.engine.StandardJMeterEngine: Ending thread 0 
2007/08/11 12:26:42 INFO  - jmeter.threads.JMeterThread: Thread Test17 17-1 started 
2007/08/11 12:26:42 INFO  - jmeter.threads.JMeterThread: Thread Test17 17-1 is done 
2007/08/11 12:26:42 INFO  - jmeter.engine.StandardJMeterEngine: Ending thread 0 
2007/08/11 12:26:42 INFO  - jmeter.threads.JMeterThread: Thread Test18 18-1 started 
2007/08/11 12:26:42 INFO  - jmeter.threads.JMeterThread: Thread Test18 18-1 is done 
2007/08/11 12:26:42 INFO  - jmeter.engine.StandardJMeterEngine: Ending thread 0 
2007/08/11 12:26:42 INFO  - jmeter.threads.JMeterThread: Thread Test19 19-1 started 
2007/08/11 12:26:42 INFO  - jmeter.threads.JMeterThread: Thread Test19 19-1 is done 
2007/08/11 12:26:42 INFO  - jmeter.engine.StandardJMeterEngine: Ending thread 0 
2007/08/11 12:26:42 INFO  - jmeter.engine.StandardJMeterEngine: Starting 1 threads for group Test21. Ramp up = 1. 
2007/08/11 12:26:42 INFO  - jmeter.engine.StandardJMeterEngine: Continue on error 
2007/08/11 12:26:42 INFO  - jmeter.threads.JMeterThread: Thread Test20 20-1 started 
2007/08/11 12:26:42 INFO  - jmeter.threads.JMeterThread: Thread Test20 20-1 is done 
2007/08/11 12:26:42 INFO  - jmeter.engine.StandardJMeterEngine: Ending thread 0 
2007/08/11 12:26:42 INFO  - jmeter.engine.StandardJMeterEngine: Stopping test 
2007/08/11 12:26:42 INFO  - jmeter.engine.StandardJMeterEngine: Starting 1 threads for group Test22. Ramp up = 1. 
2007/08/11 12:26:42 INFO  - jmeter.engine.StandardJMeterEngine: Continue on error 
2007/08/11 12:26:42 INFO  - jmeter.threads.JMeterThread: Thread Test21 21-1 started 
2007/08/11 12:26:42 INFO  - jmeter.threads.JMeterThread: Stopping Test21 21-1 
2007/08/11 12:26:42 INFO  - jmeter.threads.JMeterThread: Stopping Test22 22-1 
2007/08/11 12:26:42 INFO  - jmeter.engine.StandardJMeterEngine: Starting 1 threads for group Test23. Ramp up = 1. 
2007/08/11 12:26:42 INFO  - jmeter.engine.StandardJMeterEngine: Continue on error 
2007/08/11 12:26:42 INFO  - jmeter.engine.StandardJMeterEngine: Starting 1 threads for group Test24. Ramp up = 1. 
2007/08/11 12:26:42 INFO  - jmeter.engine.StandardJMeterEngine: Continue on error 
2007/08/11 12:26:42 INFO  - jmeter.engine.StandardJMeterEngine: Starting 1 threads for group Test25. Ramp up = 1. 
2007/08/11 12:26:42 INFO  - jmeter.engine.StandardJMeterEngine: Continue on error 
2007/08/11 12:26:42 INFO  - jmeter.threads.JMeterThread: Thread Test21 21-1 is done 
2007/08/11 12:26:42 INFO  - jmeter.engine.StandardJMeterEngine: Ending thread 0 
2007/08/11 12:26:42 INFO  - jmeter.threads.JMeterThread: Thread Test22 22-1 started 
2007/08/11 12:26:42 INFO  - jmeter.threads.JMeterThread: Thread Test22 22-1 is done 
2007/08/11 12:26:42 INFO  - jmeter.engine.StandardJMeterEngine: Ending thread 0 
2007/08/11 12:26:42 INFO  - jmeter.engine.StandardJMeterEngine: Stopping test 
2007/08/11 12:26:42 INFO  - jmeter.engine.StandardJMeterEngine: Notifying test listeners of end of test 
2007/08/11 12:26:42 INFO  - jmeter.gui.util.JMeterMenuBar: setRunning(false,local) 
2007/08/11 12:26:42 INFO  - jmeter.engine.StandardJMeterEngine: Test has ended 
