     [java] java.lang.RuntimeException: Unclosed "
     [java] 	at javax.swing.text.html.CSSParser.readTill(CSSParser.java:674)
     [java] 	at javax.swing.text.html.CSSParser.nextToken(CSSParser.java:484)
     [java] 	at javax.swing.text.html.CSSParser.parseIdentifiers(CSSParser.java:374)
     [java] 	at javax.swing.text.html.CSSParser.parseDeclaration(CSSParser.java:347)
     [java] 	at javax.swing.text.html.CSSParser.parseDeclarationBlock(CSSParser.java:325)
     [java] 	at javax.swing.text.html.CSSParser.parse(CSSParser.java:150)
     [java] 	at javax.swing.text.html.StyleSheet$CssParser.parse(StyleSheet.java:3187)
     [java] 	at javax.swing.text.html.StyleSheet$CssParser.parseDeclaration(StyleSheet.java:3171)
     [java] 	at javax.swing.text.html.StyleSheet$CssParser.parseDeclaration(StyleSheet.java:3162)
     [java] 	at javax.swing.text.html.StyleSheet.getDeclaration(StyleSheet.java:323)
     [java] 	at javax.swing.text.html.HTMLDocument$HTMLReader.handleStartTag(HTMLDocument.java:2619)
     [java] 	at javax.swing.text.html.parser.DocumentParser.handleStartTag(DocumentParser.java:160)
     [java] 	at javax.swing.text.html.parser.Parser.startTag(Parser.java:437)
     [java] 	at javax.swing.text.html.parser.Parser.parseTag(Parser.java:1956)
     [java] 	at javax.swing.text.html.parser.Parser.parseContent(Parser.java:2074)
     [java] 	at javax.swing.text.html.parser.Parser.parse(Parser.java:2248)
     [java] 	at javax.swing.text.html.parser.DocumentParser.parse(DocumentParser.java:122)
     [java] 	at javax.swing.text.html.parser.ParserDelegator.parse(ParserDelegator.java:101)
     [java] 	at javax.swing.text.html.HTMLEditorKit.read(HTMLEditorKit.java:262)
     [java] 	at javax.swing.JEditorPane.setText(JEditorPane.java:1415)
     [java] 	at org.apache.jmeter.visualizers.RenderAsHTML.showRenderedResponse(RenderAsHTML.java:105)
     [java] 	at org.apache.jmeter.visualizers.RenderAsHTML.showRenderedResponse(RenderAsHTML.java:58)
     [java] 	at org.apache.jmeter.visualizers.RenderAsHTML.renderResult(RenderAsHTML.java:54)
     [java] 	at org.apache.jmeter.visualizers.ViewResultsFullVisualizer.valueChanged(ViewResultsFullVisualizer.java:268)
     [java] 	at org.apache.jmeter.visualizers.ViewResultsFullVisualizer.actionPerformed(ViewResultsFullVisualizer.java:394)
     [java] 	at javax.swing.JComboBox.fireActionEvent(JComboBox.java:1260)
     [java] 	at javax.swing.JComboBox.setSelectedItem(JComboBox.java:588)
     [java] 	at javax.swing.JComboBox.setSelectedIndex(JComboBox.java:624)
     [java] 	at javax.swing.plaf.basic.BasicComboPopup$Handler.mouseReleased(BasicComboPopup.java:835)
     [java] 	at java.awt.AWTEventMulticaster.mouseReleased(AWTEventMulticaster.java:290)
     [java] 	at java.awt.Component.processMouseEvent(Component.java:6516)
     [java] 	at javax.swing.JComponent.processMouseEvent(JComponent.java:3321)
     [java] 	at javax.swing.plaf.basic.BasicComboPopup$1.processMouseEvent(BasicComboPopup.java:499)
     [java] 	at java.awt.Component.processEvent(Component.java:6281)
     [java] 	at java.awt.Container.processEvent(Container.java:2229)
     [java] 	at java.awt.Component.dispatchEventImpl(Component.java:4872)
     [java] 	at java.awt.Container.dispatchEventImpl(Container.java:2287)
     [java] 	at java.awt.Component.dispatchEvent(Component.java:4698)
     [java] 	at java.awt.LightweightDispatcher.retargetMouseEvent(Container.java:4832)
     [java] 	at java.awt.LightweightDispatcher.processMouseEvent(Container.java:4492)
     [java] 	at java.awt.LightweightDispatcher.dispatchEvent(Container.java:4422)
     [java] 	at java.awt.Container.dispatchEventImpl(Container.java:2273)
     [java] 	at java.awt.Window.dispatchEventImpl(Window.java:2719)
     [java] 	at java.awt.Component.dispatchEvent(Component.java:4698)
     [java] 	at java.awt.EventQueue.dispatchEventImpl(EventQueue.java:747)
     [java] 	at java.awt.EventQueue.access$300(EventQueue.java:103)
     [java] 	at java.awt.EventQueue$3.run(EventQueue.java:706)
     [java] 	at java.awt.EventQueue$3.run(EventQueue.java:704)
     [java] 	at java.security.AccessController.doPrivileged(Native Method)
     [java] 	at java.security.ProtectionDomain$1.doIntersectionPrivilege(ProtectionDomain.java:76)
     [java] 	at java.security.ProtectionDomain$1.doIntersectionPrivilege(ProtectionDomain.java:87)
     [java] 	at java.awt.EventQueue$4.run(EventQueue.java:720)
     [java] 	at java.awt.EventQueue$4.run(EventQueue.java:718)
     [java] 	at java.security.AccessController.doPrivileged(Native Method)
     [java] 	at java.security.ProtectionDomain$1.doIntersectionPrivilege(ProtectionDomain.java:76)
     [java] 	at java.awt.EventQueue.dispatchEvent(EventQueue.java:717)
     [java] 	at java.awt.EventDispatchThread.pumpOneEventForFilters(EventDispatchThread.java:242)
     [java] 	at java.awt.EventDispatchThread.pumpEventsForFilter(EventDispatchThread.java:161)
     [java] 	at java.awt.EventDispatchThread.pumpEventsForHierarchy(EventDispatchThread.java:150)
     [java] 	at java.awt.EventDispatchThread.pumpEvents(EventDispatchThread.java:146)
     [java] 	at java.awt.EventDispatchThread.pumpEvents(EventDispatchThread.java:138)
     [java] 	at java.awt.EventDispatchThread.run(EventDispatchThread.java:91)

