                                                                                                                                                                                                                                                                                                                                                                                                                                                                                                                                                                                                                                                                                                                                                                                                                                                                                                                                                                                                                                                                                                                                                                                                                                                                                                                                                                                                                                                                                                                                                                                                                                                                                                                                                                                                                                                                                                                                                                                                                                                                                                                                                                                                                                                                                                                                                                                                                                                                                                                                                                                                                                                                                                                                                                                                                                                                                                                                                                                                                                                                                                                                                                                                                                                                                                                                                                                                                                                                                                                                                                                                                                                                                                                                                                                                                                                                                                                                                                                                                                                                                                                                                                                                                                                 2007/08/11 02:14:42 INFO  - jmeter.engine.StandardJMeterEngine: Running the test! 
2007/08/11 02:14:42 INFO  - jmeter.gui.util.JMeterMenuBar: setRunning(true,local) 
2007/08/11 02:14:43 INFO  - jmeter.engine.StandardJMeterEngine: Starting 1 threads for group Test1. Ramp up = 1. 
2007/08/11 02:14:43 INFO  - jmeter.engine.StandardJMeterEngine: Continue on error 
2007/08/11 02:14:43 INFO  - jmeter.engine.StandardJMeterEngine: Starting 1 threads for group Test2. Ramp up = 1. 
2007/08/11 02:14:43 INFO  - jmeter.engine.StandardJMeterEngine: Continue on error 
2007/08/11 02:14:43 INFO  - jmeter.engine.StandardJMeterEngine: Starting 1 threads for group Test3. Ramp up = 1. 
2007/08/11 02:14:43 INFO  - jmeter.engine.StandardJMeterEngine: Continue on error 
2007/08/11 02:14:43 INFO  - jmeter.engine.StandardJMeterEngine: Starting 1 threads for group Test4. Ramp up = 1. 
2007/08/11 02:14:43 INFO  - jmeter.engine.StandardJMeterEngine: Continue on error 
2007/08/11 02:14:43 INFO  - jmeter.engine.StandardJMeterEngine: Starting 1 threads for group Test5. Ramp up = 1. 
2007/08/11 02:14:43 INFO  - jmeter.engine.StandardJMeterEngine: Continue on error 
2007/08/11 02:14:43 INFO  - jmeter.engine.StandardJMeterEngine: Starting 1 threads for group Test6. Ramp up = 1. 
2007/08/11 02:14:43 INFO  - jmeter.engine.StandardJMeterEngine: Continue on error 
2007/08/11 02:14:43 INFO  - jmeter.engine.StandardJMeterEngine: Starting 1 threads for group Test7. Ramp up = 1. 
2007/08/11 02:14:43 INFO  - jmeter.engine.StandardJMeterEngine: Continue on error 
2007/08/11 02:14:43 INFO  - jmeter.engine.StandardJMeterEngine: Starting 1 threads for group Test8. Ramp up = 1. 
2007/08/11 02:14:43 INFO  - jmeter.engine.StandardJMeterEngine: Continue on error 
2007/08/11 02:14:43 INFO  - jmeter.engine.StandardJMeterEngine: Starting 1 threads for group Test9. Ramp up = 1. 
2007/08/11 02:14:43 INFO  - jmeter.engine.StandardJMeterEngine: Continue on error 
2007/08/11 02:14:43 INFO  - jmeter.engine.StandardJMeterEngine: Starting 1 threads for group Test10. Ramp up = 1. 
2007/08/11 02:14:43 INFO  - jmeter.engine.StandardJMeterEngine: Continue on error 
2007/08/11 02:14:43 INFO  - jmeter.engine.StandardJMeterEngine: Starting 1 threads for group Test11. Ramp up = 1. 
2007/08/11 02:14:43 INFO  - jmeter.engine.StandardJMeterEngine: Continue on error 
2007/08/11 02:14:43 INFO  - jmeter.engine.StandardJMeterEngine: Starting 1 threads for group Test12. Ramp up = 1. 
2007/08/11 02:14:43 INFO  - jmeter.engine.StandardJMeterEngine: Continue on error 
2007/08/11 02:14:43 INFO  - jmeter.engine.StandardJMeterEngine: Starting 1 threads for group Test13. Ramp up = 1. 
2007/08/11 02:14:43 INFO  - jmeter.engine.StandardJMeterEngine: Continue on error 
2007/08/11 02:14:43 INFO  - jmeter.threads.JMeterThread: Thread Test1 1-1 started 
2007/08/11 02:14:43 INFO  - jmeter.threads.JMeterThread: Thread Test1 1-1 is done 
2007/08/11 02:14:43 INFO  - jmeter.engine.StandardJMeterEngine: Ending thread 0 
2007/08/11 02:14:43 INFO  - jmeter.threads.JMeterThread: Thread Test2 2-1 started 
2007/08/11 02:14:43 INFO  - jmeter.threads.JMeterThread: Thread Test2 2-1 is done 
2007/08/11 02:14:43 INFO  - jmeter.engine.StandardJMeterEngine: Ending thread 0 
2007/08/11 02:14:43 INFO  - jmeter.threads.JMeterThread: Thread Test3 3-1 started 
2007/08/11 02:14:43 INFO  - jmeter.threads.JMeterThread: Thread Test3 3-1 is done 
2007/08/11 02:14:43 INFO  - jmeter.engine.StandardJMeterEngine: Ending thread 0 
2007/08/11 02:14:43 INFO  - jmeter.threads.JMeterThread: Thread Test4 4-1 started 
2007/08/11 02:14:43 INFO  - jmeter.threads.JMeterThread: Thread Test4 4-1 is done 
2007/08/11 02:14:43 INFO  - jmeter.engine.StandardJMeterEngine: Ending thread 0 
2007/08/11 02:14:43 INFO  - jmeter.threads.JMeterThread: Thread Test5 5-1 started 
2007/08/11 02:14:43 INFO  - jmeter.threads.JMeterThread: Thread Test5 5-1 is done 
2007/08/11 02:14:43 INFO  - jmeter.engine.StandardJMeterEngine: Ending thread 0 
2007/08/11 02:14:43 INFO  - jmeter.threads.JMeterThread: Thread Test6 6-1 started 
2007/08/11 02:14:43 INFO  - jmeter.threads.JMeterThread: Thread Test6 6-1 is done 
2007/08/11 02:14:43 INFO  - jmeter.engine.StandardJMeterEngine: Ending thread 0 
2007/08/11 02:14:43 INFO  - jmeter.threads.JMeterThread: Thread Test7 7-1 started 
2007/08/11 02:14:43 INFO  - jmeter.threads.JMeterThread: Thread Test7 7-1 is done 
2007/08/11 02:14:43 INFO  - jmeter.engine.StandardJMeterEngine: Ending thread 0 
2007/08/11 02:14:43 INFO  - jmeter.threads.JMeterThread: Thread Test8 8-1 started 
2007/08/11 02:14:43 INFO  - jmeter.threads.JMeterThread: Thread Test8 8-1 is done 
2007/08/11 02:14:43 INFO  - jmeter.engine.StandardJMeterEngine: Ending thread 0 
2007/08/11 02:14:43 INFO  - jmeter.threads.JMeterThread: Thread Test9 9-1 started 
2007/08/11 02:14:43 INFO  - jmeter.threads.JMeterThread: Thread Test9 9-1 is done 
2007/08/11 02:14:43 INFO  - jmeter.engine.StandardJMeterEngine: Ending thread 0 
2007/08/11 02:14:43 INFO  - jmeter.threads.JMeterThread: Thread Test10 10-1 started 
2007/08/11 02:14:43 INFO  - jmeter.threads.JMeterThread: Thread Test10 10-1 is done 
2007/08/11 02:14:43 INFO  - jmeter.engine.StandardJMeterEngine: Ending thread 0 
2007/08/11 02:14:43 INFO  - jmeter.threads.JMeterThread: Thread Test11 11-1 started 
2007/08/11 02:14:43 INFO  - jmeter.threads.JMeterThread: Thread Test11 11-1 is done 
2007/08/11 02:14:43 INFO  - jmeter.engine.StandardJMeterEngine: Ending thread 0 
2007/08/11 02:14:43 INFO  - jmeter.threads.JMeterThread: Thread Test12 12-1 started 
2007/08/11 02:14:43 INFO  - jmeter.threads.JMeterThread: Thread Test12 12-1 is done 
2007/08/11 02:14:43 INFO  - jmeter.engine.StandardJMeterEngine: Ending thread 0 
2007/08/11 02:14:43 INFO  - jmeter.threads.JMeterThread: Thread Test13 13-1 started 
2007/08/11 02:14:43 INFO  - jmeter.threads.JMeterThread: Thread Test13 13-1 is done 
2007/08/11 02:14:43 INFO  - jmeter.engine.StandardJMeterEngine: Ending thread 0 
2007/08/11 02:14:43 INFO  - jmeter.engine.StandardJMeterEngine: Stopping test 
2007/08/11 02:14:43 INFO  - jmeter.engine.StandardJMeterEngine: Starting 1 threads for group Test14. Ramp up = 1. 
2007/08/11 02:14:43 INFO  - jmeter.engine.StandardJMeterEngine: Continue on error 
2007/08/11 02:14:43 INFO  - jmeter.engine.StandardJMeterEngine: Starting 1 threads for group Test14. Ramp up = 1. 
2007/08/11 02:14:43 INFO  - jmeter.engine.StandardJMeterEngine: Continue on error 
2007/08/11 02:14:43 INFO  - jmeter.engine.StandardJMeterEngine: Starting 1 threads for group Test14. Ramp up = 1. 
2007/08/11 02:14:43 INFO  - jmeter.engine.StandardJMeterEngine: Continue on error 
2007/08/11 02:14:43 INFO  - jmeter.engine.StandardJMeterEngine: Starting 1 threads for group Test14. Ramp up = 1. 
2007/08/11 02:14:43 INFO  - jmeter.engine.StandardJMeterEngine: Continue on error 
2007/08/11 02:14:43 INFO  - jmeter.engine.StandardJMeterEngine: Starting 1 threads for group Test14. Ramp up = 1. 
2007/08/11 02:14:43 INFO  - jmeter.engine.StandardJMeterEngine: Continue on error 
2007/08/11 02:14:43 INFO  - jmeter.engine.StandardJMeterEngine: Starting 1 threads for group Test14. Ramp up = 1. 
2007/08/11 02:14:43 INFO  - jmeter.engine.StandardJMeterEngine: Continue on error 
2007/08/11 02:14:43 INFO  - jmeter.engine.StandardJMeterEngine: Starting 1 threads for group Test14. Ramp up = 1. 
2007/08/11 02:14:43 INFO  - jmeter.engine.StandardJMeterEngine: Continue on error 
2007/08/11 02:14:43 INFO  - jmeter.engine.StandardJMeterEngine: Starting 1 threads for group Test14. Ramp up = 1. 
2007/08/11 02:14:43 INFO  - jmeter.engine.StandardJMeterEngine: Continue on error 
2007/08/11 02:14:43 INFO  - jmeter.engine.StandardJMeterEngine: Starting 1 threads for group Test14. Ramp up = 1. 
2007/08/11 02:14:43 INFO  - jmeter.engine.StandardJMeterEngine: Continue on error 
2007/08/11 02:14:43 INFO  - jmeter.engine.StandardJMeterEngine: Starting 1 threads for group Test14. Ramp up = 1. 
2007/08/11 02:14:43 INFO  - jmeter.engine.StandardJMeterEngine: Continue on error 
2007/08/11 02:14:43 INFO  - jmeter.engine.StandardJMeterEngine: Starting 1 threads for group Test14. Ramp up = 1. 
2007/08/11 02:14:43 INFO  - jmeter.engine.StandardJMeterEngine: Continue on error 
2007/08/11 02:14:43 INFO  - jmeter.engine.StandardJMeterEngine: Starting 1 threads for group Test15. Ramp up = 1. 
2007/08/11 02:14:43 INFO  - jmeter.engine.StandardJMeterEngine: Continue on error 
2007/08/11 02:14:43 INFO  - jmeter.threads.JMeterThread: Stopping Test14 16-1 
2007/08/11 02:14:43 INFO  - jmeter.threads.JMeterThread: Stopping Test14 15-1 
2007/08/11 02:14:43 INFO  - jmeter.threads.JMeterThread: Stopping Test14 18-1 
2007/08/11 02:14:43 INFO  - jmeter.threads.JMeterThread: Stopping Test14 21-1 
2007/08/11 02:14:43 INFO  - jmeter.threads.JMeterThread: Stopping Test14 23-1 
2007/08/11 02:14:43 INFO  - jmeter.threads.JMeterThread: Stopping Test14 19-1 
2007/08/11 02:14:43 INFO  - jmeter.threads.JMeterThread: Stopping Test15 25-1 
2007/08/11 02:14:43 INFO  - jmeter.threads.JMeterThread: Stopping Test14 17-1 
2007/08/11 02:14:43 INFO  - jmeter.threads.JMeterThread: Stopping Test14 22-1 
2007/08/11 02:14:43 INFO  - jmeter.threads.JMeterThread: Stopping Test14 20-1 
2007/08/11 02:14:43 INFO  - jmeter.threads.JMeterThread: Stopping Test14 24-1 
2007/08/11 02:14:43 INFO  - jmeter.threads.JMeterThread: Stopping Test14 14-1 
2007/08/11 02:14:43 INFO  - jmeter.threads.JMeterThread: Thread Test14 14-1 started 
2007/08/11 02:14:43 INFO  - jmeter.threads.JMeterThread: Thread Test14 14-1 is done 
2007/08/11 02:14:43 INFO  - jmeter.engine.StandardJMeterEngine: Ending thread 0 
2007/08/11 02:14:43 INFO  - jmeter.threads.JMeterThread: Thread Test14 15-1 started 
2007/08/11 02:14:43 INFO  - jmeter.threads.JMeterThread: Thread Test14 15-1 is done 
2007/08/11 02:14:43 INFO  - jmeter.engine.StandardJMeterEngine: Ending thread 0 
2007/08/11 02:14:43 INFO  - jmeter.threads.JMeterThread: Thread Test14 16-1 started 
2007/08/11 02:14:43 INFO  - jmeter.threads.JMeterThread: Thread Test14 16-1 is done 
2007/08/11 02:14:43 INFO  - jmeter.engine.StandardJMeterEngine: Ending thread 0 
2007/08/11 02:14:43 INFO  - jmeter.threads.JMeterThread: Thread Test14 17-1 started 
2007/08/11 02:14:43 INFO  - jmeter.threads.JMeterThread: Thread Test14 18-1 started 
2007/08/11 02:14:43 INFO  - jmeter.threads.JMeterThread: Thread Test14 19-1 started 
2007/08/11 02:14:43 INFO  - jmeter.threads.JMeterThread: Thread Test14 20-1 started 
2007/08/11 02:14:43 INFO  - jmeter.threads.JMeterThread: Thread Test14 21-1 started 
2007/08/11 02:14:43 INFO  - jmeter.threads.JMeterThread: Thread Test14 22-1 started 
2007/08/11 02:14:43 INFO  - jmeter.threads.JMeterThread: Thread Test14 23-1 started 
2007/08/11 02:14:43 INFO  - jmeter.threads.JMeterThread: Thread Test14 24-1 started 
2007/08/11 02:14:43 INFO  - jmeter.threads.JMeterThread: Thread Test15 25-1 started 
2007/08/11 02:14:43 INFO  - jmeter.threads.JMeterThread: Thread Test14 17-1 is done 
2007/08/11 02:14:43 INFO  - jmeter.engine.StandardJMeterEngine: Ending thread 0 
2007/08/11 02:14:43 INFO  - jmeter.threads.JMeterThread: Thread Test14 18-1 is done 
2007/08/11 02:14:43 INFO  - jmeter.engine.StandardJMeterEngine: Ending thread 0 
2007/08/11 02:14:43 INFO  - jmeter.threads.JMeterThread: Thread Test14 19-1 is done 
2007/08/11 02:14:43 INFO  - jmeter.engine.StandardJMeterEngine: Ending thread 0 
2007/08/11 02:14:43 INFO  - jmeter.threads.JMeterThread: Thread Test14 20-1 is done 
2007/08/11 02:14:43 INFO  - jmeter.engine.StandardJMeterEngine: Ending thread 0 
2007/08/11 02:14:43 INFO  - jmeter.threads.JMeterThread: Thread Test14 21-1 is done 
2007/08/11 02:14:43 INFO  - jmeter.engine.StandardJMeterEngine: Ending thread 0 
2007/08/11 02:14:43 INFO  - jmeter.threads.JMeterThread: Thread Test14 22-1 is done 
2007/08/11 02:14:43 INFO  - jmeter.engine.StandardJMeterEngine: Ending thread 0 
2007/08/11 02:14:43 INFO  - jmeter.threads.JMeterThread: Thread Test14 23-1 is done 
2007/08/11 02:14:43 INFO  - jmeter.engine.StandardJMeterEngine: Ending thread 0 
2007/08/11 02:14:43 INFO  - jmeter.threads.JMeterThread: Thread Test14 24-1 is done 
2007/08/11 02:14:43 INFO  - jmeter.engine.StandardJMeterEngine: Ending thread 0 
2007/08/11 02:14:43 INFO  - jmeter.threads.JMeterThread: Thread Test15 25-1 is done 
2007/08/11 02:14:43 INFO  - jmeter.engine.StandardJMeterEngine: Ending thread 0 
2007/08/11 02:14:43 INFO  - jmeter.engine.StandardJMeterEngine: Stopping test 
2007/08/11 02:14:43 INFO  - jmeter.engine.StandardJMeterEngine: Notifying test listeners of end of test 
2007/08/11 02:14:43 INFO  - jmeter.gui.util.JMeterMenuBar: setRunning(false,local) 
2007/08/11 02:14:43 INFO  - jmeter.engine.StandardJMeterEngine: Test has ended 
