2020-12-30 11:37:19,309 INFO o.a.j.u.JMeterUtils: Setting Locale to en_EN
2020-12-30 11:37:19,340 INFO o.a.j.JMeter: Loading user properties from: ..\apache-jmeter-5.4\bin\user.properties
2020-12-30 11:37:19,340 INFO o.a.j.JMeter: Loading system properties from: ..\apache-jmeter-5.4\bin\system.properties
2020-12-30 11:37:19,356 INFO o.a.j.JMeter: Copyright (c) 1998-2020 The Apache Software Foundation
2020-12-30 11:37:19,356 INFO o.a.j.JMeter: Version 5.4
2020-12-30 11:37:19,356 INFO o.a.j.JMeter: java.version=15
2020-12-30 11:37:19,356 INFO o.a.j.JMeter: java.vm.name=Java HotSpot(TM) 64-Bit Server VM
2020-12-30 11:37:19,356 INFO o.a.j.JMeter: os.name=Windows 10
2020-12-30 11:37:19,356 INFO o.a.j.JMeter: os.arch=amd64
2020-12-30 11:37:19,356 INFO o.a.j.JMeter: os.version=10.0
2020-12-30 11:37:19,356 INFO o.a.j.JMeter: file.encoding=Cp1252
2020-12-30 11:37:19,356 INFO o.a.j.JMeter: java.awt.headless=true
2020-12-30 11:37:19,356 INFO o.a.j.JMeter: Max memory     =1073741824
2020-12-30 11:37:19,356 INFO o.a.j.JMeter: Available Processors =8
2020-12-30 11:37:19,372 INFO o.a.j.JMeter: Default Locale=English (EN)
2020-12-30 11:37:19,372 INFO o.a.j.JMeter: JMeter  Locale=English (EN)
2020-12-30 11:37:19,372 INFO o.a.j.JMeter: JMeterHome=..\apache-jmeter-5.4
2020-12-30 11:37:19,372 INFO o.a.j.JMeter: user.dir  =..\artifacts
2020-12-30 11:37:19,372 INFO o.a.j.JMeter: PWD       =..\artifacts
2020-12-30 11:37:19,372 INFO o.a.j.JMeter: IP: 192.168.0.145 Name: XXX FullName: host.docker.internal
2020-12-30 11:37:19,372 INFO o.a.j.s.FileServer: Default base='..\artifacts'
2020-12-30 11:37:19,387 INFO o.a.j.s.FileServer: Set new base='..\artifacts\.'
2020-12-30 11:37:19,557 INFO o.a.j.s.SaveService: Testplan (JMX) version: 2.2. Testlog (JTL) version: 2.2
2020-12-30 11:37:19,572 INFO o.a.j.s.SaveService: Using SaveService properties version 5.0
2020-12-30 11:37:19,572 INFO o.a.j.s.SaveService: Using SaveService properties file encoding UTF-8
2020-12-30 11:37:19,572 INFO o.a.j.s.SaveService: Loading file: .\testplan.jmx
2020-12-30 11:37:19,626 INFO o.a.j.p.h.s.HTTPSamplerBase: Parser for text/html is org.apache.jmeter.protocol.http.parser.LagartoBasedHtmlParser
2020-12-30 11:37:19,626 INFO o.a.j.p.h.s.HTTPSamplerBase: Parser for application/xhtml+xml is org.apache.jmeter.protocol.http.parser.LagartoBasedHtmlParser
2020-12-30 11:37:19,626 INFO o.a.j.p.h.s.HTTPSamplerBase: Parser for application/xml is org.apache.jmeter.protocol.http.parser.LagartoBasedHtmlParser
2020-12-30 11:37:19,626 INFO o.a.j.p.h.s.HTTPSamplerBase: Parser for text/xml is org.apache.jmeter.protocol.http.parser.LagartoBasedHtmlParser
2020-12-30 11:37:19,626 INFO o.a.j.p.h.s.HTTPSamplerBase: Parser for text/vnd.wap.wml is org.apache.jmeter.protocol.http.parser.RegexpHTMLParser
2020-12-30 11:37:19,626 INFO o.a.j.p.h.s.HTTPSamplerBase: Parser for text/css is org.apache.jmeter.protocol.http.parser.CssParser
2020-12-30 11:37:19,657 INFO o.a.j.s.SampleResult: Note: Sample TimeStamps are START times
2020-12-30 11:37:19,657 INFO o.a.j.s.SampleResult: sampleresult.default.encoding is set to ISO-8859-1
2020-12-30 11:37:19,657 INFO o.a.j.s.SampleResult: sampleresult.useNanoTime=true
2020-12-30 11:37:19,657 INFO o.a.j.s.SampleResult: sampleresult.nanoThreadSleep=5000
2020-12-30 11:37:19,669 INFO o.a.j.JMeter: Creating summariser <summary>
2020-12-30 11:37:19,669 INFO o.a.j.e.StandardJMeterEngine: Running the test!
2020-12-30 11:37:19,669 INFO o.a.j.s.SampleEvent: List of sample_variables: []
2020-12-30 11:37:19,669 INFO o.a.j.s.SampleEvent: List of sample_variables: []
2020-12-30 11:37:19,669 INFO o.a.j.e.u.CompoundVariable: Note: Function class names must contain the string: '.functions.'
2020-12-30 11:37:19,669 INFO o.a.j.e.u.CompoundVariable: Note: Function class names must not contain the string: '.gui.'
2020-12-30 11:37:19,727 INFO o.a.j.JMeter: Running test (1609308439727)
2020-12-30 11:37:19,742 INFO o.a.j.e.StandardJMeterEngine: Starting ThreadGroup: 1 : Thread Group
2020-12-30 11:37:19,742 INFO o.a.j.e.StandardJMeterEngine: Starting 200 threads for group Thread Group.
2020-12-30 11:37:19,742 INFO o.a.j.e.StandardJMeterEngine: Thread will continue on error
2020-12-30 11:37:19,742 INFO o.a.j.t.ThreadGroup: Starting thread group... number=1 threads=200 ramp-up=0 delayedStart=false
2020-12-30 11:37:19,756 INFO o.a.j.t.JMeterThread: Thread started: Thread Group 1-5
2020-12-30 11:37:19,756 INFO o.a.j.t.JMeterThread: Thread started: Thread Group 1-1
2020-12-30 11:37:19,756 INFO o.a.j.t.JMeterThread: Thread started: Thread Group 1-4
2020-12-30 11:37:19,756 INFO o.a.j.t.JMeterThread: Thread started: Thread Group 1-6
2020-12-30 11:37:19,756 INFO o.a.j.t.JMeterThread: Thread started: Thread Group 1-2
2020-12-30 11:37:19,756 INFO o.a.j.t.JMeterThread: Thread started: Thread Group 1-3
2020-12-30 11:37:19,757 INFO o.a.j.t.JMeterThread: Thread started: Thread Group 1-7
2020-12-30 11:37:19,757 INFO o.a.j.t.JMeterThread: Thread started: Thread Group 1-8
2020-12-30 11:37:19,757 INFO o.a.j.t.JMeterThread: Thread started: Thread Group 1-9
2020-12-30 11:37:19,757 INFO o.a.j.t.JMeterThread: Thread started: Thread Group 1-10
2020-12-30 11:37:19,757 INFO o.a.j.t.JMeterThread: Thread started: Thread Group 1-11
2020-12-30 11:37:19,758 INFO o.a.j.t.JMeterThread: Thread started: Thread Group 1-12
2020-12-30 11:37:19,760 INFO o.a.j.t.JMeterThread: Thread started: Thread Group 1-13
2020-12-30 11:37:19,761 INFO o.a.j.t.JMeterThread: Thread started: Thread Group 1-14
2020-12-30 11:37:19,761 INFO o.a.j.t.JMeterThread: Thread started: Thread Group 1-15
2020-12-30 11:37:19,762 INFO o.a.j.t.JMeterThread: Thread started: Thread Group 1-16
2020-12-30 11:37:19,763 INFO o.a.j.t.JMeterThread: Thread started: Thread Group 1-17
2020-12-30 11:37:19,763 INFO o.a.j.t.JMeterThread: Thread started: Thread Group 1-18
2020-12-30 11:37:19,763 INFO o.a.j.t.JMeterThread: Thread started: Thread Group 1-19
2020-12-30 11:37:19,763 INFO o.a.j.t.JMeterThread: Thread started: Thread Group 1-20
2020-12-30 11:37:19,764 INFO o.a.j.t.JMeterThread: Thread started: Thread Group 1-21
2020-12-30 11:37:19,764 INFO o.a.j.t.JMeterThread: Thread started: Thread Group 1-22
2020-12-30 11:37:19,765 INFO o.a.j.t.JMeterThread: Thread started: Thread Group 1-23
2020-12-30 11:37:19,765 INFO o.a.j.t.JMeterThread: Thread started: Thread Group 1-24
2020-12-30 11:37:19,765 INFO o.a.j.t.JMeterThread: Thread started: Thread Group 1-25
2020-12-30 11:37:19,766 INFO o.a.j.t.JMeterThread: Thread started: Thread Group 1-26
2020-12-30 11:37:19,766 INFO o.a.j.t.JMeterThread: Thread started: Thread Group 1-27
2020-12-30 11:37:19,767 INFO o.a.j.t.JMeterThread: Thread started: Thread Group 1-28
2020-12-30 11:37:19,767 INFO o.a.j.t.JMeterThread: Thread started: Thread Group 1-29
2020-12-30 11:37:19,768 INFO o.a.j.t.JMeterThread: Thread started: Thread Group 1-30
2020-12-30 11:37:19,768 INFO o.a.j.t.JMeterThread: Thread started: Thread Group 1-31
2020-12-30 11:37:19,768 INFO o.a.j.t.JMeterThread: Thread started: Thread Group 1-32
2020-12-30 11:37:19,769 INFO o.a.j.t.JMeterThread: Thread started: Thread Group 1-33
2020-12-30 11:37:19,769 INFO o.a.j.t.JMeterThread: Thread started: Thread Group 1-34
2020-12-30 11:37:19,770 INFO o.a.j.t.JMeterThread: Thread started: Thread Group 1-35
2020-12-30 11:37:19,770 INFO o.a.j.t.JMeterThread: Thread started: Thread Group 1-36
2020-12-30 11:37:19,770 INFO o.a.j.t.JMeterThread: Thread started: Thread Group 1-37
2020-12-30 11:37:19,771 INFO o.a.j.t.JMeterThread: Thread started: Thread Group 1-38
2020-12-30 11:37:19,771 INFO o.a.j.t.JMeterThread: Thread started: Thread Group 1-39
2020-12-30 11:37:19,771 INFO o.a.j.t.JMeterThread: Thread started: Thread Group 1-40
2020-12-30 11:37:19,772 INFO o.a.j.t.JMeterThread: Thread started: Thread Group 1-41
2020-12-30 11:37:19,772 INFO o.a.j.t.JMeterThread: Thread started: Thread Group 1-42
2020-12-30 11:37:19,772 INFO o.a.j.t.JMeterThread: Thread started: Thread Group 1-43
2020-12-30 11:37:19,773 INFO o.a.j.t.JMeterThread: Thread started: Thread Group 1-44
2020-12-30 11:37:19,773 INFO o.a.j.t.JMeterThread: Thread started: Thread Group 1-45
2020-12-30 11:37:19,773 INFO o.a.j.t.JMeterThread: Thread started: Thread Group 1-46
2020-12-30 11:37:19,774 INFO o.a.j.t.JMeterThread: Thread started: Thread Group 1-47
2020-12-30 11:37:19,774 INFO o.a.j.t.JMeterThread: Thread started: Thread Group 1-48
2020-12-30 11:37:19,774 INFO o.a.j.t.JMeterThread: Thread started: Thread Group 1-49
2020-12-30 11:37:19,775 INFO o.a.j.t.JMeterThread: Thread started: Thread Group 1-50
2020-12-30 11:37:19,775 INFO o.a.j.t.JMeterThread: Thread started: Thread Group 1-51
2020-12-30 11:37:19,775 INFO o.a.j.t.JMeterThread: Thread started: Thread Group 1-52
2020-12-30 11:37:19,776 INFO o.a.j.t.JMeterThread: Thread started: Thread Group 1-53
2020-12-30 11:37:19,776 INFO o.a.j.t.JMeterThread: Thread started: Thread Group 1-54
2020-12-30 11:37:19,776 INFO o.a.j.t.JMeterThread: Thread started: Thread Group 1-55
2020-12-30 11:37:19,777 INFO o.a.j.t.JMeterThread: Thread started: Thread Group 1-56
2020-12-30 11:37:19,777 INFO o.a.j.t.JMeterThread: Thread started: Thread Group 1-57
2020-12-30 11:37:19,777 INFO o.a.j.t.JMeterThread: Thread started: Thread Group 1-58
2020-12-30 11:37:19,778 INFO o.a.j.t.JMeterThread: Thread started: Thread Group 1-59
2020-12-30 11:37:19,778 INFO o.a.j.t.JMeterThread: Thread started: Thread Group 1-60
2020-12-30 11:37:19,778 INFO o.a.j.t.JMeterThread: Thread started: Thread Group 1-61
2020-12-30 11:37:19,779 INFO o.a.j.t.JMeterThread: Thread started: Thread Group 1-62
2020-12-30 11:37:19,779 INFO o.a.j.t.JMeterThread: Thread started: Thread Group 1-63
2020-12-30 11:37:19,779 INFO o.a.j.t.JMeterThread: Thread started: Thread Group 1-64
2020-12-30 11:37:19,780 INFO o.a.j.t.JMeterThread: Thread started: Thread Group 1-65
2020-12-30 11:37:19,780 INFO o.a.j.t.JMeterThread: Thread started: Thread Group 1-66
2020-12-30 11:37:19,780 INFO o.a.j.t.JMeterThread: Thread started: Thread Group 1-67
2020-12-30 11:37:19,781 INFO o.a.j.t.JMeterThread: Thread started: Thread Group 1-68
2020-12-30 11:37:19,781 INFO o.a.j.t.JMeterThread: Thread started: Thread Group 1-69
2020-12-30 11:37:19,781 INFO o.a.j.t.JMeterThread: Thread started: Thread Group 1-70
2020-12-30 11:37:19,782 INFO o.a.j.t.JMeterThread: Thread started: Thread Group 1-71
2020-12-30 11:37:19,782 INFO o.a.j.t.JMeterThread: Thread started: Thread Group 1-72
2020-12-30 11:37:19,782 INFO o.a.j.t.JMeterThread: Thread started: Thread Group 1-73
2020-12-30 11:37:19,783 INFO o.a.j.t.JMeterThread: Thread started: Thread Group 1-74
2020-12-30 11:37:19,783 INFO o.a.j.t.JMeterThread: Thread started: Thread Group 1-75
2020-12-30 11:37:19,784 INFO o.a.j.t.JMeterThread: Thread started: Thread Group 1-76
2020-12-30 11:37:19,784 INFO o.a.j.t.JMeterThread: Thread started: Thread Group 1-77
2020-12-30 11:37:19,784 INFO o.a.j.t.JMeterThread: Thread started: Thread Group 1-78
2020-12-30 11:37:19,785 INFO o.a.j.t.JMeterThread: Thread started: Thread Group 1-79
2020-12-30 11:37:19,786 INFO o.a.j.t.JMeterThread: Thread started: Thread Group 1-80
2020-12-30 11:37:19,786 INFO o.a.j.t.JMeterThread: Thread started: Thread Group 1-81
2020-12-30 11:37:19,786 INFO o.a.j.t.JMeterThread: Thread started: Thread Group 1-82
2020-12-30 11:37:19,786 WARN o.a.j.p.h.s.HTTPHCAbstractImpl: You're using property 'httpclient.timeout' that will soon be deprecated for HttpClient3.1, you should either set timeout in HTTP Request GUI, HTTP Request Defaults or set http.socket.timeout in httpclient.parameters
2020-12-30 11:37:19,787 INFO o.a.j.p.h.s.HTTPHCAbstractImpl: Local host = XXX
2020-12-30 11:37:19,786 INFO o.a.j.t.JMeterThread: Thread started: Thread Group 1-83
2020-12-30 11:37:19,787 INFO o.a.j.t.JMeterThread: Thread started: Thread Group 1-85
2020-12-30 11:37:19,787 INFO o.a.j.t.JMeterThread: Thread started: Thread Group 1-84
2020-12-30 11:37:19,787 INFO o.a.j.t.JMeterThread: Thread started: Thread Group 1-87
2020-12-30 11:37:19,787 INFO o.a.j.t.JMeterThread: Thread started: Thread Group 1-86
2020-12-30 11:37:19,789 INFO o.a.j.t.JMeterThread: Thread started: Thread Group 1-89
2020-12-30 11:37:19,789 INFO o.a.j.t.JMeterThread: Thread started: Thread Group 1-88
2020-12-30 11:37:19,790 INFO o.a.j.t.JMeterThread: Thread started: Thread Group 1-91
2020-12-30 11:37:19,790 INFO o.a.j.t.JMeterThread: Thread started: Thread Group 1-90
2020-12-30 11:37:19,790 INFO o.a.j.t.JMeterThread: Thread started: Thread Group 1-92
2020-12-30 11:37:19,790 INFO o.a.j.t.JMeterThread: Thread started: Thread Group 1-94
2020-12-30 11:37:19,790 INFO o.a.j.t.JMeterThread: Thread started: Thread Group 1-93
2020-12-30 11:37:19,790 INFO o.a.j.t.JMeterThread: Thread started: Thread Group 1-96
2020-12-30 11:37:19,790 INFO o.a.j.t.JMeterThread: Thread started: Thread Group 1-95
2020-12-30 11:37:19,792 INFO o.a.j.t.JMeterThread: Thread started: Thread Group 1-97
2020-12-30 11:37:19,792 INFO o.a.j.t.JMeterThread: Thread started: Thread Group 1-98
2020-12-30 11:37:19,792 INFO o.a.j.t.JMeterThread: Thread started: Thread Group 1-99
2020-12-30 11:37:19,793 INFO o.a.j.t.JMeterThread: Thread started: Thread Group 1-100
2020-12-30 11:37:19,793 INFO o.a.j.t.JMeterThread: Thread started: Thread Group 1-101
2020-12-30 11:37:19,797 INFO o.a.j.t.JMeterThread: Thread started: Thread Group 1-104
2020-12-30 11:37:19,794 INFO o.a.j.t.JMeterThread: Thread started: Thread Group 1-103
2020-12-30 11:37:19,798 INFO o.a.j.t.JMeterThread: Thread started: Thread Group 1-102
2020-12-30 11:37:19,798 INFO o.a.j.t.JMeterThread: Thread started: Thread Group 1-105
2020-12-30 11:37:19,798 INFO o.a.j.t.JMeterThread: Thread started: Thread Group 1-107
2020-12-30 11:37:19,798 INFO o.a.j.t.JMeterThread: Thread started: Thread Group 1-108
2020-12-30 11:37:19,798 INFO o.a.j.t.JMeterThread: Thread started: Thread Group 1-106
2020-12-30 11:37:19,798 INFO o.a.j.t.JMeterThread: Thread started: Thread Group 1-111
2020-12-30 11:37:19,800 INFO o.a.j.t.JMeterThread: Thread started: Thread Group 1-109
2020-12-30 11:37:19,800 INFO o.a.j.t.JMeterThread: Thread started: Thread Group 1-112
2020-12-30 11:37:19,800 INFO o.a.j.t.JMeterThread: Thread started: Thread Group 1-113
2020-12-30 11:37:19,801 INFO o.a.j.t.JMeterThread: Thread started: Thread Group 1-110
2020-12-30 11:37:19,801 INFO o.a.j.p.h.s.HTTPHC4Impl: HTTP request retry count = 0
2020-12-30 11:37:19,801 INFO o.a.j.t.JMeterThread: Thread started: Thread Group 1-115
2020-12-30 11:37:19,801 INFO o.a.j.t.JMeterThread: Thread started: Thread Group 1-114
2020-12-30 11:37:19,801 INFO o.a.j.t.JMeterThread: Thread started: Thread Group 1-116
2020-12-30 11:37:19,802 INFO o.a.j.t.JMeterThread: Thread started: Thread Group 1-117
2020-12-30 11:37:19,802 INFO o.a.j.t.JMeterThread: Thread started: Thread Group 1-118
2020-12-30 11:37:19,803 INFO o.a.j.t.JMeterThread: Thread started: Thread Group 1-119
2020-12-30 11:37:19,803 INFO o.a.j.t.JMeterThread: Thread started: Thread Group 1-120
2020-12-30 11:37:19,804 INFO o.a.j.t.JMeterThread: Thread started: Thread Group 1-121
2020-12-30 11:37:19,804 INFO o.a.j.t.JMeterThread: Thread started: Thread Group 1-122
2020-12-30 11:37:19,805 INFO o.a.j.t.JMeterThread: Thread started: Thread Group 1-123
2020-12-30 11:37:19,805 INFO o.a.j.t.JMeterThread: Thread started: Thread Group 1-124
2020-12-30 11:37:19,805 INFO o.a.j.t.JMeterThread: Thread started: Thread Group 1-125
2020-12-30 11:37:19,805 INFO o.a.j.t.JMeterThread: Thread started: Thread Group 1-127
2020-12-30 11:37:19,805 INFO o.a.j.t.JMeterThread: Thread started: Thread Group 1-126
2020-12-30 11:37:19,806 INFO o.a.j.t.JMeterThread: Thread started: Thread Group 1-128
2020-12-30 11:37:19,806 INFO o.a.j.t.JMeterThread: Thread started: Thread Group 1-129
2020-12-30 11:37:19,806 INFO o.a.j.t.JMeterThread: Thread started: Thread Group 1-130
2020-12-30 11:37:19,806 INFO o.a.j.t.JMeterThread: Thread started: Thread Group 1-131
2020-12-30 11:37:19,806 INFO o.a.j.t.JMeterThread: Thread started: Thread Group 1-132
2020-12-30 11:37:19,808 INFO o.a.j.t.JMeterThread: Thread started: Thread Group 1-133
2020-12-30 11:37:19,808 INFO o.a.j.t.JMeterThread: Thread started: Thread Group 1-134
2020-12-30 11:37:19,809 INFO o.a.j.t.JMeterThread: Thread started: Thread Group 1-135
2020-12-30 11:37:19,809 INFO o.a.j.t.JMeterThread: Thread started: Thread Group 1-136
2020-12-30 11:37:19,809 INFO o.a.j.t.JMeterThread: Thread started: Thread Group 1-137
2020-12-30 11:37:19,809 INFO o.a.j.t.JMeterThread: Thread started: Thread Group 1-138
2020-12-30 11:37:19,810 INFO o.a.j.t.JMeterThread: Thread started: Thread Group 1-140
2020-12-30 11:37:19,810 INFO o.a.j.t.JMeterThread: Thread started: Thread Group 1-141
2020-12-30 11:37:19,811 INFO o.a.j.t.JMeterThread: Thread started: Thread Group 1-142
2020-12-30 11:37:19,811 INFO o.a.j.t.JMeterThread: Thread started: Thread Group 1-145
2020-12-30 11:37:19,811 INFO o.a.j.t.JMeterThread: Thread started: Thread Group 1-139
2020-12-30 11:37:19,812 INFO o.a.j.t.JMeterThread: Thread started: Thread Group 1-143
2020-12-30 11:37:19,812 INFO o.a.j.t.JMeterThread: Thread started: Thread Group 1-150
2020-12-30 11:37:19,813 INFO o.a.j.t.JMeterThread: Thread started: Thread Group 1-144
2020-12-30 11:37:19,813 INFO o.a.j.t.JMeterThread: Thread started: Thread Group 1-147
2020-12-30 11:37:19,813 INFO o.a.j.t.JMeterThread: Thread started: Thread Group 1-149
2020-12-30 11:37:19,814 INFO o.a.j.t.JMeterThread: Thread started: Thread Group 1-146
2020-12-30 11:37:19,814 INFO o.a.j.t.JMeterThread: Thread started: Thread Group 1-151
2020-12-30 11:37:19,814 INFO o.a.j.t.JMeterThread: Thread started: Thread Group 1-153
2020-12-30 11:37:19,814 INFO o.a.j.t.JMeterThread: Thread started: Thread Group 1-154
2020-12-30 11:37:19,814 INFO o.a.j.t.JMeterThread: Thread started: Thread Group 1-157
2020-12-30 11:37:19,815 INFO o.a.j.t.JMeterThread: Thread started: Thread Group 1-152
2020-12-30 11:37:19,815 INFO o.a.j.t.JMeterThread: Thread started: Thread Group 1-158
2020-12-30 11:37:19,815 INFO o.a.j.t.JMeterThread: Thread started: Thread Group 1-162
2020-12-30 11:37:19,815 INFO o.a.j.t.JMeterThread: Thread started: Thread Group 1-148
2020-12-30 11:37:19,815 INFO o.a.j.t.JMeterThread: Thread started: Thread Group 1-161
2020-12-30 11:37:19,815 INFO o.a.j.t.JMeterThread: Thread started: Thread Group 1-166
2020-12-30 11:37:19,815 INFO o.a.j.t.JMeterThread: Thread started: Thread Group 1-165
2020-12-30 11:37:19,815 INFO o.a.j.t.JMeterThread: Thread started: Thread Group 1-169
2020-12-30 11:37:19,815 INFO o.a.j.t.JMeterThread: Thread started: Thread Group 1-170
2020-12-30 11:37:19,818 INFO o.a.j.t.JMeterThread: Thread started: Thread Group 1-174
2020-12-30 11:37:19,818 INFO o.a.j.t.JMeterThread: Thread started: Thread Group 1-173
2020-12-30 11:37:19,819 INFO o.a.j.t.JMeterThread: Thread started: Thread Group 1-177
2020-12-30 11:37:19,819 INFO o.a.j.t.JMeterThread: Thread started: Thread Group 1-178
2020-12-30 11:37:19,820 INFO o.a.j.t.JMeterThread: Thread started: Thread Group 1-182
2020-12-30 11:37:19,820 INFO o.a.j.t.JMeterThread: Thread started: Thread Group 1-181
2020-12-30 11:37:19,822 INFO o.a.j.t.JMeterThread: Thread started: Thread Group 1-185
2020-12-30 11:37:19,822 INFO o.a.j.t.JMeterThread: Thread started: Thread Group 1-155
2020-12-30 11:37:19,823 INFO o.a.j.t.JMeterThread: Thread started: Thread Group 1-189
2020-12-30 11:37:19,823 INFO o.a.j.t.JMeterThread: Thread started: Thread Group 1-156
2020-12-30 11:37:19,823 INFO o.a.j.t.JMeterThread: Thread started: Thread Group 1-160
2020-12-30 11:37:19,823 INFO o.a.j.t.JMeterThread: Thread started: Thread Group 1-186
2020-12-30 11:37:19,825 INFO o.a.j.t.ThreadGroup: Started thread group number 1
2020-12-30 11:37:19,825 INFO o.a.j.e.StandardJMeterEngine: All thread groups have been started
2020-12-30 11:37:19,825 INFO o.a.j.t.JMeterThread: Thread started: Thread Group 1-193
2020-12-30 11:37:19,825 INFO o.a.j.t.JMeterThread: Thread started: Thread Group 1-164
2020-12-30 11:37:19,825 INFO o.a.j.t.JMeterThread: Thread started: Thread Group 1-163
2020-12-30 11:37:19,826 INFO o.a.j.t.JMeterThread: Thread started: Thread Group 1-168
2020-12-30 11:37:19,827 INFO o.a.j.t.JMeterThread: Thread started: Thread Group 1-167
2020-12-30 11:37:19,828 INFO o.a.j.t.JMeterThread: Thread started: Thread Group 1-172
2020-12-30 11:37:19,828 INFO o.a.j.t.JMeterThread: Thread started: Thread Group 1-171
2020-12-30 11:37:19,829 INFO o.a.j.t.JMeterThread: Thread started: Thread Group 1-176
2020-12-30 11:37:19,829 INFO o.a.j.t.JMeterThread: Thread started: Thread Group 1-175
2020-12-30 11:37:19,829 INFO o.a.j.t.JMeterThread: Thread started: Thread Group 1-179
2020-12-30 11:37:19,831 INFO o.a.j.t.JMeterThread: Thread started: Thread Group 1-180
2020-12-30 11:37:19,832 INFO o.a.j.t.JMeterThread: Thread started: Thread Group 1-183
2020-12-30 11:37:19,832 INFO o.a.j.t.JMeterThread: Thread started: Thread Group 1-190
2020-12-30 11:37:19,833 INFO o.a.j.t.JMeterThread: Thread started: Thread Group 1-184
2020-12-30 11:37:19,833 INFO o.a.j.t.JMeterThread: Thread started: Thread Group 1-187
2020-12-30 11:37:19,835 INFO o.a.j.t.JMeterThread: Thread started: Thread Group 1-159
2020-12-30 11:37:19,835 INFO o.a.j.t.JMeterThread: Thread started: Thread Group 1-194
2020-12-30 11:37:19,835 INFO o.a.j.t.JMeterThread: Thread started: Thread Group 1-198
2020-12-30 11:37:19,835 INFO o.a.j.t.JMeterThread: Thread started: Thread Group 1-192
2020-12-30 11:37:19,835 INFO o.a.j.t.JMeterThread: Thread started: Thread Group 1-191
2020-12-30 11:37:19,835 INFO o.a.j.t.JMeterThread: Thread started: Thread Group 1-197
2020-12-30 11:37:19,836 INFO o.a.j.t.JMeterThread: Thread started: Thread Group 1-195
2020-12-30 11:37:19,836 INFO o.a.j.t.JMeterThread: Thread started: Thread Group 1-196
2020-12-30 11:37:19,836 INFO o.a.j.t.JMeterThread: Thread started: Thread Group 1-200
2020-12-30 11:37:19,835 INFO o.a.j.t.JMeterThread: Thread started: Thread Group 1-188
2020-12-30 11:37:19,836 INFO o.a.j.t.JMeterThread: Thread started: Thread Group 1-199
2020-12-30 11:37:20,562 INFO o.a.j.u.JsseSSLManager: Using default SSL protocol: TLS
2020-12-30 11:37:20,562 INFO o.a.j.u.JsseSSLManager: SSL session context: per-thread
2020-12-30 11:37:30,104 INFO o.a.j.r.Summariser: summary +   3598 in 00:00:10 =  347.6/s Avg:   538 Min:   518 Max:  1531 Err:     0 (0.00%) Active: 200 Started: 200 Finished: 0
2020-12-30 11:38:00,001 INFO o.a.j.r.Summariser: summary +  11434 in 00:00:30 =  382.3/s Avg:   525 Min:    24 Max:  3542 Err:   171 (1.50%) Active: 200 Started: 200 Finished: 0
2020-12-30 11:38:00,002 INFO o.a.j.r.Summariser: summary =  15032 in 00:00:40 =  373.2/s Avg:   528 Min:    24 Max:  3542 Err:   171 (1.14%)
2020-12-30 11:38:19,766 INFO o.a.j.t.JMeterThread: Stopping because end time detected by thread: Thread Group 1-12
2020-12-30 11:38:19,766 INFO o.a.j.t.JMeterThread: Thread finished: Thread Group 1-12
2020-12-30 11:38:19,766 INFO o.a.j.t.JMeterThread: Stopping because end time detected by thread: Thread Group 1-24
2020-12-30 11:38:19,766 INFO o.a.j.t.JMeterThread: Stopping because end time detected by thread: Thread Group 1-19
2020-12-30 11:38:19,773 INFO o.a.j.t.JMeterThread: Thread finished: Thread Group 1-24
2020-12-30 11:38:19,773 INFO o.a.j.t.JMeterThread: Thread finished: Thread Group 1-19
2020-12-30 11:38:19,789 INFO o.a.j.t.JMeterThread: Stopping because end time detected by thread: Thread Group 1-59
2020-12-30 11:38:19,789 INFO o.a.j.t.JMeterThread: Thread finished: Thread Group 1-59
2020-12-30 11:38:19,789 INFO o.a.j.t.JMeterThread: Stopping because end time detected by thread: Thread Group 1-55
2020-12-30 11:38:19,789 INFO o.a.j.t.JMeterThread: Thread finished: Thread Group 1-55
2020-12-30 11:38:19,793 INFO o.a.j.t.JMeterThread: Stopping because end time detected by thread: Thread Group 1-49
2020-12-30 11:38:19,793 INFO o.a.j.t.JMeterThread: Thread finished: Thread Group 1-49
2020-12-30 11:38:19,793 INFO o.a.j.t.JMeterThread: Stopping because end time detected by thread: Thread Group 1-40
2020-12-30 11:38:19,793 INFO o.a.j.t.JMeterThread: Stopping because end time detected by thread: Thread Group 1-16
2020-12-30 11:38:19,793 INFO o.a.j.t.JMeterThread: Thread finished: Thread Group 1-16
2020-12-30 11:38:19,794 INFO o.a.j.t.JMeterThread: Stopping because end time detected by thread: Thread Group 1-42
2020-12-30 11:38:19,794 INFO o.a.j.t.JMeterThread: Stopping because end time detected by thread: Thread Group 1-104
2020-12-30 11:38:19,794 INFO o.a.j.t.JMeterThread: Thread finished: Thread Group 1-42
2020-12-30 11:38:19,794 INFO o.a.j.t.JMeterThread: Thread finished: Thread Group 1-104
2020-12-30 11:38:19,794 INFO o.a.j.t.JMeterThread: Stopping because end time detected by thread: Thread Group 1-61
2020-12-30 11:38:19,794 INFO o.a.j.t.JMeterThread: Thread finished: Thread Group 1-61
2020-12-30 11:38:19,795 INFO o.a.j.t.JMeterThread: Stopping because end time detected by thread: Thread Group 1-98
2020-12-30 11:38:19,795 INFO o.a.j.t.JMeterThread: Thread finished: Thread Group 1-98
2020-12-30 11:38:19,795 INFO o.a.j.t.JMeterThread: Stopping because end time detected by thread: Thread Group 1-69
2020-12-30 11:38:19,795 INFO o.a.j.t.JMeterThread: Thread finished: Thread Group 1-69
2020-12-30 11:38:19,796 INFO o.a.j.t.JMeterThread: Stopping because end time detected by thread: Thread Group 1-90
2020-12-30 11:38:19,796 INFO o.a.j.t.JMeterThread: Thread finished: Thread Group 1-90
2020-12-30 11:38:19,799 INFO o.a.j.t.JMeterThread: Stopping because end time detected by thread: Thread Group 1-26
2020-12-30 11:38:19,799 INFO o.a.j.t.JMeterThread: Thread finished: Thread Group 1-26
2020-12-30 11:38:19,800 INFO o.a.j.t.JMeterThread: Stopping because end time detected by thread: Thread Group 1-86
2020-12-30 11:38:19,800 INFO o.a.j.t.JMeterThread: Thread finished: Thread Group 1-86
2020-12-30 11:38:19,800 INFO o.a.j.t.JMeterThread: Stopping because end time detected by thread: Thread Group 1-45
2020-12-30 11:38:19,800 INFO o.a.j.t.JMeterThread: Stopping because end time detected by thread: Thread Group 1-53
2020-12-30 11:38:19,800 INFO o.a.j.t.JMeterThread: Thread finished: Thread Group 1-53
2020-12-30 11:38:19,800 INFO o.a.j.t.JMeterThread: Thread finished: Thread Group 1-45
2020-12-30 11:38:19,800 INFO o.a.j.t.JMeterThread: Stopping because end time detected by thread: Thread Group 1-27
2020-12-30 11:38:19,801 INFO o.a.j.t.JMeterThread: Stopping because end time detected by thread: Thread Group 1-80
2020-12-30 11:38:19,801 INFO o.a.j.t.JMeterThread: Stopping because end time detected by thread: Thread Group 1-47
2020-12-30 11:38:19,801 INFO o.a.j.t.JMeterThread: Thread finished: Thread Group 1-80
2020-12-30 11:38:19,801 INFO o.a.j.t.JMeterThread: Thread finished: Thread Group 1-47
2020-12-30 11:38:19,801 INFO o.a.j.t.JMeterThread: Stopping because end time detected by thread: Thread Group 1-54
2020-12-30 11:38:19,801 INFO o.a.j.t.JMeterThread: Thread finished: Thread Group 1-54
2020-12-30 11:38:19,801 INFO o.a.j.t.JMeterThread: Stopping because end time detected by thread: Thread Group 1-85
2020-12-30 11:38:19,801 INFO o.a.j.t.JMeterThread: Thread finished: Thread Group 1-85
2020-12-30 11:38:19,801 INFO o.a.j.t.JMeterThread: Stopping because end time detected by thread: Thread Group 1-100
2020-12-30 11:38:19,801 INFO o.a.j.t.JMeterThread: Thread finished: Thread Group 1-100
2020-12-30 11:38:19,801 INFO o.a.j.t.JMeterThread: Stopping because end time detected by thread: Thread Group 1-34
2020-12-30 11:38:19,801 INFO o.a.j.t.JMeterThread: Thread finished: Thread Group 1-34
2020-12-30 11:38:19,801 INFO o.a.j.t.JMeterThread: Stopping because end time detected by thread: Thread Group 1-29
2020-12-30 11:38:19,801 INFO o.a.j.t.JMeterThread: Stopping because end time detected by thread: Thread Group 1-25
2020-12-30 11:38:19,801 INFO o.a.j.t.JMeterThread: Thread finished: Thread Group 1-29
2020-12-30 11:38:19,801 INFO o.a.j.t.JMeterThread: Thread finished: Thread Group 1-25
2020-12-30 11:38:19,801 INFO o.a.j.t.JMeterThread: Stopping because end time detected by thread: Thread Group 1-32
2020-12-30 11:38:19,802 INFO o.a.j.t.JMeterThread: Thread finished: Thread Group 1-32
2020-12-30 11:38:19,802 INFO o.a.j.t.JMeterThread: Stopping because end time detected by thread: Thread Group 1-41
2020-12-30 11:38:19,802 INFO o.a.j.t.JMeterThread: Stopping because end time detected by thread: Thread Group 1-68
2020-12-30 11:38:19,802 INFO o.a.j.t.JMeterThread: Thread finished: Thread Group 1-41
2020-12-30 11:38:19,802 INFO o.a.j.t.JMeterThread: Thread finished: Thread Group 1-68
2020-12-30 11:38:19,802 INFO o.a.j.t.JMeterThread: Stopping because end time detected by thread: Thread Group 1-109
2020-12-30 11:38:19,802 INFO o.a.j.t.JMeterThread: Thread finished: Thread Group 1-109
2020-12-30 11:38:19,802 INFO o.a.j.t.JMeterThread: Stopping because end time detected by thread: Thread Group 1-38
2020-12-30 11:38:19,802 INFO o.a.j.t.JMeterThread: Stopping because end time detected by thread: Thread Group 1-3
2020-12-30 11:38:19,803 INFO o.a.j.t.JMeterThread: Stopping because end time detected by thread: Thread Group 1-81
2020-12-30 11:38:19,803 INFO o.a.j.t.JMeterThread: Thread finished: Thread Group 1-3
2020-12-30 11:38:19,803 INFO o.a.j.t.JMeterThread: Thread finished: Thread Group 1-81
2020-12-30 11:38:19,803 INFO o.a.j.t.JMeterThread: Stopping because end time detected by thread: Thread Group 1-112
2020-12-30 11:38:19,803 INFO o.a.j.t.JMeterThread: Thread finished: Thread Group 1-38
2020-12-30 11:38:19,802 INFO o.a.j.t.JMeterThread: Stopping because end time detected by thread: Thread Group 1-99
2020-12-30 11:38:19,803 INFO o.a.j.t.JMeterThread: Thread finished: Thread Group 1-40
2020-12-30 11:38:19,803 INFO o.a.j.t.JMeterThread: Thread finished: Thread Group 1-27
2020-12-30 11:38:19,803 INFO o.a.j.t.JMeterThread: Stopping because end time detected by thread: Thread Group 1-23
2020-12-30 11:38:19,803 INFO o.a.j.t.JMeterThread: Stopping because end time detected by thread: Thread Group 1-33
2020-12-30 11:38:19,803 INFO o.a.j.t.JMeterThread: Thread finished: Thread Group 1-33
2020-12-30 11:38:19,803 INFO o.a.j.t.JMeterThread: Stopping because end time detected by thread: Thread Group 1-115
2020-12-30 11:38:19,803 INFO o.a.j.t.JMeterThread: Stopping because end time detected by thread: Thread Group 1-39
2020-12-30 11:38:19,803 INFO o.a.j.t.JMeterThread: Thread finished: Thread Group 1-115
2020-12-30 11:38:19,803 INFO o.a.j.t.JMeterThread: Thread finished: Thread Group 1-39
2020-12-30 11:38:19,803 INFO o.a.j.t.JMeterThread: Stopping because end time detected by thread: Thread Group 1-11
2020-12-30 11:38:19,803 INFO o.a.j.t.JMeterThread: Stopping because end time detected by thread: Thread Group 1-18
2020-12-30 11:38:19,803 INFO o.a.j.t.JMeterThread: Thread finished: Thread Group 1-11
2020-12-30 11:38:19,803 INFO o.a.j.t.JMeterThread: Thread finished: Thread Group 1-18
2020-12-30 11:38:19,803 INFO o.a.j.t.JMeterThread: Stopping because end time detected by thread: Thread Group 1-9
2020-12-30 11:38:19,803 INFO o.a.j.t.JMeterThread: Thread finished: Thread Group 1-9
2020-12-30 11:38:19,803 INFO o.a.j.t.JMeterThread: Stopping because end time detected by thread: Thread Group 1-79
2020-12-30 11:38:19,803 INFO o.a.j.t.JMeterThread: Thread finished: Thread Group 1-79
2020-12-30 11:38:19,803 INFO o.a.j.t.JMeterThread: Stopping because end time detected by thread: Thread Group 1-58
2020-12-30 11:38:19,819 INFO o.a.j.t.JMeterThread: Thread finished: Thread Group 1-58
2020-12-30 11:38:19,819 INFO o.a.j.t.JMeterThread: Stopping because end time detected by thread: Thread Group 1-96
2020-12-30 11:38:19,819 INFO o.a.j.t.JMeterThread: Thread finished: Thread Group 1-96
2020-12-30 11:38:19,819 INFO o.a.j.t.JMeterThread: Stopping because end time detected by thread: Thread Group 1-108
2020-12-30 11:38:19,819 INFO o.a.j.t.JMeterThread: Thread finished: Thread Group 1-108
2020-12-30 11:38:19,819 INFO o.a.j.t.JMeterThread: Thread finished: Thread Group 1-112
2020-12-30 11:38:19,803 INFO o.a.j.t.JMeterThread: Thread finished: Thread Group 1-99
2020-12-30 11:38:19,803 INFO o.a.j.t.JMeterThread: Stopping because end time detected by thread: Thread Group 1-88
2020-12-30 11:38:19,819 INFO o.a.j.t.JMeterThread: Thread finished: Thread Group 1-88
2020-12-30 11:38:19,803 INFO o.a.j.t.JMeterThread: Thread finished: Thread Group 1-23
2020-12-30 11:38:19,819 INFO o.a.j.t.JMeterThread: Stopping because end time detected by thread: Thread Group 1-160
2020-12-30 11:38:19,819 INFO o.a.j.t.JMeterThread: Thread finished: Thread Group 1-160
2020-12-30 11:38:19,819 INFO o.a.j.t.JMeterThread: Stopping because end time detected by thread: Thread Group 1-141
2020-12-30 11:38:19,819 INFO o.a.j.t.JMeterThread: Thread finished: Thread Group 1-141
2020-12-30 11:38:19,819 INFO o.a.j.t.JMeterThread: Stopping because end time detected by thread: Thread Group 1-13
2020-12-30 11:38:19,819 INFO o.a.j.t.JMeterThread: Thread finished: Thread Group 1-13
2020-12-30 11:38:19,819 INFO o.a.j.t.JMeterThread: Stopping because end time detected by thread: Thread Group 1-6
2020-12-30 11:38:19,819 INFO o.a.j.t.JMeterThread: Thread finished: Thread Group 1-6
2020-12-30 11:38:19,819 INFO o.a.j.t.JMeterThread: Stopping because end time detected by thread: Thread Group 1-151
2020-12-30 11:38:19,819 INFO o.a.j.t.JMeterThread: Thread finished: Thread Group 1-151
2020-12-30 11:38:19,819 INFO o.a.j.t.JMeterThread: Stopping because end time detected by thread: Thread Group 1-1
2020-12-30 11:38:19,825 INFO o.a.j.t.JMeterThread: Stopping because end time detected by thread: Thread Group 1-4
2020-12-30 11:38:19,825 INFO o.a.j.t.JMeterThread: Thread finished: Thread Group 1-4
2020-12-30 11:38:19,825 INFO o.a.j.t.JMeterThread: Stopping because end time detected by thread: Thread Group 1-28
2020-12-30 11:38:19,825 INFO o.a.j.t.JMeterThread: Thread finished: Thread Group 1-28
2020-12-30 11:38:19,825 INFO o.a.j.t.JMeterThread: Stopping because end time detected by thread: Thread Group 1-15
2020-12-30 11:38:19,825 INFO o.a.j.t.JMeterThread: Thread finished: Thread Group 1-15
2020-12-30 11:38:19,825 INFO o.a.j.t.JMeterThread: Stopping because end time detected by thread: Thread Group 1-30
2020-12-30 11:38:19,825 INFO o.a.j.t.JMeterThread: Thread finished: Thread Group 1-1
2020-12-30 11:38:19,825 INFO o.a.j.t.JMeterThread: Thread finished: Thread Group 1-30
2020-12-30 11:38:19,825 INFO o.a.j.t.JMeterThread: Stopping because end time detected by thread: Thread Group 1-10
2020-12-30 11:38:19,825 INFO o.a.j.t.JMeterThread: Thread finished: Thread Group 1-10
2020-12-30 11:38:19,825 INFO o.a.j.t.JMeterThread: Stopping because end time detected by thread: Thread Group 1-17
2020-12-30 11:38:19,825 INFO o.a.j.t.JMeterThread: Thread finished: Thread Group 1-17
2020-12-30 11:38:19,826 INFO o.a.j.t.JMeterThread: Stopping because end time detected by thread: Thread Group 1-52
2020-12-30 11:38:19,826 INFO o.a.j.t.JMeterThread: Stopping because end time detected by thread: Thread Group 1-76
2020-12-30 11:38:19,826 INFO o.a.j.t.JMeterThread: Stopping because end time detected by thread: Thread Group 1-75
2020-12-30 11:38:19,826 INFO o.a.j.t.JMeterThread: Thread finished: Thread Group 1-52
2020-12-30 11:38:19,826 INFO o.a.j.t.JMeterThread: Stopping because end time detected by thread: Thread Group 1-82
2020-12-30 11:38:19,826 INFO o.a.j.t.JMeterThread: Stopping because end time detected by thread: Thread Group 1-14
2020-12-30 11:38:19,826 INFO o.a.j.t.JMeterThread: Stopping because end time detected by thread: Thread Group 1-128
2020-12-30 11:38:19,826 INFO o.a.j.t.JMeterThread: Thread finished: Thread Group 1-82
2020-12-30 11:38:19,826 INFO o.a.j.t.JMeterThread: Thread finished: Thread Group 1-14
2020-12-30 11:38:19,826 INFO o.a.j.t.JMeterThread: Thread finished: Thread Group 1-128
2020-12-30 11:38:19,826 INFO o.a.j.t.JMeterThread: Thread finished: Thread Group 1-75
2020-12-30 11:38:19,826 INFO o.a.j.t.JMeterThread: Stopping because end time detected by thread: Thread Group 1-97
2020-12-30 11:38:19,826 INFO o.a.j.t.JMeterThread: Thread finished: Thread Group 1-76
2020-12-30 11:38:19,826 INFO o.a.j.t.JMeterThread: Stopping because end time detected by thread: Thread Group 1-135
2020-12-30 11:38:19,826 INFO o.a.j.t.JMeterThread: Stopping because end time detected by thread: Thread Group 1-122
2020-12-30 11:38:19,826 INFO o.a.j.t.JMeterThread: Stopping because end time detected by thread: Thread Group 1-175
2020-12-30 11:38:19,826 INFO o.a.j.t.JMeterThread: Thread finished: Thread Group 1-122
2020-12-30 11:38:19,826 INFO o.a.j.t.JMeterThread: Stopping because end time detected by thread: Thread Group 1-70
2020-12-30 11:38:19,826 INFO o.a.j.t.JMeterThread: Stopping because end time detected by thread: Thread Group 1-138
2020-12-30 11:38:19,826 INFO o.a.j.t.JMeterThread: Thread finished: Thread Group 1-175
2020-12-30 11:38:19,826 INFO o.a.j.t.JMeterThread: Thread finished: Thread Group 1-97
2020-12-30 11:38:19,826 INFO o.a.j.t.JMeterThread: Thread finished: Thread Group 1-138
2020-12-30 11:38:19,826 INFO o.a.j.t.JMeterThread: Stopping because end time detected by thread: Thread Group 1-111
2020-12-30 11:38:19,826 INFO o.a.j.t.JMeterThread: Thread finished: Thread Group 1-111
2020-12-30 11:38:19,826 INFO o.a.j.t.JMeterThread: Thread finished: Thread Group 1-70
2020-12-30 11:38:19,826 INFO o.a.j.t.JMeterThread: Stopping because end time detected by thread: Thread Group 1-50
2020-12-30 11:38:19,826 INFO o.a.j.t.JMeterThread: Thread finished: Thread Group 1-50
2020-12-30 11:38:19,826 INFO o.a.j.t.JMeterThread: Stopping because end time detected by thread: Thread Group 1-178
2020-12-30 11:38:19,826 INFO o.a.j.t.JMeterThread: Stopping because end time detected by thread: Thread Group 1-129
2020-12-30 11:38:19,826 INFO o.a.j.t.JMeterThread: Thread finished: Thread Group 1-178
2020-12-30 11:38:19,826 INFO o.a.j.t.JMeterThread: Thread finished: Thread Group 1-129
2020-12-30 11:38:19,826 INFO o.a.j.t.JMeterThread: Stopping because end time detected by thread: Thread Group 1-169
2020-12-30 11:38:19,826 INFO o.a.j.t.JMeterThread: Stopping because end time detected by thread: Thread Group 1-176
2020-12-30 11:38:19,826 INFO o.a.j.t.JMeterThread: Stopping because end time detected by thread: Thread Group 1-158
2020-12-30 11:38:19,826 INFO o.a.j.t.JMeterThread: Thread finished: Thread Group 1-158
2020-12-30 11:38:19,826 INFO o.a.j.t.JMeterThread: Thread finished: Thread Group 1-176
2020-12-30 11:38:19,826 INFO o.a.j.t.JMeterThread: Stopping because end time detected by thread: Thread Group 1-173
2020-12-30 11:38:19,826 INFO o.a.j.t.JMeterThread: Stopping because end time detected by thread: Thread Group 1-183
2020-12-30 11:38:19,826 INFO o.a.j.t.JMeterThread: Thread finished: Thread Group 1-173
2020-12-30 11:38:19,826 INFO o.a.j.t.JMeterThread: Thread finished: Thread Group 1-183
2020-12-30 11:38:19,826 INFO o.a.j.t.JMeterThread: Stopping because end time detected by thread: Thread Group 1-140
2020-12-30 11:38:19,826 INFO o.a.j.t.JMeterThread: Thread finished: Thread Group 1-140
2020-12-30 11:38:19,826 INFO o.a.j.t.JMeterThread: Stopping because end time detected by thread: Thread Group 1-198
2020-12-30 11:38:19,826 INFO o.a.j.t.JMeterThread: Stopping because end time detected by thread: Thread Group 1-37
2020-12-30 11:38:19,826 INFO o.a.j.t.JMeterThread: Stopping because end time detected by thread: Thread Group 1-89
2020-12-30 11:38:19,826 INFO o.a.j.t.JMeterThread: Thread finished: Thread Group 1-198
2020-12-30 11:38:19,826 INFO o.a.j.t.JMeterThread: Thread finished: Thread Group 1-135
2020-12-30 11:38:19,826 INFO o.a.j.t.JMeterThread: Thread finished: Thread Group 1-89
2020-12-30 11:38:19,826 INFO o.a.j.t.JMeterThread: Stopping because end time detected by thread: Thread Group 1-199
2020-12-30 11:38:19,826 INFO o.a.j.t.JMeterThread: Thread finished: Thread Group 1-199
2020-12-30 11:38:19,826 INFO o.a.j.t.JMeterThread: Stopping because end time detected by thread: Thread Group 1-103
2020-12-30 11:38:19,826 INFO o.a.j.t.JMeterThread: Stopping because end time detected by thread: Thread Group 1-131
2020-12-30 11:38:19,826 INFO o.a.j.t.JMeterThread: Stopping because end time detected by thread: Thread Group 1-66
2020-12-30 11:38:19,826 INFO o.a.j.t.JMeterThread: Thread finished: Thread Group 1-103
2020-12-30 11:38:19,826 INFO o.a.j.t.JMeterThread: Thread finished: Thread Group 1-131
2020-12-30 11:38:19,826 INFO o.a.j.t.JMeterThread: Thread finished: Thread Group 1-66
2020-12-30 11:38:19,826 INFO o.a.j.t.JMeterThread: Stopping because end time detected by thread: Thread Group 1-171
2020-12-30 11:38:19,826 INFO o.a.j.t.JMeterThread: Stopping because end time detected by thread: Thread Group 1-119
2020-12-30 11:38:19,826 INFO o.a.j.t.JMeterThread: Thread finished: Thread Group 1-171
2020-12-30 11:38:19,826 INFO o.a.j.t.JMeterThread: Thread finished: Thread Group 1-119
2020-12-30 11:38:19,826 INFO o.a.j.t.JMeterThread: Stopping because end time detected by thread: Thread Group 1-63
2020-12-30 11:38:19,826 INFO o.a.j.t.JMeterThread: Stopping because end time detected by thread: Thread Group 1-2
2020-12-30 11:38:19,826 INFO o.a.j.t.JMeterThread: Stopping because end time detected by thread: Thread Group 1-146
2020-12-30 11:38:19,826 INFO o.a.j.t.JMeterThread: Thread finished: Thread Group 1-63
2020-12-30 11:38:19,826 INFO o.a.j.t.JMeterThread: Stopping because end time detected by thread: Thread Group 1-106
2020-12-30 11:38:19,826 INFO o.a.j.t.JMeterThread: Thread finished: Thread Group 1-146
2020-12-30 11:38:19,826 INFO o.a.j.t.JMeterThread: Thread finished: Thread Group 1-106
2020-12-30 11:38:19,826 INFO o.a.j.t.JMeterThread: Stopping because end time detected by thread: Thread Group 1-7
2020-12-30 11:38:19,826 INFO o.a.j.t.JMeterThread: Stopping because end time detected by thread: Thread Group 1-77
2020-12-30 11:38:19,826 INFO o.a.j.t.JMeterThread: Thread finished: Thread Group 1-7
2020-12-30 11:38:19,826 INFO o.a.j.t.JMeterThread: Thread finished: Thread Group 1-37
2020-12-30 11:38:19,826 INFO o.a.j.t.JMeterThread: Stopping because end time detected by thread: Thread Group 1-196
2020-12-30 11:38:19,826 INFO o.a.j.t.JMeterThread: Stopping because end time detected by thread: Thread Group 1-95
2020-12-30 11:38:19,826 INFO o.a.j.t.JMeterThread: Thread finished: Thread Group 1-196
2020-12-30 11:38:19,826 INFO o.a.j.t.JMeterThread: Thread finished: Thread Group 1-95
2020-12-30 11:38:19,826 INFO o.a.j.t.JMeterThread: Thread finished: Thread Group 1-169
2020-12-30 11:38:19,826 INFO o.a.j.t.JMeterThread: Stopping because end time detected by thread: Thread Group 1-83
2020-12-30 11:38:19,826 INFO o.a.j.t.JMeterThread: Thread finished: Thread Group 1-83
2020-12-30 11:38:19,826 INFO o.a.j.t.JMeterThread: Stopping because end time detected by thread: Thread Group 1-31
2020-12-30 11:38:19,826 INFO o.a.j.t.JMeterThread: Stopping because end time detected by thread: Thread Group 1-134
2020-12-30 11:38:19,826 INFO o.a.j.t.JMeterThread: Thread finished: Thread Group 1-31
2020-12-30 11:38:19,826 INFO o.a.j.t.JMeterThread: Stopping because end time detected by thread: Thread Group 1-35
2020-12-30 11:38:19,826 INFO o.a.j.t.JMeterThread: Stopping because end time detected by thread: Thread Group 1-168
2020-12-30 11:38:19,826 INFO o.a.j.t.JMeterThread: Thread finished: Thread Group 1-35
2020-12-30 11:38:19,826 INFO o.a.j.t.JMeterThread: Stopping because end time detected by thread: Thread Group 1-123
2020-12-30 11:38:19,826 INFO o.a.j.t.JMeterThread: Stopping because end time detected by thread: Thread Group 1-48
2020-12-30 11:38:19,826 INFO o.a.j.t.JMeterThread: Thread finished: Thread Group 1-48
2020-12-30 11:38:19,826 INFO o.a.j.t.JMeterThread: Stopping because end time detected by thread: Thread Group 1-181
2020-12-30 11:38:19,826 INFO o.a.j.t.JMeterThread: Stopping because end time detected by thread: Thread Group 1-194
2020-12-30 11:38:19,826 INFO o.a.j.t.JMeterThread: Thread finished: Thread Group 1-181
2020-12-30 11:38:19,826 INFO o.a.j.t.JMeterThread: Stopping because end time detected by thread: Thread Group 1-189
2020-12-30 11:38:19,826 INFO o.a.j.t.JMeterThread: Stopping because end time detected by thread: Thread Group 1-133
2020-12-30 11:38:19,826 INFO o.a.j.t.JMeterThread: Thread finished: Thread Group 1-194
2020-12-30 11:38:19,826 INFO o.a.j.t.JMeterThread: Thread finished: Thread Group 1-189
2020-12-30 11:38:19,826 INFO o.a.j.t.JMeterThread: Stopping because end time detected by thread: Thread Group 1-154
2020-12-30 11:38:19,826 INFO o.a.j.t.JMeterThread: Stopping because end time detected by thread: Thread Group 1-56
2020-12-30 11:38:19,826 INFO o.a.j.t.JMeterThread: Stopping because end time detected by thread: Thread Group 1-71
2020-12-30 11:38:19,826 INFO o.a.j.t.JMeterThread: Thread finished: Thread Group 1-154
2020-12-30 11:38:19,826 INFO o.a.j.t.JMeterThread: Thread finished: Thread Group 1-56
2020-12-30 11:38:19,826 INFO o.a.j.t.JMeterThread: Thread finished: Thread Group 1-71
2020-12-30 11:38:19,826 INFO o.a.j.t.JMeterThread: Stopping because end time detected by thread: Thread Group 1-74
2020-12-30 11:38:19,826 INFO o.a.j.t.JMeterThread: Stopping because end time detected by thread: Thread Group 1-72
2020-12-30 11:38:19,826 INFO o.a.j.t.JMeterThread: Thread finished: Thread Group 1-74
2020-12-30 11:38:19,826 INFO o.a.j.t.JMeterThread: Thread finished: Thread Group 1-72
2020-12-30 11:38:19,826 INFO o.a.j.t.JMeterThread: Stopping because end time detected by thread: Thread Group 1-51
2020-12-30 11:38:19,826 INFO o.a.j.t.JMeterThread: Stopping because end time detected by thread: Thread Group 1-84
2020-12-30 11:38:19,826 INFO o.a.j.t.JMeterThread: Thread finished: Thread Group 1-51
2020-12-30 11:38:19,826 INFO o.a.j.t.JMeterThread: Thread finished: Thread Group 1-168
2020-12-30 11:38:19,826 INFO o.a.j.t.JMeterThread: Thread finished: Thread Group 1-84
2020-12-30 11:38:19,826 INFO o.a.j.t.JMeterThread: Stopping because end time detected by thread: Thread Group 1-126
2020-12-30 11:38:19,826 INFO o.a.j.t.JMeterThread: Stopping because end time detected by thread: Thread Group 1-87
2020-12-30 11:38:19,826 INFO o.a.j.t.JMeterThread: Thread finished: Thread Group 1-87
2020-12-30 11:38:19,826 INFO o.a.j.t.JMeterThread: Thread finished: Thread Group 1-123
2020-12-30 11:38:19,826 INFO o.a.j.t.JMeterThread: Stopping because end time detected by thread: Thread Group 1-110
2020-12-30 11:38:19,826 INFO o.a.j.t.JMeterThread: Stopping because end time detected by thread: Thread Group 1-62
2020-12-30 11:38:19,826 INFO o.a.j.t.JMeterThread: Stopping because end time detected by thread: Thread Group 1-102
2020-12-30 11:38:19,826 INFO o.a.j.t.JMeterThread: Thread finished: Thread Group 1-110
2020-12-30 11:38:19,826 INFO o.a.j.t.JMeterThread: Thread finished: Thread Group 1-62
2020-12-30 11:38:19,826 INFO o.a.j.t.JMeterThread: Stopping because end time detected by thread: Thread Group 1-91
2020-12-30 11:38:19,826 INFO o.a.j.t.JMeterThread: Stopping because end time detected by thread: Thread Group 1-44
2020-12-30 11:38:19,826 INFO o.a.j.t.JMeterThread: Thread finished: Thread Group 1-91
2020-12-30 11:38:19,826 INFO o.a.j.t.JMeterThread: Stopping because end time detected by thread: Thread Group 1-113
2020-12-30 11:38:19,826 INFO o.a.j.t.JMeterThread: Stopping because end time detected by thread: Thread Group 1-78
2020-12-30 11:38:19,826 INFO o.a.j.t.JMeterThread: Thread finished: Thread Group 1-113
2020-12-30 11:38:19,826 INFO o.a.j.t.JMeterThread: Stopping because end time detected by thread: Thread Group 1-142
2020-12-30 11:38:19,826 INFO o.a.j.t.JMeterThread: Thread finished: Thread Group 1-78
2020-12-30 11:38:19,826 INFO o.a.j.t.JMeterThread: Thread finished: Thread Group 1-77
2020-12-30 11:38:19,826 INFO o.a.j.t.JMeterThread: Thread finished: Thread Group 1-2
2020-12-30 11:38:19,826 INFO o.a.j.t.JMeterThread: Stopping because end time detected by thread: Thread Group 1-121
2020-12-30 11:38:19,826 INFO o.a.j.t.JMeterThread: Stopping because end time detected by thread: Thread Group 1-137
2020-12-30 11:38:19,826 INFO o.a.j.t.JMeterThread: Thread finished: Thread Group 1-121
2020-12-30 11:38:19,826 INFO o.a.j.t.JMeterThread: Stopping because end time detected by thread: Thread Group 1-67
2020-12-30 11:38:19,826 INFO o.a.j.t.JMeterThread: Thread finished: Thread Group 1-67
2020-12-30 11:38:19,826 INFO o.a.j.t.JMeterThread: Stopping because end time detected by thread: Thread Group 1-60
2020-12-30 11:38:19,826 INFO o.a.j.t.JMeterThread: Thread finished: Thread Group 1-60
2020-12-30 11:38:19,826 INFO o.a.j.t.JMeterThread: Stopping because end time detected by thread: Thread Group 1-145
2020-12-30 11:38:19,826 INFO o.a.j.t.JMeterThread: Stopping because end time detected by thread: Thread Group 1-73
2020-12-30 11:38:19,826 INFO o.a.j.t.JMeterThread: Stopping because end time detected by thread: Thread Group 1-159
2020-12-30 11:38:19,826 INFO o.a.j.t.JMeterThread: Thread finished: Thread Group 1-159
2020-12-30 11:38:19,826 INFO o.a.j.t.JMeterThread: Thread finished: Thread Group 1-73
2020-12-30 11:38:19,826 INFO o.a.j.t.JMeterThread: Stopping because end time detected by thread: Thread Group 1-117
2020-12-30 11:38:19,826 INFO o.a.j.t.JMeterThread: Stopping because end time detected by thread: Thread Group 1-190
2020-12-30 11:38:19,826 INFO o.a.j.t.JMeterThread: Stopping because end time detected by thread: Thread Group 1-92
2020-12-30 11:38:19,826 INFO o.a.j.t.JMeterThread: Thread finished: Thread Group 1-92
2020-12-30 11:38:19,826 INFO o.a.j.t.JMeterThread: Stopping because end time detected by thread: Thread Group 1-130
2020-12-30 11:38:19,826 INFO o.a.j.t.JMeterThread: Stopping because end time detected by thread: Thread Group 1-118
2020-12-30 11:38:19,826 INFO o.a.j.t.JMeterThread: Thread finished: Thread Group 1-130
2020-12-30 11:38:19,826 INFO o.a.j.t.JMeterThread: Stopping because end time detected by thread: Thread Group 1-116
2020-12-30 11:38:19,826 INFO o.a.j.t.JMeterThread: Stopping because end time detected by thread: Thread Group 1-105
2020-12-30 11:38:19,826 INFO o.a.j.t.JMeterThread: Thread finished: Thread Group 1-116
2020-12-30 11:38:19,826 INFO o.a.j.t.JMeterThread: Stopping because end time detected by thread: Thread Group 1-172
2020-12-30 11:38:19,826 INFO o.a.j.t.JMeterThread: Stopping because end time detected by thread: Thread Group 1-177
2020-12-30 11:38:19,826 INFO o.a.j.t.JMeterThread: Thread finished: Thread Group 1-172
2020-12-30 11:38:19,826 INFO o.a.j.t.JMeterThread: Thread finished: Thread Group 1-177
2020-12-30 11:38:19,826 INFO o.a.j.t.JMeterThread: Stopping because end time detected by thread: Thread Group 1-114
2020-12-30 11:38:19,826 INFO o.a.j.t.JMeterThread: Stopping because end time detected by thread: Thread Group 1-185
2020-12-30 11:38:19,826 INFO o.a.j.t.JMeterThread: Stopping because end time detected by thread: Thread Group 1-184
2020-12-30 11:38:19,826 INFO o.a.j.t.JMeterThread: Thread finished: Thread Group 1-185
2020-12-30 11:38:19,826 INFO o.a.j.t.JMeterThread: Stopping because end time detected by thread: Thread Group 1-195
2020-12-30 11:38:19,826 INFO o.a.j.t.JMeterThread: Thread finished: Thread Group 1-184
2020-12-30 11:38:19,826 INFO o.a.j.t.JMeterThread: Stopping because end time detected by thread: Thread Group 1-136
2020-12-30 11:38:19,826 INFO o.a.j.t.JMeterThread: Stopping because end time detected by thread: Thread Group 1-155
2020-12-30 11:38:19,826 INFO o.a.j.t.JMeterThread: Thread finished: Thread Group 1-136
2020-12-30 11:38:19,826 INFO o.a.j.t.JMeterThread: Stopping because end time detected by thread: Thread Group 1-164
2020-12-30 11:38:19,826 INFO o.a.j.t.JMeterThread: Stopping because end time detected by thread: Thread Group 1-107
2020-12-30 11:38:19,826 INFO o.a.j.t.JMeterThread: Thread finished: Thread Group 1-107
2020-12-30 11:38:19,826 INFO o.a.j.t.JMeterThread: Stopping because end time detected by thread: Thread Group 1-150
2020-12-30 11:38:19,826 INFO o.a.j.t.JMeterThread: Thread finished: Thread Group 1-150
2020-12-30 11:38:19,826 INFO o.a.j.t.JMeterThread: Stopping because end time detected by thread: Thread Group 1-188
2020-12-30 11:38:19,826 INFO o.a.j.t.JMeterThread: Stopping because end time detected by thread: Thread Group 1-20
2020-12-30 11:38:19,826 INFO o.a.j.t.JMeterThread: Thread finished: Thread Group 1-188
2020-12-30 11:38:19,826 INFO o.a.j.t.JMeterThread: Thread finished: Thread Group 1-20
2020-12-30 11:38:19,826 INFO o.a.j.t.JMeterThread: Stopping because end time detected by thread: Thread Group 1-127
2020-12-30 11:38:19,826 INFO o.a.j.t.JMeterThread: Stopping because end time detected by thread: Thread Group 1-147
2020-12-30 11:38:19,826 INFO o.a.j.t.JMeterThread: Stopping because end time detected by thread: Thread Group 1-36
2020-12-30 11:38:19,826 INFO o.a.j.t.JMeterThread: Thread finished: Thread Group 1-147
2020-12-30 11:38:19,826 INFO o.a.j.t.JMeterThread: Stopping because end time detected by thread: Thread Group 1-22
2020-12-30 11:38:19,826 INFO o.a.j.t.JMeterThread: Stopping because end time detected by thread: Thread Group 1-132
2020-12-30 11:38:19,826 INFO o.a.j.t.JMeterThread: Thread finished: Thread Group 1-114
2020-12-30 11:38:19,826 INFO o.a.j.t.JMeterThread: Stopping because end time detected by thread: Thread Group 1-8
2020-12-30 11:38:19,826 INFO o.a.j.t.JMeterThread: Stopping because end time detected by thread: Thread Group 1-186
2020-12-30 11:38:19,826 INFO o.a.j.t.JMeterThread: Stopping because end time detected by thread: Thread Group 1-43
2020-12-30 11:38:19,826 INFO o.a.j.t.JMeterThread: Stopping because end time detected by thread: Thread Group 1-46
2020-12-30 11:38:19,826 INFO o.a.j.t.JMeterThread: Thread finished: Thread Group 1-186
2020-12-30 11:38:19,826 INFO o.a.j.t.JMeterThread: Stopping because end time detected by thread: Thread Group 1-64
2020-12-30 11:38:19,826 INFO o.a.j.t.JMeterThread: Thread finished: Thread Group 1-43
2020-12-30 11:38:19,826 INFO o.a.j.t.JMeterThread: Thread finished: Thread Group 1-46
2020-12-30 11:38:19,826 INFO o.a.j.t.JMeterThread: Stopping because end time detected by thread: Thread Group 1-144
2020-12-30 11:38:19,826 INFO o.a.j.t.JMeterThread: Stopping because end time detected by thread: Thread Group 1-139
2020-12-30 11:38:19,826 INFO o.a.j.t.JMeterThread: Stopping because end time detected by thread: Thread Group 1-152
2020-12-30 11:38:19,826 INFO o.a.j.t.JMeterThread: Stopping because end time detected by thread: Thread Group 1-161
2020-12-30 11:38:19,826 INFO o.a.j.t.JMeterThread: Thread finished: Thread Group 1-144
2020-12-30 11:38:19,826 INFO o.a.j.t.JMeterThread: Stopping because end time detected by thread: Thread Group 1-143
2020-12-30 11:38:19,826 INFO o.a.j.t.JMeterThread: Stopping because end time detected by thread: Thread Group 1-197
2020-12-30 11:38:19,826 INFO o.a.j.t.JMeterThread: Stopping because end time detected by thread: Thread Group 1-174
2020-12-30 11:38:19,826 INFO o.a.j.t.JMeterThread: Thread finished: Thread Group 1-143
2020-12-30 11:38:19,826 INFO o.a.j.t.JMeterThread: Thread finished: Thread Group 1-197
2020-12-30 11:38:19,826 INFO o.a.j.t.JMeterThread: Stopping because end time detected by thread: Thread Group 1-162
2020-12-30 11:38:19,826 INFO o.a.j.t.JMeterThread: Stopping because end time detected by thread: Thread Group 1-187
2020-12-30 11:38:19,826 INFO o.a.j.t.JMeterThread: Stopping because end time detected by thread: Thread Group 1-193
2020-12-30 11:38:19,826 INFO o.a.j.t.JMeterThread: Thread finished: Thread Group 1-162
2020-12-30 11:38:19,826 INFO o.a.j.t.JMeterThread: Stopping because end time detected by thread: Thread Group 1-200
2020-12-30 11:38:19,826 INFO o.a.j.t.JMeterThread: Thread finished: Thread Group 1-187
2020-12-30 11:38:19,826 INFO o.a.j.t.JMeterThread: Stopping because end time detected by thread: Thread Group 1-192
2020-12-30 11:38:19,826 INFO o.a.j.t.JMeterThread: Thread finished: Thread Group 1-193
2020-12-30 11:38:19,826 INFO o.a.j.t.JMeterThread: Stopping because end time detected by thread: Thread Group 1-166
2020-12-30 11:38:19,826 INFO o.a.j.t.JMeterThread: Stopping because end time detected by thread: Thread Group 1-170
2020-12-30 11:38:19,826 INFO o.a.j.t.JMeterThread: Stopping because end time detected by thread: Thread Group 1-148
2020-12-30 11:38:19,826 INFO o.a.j.t.JMeterThread: Thread finished: Thread Group 1-166
2020-12-30 11:38:19,826 INFO o.a.j.t.JMeterThread: Stopping because end time detected by thread: Thread Group 1-125
2020-12-30 11:38:19,826 INFO o.a.j.t.JMeterThread: Thread finished: Thread Group 1-170
2020-12-30 11:38:19,826 INFO o.a.j.t.JMeterThread: Stopping because end time detected by thread: Thread Group 1-179
2020-12-30 11:38:19,826 INFO o.a.j.t.JMeterThread: Thread finished: Thread Group 1-148
2020-12-30 11:38:19,826 INFO o.a.j.t.JMeterThread: Thread finished: Thread Group 1-125
2020-12-30 11:38:19,826 INFO o.a.j.t.JMeterThread: Stopping because end time detected by thread: Thread Group 1-153
2020-12-30 11:38:19,826 INFO o.a.j.t.JMeterThread: Stopping because end time detected by thread: Thread Group 1-165
2020-12-30 11:38:19,826 INFO o.a.j.t.JMeterThread: Stopping because end time detected by thread: Thread Group 1-124
2020-12-30 11:38:19,826 INFO o.a.j.t.JMeterThread: Thread finished: Thread Group 1-153
2020-12-30 11:38:19,826 INFO o.a.j.t.JMeterThread: Thread finished: Thread Group 1-105
2020-12-30 11:38:19,826 INFO o.a.j.t.JMeterThread: Thread finished: Thread Group 1-165
2020-12-30 11:38:19,826 INFO o.a.j.t.JMeterThread: Thread finished: Thread Group 1-118
2020-12-30 11:38:19,826 INFO o.a.j.t.JMeterThread: Thread finished: Thread Group 1-124
2020-12-30 11:38:19,826 INFO o.a.j.t.JMeterThread: Stopping because end time detected by thread: Thread Group 1-149
2020-12-30 11:38:19,826 INFO o.a.j.t.JMeterThread: Stopping because end time detected by thread: Thread Group 1-191
2020-12-30 11:38:19,826 INFO o.a.j.t.JMeterThread: Thread finished: Thread Group 1-190
2020-12-30 11:38:19,826 INFO o.a.j.t.JMeterThread: Thread finished: Thread Group 1-191
2020-12-30 11:38:19,826 INFO o.a.j.t.JMeterThread: Thread finished: Thread Group 1-142
2020-12-30 11:38:19,826 INFO o.a.j.t.JMeterThread: Thread finished: Thread Group 1-117
2020-12-30 11:38:19,826 INFO o.a.j.t.JMeterThread: Stopping because end time detected by thread: Thread Group 1-180
2020-12-30 11:38:19,826 INFO o.a.j.t.JMeterThread: Thread finished: Thread Group 1-137
2020-12-30 11:38:19,826 INFO o.a.j.t.JMeterThread: Thread finished: Thread Group 1-145
2020-12-30 11:38:19,826 INFO o.a.j.t.JMeterThread: Thread finished: Thread Group 1-180
2020-12-30 11:38:19,826 INFO o.a.j.t.JMeterThread: Thread finished: Thread Group 1-134
2020-12-30 11:38:19,826 INFO o.a.j.t.JMeterThread: Thread finished: Thread Group 1-44
2020-12-30 11:38:19,826 INFO o.a.j.t.JMeterThread: Thread finished: Thread Group 1-102
2020-12-30 11:38:19,826 INFO o.a.j.t.JMeterThread: Stopping because end time detected by thread: Thread Group 1-93
2020-12-30 11:38:19,826 INFO o.a.j.t.JMeterThread: Stopping because end time detected by thread: Thread Group 1-157
2020-12-30 11:38:19,826 INFO o.a.j.t.JMeterThread: Thread finished: Thread Group 1-93
2020-12-30 11:38:19,826 INFO o.a.j.t.JMeterThread: Stopping because end time detected by thread: Thread Group 1-21
2020-12-30 11:38:19,826 INFO o.a.j.t.JMeterThread: Thread finished: Thread Group 1-157
2020-12-30 11:38:19,826 INFO o.a.j.t.JMeterThread: Thread finished: Thread Group 1-133
2020-12-30 11:38:19,826 INFO o.a.j.t.JMeterThread: Thread finished: Thread Group 1-126
2020-12-30 11:38:19,826 INFO o.a.j.t.JMeterThread: Thread finished: Thread Group 1-149
2020-12-30 11:38:19,826 INFO o.a.j.t.JMeterThread: Thread finished: Thread Group 1-179
2020-12-30 11:38:19,826 INFO o.a.j.t.JMeterThread: Thread finished: Thread Group 1-192
2020-12-30 11:38:19,826 INFO o.a.j.t.JMeterThread: Thread finished: Thread Group 1-174
2020-12-30 11:38:19,826 INFO o.a.j.t.JMeterThread: Stopping because end time detected by thread: Thread Group 1-65
2020-12-30 11:38:19,826 INFO o.a.j.t.JMeterThread: Stopping because end time detected by thread: Thread Group 1-57
2020-12-30 11:38:19,826 INFO o.a.j.t.JMeterThread: Thread finished: Thread Group 1-152
2020-12-30 11:38:19,826 INFO o.a.j.t.JMeterThread: Thread finished: Thread Group 1-57
2020-12-30 11:38:19,826 INFO o.a.j.t.JMeterThread: Thread finished: Thread Group 1-65
2020-12-30 11:38:19,826 INFO o.a.j.t.JMeterThread: Thread finished: Thread Group 1-64
2020-12-30 11:38:19,826 INFO o.a.j.t.JMeterThread: Thread finished: Thread Group 1-161
2020-12-30 11:38:19,826 INFO o.a.j.t.JMeterThread: Stopping because end time detected by thread: Thread Group 1-163
2020-12-30 11:38:19,826 INFO o.a.j.t.JMeterThread: Thread finished: Thread Group 1-139
2020-12-30 11:38:19,826 INFO o.a.j.t.JMeterThread: Thread finished: Thread Group 1-163
2020-12-30 11:38:19,826 INFO o.a.j.t.JMeterThread: Thread finished: Thread Group 1-8
2020-12-30 11:38:19,826 INFO o.a.j.t.JMeterThread: Thread finished: Thread Group 1-132
2020-12-30 11:38:19,826 INFO o.a.j.t.JMeterThread: Stopping because end time detected by thread: Thread Group 1-101
2020-12-30 11:38:19,826 INFO o.a.j.t.JMeterThread: Thread finished: Thread Group 1-127
2020-12-30 11:38:19,826 INFO o.a.j.t.JMeterThread: Thread finished: Thread Group 1-22
2020-12-30 11:38:19,826 INFO o.a.j.t.JMeterThread: Stopping because end time detected by thread: Thread Group 1-5
2020-12-30 11:38:19,826 INFO o.a.j.t.JMeterThread: Thread finished: Thread Group 1-36
2020-12-30 11:38:19,826 INFO o.a.j.t.JMeterThread: Stopping because end time detected by thread: Thread Group 1-182
2020-12-30 11:38:19,826 INFO o.a.j.t.JMeterThread: Stopping because end time detected by thread: Thread Group 1-120
2020-12-30 11:38:19,826 INFO o.a.j.t.JMeterThread: Thread finished: Thread Group 1-5
2020-12-30 11:38:19,826 INFO o.a.j.t.JMeterThread: Stopping because end time detected by thread: Thread Group 1-94
2020-12-30 11:38:19,826 INFO o.a.j.t.JMeterThread: Thread finished: Thread Group 1-182
2020-12-30 11:38:19,826 INFO o.a.j.t.JMeterThread: Thread finished: Thread Group 1-120
2020-12-30 11:38:19,826 INFO o.a.j.t.JMeterThread: Thread finished: Thread Group 1-164
2020-12-30 11:38:19,826 INFO o.a.j.t.JMeterThread: Thread finished: Thread Group 1-155
2020-12-30 11:38:19,826 INFO o.a.j.t.JMeterThread: Stopping because end time detected by thread: Thread Group 1-156
2020-12-30 11:38:19,826 INFO o.a.j.t.JMeterThread: Stopping because end time detected by thread: Thread Group 1-167
2020-12-30 11:38:19,826 INFO o.a.j.t.JMeterThread: Thread finished: Thread Group 1-94
2020-12-30 11:38:19,826 INFO o.a.j.t.JMeterThread: Thread finished: Thread Group 1-195
2020-12-30 11:38:19,826 INFO o.a.j.t.JMeterThread: Thread finished: Thread Group 1-156
2020-12-30 11:38:19,826 INFO o.a.j.t.JMeterThread: Thread finished: Thread Group 1-167
2020-12-30 11:38:19,826 INFO o.a.j.t.JMeterThread: Thread finished: Thread Group 1-101
2020-12-30 11:38:19,826 INFO o.a.j.t.JMeterThread: Thread finished: Thread Group 1-200
2020-12-30 11:38:19,826 INFO o.a.j.t.JMeterThread: Thread finished: Thread Group 1-21
2020-12-30 11:38:19,826 INFO o.a.j.e.StandardJMeterEngine: Notifying test listeners of end of test
2020-12-30 11:38:19,826 INFO o.a.j.r.Summariser: summary +  10722 in 00:00:20 =  540.8/s Avg:   368 Min:     6 Max:  1550 Err: 10710 (99.89%) Active: 0 Started: 200 Finished: 200
2020-12-30 11:38:19,842 INFO o.a.j.r.Summariser: summary =  25754 in 00:01:00 =  428.4/s Avg:   462 Min:     6 Max:  3542 Err: 10881 (42.25%)
