2020-08-11 09:02:21,214 INFO o.a.j.JMeter: Loading user properties from: C:\Portable\http\jmeter\bin\user.properties
2020-08-11 09:02:21,222 INFO o.a.j.JMeter: Loading system properties from: C:\Portable\http\jmeter\bin\system.properties
2020-08-11 09:02:21,224 INFO o.a.j.JMeter: Copyright (c) 1998-2020 The Apache Software Foundation
2020-08-11 09:02:21,224 INFO o.a.j.JMeter: Version 5.3
2020-08-11 09:02:21,224 INFO o.a.j.JMeter: java.version=14.0.1
2020-08-11 09:02:21,225 INFO o.a.j.JMeter: java.vm.name=Java HotSpot(TM) 64-Bit Server VM
2020-08-11 09:02:21,225 INFO o.a.j.JMeter: os.name=Windows 10
2020-08-11 09:02:21,225 INFO o.a.j.JMeter: os.arch=amd64
2020-08-11 09:02:21,225 INFO o.a.j.JMeter: os.version=10.0
2020-08-11 09:02:21,225 INFO o.a.j.JMeter: file.encoding=Cp1252
2020-08-11 09:02:21,225 INFO o.a.j.JMeter: java.awt.headless=null
2020-08-11 09:02:21,225 INFO o.a.j.JMeter: Max memory     =4294967296
2020-08-11 09:02:21,225 INFO o.a.j.JMeter: Available Processors =12
2020-08-11 09:02:21,233 INFO o.a.j.JMeter: Default Locale=English (EN)
2020-08-11 09:02:21,233 INFO o.a.j.JMeter: JMeter  Locale=English (EN)
2020-08-11 09:02:21,233 INFO o.a.j.JMeter: JMeterHome=C:\Portable\http\jmeter
2020-08-11 09:02:21,233 INFO o.a.j.JMeter: user.dir  =C:\Cache\waf\tools-internal\regression-tests\jmx
2020-08-11 09:02:21,234 INFO o.a.j.JMeter: PWD       =C:\Cache\waf\tools-internal\regression-tests\jmx
2020-08-11 09:02:21,270 INFO o.a.j.JMeter: IP: 10.200.4.163 Name: DESKTOP-UB3KSUK FullName: 10.200.4.163
2020-08-11 09:02:21,270 DEBUG o.a.j.JMeter: ClassPath
2020-08-11 09:02:21,270 DEBUG o.a.j.JMeter: C:\Portable\http\jmeter\bin\ApacheJMeter.jar
2020-08-11 09:02:21,270 DEBUG o.a.j.JMeter: C:\Portable\http\jmeter\lib\accessors-smart-1.2.jar
2020-08-11 09:02:21,270 DEBUG o.a.j.JMeter: C:\Portable\http\jmeter\lib\apiguardian-api-1.1.0.jar
2020-08-11 09:02:21,270 DEBUG o.a.j.JMeter: C:\Portable\http\jmeter\lib\asm-7.3.1.jar
2020-08-11 09:02:21,270 DEBUG o.a.j.JMeter: C:\Portable\http\jmeter\lib\bsf-2.4.0.jar
2020-08-11 09:02:21,270 DEBUG o.a.j.JMeter: C:\Portable\http\jmeter\lib\bsh-2.0b6.jar
2020-08-11 09:02:21,270 DEBUG o.a.j.JMeter: C:\Portable\http\jmeter\lib\bshclient.jar
2020-08-11 09:02:21,270 DEBUG o.a.j.JMeter: C:\Portable\http\jmeter\lib\caffeine-2.8.0.jar
2020-08-11 09:02:21,270 DEBUG o.a.j.JMeter: C:\Portable\http\jmeter\lib\checker-qual-2.10.0.jar
2020-08-11 09:02:21,270 DEBUG o.a.j.JMeter: C:\Portable\http\jmeter\lib\cmdrunner-2.2.jar
2020-08-11 09:02:21,270 DEBUG o.a.j.JMeter: C:\Portable\http\jmeter\lib\commons-codec-1.14.jar
2020-08-11 09:02:21,270 DEBUG o.a.j.JMeter: C:\Portable\http\jmeter\lib\commons-collections-3.2.2.jar
2020-08-11 09:02:21,270 DEBUG o.a.j.JMeter: C:\Portable\http\jmeter\lib\commons-dbcp2-2.7.0.jar
2020-08-11 09:02:21,270 DEBUG o.a.j.JMeter: C:\Portable\http\jmeter\lib\commons-io-2.6.jar
2020-08-11 09:02:21,270 DEBUG o.a.j.JMeter: C:\Portable\http\jmeter\lib\commons-jexl-2.1.1.jar
2020-08-11 09:02:21,270 DEBUG o.a.j.JMeter: C:\Portable\http\jmeter\lib\commons-jexl3-3.1.jar
2020-08-11 09:02:21,271 DEBUG o.a.j.JMeter: C:\Portable\http\jmeter\lib\commons-lang3-3.10.jar
2020-08-11 09:02:21,271 DEBUG o.a.j.JMeter: C:\Portable\http\jmeter\lib\commons-logging-1.2.jar
2020-08-11 09:02:21,271 DEBUG o.a.j.JMeter: C:\Portable\http\jmeter\lib\commons-math3-3.6.1.jar
2020-08-11 09:02:21,271 DEBUG o.a.j.JMeter: C:\Portable\http\jmeter\lib\commons-net-3.6.jar
2020-08-11 09:02:21,271 DEBUG o.a.j.JMeter: C:\Portable\http\jmeter\lib\commons-pool2-2.8.0.jar
2020-08-11 09:02:21,271 DEBUG o.a.j.JMeter: C:\Portable\http\jmeter\lib\commons-text-1.8.jar
2020-08-11 09:02:21,271 DEBUG o.a.j.JMeter: C:\Portable\http\jmeter\lib\darklaf-core-2.1.1.jar
2020-08-11 09:02:21,271 DEBUG o.a.j.JMeter: C:\Portable\http\jmeter\lib\darklaf-macos-2.1.1.jar
2020-08-11 09:02:21,271 DEBUG o.a.j.JMeter: C:\Portable\http\jmeter\lib\darklaf-native-utils-2.1.1.jar
2020-08-11 09:02:21,271 DEBUG o.a.j.JMeter: C:\Portable\http\jmeter\lib\darklaf-platform-base-2.1.1.jar
2020-08-11 09:02:21,271 DEBUG o.a.j.JMeter: C:\Portable\http\jmeter\lib\darklaf-property-loader-2.1.1.jar
2020-08-11 09:02:21,271 DEBUG o.a.j.JMeter: C:\Portable\http\jmeter\lib\darklaf-theme-2.1.1.jar
2020-08-11 09:02:21,271 DEBUG o.a.j.JMeter: C:\Portable\http\jmeter\lib\darklaf-utils-2.1.1.jar
2020-08-11 09:02:21,271 DEBUG o.a.j.JMeter: C:\Portable\http\jmeter\lib\darklaf-windows-2.1.1.jar
2020-08-11 09:02:21,271 DEBUG o.a.j.JMeter: C:\Portable\http\jmeter\lib\dec-0.1.2.jar
2020-08-11 09:02:21,271 DEBUG o.a.j.JMeter: C:\Portable\http\jmeter\lib\dnsjava-2.1.9.jar
2020-08-11 09:02:21,271 DEBUG o.a.j.JMeter: C:\Portable\http\jmeter\lib\error_prone_annotations-2.3.3.jar
2020-08-11 09:02:21,271 DEBUG o.a.j.JMeter: C:\Portable\http\jmeter\lib\freemarker-2.3.30.jar
2020-08-11 09:02:21,272 DEBUG o.a.j.JMeter: C:\Portable\http\jmeter\lib\geronimo-jms_1.1_spec-1.1.1.jar
2020-08-11 09:02:21,272 DEBUG o.a.j.JMeter: C:\Portable\http\jmeter\lib\groovy-3.0.3.jar
2020-08-11 09:02:21,272 DEBUG o.a.j.JMeter: C:\Portable\http\jmeter\lib\groovy-datetime-3.0.3.jar
2020-08-11 09:02:21,272 DEBUG o.a.j.JMeter: C:\Portable\http\jmeter\lib\groovy-jmx-3.0.3.jar
2020-08-11 09:02:21,272 DEBUG o.a.j.JMeter: C:\Portable\http\jmeter\lib\groovy-json-3.0.3.jar
2020-08-11 09:02:21,272 DEBUG o.a.j.JMeter: C:\Portable\http\jmeter\lib\groovy-jsr223-3.0.3.jar
2020-08-11 09:02:21,272 DEBUG o.a.j.JMeter: C:\Portable\http\jmeter\lib\groovy-sql-3.0.3.jar
2020-08-11 09:02:21,272 DEBUG o.a.j.JMeter: C:\Portable\http\jmeter\lib\groovy-templates-3.0.3.jar
2020-08-11 09:02:21,272 DEBUG o.a.j.JMeter: C:\Portable\http\jmeter\lib\groovy-xml-3.0.3.jar
2020-08-11 09:02:21,272 DEBUG o.a.j.JMeter: C:\Portable\http\jmeter\lib\hamcrest-2.2.jar
2020-08-11 09:02:21,272 DEBUG o.a.j.JMeter: C:\Portable\http\jmeter\lib\hamcrest-core-2.2.jar
2020-08-11 09:02:21,272 DEBUG o.a.j.JMeter: C:\Portable\http\jmeter\lib\hamcrest-date-2.0.7.jar
2020-08-11 09:02:21,272 DEBUG o.a.j.JMeter: C:\Portable\http\jmeter\lib\httpasyncclient-4.1.4.jar
2020-08-11 09:02:21,272 DEBUG o.a.j.JMeter: C:\Portable\http\jmeter\lib\httpclient-4.5.12.jar
2020-08-11 09:02:21,272 DEBUG o.a.j.JMeter: C:\Portable\http\jmeter\lib\httpcore-4.4.13.jar
2020-08-11 09:02:21,272 DEBUG o.a.j.JMeter: C:\Portable\http\jmeter\lib\httpcore-nio-4.4.13.jar
2020-08-11 09:02:21,272 DEBUG o.a.j.JMeter: C:\Portable\http\jmeter\lib\httpmime-4.5.12.jar
2020-08-11 09:02:21,273 DEBUG o.a.j.JMeter: C:\Portable\http\jmeter\lib\jackson-annotations-2.10.3.jar
2020-08-11 09:02:21,273 DEBUG o.a.j.JMeter: C:\Portable\http\jmeter\lib\jackson-core-2.10.3.jar
2020-08-11 09:02:21,273 DEBUG o.a.j.JMeter: C:\Portable\http\jmeter\lib\jackson-databind-2.10.3.jar
2020-08-11 09:02:21,273 DEBUG o.a.j.JMeter: C:\Portable\http\jmeter\lib\javax.activation-1.2.0.jar
2020-08-11 09:02:21,273 DEBUG o.a.j.JMeter: C:\Portable\http\jmeter\lib\jcharts-0.7.5.jar
2020-08-11 09:02:21,273 DEBUG o.a.j.JMeter: C:\Portable\http\jmeter\lib\jcl-over-slf4j-1.7.30.jar
2020-08-11 09:02:21,273 DEBUG o.a.j.JMeter: C:\Portable\http\jmeter\lib\jmespath-core-0.5.0.jar
2020-08-11 09:02:21,273 DEBUG o.a.j.JMeter: C:\Portable\http\jmeter\lib\jmespath-jackson-0.5.0.jar
2020-08-11 09:02:21,273 DEBUG o.a.j.JMeter: C:\Portable\http\jmeter\lib\jmeter-plugins-cmn-jmeter-0.4.jar
2020-08-11 09:02:21,273 DEBUG o.a.j.JMeter: C:\Portable\http\jmeter\lib\jmeter-plugins-common-io-0.2.jar
2020-08-11 09:02:21,273 DEBUG o.a.j.JMeter: C:\Portable\http\jmeter\lib\jna-5.5.0.jar
2020-08-11 09:02:21,273 DEBUG o.a.j.JMeter: C:\Portable\http\jmeter\lib\jodd-core-5.0.13.jar
2020-08-11 09:02:21,273 DEBUG o.a.j.JMeter: C:\Portable\http\jmeter\lib\jodd-lagarto-5.0.13.jar
2020-08-11 09:02:21,273 DEBUG o.a.j.JMeter: C:\Portable\http\jmeter\lib\jodd-log-5.0.13.jar
2020-08-11 09:02:21,273 DEBUG o.a.j.JMeter: C:\Portable\http\jmeter\lib\jodd-props-5.0.13.jar
2020-08-11 09:02:21,273 DEBUG o.a.j.JMeter: C:\Portable\http\jmeter\lib\jorphan.jar
2020-08-11 09:02:21,273 DEBUG o.a.j.JMeter: C:\Portable\http\jmeter\lib\json-lib-2.4-jdk15.jar
2020-08-11 09:02:21,273 DEBUG o.a.j.JMeter: C:\Portable\http\jmeter\lib\json-path-2.4.0.jar
2020-08-11 09:02:21,273 DEBUG o.a.j.JMeter: C:\Portable\http\jmeter\lib\json-smart-2.3.jar
2020-08-11 09:02:21,273 DEBUG o.a.j.JMeter: C:\Portable\http\jmeter\lib\jsoup-1.13.1.jar
2020-08-11 09:02:21,274 DEBUG o.a.j.JMeter: C:\Portable\http\jmeter\lib\jtidy-r938.jar
2020-08-11 09:02:21,274 DEBUG o.a.j.JMeter: C:\Portable\http\jmeter\lib\junit-4.13.jar
2020-08-11 09:02:21,274 DEBUG o.a.j.JMeter: C:\Portable\http\jmeter\lib\jxlayer-3.0.4.jar
2020-08-11 09:02:21,274 DEBUG o.a.j.JMeter: C:\Portable\http\jmeter\lib\log4j-1.2-api-2.13.1.jar
2020-08-11 09:02:21,274 DEBUG o.a.j.JMeter: C:\Portable\http\jmeter\lib\log4j-api-2.13.1.jar
2020-08-11 09:02:21,274 DEBUG o.a.j.JMeter: C:\Portable\http\jmeter\lib\log4j-core-2.13.1.jar
2020-08-11 09:02:21,274 DEBUG o.a.j.JMeter: C:\Portable\http\jmeter\lib\log4j-slf4j-impl-2.13.1.jar
2020-08-11 09:02:21,274 DEBUG o.a.j.JMeter: C:\Portable\http\jmeter\lib\mail-1.5.0-b01.jar
2020-08-11 09:02:21,274 DEBUG o.a.j.JMeter: C:\Portable\http\jmeter\lib\miglayout-core-5.2.jar
2020-08-11 09:02:21,274 DEBUG o.a.j.JMeter: C:\Portable\http\jmeter\lib\miglayout-swing-5.2.jar
2020-08-11 09:02:21,274 DEBUG o.a.j.JMeter: C:\Portable\http\jmeter\lib\mongo-java-driver-2.11.3.jar
2020-08-11 09:02:21,274 DEBUG o.a.j.JMeter: C:\Portable\http\jmeter\lib\neo4j-java-driver-1.7.5.jar
2020-08-11 09:02:21,274 DEBUG o.a.j.JMeter: C:\Portable\http\jmeter\lib\oro-2.0.8.jar
2020-08-11 09:02:21,274 DEBUG o.a.j.JMeter: C:\Portable\http\jmeter\lib\ph-commons-9.4.1.jar
2020-08-11 09:02:21,274 DEBUG o.a.j.JMeter: C:\Portable\http\jmeter\lib\ph-css-6.2.2.jar
2020-08-11 09:02:21,274 DEBUG o.a.j.JMeter: C:\Portable\http\jmeter\lib\rhino-1.7.12.jar
2020-08-11 09:02:21,274 DEBUG o.a.j.JMeter: C:\Portable\http\jmeter\lib\rsyntaxtextarea-3.1.0.jar
2020-08-11 09:02:21,274 DEBUG o.a.j.JMeter: C:\Portable\http\jmeter\lib\Saxon-HE-9.9.1-7.jar
2020-08-11 09:02:21,274 DEBUG o.a.j.JMeter: C:\Portable\http\jmeter\lib\serializer-2.7.2.jar
2020-08-11 09:02:21,274 DEBUG o.a.j.JMeter: C:\Portable\http\jmeter\lib\slf4j-api-1.7.30.jar
2020-08-11 09:02:21,275 DEBUG o.a.j.JMeter: C:\Portable\http\jmeter\lib\svgSalamander-1.1.2.1.jar
2020-08-11 09:02:21,275 DEBUG o.a.j.JMeter: C:\Portable\http\jmeter\lib\tika-core-1.24.1.jar
2020-08-11 09:02:21,275 DEBUG o.a.j.JMeter: C:\Portable\http\jmeter\lib\tika-parsers-1.24.1.jar
2020-08-11 09:02:21,275 DEBUG o.a.j.JMeter: C:\Portable\http\jmeter\lib\xalan-2.7.2.jar
2020-08-11 09:02:21,275 DEBUG o.a.j.JMeter: C:\Portable\http\jmeter\lib\xercesImpl-2.12.0.jar
2020-08-11 09:02:21,275 DEBUG o.a.j.JMeter: C:\Portable\http\jmeter\lib\xml-apis-1.4.01.jar
2020-08-11 09:02:21,275 DEBUG o.a.j.JMeter: C:\Portable\http\jmeter\lib\xmlgraphics-commons-2.3.jar
2020-08-11 09:02:21,275 DEBUG o.a.j.JMeter: C:\Portable\http\jmeter\lib\xmlpull-1.1.3.1.jar
2020-08-11 09:02:21,275 DEBUG o.a.j.JMeter: C:\Portable\http\jmeter\lib\xpp3_min-1.1.4c.jar
2020-08-11 09:02:21,275 DEBUG o.a.j.JMeter: C:\Portable\http\jmeter\lib\xstream-1.4.11.1.jar
2020-08-11 09:02:21,275 DEBUG o.a.j.JMeter: C:\Portable\http\jmeter\lib\ext\ApacheJMeter_bolt.jar
2020-08-11 09:02:21,275 DEBUG o.a.j.JMeter: C:\Portable\http\jmeter\lib\ext\ApacheJMeter_components.jar
2020-08-11 09:02:21,275 DEBUG o.a.j.JMeter: C:\Portable\http\jmeter\lib\ext\ApacheJMeter_core.jar
2020-08-11 09:02:21,275 DEBUG o.a.j.JMeter: C:\Portable\http\jmeter\lib\ext\ApacheJMeter_ftp.jar
2020-08-11 09:02:21,275 DEBUG o.a.j.JMeter: C:\Portable\http\jmeter\lib\ext\ApacheJMeter_functions.jar
2020-08-11 09:02:21,275 DEBUG o.a.j.JMeter: C:\Portable\http\jmeter\lib\ext\ApacheJMeter_http.jar
2020-08-11 09:02:21,275 DEBUG o.a.j.JMeter: C:\Portable\http\jmeter\lib\ext\ApacheJMeter_java.jar
2020-08-11 09:02:21,276 DEBUG o.a.j.JMeter: C:\Portable\http\jmeter\lib\ext\ApacheJMeter_jdbc.jar
2020-08-11 09:02:21,276 DEBUG o.a.j.JMeter: C:\Portable\http\jmeter\lib\ext\ApacheJMeter_jms.jar
2020-08-11 09:02:21,276 DEBUG o.a.j.JMeter: C:\Portable\http\jmeter\lib\ext\ApacheJMeter_junit.jar
2020-08-11 09:02:21,276 DEBUG o.a.j.JMeter: C:\Portable\http\jmeter\lib\ext\ApacheJMeter_ldap.jar
2020-08-11 09:02:21,276 DEBUG o.a.j.JMeter: C:\Portable\http\jmeter\lib\ext\ApacheJMeter_mail.jar
2020-08-11 09:02:21,276 DEBUG o.a.j.JMeter: C:\Portable\http\jmeter\lib\ext\ApacheJMeter_mongodb.jar
2020-08-11 09:02:21,276 DEBUG o.a.j.JMeter: C:\Portable\http\jmeter\lib\ext\ApacheJMeter_native.jar
2020-08-11 09:02:21,276 DEBUG o.a.j.JMeter: C:\Portable\http\jmeter\lib\ext\ApacheJMeter_tcp.jar
2020-08-11 09:02:21,276 DEBUG o.a.j.JMeter: C:\Portable\http\jmeter\lib\ext\jmeter-plugins-dummy-0.4.jar
2020-08-11 09:02:21,276 DEBUG o.a.j.JMeter: C:\Portable\http\jmeter\lib\ext\jmeter-plugins-httpraw-0.1.jar
2020-08-11 09:02:21,276 DEBUG o.a.j.JMeter: C:\Portable\http\jmeter\lib\ext\jmeter-plugins-manager-1.4.jar
2020-08-11 09:02:21,276 DEBUG o.a.j.JMeter: C:\Portable\http\jmeter\lib\ext\jmeter-plugins-prmctl-0.4.jar
2020-08-11 09:02:21,276 DEBUG o.a.j.JMeter: C:\Portable\http\jmeter\lib\ext\jmeter-plugins-xml-0.1.jar
2020-08-11 09:02:21,364 INFO o.a.j.JMeter: Setting LAF to: laf:com.sun.java.swing.plaf.windows.WindowsClassicLookAndFeel
2020-08-11 09:02:21,575 INFO o.a.j.JMeter: Loaded icon properties from org/apache/jmeter/images/icon.properties
2020-08-11 09:02:22,802 INFO o.a.j.JMeter: Loading file: C:\Cache\waf\tools-internal\regression-tests\jmx\.\WAF_Test.jmx
