2020/12/29 03:10:16 INFO  - jmeter.util.JMeterUtils: Setting Locale to en_US 
2020/12/29 03:10:16 INFO  - jmeter.JMeter: Loading user properties from: C:\apache-jmeter-2.5.1\bin\user.properties 
2020/12/29 03:10:16 INFO  - jmeter.JMeter: Loading system properties from: C:\apache-jmeter-2.5.1\bin\system.properties 
2020/12/29 03:10:16 INFO  - jmeter.JMeter: Copyright (c) 1998-2011 The Apache Software Foundation 
2020/12/29 03:10:16 INFO  - jmeter.JMeter: Version 2.5.1 r1177103 
2020/12/29 03:10:16 INFO  - jmeter.JMeter: java.version=1.8.0_261 
2020/12/29 03:10:16 INFO  - jmeter.JMeter: java.vm.name=Java HotSpot(TM) 64-Bit Server VM 
2020/12/29 03:10:16 INFO  - jmeter.JMeter: os.name=Windows Server 2012 R2 
2020/12/29 03:10:16 INFO  - jmeter.JMeter: os.arch=amd64 
2020/12/29 03:10:16 INFO  - jmeter.JMeter: os.version=6.3 
2020/12/29 03:10:16 INFO  - jmeter.JMeter: file.encoding=Cp1252 
2020/12/29 03:10:16 INFO  - jmeter.JMeter: Default Locale=English (United States) 
2020/12/29 03:10:16 INFO  - jmeter.JMeter: JMeter  Locale=English (United States) 
2020/12/29 03:10:16 INFO  - jmeter.JMeter: JMeterHome=C:\apache-jmeter-2.5.1 
2020/12/29 03:10:16 INFO  - jmeter.JMeter: user.dir  =C:\apache-jmeter-2.5.1\bin 
2020/12/29 03:10:16 INFO  - jmeter.JMeter: PWD       =C:\apache-jmeter-2.5.1\bin 
2020/12/29 03:10:20 INFO  - jmeter.JMeter: IP: x.x.x.x Name: Win2012R2 FullName: Win2012R2 
2020/12/29 03:10:20 INFO  - jmeter.JMeter: Loaded icon properties from org/apache/jmeter/images/icon.properties 
2020/12/29 03:10:21 INFO  - jmeter.engine.util.CompoundVariable: Note: Function class names must contain the string: '.functions.' 
2020/12/29 03:10:21 INFO  - jmeter.engine.util.CompoundVariable: Note: Function class names must not contain the string: '.gui.' 
2020/12/29 03:10:21 INFO  - jmeter.util.BSFTestElement: Registering JMeter version of JavaScript engine as work-round for BSF-22 
2020/12/29 03:10:21 INFO  - jmeter.protocol.http.sampler.HTTPSamplerBase: Cannot find .className property for htmlParser, using default 
2020/12/29 03:10:21 INFO  - jmeter.protocol.http.sampler.HTTPSamplerBase: Parser for text/html is  
2020/12/29 03:10:21 INFO  - jmeter.protocol.http.sampler.HTTPSamplerBase: Parser for application/xhtml+xml is  
2020/12/29 03:10:21 INFO  - jmeter.protocol.http.sampler.HTTPSamplerBase: Parser for application/xml is  
2020/12/29 03:10:21 INFO  - jmeter.protocol.http.sampler.HTTPSamplerBase: Parser for text/xml is  
2020/12/29 03:10:21 INFO  - jmeter.protocol.http.sampler.HTTPSamplerBase: Parser for text/vnd.wap.wml is org.apache.jmeter.protocol.http.parser.RegexpHTMLParser 
2020/12/29 03:10:21 INFO  - jmeter.protocol.http.sampler.HTTPSamplerBase: Reuse SSL session context on subsequent iterations: true 
2020/12/29 03:10:21 INFO  - jmeter.protocol.http.control.CookieManager: Settings: Delete null: true Check: true Allow variable: true Save: false Prefix: COOKIE_ 
2020/12/29 03:10:21 INFO  - jmeter.gui.util.MenuFactory: Skipping org.apache.jmeter.protocol.http.modifier.gui.ParamModifierGui 
2020/12/29 03:10:21 INFO  - jmeter.gui.util.MenuFactory: Skipping org.apache.jmeter.protocol.http.modifier.gui.UserParameterModifierGui 
2020/12/29 03:10:22 INFO  - jmeter.samplers.SampleResult: Note: Sample TimeStamps are START times 
2020/12/29 03:10:22 INFO  - jmeter.samplers.SampleResult: sampleresult.default.encoding is set to ISO-8859-1 
2020/12/29 03:10:22 INFO  - jmeter.samplers.SampleResult: sampleresult.useNanoTime=true 
2020/12/29 03:10:26 INFO  - jmeter.services.FileServer: Default base='C:\apache-jmeter-2.5.1\bin' 
2020/12/29 03:10:26 INFO  - jmeter.gui.action.Load: Loading file: C:\MapperTestPlan-OpenBIS.jmx 
2020/12/29 03:10:26 INFO  - jmeter.services.FileServer: Set new base 'C:\' 
2020/12/29 03:10:26 INFO  - jmeter.save.SaveService: Testplan (JMX) version: 2.2. Testlog (JTL) version: 2.2 
2020/12/29 03:10:26 INFO  - jmeter.save.SaveService: Using SaveService properties file encoding UTF-8 
2020/12/29 03:10:26 INFO  - jmeter.save.SaveService: Using SaveService properties file version 1050447 
2020/12/29 03:10:26 INFO  - jmeter.save.SaveService: Using SaveService properties version 2.1 
2020/12/29 03:10:26 INFO  - jmeter.save.SaveService: All converter versions present and correct 
2020/12/29 03:10:26 INFO  - jmeter.services.FileServer: Set new base='C:\' 
2020/12/29 03:10:33 INFO  - jmeter.engine.StandardJMeterEngine: Listeners will be started after enabling running version 
2020/12/29 03:10:33 INFO  - jmeter.engine.StandardJMeterEngine: To revert to the earlier behaviour, define jmeterengine.startlistenerslater=false 
2020/12/29 03:10:33 INFO  - jmeter.engine.StandardJMeterEngine: Running the test! 
2020/12/29 03:10:33 INFO  - jmeter.gui.util.JMeterMenuBar: setRunning(true,*local*) 
2020/12/29 03:10:33 INFO  - jmeter.engine.StandardJMeterEngine: Starting 1 threads for group Thread Group. 
2020/12/29 03:10:33 INFO  - jmeter.engine.StandardJMeterEngine: Thread will stop on error 
2020/12/29 03:10:33 INFO  - jmeter.threads.JMeterThread: jmeterthread.startearlier=true (see jmeter.properties) 
2020/12/29 03:10:33 INFO  - jmeter.threads.JMeterThread: Running PostProcessors in forward order 
2020/12/29 03:10:33 INFO  - jmeter.engine.StandardJMeterEngine: All threads have been started 
2020/12/29 03:10:33 INFO  - jmeter.threads.JMeterThread: Thread started: Thread Group 1-1 
2020/12/29 03:10:33 INFO  - jmeter.services.FileServer: Stored: Mapper_params.txt Alias: Mapper_params.txt@shareMode.all 
2020/12/29 03:11:08 INFO  - jmeter.gui.action.Start: Shutting test down 
2020/12/29 03:11:08 INFO  - jmeter.threads.JMeterThread: Stopping: Thread Group 1-1 
2020/12/29 03:11:09 INFO  - jmeter.threads.JMeterThread: Thread finished: Thread Group 1-1 
2020/12/29 03:11:09 INFO  - jmeter.engine.StandardJMeterEngine: Ending thread Thread Group 1-1 
2020/12/29 03:11:09 INFO  - jmeter.engine.StandardJMeterEngine: Notifying test listeners of end of test 
2020/12/29 03:11:09 INFO  - jmeter.services.FileServer: Close: Mapper_params.txt@shareMode.all 
2020/12/29 03:11:09 INFO  - jmeter.gui.util.JMeterMenuBar: setRunning(false,*local*) 
2020/12/29 03:11:09 INFO  - jmeter.engine.StandardJMeterEngine: Test has ended on host null 
