2020-06-10 10:34:12,701 INFO o.a.j.u.JMeterUtils: Setting Locale to en_EN
2020-06-10 10:34:12,782 INFO o.a.j.JMeter: Loading user properties from: /Users/mi185051/Installers/di-apache-jmeter-5.3/bin/user.properties
2020-06-10 10:34:12,810 INFO o.a.j.JMeter: Loading system properties from: /Users/mi185051/Installers/di-apache-jmeter-5.3/bin/system.properties
2020-06-10 10:34:12,812 INFO o.a.j.JMeter: Copyright (c) 1998-2020 The Apache Software Foundation
2020-06-10 10:34:12,812 INFO o.a.j.JMeter: Version 5.3
2020-06-10 10:34:12,812 INFO o.a.j.JMeter: java.version=1.8.0_211
2020-06-10 10:34:12,812 INFO o.a.j.JMeter: java.vm.name=Java HotSpot(TM) 64-Bit Server VM
2020-06-10 10:34:12,812 INFO o.a.j.JMeter: os.name=Mac OS X
2020-06-10 10:34:12,813 INFO o.a.j.JMeter: os.arch=x86_64
2020-06-10 10:34:12,813 INFO o.a.j.JMeter: os.version=10.14.6
2020-06-10 10:34:12,813 INFO o.a.j.JMeter: file.encoding=UTF-8
2020-06-10 10:34:12,813 INFO o.a.j.JMeter: java.awt.headless=null
2020-06-10 10:34:12,813 INFO o.a.j.JMeter: Max memory     =536870912
2020-06-10 10:34:12,813 INFO o.a.j.JMeter: Available Processors =12
2020-06-10 10:34:12,824 INFO o.a.j.JMeter: Default Locale=English (EN)
2020-06-10 10:34:12,824 INFO o.a.j.JMeter: JMeter  Locale=English (EN)
2020-06-10 10:34:12,824 INFO o.a.j.JMeter: JMeterHome=/Users/mi185051/Installers/di-apache-jmeter-5.3
2020-06-10 10:34:12,824 INFO o.a.j.JMeter: user.dir  =/Users/mi185051
2020-06-10 10:34:12,824 INFO o.a.j.JMeter: PWD       =/Users/mi185051
2020-06-10 10:34:12,840 INFO o.a.j.JMeter: IP: 192.168.0.13 Name: WINMI185051-8LQ FullName: 192.168.0.13
2020-06-10 10:34:13,681 INFO o.a.j.JMeter: Setting LAF to: com.github.weisj.darklaf.DarkLaf:com.github.weisj.darklaf.theme.SolarizedDarkTheme
2020-06-10 10:34:17,308 INFO o.a.j.JMeter: Loaded icon properties from org/apache/jmeter/images/icon.properties
2020-06-10 10:34:24,094 INFO o.j.r.JARSourceHTTP: Requesting http://diperformance.dca.diginsite.net/projects/di_repository/plugins.json?installID=mac_os_x-efb43b9c17586f58ca5ea612a47cbcfc-gui
2020-06-10 10:34:26,861 INFO o.a.j.e.KeyToolUtils: keytool found at 'keytool'
2020-06-10 10:34:26,862 INFO o.a.j.p.h.p.ProxyControl: HTTP(S) Test Script Recorder SSL Proxy will use keys that support embedded 3rd party resources in file /Users/mi185051/Installers/di-apache-jmeter-5.3/bin/proxyserver.jks
2020-06-10 10:34:26,939 INFO c.b.j.c.CorrelationProxyControlGui: Correlation Recorder Test Plan Template installed
2020-06-10 10:34:26,940 INFO c.b.j.c.CorrelationProxyControlGui: Siebel Correlation's Template installed
2020-06-10 10:34:26,965 INFO o.a.j.p.h.s.HTTPSamplerBase: Parser for text/html is org.apache.jmeter.protocol.http.parser.LagartoBasedHtmlParser
2020-06-10 10:34:26,965 INFO o.a.j.p.h.s.HTTPSamplerBase: Parser for application/xhtml+xml is org.apache.jmeter.protocol.http.parser.LagartoBasedHtmlParser
2020-06-10 10:34:26,965 INFO o.a.j.p.h.s.HTTPSamplerBase: Parser for application/xml is org.apache.jmeter.protocol.http.parser.LagartoBasedHtmlParser
2020-06-10 10:34:26,965 INFO o.a.j.p.h.s.HTTPSamplerBase: Parser for text/xml is org.apache.jmeter.protocol.http.parser.LagartoBasedHtmlParser
2020-06-10 10:34:26,965 INFO o.a.j.p.h.s.HTTPSamplerBase: Parser for text/vnd.wap.wml is org.apache.jmeter.protocol.http.parser.RegexpHTMLParser
2020-06-10 10:34:26,965 INFO o.a.j.p.h.s.HTTPSamplerBase: Parser for text/css is org.apache.jmeter.protocol.http.parser.CssParser
2020-06-10 10:34:27,019 WARN o.a.j.u.JMeterUtils: no icon for toolbar/19x19arrow-right-3.png
2020-06-10 10:34:27,023 INFO o.a.j.s.SampleResult: Note: Sample TimeStamps are START times
2020-06-10 10:34:27,023 INFO o.a.j.s.SampleResult: sampleresult.default.encoding is set to ISO-8859-1
2020-06-10 10:34:27,023 INFO o.a.j.s.SampleResult: sampleresult.useNanoTime=true
2020-06-10 10:34:27,023 INFO o.a.j.s.SampleResult: sampleresult.nanoThreadSleep=5000
2020-06-10 10:34:28,501 INFO o.j.r.JARSourceHTTP: Requesting http://diperformance.dca.diginsite.net/projects/di_repository/di_plugins/plugins.json?installID=mac_os_x-efb43b9c17586f58ca5ea612a47cbcfc-gui
2020-06-10 10:34:28,964 WARN o.a.j.g.ObjectTableModel: Header count=13 but classes count=11
2020-06-10 10:34:28,964 WARN o.a.j.g.ObjectTableModel: Header count=13 but writeFunctor count=11
2020-06-10 10:34:29,135 INFO o.j.r.PluginManager: Plugins Status: [jpgc-graphs-basic=2.0, jpgc-graphs-additional=2.0, jpgc-autostop=0.1, jmeter.backendlistener.azure=0.2.2, blazemeter-debugger=0.6, netflix-cassandra=0.2-SNAPSHOT, jpgc-cmd=2.2, jpgc-graphs-composite=2.0, jpgc-csl=0.1, bzm-siebel=1.0, jpgc-functions=2.1, jpgc-casutg=2.9, jpgc-dbmon=0.1, jpgc-directory-listing=0.3, jpgc-graphs-dist=2.0, jpgc-dummy=0.4, jmeter.backendlistener.elasticsearch=2.6.11, jpgc-filterresults=2.2, jpgc-ffw=2.0, jmeter-pubsub-sampler=1.0, jpgc-ggl=2.0, bzm-hls=3.0.2, jpgc-httpraw=0.1, jpgc-sts=2.4, bzm-http2=1.5, jpgc-hadoop=2.0, mqmeter=2.1.0, jpgc-fifo=0.2, jpgc-jms=0.2, jpgc-jmxmon=0.3, jmeter.pack-listener=1.7, jpgc-json=2.7, jpgc-graphs-vs=2.0, kafkameter=0.2.0, jmeter.backendlistener.kafka=1.0.0, jpgc-lockfile=0.1, mqtt-sampler=0.0.1-SNAPSHOT, jpgc-mergeresults=2.1, jpgc-pde=0.1, bzm-parallel=0.9, jpgc-prmctl=0.4, jpgc-perfmon=2.1, jpgc-plugins-manager=1.4, bzm-rte=3.0, bzm-random-csv=0.6, jpgc-redis=0.3, jpgc-rotating-listener=0.2, ssh-sampler=1.1.1-SNAPSHOT, tilln-sshmon=1.2, jpgc-webdriver=3.1, jpgc-synthesis=2.2, jpgc-plancheck=2.4, jpgc-tst=2.5, jpgc-udp=0.4, jpgc-csvars=0.1, tilln-wssecurity=1.7, websocket-sampler=1.0.2-SNAPSHOT, websocket-samplers=1.2.8, jpgc-wsc=0.7, jpgc-xml=0.1, jpgc-xmpp=1.5.1, jmeter-core=5.3, jmeter-ftp=5.3, jmeter-http=5.3, jmeter-jdbc=5.3, jmeter-jms=5.3, jmeter-junit=5.3, jmeter-java=5.3, jmeter-ldap=5.3, jmeter-mail=5.3, jmeter-mongodb=5.3, jmeter-native=5.3, jmeter-tcp=5.3, jmeter-components=5.3, jpgc-standard=2.0]
2020-06-10 10:34:48,888 INFO o.a.j.s.FileServer: Default base='/Users/mi185051'
2020-06-10 10:35:04,524 INFO o.a.j.g.a.Load: Loading file: /Users/mi185051/Downloads/Bloomsburynew.jmx
2020-06-10 10:35:04,524 INFO o.a.j.s.FileServer: Set new base='/Users/mi185051/Downloads'
2020-06-10 10:35:04,680 INFO o.a.j.s.SaveService: Testplan (JMX) version: 2.2. Testlog (JTL) version: 2.2
2020-06-10 10:35:04,718 INFO o.a.j.s.SaveService: Using SaveService properties file encoding UTF-8
2020-06-10 10:35:04,719 INFO o.a.j.s.SaveService: Using SaveService properties version 5.0
2020-06-10 10:35:04,721 WARN o.a.j.s.SaveService: Can't register a converter: com.blazemeter.jmeter.citrix.sampler.CitrixSampleResultConverter
java.lang.ClassNotFoundException: com.blazemeter.jmeter.citrix.sampler.CitrixSampleResultConverter
	at java.net.URLClassLoader.findClass(URLClassLoader.java:382) ~[?:1.8.0_211]
	at java.lang.ClassLoader.loadClass(ClassLoader.java:424) ~[?:1.8.0_211]
	at java.lang.ClassLoader.loadClass(ClassLoader.java:357) ~[?:1.8.0_211]
	at java.lang.Class.forName0(Native Method) ~[?:1.8.0_211]
	at java.lang.Class.forName(Class.java:264) ~[?:1.8.0_211]
	at org.apache.jmeter.save.SaveService.registerConverter(SaveService.java:284) ~[ApacheJMeter_core.jar:5.3]
	at org.apache.jmeter.save.SaveService.registerConverter(SaveService.java:259) ~[ApacheJMeter_core.jar:5.3]
	at org.apache.jmeter.save.SaveService.initProps(SaveService.java:245) ~[ApacheJMeter_core.jar:5.3]
	at org.apache.jmeter.save.SaveService.<clinit>(SaveService.java:164) ~[ApacheJMeter_core.jar:5.3]
	at org.apache.jmeter.gui.action.Load.loadProjectFile(Load.java:129) ~[ApacheJMeter_core.jar:5.3]
	at org.apache.jmeter.gui.action.Load.loadProjectFile(Load.java:101) ~[ApacheJMeter_core.jar:5.3]
	at org.apache.jmeter.gui.action.Load.doActionAfterCheck(Load.java:88) ~[ApacheJMeter_core.jar:5.3]
	at org.apache.jmeter.gui.action.AbstractActionWithNoRunningTest.doAction(AbstractActionWithNoRunningTest.java:44) ~[ApacheJMeter_core.jar:5.3]
	at org.apache.jmeter.gui.action.ActionRouter.performAction(ActionRouter.java:87) ~[ApacheJMeter_core.jar:5.3]
	at org.apache.jmeter.gui.action.ActionRouter.lambda$actionPerformed$0(ActionRouter.java:69) ~[ApacheJMeter_core.jar:5.3]
	at java.awt.event.InvocationEvent.dispatch(InvocationEvent.java:311) [?:1.8.0_211]
	at java.awt.EventQueue.dispatchEventImpl(EventQueue.java:758) [?:1.8.0_211]
	at java.awt.EventQueue.access$500(EventQueue.java:97) [?:1.8.0_211]
	at java.awt.EventQueue$3.run(EventQueue.java:709) [?:1.8.0_211]
	at java.awt.EventQueue$3.run(EventQueue.java:703) [?:1.8.0_211]
	at java.security.AccessController.doPrivileged(Native Method) ~[?:1.8.0_211]
	at java.security.ProtectionDomain$JavaSecurityAccessImpl.doIntersectionPrivilege(ProtectionDomain.java:74) [?:1.8.0_211]
	at java.awt.EventQueue.dispatchEvent(EventQueue.java:728) [?:1.8.0_211]
	at java.awt.EventDispatchThread.pumpOneEventForFilters(EventDispatchThread.java:205) [?:1.8.0_211]
	at java.awt.EventDispatchThread.pumpEventsForFilter(EventDispatchThread.java:116) [?:1.8.0_211]
	at java.awt.EventDispatchThread.pumpEventsForHierarchy(EventDispatchThread.java:105) [?:1.8.0_211]
	at java.awt.EventDispatchThread.pumpEvents(EventDispatchThread.java:101) [?:1.8.0_211]
	at java.awt.EventDispatchThread.pumpEvents(EventDispatchThread.java:93) [?:1.8.0_211]
	at java.awt.EventDispatchThread.run(EventDispatchThread.java:82) [?:1.8.0_211]
2020-06-10 10:35:04,729 INFO o.a.j.s.SaveService: Loading file: /Users/mi185051/Downloads/Bloomsburynew.jmx
2020-06-10 10:35:05,004 INFO o.a.j.p.h.c.CookieManager: Settings: Delete null: true Check: true Allow variable: true Save: false Prefix: COOKIE_
2020-06-10 10:35:05,007 INFO o.a.j.p.h.c.CacheManager: Will only cache the following methods: [GET]
2020-06-10 10:35:06,641 INFO o.a.j.s.FileServer: Set new base='/Users/mi185051/Downloads'
2020-06-10 10:35:08,351 ERROR o.a.j.JMeter: Uncaught exception in thread Thread[AWT-EventQueue-0,6,main]
java.lang.NullPointerException: null
	at com.github.weisj.darklaf.ui.tree.DarkTreeUI$2.actionPerformed(DarkTreeUI.java:226) ~[darklaf-core-2.1.1.jar:2.1.1]
	at javax.swing.SwingUtilities.notifyAction(SwingUtilities.java:1668) ~[?:1.8.0_211]
	at javax.swing.JComponent.processKeyBinding(JComponent.java:2882) ~[?:1.8.0_211]
	at javax.swing.JComponent.processKeyBindings(JComponent.java:2929) ~[?:1.8.0_211]
	at javax.swing.JComponent.processKeyEvent(JComponent.java:2845) ~[?:1.8.0_211]
	at java.awt.Component.processEvent(Component.java:6316) ~[?:1.8.0_211]
	at java.awt.Container.processEvent(Container.java:2239) ~[?:1.8.0_211]
	at java.awt.Component.dispatchEventImpl(Component.java:4889) ~[?:1.8.0_211]
	at java.awt.Container.dispatchEventImpl(Container.java:2297) ~[?:1.8.0_211]
	at java.awt.Component.dispatchEvent(Component.java:4711) ~[?:1.8.0_211]
	at java.awt.KeyboardFocusManager.redispatchEvent(KeyboardFocusManager.java:1954) ~[?:1.8.0_211]
	at java.awt.DefaultKeyboardFocusManager.dispatchKeyEvent(DefaultKeyboardFocusManager.java:835) ~[?:1.8.0_211]
	at java.awt.DefaultKeyboardFocusManager.preDispatchKeyEvent(DefaultKeyboardFocusManager.java:1103) ~[?:1.8.0_211]
	at java.awt.DefaultKeyboardFocusManager.typeAheadAssertions(DefaultKeyboardFocusManager.java:974) ~[?:1.8.0_211]
	at java.awt.DefaultKeyboardFocusManager.dispatchEvent(DefaultKeyboardFocusManager.java:800) ~[?:1.8.0_211]
	at java.awt.Component.dispatchEventImpl(Component.java:4760) ~[?:1.8.0_211]
	at java.awt.Container.dispatchEventImpl(Container.java:2297) ~[?:1.8.0_211]
	at java.awt.Window.dispatchEventImpl(Window.java:2746) ~[?:1.8.0_211]
	at java.awt.Component.dispatchEvent(Component.java:4711) ~[?:1.8.0_211]
	at java.awt.EventQueue.dispatchEventImpl(EventQueue.java:760) ~[?:1.8.0_211]
	at java.awt.EventQueue.access$500(EventQueue.java:97) ~[?:1.8.0_211]
	at java.awt.EventQueue$3.run(EventQueue.java:709) ~[?:1.8.0_211]
	at java.awt.EventQueue$3.run(EventQueue.java:703) ~[?:1.8.0_211]
	at java.security.AccessController.doPrivileged(Native Method) ~[?:1.8.0_211]
	at java.security.ProtectionDomain$JavaSecurityAccessImpl.doIntersectionPrivilege(ProtectionDomain.java:74) ~[?:1.8.0_211]
	at java.security.ProtectionDomain$JavaSecurityAccessImpl.doIntersectionPrivilege(ProtectionDomain.java:84) ~[?:1.8.0_211]
	at java.awt.EventQueue$4.run(EventQueue.java:733) ~[?:1.8.0_211]
	at java.awt.EventQueue$4.run(EventQueue.java:731) ~[?:1.8.0_211]
	at java.security.AccessController.doPrivileged(Native Method) ~[?:1.8.0_211]
	at java.security.ProtectionDomain$JavaSecurityAccessImpl.doIntersectionPrivilege(ProtectionDomain.java:74) ~[?:1.8.0_211]
	at java.awt.EventQueue.dispatchEvent(EventQueue.java:730) ~[?:1.8.0_211]
	at java.awt.EventDispatchThread.pumpOneEventForFilters(EventDispatchThread.java:205) [?:1.8.0_211]
	at java.awt.EventDispatchThread.pumpEventsForFilter(EventDispatchThread.java:116) [?:1.8.0_211]
	at java.awt.EventDispatchThread.pumpEventsForHierarchy(EventDispatchThread.java:105) [?:1.8.0_211]
	at java.awt.EventDispatchThread.pumpEvents(EventDispatchThread.java:101) [?:1.8.0_211]
	at java.awt.EventDispatchThread.pumpEvents(EventDispatchThread.java:93) [?:1.8.0_211]
	at java.awt.EventDispatchThread.run(EventDispatchThread.java:82) [?:1.8.0_211]
2020-06-10 10:35:09,898 ERROR o.a.j.JMeter: Uncaught exception in thread Thread[AWT-EventQueue-0,6,main]
java.lang.NullPointerException: null
	at com.github.weisj.darklaf.ui.tree.DarkTreeUI$2.actionPerformed(DarkTreeUI.java:226) ~[darklaf-core-2.1.1.jar:2.1.1]
	at javax.swing.SwingUtilities.notifyAction(SwingUtilities.java:1668) ~[?:1.8.0_211]
	at javax.swing.JComponent.processKeyBinding(JComponent.java:2882) ~[?:1.8.0_211]
	at javax.swing.JComponent.processKeyBindings(JComponent.java:2929) ~[?:1.8.0_211]
	at javax.swing.JComponent.processKeyEvent(JComponent.java:2845) ~[?:1.8.0_211]
	at java.awt.Component.processEvent(Component.java:6316) ~[?:1.8.0_211]
	at java.awt.Container.processEvent(Container.java:2239) ~[?:1.8.0_211]
	at java.awt.Component.dispatchEventImpl(Component.java:4889) ~[?:1.8.0_211]
	at java.awt.Container.dispatchEventImpl(Container.java:2297) ~[?:1.8.0_211]
	at java.awt.Component.dispatchEvent(Component.java:4711) ~[?:1.8.0_211]
	at java.awt.KeyboardFocusManager.redispatchEvent(KeyboardFocusManager.java:1954) ~[?:1.8.0_211]
	at java.awt.DefaultKeyboardFocusManager.dispatchKeyEvent(DefaultKeyboardFocusManager.java:835) ~[?:1.8.0_211]
	at java.awt.DefaultKeyboardFocusManager.preDispatchKeyEvent(DefaultKeyboardFocusManager.java:1103) ~[?:1.8.0_211]
	at java.awt.DefaultKeyboardFocusManager.typeAheadAssertions(DefaultKeyboardFocusManager.java:974) ~[?:1.8.0_211]
	at java.awt.DefaultKeyboardFocusManager.dispatchEvent(DefaultKeyboardFocusManager.java:800) ~[?:1.8.0_211]
	at java.awt.Component.dispatchEventImpl(Component.java:4760) ~[?:1.8.0_211]
	at java.awt.Container.dispatchEventImpl(Container.java:2297) ~[?:1.8.0_211]
	at java.awt.Window.dispatchEventImpl(Window.java:2746) ~[?:1.8.0_211]
	at java.awt.Component.dispatchEvent(Component.java:4711) ~[?:1.8.0_211]
	at java.awt.EventQueue.dispatchEventImpl(EventQueue.java:760) ~[?:1.8.0_211]
	at java.awt.EventQueue.access$500(EventQueue.java:97) ~[?:1.8.0_211]
	at java.awt.EventQueue$3.run(EventQueue.java:709) ~[?:1.8.0_211]
	at java.awt.EventQueue$3.run(EventQueue.java:703) ~[?:1.8.0_211]
	at java.security.AccessController.doPrivileged(Native Method) ~[?:1.8.0_211]
	at java.security.ProtectionDomain$JavaSecurityAccessImpl.doIntersectionPrivilege(ProtectionDomain.java:74) ~[?:1.8.0_211]
	at java.security.ProtectionDomain$JavaSecurityAccessImpl.doIntersectionPrivilege(ProtectionDomain.java:84) ~[?:1.8.0_211]
	at java.awt.EventQueue$4.run(EventQueue.java:733) ~[?:1.8.0_211]
	at java.awt.EventQueue$4.run(EventQueue.java:731) ~[?:1.8.0_211]
	at java.security.AccessController.doPrivileged(Native Method) ~[?:1.8.0_211]
	at java.security.ProtectionDomain$JavaSecurityAccessImpl.doIntersectionPrivilege(ProtectionDomain.java:74) ~[?:1.8.0_211]
	at java.awt.EventQueue.dispatchEvent(EventQueue.java:730) ~[?:1.8.0_211]
	at java.awt.EventDispatchThread.pumpOneEventForFilters(EventDispatchThread.java:205) [?:1.8.0_211]
	at java.awt.EventDispatchThread.pumpEventsForFilter(EventDispatchThread.java:116) [?:1.8.0_211]
	at java.awt.EventDispatchThread.pumpEventsForHierarchy(EventDispatchThread.java:105) [?:1.8.0_211]
	at java.awt.EventDispatchThread.pumpEvents(EventDispatchThread.java:101) [?:1.8.0_211]
	at java.awt.EventDispatchThread.pumpEvents(EventDispatchThread.java:93) [?:1.8.0_211]
	at java.awt.EventDispatchThread.run(EventDispatchThread.java:82) [?:1.8.0_211]
2020-06-10 10:35:23,524 INFO o.a.j.e.StandardJMeterEngine: Running the test!
2020-06-10 10:35:23,526 INFO o.a.j.s.SampleEvent: List of sample_variables: []
2020-06-10 10:35:23,526 INFO o.a.j.s.SampleEvent: List of sample_variables: []
2020-06-10 10:35:23,528 INFO o.a.j.e.u.CompoundVariable: Note: Function class names must contain the string: '.functions.'
2020-06-10 10:35:23,528 INFO o.a.j.e.u.CompoundVariable: Note: Function class names must not contain the string: '.gui.'
2020-06-10 10:35:23,866 INFO o.a.j.g.u.JMeterMenuBar: setRunning(true, *local*)
2020-06-10 10:35:23,902 INFO o.a.j.e.StandardJMeterEngine: Starting ThreadGroup: 1 : SC_02
2020-06-10 10:35:23,902 INFO o.a.j.e.StandardJMeterEngine: Starting 1 threads for group SC_02.
2020-06-10 10:35:23,903 INFO o.a.j.e.StandardJMeterEngine: Thread will continue on error
2020-06-10 10:35:23,903 INFO o.a.j.t.ThreadGroup: Starting thread group... number=1 threads=1 ramp-up=1 delayedStart=false
2020-06-10 10:35:23,906 INFO o.a.j.t.ThreadGroup: Started thread group number 1
2020-06-10 10:35:23,907 INFO o.a.j.e.StandardJMeterEngine: All thread groups have been started
2020-06-10 10:35:23,910 INFO o.a.j.t.JMeterThread: Thread started: SC_02 1-1
2020-06-10 10:35:23,922 INFO o.a.j.p.h.s.HTTPHCAbstractImpl: Local host = WINMI185051-8LQ
2020-06-10 10:35:23,929 INFO o.a.j.p.h.s.HTTPHC4Impl: HTTP request retry count = 0
2020-06-10 10:35:24,107 INFO o.a.j.p.h.s.h.LazyLayeredConnectionSocketFactory: Setting up HTTPS TrustAll Socket Factory
2020-06-10 10:35:24,110 INFO o.a.j.u.JsseSSLManager: Using default SSL protocol: TLS
2020-06-10 10:35:24,110 INFO o.a.j.u.JsseSSLManager: SSL session context: per-thread
2020-06-10 10:35:24,116 INFO o.a.j.u.SSLManager: JmeterKeyStore Location:  type JKS
2020-06-10 10:35:24,117 INFO o.a.j.u.SSLManager: KeyStore created OK
2020-06-10 10:35:24,117 WARN o.a.j.u.SSLManager: Keystore file not found, loading empty keystore
2020-06-10 10:35:30,261 ERROR o.a.j.JMeter: Uncaught exception in thread Thread[AWT-EventQueue-0,6,main]
java.lang.NullPointerException: null
	at com.github.weisj.darklaf.ui.tree.DarkTreeUI$2.actionPerformed(DarkTreeUI.java:226) ~[darklaf-core-2.1.1.jar:2.1.1]
	at javax.swing.SwingUtilities.notifyAction(SwingUtilities.java:1668) ~[?:1.8.0_211]
	at javax.swing.JComponent.processKeyBinding(JComponent.java:2882) ~[?:1.8.0_211]
	at javax.swing.JComponent.processKeyBindings(JComponent.java:2929) ~[?:1.8.0_211]
	at javax.swing.JComponent.processKeyEvent(JComponent.java:2845) ~[?:1.8.0_211]
	at java.awt.Component.processEvent(Component.java:6316) ~[?:1.8.0_211]
	at java.awt.Container.processEvent(Container.java:2239) ~[?:1.8.0_211]
	at java.awt.Component.dispatchEventImpl(Component.java:4889) ~[?:1.8.0_211]
	at java.awt.Container.dispatchEventImpl(Container.java:2297) ~[?:1.8.0_211]
	at java.awt.Component.dispatchEvent(Component.java:4711) ~[?:1.8.0_211]
	at java.awt.KeyboardFocusManager.redispatchEvent(KeyboardFocusManager.java:1954) ~[?:1.8.0_211]
	at java.awt.DefaultKeyboardFocusManager.dispatchKeyEvent(DefaultKeyboardFocusManager.java:835) ~[?:1.8.0_211]
	at java.awt.DefaultKeyboardFocusManager.preDispatchKeyEvent(DefaultKeyboardFocusManager.java:1103) ~[?:1.8.0_211]
	at java.awt.DefaultKeyboardFocusManager.typeAheadAssertions(DefaultKeyboardFocusManager.java:974) ~[?:1.8.0_211]
	at java.awt.DefaultKeyboardFocusManager.dispatchEvent(DefaultKeyboardFocusManager.java:800) ~[?:1.8.0_211]
	at java.awt.Component.dispatchEventImpl(Component.java:4760) ~[?:1.8.0_211]
	at java.awt.Container.dispatchEventImpl(Container.java:2297) ~[?:1.8.0_211]
	at java.awt.Window.dispatchEventImpl(Window.java:2746) ~[?:1.8.0_211]
	at java.awt.Component.dispatchEvent(Component.java:4711) ~[?:1.8.0_211]
	at java.awt.EventQueue.dispatchEventImpl(EventQueue.java:760) ~[?:1.8.0_211]
	at java.awt.EventQueue.access$500(EventQueue.java:97) ~[?:1.8.0_211]
	at java.awt.EventQueue$3.run(EventQueue.java:709) ~[?:1.8.0_211]
	at java.awt.EventQueue$3.run(EventQueue.java:703) ~[?:1.8.0_211]
	at java.security.AccessController.doPrivileged(Native Method) ~[?:1.8.0_211]
	at java.security.ProtectionDomain$JavaSecurityAccessImpl.doIntersectionPrivilege(ProtectionDomain.java:74) ~[?:1.8.0_211]
	at java.security.ProtectionDomain$JavaSecurityAccessImpl.doIntersectionPrivilege(ProtectionDomain.java:84) ~[?:1.8.0_211]
	at java.awt.EventQueue$4.run(EventQueue.java:733) ~[?:1.8.0_211]
	at java.awt.EventQueue$4.run(EventQueue.java:731) ~[?:1.8.0_211]
	at java.security.AccessController.doPrivileged(Native Method) ~[?:1.8.0_211]
	at java.security.ProtectionDomain$JavaSecurityAccessImpl.doIntersectionPrivilege(ProtectionDomain.java:74) ~[?:1.8.0_211]
	at java.awt.EventQueue.dispatchEvent(EventQueue.java:730) ~[?:1.8.0_211]
	at java.awt.EventDispatchThread.pumpOneEventForFilters(EventDispatchThread.java:205) [?:1.8.0_211]
	at java.awt.EventDispatchThread.pumpEventsForFilter(EventDispatchThread.java:116) [?:1.8.0_211]
	at java.awt.EventDispatchThread.pumpEventsForHierarchy(EventDispatchThread.java:105) [?:1.8.0_211]
	at java.awt.EventDispatchThread.pumpEvents(EventDispatchThread.java:101) [?:1.8.0_211]
	at java.awt.EventDispatchThread.pumpEvents(EventDispatchThread.java:93) [?:1.8.0_211]
	at java.awt.EventDispatchThread.run(EventDispatchThread.java:82) [?:1.8.0_211]
2020-06-10 10:35:54,641 INFO o.a.j.t.JMeterThread: Thread is done: SC_02 1-1
2020-06-10 10:35:54,642 INFO o.a.j.t.JMeterThread: Thread finished: SC_02 1-1
2020-06-10 10:35:54,644 INFO o.a.j.e.StandardJMeterEngine: Notifying test listeners of end of test
2020-06-10 10:35:54,645 INFO o.a.j.g.u.JMeterMenuBar: setRunning(false, *local*)
2020-06-10 10:38:17,334 ERROR o.a.j.JMeter: Uncaught exception in thread Thread[AWT-EventQueue-0,6,main]
java.lang.NullPointerException: null
	at com.github.weisj.darklaf.ui.tree.DarkTreeUI$2.actionPerformed(DarkTreeUI.java:226) ~[darklaf-core-2.1.1.jar:2.1.1]
	at javax.swing.SwingUtilities.notifyAction(SwingUtilities.java:1668) ~[?:1.8.0_211]
	at javax.swing.JComponent.processKeyBinding(JComponent.java:2882) ~[?:1.8.0_211]
	at javax.swing.JComponent.processKeyBindings(JComponent.java:2929) ~[?:1.8.0_211]
	at javax.swing.JComponent.processKeyEvent(JComponent.java:2845) ~[?:1.8.0_211]
	at java.awt.Component.processEvent(Component.java:6316) ~[?:1.8.0_211]
	at java.awt.Container.processEvent(Container.java:2239) ~[?:1.8.0_211]
	at java.awt.Component.dispatchEventImpl(Component.java:4889) ~[?:1.8.0_211]
	at java.awt.Container.dispatchEventImpl(Container.java:2297) ~[?:1.8.0_211]
	at java.awt.Component.dispatchEvent(Component.java:4711) ~[?:1.8.0_211]
	at java.awt.KeyboardFocusManager.redispatchEvent(KeyboardFocusManager.java:1954) ~[?:1.8.0_211]
	at java.awt.DefaultKeyboardFocusManager.dispatchKeyEvent(DefaultKeyboardFocusManager.java:835) ~[?:1.8.0_211]
	at java.awt.DefaultKeyboardFocusManager.preDispatchKeyEvent(DefaultKeyboardFocusManager.java:1103) ~[?:1.8.0_211]
	at java.awt.DefaultKeyboardFocusManager.typeAheadAssertions(DefaultKeyboardFocusManager.java:974) ~[?:1.8.0_211]
	at java.awt.DefaultKeyboardFocusManager.dispatchEvent(DefaultKeyboardFocusManager.java:800) ~[?:1.8.0_211]
	at java.awt.Component.dispatchEventImpl(Component.java:4760) ~[?:1.8.0_211]
	at java.awt.Container.dispatchEventImpl(Container.java:2297) ~[?:1.8.0_211]
	at java.awt.Window.dispatchEventImpl(Window.java:2746) ~[?:1.8.0_211]
	at java.awt.Component.dispatchEvent(Component.java:4711) ~[?:1.8.0_211]
	at java.awt.EventQueue.dispatchEventImpl(EventQueue.java:760) ~[?:1.8.0_211]
	at java.awt.EventQueue.access$500(EventQueue.java:97) ~[?:1.8.0_211]
	at java.awt.EventQueue$3.run(EventQueue.java:709) ~[?:1.8.0_211]
	at java.awt.EventQueue$3.run(EventQueue.java:703) ~[?:1.8.0_211]
	at java.security.AccessController.doPrivileged(Native Method) ~[?:1.8.0_211]
	at java.security.ProtectionDomain$JavaSecurityAccessImpl.doIntersectionPrivilege(ProtectionDomain.java:74) ~[?:1.8.0_211]
	at java.security.ProtectionDomain$JavaSecurityAccessImpl.doIntersectionPrivilege(ProtectionDomain.java:84) ~[?:1.8.0_211]
	at java.awt.EventQueue$4.run(EventQueue.java:733) ~[?:1.8.0_211]
	at java.awt.EventQueue$4.run(EventQueue.java:731) ~[?:1.8.0_211]
	at java.security.AccessController.doPrivileged(Native Method) ~[?:1.8.0_211]
	at java.security.ProtectionDomain$JavaSecurityAccessImpl.doIntersectionPrivilege(ProtectionDomain.java:74) ~[?:1.8.0_211]
	at java.awt.EventQueue.dispatchEvent(EventQueue.java:730) ~[?:1.8.0_211]
	at java.awt.EventDispatchThread.pumpOneEventForFilters(EventDispatchThread.java:205) [?:1.8.0_211]
	at java.awt.EventDispatchThread.pumpEventsForFilter(EventDispatchThread.java:116) [?:1.8.0_211]
	at java.awt.EventDispatchThread.pumpEventsForHierarchy(EventDispatchThread.java:105) [?:1.8.0_211]
	at java.awt.EventDispatchThread.pumpEvents(EventDispatchThread.java:101) [?:1.8.0_211]
	at java.awt.EventDispatchThread.pumpEvents(EventDispatchThread.java:93) [?:1.8.0_211]
	at java.awt.EventDispatchThread.run(EventDispatchThread.java:82) [?:1.8.0_211]
2020-06-10 10:38:25,955 ERROR o.a.j.JMeter: Uncaught exception in thread Thread[AWT-EventQueue-0,6,main]
java.lang.NullPointerException: null
	at com.github.weisj.darklaf.ui.tree.DarkTreeUI$2.actionPerformed(DarkTreeUI.java:226) ~[darklaf-core-2.1.1.jar:2.1.1]
	at javax.swing.SwingUtilities.notifyAction(SwingUtilities.java:1668) ~[?:1.8.0_211]
	at javax.swing.JComponent.processKeyBinding(JComponent.java:2882) ~[?:1.8.0_211]
	at javax.swing.JComponent.processKeyBindings(JComponent.java:2929) ~[?:1.8.0_211]
	at javax.swing.JComponent.processKeyEvent(JComponent.java:2845) ~[?:1.8.0_211]
	at java.awt.Component.processEvent(Component.java:6316) ~[?:1.8.0_211]
	at java.awt.Container.processEvent(Container.java:2239) ~[?:1.8.0_211]
	at java.awt.Component.dispatchEventImpl(Component.java:4889) ~[?:1.8.0_211]
	at java.awt.Container.dispatchEventImpl(Container.java:2297) ~[?:1.8.0_211]
	at java.awt.Component.dispatchEvent(Component.java:4711) ~[?:1.8.0_211]
	at java.awt.KeyboardFocusManager.redispatchEvent(KeyboardFocusManager.java:1954) ~[?:1.8.0_211]
	at java.awt.DefaultKeyboardFocusManager.dispatchKeyEvent(DefaultKeyboardFocusManager.java:835) ~[?:1.8.0_211]
	at java.awt.DefaultKeyboardFocusManager.preDispatchKeyEvent(DefaultKeyboardFocusManager.java:1103) ~[?:1.8.0_211]
	at java.awt.DefaultKeyboardFocusManager.typeAheadAssertions(DefaultKeyboardFocusManager.java:974) ~[?:1.8.0_211]
	at java.awt.DefaultKeyboardFocusManager.dispatchEvent(DefaultKeyboardFocusManager.java:800) ~[?:1.8.0_211]
	at java.awt.Component.dispatchEventImpl(Component.java:4760) ~[?:1.8.0_211]
	at java.awt.Container.dispatchEventImpl(Container.java:2297) ~[?:1.8.0_211]
	at java.awt.Window.dispatchEventImpl(Window.java:2746) ~[?:1.8.0_211]
	at java.awt.Component.dispatchEvent(Component.java:4711) ~[?:1.8.0_211]
	at java.awt.EventQueue.dispatchEventImpl(EventQueue.java:760) ~[?:1.8.0_211]
	at java.awt.EventQueue.access$500(EventQueue.java:97) ~[?:1.8.0_211]
	at java.awt.EventQueue$3.run(EventQueue.java:709) ~[?:1.8.0_211]
	at java.awt.EventQueue$3.run(EventQueue.java:703) ~[?:1.8.0_211]
	at java.security.AccessController.doPrivileged(Native Method) ~[?:1.8.0_211]
	at java.security.ProtectionDomain$JavaSecurityAccessImpl.doIntersectionPrivilege(ProtectionDomain.java:74) ~[?:1.8.0_211]
	at java.security.ProtectionDomain$JavaSecurityAccessImpl.doIntersectionPrivilege(ProtectionDomain.java:84) ~[?:1.8.0_211]
	at java.awt.EventQueue$4.run(EventQueue.java:733) ~[?:1.8.0_211]
	at java.awt.EventQueue$4.run(EventQueue.java:731) ~[?:1.8.0_211]
	at java.security.AccessController.doPrivileged(Native Method) ~[?:1.8.0_211]
	at java.security.ProtectionDomain$JavaSecurityAccessImpl.doIntersectionPrivilege(ProtectionDomain.java:74) ~[?:1.8.0_211]
	at java.awt.EventQueue.dispatchEvent(EventQueue.java:730) ~[?:1.8.0_211]
	at java.awt.EventDispatchThread.pumpOneEventForFilters(EventDispatchThread.java:205) [?:1.8.0_211]
	at java.awt.EventDispatchThread.pumpEventsForFilter(EventDispatchThread.java:116) [?:1.8.0_211]
	at java.awt.EventDispatchThread.pumpEventsForHierarchy(EventDispatchThread.java:105) [?:1.8.0_211]
	at java.awt.EventDispatchThread.pumpEvents(EventDispatchThread.java:101) [?:1.8.0_211]
	at java.awt.EventDispatchThread.pumpEvents(EventDispatchThread.java:93) [?:1.8.0_211]
	at java.awt.EventDispatchThread.run(EventDispatchThread.java:82) [?:1.8.0_211]
