2012/08/13 09:42:53 INFO  - jmeter.util.JMeterUtils: Setting Locale to pt_BR 
2012/08/13 09:42:53 INFO  - jmeter.JMeter: Loading user properties from: D:\Documents and Settings\a7m7\Desktop\apache-jmeter-2.7\bin\user.properties 
2012/08/13 09:42:53 INFO  - jmeter.JMeter: Loading system properties from: D:\Documents and Settings\a7m7\Desktop\apache-jmeter-2.7\bin\system.properties 
2012/08/13 09:42:53 INFO  - jmeter.JMeter: Copyright (c) 1998-2012 The Apache Software Foundation 
2012/08/13 09:42:53 INFO  - jmeter.JMeter: Version 2.7 r1342410 
2012/08/13 09:42:53 INFO  - jmeter.JMeter: java.version=1.6.0_23 
2012/08/13 09:42:53 INFO  - jmeter.JMeter: java.vm.name=Java HotSpot(TM) Client VM 
2012/08/13 09:42:53 INFO  - jmeter.JMeter: os.name=Windows XP 
2012/08/13 09:42:53 INFO  - jmeter.JMeter: os.arch=x86 
2012/08/13 09:42:53 INFO  - jmeter.JMeter: os.version=5.1 
2012/08/13 09:42:53 INFO  - jmeter.JMeter: file.encoding=Cp1252 
2012/08/13 09:42:53 INFO  - jmeter.JMeter: Default Locale=português (Brasil) 
2012/08/13 09:42:53 INFO  - jmeter.JMeter: JMeter  Locale=português (Brasil) 
2012/08/13 09:42:53 INFO  - jmeter.JMeter: JMeterHome=D:\Documents and Settings\a7m7\Desktop\apache-jmeter-2.7 
2012/08/13 09:42:53 INFO  - jmeter.JMeter: user.dir  =D:\Documents and Settings\a7m7\Desktop\apache-jmeter-2.7\bin 
2012/08/13 09:42:53 INFO  - jmeter.JMeter: PWD       =D:\Documents and Settings\a7m7\Desktop\apache-jmeter-2.7\bin 
2012/08/13 09:42:53 INFO  - jmeter.JMeter: IP: 10.142.104.42 Name: MI00214588 FullName: MI00214588.petrobras.biz 
2012/08/13 09:42:53 INFO  - jmeter.JMeter: Loaded icon properties from org/apache/jmeter/images/icon.properties 
2012/08/13 09:42:53 INFO  - jmeter.engine.util.CompoundVariable: Note: Function class names must contain the string: '.functions.' 
2012/08/13 09:42:53 INFO  - jmeter.engine.util.CompoundVariable: Note: Function class names must not contain the string: '.gui.' 
2012/08/13 09:42:53 INFO  - jmeter.gui.action.LookAndFeelCommand: Using look and feel: javax.swing.plaf.metal.MetalLookAndFeel [Metal, CrossPlatform] 
2012/08/13 09:42:54 INFO  - jmeter.util.BSFTestElement: Registering JMeter version of JavaScript engine as work-round for BSF-22 
2012/08/13 09:42:54 INFO  - jmeter.protocol.http.sampler.HTTPSamplerBase: Cannot find .className property for htmlParser, using default 
2012/08/13 09:42:54 INFO  - jmeter.protocol.http.sampler.HTTPSamplerBase: Parser for text/html is  
2012/08/13 09:42:54 INFO  - jmeter.protocol.http.sampler.HTTPSamplerBase: Parser for application/xhtml+xml is  
2012/08/13 09:42:54 INFO  - jmeter.protocol.http.sampler.HTTPSamplerBase: Parser for application/xml is  
2012/08/13 09:42:54 INFO  - jmeter.protocol.http.sampler.HTTPSamplerBase: Parser for text/xml is  
2012/08/13 09:42:54 INFO  - jmeter.protocol.http.sampler.HTTPSamplerBase: Parser for text/vnd.wap.wml is org.apache.jmeter.protocol.http.parser.RegexpHTMLParser 
2012/08/13 09:42:54 INFO  - jmeter.protocol.http.sampler.HTTPSamplerBase: Reuse SSL session context on subsequent iterations: true 
2012/08/13 09:42:54 INFO  - jmeter.samplers.SampleResult: Note: Sample TimeStamps are START times 
2012/08/13 09:42:54 INFO  - jmeter.samplers.SampleResult: sampleresult.default.encoding is set to ISO-8859-1 
2012/08/13 09:42:54 INFO  - jmeter.samplers.SampleResult: sampleresult.useNanoTime=true 
2012/08/13 09:42:54 INFO  - jmeter.samplers.SampleResult: sampleresult.nanoThreadSleep=5000 
2012/08/13 09:43:18 INFO  - jmeter.services.FileServer: Default base='D:\Documents and Settings\a7m7\Desktop\apache-jmeter-2.7\bin' 
2012/08/13 09:43:18 INFO  - jmeter.gui.action.Load: Loading file: D:\Documents and Settings\a7m7\Desktop\BDEMQ.jmx 
2012/08/13 09:43:18 INFO  - jmeter.services.FileServer: Set new base='D:\Documents and Settings\a7m7\Desktop' 
2012/08/13 09:43:18 INFO  - jmeter.save.SaveService: Testplan (JMX) version: 2.2. Testlog (JTL) version: 2.2 
2012/08/13 09:43:18 INFO  - jmeter.save.SaveService: Using SaveService properties file encoding UTF-8 
2012/08/13 09:43:18 INFO  - jmeter.save.SaveService: Using SaveService properties file version 1332608 
2012/08/13 09:43:18 INFO  - jmeter.save.SaveService: Using SaveService properties version 2.3 
2012/08/13 09:43:18 INFO  - jmeter.save.SaveService: All converter versions present and correct 
2012/08/13 09:43:18 INFO  - jmeter.protocol.http.control.CookieManager: Settings: Delete null: true Check: true Allow variable: true Save: false Prefix: COOKIE_ 
2012/08/13 09:43:18 ERROR - jmeter.save.SaveService: Conversion error com.thoughtworks.xstream.converters.ConversionException:  : no more data available - expected end tags </elementProp></collectionProp></elementProp></HTTPSamplerProxy></hashTree></hashTree></hashTree></hashTree></hashTree></hashTree></jmeterTestPlan> to close start tag <elementProp> from line 51241 and start tag <collectionProp> from line 51186 and start tag <elementProp> from line 51185 and start tag <HTTPSamplerProxy> from line 51184 and start tag <hashTree> from line 50174 and start tag <hashTree> from line 30326 and start tag <hashTree> from line 30324 and start tag <hashTree> from line 30322 and start tag <hashTree> from line 13 and start tag <hashTree> from line 3 and start tag <jmeterTestPlan> from line 2, parser stopped on START_TAG seen ...peracaoHidden" elementType="HTTPArgument">\n                      <... @51242:24 :  : no more data available - expected end tags </elementProp></collectionProp></elementProp></HTTPSamplerProxy></hashTree></hashTree></hashTree></hashTree></hashTree></hashTree></jmeterTestPlan> to close start tag <elementProp> from line 51241 and start tag <collectionProp> from line 51186 and start tag <elementProp> from line 51185 and start tag <HTTPSamplerProxy> from line 51184 and start tag <hashTree> from line 50174 and start tag <hashTree> from line 30326 and start tag <hashTree> from line 30324 and start tag <hashTree> from line 30322 and start tag <hashTree> from line 13 and start tag <hashTree> from line 3 and start tag <jmeterTestPlan> from line 2, parser stopped on START_TAG seen ...peracaoHidden" elementType="HTTPArgument">\n                      <... @51242:24
---- Debugging information ----
message             :  : no more data available - expected end tags </elementProp></collectionProp></elementProp></HTTPSamplerProxy></hashTree></hashTree></hashTree></hashTree></hashTree></hashTree></jmeterTestPlan> to close start tag <elementProp> from line 51241 and start tag <collectionProp> from line 51186 and start tag <elementProp> from line 51185 and start tag <HTTPSamplerProxy> from line 51184 and start tag <hashTree> from line 50174 and start tag <hashTree> from line 30326 and start tag <hashTree> from line 30324 and start tag <hashTree> from line 30322 and start tag <hashTree> from line 13 and start tag <hashTree> from line 3 and start tag <jmeterTestPlan> from line 2, parser stopped on START_TAG seen ...peracaoHidden" elementType="HTTPArgument">\n                      <... @51242:24
cause-exception     : com.thoughtworks.xstream.io.StreamException
cause-message       :  : no more data available - expected end tags </elementProp></collectionProp></elementProp></HTTPSamplerProxy></hashTree></hashTree></hashTree></hashTree></hashTree></hashTree></jmeterTestPlan> to close start tag <elementProp> from line 51241 and start tag <collectionProp> from line 51186 and start tag <elementProp> from line 51185 and start tag <HTTPSamplerProxy> from line 51184 and start tag <hashTree> from line 50174 and start tag <hashTree> from line 30326 and start tag <hashTree> from line 30324 and start tag <hashTree> from line 30322 and start tag <hashTree> from line 13 and start tag <hashTree> from line 3 and start tag <jmeterTestPlan> from line 2, parser stopped on START_TAG seen ...peracaoHidden" elementType="HTTPArgument">\n                      <... @51242:24
class               : org.apache.jmeter.testelement.property.TestElementProperty
required-type       : org.apache.jmeter.testelement.property.TestElementProperty
converter-type      : org.apache.jmeter.save.converters.TestElementPropertyConverter
path                : /jmeterTestPlan/hashTree/hashTree/hashTree[2]/hashTree/hashTree/hashTree[11]/HTTPSamplerProxy[14]/elementProp/collectionProp/elementProp[10]
line number         : 51242
class[1]            : org.apache.jmeter.testelement.property.CollectionProperty
converter-type[1]   : org.apache.jmeter.save.converters.MultiPropertyConverter
class[2]            : org.apache.jmeter.protocol.http.sampler.HTTPSamplerProxy
converter-type[2]   : org.apache.jmeter.protocol.http.sampler.HTTPSamplerBaseConverter
class[3]            : org.apache.jorphan.collections.ListedHashTree
converter-type[3]   : org.apache.jmeter.save.converters.HashTreeConverter
------------------------------- :  : no more data available - expected end tags </elementProp></collectionProp></elementProp></HTTPSamplerProxy></hashTree></hashTree></hashTree></hashTree></hashTree></hashTree></jmeterTestPlan> to close start tag <elementProp> from line 51241 and start tag <collectionProp> from line 51186 and start tag <elementProp> from line 51185 and start tag <HTTPSamplerProxy> from line 51184 and start tag <hashTree> from line 50174 and start tag <hashTree> from line 30326 and start tag <hashTree> from line 30324 and start tag <hashTree> from line 30322 and start tag <hashTree> from line 13 and start tag <hashTree> from line 3 and start tag <jmeterTestPlan> from line 2, parser stopped on START_TAG seen ...peracaoHidden" elementType="HTTPArgument">\n                      <... @51242:24 :  : no more data available - expected end tags </elementProp></collectionProp></elementProp></HTTPSamplerProxy></hashTree></hashTree></hashTree></hashTree></hashTree></hashTree></jmeterTestPlan> to close start tag <elementProp> from line 51241 and start tag <collectionProp> from line 51186 and start tag <elementProp> from line 51185 and start tag <HTTPSamplerProxy> from line 51184 and start tag <hashTree> from line 50174 and start tag <hashTree> from line 30326 and start tag <hashTree> from line 30324 and start tag <hashTree> from line 30322 and start tag <hashTree> from line 13 and start tag <hashTree> from line 3 and start tag <jmeterTestPlan> from line 2, parser stopped on START_TAG seen ...peracaoHidden" elementType="HTTPArgument">\n                      <... @51242:24
---- Debugging information ----
message             :  : no more data available - expected end tags </elementProp></collectionProp></elementProp></HTTPSamplerProxy></hashTree></hashTree></hashTree></hashTree></hashTree></hashTree></jmeterTestPlan> to close start tag <elementProp> from line 51241 and start tag <collectionProp> from line 51186 and start tag <elementProp> from line 51185 and start tag <HTTPSamplerProxy> from line 51184 and start tag <hashTree> from line 50174 and start tag <hashTree> from line 30326 and start tag <hashTree> from line 30324 and start tag <hashTree> from line 30322 and start tag <hashTree> from line 13 and start tag <hashTree> from line 3 and start tag <jmeterTestPlan> from line 2, parser stopped on START_TAG seen ...peracaoHidden" elementType="HTTPArgument">\n                      <... @51242:24
cause-exception     : com.thoughtworks.xstream.io.StreamException
cause-message       :  : no more data available - expected end tags </elementProp></collectionProp></elementProp></HTTPSamplerProxy></hashTree></hashTree></hashTree></hashTree></hashTree></hashTree></jmeterTestPlan> to close start tag <elementProp> from line 51241 and start tag <collectionProp> from line 51186 and start tag <elementProp> from line 51185 and start tag <HTTPSamplerProxy> from line 51184 and start tag <hashTree> from line 50174 and start tag <hashTree> from line 30326 and start tag <hashTree> from line 30324 and start tag <hashTree> from line 30322 and start tag <hashTree> from line 13 and start tag <hashTree> from line 3 and start tag <jmeterTestPlan> from line 2, parser stopped on START_TAG seen ...peracaoHidden" elementType="HTTPArgument">\n                      <... @51242:24
class               : org.apache.jmeter.testelement.property.TestElementProperty
required-type       : org.apache.jmeter.testelement.property.TestElementProperty
converter-type      : org.apache.jmeter.save.converters.TestElementPropertyConverter
path                : /jmeterTestPlan/hashTree/hashTree/hashTree[2]/hashTree/hashTree/hashTree[11]/HTTPSamplerProxy[14]/elementProp/collectionProp/elementProp[10]
line number         : 51242
class[1]            : org.apache.jmeter.testelement.property.CollectionProperty
converter-type[1]   : org.apache.jmeter.save.converters.MultiPropertyConverter
class[2]            : org.apache.jmeter.protocol.http.sampler.HTTPSamplerProxy
converter-type[2]   : org.apache.jmeter.protocol.http.sampler.HTTPSamplerBaseConverter
class[3]            : org.apache.jorphan.collections.ListedHashTree
converter-type[3]   : org.apache.jmeter.save.converters.HashTreeConverter
-------------------------------
message             :  : no more data available - expected end tags </elementProp></collectionProp></elementProp></HTTPSamplerProxy></hashTree></hashTree></hashTree></hashTree></hashTree></hashTree></jmeterTestPlan> to close start tag <elementProp> from line 51241 and start tag <collectionProp> from line 51186 and start tag <elementProp> from line 51185 and start tag <HTTPSamplerProxy> from line 51184 and start tag <hashTree> from line 50174 and start tag <hashTree> from line 30326 and start tag <hashTree> from line 30324 and start tag <hashTree> from line 30322 and start tag <hashTree> from line 13 and start tag <hashTree> from line 3 and start tag <jmeterTestPlan> from line 2, parser stopped on START_TAG seen ...peracaoHidden" elementType="HTTPArgument">\n                      <... @51242:24 :  : no more data available - expected end tags </elementProp></collectionProp></elementProp></HTTPSamplerProxy></hashTree></hashTree></hashTree></hashTree></hashTree></hashTree></jmeterTestPlan> to close start tag <elementProp> from line 51241 and start tag <collectionProp> from line 51186 and start tag <elementProp> from line 51185 and start tag <HTTPSamplerProxy> from line 51184 and start tag <hashTree> from line 50174 and start tag <hashTree> from line 30326 and start tag <hashTree> from line 30324 and start tag <hashTree> from line 30322 and start tag <hashTree> from line 13 and start tag <hashTree> from line 3 and start tag <jmeterTestPlan> from line 2, parser stopped on START_TAG seen ...peracaoHidden" elementType="HTTPArgument">\n                      <... @51242:24
---- Debugging information ----
message             :  : no more data available - expected end tags </elementProp></collectionProp></elementProp></HTTPSamplerProxy></hashTree></hashTree></hashTree></hashTree></hashTree></hashTree></jmeterTestPlan> to close start tag <elementProp> from line 51241 and start tag <collectionProp> from line 51186 and start tag <elementProp> from line 51185 and start tag <HTTPSamplerProxy> from line 51184 and start tag <hashTree> from line 50174 and start tag <hashTree> from line 30326 and start tag <hashTree> from line 30324 and start tag <hashTree> from line 30322 and start tag <hashTree> from line 13 and start tag <hashTree> from line 3 and start tag <jmeterTestPlan> from line 2, parser stopped on START_TAG seen ...peracaoHidden" elementType="HTTPArgument">\n                      <... @51242:24
cause-exception     : com.thoughtworks.xstream.io.StreamException
cause-message       :  : no more data available - expected end tags </elementProp></collectionProp></elementProp></HTTPSamplerProxy></hashTree></hashTree></hashTree></hashTree></hashTree></hashTree></jmeterTestPlan> to close start tag <elementProp> from line 51241 and start tag <collectionProp> from line 51186 and start tag <elementProp> from line 51185 and start tag <HTTPSamplerProxy> from line 51184 and start tag <hashTree> from line 50174 and start tag <hashTree> from line 30326 and start tag <hashTree> from line 30324 and start tag <hashTree> from line 30322 and start tag <hashTree> from line 13 and start tag <hashTree> from line 3 and start tag <jmeterTestPlan> from line 2, parser stopped on START_TAG seen ...peracaoHidden" elementType="HTTPArgument">\n                      <... @51242:24
class               : org.apache.jmeter.testelement.property.TestElementProperty
required-type       : org.apache.jmeter.testelement.property.TestElementProperty
converter-type      : org.apache.jmeter.save.converters.TestElementPropertyConverter
path                : /jmeterTestPlan/hashTree/hashTree/hashTree[2]/hashTree/hashTree/hashTree[11]/HTTPSamplerProxy[14]/elementProp/collectionProp/elementProp[10]
line number         : 51242
class[1]            : org.apache.jmeter.testelement.property.CollectionProperty
converter-type[1]   : org.apache.jmeter.save.converters.MultiPropertyConverter
class[2]            : org.apache.jmeter.protocol.http.sampler.HTTPSamplerProxy
converter-type[2]   : org.apache.jmeter.protocol.http.sampler.HTTPSamplerBaseConverter
class[3]            : org.apache.jorphan.collections.ListedHashTree
converter-type[3]   : org.apache.jmeter.save.converters.HashTreeConverter
-------------------------------
cause-exception     : com.thoughtworks.xstream.converters.ConversionException
cause-message       :  : no more data available - expected end tags </elementProp></collectionProp></elementProp></HTTPSamplerProxy></hashTree></hashTree></hashTree></hashTree></hashTree></hashTree></jmeterTestPlan> to close start tag <elementProp> from line 51241 and start tag <collectionProp> from line 51186 and start tag <elementProp> from line 51185 and start tag <HTTPSamplerProxy> from line 51184 and start tag <hashTree> from line 50174 and start tag <hashTree> from line 30326 and start tag <hashTree> from line 30324 and start tag <hashTree> from line 30322 and start tag <hashTree> from line 13 and start tag <hashTree> from line 3 and start tag <jmeterTestPlan> from line 2, parser stopped on START_TAG seen ...peracaoHidden" elementType="HTTPArgument">\n                      <... @51242:24 :  : no more data available - expected end tags </elementProp></collectionProp></elementProp></HTTPSamplerProxy></hashTree></hashTree></hashTree></hashTree></hashTree></hashTree></jmeterTestPlan> to close start tag <elementProp> from line 51241 and start tag <collectionProp> from line 51186 and start tag <elementProp> from line 51185 and start tag <HTTPSamplerProxy> from line 51184 and start tag <hashTree> from line 50174 and start tag <hashTree> from line 30326 and start tag <hashTree> from line 30324 and start tag <hashTree> from line 30322 and start tag <hashTree> from line 13 and start tag <hashTree> from line 3 and start tag <jmeterTestPlan> from line 2, parser stopped on START_TAG seen ...peracaoHidden" elementType="HTTPArgument">\n                      <... @51242:24
first-jmeter-class  : org.apache.jmeter.save.converters.MultiPropertyConverter.unmarshal(MultiPropertyConverter.java:69)
class               : org.apache.jmeter.save.ScriptWrapper
required-type       : org.apache.jmeter.testelement.property.TestElementProperty
converter-type      : org.apache.jmeter.save.ScriptWrapperConverter
path                : /jmeterTestPlan/hashTree/hashTree/hashTree[2]/hashTree/hashTree/hashTree[11]/HTTPSamplerProxy[14]/elementProp/collectionProp/elementProp[10]
line number         : 51242
version             : 2.7 r1342410
------------------------------- 
2012/08/13 09:43:18 WARN  - jmeter.gui.action.Load: Unexpected error java.lang.Exception: Error in TestPlan - see log file
	at org.apache.jmeter.gui.action.Load.insertLoadedTree(Load.java:156)
	at org.apache.jmeter.gui.action.Load.loadProjectFile(Load.java:111)
	at org.apache.jmeter.gui.action.Load.doAction(Load.java:90)
	at org.apache.jmeter.gui.action.ActionRouter.performAction(ActionRouter.java:79)
	at org.apache.jmeter.gui.action.ActionRouter.access$000(ActionRouter.java:40)
	at org.apache.jmeter.gui.action.ActionRouter$1.run(ActionRouter.java:61)
	at java.awt.event.InvocationEvent.dispatch(Unknown Source)
	at java.awt.EventQueue.dispatchEvent(Unknown Source)
	at java.awt.EventDispatchThread.pumpOneEventForFilters(Unknown Source)
	at java.awt.EventDispatchThread.pumpEventsForFilter(Unknown Source)
	at java.awt.EventDispatchThread.pumpEventsForHierarchy(Unknown Source)
	at java.awt.EventDispatchThread.pumpEvents(Unknown Source)
	at java.awt.EventDispatchThread.pumpEvents(Unknown Source)
	at java.awt.EventDispatchThread.run(Unknown Source)

