2010/06/23 14:27:15 INFO  - jmeter.util.JMeterUtils: Setting Locale to pt_PT 
2010/06/23 14:27:15 ERROR - jmeter.util.JMeterUtils: Could not find resources for 'pt_PT' 
2010/06/23 14:27:15 INFO  - jmeter.JMeter: Loading user properties from: D:\workspaceOMTestPlan\jakarta-jmeter-trunk\bin\user.properties 
2010/06/23 14:27:15 INFO  - jmeter.JMeter: Loading system properties from: D:\workspaceOMTestPlan\jakarta-jmeter-trunk\bin\system.properties 
2010/06/23 14:27:15 INFO  - jmeter.JMeter: Copyright (c) 1998-2009 The Apache Software Foundation 
2010/06/23 14:27:15 INFO  - jmeter.JMeter: Version 2.4.20100623 
2010/06/23 14:27:15 INFO  - jmeter.JMeter: java.version=1.6.0_19 
2010/06/23 14:27:15 INFO  - jmeter.JMeter: java.vm.name=Java HotSpot(TM) Client VM 
2010/06/23 14:27:15 INFO  - jmeter.JMeter: os.name=Windows XP 
2010/06/23 14:27:15 INFO  - jmeter.JMeter: os.arch=x86 
2010/06/23 14:27:15 INFO  - jmeter.JMeter: os.version=5.1 
2010/06/23 14:27:15 INFO  - jmeter.JMeter: file.encoding=Cp1252 
2010/06/23 14:27:15 INFO  - jmeter.JMeter: Default Locale=português (Portugal) 
2010/06/23 14:27:15 INFO  - jmeter.JMeter: JMeter  Locale=português (Portugal) 
2010/06/23 14:27:15 INFO  - jmeter.JMeter: JMeterHome=D:\workspaceOMTestPlan\jakarta-jmeter-trunk 
2010/06/23 14:27:15 INFO  - jmeter.JMeter: user.dir  =D:\workspaceOMTestPlan\jakarta-jmeter-trunk 
2010/06/23 14:27:15 INFO  - jmeter.JMeter: PWD       =D:\workspaceOMTestPlan\jakarta-jmeter-trunk 
2010/06/23 14:27:15 INFO  - jmeter.JMeter: IP: 10.200.10.152 Name: LT106673 FullName: LT106673.novabase.intra 
2010/06/23 14:27:15 INFO  - jmeter.JMeter: Loaded icon properties from org/apache/jmeter/images/icon.properties 
2010/06/23 14:27:16 INFO  - jmeter.engine.util.CompoundVariable: Note: Function class names must contain the string: '.functions.' 
2010/06/23 14:27:16 INFO  - jmeter.engine.util.CompoundVariable: Note: Function class names must not contain the string: '.gui.' 
2010/06/23 14:27:16 ERROR - jmeter.gui.action.Help: Couldn't load help file java.io.FileNotFoundException: D:\workspaceOMTestPlan\jakarta-jmeter-trunk\printable_docs\usermanual\component_reference.html (The system cannot find the path specified) 
2010/06/23 14:27:16 INFO  - jmeter.util.BSFTestElement: Registering JMeter version of JavaScript engine as work-round for BSF-22 
2010/06/23 14:27:16 INFO  - jmeter.protocol.http.sampler.HTTPSamplerBase: Cannot find .className property for htmlParser, using default 
2010/06/23 14:27:16 INFO  - jmeter.protocol.http.sampler.HTTPSamplerBase: Parser for text/html is  
2010/06/23 14:27:16 INFO  - jmeter.protocol.http.sampler.HTTPSamplerBase: Parser for application/xhtml+xml is  
2010/06/23 14:27:16 INFO  - jmeter.protocol.http.sampler.HTTPSamplerBase: Parser for application/xml is  
2010/06/23 14:27:16 INFO  - jmeter.protocol.http.sampler.HTTPSamplerBase: Parser for text/xml is  
2010/06/23 14:27:16 INFO  - jmeter.protocol.http.sampler.HTTPSamplerBase: Parser for text/vnd.wap.wml is org.apache.jmeter.protocol.http.parser.RegexpHTMLParser 
2010/06/23 14:27:16 INFO  - jmeter.gui.util.MenuFactory: Skipping org.apache.jmeter.protocol.http.modifier.gui.ParamModifierGui 
2010/06/23 14:27:16 INFO  - jmeter.gui.util.MenuFactory: Skipping org.apache.jmeter.protocol.http.modifier.gui.UserParameterModifierGui 
2010/06/23 14:27:16 INFO  - jmeter.protocol.http.sampler.HTTPSampler: Maximum connection retries = 10 
2010/06/23 14:27:17 INFO  - jmeter.samplers.SampleResult: Note: Sample TimeStamps are START times 
2010/06/23 14:27:17 INFO  - jmeter.samplers.SampleResult: sampleresult.default.encoding is set to ISO-8859-1 
2010/06/23 14:27:49 INFO  - jmeter.services.FileServer: Default base=D:\workspaceOMTestPlan\jakarta-jmeter-trunk 
2010/06/23 14:27:49 INFO  - jmeter.gui.action.Load: Loading file: D:\OMP SVN\svn_tests\Integration Test Framework\OM+ Test Plan V0.2.1.jmx 
2010/06/23 14:27:49 INFO  - jmeter.services.FileServer: Set new base=D:\OMP SVN\svn_tests\Integration Test Framework 
2010/06/23 14:27:49 INFO  - jmeter.save.SaveService: Testplan (JMX) version: 2.2. Testlog (JTL) version: 2.2 
2010/06/23 14:27:49 INFO  - jmeter.save.SaveService: Using SaveService properties file encoding UTF-8 
2010/06/23 14:27:49 INFO  - jmeter.save.SaveService: Using SaveService properties file version 941298 
2010/06/23 14:27:49 INFO  - jmeter.save.SaveService: Using SaveService properties version 2.1 
2010/06/23 14:27:49 INFO  - jmeter.save.SaveService: All converter versions present and correct 
2010/06/23 14:27:49 INFO  - jmeter.services.FileServer: Set new base=D:\OMP SVN\svn_tests\Integration Test Framework 
2010/06/23 14:29:13 INFO  - jmeter.engine.StandardJMeterEngine: Listeners will be started after enabling running version 
2010/06/23 14:29:13 INFO  - jmeter.engine.StandardJMeterEngine: To revert to the earlier behaviour, define jmeterengine.startlistenerslater=false 
2010/06/23 14:29:13 INFO  - jmeter.engine.StandardJMeterEngine: Running the test! 
2010/06/23 14:29:13 INFO  - jmeter.gui.util.JMeterMenuBar: setRunning(true,*local*) 
2010/06/23 14:29:13 INFO  - jmeter.engine.StandardJMeterEngine: Starting 1 threads for group Functional Test Suite. 
2010/06/23 14:29:13 INFO  - jmeter.engine.StandardJMeterEngine: Thread will continue on error 
2010/06/23 14:29:13 INFO  - jmeter.threads.JMeterThread: jmeterthread.startearlier=true (see jmeter.properties) 
2010/06/23 14:29:13 INFO  - jmeter.threads.JMeterThread: Running PostProcessors in forward order 
2010/06/23 14:29:13 INFO  - jmeter.engine.StandardJMeterEngine: All threads have been started 
2010/06/23 14:29:13 INFO  - jmeter.threads.JMeterThread: Thread started: Functional Test Suite 1-1 
2010/06/23 14:29:13 DEBUG - jmeter.protocol.jms.sampler.JMSSampler: Thread started Wed Jun 23 14:29:13 BST 2010 
2010/06/23 14:29:13 DEBUG - jmeter.protocol.jms.sampler.JMSSampler: JMSSampler: [Functional Test Suite 1-1], hashCode=[2148614] 
2010/06/23 14:29:13 DEBUG - jmeter.protocol.jms.sampler.JMSSampler: QCF: [QueueConnectionFactory], sendQueue=[OMP.FULFILLER.TECHNICAL.REQ] 
2010/06/23 14:29:13 DEBUG - jmeter.protocol.jms.sampler.JMSSampler: Timeout             = 10000] 
2010/06/23 14:29:13 DEBUG - jmeter.protocol.jms.sampler.JMSSampler: Use temporary queue =false] 
2010/06/23 14:29:13 DEBUG - jmeter.protocol.jms.sampler.JMSSampler: Reply queue         =OMP.FULFILLER.TECHNICAL.REP] 
2010/06/23 14:29:13 DEBUG - jmeter.protocol.jms.sampler.JMSSampler: Using InitialContext [com.tibco.tibjms.naming.TibjmsInitialContextFactory] 
2010/06/23 14:29:13 DEBUG - jmeter.protocol.jms.sampler.JMSSampler: Using Provider [tcp://localhost:7222] 
2010/06/23 14:29:13 DEBUG - jmeter.protocol.jms.sampler.JMSSampler: Empty JNDI properties 
2010/06/23 14:29:13 DEBUG - jmeter.protocol.jms.sampler.JMSSampler: Initial Context Properties 
2010/06/23 14:29:13 DEBUG - jmeter.protocol.jms.sampler.JMSSampler: com.tibco.tibjms.naming.port=7222 
2010/06/23 14:29:13 DEBUG - jmeter.protocol.jms.sampler.JMSSampler: java.naming.provider.url=tibjmsnaming://localhost:7222 
2010/06/23 14:29:13 DEBUG - jmeter.protocol.jms.sampler.JMSSampler: java.naming.factory.initial=com.tibco.tibjms.naming.TibjmsInitialContextFactory 
2010/06/23 14:29:13 DEBUG - jmeter.protocol.jms.sampler.JMSSampler: com.tibco.tibjms.naming.server=localhost 
2010/06/23 14:29:13 INFO  - jmeter.protocol.jms.sampler.Receiver: creating receiver without authorisation credentials. UseResMsgId=false 
2010/06/23 14:29:13 DEBUG - jmeter.protocol.jms.sampler.Receiver: Receiver - ctor. Starting connection now 
2010/06/23 14:29:13 INFO  - jmeter.protocol.jms.sampler.Receiver: Receiver - ctor. Connection to messaging system established 
2010/06/23 14:29:13 DEBUG - jmeter.protocol.jms.sampler.JMSSampler: Session created 
2010/06/23 14:29:13 DEBUG - jmeter.protocol.jms.sampler.JMSSampler: Starting connection 
2010/06/23 14:29:13 DEBUG - jmeter.protocol.jms.sampler.JMSSampler: Connection started 
2010/06/23 14:29:13 DEBUG - jmeter.protocol.jms.sampler.JMSSampler: Thread started Wed Jun 23 14:29:13 BST 2010 
2010/06/23 14:29:13 DEBUG - jmeter.protocol.jms.sampler.JMSSampler: JMSSampler: [Functional Test Suite 1-1], hashCode=[27309374] 
2010/06/23 14:29:13 DEBUG - jmeter.protocol.jms.sampler.JMSSampler: QCF: [QueueConnectionFactory], sendQueue=[OMP.FULFILLER.TECHNICAL.REQ] 
2010/06/23 14:29:13 DEBUG - jmeter.protocol.jms.sampler.JMSSampler: Timeout             = 10000] 
2010/06/23 14:29:13 DEBUG - jmeter.protocol.jms.sampler.JMSSampler: Use temporary queue =false] 
2010/06/23 14:29:13 DEBUG - jmeter.protocol.jms.sampler.JMSSampler: Reply queue         =OMP.FULFILLER.TECHNICAL.REP] 
2010/06/23 14:29:13 DEBUG - jmeter.protocol.jms.sampler.JMSSampler: Using InitialContext [com.tibco.tibjms.naming.TibjmsInitialContextFactory] 
2010/06/23 14:29:13 DEBUG - jmeter.protocol.jms.sampler.JMSSampler: Using Provider [tcp://localhost:7222] 
2010/06/23 14:29:13 DEBUG - jmeter.protocol.jms.sampler.JMSSampler: Empty JNDI properties 
2010/06/23 14:29:13 DEBUG - jmeter.protocol.jms.sampler.JMSSampler: Initial Context Properties 
2010/06/23 14:29:13 DEBUG - jmeter.protocol.jms.sampler.JMSSampler: com.tibco.tibjms.naming.port=7222 
2010/06/23 14:29:13 DEBUG - jmeter.protocol.jms.sampler.JMSSampler: java.naming.provider.url=tibjmsnaming://localhost:7222 
2010/06/23 14:29:13 DEBUG - jmeter.protocol.jms.sampler.JMSSampler: java.naming.factory.initial=com.tibco.tibjms.naming.TibjmsInitialContextFactory 
2010/06/23 14:29:13 DEBUG - jmeter.protocol.jms.sampler.JMSSampler: com.tibco.tibjms.naming.server=localhost 
2010/06/23 14:29:13 INFO  - jmeter.protocol.jms.sampler.Receiver: creating receiver without authorisation credentials. UseResMsgId=false 
2010/06/23 14:29:13 DEBUG - jmeter.protocol.jms.sampler.Receiver: Receiver - ctor. Starting connection now 
2010/06/23 14:29:13 INFO  - jmeter.protocol.jms.sampler.Receiver: Receiver - ctor. Connection to messaging system established 
2010/06/23 14:29:13 DEBUG - jmeter.protocol.jms.sampler.JMSSampler: Session created 
2010/06/23 14:29:13 DEBUG - jmeter.protocol.jms.sampler.JMSSampler: Starting connection 
2010/06/23 14:29:13 DEBUG - jmeter.protocol.jms.sampler.JMSSampler: Connection started 
2010/06/23 14:29:13 DEBUG - jmeter.protocol.jms.sampler.JMSSampler: Adding property [Sleep_Time=100] 
2010/06/23 14:29:13 DEBUG - jmeter.protocol.jms.sampler.JMSSampler: Adding property [Sleep_Mask=0xFF] 
2010/06/23 14:29:13 DEBUG - jmeter.protocol.jms.sampler.JMSSampler: Adding property [Label=] 
2010/06/23 14:29:13 DEBUG - jmeter.protocol.jms.sampler.JMSSampler: Adding property [ResponseCode=] 
2010/06/23 14:29:13 DEBUG - jmeter.protocol.jms.sampler.JMSSampler: Adding property [ResponseMessage=] 
2010/06/23 14:29:13 DEBUG - jmeter.protocol.jms.sampler.JMSSampler: Adding property [Status=OK] 
2010/06/23 14:29:13 DEBUG - jmeter.protocol.jms.sampler.JMSSampler: Adding property [SamplerData=] 
2010/06/23 14:29:13 DEBUG - jmeter.protocol.jms.sampler.JMSSampler: Adding property [ResultData=] 
2010/06/23 14:29:13 DEBUG - jmeter.protocol.jms.sampler.MessageAdmin: REQ_ID [ID:EMS-SERVER.CE84C2207B466:7] 
2010/06/23 14:29:13 DEBUG - jmeter.protocol.jms.sampler.FixedQueueExecutor: wait for reply ID:EMS-SERVER.CE84C2207B466:7 started on 1277299753882 
2010/06/23 14:29:17 DEBUG - jmeter.protocol.jms.sampler.MessageAdmin: RPL_ID [ID:EMS-SERVER.CE84C2207B466:7] for holder request=TextMessage={ Header={ JMSMessageID={ID:EMS-SERVER.CE84C2207B466:7} JMSDestination={Queue[OMP.FULFILLER.TECHNICAL.REQ]} JMSReplyTo={Queue[OMP.FULFILLER.TECHNICAL.REP]} JMSDeliveryMode={PERSISTENT} JMSRedelivered={false} JMSCorrelationID={null} JMSType={null} JMSTimestamp={Wed Jun 23 14:29:13 BST 2010} JMSExpiration={0} JMSPriority={4} } Properties={ ResultData={String:} Sleep_Mask={String:0xFF} Sleep_Time={String:100} Status={String:OK} ResponseCode={String:} Label={String:} SamplerData={String:} ResponseMessage={String:} } Text={<?xml version="1.0" encoding="UTF-8"?>
<OMPRequest xmlns:ns0="http://xmlns.telco.com/OMP/Request">
            <ns0:Header xmlns:ns1="http://xmlns.telco.com/OMP/Header">
                        <ns1:orderPublicId />
                        <ns1:frId>1</ns1:frId>
                        <ns1:timestamp>1264846127859</ns1:timestamp>
                        <ns1:service>Fulfill</ns1:service>
                        <ns1:version/>
                        <ns1:reply>true</ns1:reply>
                        <ns1:timeout>5000</ns1:timeout>
            </ns0:Header>
<ns0:Body xmlns:ns1="http://xmlns.telco.com/OMP/Fulfiller/Fulfill">
                        <ns1:requestMessage>
                                   <ns1:frId>1</ns1:frId>
                        </ns1:requestMessage>
            </ns0:Body>
</OMPRequest>} }, reply=null 
2010/06/23 14:29:17 DEBUG - jmeter.protocol.jms.sampler.FixedQueueExecutor: done waiting for ID:EMS-SERVER.CE84C2207B466:7 ended on 1277299757197 
2010/06/23 14:29:17 DEBUG - jmeter.protocol.jms.sampler.MessageAdmin: GET_ID [ID:EMS-SERVER.CE84C2207B466:7] for request=TextMessage={ Header={ JMSMessageID={ID:EMS-SERVER.CE84C2207B466:7} JMSDestination={Queue[OMP.FULFILLER.TECHNICAL.REQ]} JMSReplyTo={Queue[OMP.FULFILLER.TECHNICAL.REP]} JMSDeliveryMode={PERSISTENT} JMSRedelivered={false} JMSCorrelationID={null} JMSType={null} JMSTimestamp={Wed Jun 23 14:29:13 BST 2010} JMSExpiration={0} JMSPriority={4} } Properties={ ResultData={String:} Sleep_Mask={String:0xFF} Sleep_Time={String:100} Status={String:OK} ResponseCode={String:} Label={String:} SamplerData={String:} ResponseMessage={String:} } Text={<?xml version="1.0" encoding="UTF-8"?>
<OMPRequest xmlns:ns0="http://xmlns.telco.com/OMP/Request">
            <ns0:Header xmlns:ns1="http://xmlns.telco.com/OMP/Header">
                        <ns1:orderPublicId />
                        <ns1:frId>1</ns1:frId>
                        <ns1:timestamp>1264846127859</ns1:timestamp>
                        <ns1:service>Fulfill</ns1:service>
                        <ns1:version/>
                        <ns1:reply>true</ns1:reply>
                        <ns1:timeout>5000</ns1:timeout>
            </ns0:Header>
<ns0:Body xmlns:ns1="http://xmlns.telco.com/OMP/Fulfiller/Fulfill">
                        <ns1:requestMessage>
                                   <ns1:frId>1</ns1:frId>
                        </ns1:requestMessage>
            </ns0:Body>
</OMPRequest>} }, reply=TextMessage={ Header={ JMSMessageID={ID:EMS-SERVER.CE84C2207B435:177} JMSDestination={Queue[OMP.FULFILLER.TECHNICAL.REP]} JMSReplyTo={null} JMSDeliveryMode={PERSISTENT} JMSRedelivered={false} JMSCorrelationID={ID:EMS-SERVER.CE84C2207B466:7} JMSType={null} JMSTimestamp={Wed Jun 23 14:29:17 BST 2010} JMSExpiration={Wed Jun 23 14:29:22 BST 2010} JMSPriority={4} } Properties={ } Text={<?xml version="1.0" encoding="UTF-8"?>
<OMPResponse>
    <ns0:ResponseCodes xmlns:ns0="http://xmlns.telco.com/OMP/Response">
        <ns1:statusCode xmlns:ns1="http://xmlns.telco.com/OMP/ResponseCodes">0</ns1:statusCode>
        <ns1:statusMessage xmlns:ns1="http://xmlns.telco.com/OMP/ResponseCodes">OK</ns1:statusMessage>
    </ns0:ResponseCodes>
    <ns0:Body xmlns:ns0="http://xmlns.telco.com/OMP/Response"/>
</OMPResponse>} } 
2010/06/23 14:29:17 DEBUG - jmeter.protocol.jms.sampler.SubscriberSampler: SubscriberSampler.initReceiveClient called 
2010/06/23 14:29:17 DEBUG - jmeter.protocol.jms.sampler.JMSSampler: Adding property [Sleep_Time=100] 
2010/06/23 14:29:17 DEBUG - jmeter.protocol.jms.sampler.JMSSampler: Adding property [Sleep_Mask=0xFF] 
2010/06/23 14:29:17 DEBUG - jmeter.protocol.jms.sampler.JMSSampler: Adding property [Label=] 
2010/06/23 14:29:17 DEBUG - jmeter.protocol.jms.sampler.JMSSampler: Adding property [ResponseCode=] 
2010/06/23 14:29:17 DEBUG - jmeter.protocol.jms.sampler.JMSSampler: Adding property [ResponseMessage=] 
2010/06/23 14:29:17 DEBUG - jmeter.protocol.jms.sampler.JMSSampler: Adding property [Status=OK] 
2010/06/23 14:29:17 DEBUG - jmeter.protocol.jms.sampler.JMSSampler: Adding property [SamplerData=] 
2010/06/23 14:29:17 DEBUG - jmeter.protocol.jms.sampler.JMSSampler: Adding property [ResultData=] 
2010/06/23 14:29:17 DEBUG - jmeter.protocol.jms.sampler.MessageAdmin: REQ_ID [ID:EMS-SERVER.CE84C2207B46B:10] 
2010/06/23 14:29:17 DEBUG - jmeter.protocol.jms.sampler.FixedQueueExecutor: wait for reply ID:EMS-SERVER.CE84C2207B46B:10 started on 1277299757698 
2010/06/23 14:29:18 DEBUG - jmeter.protocol.jms.sampler.MessageAdmin: RPL_ID [ID:EMS-SERVER.CE84C2207B46B:10] for holder request=TextMessage={ Header={ JMSMessageID={ID:EMS-SERVER.CE84C2207B46B:10} JMSDestination={Queue[OMP.FULFILLER.TECHNICAL.REQ]} JMSReplyTo={Queue[OMP.FULFILLER.TECHNICAL.REP]} JMSDeliveryMode={PERSISTENT} JMSRedelivered={false} JMSCorrelationID={null} JMSType={null} JMSTimestamp={Wed Jun 23 14:29:17 BST 2010} JMSExpiration={0} JMSPriority={4} } Properties={ ResultData={String:} Sleep_Mask={String:0xFF} Sleep_Time={String:100} Status={String:OK} ResponseCode={String:} Label={String:} SamplerData={String:} ResponseMessage={String:} } Text={<?xml version="1.0" encoding="UTF-8"?>
<OMPRequest xmlns:ns0="http://xmlns.telco.com/OMP/Request">
            <ns0:Header xmlns:ns1="http://xmlns.telco.com/OMP/Header">
                        <ns1:orderPublicId />
                        <ns1:frId>1</ns1:frId>
                        <ns1:timestamp>1264846127859</ns1:timestamp>
                        <ns1:service>Fulfill</ns1:service>
                        <ns1:version/>
                        <ns1:reply>true</ns1:reply>
                        <ns1:timeout>5000</ns1:timeout>
            </ns0:Header>
<ns0:Body xmlns:ns1="http://xmlns.telco.com/OMP/Fulfiller/Fulfill">
                        <ns1:requestMessage>
                                   <ns1:frId>1</ns1:frId>
                        </ns1:requestMessage>
            </ns0:Body>
</OMPRequest>} }, reply=null 
2010/06/23 14:29:18 DEBUG - jmeter.protocol.jms.sampler.FixedQueueExecutor: done waiting for ID:EMS-SERVER.CE84C2207B46B:10 ended on 1277299758509 
2010/06/23 14:29:18 DEBUG - jmeter.protocol.jms.sampler.MessageAdmin: GET_ID [ID:EMS-SERVER.CE84C2207B46B:10] for request=TextMessage={ Header={ JMSMessageID={ID:EMS-SERVER.CE84C2207B46B:10} JMSDestination={Queue[OMP.FULFILLER.TECHNICAL.REQ]} JMSReplyTo={Queue[OMP.FULFILLER.TECHNICAL.REP]} JMSDeliveryMode={PERSISTENT} JMSRedelivered={false} JMSCorrelationID={null} JMSType={null} JMSTimestamp={Wed Jun 23 14:29:17 BST 2010} JMSExpiration={0} JMSPriority={4} } Properties={ ResultData={String:} Sleep_Mask={String:0xFF} Sleep_Time={String:100} Status={String:OK} ResponseCode={String:} Label={String:} SamplerData={String:} ResponseMessage={String:} } Text={<?xml version="1.0" encoding="UTF-8"?>
<OMPRequest xmlns:ns0="http://xmlns.telco.com/OMP/Request">
            <ns0:Header xmlns:ns1="http://xmlns.telco.com/OMP/Header">
                        <ns1:orderPublicId />
                        <ns1:frId>1</ns1:frId>
                        <ns1:timestamp>1264846127859</ns1:timestamp>
                        <ns1:service>Fulfill</ns1:service>
                        <ns1:version/>
                        <ns1:reply>true</ns1:reply>
                        <ns1:timeout>5000</ns1:timeout>
            </ns0:Header>
<ns0:Body xmlns:ns1="http://xmlns.telco.com/OMP/Fulfiller/Fulfill">
                        <ns1:requestMessage>
                                   <ns1:frId>1</ns1:frId>
                        </ns1:requestMessage>
            </ns0:Body>
</OMPRequest>} }, reply=TextMessage={ Header={ JMSMessageID={ID:EMS-SERVER.CE84C2207B440:186} JMSDestination={Queue[OMP.FULFILLER.TECHNICAL.REP]} JMSReplyTo={null} JMSDeliveryMode={PERSISTENT} JMSRedelivered={false} JMSCorrelationID={ID:EMS-SERVER.CE84C2207B46B:10} JMSType={null} JMSTimestamp={Wed Jun 23 14:29:18 BST 2010} JMSExpiration={Wed Jun 23 14:29:23 BST 2010} JMSPriority={4} } Properties={ } Text={<?xml version="1.0" encoding="UTF-8"?>
<OMPResponse>
    <ns0:ResponseCodes xmlns:ns0="http://xmlns.telco.com/OMP/Response">
        <ns1:statusCode xmlns:ns1="http://xmlns.telco.com/OMP/ResponseCodes">0</ns1:statusCode>
        <ns1:statusMessage xmlns:ns1="http://xmlns.telco.com/OMP/ResponseCodes">OK</ns1:statusMessage>
    </ns0:ResponseCodes>
    <ns0:Body xmlns:ns0="http://xmlns.telco.com/OMP/Response"/>
</OMPResponse>} } 
2010/06/23 14:29:18 DEBUG - jmeter.protocol.jms.sampler.SubscriberSampler: SubscriberSampler.initReceiveClient called 
2010/06/23 14:29:26 INFO  - jmeter.gui.action.Start: Stopping test 
2010/06/23 14:29:26 INFO  - jmeter.threads.JMeterThread: Stopping: Functional Test Suite 1-1 
2010/06/23 14:29:26 WARN  - jmeter.threads.JMeterThread: Interrupting: Functional Test Suite 1-1 sampler: JMS Subscriber 
2010/06/23 14:29:26 INFO  - jmeter.threads.JMeterThread: Thread finished: Functional Test Suite 1-1 
2010/06/23 14:29:26 DEBUG - jmeter.protocol.jms.sampler.JMSSampler: Thread ended Wed Jun 23 14:29:26 BST 2010 
2010/06/23 14:29:26 ERROR - jmeter.protocol.jms.sampler.JMSSampler: Error during close:  javax.jms.JMSException: InterruptedException has occurred while waiting for server response
	at com.tibco.tibjms.Tibjmsx.buildException(Tibjmsx.java:502)
	at com.tibco.tibjms.TibjmsxLink.sendRequest(TibjmsxLink.java:364)
	at com.tibco.tibjms.TibjmsxLink.sendRequestMsg(TibjmsxLink.java:293)
	at com.tibco.tibjms.TibjmsxSessionImp._close(TibjmsxSessionImp.java:2652)
	at com.tibco.tibjms.TibjmsxSessionImp.close(TibjmsxSessionImp.java:4547)
	at org.apache.jmeter.protocol.jms.Utils.close(Utils.java:54)
	at org.apache.jmeter.protocol.jms.sampler.JMSSampler.threadFinished(JMSSampler.java:470)
	at org.apache.jmeter.threads.JMeterThread$ThreadListenerTraverser.addNode(JMeterThread.java:508)
	at org.apache.jorphan.collections.HashTree.traverseInto(HashTree.java:988)
	at org.apache.jorphan.collections.HashTree.traverseInto(HashTree.java:989)
	at org.apache.jorphan.collections.HashTree.traverse(HashTree.java:971)
	at org.apache.jmeter.threads.JMeterThread.threadFinished(JMeterThread.java:486)
	at org.apache.jmeter.threads.JMeterThread.run(JMeterThread.java:269)
	at java.lang.Thread.run(Thread.java:619)

2010/06/23 14:29:26 DEBUG - jmeter.protocol.jms.sampler.JMSSampler: Thread ended Wed Jun 23 14:29:26 BST 2010 
2010/06/23 14:29:26 INFO  - jmeter.engine.StandardJMeterEngine: Ending thread Functional Test Suite 1-1 
2010/06/23 14:29:26 INFO  - jmeter.engine.StandardJMeterEngine: Notifying test listeners of end of test 
2010/06/23 14:29:26 DEBUG - jmeter.protocol.jms.sampler.SubscriberSampler: SubscriberSampler.testEnded called 
2010/06/23 14:29:26 INFO  - jmeter.engine.StandardJMeterEngine: Stopping test 
2010/06/23 14:29:26 INFO  - jmeter.engine.StandardJMeterEngine: Notifying test listeners of end of test 
2010/06/23 14:29:26 DEBUG - jmeter.protocol.jms.sampler.SubscriberSampler: SubscriberSampler.testEnded called 
2010/06/23 14:29:26 DEBUG - jmeter.protocol.jms.sampler.SubscriberSampler: SubscriberSampler.testEnded called 
2010/06/23 14:29:26 INFO  - jmeter.gui.util.JMeterMenuBar: setRunning(false,*local*) 
2010/06/23 14:29:26 DEBUG - jmeter.protocol.jms.sampler.SubscriberSampler: SubscriberSampler.testEnded called 
2010/06/23 14:29:26 INFO  - jmeter.gui.util.JMeterMenuBar: setRunning(false,*local*) 
2010/06/23 14:29:26 INFO  - jmeter.engine.StandardJMeterEngine: Test has ended 
2010/06/23 14:29:26 INFO  - jmeter.engine.StandardJMeterEngine: Test has ended 
