> DROP DATABASE jmeter
> SELECT * FROM /.*/ LIMIT 1
ERR: database not found: jmeter
> 
> 
> 
> SELECT * FROM /.*/ LIMIT 1
name: jmeter.Flex-independent-allright.a.avg
time			value
----			-----
1479155670000000000	756

name: jmeter.Flex-independent-allright.a.count
time			value
----			-----
1479155670000000000	1

name: jmeter.Flex-independent-allright.a.max
time			value
----			-----
1479155670000000000	756

name: jmeter.Flex-independent-allright.a.min
time			value
----			-----
1479155670000000000	756

name: jmeter.Flex-independent-allright.a.pct50
time			value
----			-----
1479155670000000000	756

name: jmeter.Flex-independent-allright.a.pct90
time			value
----			-----
1479155670000000000	756

name: jmeter.Flex-independent-allright.a.pct95
time			value
----			-----
1479155670000000000	756

name: jmeter.Flex-independent-allright.a.pct99
time			value
----			-----
1479155670000000000	756

name: jmeter.Flex-independent-allright.h.count
time			value
----			-----
1479155670000000000	1

name: jmeter.Flex-independent-allright.ko.count
time			value
----			-----
1479155670000000000	0

name: jmeter.Flex-independent-allright.ok.avg
time			value
----			-----
1479155670000000000	756

name: jmeter.Flex-independent-allright.ok.count
time			value
----			-----
1479155670000000000	1

name: jmeter.Flex-independent-allright.ok.max
time			value
----			-----
1479155670000000000	756

name: jmeter.Flex-independent-allright.ok.min
time			value
----			-----
1479155670000000000	756

name: jmeter.Flex-independent-allright.ok.pct50
time			value
----			-----
1479155670000000000	756

name: jmeter.Flex-independent-allright.ok.pct90
time			value
----			-----
1479155670000000000	756

name: jmeter.Flex-independent-allright.ok.pct95
time			value
----			-----
1479155670000000000	756

name: jmeter.Flex-independent-allright.ok.pct99
time			value
----			-----
1479155670000000000	756

name: jmeter.GlobalCas.a.avg
time			value
----			-----
1479155668000000000	197

name: jmeter.GlobalCas.a.count
time			value
----			-----
1479155668000000000	1

name: jmeter.GlobalCas.a.max
time			value
----			-----
1479155668000000000	197

name: jmeter.GlobalCas.a.min
time			value
----			-----
1479155668000000000	197

name: jmeter.GlobalCas.a.pct50
time			value
----			-----
1479155668000000000	197

name: jmeter.GlobalCas.a.pct90
time			value
----			-----
1479155668000000000	197

name: jmeter.GlobalCas.a.pct95
time			value
----			-----
1479155668000000000	197

name: jmeter.GlobalCas.a.pct99
time			value
----			-----
1479155668000000000	197

name: jmeter.GlobalCas.h.count
time			value
----			-----
1479155668000000000	1

name: jmeter.GlobalCas.ko.count
time			value
----			-----
1479155668000000000	0

name: jmeter.GlobalCas.ok.avg
time			value
----			-----
1479155668000000000	197

name: jmeter.GlobalCas.ok.count
time			value
----			-----
1479155668000000000	1

name: jmeter.GlobalCas.ok.max
time			value
----			-----
1479155668000000000	197

name: jmeter.GlobalCas.ok.min
time			value
----			-----
1479155668000000000	197

name: jmeter.GlobalCas.ok.pct50
time			value
----			-----
1479155668000000000	197

name: jmeter.GlobalCas.ok.pct90
time			value
----			-----
1479155668000000000	197

name: jmeter.GlobalCas.ok.pct95
time			value
----			-----
1479155668000000000	197

name: jmeter.GlobalCas.ok.pct99
time			value
----			-----
1479155668000000000	197

name: jmeter.GlobalCase.a.avg
time			value
----			-----
1479155668000000000	240

name: jmeter.GlobalCase.a.count
time			value
----			-----
1479155668000000000	1

name: jmeter.GlobalCase.a.max
time			value
----			-----
1479155668000000000	240

name: jmeter.GlobalCase.a.min
time			value
----			-----
1479155668000000000	240

name: jmeter.GlobalCase.a.pct50
time			value
----			-----
1479155668000000000	240

name: jmeter.GlobalCase.a.pct90
time			value
----			-----
1479155668000000000	240

name: jmeter.GlobalCase.a.pct95
time			value
----			-----
1479155668000000000	240

name: jmeter.GlobalCase.a.pct99
time			value
----			-----
1479155668000000000	240

name: jmeter.GlobalCase.h.count
time			value
----			-----
1479155668000000000	1

name: jmeter.GlobalCase.ko.count
time			value
----			-----
1479155668000000000	0

name: jmeter.GlobalCase.ok.avg
time			value
----			-----
1479155668000000000	240

name: jmeter.GlobalCase.ok.count
time			value
----			-----
1479155668000000000	1

name: jmeter.GlobalCase.ok.max
time			value
----			-----
1479155668000000000	240

name: jmeter.GlobalCase.ok.min
time			value
----			-----
1479155668000000000	240

name: jmeter.GlobalCase.ok.pct50
time			value
----			-----
1479155668000000000	240

name: jmeter.GlobalCase.ok.pct90
time			value
----			-----
1479155668000000000	240

name: jmeter.GlobalCase.ok.pct95
time			value
----			-----
1479155668000000000	240

name: jmeter.GlobalCase.ok.pct99
time			value
----			-----
1479155668000000000	240

name: jmeter.MondayCas.a.avg
time			value
----			-----
1479155669000000000	496

name: jmeter.MondayCas.a.count
time			value
----			-----
1479155669000000000	1

name: jmeter.MondayCas.a.max
time			value
----			-----
1479155669000000000	496

name: jmeter.MondayCas.a.min
time			value
----			-----
1479155669000000000	496

name: jmeter.MondayCas.a.pct50
time			value
----			-----
1479155669000000000	496

name: jmeter.MondayCas.a.pct90
time			value
----			-----
1479155669000000000	496

name: jmeter.MondayCas.a.pct95
time			value
----			-----
1479155669000000000	496

name: jmeter.MondayCas.a.pct99
time			value
----			-----
1479155669000000000	496

name: jmeter.MondayCas.h.count
time			value
----			-----
1479155669000000000	1

name: jmeter.MondayCas.ko.count
time			value
----			-----
1479155669000000000	0

name: jmeter.MondayCas.ok.avg
time			value
----			-----
1479155669000000000	496

name: jmeter.MondayCas.ok.count
time			value
----			-----
1479155669000000000	1

name: jmeter.MondayCas.ok.max
time			value
----			-----
1479155669000000000	496

name: jmeter.MondayCas.ok.min
time			value
----			-----
1479155669000000000	496

name: jmeter.MondayCas.ok.pct50
time			value
----			-----
1479155669000000000	496

name: jmeter.MondayCas.ok.pct90
time			value
----			-----
1479155669000000000	496

name: jmeter.MondayCas.ok.pct95
time			value
----			-----
1479155669000000000	496

name: jmeter.MondayCas.ok.pct99
time			value
----			-----
1479155669000000000	496

name: jmeter.MondayCase.a.avg
time			value
----			-----
1479155669000000000	325

name: jmeter.MondayCase.a.count
time			value
----			-----
1479155669000000000	1

name: jmeter.MondayCase.a.max
time			value
----			-----
1479155669000000000	325

name: jmeter.MondayCase.a.min
time			value
----			-----
1479155669000000000	325

name: jmeter.MondayCase.a.pct50
time			value
----			-----
1479155669000000000	325

name: jmeter.MondayCase.a.pct90
time			value
----			-----
1479155669000000000	325

name: jmeter.MondayCase.a.pct95
time			value
----			-----
1479155669000000000	325

name: jmeter.MondayCase.a.pct99
time			value
----			-----
1479155669000000000	325

name: jmeter.MondayCase.h.count
time			value
----			-----
1479155669000000000	1

name: jmeter.MondayCase.ko.count
time			value
----			-----
1479155669000000000	0

name: jmeter.MondayCase.ok.avg
time			value
----			-----
1479155669000000000	325

name: jmeter.MondayCase.ok.count
time			value
----			-----
1479155669000000000	1

name: jmeter.MondayCase.ok.max
time			value
----			-----
1479155669000000000	325

name: jmeter.MondayCase.ok.min
time			value
----			-----
1479155669000000000	325

name: jmeter.MondayCase.ok.pct50
time			value
----			-----
1479155669000000000	325

name: jmeter.MondayCase.ok.pct90
time			value
----			-----
1479155669000000000	325

name: jmeter.MondayCase.ok.pct95
time			value
----			-----
1479155669000000000	325

name: jmeter.MondayCase.ok.pct99
time			value
----			-----
1479155669000000000	325

name: jmeter.all.a.avg
time			value
----			-----
1479155668000000000	218.5

name: jmeter.all.a.count
time			value
----			-----
1479155668000000000	2

name: jmeter.all.a.max
time			value
----			-----
1479155668000000000	240

name: jmeter.all.a.min
time			value
----			-----
1479155668000000000	197

name: jmeter.all.a.pct50
time			value
----			-----
1479155668000000000	218.5

name: jmeter.all.a.pct90
time			value
----			-----
1479155668000000000	240

name: jmeter.all.a.pct95
time			value
----			-----
1479155668000000000	240

name: jmeter.all.a.pct99
time			value
----			-----
1479155668000000000	240

name: jmeter.all.h.count
time			value
----			-----
1479155668000000000	2

name: jmeter.all.ko.count
time			value
----			-----
1479155668000000000	0

name: jmeter.all.ok.avg
time			value
----			-----
1479155668000000000	218.5

name: jmeter.all.ok.count
time			value
----			-----
1479155668000000000	2

name: jmeter.all.ok.max
time			value
----			-----
1479155668000000000	240

name: jmeter.all.ok.min
time			value
----			-----
1479155668000000000	197

name: jmeter.all.ok.pct50
time			value
----			-----
1479155668000000000	218.5

name: jmeter.all.ok.pct90
time			value
----			-----
1479155668000000000	240

name: jmeter.all.ok.pct95
time			value
----			-----
1479155668000000000	240

name: jmeter.all.ok.pct99
time			value
----			-----
1479155668000000000	240

name: jmeter.test.endedT
time			value
----			-----
1479155668000000000	0

name: jmeter.test.maxAT
time			value
----			-----
1479155668000000000	1

name: jmeter.test.meanAT
time			value
----			-----
1479155668000000000	1

name: jmeter.test.minAT
time			value
----			-----
1479155668000000000	1

name: jmeter.test.startedT
time			value
----			-----
1479155668000000000	1