2006/06/02 10:33:30 INFO  - jmeter.util.JMeterUtils: Setting Locale to en_US 
2006/06/02 10:33:30 INFO  - jmeter.JMeter: Version 2.1.1 
2006/06/02 10:33:30 INFO  - jmeter.JMeter: java.version=1.4.2_03 
2006/06/02 10:33:30 INFO  - jmeter.JMeter: Locale=English (United States) 
2006/06/02 10:33:30 INFO  - jmeter.JMeter: Copyright (c) 1998-2005 The Apache Software Foundation 
2006/06/02 10:33:30 INFO  - jmeter.JMeter: Loaded icon properties from org/apache/jmeter/images/icon.properties 
2006/06/02 10:33:32 INFO  - jmeter.protocol.http.sampler.AccessLogSamplerBeanInfo: Entered access log sampler bean info 
2006/06/02 10:33:32 INFO  - jmeter.protocol.http.sampler.AccessLogSamplerBeanInfo: found parsers: [org.apache.jmeter.protocol.http.util.accesslog.OrderPreservingLogParser, org.apache.jmeter.protocol.http.util.accesslog.SharedTCLogParser, org.apache.jmeter.protocol.http.util.accesslog.TCLogParser] 
2006/06/02 10:33:32 INFO  - jmeter.protocol.http.sampler.AccessLogSamplerBeanInfo: Got to end of access log samper bean info init 
2006/06/02 10:33:33 INFO  - jmeter.samplers.SampleResult: Note: Sample TimeStamps are END times 
2006/06/02 10:33:33 INFO  - jmeter.samplers.SampleResult: sampleresult.default.encoding is set to ISO-8859-1 
2006/06/02 10:33:38 INFO  - jmeter.gui.action.Load: Loading file: C:\jakarta-jmeter-2.1.1\bin\20060602\Test Plan2.jmx 
2006/06/02 10:33:38 INFO  - jmeter.protocol.http.sampler.HTTPSampler2: httpsampler2.basicauth=false 
2006/06/02 10:33:38 INFO  - jmeter.save.SaveService: Using SaveService properties file 1.7 
2006/06/02 10:33:38 INFO  - jmeter.save.SaveService: All converter versions present and correct 
2006/06/02 10:33:49 INFO  - jmeter.engine.StandardJMeterEngine: Running the test! 
2006/06/02 10:33:49 INFO  - jmeter.gui.util.JMeterMenuBar: setRunning(true,local) 
2006/06/02 10:33:49 INFO  - jmeter.engine.StandardJMeterEngine: Starting 1 threads for group Thread Group. Ramp up = 1. 
2006/06/02 10:33:49 INFO  - jmeter.engine.StandardJMeterEngine: Continue on error 
2006/06/02 10:33:49 WARN  - jmeter.threads.JMeterThread: jmeterthread.startearlier=true (see jmeter.properties) 
2006/06/02 10:33:49 INFO  - jmeter.threads.JMeterThread: Thread Thread Group 1-1 started 
2006/06/02 10:34:06 INFO  - jmeter.threads.JMeterThread: Thread Thread Group 1-1 is done 
2006/06/02 10:34:06 INFO  - jmeter.engine.StandardJMeterEngine: Ending thread 0 
2006/06/02 10:34:06 INFO  - jmeter.engine.StandardJMeterEngine: Stopping test 
2006/06/02 10:34:06 INFO  - jmeter.engine.StandardJMeterEngine: Notifying test listeners of end of test 
2006/06/02 10:34:06 INFO  - jmeter.gui.util.JMeterMenuBar: setRunning(false,local) 
2006/06/02 10:34:06 INFO  - jmeter.engine.StandardJMeterEngine: Test has ended 
2006/06/02 10:34:30 INFO  - jmeter.engine.StandardJMeterEngine: Running the test! 
2006/06/02 10:34:30 INFO  - jmeter.gui.util.JMeterMenuBar: setRunning(true,local) 
2006/06/02 10:34:30 INFO  - jmeter.engine.StandardJMeterEngine: Starting 15 threads for group Thread Group. Ramp up = 1. 
2006/06/02 10:34:30 INFO  - jmeter.engine.StandardJMeterEngine: Continue on error 
2006/06/02 10:34:30 INFO  - jmeter.threads.JMeterThread: Thread Thread Group 1-1 started 
2006/06/02 10:34:31 INFO  - jmeter.threads.JMeterThread: Thread Thread Group 1-2 started 
2006/06/02 10:34:31 INFO  - jmeter.threads.JMeterThread: Thread Thread Group 1-3 started 
2006/06/02 10:34:31 INFO  - jmeter.threads.JMeterThread: Thread Thread Group 1-4 started 
2006/06/02 10:34:31 INFO  - jmeter.threads.JMeterThread: Thread Thread Group 1-5 started 
2006/06/02 10:34:31 INFO  - jmeter.threads.JMeterThread: Thread Thread Group 1-6 started 
2006/06/02 10:34:31 INFO  - jmeter.threads.JMeterThread: Thread Thread Group 1-7 started 
2006/06/02 10:34:31 INFO  - jmeter.threads.JMeterThread: Thread Thread Group 1-8 started 
2006/06/02 10:34:31 INFO  - jmeter.threads.JMeterThread: Thread Thread Group 1-9 started 
2006/06/02 10:34:31 INFO  - jmeter.threads.JMeterThread: Thread Thread Group 1-10 started 
2006/06/02 10:34:31 INFO  - jmeter.threads.JMeterThread: Thread Thread Group 1-11 started 
2006/06/02 10:34:31 INFO  - jmeter.threads.JMeterThread: Thread Thread Group 1-12 started 
2006/06/02 10:34:31 INFO  - jmeter.threads.JMeterThread: Thread Thread Group 1-13 started 
2006/06/02 10:34:31 INFO  - jmeter.threads.JMeterThread: Thread Thread Group 1-14 started 
2006/06/02 10:34:32 INFO  - jmeter.threads.JMeterThread: Thread Thread Group 1-15 started 
2006/06/02 10:36:10 ERROR - jmeter.protocol.http.sampler.HTTPSampler: java.io.IOException 
2006/06/02 10:36:10 ERROR - jmeter.protocol.http.sampler.HTTPSampler: 
 
2006/06/02 10:36:10 ERROR - jmeter.protocol.http.sampler.HTTPSampler: java.io.IOException 
2006/06/02 10:36:10 ERROR - jmeter.protocol.http.sampler.HTTPSampler: 
 
2006/06/02 10:36:10 INFO  - jmeter.threads.JMeterThread: Thread Thread Group 1-6 is done 
2006/06/02 10:36:10 INFO  - jmeter.engine.StandardJMeterEngine: Ending thread 5 
2006/06/02 10:36:29 INFO  - jmeter.threads.JMeterThread: Thread Thread Group 1-11 is done 
2006/06/02 10:36:29 INFO  - jmeter.engine.StandardJMeterEngine: Ending thread 10 
2006/06/02 10:36:58 INFO  - jmeter.threads.JMeterThread: Thread Thread Group 1-10 is done 
2006/06/02 10:36:58 INFO  - jmeter.engine.StandardJMeterEngine: Ending thread 9 
2006/06/02 10:37:01 INFO  - jmeter.threads.JMeterThread: Thread Thread Group 1-13 is done 
2006/06/02 10:37:01 INFO  - jmeter.engine.StandardJMeterEngine: Ending thread 12 
2006/06/02 10:37:04 INFO  - jmeter.threads.JMeterThread: Thread Thread Group 1-12 is done 
2006/06/02 10:37:04 INFO  - jmeter.engine.StandardJMeterEngine: Ending thread 11 
2006/06/02 10:37:06 INFO  - jmeter.threads.JMeterThread: Thread Thread Group 1-14 is done 
2006/06/02 10:37:06 INFO  - jmeter.engine.StandardJMeterEngine: Ending thread 13 
2006/06/02 10:37:06 INFO  - jmeter.threads.JMeterThread: Thread Thread Group 1-7 is done 
2006/06/02 10:37:06 INFO  - jmeter.engine.StandardJMeterEngine: Ending thread 6 
2006/06/02 10:37:10 INFO  - jmeter.threads.JMeterThread: Thread Thread Group 1-5 is done 
2006/06/02 10:37:10 INFO  - jmeter.engine.StandardJMeterEngine: Ending thread 4 
2006/06/02 10:37:10 INFO  - jmeter.threads.JMeterThread: Thread Thread Group 1-4 is done 
2006/06/02 10:37:10 INFO  - jmeter.engine.StandardJMeterEngine: Ending thread 3 
2006/06/02 10:37:11 INFO  - jmeter.threads.JMeterThread: Thread Thread Group 1-15 is done 
2006/06/02 10:37:11 INFO  - jmeter.engine.StandardJMeterEngine: Ending thread 14 
2006/06/02 10:37:16 INFO  - jmeter.threads.JMeterThread: Thread Thread Group 1-8 is done 
2006/06/02 10:37:16 INFO  - jmeter.engine.StandardJMeterEngine: Ending thread 7 
2006/06/02 10:37:27 INFO  - jmeter.threads.JMeterThread: Thread Thread Group 1-3 is done 
2006/06/02 10:37:27 INFO  - jmeter.engine.StandardJMeterEngine: Ending thread 2 
2006/06/02 10:37:27 INFO  - jmeter.threads.JMeterThread: Thread Thread Group 1-9 is done 
2006/06/02 10:37:27 INFO  - jmeter.engine.StandardJMeterEngine: Ending thread 8 
2006/06/02 10:37:29 INFO  - jmeter.threads.JMeterThread: Thread Thread Group 1-2 is done 
2006/06/02 10:37:29 INFO  - jmeter.engine.StandardJMeterEngine: Ending thread 1 
2006/06/02 10:37:29 INFO  - jmeter.threads.JMeterThread: Thread Thread Group 1-1 is done 
2006/06/02 10:37:29 INFO  - jmeter.engine.StandardJMeterEngine: Ending thread 0 
2006/06/02 10:37:29 INFO  - jmeter.engine.StandardJMeterEngine: Stopping test 
2006/06/02 10:37:29 INFO  - jmeter.engine.StandardJMeterEngine: Notifying test listeners of end of test 
2006/06/02 10:37:29 INFO  - jmeter.gui.util.JMeterMenuBar: setRunning(false,local) 
2006/06/02 10:37:29 INFO  - jmeter.engine.StandardJMeterEngine: Test has ended 
2006/06/02 10:41:27 INFO  - jmeter.gui.action.Load: Loading file: C:\jakarta-jmeter-2.1.1\bin\20060602\Test Plan2.jmx 
2006/06/02 10:42:25 INFO  - jmeter.engine.StandardJMeterEngine: Running the test! 
2006/06/02 10:42:25 INFO  - jmeter.gui.util.JMeterMenuBar: setRunning(true,local) 
2006/06/02 10:42:28 INFO  - jmeter.engine.StandardJMeterEngine: Starting 10 threads for group Thread Group. Ramp up = 0. 
2006/06/02 10:42:28 INFO  - jmeter.engine.StandardJMeterEngine: Continue on error 
2006/06/02 10:42:29 INFO  - jmeter.threads.JMeterThread: Thread Thread Group 1-1 started 
2006/06/02 10:42:29 INFO  - jmeter.threads.JMeterThread: Thread Thread Group 1-2 started 
2006/06/02 10:42:29 INFO  - jmeter.threads.JMeterThread: Thread Thread Group 1-3 started 
2006/06/02 10:42:29 INFO  - jmeter.threads.JMeterThread: Thread Thread Group 1-4 started 
2006/06/02 10:42:29 INFO  - jmeter.threads.JMeterThread: Thread Thread Group 1-5 started 
2006/06/02 10:42:29 INFO  - jmeter.threads.JMeterThread: Thread Thread Group 1-6 started 
2006/06/02 10:42:29 INFO  - jmeter.threads.JMeterThread: Thread Thread Group 1-7 started 
2006/06/02 10:42:29 INFO  - jmeter.threads.JMeterThread: Thread Thread Group 1-8 started 
2006/06/02 10:42:29 INFO  - jmeter.threads.JMeterThread: Thread Thread Group 1-9 started 
2006/06/02 10:42:29 INFO  - jmeter.threads.JMeterThread: Thread Thread Group 1-10 started 
2006/06/02 10:43:56 INFO  - jmeter.threads.JMeterThread: Thread Thread Group 1-10 is done 
2006/06/02 10:43:56 INFO  - jmeter.engine.StandardJMeterEngine: Ending thread 9 
2006/06/02 10:44:02 INFO  - jmeter.threads.JMeterThread: Thread Thread Group 1-3 is done 
2006/06/02 10:44:02 INFO  - jmeter.engine.StandardJMeterEngine: Ending thread 2 
2006/06/02 10:44:02 INFO  - jmeter.threads.JMeterThread: Thread Thread Group 1-6 is done 
2006/06/02 10:44:02 INFO  - jmeter.engine.StandardJMeterEngine: Ending thread 5 
2006/06/02 10:44:04 INFO  - jmeter.threads.JMeterThread: Thread Thread Group 1-4 is done 
2006/06/02 10:44:04 INFO  - jmeter.engine.StandardJMeterEngine: Ending thread 3 
2006/06/02 10:44:04 INFO  - jmeter.threads.JMeterThread: Thread Thread Group 1-2 is done 
2006/06/02 10:44:04 INFO  - jmeter.engine.StandardJMeterEngine: Ending thread 1 
2006/06/02 10:44:11 INFO  - jmeter.threads.JMeterThread: Thread Thread Group 1-9 is done 
2006/06/02 10:44:11 INFO  - jmeter.engine.StandardJMeterEngine: Ending thread 8 
2006/06/02 10:44:14 INFO  - jmeter.threads.JMeterThread: Thread Thread Group 1-8 is done 
2006/06/02 10:44:14 INFO  - jmeter.engine.StandardJMeterEngine: Ending thread 7 
2006/06/02 10:44:14 INFO  - jmeter.threads.JMeterThread: Thread Thread Group 1-7 is done 
2006/06/02 10:44:14 INFO  - jmeter.engine.StandardJMeterEngine: Ending thread 6 
2006/06/02 10:44:21 INFO  - jmeter.threads.JMeterThread: Thread Thread Group 1-5 is done 
2006/06/02 10:44:21 INFO  - jmeter.engine.StandardJMeterEngine: Ending thread 4 
2006/06/02 10:44:21 INFO  - jmeter.threads.JMeterThread: Thread Thread Group 1-1 is done 
2006/06/02 10:44:21 INFO  - jmeter.engine.StandardJMeterEngine: Ending thread 0 
2006/06/02 10:44:21 INFO  - jmeter.engine.StandardJMeterEngine: Stopping test 
2006/06/02 10:44:21 INFO  - jmeter.engine.StandardJMeterEngine: Notifying test listeners of end of test 
2006/06/02 10:44:21 INFO  - jmeter.gui.util.JMeterMenuBar: setRunning(false,local) 
2006/06/02 10:44:21 INFO  - jmeter.engine.StandardJMeterEngine: Test has ended 
2006/06/02 10:45:08 INFO  - jmeter.engine.StandardJMeterEngine: Running the test! 
2006/06/02 10:45:08 INFO  - jmeter.gui.util.JMeterMenuBar: setRunning(true,local) 
2006/06/02 10:45:08 INFO  - jmeter.engine.StandardJMeterEngine: Starting 20 threads for group Thread Group. Ramp up = 0. 
2006/06/02 10:45:08 INFO  - jmeter.engine.StandardJMeterEngine: Continue on error 
2006/06/02 10:45:08 INFO  - jmeter.threads.JMeterThread: Thread Thread Group 1-2 started 
2006/06/02 10:45:08 INFO  - jmeter.threads.JMeterThread: Thread Thread Group 1-1 started 
2006/06/02 10:45:09 INFO  - jmeter.threads.JMeterThread: Thread Thread Group 1-3 started 
2006/06/02 10:45:09 INFO  - jmeter.threads.JMeterThread: Thread Thread Group 1-4 started 
2006/06/02 10:45:09 INFO  - jmeter.threads.JMeterThread: Thread Thread Group 1-5 started 
2006/06/02 10:45:09 INFO  - jmeter.threads.JMeterThread: Thread Thread Group 1-6 started 
2006/06/02 10:45:09 INFO  - jmeter.threads.JMeterThread: Thread Thread Group 1-7 started 
2006/06/02 10:45:09 INFO  - jmeter.threads.JMeterThread: Thread Thread Group 1-8 started 
2006/06/02 10:45:09 INFO  - jmeter.threads.JMeterThread: Thread Thread Group 1-9 started 
2006/06/02 10:45:09 INFO  - jmeter.threads.JMeterThread: Thread Thread Group 1-10 started 
2006/06/02 10:45:09 INFO  - jmeter.threads.JMeterThread: Thread Thread Group 1-11 started 
2006/06/02 10:45:09 INFO  - jmeter.threads.JMeterThread: Thread Thread Group 1-12 started 
2006/06/02 10:45:09 INFO  - jmeter.threads.JMeterThread: Thread Thread Group 1-13 started 
2006/06/02 10:45:09 INFO  - jmeter.threads.JMeterThread: Thread Thread Group 1-14 started 
2006/06/02 10:45:09 INFO  - jmeter.threads.JMeterThread: Thread Thread Group 1-15 started 
2006/06/02 10:45:09 INFO  - jmeter.threads.JMeterThread: Thread Thread Group 1-16 started 
2006/06/02 10:45:09 INFO  - jmeter.threads.JMeterThread: Thread Thread Group 1-17 started 
2006/06/02 10:45:09 INFO  - jmeter.threads.JMeterThread: Thread Thread Group 1-18 started 
2006/06/02 10:45:09 INFO  - jmeter.threads.JMeterThread: Thread Thread Group 1-19 started 
2006/06/02 10:45:09 INFO  - jmeter.threads.JMeterThread: Thread Thread Group 1-20 started 
2006/06/02 10:45:19 ERROR - jmeter.protocol.http.sampler.HTTPSampler: java.io.IOException 
2006/06/02 10:45:19 ERROR - jmeter.protocol.http.sampler.HTTPSampler: 
 
2006/06/02 10:45:19 ERROR - jmeter.protocol.http.sampler.HTTPSampler: java.io.IOException 
2006/06/02 10:45:19 ERROR - jmeter.protocol.http.sampler.HTTPSampler: 
 
2006/06/02 10:45:19 ERROR - jmeter.protocol.http.sampler.HTTPSampler: java.io.IOException 
2006/06/02 10:45:19 ERROR - jmeter.protocol.http.sampler.HTTPSampler: 
 
2006/06/02 10:45:19 ERROR - jmeter.protocol.http.sampler.HTTPSampler: java.io.IOException 
2006/06/02 10:45:19 ERROR - jmeter.protocol.http.sampler.HTTPSampler: 
 
2006/06/02 10:45:21 ERROR - jmeter.protocol.http.sampler.HTTPSampler: java.io.IOException 
2006/06/02 10:45:21 ERROR - jmeter.protocol.http.sampler.HTTPSampler: 
 
2006/06/02 10:45:21 ERROR - jmeter.protocol.http.sampler.HTTPSampler: java.io.IOException 
2006/06/02 10:45:21 ERROR - jmeter.protocol.http.sampler.HTTPSampler: 
 
2006/06/02 10:45:21 ERROR - jmeter.protocol.http.sampler.HTTPSampler: java.io.IOException 
2006/06/02 10:45:21 ERROR - jmeter.protocol.http.sampler.HTTPSampler: 
 
2006/06/02 10:45:21 ERROR - jmeter.protocol.http.sampler.HTTPSampler: java.io.IOException 
2006/06/02 10:45:21 ERROR - jmeter.protocol.http.sampler.HTTPSampler: 
 
2006/06/02 10:45:21 ERROR - jmeter.protocol.http.sampler.HTTPSampler: java.io.IOException 
2006/06/02 10:45:21 ERROR - jmeter.protocol.http.sampler.HTTPSampler: 
 
2006/06/02 10:45:22 ERROR - jmeter.protocol.http.sampler.HTTPSampler: java.io.IOException 
2006/06/02 10:45:22 ERROR - jmeter.protocol.http.sampler.HTTPSampler: 
 
2006/06/02 10:45:22 ERROR - jmeter.protocol.http.sampler.HTTPSampler: java.io.IOException 
2006/06/02 10:45:22 ERROR - jmeter.protocol.http.sampler.HTTPSampler: 
 
2006/06/02 10:45:22 ERROR - jmeter.protocol.http.sampler.HTTPSampler: java.io.IOException 
2006/06/02 10:45:22 ERROR - jmeter.protocol.http.sampler.HTTPSampler: 
 
2006/06/02 10:45:22 INFO  - jmeter.threads.JMeterThread: Thread Thread Group 1-18 is done 
2006/06/02 10:45:22 INFO  - jmeter.engine.StandardJMeterEngine: Ending thread 17 
2006/06/02 10:45:22 ERROR - jmeter.protocol.http.sampler.HTTPSampler: java.io.IOException 
2006/06/02 10:45:22 ERROR - jmeter.protocol.http.sampler.HTTPSampler: 
 
2006/06/02 10:45:22 ERROR - jmeter.protocol.http.sampler.HTTPSampler: java.io.IOException 
2006/06/02 10:45:22 ERROR - jmeter.protocol.http.sampler.HTTPSampler: 
 
2006/06/02 10:45:22 INFO  - jmeter.threads.JMeterThread: Thread Thread Group 1-2 is done 
2006/06/02 10:45:22 INFO  - jmeter.engine.StandardJMeterEngine: Ending thread 1 
2006/06/02 10:45:22 ERROR - jmeter.protocol.http.sampler.HTTPSampler: java.io.IOException 
2006/06/02 10:45:22 ERROR - jmeter.protocol.http.sampler.HTTPSampler: 
 
2006/06/02 10:45:22 ERROR - jmeter.protocol.http.sampler.HTTPSampler: java.io.IOException 
2006/06/02 10:45:22 ERROR - jmeter.protocol.http.sampler.HTTPSampler: 
 
2006/06/02 10:45:22 INFO  - jmeter.threads.JMeterThread: Thread Thread Group 1-16 is done 
2006/06/02 10:45:22 INFO  - jmeter.engine.StandardJMeterEngine: Ending thread 15 
2006/06/02 10:45:22 INFO  - jmeter.threads.JMeterThread: Thread Thread Group 1-17 is done 
2006/06/02 10:45:22 INFO  - jmeter.engine.StandardJMeterEngine: Ending thread 16 
2006/06/02 10:46:31 INFO  - jmeter.threads.JMeterThread: Thread Thread Group 1-20 is done 
2006/06/02 10:46:31 INFO  - jmeter.engine.StandardJMeterEngine: Ending thread 19 
2006/06/02 10:46:51 INFO  - jmeter.threads.JMeterThread: Thread Thread Group 1-1 is done 
2006/06/02 10:46:51 INFO  - jmeter.engine.StandardJMeterEngine: Ending thread 0 
2006/06/02 10:47:02 INFO  - jmeter.threads.JMeterThread: Thread Thread Group 1-7 is done 
2006/06/02 10:47:02 INFO  - jmeter.engine.StandardJMeterEngine: Ending thread 6 
2006/06/02 10:47:05 INFO  - jmeter.threads.JMeterThread: Thread Thread Group 1-5 is done 
2006/06/02 10:47:05 INFO  - jmeter.engine.StandardJMeterEngine: Ending thread 4 
2006/06/02 10:47:10 INFO  - jmeter.threads.JMeterThread: Thread Thread Group 1-19 is done 
2006/06/02 10:47:10 INFO  - jmeter.engine.StandardJMeterEngine: Ending thread 18 
2006/06/02 10:47:13 INFO  - jmeter.threads.JMeterThread: Thread Thread Group 1-12 is done 
2006/06/02 10:47:13 INFO  - jmeter.engine.StandardJMeterEngine: Ending thread 11 
2006/06/02 10:47:14 INFO  - jmeter.threads.JMeterThread: Thread Thread Group 1-9 is done 
2006/06/02 10:47:14 INFO  - jmeter.engine.StandardJMeterEngine: Ending thread 8 
2006/06/02 10:47:16 INFO  - jmeter.threads.JMeterThread: Thread Thread Group 1-8 is done 
2006/06/02 10:47:16 INFO  - jmeter.engine.StandardJMeterEngine: Ending thread 7 
2006/06/02 10:47:19 INFO  - jmeter.threads.JMeterThread: Thread Thread Group 1-11 is done 
2006/06/02 10:47:19 INFO  - jmeter.engine.StandardJMeterEngine: Ending thread 10 
2006/06/02 10:47:21 INFO  - jmeter.threads.JMeterThread: Thread Thread Group 1-10 is done 
2006/06/02 10:47:21 INFO  - jmeter.engine.StandardJMeterEngine: Ending thread 9 
2006/06/02 10:47:34 INFO  - jmeter.threads.JMeterThread: Thread Thread Group 1-14 is done 
2006/06/02 10:47:34 INFO  - jmeter.engine.StandardJMeterEngine: Ending thread 13 
2006/06/02 10:47:47 INFO  - jmeter.threads.JMeterThread: Thread Thread Group 1-13 is done 
2006/06/02 10:47:47 INFO  - jmeter.engine.StandardJMeterEngine: Ending thread 12 
2006/06/02 10:47:48 INFO  - jmeter.threads.JMeterThread: Thread Thread Group 1-4 is done 
2006/06/02 10:47:48 INFO  - jmeter.engine.StandardJMeterEngine: Ending thread 3 
2006/06/02 10:47:50 INFO  - jmeter.threads.JMeterThread: Thread Thread Group 1-15 is done 
2006/06/02 10:47:50 INFO  - jmeter.engine.StandardJMeterEngine: Ending thread 14 
2006/06/02 10:47:51 INFO  - jmeter.threads.JMeterThread: Thread Thread Group 1-6 is done 
2006/06/02 10:47:51 INFO  - jmeter.engine.StandardJMeterEngine: Ending thread 5 
2006/06/02 10:47:51 INFO  - jmeter.threads.JMeterThread: Thread Thread Group 1-3 is done 
2006/06/02 10:47:51 INFO  - jmeter.engine.StandardJMeterEngine: Ending thread 2 
2006/06/02 10:47:51 INFO  - jmeter.engine.StandardJMeterEngine: Stopping test 
2006/06/02 10:47:51 INFO  - jmeter.engine.StandardJMeterEngine: Notifying test listeners of end of test 
2006/06/02 10:47:51 INFO  - jmeter.gui.util.JMeterMenuBar: setRunning(false,local) 
2006/06/02 10:47:51 INFO  - jmeter.engine.StandardJMeterEngine: Test has ended 
2006/06/02 10:48:52 INFO  - jmeter.engine.StandardJMeterEngine: Running the test! 
2006/06/02 10:48:52 INFO  - jmeter.gui.util.JMeterMenuBar: setRunning(true,local) 
2006/06/02 10:48:52 INFO  - jmeter.engine.StandardJMeterEngine: Starting 10 threads for group Thread Group. Ramp up = 0. 
2006/06/02 10:48:52 INFO  - jmeter.engine.StandardJMeterEngine: Continue on error 
2006/06/02 10:48:53 INFO  - jmeter.threads.JMeterThread: Thread Thread Group 1-1 started 
2006/06/02 10:48:53 INFO  - jmeter.threads.JMeterThread: Thread Thread Group 1-2 started 
2006/06/02 10:48:53 INFO  - jmeter.threads.JMeterThread: Thread Thread Group 1-3 started 
2006/06/02 10:48:53 INFO  - jmeter.threads.JMeterThread: Thread Thread Group 1-4 started 
2006/06/02 10:48:53 INFO  - jmeter.threads.JMeterThread: Thread Thread Group 1-5 started 
2006/06/02 10:48:53 INFO  - jmeter.threads.JMeterThread: Thread Thread Group 1-6 started 
2006/06/02 10:48:53 INFO  - jmeter.threads.JMeterThread: Thread Thread Group 1-7 started 
2006/06/02 10:48:53 INFO  - jmeter.threads.JMeterThread: Thread Thread Group 1-8 started 
2006/06/02 10:48:53 INFO  - jmeter.threads.JMeterThread: Thread Thread Group 1-9 started 
2006/06/02 10:48:53 INFO  - jmeter.threads.JMeterThread: Thread Thread Group 1-10 started 
2006/06/02 10:50:34 INFO  - jmeter.threads.JMeterThread: Thread Thread Group 1-4 is done 
2006/06/02 10:50:34 INFO  - jmeter.engine.StandardJMeterEngine: Ending thread 3 
2006/06/02 10:50:51 INFO  - jmeter.threads.JMeterThread: Thread Thread Group 1-1 is done 
2006/06/02 10:50:51 INFO  - jmeter.engine.StandardJMeterEngine: Ending thread 0 
2006/06/02 10:50:52 INFO  - jmeter.threads.JMeterThread: Thread Thread Group 1-5 is done 
2006/06/02 10:50:52 INFO  - jmeter.engine.StandardJMeterEngine: Ending thread 4 
2006/06/02 10:51:03 INFO  - jmeter.threads.JMeterThread: Thread Thread Group 1-9 is done 
2006/06/02 10:51:03 INFO  - jmeter.engine.StandardJMeterEngine: Ending thread 8 
2006/06/02 10:51:03 INFO  - jmeter.threads.JMeterThread: Thread Thread Group 1-2 is done 
2006/06/02 10:51:03 INFO  - jmeter.engine.StandardJMeterEngine: Ending thread 1 
2006/06/02 10:51:04 INFO  - jmeter.threads.JMeterThread: Thread Thread Group 1-7 is done 
2006/06/02 10:51:04 INFO  - jmeter.engine.StandardJMeterEngine: Ending thread 6 
2006/06/02 10:51:07 INFO  - jmeter.threads.JMeterThread: Thread Thread Group 1-3 is done 
2006/06/02 10:51:07 INFO  - jmeter.engine.StandardJMeterEngine: Ending thread 2 
2006/06/02 10:51:11 INFO  - jmeter.threads.JMeterThread: Thread Thread Group 1-10 is done 
2006/06/02 10:51:11 INFO  - jmeter.engine.StandardJMeterEngine: Ending thread 9 
2006/06/02 10:51:12 INFO  - jmeter.threads.JMeterThread: Thread Thread Group 1-8 is done 
2006/06/02 10:51:12 INFO  - jmeter.engine.StandardJMeterEngine: Ending thread 7 
2006/06/02 10:51:13 INFO  - jmeter.threads.JMeterThread: Thread Thread Group 1-6 is done 
2006/06/02 10:51:13 INFO  - jmeter.engine.StandardJMeterEngine: Ending thread 5 
2006/06/02 10:51:13 INFO  - jmeter.engine.StandardJMeterEngine: Stopping test 
2006/06/02 10:51:13 INFO  - jmeter.engine.StandardJMeterEngine: Notifying test listeners of end of test 
2006/06/02 10:51:13 INFO  - jmeter.gui.util.JMeterMenuBar: setRunning(false,local) 
2006/06/02 10:51:13 INFO  - jmeter.engine.StandardJMeterEngine: Test has ended 
2006/06/02 10:52:03 INFO  - jmeter.engine.StandardJMeterEngine: Running the test! 
2006/06/02 10:52:03 INFO  - jmeter.gui.util.JMeterMenuBar: setRunning(true,local) 
2006/06/02 10:52:03 INFO  - jmeter.engine.StandardJMeterEngine: Starting 15 threads for group Thread Group. Ramp up = 0. 
2006/06/02 10:52:03 INFO  - jmeter.engine.StandardJMeterEngine: Continue on error 
2006/06/02 10:52:03 INFO  - jmeter.threads.JMeterThread: Thread Thread Group 1-1 started 
2006/06/02 10:52:03 INFO  - jmeter.threads.JMeterThread: Thread Thread Group 1-2 started 
2006/06/02 10:52:03 INFO  - jmeter.threads.JMeterThread: Thread Thread Group 1-3 started 
2006/06/02 10:52:03 INFO  - jmeter.threads.JMeterThread: Thread Thread Group 1-4 started 
2006/06/02 10:52:03 INFO  - jmeter.threads.JMeterThread: Thread Thread Group 1-5 started 
2006/06/02 10:52:03 INFO  - jmeter.threads.JMeterThread: Thread Thread Group 1-6 started 
2006/06/02 10:52:03 INFO  - jmeter.threads.JMeterThread: Thread Thread Group 1-7 started 
2006/06/02 10:52:03 INFO  - jmeter.threads.JMeterThread: Thread Thread Group 1-8 started 
2006/06/02 10:52:03 INFO  - jmeter.threads.JMeterThread: Thread Thread Group 1-9 started 
2006/06/02 10:52:03 INFO  - jmeter.threads.JMeterThread: Thread Thread Group 1-10 started 
2006/06/02 10:52:03 INFO  - jmeter.threads.JMeterThread: Thread Thread Group 1-11 started 
2006/06/02 10:52:03 INFO  - jmeter.threads.JMeterThread: Thread Thread Group 1-12 started 
2006/06/02 10:52:03 INFO  - jmeter.threads.JMeterThread: Thread Thread Group 1-13 started 
2006/06/02 10:52:03 INFO  - jmeter.threads.JMeterThread: Thread Thread Group 1-14 started 
2006/06/02 10:52:03 INFO  - jmeter.threads.JMeterThread: Thread Thread Group 1-15 started 
2006/06/02 10:54:09 INFO  - jmeter.threads.JMeterThread: Thread Thread Group 1-12 is done 
2006/06/02 10:54:09 INFO  - jmeter.engine.StandardJMeterEngine: Ending thread 11 
2006/06/02 10:54:34 INFO  - jmeter.threads.JMeterThread: Thread Thread Group 1-5 is done 
2006/06/02 10:54:34 INFO  - jmeter.engine.StandardJMeterEngine: Ending thread 4 
2006/06/02 10:54:45 INFO  - jmeter.threads.JMeterThread: Thread Thread Group 1-13 is done 
2006/06/02 10:54:45 INFO  - jmeter.engine.StandardJMeterEngine: Ending thread 12 
2006/06/02 10:55:04 INFO  - jmeter.threads.JMeterThread: Thread Thread Group 1-7 is done 
2006/06/02 10:55:04 INFO  - jmeter.engine.StandardJMeterEngine: Ending thread 6 
2006/06/02 10:55:04 INFO  - jmeter.threads.JMeterThread: Thread Thread Group 1-14 is done 
2006/06/02 10:55:04 INFO  - jmeter.engine.StandardJMeterEngine: Ending thread 13 
2006/06/02 10:55:06 INFO  - jmeter.threads.JMeterThread: Thread Thread Group 1-3 is done 
2006/06/02 10:55:06 INFO  - jmeter.engine.StandardJMeterEngine: Ending thread 2 
2006/06/02 10:55:09 INFO  - jmeter.threads.JMeterThread: Thread Thread Group 1-11 is done 
2006/06/02 10:55:09 INFO  - jmeter.engine.StandardJMeterEngine: Ending thread 10 
2006/06/02 10:55:09 INFO  - jmeter.threads.JMeterThread: Thread Thread Group 1-9 is done 
2006/06/02 10:55:09 INFO  - jmeter.engine.StandardJMeterEngine: Ending thread 8 
2006/06/02 10:55:11 INFO  - jmeter.threads.JMeterThread: Thread Thread Group 1-6 is done 
2006/06/02 10:55:11 INFO  - jmeter.engine.StandardJMeterEngine: Ending thread 5 
2006/06/02 10:55:12 INFO  - jmeter.threads.JMeterThread: Thread Thread Group 1-10 is done 
2006/06/02 10:55:12 INFO  - jmeter.engine.StandardJMeterEngine: Ending thread 9 
2006/06/02 10:55:12 INFO  - jmeter.threads.JMeterThread: Thread Thread Group 1-8 is done 
2006/06/02 10:55:12 INFO  - jmeter.engine.StandardJMeterEngine: Ending thread 7 
2006/06/02 10:55:12 INFO  - jmeter.threads.JMeterThread: Thread Thread Group 1-1 is done 
2006/06/02 10:55:12 INFO  - jmeter.engine.StandardJMeterEngine: Ending thread 0 
2006/06/02 10:55:12 INFO  - jmeter.threads.JMeterThread: Thread Thread Group 1-15 is done 
2006/06/02 10:55:12 INFO  - jmeter.engine.StandardJMeterEngine: Ending thread 14 
2006/06/02 10:55:13 INFO  - jmeter.threads.JMeterThread: Thread Thread Group 1-4 is done 
2006/06/02 10:55:13 INFO  - jmeter.engine.StandardJMeterEngine: Ending thread 3 
2006/06/02 10:55:13 INFO  - jmeter.threads.JMeterThread: Thread Thread Group 1-2 is done 
2006/06/02 10:55:13 INFO  - jmeter.engine.StandardJMeterEngine: Ending thread 1 
2006/06/02 10:55:13 INFO  - jmeter.engine.StandardJMeterEngine: Stopping test 
2006/06/02 10:55:13 INFO  - jmeter.engine.StandardJMeterEngine: Notifying test listeners of end of test 
2006/06/02 10:55:13 INFO  - jmeter.gui.util.JMeterMenuBar: setRunning(false,local) 
2006/06/02 10:55:13 INFO  - jmeter.engine.StandardJMeterEngine: Test has ended 
