2011/09/27 10:55:15 INFO  - jmeter.util.JMeterUtils: Setting Locale to en_EN 
2011/09/27 10:55:15 INFO  - jmeter.JMeter: Loading user properties from: /data/decathlon/workspace/jmeter/bin/user.properties 
2011/09/27 10:55:15 INFO  - jmeter.JMeter: Loading system properties from: /data/decathlon/workspace/jmeter/bin/system.properties 
2011/09/27 10:55:15 INFO  - jmeter.JMeter: Copyright (c) 1998-2011 The Apache Software Foundation 
2011/09/27 10:55:15 INFO  - jmeter.JMeter: Version 2.5.1 
2011/09/27 10:55:15 INFO  - jmeter.JMeter: java.version=1.6.0_26 
2011/09/27 10:55:15 INFO  - jmeter.JMeter: java.vm.name=Java HotSpot(TM) 64-Bit Server VM 
2011/09/27 10:55:15 INFO  - jmeter.JMeter: os.name=Mac OS X 
2011/09/27 10:55:15 INFO  - jmeter.JMeter: os.arch=x86_64 
2011/09/27 10:55:15 INFO  - jmeter.JMeter: os.version=10.6.8 
2011/09/27 10:55:15 INFO  - jmeter.JMeter: file.encoding=UTF-8 
2011/09/27 10:55:15 INFO  - jmeter.JMeter: Default Locale=English (EN) 
2011/09/27 10:55:15 INFO  - jmeter.JMeter: JMeter  Locale=English (EN) 
2011/09/27 10:55:15 INFO  - jmeter.JMeter: JMeterHome=/data/decathlon/workspace/jmeter 
2011/09/27 10:55:15 INFO  - jmeter.JMeter: user.dir  =/data/decathlon/workspace/jmeter/bin 
2011/09/27 10:55:15 INFO  - jmeter.JMeter: PWD       =/data/decathlon/workspace/jmeter/bin 
2011/09/27 10:55:15 INFO  - jmeter.JMeter: IP: 192.168.0.14 Name: MBP-PMD.local FullName: 192.168.0.14 
2011/09/27 10:55:15 INFO  - jmeter.JMeter: Loaded icon properties from org/apache/jmeter/images/icon.properties 
2011/09/27 10:55:24 INFO  - jmeter.engine.util.CompoundVariable: Note: Function class names must contain the string: '.functions.' 
2011/09/27 10:55:24 INFO  - jmeter.engine.util.CompoundVariable: Note: Function class names must not contain the string: '.gui.' 
2011/09/27 10:55:24 ERROR - jmeter.gui.action.Help: Couldn't load help file java.io.FileNotFoundException: /data/decathlon/workspace/jmeter/printable_docs/usermanual/component_reference.html (No such file or directory) 
2011/09/27 10:55:25 INFO  - jmeter.util.BSFTestElement: Registering JMeter version of JavaScript engine as work-round for BSF-22 
2011/09/27 10:55:25 INFO  - jmeter.protocol.http.sampler.HTTPSamplerBase: Cannot find .className property for htmlParser, using default 
2011/09/27 10:55:25 INFO  - jmeter.protocol.http.sampler.HTTPSamplerBase: Parser for text/html is  
2011/09/27 10:55:25 INFO  - jmeter.protocol.http.sampler.HTTPSamplerBase: Parser for application/xhtml+xml is  
2011/09/27 10:55:25 INFO  - jmeter.protocol.http.sampler.HTTPSamplerBase: Parser for application/xml is  
2011/09/27 10:55:25 INFO  - jmeter.protocol.http.sampler.HTTPSamplerBase: Parser for text/xml is  
2011/09/27 10:55:25 INFO  - jmeter.protocol.http.sampler.HTTPSamplerBase: Parser for text/vnd.wap.wml is org.apache.jmeter.protocol.http.parser.RegexpHTMLParser 
2011/09/27 10:55:25 INFO  - jmeter.protocol.http.sampler.HTTPSamplerBase: Reuse SSL session context on subsequent iterations: true 
2011/09/27 10:55:26 INFO  - jmeter.protocol.http.control.CookieManager: Settings: Delete null: true Check: true Allow variable: true Save: false Prefix: COOKIE_ 
2011/09/27 10:55:26 INFO  - jmeter.gui.util.MenuFactory: Skipping org.apache.jmeter.protocol.http.modifier.gui.ParamModifierGui 
2011/09/27 10:55:26 INFO  - jmeter.gui.util.MenuFactory: Skipping org.apache.jmeter.protocol.http.modifier.gui.UserParameterModifierGui 
2011/09/27 10:55:28 INFO  - jmeter.samplers.SampleResult: Note: Sample TimeStamps are START times 
2011/09/27 10:55:28 INFO  - jmeter.samplers.SampleResult: sampleresult.default.encoding is set to ISO-8859-1 
2011/09/27 10:55:28 INFO  - jmeter.samplers.SampleResult: sampleresult.useNanoTime=true 
2011/09/27 10:55:30 INFO  - jmeter.services.FileServer: Default base='/data/decathlon/workspace/jmeter/bin' 
2011/09/27 10:55:30 INFO  - jmeter.gui.action.Load: Loading file: /data/jmeter/BUG_51888/SimpleTest.jmx 
2011/09/27 10:55:30 INFO  - jmeter.services.FileServer: Set new base '/data/jmeter/BUG_51888' 
2011/09/27 10:55:30 INFO  - jmeter.save.SaveService: Testplan (JMX) version: 2.2. Testlog (JTL) version: 2.2 
2011/09/27 10:55:30 INFO  - jmeter.save.SaveService: Using SaveService properties file encoding UTF-8 
2011/09/27 10:55:30 INFO  - jmeter.save.SaveService: Using SaveService properties file version 1050447 
2011/09/27 10:55:30 INFO  - jmeter.save.SaveService: Using SaveService properties version 2.1 
2011/09/27 10:55:30 INFO  - jmeter.save.SaveService: All converter versions present and correct 
2011/09/27 10:55:30 INFO  - jmeter.services.FileServer: Set new base='/data/jmeter/BUG_51888' 
2011/09/27 10:55:41 INFO  - jmeter.protocol.http.control.HttpMirrorServer: Creating HttpMirror ... on port 8081 
2011/09/27 10:55:41 INFO  - jmeter.protocol.http.control.HttpMirrorServer: HttpMirror up and running! 
2011/09/27 10:56:11 INFO  - jmeter.protocol.http.control.HttpMirrorServer: HttpMirror Server stopped 
2011/09/27 10:56:18 INFO  - jmeter.engine.StandardJMeterEngine: Listeners will be started after enabling running version 
2011/09/27 10:56:18 INFO  - jmeter.engine.StandardJMeterEngine: To revert to the earlier behaviour, define jmeterengine.startlistenerslater=false 
2011/09/27 10:56:18 INFO  - jmeter.engine.StandardJMeterEngine: Running the test! 
2011/09/27 10:56:18 INFO  - jmeter.gui.util.JMeterMenuBar: setRunning(true,*local*) 
2011/09/27 10:56:18 INFO  - jmeter.engine.StandardJMeterEngine: Starting 3 threads for group Thread Group. 
2011/09/27 10:56:18 INFO  - jmeter.engine.StandardJMeterEngine: Thread will continue on error 
2011/09/27 10:56:18 INFO  - jmeter.threads.JMeterThread: jmeterthread.startearlier=true (see jmeter.properties) 
2011/09/27 10:56:18 INFO  - jmeter.threads.JMeterThread: Running PostProcessors in forward order 
2011/09/27 10:56:18 INFO  - jmeter.engine.StandardJMeterEngine: All threads have been started 
2011/09/27 10:56:18 INFO  - jmeter.threads.JMeterThread: Thread started: Thread Group 1-1 
2011/09/27 10:56:18 INFO  - jmeter.protocol.http.sampler.HTTPHCAbstractImpl: Local host = MBP-PMD.local 
2011/09/27 10:56:18 INFO  - jmeter.protocol.http.sampler.HTTPHC4Impl: HTTP request retry count = 1 
2011/09/27 10:56:18 INFO  - jmeter.protocol.http.sampler.HTTPHC4Impl: Setting up HTTPS TrustAll scheme 
2011/09/27 10:56:23 INFO  - jmeter.threads.JMeterThread: Thread started: Thread Group 1-2 
2011/09/27 10:56:24 INFO  - jmeter.gui.action.Start: Stopping test 
2011/09/27 10:56:24 INFO  - jmeter.threads.JMeterThread: Stopping: Thread Group 1-2 
2011/09/27 10:56:24 WARN  - jmeter.threads.JMeterThread: Interrupting: Thread Group 1-2 sampler: 10 HTTP Request 
2011/09/27 10:56:28 INFO  - jmeter.threads.JMeterThread: Thread started: Thread Group 1-3 
2011/09/27 10:57:31 INFO  - org.apache.jmeter.protocol.http.sampler.HTTPHC4Impl$3: I/O exception (java.net.SocketException) caught when processing request: Connection reset 
2011/09/27 10:57:31 INFO  - org.apache.jmeter.protocol.http.sampler.HTTPHC4Impl$3: Retrying request 
2011/09/27 10:58:27 INFO  - org.apache.jmeter.protocol.http.sampler.HTTPHC4Impl$3: I/O exception (java.net.SocketException) caught when processing request: Connection reset 
2011/09/27 10:58:27 INFO  - org.apache.jmeter.protocol.http.sampler.HTTPHC4Impl$3: Retrying request 
2011/09/27 11:00:11 INFO  - jmeter.threads.JMeterThread: Thread finished: Thread Group 1-2 
2011/09/27 11:00:11 INFO  - jmeter.engine.StandardJMeterEngine: Ending thread Thread Group 1-2 
2011/09/27 11:00:11 INFO  - jmeter.threads.JMeterThread: Thread finished: Thread Group 1-1 
2011/09/27 11:00:11 INFO  - jmeter.engine.StandardJMeterEngine: Ending thread Thread Group 1-1 
2011/09/27 11:00:12 INFO  - jmeter.threads.JMeterThread: Thread finished: Thread Group 1-3 
2011/09/27 11:00:12 INFO  - jmeter.engine.StandardJMeterEngine: Ending thread Thread Group 1-3 
2011/09/27 11:00:12 INFO  - jmeter.engine.StandardJMeterEngine: Notifying test listeners of end of test 
2011/09/27 11:00:12 INFO  - jmeter.gui.util.JMeterMenuBar: setRunning(false,*local*) 
2011/09/27 11:00:12 INFO  - jmeter.engine.StandardJMeterEngine: Test has ended on host null 
