2016/06/01 11:12:00 INFO  - jmeter.util.JMeterUtils: Setting Locale to en_US 
2016/06/01 11:12:00 INFO  - jmeter.JMeter: Loading user properties from: C:\apache-jmeter-3.0\bin\user.properties 
2016/06/01 11:12:00 INFO  - jmeter.JMeter: Loading system properties from: C:\apache-jmeter-3.0\bin\system.properties 
2016/06/01 11:12:00 INFO  - jmeter.JMeter: Copyright (c) 1998-2016 The Apache Software Foundation 
2016/06/01 11:12:00 INFO  - jmeter.JMeter: Version 3.0 r1743807 
2016/06/01 11:12:00 INFO  - jmeter.JMeter: java.version=1.8.0_91 
2016/06/01 11:12:00 INFO  - jmeter.JMeter: java.vm.name=Java HotSpot(TM) 64-Bit Server VM 
2016/06/01 11:12:00 INFO  - jmeter.JMeter: os.name=Windows 7 
2016/06/01 11:12:00 INFO  - jmeter.JMeter: os.arch=amd64 
2016/06/01 11:12:00 INFO  - jmeter.JMeter: os.version=6.1 
2016/06/01 11:12:00 INFO  - jmeter.JMeter: file.encoding=Cp1252 
2016/06/01 11:12:00 INFO  - jmeter.JMeter: Max memory     =523763712 
2016/06/01 11:12:00 INFO  - jmeter.JMeter: Available Processors =4 
2016/06/01 11:12:00 INFO  - jmeter.JMeter: Default Locale=English (United States) 
2016/06/01 11:12:00 INFO  - jmeter.JMeter: JMeter  Locale=English (United States) 
2016/06/01 11:12:00 INFO  - jmeter.JMeter: JMeterHome=C:\apache-jmeter-3.0 
2016/06/01 11:12:00 INFO  - jmeter.JMeter: user.dir  =C:\apache-jmeter-3.0\bin 
2016/06/01 11:12:00 INFO  - jmeter.JMeter: PWD       =C:\apache-jmeter-3.0\bin 
2016/06/01 11:12:00 INFO  - jmeter.JMeter: IP: 192.169.2.129 Name: jefoleypc FullName: jefoleypc.hq.viviport.com 
2016/06/01 11:12:00 INFO  - jmeter.gui.action.LookAndFeelCommand: Using look and feel: javax.swing.plaf.metal.MetalLookAndFeel [Metal, CrossPlatform] 
2016/06/01 11:12:00 INFO  - jmeter.JMeter: Loaded icon properties from org/apache/jmeter/images/icon.properties 
2016/06/01 11:12:01 INFO  - jmeter.engine.util.CompoundVariable: Note: Function class names must contain the string: '.functions.' 
2016/06/01 11:12:01 INFO  - jmeter.engine.util.CompoundVariable: Note: Function class names must not contain the string: '.gui.' 
2016/06/01 11:12:01 INFO  - kg.apc.jmeter.JMeterPluginsUtils: JMeter-Plugins.org v.1.4.0 
2016/06/01 11:12:02 INFO  - jmeter.util.BSFTestElement: Registering JMeter version of JavaScript engine as work-round for BSF-22 
2016/06/01 11:12:02 INFO  - jmeter.protocol.http.sampler.HTTPSamplerBase: Parser for text/html is org.apache.jmeter.protocol.http.parser.LagartoBasedHtmlParser 
2016/06/01 11:12:02 INFO  - jmeter.protocol.http.sampler.HTTPSamplerBase: Parser for application/xhtml+xml is org.apache.jmeter.protocol.http.parser.LagartoBasedHtmlParser 
2016/06/01 11:12:02 INFO  - jmeter.protocol.http.sampler.HTTPSamplerBase: Parser for application/xml is org.apache.jmeter.protocol.http.parser.LagartoBasedHtmlParser 
2016/06/01 11:12:02 INFO  - jmeter.protocol.http.sampler.HTTPSamplerBase: Parser for text/xml is org.apache.jmeter.protocol.http.parser.LagartoBasedHtmlParser 
2016/06/01 11:12:02 INFO  - jmeter.protocol.http.sampler.HTTPSamplerBase: Parser for text/vnd.wap.wml is org.apache.jmeter.protocol.http.parser.RegexpHTMLParser 
2016/06/01 11:12:02 INFO  - jmeter.protocol.http.sampler.HTTPSamplerBase: Parser for text/css is org.apache.jmeter.protocol.http.parser.CssParser 
2016/06/01 11:12:03 INFO  - jorphan.exec.KeyToolUtils: keytool found at 'keytool' 
2016/06/01 11:12:03 INFO  - jmeter.protocol.http.proxy.ProxyControl: HTTP(S) Test Script Recorder SSL Proxy will use keys that support embedded 3rd party resources in file C:\apache-jmeter-3.0\bin\proxyserver.jks 
2016/06/01 11:12:03 INFO  - jmeter.gui.util.MenuFactory: Skipping org.apache.jmeter.protocol.mongodb.config.MongoSourceElement 
2016/06/01 11:12:03 INFO  - jmeter.gui.util.MenuFactory: Skipping org.apache.jmeter.protocol.mongodb.sampler.MongoScriptSampler 
2016/06/01 11:12:03 INFO  - jmeter.gui.util.MenuFactory: Skipping org.apache.jmeter.visualizers.DistributionGraphVisualizer 
2016/06/01 11:12:03 INFO  - jmeter.samplers.SampleResult: Note: Sample TimeStamps are START times 
2016/06/01 11:12:03 INFO  - jmeter.samplers.SampleResult: sampleresult.default.encoding is set to ISO-8859-1 
2016/06/01 11:12:03 INFO  - jmeter.samplers.SampleResult: sampleresult.useNanoTime=true 
2016/06/01 11:12:03 INFO  - jmeter.samplers.SampleResult: sampleresult.nanoThreadSleep=5000 
2016/06/01 11:12:03 INFO  - jmeter.gui.util.MenuFactory: Skipping org.apache.jmeter.visualizers.SplineVisualizer 
2016/06/01 11:12:06 INFO  - jmeter.services.FileServer: Default base='C:\apache-jmeter-3.0\bin' 
2016/06/01 11:12:06 INFO  - jmeter.gui.action.Load: Loading file: C:\jMeterTest\acctMon5User.jmx 
2016/06/01 11:12:06 INFO  - jmeter.services.FileServer: Set new base='C:\jMeterTest' 
2016/06/01 11:12:06 INFO  - jmeter.save.SaveService: Testplan (JMX) version: 2.2. Testlog (JTL) version: 2.2 
2016/06/01 11:12:06 INFO  - jmeter.save.SaveService: Using SaveService properties file encoding UTF-8 
2016/06/01 11:12:06 INFO  - jmeter.save.SaveService: Using SaveService properties version 2.9 
2016/06/01 11:12:06 INFO  - jmeter.save.SaveService: All converter versions present and correct 
2016/06/01 11:12:06 INFO  - jmeter.save.SaveService: Loading file: C:\jMeterTest\acctMon5User.jmx 
2016/06/01 11:12:06 INFO  - jmeter.protocol.http.control.CookieManager: Settings: Delete null: true Check: true Allow variable: true Save: false Prefix: COOKIE_ 
2016/06/01 11:12:06 INFO  - jmeter.services.FileServer: Set new base='C:\jMeterTest' 
2016/06/01 11:12:23 INFO  - jmeter.engine.StandardJMeterEngine: Running the test! 
2016/06/01 11:12:23 INFO  - jmeter.samplers.SampleEvent: List of sample_variables: [] 
2016/06/01 11:12:23 INFO  - jmeter.samplers.SampleEvent: List of sample_variables: [] 
2016/06/01 11:12:23 INFO  - jmeter.gui.util.JMeterMenuBar: setRunning(true,*local*) 
2016/06/01 11:12:23 INFO  - jmeter.engine.StandardJMeterEngine: Starting ThreadGroup: 1 : Thread Group 
2016/06/01 11:12:23 INFO  - jmeter.engine.StandardJMeterEngine: Starting 5 threads for group Thread Group. 
2016/06/01 11:12:23 INFO  - jmeter.engine.StandardJMeterEngine: Test will stop on error 
2016/06/01 11:12:23 INFO  - jmeter.threads.ThreadGroup: Starting thread group number 1 threads 5 ramp-up 60 perThread 12000.0 delayedStart=false 
2016/06/01 11:12:23 INFO  - jmeter.threads.ThreadGroup: Started thread group number 1 
2016/06/01 11:12:23 INFO  - jmeter.engine.StandardJMeterEngine: All thread groups have been started 
2016/06/01 11:12:23 INFO  - jmeter.threads.JMeterThread: Thread started: Thread Group 1-1 
2016/06/01 11:12:23 INFO  - jmeter.services.FileServer: Stored: C:\jMeterTest\userNames.csv 
2016/06/01 11:12:24 INFO  - jmeter.protocol.http.sampler.HTTPHCAbstractImpl: Local host = jefoleypc 
2016/06/01 11:12:24 INFO  - jmeter.protocol.http.sampler.HTTPHC4Impl: HTTP request retry count = 0 
2016/06/01 11:12:25 INFO  - jmeter.threads.JMeterThread: Stop Test detected by thread: Thread Group 1-1 
2016/06/01 11:12:25 INFO  - jmeter.threads.JMeterThread: Thread is done: Thread Group 1-1 
2016/06/01 11:12:25 INFO  - jmeter.threads.JMeterThread: Thread finished: Thread Group 1-1 
2016/06/01 11:12:25 INFO  - jmeter.threads.JMeterThread: Stopping: Thread Group 1-3 
2016/06/01 11:12:25 INFO  - jmeter.threads.JMeterThread: Stopping: Thread Group 1-5 
2016/06/01 11:12:25 INFO  - jmeter.threads.JMeterThread: Stopping: Thread Group 1-2 
2016/06/01 11:12:25 INFO  - jmeter.threads.JMeterThread: Stopping: Thread Group 1-4 
2016/06/01 11:12:25 INFO  - jmeter.threads.JMeterThread: Thread started: Thread Group 1-5 
2016/06/01 11:12:25 INFO  - jmeter.threads.JMeterThread: Thread finished: Thread Group 1-5 
2016/06/01 11:12:25 INFO  - jmeter.threads.JMeterThread: Thread started: Thread Group 1-2 
2016/06/01 11:12:25 INFO  - jmeter.threads.JMeterThread: Thread finished: Thread Group 1-2 
2016/06/01 11:12:25 INFO  - jmeter.threads.JMeterThread: Thread started: Thread Group 1-4 
2016/06/01 11:12:25 INFO  - jmeter.threads.JMeterThread: Thread finished: Thread Group 1-4 
2016/06/01 11:12:25 INFO  - jmeter.threads.JMeterThread: Thread started: Thread Group 1-3 
2016/06/01 11:12:26 INFO  - jmeter.threads.JMeterThread: Thread finished: Thread Group 1-3 
2016/06/01 11:12:26 INFO  - jmeter.engine.StandardJMeterEngine: Notifying test listeners of end of test 
2016/06/01 11:12:26 INFO  - jmeter.services.FileServer: Close: C:\jMeterTest\userNames.csv 
2016/06/01 11:12:26 INFO  - jmeter.gui.util.JMeterMenuBar: setRunning(false,*local*) 
2016/06/01 11:50:17 INFO  - jmeter.engine.StandardJMeterEngine: Running the test! 
2016/06/01 11:50:17 INFO  - jmeter.samplers.SampleEvent: List of sample_variables: [] 
2016/06/01 11:50:17 INFO  - jmeter.gui.util.JMeterMenuBar: setRunning(true,*local*) 
2016/06/01 11:50:17 INFO  - jmeter.engine.StandardJMeterEngine: Starting ThreadGroup: 1 : Thread Group 
2016/06/01 11:50:17 INFO  - jmeter.engine.StandardJMeterEngine: Starting 5 threads for group Thread Group. 
2016/06/01 11:50:17 INFO  - jmeter.engine.StandardJMeterEngine: Test will stop on error 
2016/06/01 11:50:17 INFO  - jmeter.threads.ThreadGroup: Starting thread group number 1 threads 5 ramp-up 60 perThread 12000.0 delayedStart=false 
2016/06/01 11:50:17 INFO  - jmeter.threads.ThreadGroup: Started thread group number 1 
2016/06/01 11:50:17 INFO  - jmeter.engine.StandardJMeterEngine: All thread groups have been started 
2016/06/01 11:50:17 INFO  - jmeter.threads.JMeterThread: Thread started: Thread Group 1-1 
2016/06/01 11:50:17 INFO  - jmeter.services.FileServer: Stored: C:\jMeterTest\userNames.csv 
2016/06/01 11:50:19 INFO  - jmeter.threads.JMeterThread: Stop Test detected by thread: Thread Group 1-1 
2016/06/01 11:50:19 INFO  - jmeter.threads.JMeterThread: Thread is done: Thread Group 1-1 
2016/06/01 11:50:19 INFO  - jmeter.threads.JMeterThread: Thread finished: Thread Group 1-1 
2016/06/01 11:50:19 INFO  - jmeter.threads.JMeterThread: Stopping: Thread Group 1-3 
2016/06/01 11:50:19 INFO  - jmeter.threads.JMeterThread: Stopping: Thread Group 1-2 
2016/06/01 11:50:19 INFO  - jmeter.threads.JMeterThread: Stopping: Thread Group 1-5 
2016/06/01 11:50:19 INFO  - jmeter.threads.JMeterThread: Stopping: Thread Group 1-4 
2016/06/01 11:50:19 INFO  - jmeter.threads.JMeterThread: Thread started: Thread Group 1-5 
2016/06/01 11:50:19 INFO  - jmeter.threads.JMeterThread: Thread finished: Thread Group 1-5 
2016/06/01 11:50:19 INFO  - jmeter.threads.JMeterThread: Thread started: Thread Group 1-3 
2016/06/01 11:50:19 INFO  - jmeter.threads.JMeterThread: Thread finished: Thread Group 1-3 
2016/06/01 11:50:19 INFO  - jmeter.threads.JMeterThread: Thread started: Thread Group 1-4 
2016/06/01 11:50:19 INFO  - jmeter.threads.JMeterThread: Thread started: Thread Group 1-2 
2016/06/01 11:50:19 INFO  - jmeter.threads.JMeterThread: Thread finished: Thread Group 1-4 
2016/06/01 11:50:19 INFO  - jmeter.threads.JMeterThread: Thread finished: Thread Group 1-2 
2016/06/01 11:50:19 INFO  - jmeter.engine.StandardJMeterEngine: Notifying test listeners of end of test 
2016/06/01 11:50:19 INFO  - jmeter.services.FileServer: Close: C:\jMeterTest\userNames.csv 
2016/06/01 11:50:19 INFO  - jmeter.gui.util.JMeterMenuBar: setRunning(false,*local*) 
2016/06/01 12:08:24 INFO  - jmeter.engine.StandardJMeterEngine: Running the test! 
2016/06/01 12:08:24 INFO  - jmeter.samplers.SampleEvent: List of sample_variables: [] 
2016/06/01 12:08:24 INFO  - jmeter.gui.util.JMeterMenuBar: setRunning(true,*local*) 
2016/06/01 12:08:24 INFO  - jmeter.engine.StandardJMeterEngine: Starting ThreadGroup: 1 : Thread Group 
2016/06/01 12:08:24 INFO  - jmeter.engine.StandardJMeterEngine: Starting 5 threads for group Thread Group. 
2016/06/01 12:08:24 INFO  - jmeter.engine.StandardJMeterEngine: Test will stop on error 
2016/06/01 12:08:24 INFO  - jmeter.threads.ThreadGroup: Starting thread group number 1 threads 5 ramp-up 60 perThread 12000.0 delayedStart=false 
2016/06/01 12:08:24 INFO  - jmeter.threads.JMeterThread: Thread started: Thread Group 1-1 
2016/06/01 12:08:24 INFO  - jmeter.services.FileServer: Stored: C:\jMeterTest\userNames.csv 
2016/06/01 12:08:24 INFO  - jmeter.threads.ThreadGroup: Started thread group number 1 
2016/06/01 12:08:24 INFO  - jmeter.engine.StandardJMeterEngine: All thread groups have been started 
2016/06/01 12:08:26 INFO  - jmeter.threads.JMeterThread: Stop Test detected by thread: Thread Group 1-1 
2016/06/01 12:08:26 INFO  - jmeter.threads.JMeterThread: Thread is done: Thread Group 1-1 
2016/06/01 12:08:26 INFO  - jmeter.threads.JMeterThread: Thread finished: Thread Group 1-1 
2016/06/01 12:08:26 INFO  - jmeter.threads.JMeterThread: Stopping: Thread Group 1-5 
2016/06/01 12:08:26 INFO  - jmeter.threads.JMeterThread: Stopping: Thread Group 1-3 
2016/06/01 12:08:26 INFO  - jmeter.threads.JMeterThread: Stopping: Thread Group 1-2 
2016/06/01 12:08:26 INFO  - jmeter.threads.JMeterThread: Stopping: Thread Group 1-4 
2016/06/01 12:08:26 INFO  - jmeter.threads.JMeterThread: Thread started: Thread Group 1-3 
2016/06/01 12:08:26 INFO  - jmeter.threads.JMeterThread: Thread finished: Thread Group 1-3 
2016/06/01 12:08:26 INFO  - jmeter.threads.JMeterThread: Thread started: Thread Group 1-4 
2016/06/01 12:08:26 INFO  - jmeter.threads.JMeterThread: Thread finished: Thread Group 1-4 
2016/06/01 12:08:26 INFO  - jmeter.threads.JMeterThread: Thread started: Thread Group 1-5 
2016/06/01 12:08:26 INFO  - jmeter.threads.JMeterThread: Thread finished: Thread Group 1-5 
2016/06/01 12:08:26 INFO  - jmeter.threads.JMeterThread: Thread started: Thread Group 1-2 
2016/06/01 12:08:26 INFO  - jmeter.threads.JMeterThread: Thread finished: Thread Group 1-2 
2016/06/01 12:08:26 INFO  - jmeter.engine.StandardJMeterEngine: Notifying test listeners of end of test 
2016/06/01 12:08:26 INFO  - jmeter.services.FileServer: Close: C:\jMeterTest\userNames.csv 
2016/06/01 12:08:26 INFO  - jmeter.gui.util.JMeterMenuBar: setRunning(false,*local*) 
2016/06/01 12:12:22 INFO  - jmeter.engine.StandardJMeterEngine: Running the test! 
2016/06/01 12:12:22 INFO  - jmeter.samplers.SampleEvent: List of sample_variables: [] 
2016/06/01 12:12:22 INFO  - jmeter.gui.util.JMeterMenuBar: setRunning(true,*local*) 
2016/06/01 12:12:23 INFO  - jmeter.engine.StandardJMeterEngine: Starting ThreadGroup: 1 : Thread Group 
2016/06/01 12:12:23 INFO  - jmeter.engine.StandardJMeterEngine: Starting 5 threads for group Thread Group. 
2016/06/01 12:12:23 INFO  - jmeter.engine.StandardJMeterEngine: Test will stop on error 
2016/06/01 12:12:23 INFO  - jmeter.threads.ThreadGroup: Starting thread group number 1 threads 5 ramp-up 60 perThread 12000.0 delayedStart=false 
2016/06/01 12:12:23 INFO  - jmeter.threads.JMeterThread: Thread started: Thread Group 1-1 
2016/06/01 12:12:23 INFO  - jmeter.services.FileServer: Stored: C:\jMeterTest\userNames.csv 
2016/06/01 12:12:23 INFO  - jmeter.threads.ThreadGroup: Started thread group number 1 
2016/06/01 12:12:23 INFO  - jmeter.engine.StandardJMeterEngine: All thread groups have been started 
2016/06/01 12:12:24 INFO  - jmeter.threads.JMeterThread: Stop Test detected by thread: Thread Group 1-1 
2016/06/01 12:12:24 INFO  - jmeter.threads.JMeterThread: Thread is done: Thread Group 1-1 
2016/06/01 12:12:24 INFO  - jmeter.threads.JMeterThread: Thread finished: Thread Group 1-1 
2016/06/01 12:12:24 INFO  - jmeter.threads.JMeterThread: Stopping: Thread Group 1-5 
2016/06/01 12:12:24 INFO  - jmeter.threads.JMeterThread: Stopping: Thread Group 1-3 
2016/06/01 12:12:24 INFO  - jmeter.threads.JMeterThread: Stopping: Thread Group 1-4 
2016/06/01 12:12:24 INFO  - jmeter.threads.JMeterThread: Stopping: Thread Group 1-2 
2016/06/01 12:12:25 INFO  - jmeter.threads.JMeterThread: Thread started: Thread Group 1-2 
2016/06/01 12:12:25 INFO  - jmeter.threads.JMeterThread: Thread finished: Thread Group 1-2 
2016/06/01 12:12:25 INFO  - jmeter.threads.JMeterThread: Thread started: Thread Group 1-3 
2016/06/01 12:12:25 INFO  - jmeter.threads.JMeterThread: Thread finished: Thread Group 1-3 
2016/06/01 12:12:25 INFO  - jmeter.threads.JMeterThread: Thread started: Thread Group 1-4 
2016/06/01 12:12:25 INFO  - jmeter.threads.JMeterThread: Thread finished: Thread Group 1-4 
2016/06/01 12:12:25 INFO  - jmeter.threads.JMeterThread: Thread started: Thread Group 1-5 
2016/06/01 12:12:25 INFO  - jmeter.threads.JMeterThread: Thread finished: Thread Group 1-5 
2016/06/01 12:12:25 INFO  - jmeter.engine.StandardJMeterEngine: Notifying test listeners of end of test 
2016/06/01 12:12:25 INFO  - jmeter.services.FileServer: Close: C:\jMeterTest\userNames.csv 
2016/06/01 12:12:25 INFO  - jmeter.gui.util.JMeterMenuBar: setRunning(false,*local*) 
2016/06/01 14:08:23 INFO  - jmeter.services.FileServer: Set new base='C:\jMeterTest' 
2016/06/01 14:08:51 INFO  - jmeter.engine.StandardJMeterEngine: Running the test! 
2016/06/01 14:08:51 INFO  - jmeter.samplers.SampleEvent: List of sample_variables: [] 
2016/06/01 14:08:51 INFO  - jmeter.gui.util.JMeterMenuBar: setRunning(true,*local*) 
2016/06/01 14:08:52 INFO  - jmeter.engine.StandardJMeterEngine: Starting ThreadGroup: 1 : Thread Group 
2016/06/01 14:08:52 INFO  - jmeter.engine.StandardJMeterEngine: Starting 5 threads for group Thread Group. 
2016/06/01 14:08:52 INFO  - jmeter.engine.StandardJMeterEngine: Test will stop on error 
2016/06/01 14:08:52 INFO  - jmeter.threads.ThreadGroup: Starting thread group number 1 threads 5 ramp-up 60 perThread 12000.0 delayedStart=false 
2016/06/01 14:08:52 INFO  - jmeter.threads.JMeterThread: Thread started: Thread Group 1-1 
2016/06/01 14:08:52 INFO  - jmeter.services.FileServer: Stored: C:\jMeterTest\userNames.csv 
2016/06/01 14:08:52 INFO  - jmeter.threads.ThreadGroup: Started thread group number 1 
2016/06/01 14:08:52 INFO  - jmeter.engine.StandardJMeterEngine: All thread groups have been started 
2016/06/01 14:08:53 INFO  - jmeter.threads.JMeterThread: Stop Test detected by thread: Thread Group 1-1 
2016/06/01 14:08:53 INFO  - jmeter.threads.JMeterThread: Thread is done: Thread Group 1-1 
2016/06/01 14:08:53 INFO  - jmeter.threads.JMeterThread: Thread finished: Thread Group 1-1 
2016/06/01 14:08:53 INFO  - jmeter.threads.JMeterThread: Stopping: Thread Group 1-2 
2016/06/01 14:08:53 INFO  - jmeter.threads.JMeterThread: Stopping: Thread Group 1-4 
2016/06/01 14:08:53 INFO  - jmeter.threads.JMeterThread: Stopping: Thread Group 1-5 
2016/06/01 14:08:53 INFO  - jmeter.threads.JMeterThread: Stopping: Thread Group 1-3 
2016/06/01 14:08:54 INFO  - jmeter.threads.JMeterThread: Thread started: Thread Group 1-2 
2016/06/01 14:08:54 INFO  - jmeter.threads.JMeterThread: Thread finished: Thread Group 1-2 
2016/06/01 14:08:54 INFO  - jmeter.threads.JMeterThread: Thread started: Thread Group 1-3 
2016/06/01 14:08:54 INFO  - jmeter.threads.JMeterThread: Thread started: Thread Group 1-5 
2016/06/01 14:08:54 INFO  - jmeter.threads.JMeterThread: Thread finished: Thread Group 1-3 
2016/06/01 14:08:54 INFO  - jmeter.threads.JMeterThread: Thread finished: Thread Group 1-5 
2016/06/01 14:08:54 INFO  - jmeter.threads.JMeterThread: Thread started: Thread Group 1-4 
2016/06/01 14:08:54 INFO  - jmeter.threads.JMeterThread: Thread finished: Thread Group 1-4 
2016/06/01 14:08:54 INFO  - jmeter.engine.StandardJMeterEngine: Notifying test listeners of end of test 
2016/06/01 14:08:54 INFO  - jmeter.services.FileServer: Close: C:\jMeterTest\userNames.csv 
2016/06/01 14:08:54 INFO  - jmeter.gui.util.JMeterMenuBar: setRunning(false,*local*) 
2016/06/01 14:32:44 INFO  - jmeter.services.FileServer: Set new base='C:\jMeterTest' 
2016/06/01 14:33:57 INFO  - jmeter.engine.StandardJMeterEngine: Running the test! 
2016/06/01 14:33:57 INFO  - jmeter.samplers.SampleEvent: List of sample_variables: [] 
2016/06/01 14:33:57 INFO  - jmeter.gui.util.JMeterMenuBar: setRunning(true,*local*) 
2016/06/01 14:33:58 INFO  - jmeter.engine.StandardJMeterEngine: Starting ThreadGroup: 1 : Thread Group 
2016/06/01 14:33:58 INFO  - jmeter.engine.StandardJMeterEngine: Starting 5 threads for group Thread Group. 
2016/06/01 14:33:58 INFO  - jmeter.engine.StandardJMeterEngine: Test will stop on error 
2016/06/01 14:33:58 INFO  - jmeter.threads.ThreadGroup: Starting thread group number 1 threads 5 ramp-up 60 perThread 12000.0 delayedStart=false 
2016/06/01 14:33:58 INFO  - jmeter.threads.JMeterThread: Thread started: Thread Group 1-1 
2016/06/01 14:33:58 INFO  - jmeter.threads.ThreadGroup: Started thread group number 1 
2016/06/01 14:33:58 INFO  - jmeter.engine.StandardJMeterEngine: All thread groups have been started 
2016/06/01 14:33:59 INFO  - jmeter.threads.JMeterThread: Thread is done: Thread Group 1-1 
2016/06/01 14:33:59 INFO  - jmeter.threads.JMeterThread: Thread finished: Thread Group 1-1 
2016/06/01 14:34:10 INFO  - jmeter.threads.JMeterThread: Thread started: Thread Group 1-2 
2016/06/01 14:34:11 INFO  - jmeter.threads.JMeterThread: Thread is done: Thread Group 1-2 
2016/06/01 14:34:11 INFO  - jmeter.threads.JMeterThread: Thread finished: Thread Group 1-2 
2016/06/01 14:34:22 INFO  - jmeter.threads.JMeterThread: Thread started: Thread Group 1-3 
2016/06/01 14:34:23 INFO  - jmeter.threads.JMeterThread: Thread is done: Thread Group 1-3 
2016/06/01 14:34:23 INFO  - jmeter.threads.JMeterThread: Thread finished: Thread Group 1-3 
2016/06/01 14:34:34 INFO  - jmeter.threads.JMeterThread: Thread started: Thread Group 1-4 
2016/06/01 14:34:35 INFO  - jmeter.threads.JMeterThread: Thread is done: Thread Group 1-4 
2016/06/01 14:34:35 INFO  - jmeter.threads.JMeterThread: Thread finished: Thread Group 1-4 
2016/06/01 14:34:46 INFO  - jmeter.threads.JMeterThread: Thread started: Thread Group 1-5 
2016/06/01 14:34:47 INFO  - jmeter.threads.JMeterThread: Thread is done: Thread Group 1-5 
2016/06/01 14:34:47 INFO  - jmeter.threads.JMeterThread: Thread finished: Thread Group 1-5 
2016/06/01 14:34:47 INFO  - jmeter.engine.StandardJMeterEngine: Notifying test listeners of end of test 
2016/06/01 14:34:47 INFO  - jmeter.gui.util.JMeterMenuBar: setRunning(false,*local*) 
2016/06/01 14:36:23 INFO  - jmeter.engine.StandardJMeterEngine: Running the test! 
2016/06/01 14:36:23 INFO  - jmeter.samplers.SampleEvent: List of sample_variables: [] 
2016/06/01 14:36:23 INFO  - jmeter.gui.util.JMeterMenuBar: setRunning(true,*local*) 
2016/06/01 14:36:24 INFO  - jmeter.engine.StandardJMeterEngine: Starting ThreadGroup: 1 : Thread Group 
2016/06/01 14:36:24 INFO  - jmeter.engine.StandardJMeterEngine: Starting 1 threads for group Thread Group. 
2016/06/01 14:36:24 INFO  - jmeter.engine.StandardJMeterEngine: Test will stop on error 
2016/06/01 14:36:24 INFO  - jmeter.threads.ThreadGroup: Starting thread group number 1 threads 1 ramp-up 1 perThread 1000.0 delayedStart=false 
2016/06/01 14:36:24 INFO  - jmeter.threads.ThreadGroup: Started thread group number 1 
2016/06/01 14:36:24 INFO  - jmeter.engine.StandardJMeterEngine: All thread groups have been started 
2016/06/01 14:36:24 INFO  - jmeter.threads.JMeterThread: Thread started: Thread Group 1-1 
2016/06/01 14:36:24 INFO  - jmeter.threads.JMeterThread: Thread is done: Thread Group 1-1 
2016/06/01 14:36:24 INFO  - jmeter.threads.JMeterThread: Thread finished: Thread Group 1-1 
2016/06/01 14:36:24 INFO  - jmeter.engine.StandardJMeterEngine: Notifying test listeners of end of test 
2016/06/01 14:36:24 INFO  - jmeter.gui.util.JMeterMenuBar: setRunning(false,*local*) 
2016/06/01 14:36:49 INFO  - jmeter.services.FileServer: Set new base='C:\jMeterTest' 
