2007/08/11 11:44:41 INFO  - jmeter.engine.StandardJMeterEngine: Running the test! 
2007/08/11 11:44:41 INFO  - jmeter.gui.util.JMeterMenuBar: setRunning(true,local) 
2007/08/11 11:44:41 INFO  - jmeter.engine.StandardJMeterEngine: Starting 1 threads for group Test1. Ramp up = 1. 
2007/08/11 11:44:41 INFO  - jmeter.engine.StandardJMeterEngine: Continue on error 
2007/08/11 11:44:41 INFO  - jmeter.engine.StandardJMeterEngine: Starting 1 threads for group Test2. Ramp up = 1. 
2007/08/11 11:44:41 INFO  - jmeter.engine.StandardJMeterEngine: Continue on error 
2007/08/11 11:44:41 INFO  - jmeter.engine.StandardJMeterEngine: Starting 1 threads for group Test3. Ramp up = 1. 
2007/08/11 11:44:41 INFO  - jmeter.engine.StandardJMeterEngine: Continue on error 
2007/08/11 11:44:41 INFO  - jmeter.engine.StandardJMeterEngine: Starting 1 threads for group Test4. Ramp up = 1. 
2007/08/11 11:44:41 INFO  - jmeter.engine.StandardJMeterEngine: Continue on error 
2007/08/11 11:44:41 INFO  - jmeter.engine.StandardJMeterEngine: Starting 1 threads for group Test5. Ramp up = 1. 
2007/08/11 11:44:41 INFO  - jmeter.engine.StandardJMeterEngine: Continue on error 
2007/08/11 11:44:41 INFO  - jmeter.threads.JMeterThread: Thread Test1 1-1 started 
2007/08/11 11:44:41 INFO  - jmeter.threads.JMeterThread: Thread Test1 1-1 is done 
2007/08/11 11:44:41 INFO  - jmeter.engine.StandardJMeterEngine: Ending thread 0 
2007/08/11 11:44:41 INFO  - jmeter.threads.JMeterThread: Thread Test2 2-1 started 
2007/08/11 11:44:41 INFO  - jmeter.threads.JMeterThread: Thread Test2 2-1 is done 
2007/08/11 11:44:41 INFO  - jmeter.engine.StandardJMeterEngine: Ending thread 0 
2007/08/11 11:44:41 INFO  - jmeter.threads.JMeterThread: Thread Test3 3-1 started 
2007/08/11 11:44:41 INFO  - jmeter.threads.JMeterThread: Thread Test3 3-1 is done 
2007/08/11 11:44:41 INFO  - jmeter.engine.StandardJMeterEngine: Ending thread 0 
2007/08/11 11:44:41 INFO  - jmeter.threads.JMeterThread: Thread Test4 4-1 started 
2007/08/11 11:44:41 INFO  - jmeter.threads.JMeterThread: Thread Test4 4-1 is done 
2007/08/11 11:44:41 INFO  - jmeter.engine.StandardJMeterEngine: Ending thread 0 
2007/08/11 11:44:41 INFO  - jmeter.threads.JMeterThread: Thread Test5 5-1 started 
2007/08/11 11:44:42 INFO  - jmeter.threads.JMeterThread: Thread Test5 5-1 is done 
2007/08/11 11:44:42 INFO  - jmeter.engine.StandardJMeterEngine: Ending thread 0 
2007/08/11 11:44:42 INFO  - jmeter.engine.StandardJMeterEngine: Stopping test 
2007/08/11 11:44:42 INFO  - jmeter.engine.StandardJMeterEngine: Starting 1 threads for group Test6. Ramp up = 1. 
2007/08/11 11:44:42 INFO  - jmeter.engine.StandardJMeterEngine: Continue on error 
2007/08/11 11:44:42 INFO  - jmeter.engine.StandardJMeterEngine: Starting 1 threads for group Test7. Ramp up = 1. 
2007/08/11 11:44:42 INFO  - jmeter.engine.StandardJMeterEngine: Continue on error 
2007/08/11 11:44:42 INFO  - jmeter.engine.StandardJMeterEngine: Starting 1 threads for group Test8. Ramp up = 1. 
2007/08/11 11:44:42 INFO  - jmeter.engine.StandardJMeterEngine: Continue on error 
2007/08/11 11:44:42 INFO  - jmeter.engine.StandardJMeterEngine: Starting 1 threads for group Test9. Ramp up = 1. 
2007/08/11 11:44:42 INFO  - jmeter.engine.StandardJMeterEngine: Continue on error 
2007/08/11 11:44:42 INFO  - jmeter.engine.StandardJMeterEngine: Starting 1 threads for group Test10. Ramp up = 1. 
2007/08/11 11:44:42 INFO  - jmeter.engine.StandardJMeterEngine: Continue on error 
2007/08/11 11:44:42 INFO  - jmeter.engine.StandardJMeterEngine: Starting 1 threads for group Test11. Ramp up = 1. 
2007/08/11 11:44:42 INFO  - jmeter.engine.StandardJMeterEngine: Continue on error 
2007/08/11 11:44:42 INFO  - jmeter.engine.StandardJMeterEngine: Starting 1 threads for group Test12. Ramp up = 1. 
2007/08/11 11:44:42 INFO  - jmeter.engine.StandardJMeterEngine: Continue on error 
2007/08/11 11:44:42 INFO  - jmeter.engine.StandardJMeterEngine: Starting 1 threads for group Test13. Ramp up = 1. 
2007/08/11 11:44:42 INFO  - jmeter.engine.StandardJMeterEngine: Continue on error 
2007/08/11 11:44:42 INFO  - jmeter.engine.StandardJMeterEngine: Starting 1 threads for group Test14. Ramp up = 1. 
2007/08/11 11:44:42 INFO  - jmeter.engine.StandardJMeterEngine: Continue on error 
2007/08/11 11:44:42 INFO  - jmeter.engine.StandardJMeterEngine: Starting 1 threads for group Test15. Ramp up = 1. 
2007/08/11 11:44:42 INFO  - jmeter.engine.StandardJMeterEngine: Continue on error 
2007/08/11 11:44:42 INFO  - jmeter.engine.StandardJMeterEngine: Starting 1 threads for group Test16. Ramp up = 1. 
2007/08/11 11:44:42 INFO  - jmeter.engine.StandardJMeterEngine: Continue on error 
2007/08/11 11:44:42 INFO  - jmeter.engine.StandardJMeterEngine: Starting 1 threads for group Test17. Ramp up = 1. 
2007/08/11 11:44:42 INFO  - jmeter.engine.StandardJMeterEngine: Continue on error 
2007/08/11 11:44:42 INFO  - jmeter.engine.StandardJMeterEngine: Starting 1 threads for group Test18. Ramp up = 1. 
2007/08/11 11:44:42 INFO  - jmeter.engine.StandardJMeterEngine: Continue on error 
2007/08/11 11:44:42 INFO  - jmeter.engine.StandardJMeterEngine: Starting 1 threads for group Test19. Ramp up = 1. 
2007/08/11 11:44:42 INFO  - jmeter.engine.StandardJMeterEngine: Continue on error 
2007/08/11 11:44:42 INFO  - jmeter.engine.StandardJMeterEngine: Starting 1 threads for group Test20. Ramp up = 1. 
2007/08/11 11:44:42 INFO  - jmeter.engine.StandardJMeterEngine: Continue on error 
2007/08/11 11:44:42 INFO  - jmeter.engine.StandardJMeterEngine: Starting 1 threads for group Test21. Ramp up = 1. 
2007/08/11 11:44:42 INFO  - jmeter.engine.StandardJMeterEngine: Continue on error 
2007/08/11 11:44:42 INFO  - jmeter.engine.StandardJMeterEngine: Starting 1 threads for group Test22. Ramp up = 1. 
2007/08/11 11:44:42 INFO  - jmeter.engine.StandardJMeterEngine: Continue on error 
2007/08/11 11:44:42 INFO  - jmeter.engine.StandardJMeterEngine: Starting 1 threads for group Test23. Ramp up = 1. 
2007/08/11 11:44:42 INFO  - jmeter.engine.StandardJMeterEngine: Continue on error 
2007/08/11 11:44:42 INFO  - jmeter.threads.JMeterThread: Stopping Test14 14-1 
2007/08/11 11:44:42 INFO  - jmeter.threads.JMeterThread: Thread Test6 6-1 started 
2007/08/11 11:44:42 INFO  - jmeter.threads.JMeterThread: Thread Test6 6-1 is done 
2007/08/11 11:44:42 INFO  - jmeter.engine.StandardJMeterEngine: Ending thread 0 
2007/08/11 11:44:42 INFO  - jmeter.threads.JMeterThread: Thread Test7 7-1 started 
2007/08/11 11:44:42 INFO  - jmeter.threads.JMeterThread: Thread Test7 7-1 is done 
2007/08/11 11:44:42 INFO  - jmeter.engine.StandardJMeterEngine: Ending thread 0 
2007/08/11 11:44:42 INFO  - jmeter.threads.JMeterThread: Thread Test8 8-1 started 
2007/08/11 11:44:42 INFO  - jmeter.threads.JMeterThread: Thread Test8 8-1 is done 
2007/08/11 11:44:42 INFO  - jmeter.engine.StandardJMeterEngine: Ending thread 0 
2007/08/11 11:44:42 INFO  - jmeter.threads.JMeterThread: Thread Test9 9-1 started 
2007/08/11 11:44:42 INFO  - jmeter.threads.JMeterThread: Thread Test9 9-1 is done 
2007/08/11 11:44:42 INFO  - jmeter.engine.StandardJMeterEngine: Ending thread 0 
2007/08/11 11:44:42 INFO  - jmeter.threads.JMeterThread: Thread Test10 10-1 started 
2007/08/11 11:44:42 INFO  - jmeter.threads.JMeterThread: Thread Test10 10-1 is done 
2007/08/11 11:44:42 INFO  - jmeter.engine.StandardJMeterEngine: Ending thread 0 
2007/08/11 11:44:42 INFO  - jmeter.threads.JMeterThread: Thread Test11 11-1 started 
2007/08/11 11:44:42 INFO  - jmeter.threads.JMeterThread: Thread Test11 11-1 is done 
2007/08/11 11:44:42 INFO  - jmeter.engine.StandardJMeterEngine: Ending thread 0 
2007/08/11 11:44:42 INFO  - jmeter.threads.JMeterThread: Thread Test12 12-1 started 
2007/08/11 11:44:42 INFO  - jmeter.threads.JMeterThread: Thread Test12 12-1 is done 
2007/08/11 11:44:42 INFO  - jmeter.engine.StandardJMeterEngine: Ending thread 0 
2007/08/11 11:44:42 INFO  - jmeter.threads.JMeterThread: Thread Test13 13-1 started 
2007/08/11 11:44:42 INFO  - jmeter.threads.JMeterThread: Thread Test13 13-1 is done 
2007/08/11 11:44:42 INFO  - jmeter.engine.StandardJMeterEngine: Ending thread 0 
2007/08/11 11:44:42 INFO  - jmeter.threads.JMeterThread: Thread Test14 14-1 started 
2007/08/11 11:44:42 INFO  - jmeter.threads.JMeterThread: Thread Test14 14-1 is done 
2007/08/11 11:44:42 INFO  - jmeter.engine.StandardJMeterEngine: Ending thread 0 
2007/08/11 11:44:42 INFO  - jmeter.threads.JMeterThread: Thread Test15 15-1 started 
2007/08/11 11:44:42 INFO  - jmeter.threads.JMeterThread: Thread Test15 15-1 is done 
2007/08/11 11:44:42 INFO  - jmeter.engine.StandardJMeterEngine: Ending thread 0 
2007/08/11 11:44:42 INFO  - jmeter.threads.JMeterThread: Thread Test16 16-1 started 
2007/08/11 11:44:42 INFO  - jmeter.threads.JMeterThread: Thread Test16 16-1 is done 
2007/08/11 11:44:42 INFO  - jmeter.engine.StandardJMeterEngine: Ending thread 0 
2007/08/11 11:44:42 INFO  - jmeter.threads.JMeterThread: Thread Test17 17-1 started 
2007/08/11 11:44:42 INFO  - jmeter.threads.JMeterThread: Thread Test17 17-1 is done 
2007/08/11 11:44:42 INFO  - jmeter.engine.StandardJMeterEngine: Ending thread 0 
2007/08/11 11:44:42 INFO  - jmeter.threads.JMeterThread: Thread Test18 18-1 started 
2007/08/11 11:44:42 INFO  - jmeter.threads.JMeterThread: Thread Test18 18-1 is done 
2007/08/11 11:44:42 INFO  - jmeter.engine.StandardJMeterEngine: Ending thread 0 
2007/08/11 11:44:42 INFO  - jmeter.threads.JMeterThread: Thread Test19 19-1 started 
2007/08/11 11:44:42 INFO  - jmeter.threads.JMeterThread: Thread Test19 19-1 is done 
2007/08/11 11:44:42 INFO  - jmeter.engine.StandardJMeterEngine: Ending thread 0 
2007/08/11 11:44:42 INFO  - jmeter.threads.JMeterThread: Thread Test20 20-1 started 
2007/08/11 11:44:42 INFO  - jmeter.threads.JMeterThread: Thread Test20 20-1 is done 
2007/08/11 11:44:42 INFO  - jmeter.engine.StandardJMeterEngine: Ending thread 0 
2007/08/11 11:44:42 INFO  - jmeter.threads.JMeterThread: Thread Test21 21-1 started 
2007/08/11 11:44:42 INFO  - jmeter.threads.JMeterThread: Thread Test21 21-1 is done 
2007/08/11 11:44:42 INFO  - jmeter.engine.StandardJMeterEngine: Ending thread 0 
2007/08/11 11:44:42 INFO  - jmeter.threads.JMeterThread: Thread Test22 22-1 started 
2007/08/11 11:44:42 INFO  - jmeter.threads.JMeterThread: Thread Test22 22-1 is done 
2007/08/11 11:44:42 INFO  - jmeter.engine.StandardJMeterEngine: Ending thread 0 
2007/08/11 11:44:42 INFO  - jmeter.threads.JMeterThread: Stopping Test9 9-1 
2007/08/11 11:44:42 WARN  - jmeter.engine.StandardJMeterEngine: Lost thread: Test9 9-1 
2007/08/11 11:44:42 INFO  - jmeter.threads.JMeterThread: Stopping Test7 7-1 
2007/08/11 11:44:42 WARN  - jmeter.engine.StandardJMeterEngine: Lost thread: Test7 7-1 
2007/08/11 11:44:42 INFO  - jmeter.threads.JMeterThread: Stopping Test13 13-1 
2007/08/11 11:44:42 WARN  - jmeter.engine.StandardJMeterEngine: Lost thread: Test13 13-1 
2007/08/11 11:44:42 INFO  - jmeter.threads.JMeterThread: Stopping Test6 6-1 
2007/08/11 11:44:42 WARN  - jmeter.engine.StandardJMeterEngine: Lost thread: Test6 6-1 
2007/08/11 11:44:42 INFO  - jmeter.threads.JMeterThread: Stopping Test19 19-1 
2007/08/11 11:44:42 WARN  - jmeter.engine.StandardJMeterEngine: Lost thread: Test19 19-1 
2007/08/11 11:44:42 INFO  - jmeter.threads.JMeterThread: Stopping Test11 11-1 
2007/08/11 11:44:42 WARN  - jmeter.engine.StandardJMeterEngine: Lost thread: Test11 11-1 
2007/08/11 11:44:42 INFO  - jmeter.threads.JMeterThread: Stopping Test23 23-1 
2007/08/11 11:44:42 INFO  - jmeter.threads.JMeterThread: Stopping Test18 18-1 
2007/08/11 11:44:42 WARN  - jmeter.engine.StandardJMeterEngine: Lost thread: Test18 18-1 
2007/08/11 11:44:42 INFO  - jmeter.threads.JMeterThread: Stopping Test10 10-1 
2007/08/11 11:44:42 WARN  - jmeter.engine.StandardJMeterEngine: Lost thread: Test10 10-1 
2007/08/11 11:44:42 INFO  - jmeter.threads.JMeterThread: Stopping Test8 8-1 
2007/08/11 11:44:42 WARN  - jmeter.engine.StandardJMeterEngine: Lost thread: Test8 8-1 
2007/08/11 11:44:42 INFO  - jmeter.threads.JMeterThread: Stopping Test20 20-1 
2007/08/11 11:44:42 WARN  - jmeter.engine.StandardJMeterEngine: Lost thread: Test20 20-1 
2007/08/11 11:44:42 INFO  - jmeter.threads.JMeterThread: Stopping Test16 16-1 
2007/08/11 11:44:42 WARN  - jmeter.engine.StandardJMeterEngine: Lost thread: Test16 16-1 
2007/08/11 11:44:42 INFO  - jmeter.threads.JMeterThread: Stopping Test21 21-1 
2007/08/11 11:44:42 WARN  - jmeter.engine.StandardJMeterEngine: Lost thread: Test21 21-1 
2007/08/11 11:44:42 INFO  - jmeter.threads.JMeterThread: Stopping Test22 22-1 
2007/08/11 11:44:42 WARN  - jmeter.engine.StandardJMeterEngine: Lost thread: Test22 22-1 
2007/08/11 11:44:42 INFO  - jmeter.threads.JMeterThread: Stopping Test12 12-1 
2007/08/11 11:44:42 WARN  - jmeter.engine.StandardJMeterEngine: Lost thread: Test12 12-1 
2007/08/11 11:44:42 INFO  - jmeter.threads.JMeterThread: Stopping Test17 17-1 
2007/08/11 11:44:42 WARN  - jmeter.engine.StandardJMeterEngine: Lost thread: Test17 17-1 
2007/08/11 11:44:42 INFO  - jmeter.threads.JMeterThread: Stopping Test15 15-1 
2007/08/11 11:44:42 WARN  - jmeter.engine.StandardJMeterEngine: Lost thread: Test15 15-1 
2007/08/11 11:44:42 INFO  - jmeter.threads.JMeterThread: Thread Test23 23-1 started 
2007/08/11 11:44:42 INFO  - jmeter.threads.JMeterThread: Thread Test23 23-1 is done 
2007/08/11 11:44:42 INFO  - jmeter.engine.StandardJMeterEngine: Ending thread 0 
2007/08/11 11:44:42 INFO  - jmeter.engine.StandardJMeterEngine: Stopping test 
2007/08/11 11:44:42 INFO  - jmeter.engine.StandardJMeterEngine: Starting 1 threads for group Test24. Ramp up = 1. 
2007/08/11 11:44:42 INFO  - jmeter.engine.StandardJMeterEngine: Continue on error 
2007/08/11 11:44:42 INFO  - jmeter.engine.StandardJMeterEngine: Starting 1 threads for group Test25. Ramp up = 1. 
2007/08/11 11:44:42 INFO  - jmeter.engine.StandardJMeterEngine: Continue on error 
2007/08/11 11:44:42 INFO  - jmeter.engine.StandardJMeterEngine: Notifying test listeners of end of test 
2007/08/11 11:44:42 INFO  - jmeter.gui.util.JMeterMenuBar: setRunning(false,local) 
2007/08/11 11:44:42 INFO  - jmeter.engine.StandardJMeterEngine: Test has ended 






2007/08/11 11:45:58 INFO  - jmeter.engine.StandardJMeterEngine: Running the test! 
2007/08/11 11:45:58 INFO  - jmeter.gui.util.JMeterMenuBar: setRunning(true,local) 
2007/08/11 11:45:58 INFO  - jmeter.engine.StandardJMeterEngine: Starting 1 threads for group Test1. Ramp up = 1. 
2007/08/11 11:45:58 INFO  - jmeter.engine.StandardJMeterEngine: Continue on error 
2007/08/11 11:45:58 INFO  - jmeter.engine.StandardJMeterEngine: Starting 1 threads for group Test2. Ramp up = 1. 
2007/08/11 11:45:58 INFO  - jmeter.engine.StandardJMeterEngine: Continue on error 
2007/08/11 11:45:58 INFO  - jmeter.engine.StandardJMeterEngine: Starting 1 threads for group Test3. Ramp up = 1. 
2007/08/11 11:45:58 INFO  - jmeter.engine.StandardJMeterEngine: Continue on error 
2007/08/11 11:45:58 INFO  - jmeter.engine.StandardJMeterEngine: Starting 1 threads for group Test4. Ramp up = 1. 
2007/08/11 11:45:58 INFO  - jmeter.engine.StandardJMeterEngine: Continue on error 
2007/08/11 11:45:58 INFO  - jmeter.engine.StandardJMeterEngine: Starting 1 threads for group Test5. Ramp up = 1. 
2007/08/11 11:45:58 INFO  - jmeter.engine.StandardJMeterEngine: Continue on error 
2007/08/11 11:45:58 INFO  - jmeter.engine.StandardJMeterEngine: Starting 1 threads for group Test6. Ramp up = 1. 
2007/08/11 11:45:58 INFO  - jmeter.engine.StandardJMeterEngine: Continue on error 
2007/08/11 11:45:58 INFO  - jmeter.engine.StandardJMeterEngine: Starting 1 threads for group Test7. Ramp up = 1. 
2007/08/11 11:45:58 INFO  - jmeter.engine.StandardJMeterEngine: Continue on error 
2007/08/11 11:45:58 INFO  - jmeter.engine.StandardJMeterEngine: Starting 1 threads for group Test8. Ramp up = 1. 
2007/08/11 11:45:58 INFO  - jmeter.engine.StandardJMeterEngine: Continue on error 
2007/08/11 11:45:58 INFO  - jmeter.engine.StandardJMeterEngine: Starting 1 threads for group Test9. Ramp up = 1. 
2007/08/11 11:45:58 INFO  - jmeter.engine.StandardJMeterEngine: Continue on error 
2007/08/11 11:45:58 INFO  - jmeter.engine.StandardJMeterEngine: Starting 1 threads for group Test10. Ramp up = 1. 
2007/08/11 11:45:58 INFO  - jmeter.engine.StandardJMeterEngine: Continue on error 
2007/08/11 11:45:58 INFO  - jmeter.engine.StandardJMeterEngine: Starting 1 threads for group Test11. Ramp up = 1. 
2007/08/11 11:45:58 INFO  - jmeter.engine.StandardJMeterEngine: Continue on error 
2007/08/11 11:45:58 INFO  - jmeter.threads.JMeterThread: Thread Test1 1-1 started 
2007/08/11 11:45:58 INFO  - jmeter.threads.JMeterThread: Thread Test1 1-1 is done 
2007/08/11 11:45:58 INFO  - jmeter.engine.StandardJMeterEngine: Ending thread 0 
2007/08/11 11:45:58 INFO  - jmeter.threads.JMeterThread: Thread Test2 2-1 started 
2007/08/11 11:45:58 INFO  - jmeter.threads.JMeterThread: Thread Test3 3-1 started 
2007/08/11 11:45:58 INFO  - jmeter.threads.JMeterThread: Thread Test4 4-1 started 
2007/08/11 11:45:58 INFO  - jmeter.threads.JMeterThread: Thread Test5 5-1 started 
2007/08/11 11:45:58 INFO  - jmeter.threads.JMeterThread: Thread Test6 6-1 started 
2007/08/11 11:45:58 INFO  - jmeter.threads.JMeterThread: Thread Test7 7-1 started 
2007/08/11 11:45:58 INFO  - jmeter.threads.JMeterThread: Thread Test8 8-1 started 
2007/08/11 11:45:58 INFO  - jmeter.threads.JMeterThread: Thread Test9 9-1 started 
2007/08/11 11:45:58 INFO  - jmeter.threads.JMeterThread: Thread Test10 10-1 started 
2007/08/11 11:45:58 INFO  - jmeter.threads.JMeterThread: Thread Test11 11-1 started 
2007/08/11 11:45:58 INFO  - jmeter.engine.StandardJMeterEngine: Starting 1 threads for group Test12. Ramp up = 1. 
2007/08/11 11:45:58 INFO  - jmeter.engine.StandardJMeterEngine: Continue on error 
2007/08/11 11:45:58 INFO  - jmeter.engine.StandardJMeterEngine: Starting 1 threads for group Test13. Ramp up = 1. 
2007/08/11 11:45:58 INFO  - jmeter.engine.StandardJMeterEngine: Continue on error 
2007/08/11 11:45:58 INFO  - jmeter.engine.StandardJMeterEngine: Starting 1 threads for group Test14. Ramp up = 1. 
2007/08/11 11:45:58 INFO  - jmeter.engine.StandardJMeterEngine: Continue on error 
2007/08/11 11:45:58 INFO  - jmeter.engine.StandardJMeterEngine: Starting 1 threads for group Test15. Ramp up = 1. 
2007/08/11 11:45:58 INFO  - jmeter.engine.StandardJMeterEngine: Continue on error 
2007/08/11 11:45:58 INFO  - jmeter.engine.StandardJMeterEngine: Starting 1 threads for group Test16. Ramp up = 1. 
2007/08/11 11:45:58 INFO  - jmeter.engine.StandardJMeterEngine: Continue on error 
2007/08/11 11:45:58 INFO  - jmeter.engine.StandardJMeterEngine: Starting 1 threads for group Test17. Ramp up = 1. 
2007/08/11 11:45:58 INFO  - jmeter.engine.StandardJMeterEngine: Continue on error 
2007/08/11 11:45:58 INFO  - jmeter.engine.StandardJMeterEngine: Starting 1 threads for group Test18. Ramp up = 1. 
2007/08/11 11:45:58 INFO  - jmeter.engine.StandardJMeterEngine: Continue on error 
2007/08/11 11:45:58 INFO  - jmeter.engine.StandardJMeterEngine: Starting 1 threads for group Test19. Ramp up = 1. 
2007/08/11 11:45:58 INFO  - jmeter.engine.StandardJMeterEngine: Continue on error 
2007/08/11 11:45:58 INFO  - jmeter.engine.StandardJMeterEngine: Starting 1 threads for group Test20. Ramp up = 1. 
2007/08/11 11:45:58 INFO  - jmeter.engine.StandardJMeterEngine: Continue on error 
2007/08/11 11:45:58 INFO  - jmeter.engine.StandardJMeterEngine: Starting 1 threads for group Test21. Ramp up = 1. 
2007/08/11 11:45:58 INFO  - jmeter.engine.StandardJMeterEngine: Continue on error 
2007/08/11 11:45:58 INFO  - jmeter.engine.StandardJMeterEngine: Starting 1 threads for group Test22. Ramp up = 1. 
2007/08/11 11:45:58 INFO  - jmeter.engine.StandardJMeterEngine: Continue on error 
2007/08/11 11:45:58 INFO  - jmeter.engine.StandardJMeterEngine: Starting 1 threads for group Test23. Ramp up = 1. 
2007/08/11 11:45:58 INFO  - jmeter.engine.StandardJMeterEngine: Continue on error 
2007/08/11 11:45:58 INFO  - jmeter.engine.StandardJMeterEngine: Starting 1 threads for group Test24. Ramp up = 1. 
2007/08/11 11:45:58 INFO  - jmeter.engine.StandardJMeterEngine: Continue on error 
2007/08/11 11:45:58 INFO  - jmeter.engine.StandardJMeterEngine: Starting 1 threads for group Test25. Ramp up = 1. 
2007/08/11 11:45:58 INFO  - jmeter.engine.StandardJMeterEngine: Continue on error 
2007/08/11 11:45:58 INFO  - jmeter.threads.JMeterThread: Thread Test5 5-1 is done 
2007/08/11 11:45:58 INFO  - jmeter.engine.StandardJMeterEngine: Ending thread 0 
2007/08/11 11:45:58 INFO  - jmeter.threads.JMeterThread: Thread Test6 6-1 is done 
2007/08/11 11:45:58 INFO  - jmeter.engine.StandardJMeterEngine: Ending thread 0 
2007/08/11 11:45:58 INFO  - jmeter.threads.JMeterThread: Thread Test9 9-1 is done 
2007/08/11 11:45:58 INFO  - jmeter.engine.StandardJMeterEngine: Ending thread 0 
2007/08/11 11:45:58 INFO  - jmeter.threads.JMeterThread: Thread Test10 10-1 is done 
2007/08/11 11:45:58 INFO  - jmeter.engine.StandardJMeterEngine: Ending thread 0 
2007/08/11 11:45:58 INFO  - jmeter.threads.JMeterThread: Thread Test3 3-1 is done 
2007/08/11 11:45:58 INFO  - jmeter.engine.StandardJMeterEngine: Ending thread 0 
2007/08/11 11:45:58 INFO  - jmeter.threads.JMeterThread: Thread Test4 4-1 is done 
2007/08/11 11:45:58 INFO  - jmeter.engine.StandardJMeterEngine: Ending thread 0 
2007/08/11 11:45:58 INFO  - jmeter.threads.JMeterThread: Thread Test7 7-1 is done 
2007/08/11 11:45:58 INFO  - jmeter.engine.StandardJMeterEngine: Ending thread 0 
2007/08/11 11:45:58 INFO  - jmeter.threads.JMeterThread: Thread Test8 8-1 is done 
2007/08/11 11:45:58 INFO  - jmeter.engine.StandardJMeterEngine: Ending thread 0 
2007/08/11 11:45:58 INFO  - jmeter.threads.JMeterThread: Thread Test2 2-1 is done 
2007/08/11 11:45:58 INFO  - jmeter.engine.StandardJMeterEngine: Ending thread 0 
2007/08/11 11:45:58 INFO  - jmeter.threads.JMeterThread: Thread Test11 11-1 is done 
2007/08/11 11:45:58 INFO  - jmeter.engine.StandardJMeterEngine: Ending thread 0 
2007/08/11 11:45:58 INFO  - jmeter.threads.JMeterThread: Thread Test12 12-1 started 
2007/08/11 11:45:58 INFO  - jmeter.threads.JMeterThread: Thread Test12 12-1 is done 
2007/08/11 11:45:58 INFO  - jmeter.engine.StandardJMeterEngine: Ending thread 0 
2007/08/11 11:45:58 INFO  - jmeter.threads.JMeterThread: Thread Test13 13-1 started 
2007/08/11 11:45:58 INFO  - jmeter.threads.JMeterThread: Thread Test13 13-1 is done 
2007/08/11 11:45:58 INFO  - jmeter.engine.StandardJMeterEngine: Ending thread 0 
2007/08/11 11:45:58 INFO  - jmeter.threads.JMeterThread: Thread Test14 14-1 started 
2007/08/11 11:45:58 INFO  - jmeter.threads.JMeterThread: Thread Test14 14-1 is done 
2007/08/11 11:45:58 INFO  - jmeter.engine.StandardJMeterEngine: Ending thread 0 
2007/08/11 11:45:58 INFO  - jmeter.threads.JMeterThread: Thread Test15 15-1 started 
2007/08/11 11:45:58 INFO  - jmeter.threads.JMeterThread: Thread Test15 15-1 is done 
2007/08/11 11:45:58 INFO  - jmeter.engine.StandardJMeterEngine: Ending thread 0 
2007/08/11 11:45:58 INFO  - jmeter.threads.JMeterThread: Thread Test16 16-1 started 
2007/08/11 11:45:58 INFO  - jmeter.threads.JMeterThread: Thread Test16 16-1 is done 
2007/08/11 11:45:58 INFO  - jmeter.engine.StandardJMeterEngine: Ending thread 0 
2007/08/11 11:45:58 INFO  - jmeter.threads.JMeterThread: Thread Test17 17-1 started 
2007/08/11 11:45:58 INFO  - jmeter.threads.JMeterThread: Thread Test17 17-1 is done 
2007/08/11 11:45:58 INFO  - jmeter.engine.StandardJMeterEngine: Ending thread 0 
2007/08/11 11:45:58 INFO  - jmeter.threads.JMeterThread: Thread Test18 18-1 started 
2007/08/11 11:45:58 INFO  - jmeter.threads.JMeterThread: Thread Test18 18-1 is done 
2007/08/11 11:45:58 INFO  - jmeter.engine.StandardJMeterEngine: Ending thread 0 
2007/08/11 11:45:58 INFO  - jmeter.threads.JMeterThread: Thread Test19 19-1 started 
2007/08/11 11:45:58 INFO  - jmeter.threads.JMeterThread: Thread Test19 19-1 is done 
2007/08/11 11:45:58 INFO  - jmeter.engine.StandardJMeterEngine: Ending thread 0 
2007/08/11 11:45:58 INFO  - jmeter.threads.JMeterThread: Thread Test20 20-1 started 
2007/08/11 11:45:58 INFO  - jmeter.threads.JMeterThread: Thread Test20 20-1 is done 
2007/08/11 11:45:58 INFO  - jmeter.engine.StandardJMeterEngine: Ending thread 0 
2007/08/11 11:45:58 INFO  - jmeter.threads.JMeterThread: Thread Test21 21-1 started 
2007/08/11 11:45:58 INFO  - jmeter.threads.JMeterThread: Thread Test21 21-1 is done 
2007/08/11 11:45:58 INFO  - jmeter.engine.StandardJMeterEngine: Ending thread 0 
2007/08/11 11:45:58 INFO  - jmeter.threads.JMeterThread: Thread Test22 22-1 started 
2007/08/11 11:45:58 INFO  - jmeter.threads.JMeterThread: Thread Test22 22-1 is done 
2007/08/11 11:45:58 INFO  - jmeter.engine.StandardJMeterEngine: Ending thread 0 
2007/08/11 11:45:58 INFO  - jmeter.threads.JMeterThread: Thread Test23 23-1 started 
2007/08/11 11:45:58 INFO  - jmeter.threads.JMeterThread: Thread Test23 23-1 is done 
2007/08/11 11:45:58 INFO  - jmeter.engine.StandardJMeterEngine: Ending thread 0 
2007/08/11 11:45:58 INFO  - jmeter.threads.JMeterThread: Thread Test24 24-1 started 
2007/08/11 11:45:58 INFO  - jmeter.threads.JMeterThread: Thread Test24 24-1 is done 
2007/08/11 11:45:58 INFO  - jmeter.engine.StandardJMeterEngine: Ending thread 0 
2007/08/11 11:45:58 INFO  - jmeter.threads.JMeterThread: Thread Test25 25-1 started 
2007/08/11 11:45:59 INFO  - jmeter.threads.JMeterThread: Thread Test25 25-1 is done 
2007/08/11 11:45:59 INFO  - jmeter.engine.StandardJMeterEngine: Ending thread 0 
2007/08/11 11:45:59 INFO  - jmeter.engine.StandardJMeterEngine: Stopping test 
2007/08/11 11:45:59 INFO  - jmeter.engine.StandardJMeterEngine: Notifying test listeners of end of test 
2007/08/11 11:45:59 INFO  - jmeter.gui.util.JMeterMenuBar: setRunning(false,local) 
2007/08/11 11:45:59 INFO  - jmeter.engine.StandardJMeterEngine: Test has ended 
