2014/03/26 11:01:06 INFO  - jmeter.util.JMeterUtils: Setting Locale to en_US 
2014/03/26 11:01:06 INFO  - jmeter.JMeter: Loading user properties from: /home/paulbaker/local/apache-jmeter-2.11/bin/user.properties 
2014/03/26 11:01:06 INFO  - jmeter.JMeter: Loading system properties from: /home/paulbaker/local/apache-jmeter-2.11/bin/system.properties 
2014/03/26 11:01:06 INFO  - jmeter.JMeter: Copyright (c) 1998-2014 The Apache Software Foundation 
2014/03/26 11:01:06 INFO  - jmeter.JMeter: Version 2.11 r1554548 
2014/03/26 11:01:06 INFO  - jmeter.JMeter: java.version=1.7.0_51 
2014/03/26 11:01:06 INFO  - jmeter.JMeter: java.vm.name=Java HotSpot(TM) 64-Bit Server VM 
2014/03/26 11:01:06 INFO  - jmeter.JMeter: os.name=Linux 
2014/03/26 11:01:06 INFO  - jmeter.JMeter: os.arch=amd64 
2014/03/26 11:01:06 INFO  - jmeter.JMeter: os.version=3.11.0-18-generic 
2014/03/26 11:01:06 INFO  - jmeter.JMeter: file.encoding=UTF-8 
2014/03/26 11:01:06 INFO  - jmeter.JMeter: Default Locale=English (United States) 
2014/03/26 11:01:06 INFO  - jmeter.JMeter: JMeter  Locale=English (United States) 
2014/03/26 11:01:06 INFO  - jmeter.JMeter: JMeterHome=/home/paulbaker/local/apache-jmeter-2.11 
2014/03/26 11:01:06 INFO  - jmeter.JMeter: user.dir  =/home/paulbaker/LoadTest/Tests/Overstock/JMeterShoppingSite 
2014/03/26 11:01:06 INFO  - jmeter.JMeter: PWD       =/home/paulbaker/LoadTest/Tests/Overstock/JMeterShoppingSite 
2014/03/26 11:01:06 INFO  - jmeter.JMeter: IP: 10.2.21.6 Name: ostk-ubuntu FullName: ostk-ubuntu.overstock.com 
2014/03/26 11:01:06 INFO  - jmeter.JMeter: Loaded icon properties from org/apache/jmeter/images/icon.properties 
2014/03/26 11:01:06 INFO  - jmeter.engine.util.CompoundVariable: Note: Function class names must contain the string: '.functions.' 
2014/03/26 11:01:06 INFO  - jmeter.engine.util.CompoundVariable: Note: Function class names must not contain the string: '.gui.' 
2014/03/26 11:01:07 INFO  - jmeter.gui.action.LookAndFeelCommand: Using look and feel: javax.swing.plaf.metal.MetalLookAndFeel [Metal, CrossPlatform] 
2014/03/26 11:01:07 INFO  - jmeter.JMeter: Loading file: JmeterShoppingSite.jmx 
2014/03/26 11:01:07 INFO  - jmeter.services.FileServer: Default base='/home/paulbaker/LoadTest/Tests/Overstock/JMeterShoppingSite' 
2014/03/26 11:01:07 INFO  - jmeter.services.FileServer: Set new base='/home/paulbaker/LoadTest/Tests/Overstock/JMeterShoppingSite' 
2014/03/26 11:01:07 INFO  - jmeter.save.SaveService: Testplan (JMX) version: 2.2. Testlog (JTL) version: 2.2 
2014/03/26 11:01:07 INFO  - jmeter.save.SaveService: Using SaveService properties file encoding UTF-8 
2014/03/26 11:01:07 INFO  - jmeter.save.SaveService: Using SaveService properties version 2.6 
2014/03/26 11:01:07 INFO  - jmeter.save.SaveService: Using SaveService properties file version 1554411 
2014/03/26 11:01:07 INFO  - jmeter.save.SaveService: All converter versions present and correct 
2014/03/26 11:01:07 INFO  - jmeter.gui.util.MenuFactory: Skipping kg.apc.jmeter.config.VariablesFromCSVFile 
2014/03/26 11:01:07 INFO  - jmeter.protocol.http.control.CookieManager: Settings: Delete null: true Check: true Allow variable: true Save: false Prefix: COOKIE_ 
2014/03/26 11:01:07 INFO  - jmeter.protocol.http.sampler.HTTPSamplerBase: Cannot find .className property for htmlParser, using default 
2014/03/26 11:01:07 INFO  - jmeter.protocol.http.sampler.HTTPSamplerBase: Parser for text/html is  
2014/03/26 11:01:07 INFO  - jmeter.protocol.http.sampler.HTTPSamplerBase: Parser for application/xhtml+xml is  
2014/03/26 11:01:07 INFO  - jmeter.protocol.http.sampler.HTTPSamplerBase: Parser for application/xml is  
2014/03/26 11:01:07 INFO  - jmeter.protocol.http.sampler.HTTPSamplerBase: Parser for text/xml is  
2014/03/26 11:01:07 INFO  - jmeter.protocol.http.sampler.HTTPSamplerBase: Parser for text/vnd.wap.wml is org.apache.jmeter.protocol.http.parser.RegexpHTMLParser 
2014/03/26 11:01:08 INFO  - jmeter.util.BSFTestElement: Registering JMeter version of JavaScript engine as work-round for BSF-22 
2014/03/26 11:01:08 INFO  - jmeter.services.FileServer: Set new base='/home/paulbaker/LoadTest/Tests/Overstock/JMeterShoppingSite' 
2014/03/26 11:01:08 INFO  - jmeter.threads.JMeterThread: jmeterthread.startearlier=true (see jmeter.properties) 
2014/03/26 11:01:08 INFO  - jmeter.threads.JMeterThread: Running PostProcessors in forward order 
2014/03/26 11:01:08 INFO  - jmeter.gui.util.MenuFactory: Skipping org.apache.jmeter.protocol.http.control.gui.WebServiceSamplerGui 
2014/03/26 11:01:08 INFO  - jmeter.gui.util.MenuFactory: Skipping org.apache.jmeter.protocol.http.modifier.gui.ParamModifierGui 
2014/03/26 11:01:08 INFO  - jorphan.exec.KeyToolUtils: keytool found at 'keytool' 
2014/03/26 11:01:08 INFO  - jmeter.protocol.http.proxy.ProxyControl: HTTP(S) Test Script Recorder SSL Proxy will use keys that support embedded 3rd party resources in file /home/paulbaker/local/apache-jmeter-2.11/bin/proxyserver.jks 
2014/03/26 11:01:08 INFO  - jmeter.samplers.SampleResult: Note: Sample TimeStamps are START times 
2014/03/26 11:01:08 INFO  - jmeter.samplers.SampleResult: sampleresult.default.encoding is set to ISO-8859-1 
2014/03/26 11:01:08 INFO  - jmeter.samplers.SampleResult: sampleresult.useNanoTime=true 
2014/03/26 11:01:08 INFO  - jmeter.samplers.SampleResult: sampleresult.nanoThreadSleep=5000 
2014/03/26 11:02:41 ERROR - jmeter.gui.action.Copy: Clipboard node read error:Owner failed to convert data java.io.IOException: Owner failed to convert data
	at sun.awt.X11.XSelection.validateDataGetter(XSelection.java:444)
	at sun.awt.X11.XSelection.getData(XSelection.java:378)
	at sun.awt.X11.XClipboard.getClipboardData(XClipboard.java:120)
	at sun.awt.datatransfer.SunClipboard.getData(SunClipboard.java:228)
	at org.apache.jmeter.gui.action.Copy.getCopiedNodes(Copy.java:73)
	at org.apache.jmeter.gui.action.Paste.doAction(Paste.java:62)
	at org.apache.jmeter.gui.action.ActionRouter.performAction(ActionRouter.java:81)
	at org.apache.jmeter.gui.action.ActionRouter.doActionNow(ActionRouter.java:114)
	at org.apache.jmeter.gui.tree.JMeterTreeListener.keyPressed(JMeterTreeListener.java:205)
	at java.awt.AWTEventMulticaster.keyPressed(AWTEventMulticaster.java:250)
	at java.awt.AWTEventMulticaster.keyPressed(AWTEventMulticaster.java:249)
	at java.awt.Component.processKeyEvent(Component.java:6463)
	at javax.swing.JComponent.processKeyEvent(JComponent.java:2828)
	at java.awt.Component.processEvent(Component.java:6282)
	at java.awt.Container.processEvent(Container.java:2229)
	at java.awt.Component.dispatchEventImpl(Component.java:4861)
	at java.awt.Container.dispatchEventImpl(Container.java:2287)
	at java.awt.Component.dispatchEvent(Component.java:4687)
	at java.awt.KeyboardFocusManager.redispatchEvent(KeyboardFocusManager.java:1895)
	at java.awt.DefaultKeyboardFocusManager.dispatchKeyEvent(DefaultKeyboardFocusManager.java:762)
	at java.awt.DefaultKeyboardFocusManager.preDispatchKeyEvent(DefaultKeyboardFocusManager.java:1027)
	at java.awt.DefaultKeyboardFocusManager.typeAheadAssertions(DefaultKeyboardFocusManager.java:899)
	at java.awt.DefaultKeyboardFocusManager.dispatchEvent(DefaultKeyboardFocusManager.java:727)
	at java.awt.Component.dispatchEventImpl(Component.java:4731)
	at java.awt.Container.dispatchEventImpl(Container.java:2287)
	at java.awt.Window.dispatchEventImpl(Window.java:2719)
	at java.awt.Component.dispatchEvent(Component.java:4687)
	at java.awt.EventQueue.dispatchEventImpl(EventQueue.java:735)
	at java.awt.EventQueue.access$200(EventQueue.java:103)
	at java.awt.EventQueue$3.run(EventQueue.java:694)
	at java.awt.EventQueue$3.run(EventQueue.java:692)
	at java.security.AccessController.doPrivileged(Native Method)
	at java.security.ProtectionDomain$1.doIntersectionPrivilege(ProtectionDomain.java:76)
	at java.security.ProtectionDomain$1.doIntersectionPrivilege(ProtectionDomain.java:87)
	at java.awt.EventQueue$4.run(EventQueue.java:708)
	at java.awt.EventQueue$4.run(EventQueue.java:706)
	at java.security.AccessController.doPrivileged(Native Method)
	at java.security.ProtectionDomain$1.doIntersectionPrivilege(ProtectionDomain.java:76)
	at java.awt.EventQueue.dispatchEvent(EventQueue.java:705)
	at java.awt.EventDispatchThread.pumpOneEventForFilters(EventDispatchThread.java:242)
	at java.awt.EventDispatchThread.pumpEventsForFilter(EventDispatchThread.java:161)
	at java.awt.EventDispatchThread.pumpEventsForHierarchy(EventDispatchThread.java:150)
	at java.awt.EventDispatchThread.pumpEvents(EventDispatchThread.java:146)
	at java.awt.EventDispatchThread.pumpEvents(EventDispatchThread.java:138)
	at java.awt.EventDispatchThread.run(EventDispatchThread.java:91)

2014/03/26 11:03:20 ERROR - jmeter.gui.action.Copy: Clipboard node read error:Owner failed to convert data java.io.IOException: Owner failed to convert data
	at sun.awt.X11.XSelection.validateDataGetter(XSelection.java:444)
	at sun.awt.X11.XSelection.getData(XSelection.java:378)
	at sun.awt.X11.XClipboard.getClipboardData(XClipboard.java:120)
	at sun.awt.datatransfer.SunClipboard.getData(SunClipboard.java:228)
	at org.apache.jmeter.gui.action.Copy.getCopiedNodes(Copy.java:73)
	at org.apache.jmeter.gui.action.Paste.doAction(Paste.java:62)
	at org.apache.jmeter.gui.action.ActionRouter.performAction(ActionRouter.java:81)
	at org.apache.jmeter.gui.action.ActionRouter.doActionNow(ActionRouter.java:114)
	at org.apache.jmeter.gui.tree.JMeterTreeListener.keyPressed(JMeterTreeListener.java:205)
	at java.awt.AWTEventMulticaster.keyPressed(AWTEventMulticaster.java:250)
	at java.awt.AWTEventMulticaster.keyPressed(AWTEventMulticaster.java:249)
	at java.awt.Component.processKeyEvent(Component.java:6463)
	at javax.swing.JComponent.processKeyEvent(JComponent.java:2828)
	at java.awt.Component.processEvent(Component.java:6282)
	at java.awt.Container.processEvent(Container.java:2229)
	at java.awt.Component.dispatchEventImpl(Component.java:4861)
	at java.awt.Container.dispatchEventImpl(Container.java:2287)
	at java.awt.Component.dispatchEvent(Component.java:4687)
	at java.awt.KeyboardFocusManager.redispatchEvent(KeyboardFocusManager.java:1895)
	at java.awt.DefaultKeyboardFocusManager.dispatchKeyEvent(DefaultKeyboardFocusManager.java:762)
	at java.awt.DefaultKeyboardFocusManager.preDispatchKeyEvent(DefaultKeyboardFocusManager.java:1027)
	at java.awt.DefaultKeyboardFocusManager.typeAheadAssertions(DefaultKeyboardFocusManager.java:899)
	at java.awt.DefaultKeyboardFocusManager.dispatchEvent(DefaultKeyboardFocusManager.java:727)
	at java.awt.Component.dispatchEventImpl(Component.java:4731)
	at java.awt.Container.dispatchEventImpl(Container.java:2287)
	at java.awt.Window.dispatchEventImpl(Window.java:2719)
	at java.awt.Component.dispatchEvent(Component.java:4687)
	at java.awt.EventQueue.dispatchEventImpl(EventQueue.java:735)
	at java.awt.EventQueue.access$200(EventQueue.java:103)
	at java.awt.EventQueue$3.run(EventQueue.java:694)
	at java.awt.EventQueue$3.run(EventQueue.java:692)
	at java.security.AccessController.doPrivileged(Native Method)
	at java.security.ProtectionDomain$1.doIntersectionPrivilege(ProtectionDomain.java:76)
	at java.security.ProtectionDomain$1.doIntersectionPrivilege(ProtectionDomain.java:87)
	at java.awt.EventQueue$4.run(EventQueue.java:708)
	at java.awt.EventQueue$4.run(EventQueue.java:706)
	at java.security.AccessController.doPrivileged(Native Method)
	at java.security.ProtectionDomain$1.doIntersectionPrivilege(ProtectionDomain.java:76)
	at java.awt.EventQueue.dispatchEvent(EventQueue.java:705)
	at java.awt.EventDispatchThread.pumpOneEventForFilters(EventDispatchThread.java:242)
	at java.awt.EventDispatchThread.pumpEventsForFilter(EventDispatchThread.java:161)
	at java.awt.EventDispatchThread.pumpEventsForHierarchy(EventDispatchThread.java:150)
	at java.awt.EventDispatchThread.pumpEvents(EventDispatchThread.java:146)
	at java.awt.EventDispatchThread.pumpEvents(EventDispatchThread.java:138)
	at java.awt.EventDispatchThread.run(EventDispatchThread.java:91)

2014/03/26 11:03:29 ERROR - jmeter.gui.action.Copy: Clipboard node read error:Owner failed to convert data java.io.IOException: Owner failed to convert data
	at sun.awt.X11.XSelection.validateDataGetter(XSelection.java:444)
	at sun.awt.X11.XSelection.getData(XSelection.java:378)
	at sun.awt.X11.XClipboard.getClipboardData(XClipboard.java:120)
	at sun.awt.datatransfer.SunClipboard.getData(SunClipboard.java:228)
	at org.apache.jmeter.gui.action.Copy.getCopiedNodes(Copy.java:73)
	at org.apache.jmeter.gui.action.Paste.doAction(Paste.java:62)
	at org.apache.jmeter.gui.action.ActionRouter.performAction(ActionRouter.java:81)
	at org.apache.jmeter.gui.action.ActionRouter.doActionNow(ActionRouter.java:114)
	at org.apache.jmeter.gui.tree.JMeterTreeListener.keyPressed(JMeterTreeListener.java:205)
	at java.awt.AWTEventMulticaster.keyPressed(AWTEventMulticaster.java:250)
	at java.awt.AWTEventMulticaster.keyPressed(AWTEventMulticaster.java:249)
	at java.awt.Component.processKeyEvent(Component.java:6463)
	at javax.swing.JComponent.processKeyEvent(JComponent.java:2828)
	at java.awt.Component.processEvent(Component.java:6282)
	at java.awt.Container.processEvent(Container.java:2229)
	at java.awt.Component.dispatchEventImpl(Component.java:4861)
	at java.awt.Container.dispatchEventImpl(Container.java:2287)
	at java.awt.Component.dispatchEvent(Component.java:4687)
	at java.awt.KeyboardFocusManager.redispatchEvent(KeyboardFocusManager.java:1895)
	at java.awt.DefaultKeyboardFocusManager.dispatchKeyEvent(DefaultKeyboardFocusManager.java:762)
	at java.awt.DefaultKeyboardFocusManager.preDispatchKeyEvent(DefaultKeyboardFocusManager.java:1027)
	at java.awt.DefaultKeyboardFocusManager.typeAheadAssertions(DefaultKeyboardFocusManager.java:899)
	at java.awt.DefaultKeyboardFocusManager.dispatchEvent(DefaultKeyboardFocusManager.java:727)
	at java.awt.Component.dispatchEventImpl(Component.java:4731)
	at java.awt.Container.dispatchEventImpl(Container.java:2287)
	at java.awt.Window.dispatchEventImpl(Window.java:2719)
	at java.awt.Component.dispatchEvent(Component.java:4687)
	at java.awt.EventQueue.dispatchEventImpl(EventQueue.java:735)
	at java.awt.EventQueue.access$200(EventQueue.java:103)
	at java.awt.EventQueue$3.run(EventQueue.java:694)
	at java.awt.EventQueue$3.run(EventQueue.java:692)
	at java.security.AccessController.doPrivileged(Native Method)
	at java.security.ProtectionDomain$1.doIntersectionPrivilege(ProtectionDomain.java:76)
	at java.security.ProtectionDomain$1.doIntersectionPrivilege(ProtectionDomain.java:87)
	at java.awt.EventQueue$4.run(EventQueue.java:708)
	at java.awt.EventQueue$4.run(EventQueue.java:706)
	at java.security.AccessController.doPrivileged(Native Method)
	at java.security.ProtectionDomain$1.doIntersectionPrivilege(ProtectionDomain.java:76)
	at java.awt.EventQueue.dispatchEvent(EventQueue.java:705)
	at java.awt.EventDispatchThread.pumpOneEventForFilters(EventDispatchThread.java:242)
	at java.awt.EventDispatchThread.pumpEventsForFilter(EventDispatchThread.java:161)
	at java.awt.EventDispatchThread.pumpEventsForHierarchy(EventDispatchThread.java:150)
	at java.awt.EventDispatchThread.pumpEvents(EventDispatchThread.java:146)
	at java.awt.EventDispatchThread.pumpEvents(EventDispatchThread.java:138)
	at java.awt.EventDispatchThread.run(EventDispatchThread.java:91)

2014/03/26 11:15:27 ERROR - jmeter.gui.action.Copy: Clipboard node read error:Owner failed to convert data java.io.IOException: Owner failed to convert data
	at sun.awt.X11.XSelection.validateDataGetter(XSelection.java:444)
	at sun.awt.X11.XSelection.getData(XSelection.java:378)
	at sun.awt.X11.XClipboard.getClipboardData(XClipboard.java:120)
	at sun.awt.datatransfer.SunClipboard.getData(SunClipboard.java:228)
	at org.apache.jmeter.gui.action.Copy.getCopiedNodes(Copy.java:73)
	at org.apache.jmeter.gui.action.Paste.doAction(Paste.java:62)
	at org.apache.jmeter.gui.action.ActionRouter.performAction(ActionRouter.java:81)
	at org.apache.jmeter.gui.action.ActionRouter.doActionNow(ActionRouter.java:114)
	at org.apache.jmeter.gui.tree.JMeterTreeListener.keyPressed(JMeterTreeListener.java:205)
	at java.awt.AWTEventMulticaster.keyPressed(AWTEventMulticaster.java:250)
	at java.awt.AWTEventMulticaster.keyPressed(AWTEventMulticaster.java:249)
	at java.awt.Component.processKeyEvent(Component.java:6463)
	at javax.swing.JComponent.processKeyEvent(JComponent.java:2828)
	at java.awt.Component.processEvent(Component.java:6282)
	at java.awt.Container.processEvent(Container.java:2229)
	at java.awt.Component.dispatchEventImpl(Component.java:4861)
	at java.awt.Container.dispatchEventImpl(Container.java:2287)
	at java.awt.Component.dispatchEvent(Component.java:4687)
	at java.awt.KeyboardFocusManager.redispatchEvent(KeyboardFocusManager.java:1895)
	at java.awt.DefaultKeyboardFocusManager.dispatchKeyEvent(DefaultKeyboardFocusManager.java:762)
	at java.awt.DefaultKeyboardFocusManager.preDispatchKeyEvent(DefaultKeyboardFocusManager.java:1027)
	at java.awt.DefaultKeyboardFocusManager.typeAheadAssertions(DefaultKeyboardFocusManager.java:899)
	at java.awt.DefaultKeyboardFocusManager.dispatchEvent(DefaultKeyboardFocusManager.java:727)
	at java.awt.Component.dispatchEventImpl(Component.java:4731)
	at java.awt.Container.dispatchEventImpl(Container.java:2287)
	at java.awt.Window.dispatchEventImpl(Window.java:2719)
	at java.awt.Component.dispatchEvent(Component.java:4687)
	at java.awt.EventQueue.dispatchEventImpl(EventQueue.java:735)
	at java.awt.EventQueue.access$200(EventQueue.java:103)
	at java.awt.EventQueue$3.run(EventQueue.java:694)
	at java.awt.EventQueue$3.run(EventQueue.java:692)
	at java.security.AccessController.doPrivileged(Native Method)
	at java.security.ProtectionDomain$1.doIntersectionPrivilege(ProtectionDomain.java:76)
	at java.security.ProtectionDomain$1.doIntersectionPrivilege(ProtectionDomain.java:87)
	at java.awt.EventQueue$4.run(EventQueue.java:708)
	at java.awt.EventQueue$4.run(EventQueue.java:706)
	at java.security.AccessController.doPrivileged(Native Method)
	at java.security.ProtectionDomain$1.doIntersectionPrivilege(ProtectionDomain.java:76)
	at java.awt.EventQueue.dispatchEvent(EventQueue.java:705)
	at java.awt.EventDispatchThread.pumpOneEventForFilters(EventDispatchThread.java:242)
	at java.awt.EventDispatchThread.pumpEventsForFilter(EventDispatchThread.java:161)
	at java.awt.EventDispatchThread.pumpEventsForHierarchy(EventDispatchThread.java:150)
	at java.awt.EventDispatchThread.pumpEvents(EventDispatchThread.java:146)
	at java.awt.EventDispatchThread.pumpEvents(EventDispatchThread.java:138)
	at java.awt.EventDispatchThread.run(EventDispatchThread.java:91)

2014/03/26 11:34:58 ERROR - jmeter.gui.action.Copy: Clipboard node read error:Owner failed to convert data java.io.IOException: Owner failed to convert data
	at sun.awt.X11.XSelection.validateDataGetter(XSelection.java:444)
	at sun.awt.X11.XSelection.getData(XSelection.java:378)
	at sun.awt.X11.XClipboard.getClipboardData(XClipboard.java:120)
	at sun.awt.datatransfer.SunClipboard.getData(SunClipboard.java:228)
	at org.apache.jmeter.gui.action.Copy.getCopiedNodes(Copy.java:73)
	at org.apache.jmeter.gui.action.Paste.doAction(Paste.java:62)
	at org.apache.jmeter.gui.action.ActionRouter.performAction(ActionRouter.java:81)
	at org.apache.jmeter.gui.action.ActionRouter.doActionNow(ActionRouter.java:114)
	at org.apache.jmeter.gui.tree.JMeterTreeListener.keyPressed(JMeterTreeListener.java:205)
	at java.awt.AWTEventMulticaster.keyPressed(AWTEventMulticaster.java:250)
	at java.awt.AWTEventMulticaster.keyPressed(AWTEventMulticaster.java:249)
	at java.awt.Component.processKeyEvent(Component.java:6463)
	at javax.swing.JComponent.processKeyEvent(JComponent.java:2828)
	at java.awt.Component.processEvent(Component.java:6282)
	at java.awt.Container.processEvent(Container.java:2229)
	at java.awt.Component.dispatchEventImpl(Component.java:4861)
	at java.awt.Container.dispatchEventImpl(Container.java:2287)
	at java.awt.Component.dispatchEvent(Component.java:4687)
	at java.awt.KeyboardFocusManager.redispatchEvent(KeyboardFocusManager.java:1895)
	at java.awt.DefaultKeyboardFocusManager.dispatchKeyEvent(DefaultKeyboardFocusManager.java:762)
	at java.awt.DefaultKeyboardFocusManager.preDispatchKeyEvent(DefaultKeyboardFocusManager.java:1027)
	at java.awt.DefaultKeyboardFocusManager.typeAheadAssertions(DefaultKeyboardFocusManager.java:899)
	at java.awt.DefaultKeyboardFocusManager.dispatchEvent(DefaultKeyboardFocusManager.java:727)
	at java.awt.Component.dispatchEventImpl(Component.java:4731)
	at java.awt.Container.dispatchEventImpl(Container.java:2287)
	at java.awt.Window.dispatchEventImpl(Window.java:2719)
	at java.awt.Component.dispatchEvent(Component.java:4687)
	at java.awt.EventQueue.dispatchEventImpl(EventQueue.java:735)
	at java.awt.EventQueue.access$200(EventQueue.java:103)
	at java.awt.EventQueue$3.run(EventQueue.java:694)
	at java.awt.EventQueue$3.run(EventQueue.java:692)
	at java.security.AccessController.doPrivileged(Native Method)
	at java.security.ProtectionDomain$1.doIntersectionPrivilege(ProtectionDomain.java:76)
	at java.security.ProtectionDomain$1.doIntersectionPrivilege(ProtectionDomain.java:87)
	at java.awt.EventQueue$4.run(EventQueue.java:708)
	at java.awt.EventQueue$4.run(EventQueue.java:706)
	at java.security.AccessController.doPrivileged(Native Method)
	at java.security.ProtectionDomain$1.doIntersectionPrivilege(ProtectionDomain.java:76)
	at java.awt.EventQueue.dispatchEvent(EventQueue.java:705)
	at java.awt.EventDispatchThread.pumpOneEventForFilters(EventDispatchThread.java:242)
	at java.awt.EventDispatchThread.pumpEventsForFilter(EventDispatchThread.java:161)
	at java.awt.EventDispatchThread.pumpEventsForHierarchy(EventDispatchThread.java:150)
	at java.awt.EventDispatchThread.pumpEvents(EventDispatchThread.java:146)
	at java.awt.EventDispatchThread.pumpEvents(EventDispatchThread.java:138)
	at java.awt.EventDispatchThread.run(EventDispatchThread.java:91)

