2020-06-10 11:36:29,646 INFO o.a.j.u.JMeterUtils: Setting Locale to en_EN
2020-06-10 11:36:29,674 INFO o.a.j.JMeter: Loading user properties from: user.properties
2020-06-10 11:36:29,674 INFO o.a.j.JMeter: Loading system properties from: system.properties
2020-06-10 11:36:29,675 INFO o.a.j.JMeter: Copyright (c) 1998-2020 The Apache Software Foundation
2020-06-10 11:36:29,675 INFO o.a.j.JMeter: Version 5.3.1-SNAPSHOT bf7de5b
2020-06-10 11:36:29,675 INFO o.a.j.JMeter: java.version=1.8.0_211
2020-06-10 11:36:29,675 INFO o.a.j.JMeter: java.vm.name=Java HotSpot(TM) 64-Bit Server VM
2020-06-10 11:36:29,675 INFO o.a.j.JMeter: os.name=Mac OS X
2020-06-10 11:36:29,676 INFO o.a.j.JMeter: os.arch=x86_64
2020-06-10 11:36:29,676 INFO o.a.j.JMeter: os.version=10.14.6
2020-06-10 11:36:29,676 INFO o.a.j.JMeter: file.encoding=UTF-8
2020-06-10 11:36:29,676 INFO o.a.j.JMeter: java.awt.headless=null
2020-06-10 11:36:29,676 INFO o.a.j.JMeter: Max memory     =1073741824
2020-06-10 11:36:29,676 INFO o.a.j.JMeter: Available Processors =12
2020-06-10 11:36:29,684 INFO o.a.j.JMeter: Default Locale=English (EN)
2020-06-10 11:36:29,685 INFO o.a.j.JMeter: JMeter  Locale=English (EN)
2020-06-10 11:36:29,685 INFO o.a.j.JMeter: JMeterHome=/Users/mi185051/apache-jmeter-5.3.1-SNAPSHOT
2020-06-10 11:36:29,685 INFO o.a.j.JMeter: user.dir  =/Users/mi185051/apache-jmeter-5.3.1-SNAPSHOT/bin
2020-06-10 11:36:29,685 INFO o.a.j.JMeter: PWD       =/Users/mi185051/apache-jmeter-5.3.1-SNAPSHOT/bin
2020-06-10 11:36:29,703 INFO o.a.j.JMeter: IP: 192.168.0.13 Name: WINMI185051-8LQ FullName: 192.168.0.13
2020-06-10 11:36:30,475 INFO o.a.j.JMeter: Setting LAF to: com.github.weisj.darklaf.DarkLaf:com.github.weisj.darklaf.theme.IntelliJTheme
2020-06-10 11:36:32,002 INFO o.a.j.JMeter: Loaded icon properties from org/apache/jmeter/images/icon.properties
2020-06-10 11:37:07,187 INFO o.a.j.s.FileServer: Default base='/Users/mi185051/apache-jmeter-5.3.1-SNAPSHOT/bin'
2020-06-10 11:37:07,192 INFO o.a.j.g.a.Load: Loading file: /Users/mi185051/Downloads/Bloomsburynew.jmx
2020-06-10 11:37:07,192 INFO o.a.j.s.FileServer: Set new base='/Users/mi185051/Downloads'
2020-06-10 11:37:07,346 INFO o.a.j.s.SaveService: Testplan (JMX) version: 2.2. Testlog (JTL) version: 2.2
2020-06-10 11:37:07,375 INFO o.a.j.s.SaveService: Using SaveService properties file encoding UTF-8
2020-06-10 11:37:07,376 INFO o.a.j.s.SaveService: Using SaveService properties version 5.0
2020-06-10 11:37:07,379 INFO o.a.j.s.SaveService: Loading file: /Users/mi185051/Downloads/Bloomsburynew.jmx
2020-06-10 11:37:07,413 INFO o.a.j.p.h.c.CookieManager: Settings: Delete null: true Check: true Allow variable: true Save: false Prefix: COOKIE_
2020-06-10 11:37:07,415 INFO o.a.j.p.h.c.CacheManager: Will only cache the following methods: [GET]
2020-06-10 11:37:07,421 INFO o.a.j.p.h.s.HTTPSamplerBase: Parser for text/html is org.apache.jmeter.protocol.http.parser.LagartoBasedHtmlParser
2020-06-10 11:37:07,421 INFO o.a.j.p.h.s.HTTPSamplerBase: Parser for application/xhtml+xml is org.apache.jmeter.protocol.http.parser.LagartoBasedHtmlParser
2020-06-10 11:37:07,421 INFO o.a.j.p.h.s.HTTPSamplerBase: Parser for application/xml is org.apache.jmeter.protocol.http.parser.LagartoBasedHtmlParser
2020-06-10 11:37:07,421 INFO o.a.j.p.h.s.HTTPSamplerBase: Parser for text/xml is org.apache.jmeter.protocol.http.parser.LagartoBasedHtmlParser
2020-06-10 11:37:07,421 INFO o.a.j.p.h.s.HTTPSamplerBase: Parser for text/vnd.wap.wml is org.apache.jmeter.protocol.http.parser.RegexpHTMLParser
2020-06-10 11:37:07,422 INFO o.a.j.p.h.s.HTTPSamplerBase: Parser for text/css is org.apache.jmeter.protocol.http.parser.CssParser
2020-06-10 11:37:09,008 INFO o.a.j.s.SampleResult: Note: Sample TimeStamps are START times
2020-06-10 11:37:09,009 INFO o.a.j.s.SampleResult: sampleresult.default.encoding is set to ISO-8859-1
2020-06-10 11:37:09,009 INFO o.a.j.s.SampleResult: sampleresult.useNanoTime=true
2020-06-10 11:37:09,009 INFO o.a.j.s.SampleResult: sampleresult.nanoThreadSleep=5000
2020-06-10 11:37:09,279 INFO o.a.j.s.FileServer: Set new base='/Users/mi185051/Downloads'
2020-06-10 11:37:14,202 ERROR o.a.j.JMeter: Uncaught exception in thread Thread[AWT-EventQueue-0,6,main]
java.lang.NullPointerException: null
	at com.github.weisj.darklaf.ui.tree.DarkTreeUI$2.actionPerformed(DarkTreeUI.java:225) ~[darklaf-core-2.2.1.jar:2.2.1]
	at javax.swing.SwingUtilities.notifyAction(SwingUtilities.java:1668) ~[?:1.8.0_211]
	at javax.swing.JComponent.processKeyBinding(JComponent.java:2882) ~[?:1.8.0_211]
	at javax.swing.JComponent.processKeyBindings(JComponent.java:2929) ~[?:1.8.0_211]
	at javax.swing.JComponent.processKeyEvent(JComponent.java:2845) ~[?:1.8.0_211]
	at java.awt.Component.processEvent(Component.java:6316) ~[?:1.8.0_211]
	at java.awt.Container.processEvent(Container.java:2239) ~[?:1.8.0_211]
	at java.awt.Component.dispatchEventImpl(Component.java:4889) ~[?:1.8.0_211]
	at java.awt.Container.dispatchEventImpl(Container.java:2297) ~[?:1.8.0_211]
	at java.awt.Component.dispatchEvent(Component.java:4711) ~[?:1.8.0_211]
	at java.awt.KeyboardFocusManager.redispatchEvent(KeyboardFocusManager.java:1954) ~[?:1.8.0_211]
	at java.awt.DefaultKeyboardFocusManager.dispatchKeyEvent(DefaultKeyboardFocusManager.java:835) ~[?:1.8.0_211]
	at java.awt.DefaultKeyboardFocusManager.preDispatchKeyEvent(DefaultKeyboardFocusManager.java:1103) ~[?:1.8.0_211]
	at java.awt.DefaultKeyboardFocusManager.typeAheadAssertions(DefaultKeyboardFocusManager.java:974) ~[?:1.8.0_211]
	at java.awt.DefaultKeyboardFocusManager.dispatchEvent(DefaultKeyboardFocusManager.java:800) ~[?:1.8.0_211]
	at java.awt.Component.dispatchEventImpl(Component.java:4760) ~[?:1.8.0_211]
	at java.awt.Container.dispatchEventImpl(Container.java:2297) ~[?:1.8.0_211]
	at java.awt.Window.dispatchEventImpl(Window.java:2746) ~[?:1.8.0_211]
	at java.awt.Component.dispatchEvent(Component.java:4711) ~[?:1.8.0_211]
	at java.awt.EventQueue.dispatchEventImpl(EventQueue.java:760) ~[?:1.8.0_211]
	at java.awt.EventQueue.access$500(EventQueue.java:97) ~[?:1.8.0_211]
	at java.awt.EventQueue$3.run(EventQueue.java:709) ~[?:1.8.0_211]
	at java.awt.EventQueue$3.run(EventQueue.java:703) ~[?:1.8.0_211]
	at java.security.AccessController.doPrivileged(Native Method) ~[?:1.8.0_211]
	at java.security.ProtectionDomain$JavaSecurityAccessImpl.doIntersectionPrivilege(ProtectionDomain.java:74) ~[?:1.8.0_211]
	at java.security.ProtectionDomain$JavaSecurityAccessImpl.doIntersectionPrivilege(ProtectionDomain.java:84) ~[?:1.8.0_211]
	at java.awt.EventQueue$4.run(EventQueue.java:733) ~[?:1.8.0_211]
	at java.awt.EventQueue$4.run(EventQueue.java:731) ~[?:1.8.0_211]
	at java.security.AccessController.doPrivileged(Native Method) ~[?:1.8.0_211]
	at java.security.ProtectionDomain$JavaSecurityAccessImpl.doIntersectionPrivilege(ProtectionDomain.java:74) ~[?:1.8.0_211]
	at java.awt.EventQueue.dispatchEvent(EventQueue.java:730) ~[?:1.8.0_211]
	at java.awt.EventDispatchThread.pumpOneEventForFilters(EventDispatchThread.java:205) [?:1.8.0_211]
	at java.awt.EventDispatchThread.pumpEventsForFilter(EventDispatchThread.java:116) [?:1.8.0_211]
	at java.awt.EventDispatchThread.pumpEventsForHierarchy(EventDispatchThread.java:105) [?:1.8.0_211]
	at java.awt.EventDispatchThread.pumpEvents(EventDispatchThread.java:101) [?:1.8.0_211]
	at java.awt.EventDispatchThread.pumpEvents(EventDispatchThread.java:93) [?:1.8.0_211]
	at java.awt.EventDispatchThread.run(EventDispatchThread.java:82) [?:1.8.0_211]
2020-06-10 11:37:15,490 ERROR o.a.j.JMeter: Uncaught exception in thread Thread[AWT-EventQueue-0,6,main]
java.lang.NullPointerException: null
	at com.github.weisj.darklaf.ui.tree.DarkTreeUI$2.actionPerformed(DarkTreeUI.java:225) ~[darklaf-core-2.2.1.jar:2.2.1]
	at javax.swing.SwingUtilities.notifyAction(SwingUtilities.java:1668) ~[?:1.8.0_211]
	at javax.swing.JComponent.processKeyBinding(JComponent.java:2882) ~[?:1.8.0_211]
	at javax.swing.JComponent.processKeyBindings(JComponent.java:2929) ~[?:1.8.0_211]
	at javax.swing.JComponent.processKeyEvent(JComponent.java:2845) ~[?:1.8.0_211]
	at java.awt.Component.processEvent(Component.java:6316) ~[?:1.8.0_211]
	at java.awt.Container.processEvent(Container.java:2239) ~[?:1.8.0_211]
	at java.awt.Component.dispatchEventImpl(Component.java:4889) ~[?:1.8.0_211]
	at java.awt.Container.dispatchEventImpl(Container.java:2297) ~[?:1.8.0_211]
	at java.awt.Component.dispatchEvent(Component.java:4711) ~[?:1.8.0_211]
	at java.awt.KeyboardFocusManager.redispatchEvent(KeyboardFocusManager.java:1954) ~[?:1.8.0_211]
	at java.awt.DefaultKeyboardFocusManager.dispatchKeyEvent(DefaultKeyboardFocusManager.java:835) ~[?:1.8.0_211]
	at java.awt.DefaultKeyboardFocusManager.preDispatchKeyEvent(DefaultKeyboardFocusManager.java:1103) ~[?:1.8.0_211]
	at java.awt.DefaultKeyboardFocusManager.typeAheadAssertions(DefaultKeyboardFocusManager.java:974) ~[?:1.8.0_211]
	at java.awt.DefaultKeyboardFocusManager.dispatchEvent(DefaultKeyboardFocusManager.java:800) ~[?:1.8.0_211]
	at java.awt.Component.dispatchEventImpl(Component.java:4760) ~[?:1.8.0_211]
	at java.awt.Container.dispatchEventImpl(Container.java:2297) ~[?:1.8.0_211]
	at java.awt.Window.dispatchEventImpl(Window.java:2746) ~[?:1.8.0_211]
	at java.awt.Component.dispatchEvent(Component.java:4711) ~[?:1.8.0_211]
	at java.awt.EventQueue.dispatchEventImpl(EventQueue.java:760) ~[?:1.8.0_211]
	at java.awt.EventQueue.access$500(EventQueue.java:97) ~[?:1.8.0_211]
	at java.awt.EventQueue$3.run(EventQueue.java:709) ~[?:1.8.0_211]
	at java.awt.EventQueue$3.run(EventQueue.java:703) ~[?:1.8.0_211]
	at java.security.AccessController.doPrivileged(Native Method) ~[?:1.8.0_211]
	at java.security.ProtectionDomain$JavaSecurityAccessImpl.doIntersectionPrivilege(ProtectionDomain.java:74) ~[?:1.8.0_211]
	at java.security.ProtectionDomain$JavaSecurityAccessImpl.doIntersectionPrivilege(ProtectionDomain.java:84) ~[?:1.8.0_211]
	at java.awt.EventQueue$4.run(EventQueue.java:733) ~[?:1.8.0_211]
	at java.awt.EventQueue$4.run(EventQueue.java:731) ~[?:1.8.0_211]
	at java.security.AccessController.doPrivileged(Native Method) ~[?:1.8.0_211]
	at java.security.ProtectionDomain$JavaSecurityAccessImpl.doIntersectionPrivilege(ProtectionDomain.java:74) ~[?:1.8.0_211]
	at java.awt.EventQueue.dispatchEvent(EventQueue.java:730) ~[?:1.8.0_211]
	at java.awt.EventDispatchThread.pumpOneEventForFilters(EventDispatchThread.java:205) [?:1.8.0_211]
	at java.awt.EventDispatchThread.pumpEventsForFilter(EventDispatchThread.java:116) [?:1.8.0_211]
	at java.awt.EventDispatchThread.pumpEventsForHierarchy(EventDispatchThread.java:105) [?:1.8.0_211]
	at java.awt.EventDispatchThread.pumpEvents(EventDispatchThread.java:101) [?:1.8.0_211]
	at java.awt.EventDispatchThread.pumpEvents(EventDispatchThread.java:93) [?:1.8.0_211]
	at java.awt.EventDispatchThread.run(EventDispatchThread.java:82) [?:1.8.0_211]
2020-06-10 11:37:41,249 INFO o.a.j.e.StandardJMeterEngine: Running the test!
2020-06-10 11:37:41,250 INFO o.a.j.s.SampleEvent: List of sample_variables: []
2020-06-10 11:37:41,251 INFO o.a.j.s.SampleEvent: List of sample_variables: []
2020-06-10 11:37:41,252 INFO o.a.j.e.u.CompoundVariable: Note: Function class names must contain the string: '.functions.'
2020-06-10 11:37:41,252 INFO o.a.j.e.u.CompoundVariable: Note: Function class names must not contain the string: '.gui.'
2020-06-10 11:37:41,533 INFO o.a.j.g.u.JMeterMenuBar: setRunning(true, *local*)
2020-06-10 11:37:41,818 INFO o.a.j.e.StandardJMeterEngine: Starting ThreadGroup: 1 : SC_02
2020-06-10 11:37:41,818 INFO o.a.j.e.StandardJMeterEngine: Starting 1 threads for group SC_02.
2020-06-10 11:37:41,818 INFO o.a.j.e.StandardJMeterEngine: Thread will continue on error
2020-06-10 11:37:41,819 INFO o.a.j.t.ThreadGroup: Starting thread group... number=1 threads=1 ramp-up=1 delayedStart=false
2020-06-10 11:37:41,822 INFO o.a.j.t.ThreadGroup: Started thread group number 1
2020-06-10 11:37:41,822 INFO o.a.j.e.StandardJMeterEngine: All thread groups have been started
2020-06-10 11:37:41,826 INFO o.a.j.t.JMeterThread: Thread started: SC_02 1-1
2020-06-10 11:37:41,841 INFO o.a.j.p.h.s.HTTPHCAbstractImpl: Local host = WINMI185051-8LQ
2020-06-10 11:37:41,849 INFO o.a.j.p.h.s.HTTPHC4Impl: HTTP request retry count = 0
2020-06-10 11:37:41,981 INFO o.a.j.p.h.s.h.LazyLayeredConnectionSocketFactory: Setting up HTTPS TrustAll Socket Factory
2020-06-10 11:37:41,985 INFO o.a.j.u.JsseSSLManager: Using default SSL protocol: TLS
2020-06-10 11:37:41,985 INFO o.a.j.u.JsseSSLManager: SSL session context: per-thread
2020-06-10 11:37:42,161 INFO o.a.j.u.SSLManager: JmeterKeyStore Location:  type JKS
2020-06-10 11:37:42,161 INFO o.a.j.u.SSLManager: KeyStore created OK
2020-06-10 11:37:42,161 WARN o.a.j.u.SSLManager: Keystore file not found, loading empty keystore
2020-06-10 11:37:46,520 ERROR o.a.j.JMeter: Uncaught exception in thread Thread[AWT-EventQueue-0,6,main]
java.lang.NullPointerException: null
	at com.github.weisj.darklaf.ui.tree.DarkTreeUI$2.actionPerformed(DarkTreeUI.java:225) ~[darklaf-core-2.2.1.jar:2.2.1]
	at javax.swing.SwingUtilities.notifyAction(SwingUtilities.java:1668) ~[?:1.8.0_211]
	at javax.swing.JComponent.processKeyBinding(JComponent.java:2882) ~[?:1.8.0_211]
	at javax.swing.JComponent.processKeyBindings(JComponent.java:2929) ~[?:1.8.0_211]
	at javax.swing.JComponent.processKeyEvent(JComponent.java:2845) ~[?:1.8.0_211]
	at java.awt.Component.processEvent(Component.java:6316) ~[?:1.8.0_211]
	at java.awt.Container.processEvent(Container.java:2239) ~[?:1.8.0_211]
	at java.awt.Component.dispatchEventImpl(Component.java:4889) ~[?:1.8.0_211]
	at java.awt.Container.dispatchEventImpl(Container.java:2297) ~[?:1.8.0_211]
	at java.awt.Component.dispatchEvent(Component.java:4711) ~[?:1.8.0_211]
	at java.awt.KeyboardFocusManager.redispatchEvent(KeyboardFocusManager.java:1954) ~[?:1.8.0_211]
	at java.awt.DefaultKeyboardFocusManager.dispatchKeyEvent(DefaultKeyboardFocusManager.java:835) ~[?:1.8.0_211]
	at java.awt.DefaultKeyboardFocusManager.preDispatchKeyEvent(DefaultKeyboardFocusManager.java:1103) ~[?:1.8.0_211]
	at java.awt.DefaultKeyboardFocusManager.typeAheadAssertions(DefaultKeyboardFocusManager.java:974) ~[?:1.8.0_211]
	at java.awt.DefaultKeyboardFocusManager.dispatchEvent(DefaultKeyboardFocusManager.java:800) ~[?:1.8.0_211]
	at java.awt.Component.dispatchEventImpl(Component.java:4760) ~[?:1.8.0_211]
	at java.awt.Container.dispatchEventImpl(Container.java:2297) ~[?:1.8.0_211]
	at java.awt.Window.dispatchEventImpl(Window.java:2746) ~[?:1.8.0_211]
	at java.awt.Component.dispatchEvent(Component.java:4711) ~[?:1.8.0_211]
	at java.awt.EventQueue.dispatchEventImpl(EventQueue.java:760) ~[?:1.8.0_211]
	at java.awt.EventQueue.access$500(EventQueue.java:97) ~[?:1.8.0_211]
	at java.awt.EventQueue$3.run(EventQueue.java:709) ~[?:1.8.0_211]
	at java.awt.EventQueue$3.run(EventQueue.java:703) ~[?:1.8.0_211]
	at java.security.AccessController.doPrivileged(Native Method) ~[?:1.8.0_211]
	at java.security.ProtectionDomain$JavaSecurityAccessImpl.doIntersectionPrivilege(ProtectionDomain.java:74) ~[?:1.8.0_211]
	at java.security.ProtectionDomain$JavaSecurityAccessImpl.doIntersectionPrivilege(ProtectionDomain.java:84) ~[?:1.8.0_211]
	at java.awt.EventQueue$4.run(EventQueue.java:733) ~[?:1.8.0_211]
	at java.awt.EventQueue$4.run(EventQueue.java:731) ~[?:1.8.0_211]
	at java.security.AccessController.doPrivileged(Native Method) ~[?:1.8.0_211]
	at java.security.ProtectionDomain$JavaSecurityAccessImpl.doIntersectionPrivilege(ProtectionDomain.java:74) ~[?:1.8.0_211]
	at java.awt.EventQueue.dispatchEvent(EventQueue.java:730) ~[?:1.8.0_211]
	at java.awt.EventDispatchThread.pumpOneEventForFilters(EventDispatchThread.java:205) [?:1.8.0_211]
	at java.awt.EventDispatchThread.pumpEventsForFilter(EventDispatchThread.java:116) [?:1.8.0_211]
	at java.awt.EventDispatchThread.pumpEventsForHierarchy(EventDispatchThread.java:105) [?:1.8.0_211]
	at java.awt.EventDispatchThread.pumpEvents(EventDispatchThread.java:101) [?:1.8.0_211]
	at java.awt.EventDispatchThread.pumpEvents(EventDispatchThread.java:93) [?:1.8.0_211]
	at java.awt.EventDispatchThread.run(EventDispatchThread.java:82) [?:1.8.0_211]
2020-06-10 11:37:49,011 ERROR o.a.j.JMeter: Uncaught exception in thread Thread[AWT-EventQueue-0,6,main]
java.lang.NullPointerException: null
	at com.github.weisj.darklaf.ui.tree.DarkTreeUI$2.actionPerformed(DarkTreeUI.java:225) ~[darklaf-core-2.2.1.jar:2.2.1]
	at javax.swing.SwingUtilities.notifyAction(SwingUtilities.java:1668) ~[?:1.8.0_211]
	at javax.swing.JComponent.processKeyBinding(JComponent.java:2882) ~[?:1.8.0_211]
	at javax.swing.JComponent.processKeyBindings(JComponent.java:2929) ~[?:1.8.0_211]
	at javax.swing.JComponent.processKeyEvent(JComponent.java:2845) ~[?:1.8.0_211]
	at java.awt.Component.processEvent(Component.java:6316) ~[?:1.8.0_211]
	at java.awt.Container.processEvent(Container.java:2239) ~[?:1.8.0_211]
	at java.awt.Component.dispatchEventImpl(Component.java:4889) ~[?:1.8.0_211]
	at java.awt.Container.dispatchEventImpl(Container.java:2297) ~[?:1.8.0_211]
	at java.awt.Component.dispatchEvent(Component.java:4711) ~[?:1.8.0_211]
	at java.awt.KeyboardFocusManager.redispatchEvent(KeyboardFocusManager.java:1954) ~[?:1.8.0_211]
	at java.awt.DefaultKeyboardFocusManager.dispatchKeyEvent(DefaultKeyboardFocusManager.java:835) ~[?:1.8.0_211]
	at java.awt.DefaultKeyboardFocusManager.preDispatchKeyEvent(DefaultKeyboardFocusManager.java:1103) ~[?:1.8.0_211]
	at java.awt.DefaultKeyboardFocusManager.typeAheadAssertions(DefaultKeyboardFocusManager.java:974) ~[?:1.8.0_211]
	at java.awt.DefaultKeyboardFocusManager.dispatchEvent(DefaultKeyboardFocusManager.java:800) ~[?:1.8.0_211]
	at java.awt.Component.dispatchEventImpl(Component.java:4760) ~[?:1.8.0_211]
	at java.awt.Container.dispatchEventImpl(Container.java:2297) ~[?:1.8.0_211]
	at java.awt.Window.dispatchEventImpl(Window.java:2746) ~[?:1.8.0_211]
	at java.awt.Component.dispatchEvent(Component.java:4711) ~[?:1.8.0_211]
	at java.awt.EventQueue.dispatchEventImpl(EventQueue.java:760) ~[?:1.8.0_211]
	at java.awt.EventQueue.access$500(EventQueue.java:97) ~[?:1.8.0_211]
	at java.awt.EventQueue$3.run(EventQueue.java:709) ~[?:1.8.0_211]
	at java.awt.EventQueue$3.run(EventQueue.java:703) ~[?:1.8.0_211]
	at java.security.AccessController.doPrivileged(Native Method) ~[?:1.8.0_211]
	at java.security.ProtectionDomain$JavaSecurityAccessImpl.doIntersectionPrivilege(ProtectionDomain.java:74) ~[?:1.8.0_211]
	at java.security.ProtectionDomain$JavaSecurityAccessImpl.doIntersectionPrivilege(ProtectionDomain.java:84) ~[?:1.8.0_211]
	at java.awt.EventQueue$4.run(EventQueue.java:733) ~[?:1.8.0_211]
	at java.awt.EventQueue$4.run(EventQueue.java:731) ~[?:1.8.0_211]
	at java.security.AccessController.doPrivileged(Native Method) ~[?:1.8.0_211]
	at java.security.ProtectionDomain$JavaSecurityAccessImpl.doIntersectionPrivilege(ProtectionDomain.java:74) ~[?:1.8.0_211]
	at java.awt.EventQueue.dispatchEvent(EventQueue.java:730) ~[?:1.8.0_211]
	at java.awt.EventDispatchThread.pumpOneEventForFilters(EventDispatchThread.java:205) [?:1.8.0_211]
	at java.awt.EventDispatchThread.pumpEventsForFilter(EventDispatchThread.java:116) [?:1.8.0_211]
	at java.awt.EventDispatchThread.pumpEventsForHierarchy(EventDispatchThread.java:105) [?:1.8.0_211]
	at java.awt.EventDispatchThread.pumpEvents(EventDispatchThread.java:101) [?:1.8.0_211]
	at java.awt.EventDispatchThread.pumpEvents(EventDispatchThread.java:93) [?:1.8.0_211]
	at java.awt.EventDispatchThread.run(EventDispatchThread.java:82) [?:1.8.0_211]
2020-06-10 11:37:58,896 ERROR o.a.j.JMeter: Uncaught exception in thread Thread[AWT-EventQueue-0,6,main]
java.lang.NullPointerException: null
	at com.github.weisj.darklaf.ui.tree.DarkTreeUI$2.actionPerformed(DarkTreeUI.java:225) ~[darklaf-core-2.2.1.jar:2.2.1]
	at javax.swing.SwingUtilities.notifyAction(SwingUtilities.java:1668) ~[?:1.8.0_211]
	at javax.swing.JComponent.processKeyBinding(JComponent.java:2882) ~[?:1.8.0_211]
	at javax.swing.JComponent.processKeyBindings(JComponent.java:2929) ~[?:1.8.0_211]
	at javax.swing.JComponent.processKeyEvent(JComponent.java:2845) ~[?:1.8.0_211]
	at java.awt.Component.processEvent(Component.java:6316) ~[?:1.8.0_211]
	at java.awt.Container.processEvent(Container.java:2239) ~[?:1.8.0_211]
	at java.awt.Component.dispatchEventImpl(Component.java:4889) ~[?:1.8.0_211]
	at java.awt.Container.dispatchEventImpl(Container.java:2297) ~[?:1.8.0_211]
	at java.awt.Component.dispatchEvent(Component.java:4711) ~[?:1.8.0_211]
	at java.awt.KeyboardFocusManager.redispatchEvent(KeyboardFocusManager.java:1954) ~[?:1.8.0_211]
	at java.awt.DefaultKeyboardFocusManager.dispatchKeyEvent(DefaultKeyboardFocusManager.java:835) ~[?:1.8.0_211]
	at java.awt.DefaultKeyboardFocusManager.preDispatchKeyEvent(DefaultKeyboardFocusManager.java:1103) ~[?:1.8.0_211]
	at java.awt.DefaultKeyboardFocusManager.typeAheadAssertions(DefaultKeyboardFocusManager.java:974) ~[?:1.8.0_211]
	at java.awt.DefaultKeyboardFocusManager.dispatchEvent(DefaultKeyboardFocusManager.java:800) ~[?:1.8.0_211]
	at java.awt.Component.dispatchEventImpl(Component.java:4760) ~[?:1.8.0_211]
	at java.awt.Container.dispatchEventImpl(Container.java:2297) ~[?:1.8.0_211]
	at java.awt.Window.dispatchEventImpl(Window.java:2746) ~[?:1.8.0_211]
	at java.awt.Component.dispatchEvent(Component.java:4711) ~[?:1.8.0_211]
	at java.awt.EventQueue.dispatchEventImpl(EventQueue.java:760) ~[?:1.8.0_211]
	at java.awt.EventQueue.access$500(EventQueue.java:97) ~[?:1.8.0_211]
	at java.awt.EventQueue$3.run(EventQueue.java:709) ~[?:1.8.0_211]
	at java.awt.EventQueue$3.run(EventQueue.java:703) ~[?:1.8.0_211]
	at java.security.AccessController.doPrivileged(Native Method) ~[?:1.8.0_211]
	at java.security.ProtectionDomain$JavaSecurityAccessImpl.doIntersectionPrivilege(ProtectionDomain.java:74) ~[?:1.8.0_211]
	at java.security.ProtectionDomain$JavaSecurityAccessImpl.doIntersectionPrivilege(ProtectionDomain.java:84) ~[?:1.8.0_211]
	at java.awt.EventQueue$4.run(EventQueue.java:733) ~[?:1.8.0_211]
	at java.awt.EventQueue$4.run(EventQueue.java:731) ~[?:1.8.0_211]
	at java.security.AccessController.doPrivileged(Native Method) ~[?:1.8.0_211]
	at java.security.ProtectionDomain$JavaSecurityAccessImpl.doIntersectionPrivilege(ProtectionDomain.java:74) ~[?:1.8.0_211]
	at java.awt.EventQueue.dispatchEvent(EventQueue.java:730) ~[?:1.8.0_211]
	at java.awt.EventDispatchThread.pumpOneEventForFilters(EventDispatchThread.java:205) [?:1.8.0_211]
	at java.awt.EventDispatchThread.pumpEventsForFilter(EventDispatchThread.java:116) [?:1.8.0_211]
	at java.awt.EventDispatchThread.pumpEventsForHierarchy(EventDispatchThread.java:105) [?:1.8.0_211]
	at java.awt.EventDispatchThread.pumpEvents(EventDispatchThread.java:101) [?:1.8.0_211]
	at java.awt.EventDispatchThread.pumpEvents(EventDispatchThread.java:93) [?:1.8.0_211]
	at java.awt.EventDispatchThread.run(EventDispatchThread.java:82) [?:1.8.0_211]
2020-06-10 11:38:00,364 ERROR o.a.j.JMeter: Uncaught exception in thread Thread[AWT-EventQueue-0,6,main]
java.lang.NullPointerException: null
	at com.github.weisj.darklaf.ui.tree.DarkTreeUI$2.actionPerformed(DarkTreeUI.java:225) ~[darklaf-core-2.2.1.jar:2.2.1]
	at javax.swing.SwingUtilities.notifyAction(SwingUtilities.java:1668) ~[?:1.8.0_211]
	at javax.swing.JComponent.processKeyBinding(JComponent.java:2882) ~[?:1.8.0_211]
	at javax.swing.JComponent.processKeyBindings(JComponent.java:2929) ~[?:1.8.0_211]
	at javax.swing.JComponent.processKeyEvent(JComponent.java:2845) ~[?:1.8.0_211]
	at java.awt.Component.processEvent(Component.java:6316) ~[?:1.8.0_211]
	at java.awt.Container.processEvent(Container.java:2239) ~[?:1.8.0_211]
	at java.awt.Component.dispatchEventImpl(Component.java:4889) ~[?:1.8.0_211]
	at java.awt.Container.dispatchEventImpl(Container.java:2297) ~[?:1.8.0_211]
	at java.awt.Component.dispatchEvent(Component.java:4711) ~[?:1.8.0_211]
	at java.awt.KeyboardFocusManager.redispatchEvent(KeyboardFocusManager.java:1954) ~[?:1.8.0_211]
	at java.awt.DefaultKeyboardFocusManager.dispatchKeyEvent(DefaultKeyboardFocusManager.java:835) ~[?:1.8.0_211]
	at java.awt.DefaultKeyboardFocusManager.preDispatchKeyEvent(DefaultKeyboardFocusManager.java:1103) ~[?:1.8.0_211]
	at java.awt.DefaultKeyboardFocusManager.typeAheadAssertions(DefaultKeyboardFocusManager.java:974) ~[?:1.8.0_211]
	at java.awt.DefaultKeyboardFocusManager.dispatchEvent(DefaultKeyboardFocusManager.java:800) ~[?:1.8.0_211]
	at java.awt.Component.dispatchEventImpl(Component.java:4760) ~[?:1.8.0_211]
	at java.awt.Container.dispatchEventImpl(Container.java:2297) ~[?:1.8.0_211]
	at java.awt.Window.dispatchEventImpl(Window.java:2746) ~[?:1.8.0_211]
	at java.awt.Component.dispatchEvent(Component.java:4711) ~[?:1.8.0_211]
	at java.awt.EventQueue.dispatchEventImpl(EventQueue.java:760) ~[?:1.8.0_211]
	at java.awt.EventQueue.access$500(EventQueue.java:97) ~[?:1.8.0_211]
	at java.awt.EventQueue$3.run(EventQueue.java:709) ~[?:1.8.0_211]
	at java.awt.EventQueue$3.run(EventQueue.java:703) ~[?:1.8.0_211]
	at java.security.AccessController.doPrivileged(Native Method) ~[?:1.8.0_211]
	at java.security.ProtectionDomain$JavaSecurityAccessImpl.doIntersectionPrivilege(ProtectionDomain.java:74) ~[?:1.8.0_211]
	at java.security.ProtectionDomain$JavaSecurityAccessImpl.doIntersectionPrivilege(ProtectionDomain.java:84) ~[?:1.8.0_211]
	at java.awt.EventQueue$4.run(EventQueue.java:733) ~[?:1.8.0_211]
	at java.awt.EventQueue$4.run(EventQueue.java:731) ~[?:1.8.0_211]
	at java.security.AccessController.doPrivileged(Native Method) ~[?:1.8.0_211]
	at java.security.ProtectionDomain$JavaSecurityAccessImpl.doIntersectionPrivilege(ProtectionDomain.java:74) ~[?:1.8.0_211]
	at java.awt.EventQueue.dispatchEvent(EventQueue.java:730) ~[?:1.8.0_211]
	at java.awt.EventDispatchThread.pumpOneEventForFilters(EventDispatchThread.java:205) [?:1.8.0_211]
	at java.awt.EventDispatchThread.pumpEventsForFilter(EventDispatchThread.java:116) [?:1.8.0_211]
	at java.awt.EventDispatchThread.pumpEventsForHierarchy(EventDispatchThread.java:105) [?:1.8.0_211]
	at java.awt.EventDispatchThread.pumpEvents(EventDispatchThread.java:101) [?:1.8.0_211]
	at java.awt.EventDispatchThread.pumpEvents(EventDispatchThread.java:93) [?:1.8.0_211]
	at java.awt.EventDispatchThread.run(EventDispatchThread.java:82) [?:1.8.0_211]
2020-06-10 11:38:04,455 INFO o.a.j.t.JMeterThread: Thread is done: SC_02 1-1
2020-06-10 11:38:04,456 INFO o.a.j.t.JMeterThread: Thread finished: SC_02 1-1
2020-06-10 11:38:04,459 INFO o.a.j.e.StandardJMeterEngine: Notifying test listeners of end of test
2020-06-10 11:38:04,459 INFO o.a.j.g.u.JMeterMenuBar: setRunning(false, *local*)
2020-06-10 11:38:09,587 ERROR o.a.j.JMeter: Uncaught exception in thread Thread[AWT-EventQueue-0,6,main]
java.lang.NullPointerException: null
	at com.github.weisj.darklaf.ui.tree.DarkTreeUI$2.actionPerformed(DarkTreeUI.java:225) ~[darklaf-core-2.2.1.jar:2.2.1]
	at javax.swing.SwingUtilities.notifyAction(SwingUtilities.java:1668) ~[?:1.8.0_211]
	at javax.swing.JComponent.processKeyBinding(JComponent.java:2882) ~[?:1.8.0_211]
	at javax.swing.JComponent.processKeyBindings(JComponent.java:2929) ~[?:1.8.0_211]
	at javax.swing.JComponent.processKeyEvent(JComponent.java:2845) ~[?:1.8.0_211]
	at java.awt.Component.processEvent(Component.java:6316) ~[?:1.8.0_211]
	at java.awt.Container.processEvent(Container.java:2239) ~[?:1.8.0_211]
	at java.awt.Component.dispatchEventImpl(Component.java:4889) ~[?:1.8.0_211]
	at java.awt.Container.dispatchEventImpl(Container.java:2297) ~[?:1.8.0_211]
	at java.awt.Component.dispatchEvent(Component.java:4711) ~[?:1.8.0_211]
	at java.awt.KeyboardFocusManager.redispatchEvent(KeyboardFocusManager.java:1954) ~[?:1.8.0_211]
	at java.awt.DefaultKeyboardFocusManager.dispatchKeyEvent(DefaultKeyboardFocusManager.java:835) ~[?:1.8.0_211]
	at java.awt.DefaultKeyboardFocusManager.preDispatchKeyEvent(DefaultKeyboardFocusManager.java:1103) ~[?:1.8.0_211]
	at java.awt.DefaultKeyboardFocusManager.typeAheadAssertions(DefaultKeyboardFocusManager.java:974) ~[?:1.8.0_211]
	at java.awt.DefaultKeyboardFocusManager.dispatchEvent(DefaultKeyboardFocusManager.java:800) ~[?:1.8.0_211]
	at java.awt.Component.dispatchEventImpl(Component.java:4760) ~[?:1.8.0_211]
	at java.awt.Container.dispatchEventImpl(Container.java:2297) ~[?:1.8.0_211]
	at java.awt.Window.dispatchEventImpl(Window.java:2746) ~[?:1.8.0_211]
	at java.awt.Component.dispatchEvent(Component.java:4711) ~[?:1.8.0_211]
	at java.awt.EventQueue.dispatchEventImpl(EventQueue.java:760) ~[?:1.8.0_211]
	at java.awt.EventQueue.access$500(EventQueue.java:97) ~[?:1.8.0_211]
	at java.awt.EventQueue$3.run(EventQueue.java:709) ~[?:1.8.0_211]
	at java.awt.EventQueue$3.run(EventQueue.java:703) ~[?:1.8.0_211]
	at java.security.AccessController.doPrivileged(Native Method) ~[?:1.8.0_211]
	at java.security.ProtectionDomain$JavaSecurityAccessImpl.doIntersectionPrivilege(ProtectionDomain.java:74) ~[?:1.8.0_211]
	at java.security.ProtectionDomain$JavaSecurityAccessImpl.doIntersectionPrivilege(ProtectionDomain.java:84) ~[?:1.8.0_211]
	at java.awt.EventQueue$4.run(EventQueue.java:733) ~[?:1.8.0_211]
	at java.awt.EventQueue$4.run(EventQueue.java:731) ~[?:1.8.0_211]
	at java.security.AccessController.doPrivileged(Native Method) ~[?:1.8.0_211]
	at java.security.ProtectionDomain$JavaSecurityAccessImpl.doIntersectionPrivilege(ProtectionDomain.java:74) ~[?:1.8.0_211]
	at java.awt.EventQueue.dispatchEvent(EventQueue.java:730) ~[?:1.8.0_211]
	at java.awt.EventDispatchThread.pumpOneEventForFilters(EventDispatchThread.java:205) [?:1.8.0_211]
	at java.awt.EventDispatchThread.pumpEventsForFilter(EventDispatchThread.java:116) [?:1.8.0_211]
	at java.awt.EventDispatchThread.pumpEventsForHierarchy(EventDispatchThread.java:105) [?:1.8.0_211]
	at java.awt.EventDispatchThread.pumpEvents(EventDispatchThread.java:101) [?:1.8.0_211]
	at java.awt.EventDispatchThread.pumpEvents(EventDispatchThread.java:93) [?:1.8.0_211]
	at java.awt.EventDispatchThread.run(EventDispatchThread.java:82) [?:1.8.0_211]
2020-06-10 11:38:12,734 ERROR o.a.j.JMeter: Uncaught exception in thread Thread[AWT-EventQueue-0,6,main]
java.lang.NullPointerException: null
	at com.github.weisj.darklaf.ui.tree.DarkTreeUI$2.actionPerformed(DarkTreeUI.java:225) ~[darklaf-core-2.2.1.jar:2.2.1]
	at javax.swing.SwingUtilities.notifyAction(SwingUtilities.java:1668) ~[?:1.8.0_211]
	at javax.swing.JComponent.processKeyBinding(JComponent.java:2882) ~[?:1.8.0_211]
	at javax.swing.JComponent.processKeyBindings(JComponent.java:2929) ~[?:1.8.0_211]
	at javax.swing.JComponent.processKeyEvent(JComponent.java:2845) ~[?:1.8.0_211]
	at java.awt.Component.processEvent(Component.java:6316) ~[?:1.8.0_211]
	at java.awt.Container.processEvent(Container.java:2239) ~[?:1.8.0_211]
	at java.awt.Component.dispatchEventImpl(Component.java:4889) ~[?:1.8.0_211]
	at java.awt.Container.dispatchEventImpl(Container.java:2297) ~[?:1.8.0_211]
	at java.awt.Component.dispatchEvent(Component.java:4711) ~[?:1.8.0_211]
	at java.awt.KeyboardFocusManager.redispatchEvent(KeyboardFocusManager.java:1954) ~[?:1.8.0_211]
	at java.awt.DefaultKeyboardFocusManager.dispatchKeyEvent(DefaultKeyboardFocusManager.java:835) ~[?:1.8.0_211]
	at java.awt.DefaultKeyboardFocusManager.preDispatchKeyEvent(DefaultKeyboardFocusManager.java:1103) ~[?:1.8.0_211]
	at java.awt.DefaultKeyboardFocusManager.typeAheadAssertions(DefaultKeyboardFocusManager.java:974) ~[?:1.8.0_211]
	at java.awt.DefaultKeyboardFocusManager.dispatchEvent(DefaultKeyboardFocusManager.java:800) ~[?:1.8.0_211]
	at java.awt.Component.dispatchEventImpl(Component.java:4760) ~[?:1.8.0_211]
	at java.awt.Container.dispatchEventImpl(Container.java:2297) ~[?:1.8.0_211]
	at java.awt.Window.dispatchEventImpl(Window.java:2746) ~[?:1.8.0_211]
	at java.awt.Component.dispatchEvent(Component.java:4711) ~[?:1.8.0_211]
	at java.awt.EventQueue.dispatchEventImpl(EventQueue.java:760) ~[?:1.8.0_211]
	at java.awt.EventQueue.access$500(EventQueue.java:97) ~[?:1.8.0_211]
	at java.awt.EventQueue$3.run(EventQueue.java:709) ~[?:1.8.0_211]
	at java.awt.EventQueue$3.run(EventQueue.java:703) ~[?:1.8.0_211]
	at java.security.AccessController.doPrivileged(Native Method) ~[?:1.8.0_211]
	at java.security.ProtectionDomain$JavaSecurityAccessImpl.doIntersectionPrivilege(ProtectionDomain.java:74) ~[?:1.8.0_211]
	at java.security.ProtectionDomain$JavaSecurityAccessImpl.doIntersectionPrivilege(ProtectionDomain.java:84) ~[?:1.8.0_211]
	at java.awt.EventQueue$4.run(EventQueue.java:733) ~[?:1.8.0_211]
	at java.awt.EventQueue$4.run(EventQueue.java:731) ~[?:1.8.0_211]
	at java.security.AccessController.doPrivileged(Native Method) ~[?:1.8.0_211]
	at java.security.ProtectionDomain$JavaSecurityAccessImpl.doIntersectionPrivilege(ProtectionDomain.java:74) ~[?:1.8.0_211]
	at java.awt.EventQueue.dispatchEvent(EventQueue.java:730) ~[?:1.8.0_211]
	at java.awt.EventDispatchThread.pumpOneEventForFilters(EventDispatchThread.java:205) [?:1.8.0_211]
	at java.awt.EventDispatchThread.pumpEventsForFilter(EventDispatchThread.java:116) [?:1.8.0_211]
	at java.awt.EventDispatchThread.pumpEventsForHierarchy(EventDispatchThread.java:105) [?:1.8.0_211]
	at java.awt.EventDispatchThread.pumpEvents(EventDispatchThread.java:101) [?:1.8.0_211]
	at java.awt.EventDispatchThread.pumpEvents(EventDispatchThread.java:93) [?:1.8.0_211]
	at java.awt.EventDispatchThread.run(EventDispatchThread.java:82) [?:1.8.0_211]
2020-06-10 11:38:19,086 ERROR o.a.j.JMeter: Uncaught exception in thread Thread[AWT-EventQueue-0,6,main]
java.lang.NullPointerException: null
	at com.github.weisj.darklaf.ui.tree.DarkTreeUI$2.actionPerformed(DarkTreeUI.java:225) ~[darklaf-core-2.2.1.jar:2.2.1]
	at javax.swing.SwingUtilities.notifyAction(SwingUtilities.java:1668) ~[?:1.8.0_211]
	at javax.swing.JComponent.processKeyBinding(JComponent.java:2882) ~[?:1.8.0_211]
	at javax.swing.JComponent.processKeyBindings(JComponent.java:2929) ~[?:1.8.0_211]
	at javax.swing.JComponent.processKeyEvent(JComponent.java:2845) ~[?:1.8.0_211]
	at java.awt.Component.processEvent(Component.java:6316) ~[?:1.8.0_211]
	at java.awt.Container.processEvent(Container.java:2239) ~[?:1.8.0_211]
	at java.awt.Component.dispatchEventImpl(Component.java:4889) ~[?:1.8.0_211]
	at java.awt.Container.dispatchEventImpl(Container.java:2297) ~[?:1.8.0_211]
	at java.awt.Component.dispatchEvent(Component.java:4711) ~[?:1.8.0_211]
	at java.awt.KeyboardFocusManager.redispatchEvent(KeyboardFocusManager.java:1954) ~[?:1.8.0_211]
	at java.awt.DefaultKeyboardFocusManager.dispatchKeyEvent(DefaultKeyboardFocusManager.java:835) ~[?:1.8.0_211]
	at java.awt.DefaultKeyboardFocusManager.preDispatchKeyEvent(DefaultKeyboardFocusManager.java:1103) ~[?:1.8.0_211]
	at java.awt.DefaultKeyboardFocusManager.typeAheadAssertions(DefaultKeyboardFocusManager.java:974) ~[?:1.8.0_211]
	at java.awt.DefaultKeyboardFocusManager.dispatchEvent(DefaultKeyboardFocusManager.java:800) ~[?:1.8.0_211]
	at java.awt.Component.dispatchEventImpl(Component.java:4760) ~[?:1.8.0_211]
	at java.awt.Container.dispatchEventImpl(Container.java:2297) ~[?:1.8.0_211]
	at java.awt.Window.dispatchEventImpl(Window.java:2746) ~[?:1.8.0_211]
	at java.awt.Component.dispatchEvent(Component.java:4711) ~[?:1.8.0_211]
	at java.awt.EventQueue.dispatchEventImpl(EventQueue.java:760) ~[?:1.8.0_211]
	at java.awt.EventQueue.access$500(EventQueue.java:97) ~[?:1.8.0_211]
	at java.awt.EventQueue$3.run(EventQueue.java:709) ~[?:1.8.0_211]
	at java.awt.EventQueue$3.run(EventQueue.java:703) ~[?:1.8.0_211]
	at java.security.AccessController.doPrivileged(Native Method) ~[?:1.8.0_211]
	at java.security.ProtectionDomain$JavaSecurityAccessImpl.doIntersectionPrivilege(ProtectionDomain.java:74) ~[?:1.8.0_211]
	at java.security.ProtectionDomain$JavaSecurityAccessImpl.doIntersectionPrivilege(ProtectionDomain.java:84) ~[?:1.8.0_211]
	at java.awt.EventQueue$4.run(EventQueue.java:733) ~[?:1.8.0_211]
	at java.awt.EventQueue$4.run(EventQueue.java:731) ~[?:1.8.0_211]
	at java.security.AccessController.doPrivileged(Native Method) ~[?:1.8.0_211]
	at java.security.ProtectionDomain$JavaSecurityAccessImpl.doIntersectionPrivilege(ProtectionDomain.java:74) ~[?:1.8.0_211]
	at java.awt.EventQueue.dispatchEvent(EventQueue.java:730) ~[?:1.8.0_211]
	at java.awt.EventDispatchThread.pumpOneEventForFilters(EventDispatchThread.java:205) [?:1.8.0_211]
	at java.awt.EventDispatchThread.pumpEventsForFilter(EventDispatchThread.java:116) [?:1.8.0_211]
	at java.awt.EventDispatchThread.pumpEventsForHierarchy(EventDispatchThread.java:105) [?:1.8.0_211]
	at java.awt.EventDispatchThread.pumpEvents(EventDispatchThread.java:101) [?:1.8.0_211]
	at java.awt.EventDispatchThread.pumpEvents(EventDispatchThread.java:93) [?:1.8.0_211]
	at java.awt.EventDispatchThread.run(EventDispatchThread.java:82) [?:1.8.0_211]
