2011/09/26 09:42:54 INFO  - jmeter.util.JMeterUtils: Setting Locale to en_EN 
2011/09/26 09:42:54 INFO  - jmeter.JMeter: Loading user properties from: /data/decathlon/workspace/jmeter/bin/user.properties 
2011/09/26 09:42:54 INFO  - jmeter.JMeter: Loading system properties from: /data/decathlon/workspace/jmeter/bin/system.properties 
2011/09/26 09:42:54 INFO  - jmeter.JMeter: Copyright (c) 1998-2011 The Apache Software Foundation 
2011/09/26 09:42:54 INFO  - jmeter.JMeter: Version 2.5.1 
2011/09/26 09:42:54 INFO  - jmeter.JMeter: java.version=1.6.0_26 
2011/09/26 09:42:54 INFO  - jmeter.JMeter: java.vm.name=Java HotSpot(TM) 64-Bit Server VM 
2011/09/26 09:42:54 INFO  - jmeter.JMeter: os.name=Mac OS X 
2011/09/26 09:42:54 INFO  - jmeter.JMeter: os.arch=x86_64 
2011/09/26 09:42:54 INFO  - jmeter.JMeter: os.version=10.6.8 
2011/09/26 09:42:54 INFO  - jmeter.JMeter: file.encoding=UTF-8 
2011/09/26 09:42:54 INFO  - jmeter.JMeter: Default Locale=English (EN) 
2011/09/26 09:42:54 INFO  - jmeter.JMeter: JMeter  Locale=English (EN) 
2011/09/26 09:42:54 INFO  - jmeter.JMeter: JMeterHome=/data/decathlon/workspace/jmeter 
2011/09/26 09:42:54 INFO  - jmeter.JMeter: user.dir  =/data/decathlon/workspace/jmeter/bin 
2011/09/26 09:42:54 INFO  - jmeter.JMeter: PWD       =/data/decathlon/workspace/jmeter/bin 
2011/09/26 09:42:54 INFO  - jmeter.JMeter: IP: 192.168.0.14 Name: MBP-PMD.local FullName: 192.168.0.14 
2011/09/26 09:42:54 INFO  - jmeter.JMeter: Loaded icon properties from org/apache/jmeter/images/icon.properties 
2011/09/26 09:43:04 INFO  - jmeter.engine.util.CompoundVariable: Note: Function class names must contain the string: '.functions.' 
2011/09/26 09:43:04 INFO  - jmeter.engine.util.CompoundVariable: Note: Function class names must not contain the string: '.gui.' 
2011/09/26 09:43:04 ERROR - jmeter.gui.action.Help: Couldn't load help file java.io.FileNotFoundException: /data/decathlon/workspace/jmeter/printable_docs/usermanual/component_reference.html (No such file or directory) 
2011/09/26 09:43:05 WARN  - jmeter.gui.util.MenuFactory: Could not instantiate com.ubikingenierie.jmeter.plugin.gwt.postprocessor.GwtResponseToXmlPostProcessor java.lang.ClassNotFoundException: com.ubikingenierie.jmeter.plugin.gwt.postprocessor.GwtResponseToXmlPostProcessor
	at java.net.URLClassLoader$1.run(URLClassLoader.java:202)
	at java.security.AccessController.doPrivileged(Native Method)
	at java.net.URLClassLoader.findClass(URLClassLoader.java:190)
	at java.lang.ClassLoader.loadClass(ClassLoader.java:306)
	at sun.misc.Launcher$AppClassLoader.loadClass(Launcher.java:301)
	at java.lang.ClassLoader.loadClass(ClassLoader.java:247)
	at java.lang.Class.forName0(Native Method)
	at java.lang.Class.forName(Class.java:169)
	at org.apache.jmeter.gui.util.MenuFactory.initializeMenus(MenuFactory.java:441)
	at org.apache.jmeter.gui.util.MenuFactory.<clinit>(MenuFactory.java:158)
	at org.apache.jmeter.control.gui.WorkBenchGui.createPopupMenu(WorkBenchGui.java:86)
	at org.apache.jmeter.gui.tree.JMeterTreeNode.createPopupMenu(JMeterTreeNode.java:114)
	at org.apache.jmeter.gui.action.EditCommand.doAction(EditCommand.java:46)
	at org.apache.jmeter.gui.action.ActionRouter.performAction(ActionRouter.java:82)
	at org.apache.jmeter.gui.action.ActionRouter.access$0(ActionRouter.java:67)
	at org.apache.jmeter.gui.action.ActionRouter$1.run(ActionRouter.java:61)
	at java.awt.event.InvocationEvent.dispatch(InvocationEvent.java:209)
	at java.awt.EventQueue.dispatchEventImpl(EventQueue.java:677)
	at java.awt.EventQueue.access$000(EventQueue.java:85)
	at java.awt.EventQueue$1.run(EventQueue.java:638)
	at java.awt.EventQueue$1.run(EventQueue.java:636)
	at java.security.AccessController.doPrivileged(Native Method)
	at java.security.AccessControlContext$1.doIntersectionPrivilege(AccessControlContext.java:87)
	at java.awt.EventQueue.dispatchEvent(EventQueue.java:647)
	at java.awt.EventDispatchThread.pumpOneEventForFilters(EventDispatchThread.java:296)
	at java.awt.EventDispatchThread.pumpEventsForFilter(EventDispatchThread.java:211)
	at java.awt.EventDispatchThread.pumpEventsForHierarchy(EventDispatchThread.java:201)
	at java.awt.EventDispatchThread.pumpEvents(EventDispatchThread.java:196)
	at java.awt.EventDispatchThread.pumpEvents(EventDispatchThread.java:188)
	at java.awt.EventDispatchThread.run(EventDispatchThread.java:122)

2011/09/26 09:43:05 INFO  - jmeter.util.BSFTestElement: Registering JMeter version of JavaScript engine as work-round for BSF-22 
2011/09/26 09:43:05 INFO  - jmeter.protocol.http.sampler.HTTPSamplerBase: Cannot find .className property for htmlParser, using default 
2011/09/26 09:43:05 INFO  - jmeter.protocol.http.sampler.HTTPSamplerBase: Parser for text/html is  
2011/09/26 09:43:05 INFO  - jmeter.protocol.http.sampler.HTTPSamplerBase: Parser for application/xhtml+xml is  
2011/09/26 09:43:05 INFO  - jmeter.protocol.http.sampler.HTTPSamplerBase: Parser for application/xml is  
2011/09/26 09:43:05 INFO  - jmeter.protocol.http.sampler.HTTPSamplerBase: Parser for text/xml is  
2011/09/26 09:43:05 INFO  - jmeter.protocol.http.sampler.HTTPSamplerBase: Parser for text/vnd.wap.wml is org.apache.jmeter.protocol.http.parser.RegexpHTMLParser 
2011/09/26 09:43:05 INFO  - jmeter.protocol.http.sampler.HTTPSamplerBase: Reuse SSL session context on subsequent iterations: true 
2011/09/26 09:43:06 INFO  - jmeter.protocol.http.control.CookieManager: Settings: Delete null: true Check: true Allow variable: true Save: false Prefix: COOKIE_ 
2011/09/26 09:43:06 INFO  - jmeter.gui.util.MenuFactory: Skipping org.apache.jmeter.protocol.http.modifier.gui.ParamModifierGui 
2011/09/26 09:43:06 INFO  - jmeter.gui.util.MenuFactory: Skipping org.apache.jmeter.protocol.http.modifier.gui.UserParameterModifierGui 
2011/09/26 09:43:07 INFO  - jmeter.samplers.SampleResult: Note: Sample TimeStamps are START times 
2011/09/26 09:43:07 INFO  - jmeter.samplers.SampleResult: sampleresult.default.encoding is set to ISO-8859-1 
2011/09/26 09:43:07 INFO  - jmeter.samplers.SampleResult: sampleresult.useNanoTime=true 
2011/09/26 09:43:08 WARN  - jmeter.visualizers.ViewResultsFullVisualizer: Error in load result render:com.ubikingenierie.jmeter.plugin.gwt.renderer.RenderAsGwtRPCResponse java.lang.ClassNotFoundException: com.ubikingenierie.jmeter.plugin.gwt.renderer.RenderAsGwtRPCResponse
	at java.net.URLClassLoader$1.run(URLClassLoader.java:202)
	at java.security.AccessController.doPrivileged(Native Method)
	at java.net.URLClassLoader.findClass(URLClassLoader.java:190)
	at java.lang.ClassLoader.loadClass(ClassLoader.java:306)
	at sun.misc.Launcher$AppClassLoader.loadClass(Launcher.java:301)
	at java.lang.ClassLoader.loadClass(ClassLoader.java:247)
	at java.lang.Class.forName0(Native Method)
	at java.lang.Class.forName(Class.java:169)
	at org.apache.jmeter.visualizers.ViewResultsFullVisualizer.createComboRender(ViewResultsFullVisualizer.java:301)
	at org.apache.jmeter.visualizers.ViewResultsFullVisualizer.createLeftPanel(ViewResultsFullVisualizer.java:269)
	at org.apache.jmeter.visualizers.ViewResultsFullVisualizer.init(ViewResultsFullVisualizer.java:210)
	at org.apache.jmeter.visualizers.ViewResultsFullVisualizer.<init>(ViewResultsFullVisualizer.java:121)
	at sun.reflect.NativeConstructorAccessorImpl.newInstance0(Native Method)
	at sun.reflect.NativeConstructorAccessorImpl.newInstance(NativeConstructorAccessorImpl.java:39)
	at sun.reflect.DelegatingConstructorAccessorImpl.newInstance(DelegatingConstructorAccessorImpl.java:27)
	at java.lang.reflect.Constructor.newInstance(Constructor.java:513)
	at java.lang.Class.newInstance0(Class.java:355)
	at java.lang.Class.newInstance(Class.java:308)
	at org.apache.jmeter.gui.util.MenuFactory.initializeMenus(MenuFactory.java:445)
	at org.apache.jmeter.gui.util.MenuFactory.<clinit>(MenuFactory.java:158)
	at org.apache.jmeter.control.gui.WorkBenchGui.createPopupMenu(WorkBenchGui.java:86)
	at org.apache.jmeter.gui.tree.JMeterTreeNode.createPopupMenu(JMeterTreeNode.java:114)
	at org.apache.jmeter.gui.action.EditCommand.doAction(EditCommand.java:46)
	at org.apache.jmeter.gui.action.ActionRouter.performAction(ActionRouter.java:82)
	at org.apache.jmeter.gui.action.ActionRouter.access$0(ActionRouter.java:67)
	at org.apache.jmeter.gui.action.ActionRouter$1.run(ActionRouter.java:61)
	at java.awt.event.InvocationEvent.dispatch(InvocationEvent.java:209)
	at java.awt.EventQueue.dispatchEventImpl(EventQueue.java:677)
	at java.awt.EventQueue.access$000(EventQueue.java:85)
	at java.awt.EventQueue$1.run(EventQueue.java:638)
	at java.awt.EventQueue$1.run(EventQueue.java:636)
	at java.security.AccessController.doPrivileged(Native Method)
	at java.security.AccessControlContext$1.doIntersectionPrivilege(AccessControlContext.java:87)
	at java.awt.EventQueue.dispatchEvent(EventQueue.java:647)
	at java.awt.EventDispatchThread.pumpOneEventForFilters(EventDispatchThread.java:296)
	at java.awt.EventDispatchThread.pumpEventsForFilter(EventDispatchThread.java:211)
	at java.awt.EventDispatchThread.pumpEventsForHierarchy(EventDispatchThread.java:201)
	at java.awt.EventDispatchThread.pumpEvents(EventDispatchThread.java:196)
	at java.awt.EventDispatchThread.pumpEvents(EventDispatchThread.java:188)
	at java.awt.EventDispatchThread.run(EventDispatchThread.java:122)

2011/09/26 09:43:08 WARN  - jmeter.visualizers.RequestPanel: Error in load result render:com.ubikingenierie.jmeter.plugin.gwt.view.RequestViewAsGwtRPCRaw java.lang.ClassNotFoundException: com.ubikingenierie.jmeter.plugin.gwt.view.RequestViewAsGwtRPCRaw
	at java.net.URLClassLoader$1.run(URLClassLoader.java:202)
	at java.security.AccessController.doPrivileged(Native Method)
	at java.net.URLClassLoader.findClass(URLClassLoader.java:190)
	at java.lang.ClassLoader.loadClass(ClassLoader.java:306)
	at sun.misc.Launcher$AppClassLoader.loadClass(Launcher.java:301)
	at java.lang.ClassLoader.loadClass(ClassLoader.java:247)
	at java.lang.Class.forName0(Native Method)
	at java.lang.Class.forName(Class.java:169)
	at org.apache.jmeter.visualizers.RequestPanel.<init>(RequestPanel.java:67)
	at org.apache.jmeter.visualizers.SamplerResultTab.init(SamplerResultTab.java:204)
	at org.apache.jmeter.visualizers.ViewResultsFullVisualizer.init(ViewResultsFullVisualizer.java:219)
	at org.apache.jmeter.visualizers.ViewResultsFullVisualizer.<init>(ViewResultsFullVisualizer.java:121)
	at sun.reflect.NativeConstructorAccessorImpl.newInstance0(Native Method)
	at sun.reflect.NativeConstructorAccessorImpl.newInstance(NativeConstructorAccessorImpl.java:39)
	at sun.reflect.DelegatingConstructorAccessorImpl.newInstance(DelegatingConstructorAccessorImpl.java:27)
	at java.lang.reflect.Constructor.newInstance(Constructor.java:513)
	at java.lang.Class.newInstance0(Class.java:355)
	at java.lang.Class.newInstance(Class.java:308)
	at org.apache.jmeter.gui.util.MenuFactory.initializeMenus(MenuFactory.java:445)
	at org.apache.jmeter.gui.util.MenuFactory.<clinit>(MenuFactory.java:158)
	at org.apache.jmeter.control.gui.WorkBenchGui.createPopupMenu(WorkBenchGui.java:86)
	at org.apache.jmeter.gui.tree.JMeterTreeNode.createPopupMenu(JMeterTreeNode.java:114)
	at org.apache.jmeter.gui.action.EditCommand.doAction(EditCommand.java:46)
	at org.apache.jmeter.gui.action.ActionRouter.performAction(ActionRouter.java:82)
	at org.apache.jmeter.gui.action.ActionRouter.access$0(ActionRouter.java:67)
	at org.apache.jmeter.gui.action.ActionRouter$1.run(ActionRouter.java:61)
	at java.awt.event.InvocationEvent.dispatch(InvocationEvent.java:209)
	at java.awt.EventQueue.dispatchEventImpl(EventQueue.java:677)
	at java.awt.EventQueue.access$000(EventQueue.java:85)
	at java.awt.EventQueue$1.run(EventQueue.java:638)
	at java.awt.EventQueue$1.run(EventQueue.java:636)
	at java.security.AccessController.doPrivileged(Native Method)
	at java.security.AccessControlContext$1.doIntersectionPrivilege(AccessControlContext.java:87)
	at java.awt.EventQueue.dispatchEvent(EventQueue.java:647)
	at java.awt.EventDispatchThread.pumpOneEventForFilters(EventDispatchThread.java:296)
	at java.awt.EventDispatchThread.pumpEventsForFilter(EventDispatchThread.java:211)
	at java.awt.EventDispatchThread.pumpEventsForHierarchy(EventDispatchThread.java:201)
	at java.awt.EventDispatchThread.pumpEvents(EventDispatchThread.java:196)
	at java.awt.EventDispatchThread.pumpEvents(EventDispatchThread.java:188)
	at java.awt.EventDispatchThread.run(EventDispatchThread.java:122)

2011/09/26 09:43:20 INFO  - jmeter.services.FileServer: Default base='/data/decathlon/workspace/jmeter/bin' 
2011/09/26 09:43:20 INFO  - jmeter.gui.action.Load: Loading file: /data/jmeter/BUG_51888/SimpleTest.jmx 
2011/09/26 09:43:20 INFO  - jmeter.services.FileServer: Set new base '/data/jmeter/BUG_51888' 
2011/09/26 09:43:21 INFO  - jmeter.save.SaveService: Testplan (JMX) version: 2.2. Testlog (JTL) version: 2.2 
2011/09/26 09:43:21 INFO  - jmeter.save.SaveService: Using SaveService properties file encoding UTF-8 
2011/09/26 09:43:21 INFO  - jmeter.save.SaveService: Using SaveService properties file version 1050447 
2011/09/26 09:43:21 INFO  - jmeter.save.SaveService: Using SaveService properties version 2.1 
2011/09/26 09:43:21 INFO  - jmeter.save.SaveService: All converter versions present and correct 
2011/09/26 09:43:21 INFO  - jmeter.services.FileServer: Set new base='/data/jmeter/BUG_51888' 
2011/09/26 09:43:30 INFO  - jmeter.engine.StandardJMeterEngine: Listeners will be started after enabling running version 
2011/09/26 09:43:30 INFO  - jmeter.engine.StandardJMeterEngine: To revert to the earlier behaviour, define jmeterengine.startlistenerslater=false 
2011/09/26 09:43:30 INFO  - jmeter.engine.StandardJMeterEngine: Running the test! 
2011/09/26 09:43:30 INFO  - jmeter.gui.util.JMeterMenuBar: setRunning(true,*local*) 
2011/09/26 09:43:30 INFO  - jmeter.engine.StandardJMeterEngine: Starting 20 threads for group Thread Group. 
2011/09/26 09:43:30 INFO  - jmeter.engine.StandardJMeterEngine: Thread will continue on error 
2011/09/26 09:43:31 INFO  - jmeter.threads.JMeterThread: jmeterthread.startearlier=true (see jmeter.properties) 
2011/09/26 09:43:31 INFO  - jmeter.threads.JMeterThread: Running PostProcessors in forward order 
2011/09/26 09:43:31 INFO  - jmeter.threads.JMeterThread: Thread started: Thread Group 1-1 
2011/09/26 09:43:31 INFO  - jmeter.protocol.http.sampler.HTTPHCAbstractImpl: Local host = MBP-PMD.local 
2011/09/26 09:43:31 INFO  - jmeter.protocol.http.sampler.HTTPHC4Impl: HTTP request retry count = 1 
2011/09/26 09:43:31 INFO  - jmeter.engine.StandardJMeterEngine: All threads have been started 
2011/09/26 09:43:31 INFO  - jmeter.protocol.http.sampler.HTTPHC4Impl: Setting up HTTPS TrustAll scheme 
2011/09/26 09:43:36 INFO  - jmeter.threads.JMeterThread: Thread started: Thread Group 1-2 
2011/09/26 09:43:41 INFO  - jmeter.threads.JMeterThread: Thread started: Thread Group 1-3 
2011/09/26 09:43:46 INFO  - jmeter.threads.JMeterThread: Thread started: Thread Group 1-4 
2011/09/26 09:43:48 INFO  - jmeter.gui.action.Start: Stopping test 
2011/09/26 09:43:48 INFO  - jmeter.threads.JMeterThread: Stopping: Thread Group 1-1 
2011/09/26 09:43:48 WARN  - jmeter.threads.JMeterThread: Interrupting: Thread Group 1-1 sampler: 3 HTTP Request 
2011/09/26 09:43:48 INFO  - jmeter.threads.JMeterThread: Stopping: Thread Group 1-18 
2011/09/26 09:43:48 INFO  - jmeter.threads.JMeterThread: Stopping: Thread Group 1-12 
2011/09/26 09:43:48 INFO  - jmeter.threads.JMeterThread: Stopping: Thread Group 1-17 
2011/09/26 09:43:48 INFO  - org.apache.jmeter.protocol.http.sampler.HTTPHC4Impl$3: I/O exception (java.net.SocketException) caught when connecting to the target host: Software caused connection abort 
2011/09/26 09:43:48 INFO  - org.apache.jmeter.protocol.http.sampler.HTTPHC4Impl$3: Retrying connect 
2011/09/26 09:43:48 INFO  - jmeter.threads.JMeterThread: Thread started: Thread Group 1-18 
2011/09/26 09:43:48 INFO  - jmeter.threads.JMeterThread: Thread finished: Thread Group 1-18 
2011/09/26 09:43:48 INFO  - jmeter.threads.JMeterThread: Stopping: Thread Group 1-15 
2011/09/26 09:43:48 INFO  - jmeter.threads.JMeterThread: Thread started: Thread Group 1-17 
2011/09/26 09:43:48 INFO  - jmeter.threads.JMeterThread: Stopping: Thread Group 1-16 
2011/09/26 09:43:48 INFO  - jmeter.threads.JMeterThread: Thread finished: Thread Group 1-17 
2011/09/26 09:43:48 INFO  - jmeter.threads.JMeterThread: Stopping: Thread Group 1-7 
2011/09/26 09:43:48 INFO  - jmeter.engine.StandardJMeterEngine: Ending thread Thread Group 1-17 
2011/09/26 09:43:48 INFO  - jmeter.threads.JMeterThread: Stopping: Thread Group 1-20 
2011/09/26 09:43:48 INFO  - jmeter.threads.JMeterThread: Stopping: Thread Group 1-10 
2011/09/26 09:43:48 INFO  - jmeter.threads.JMeterThread: Thread started: Thread Group 1-12 
2011/09/26 09:43:48 INFO  - jmeter.threads.JMeterThread: Stopping: Thread Group 1-3 
2011/09/26 09:43:48 INFO  - jmeter.threads.JMeterThread: Thread finished: Thread Group 1-12 
2011/09/26 09:43:48 WARN  - jmeter.threads.JMeterThread: Interrupting: Thread Group 1-3 sampler: 2 HTTP Request 
2011/09/26 09:43:48 INFO  - jmeter.engine.StandardJMeterEngine: Ending thread Thread Group 1-12 
2011/09/26 09:43:48 INFO  - jmeter.threads.JMeterThread: Thread started: Thread Group 1-15 
2011/09/26 09:43:48 INFO  - jmeter.threads.JMeterThread: Thread finished: Thread Group 1-15 
2011/09/26 09:43:48 INFO  - jmeter.engine.StandardJMeterEngine: Ending thread Thread Group 1-15 
2011/09/26 09:43:48 INFO  - jmeter.threads.JMeterThread: Thread started: Thread Group 1-16 
2011/09/26 09:43:48 INFO  - jmeter.threads.JMeterThread: Thread finished: Thread Group 1-16 
2011/09/26 09:43:48 INFO  - jmeter.engine.StandardJMeterEngine: Ending thread Thread Group 1-16 
2011/09/26 09:43:48 INFO  - jmeter.threads.JMeterThread: Thread started: Thread Group 1-7 
2011/09/26 09:43:48 INFO  - jmeter.threads.JMeterThread: Thread finished: Thread Group 1-7 
2011/09/26 09:43:48 INFO  - jmeter.engine.StandardJMeterEngine: Ending thread Thread Group 1-7 
2011/09/26 09:43:48 INFO  - jmeter.threads.JMeterThread: Thread started: Thread Group 1-20 
2011/09/26 09:43:48 INFO  - jmeter.threads.JMeterThread: Thread finished: Thread Group 1-20 
2011/09/26 09:43:48 INFO  - jmeter.engine.StandardJMeterEngine: Ending thread Thread Group 1-20 
2011/09/26 09:43:48 INFO  - jmeter.threads.JMeterThread: Thread started: Thread Group 1-10 
2011/09/26 09:43:48 INFO  - jmeter.threads.JMeterThread: Thread finished: Thread Group 1-10 
2011/09/26 09:43:48 INFO  - jmeter.engine.StandardJMeterEngine: Ending thread Thread Group 1-10 
2011/09/26 09:43:48 INFO  - jmeter.engine.StandardJMeterEngine: Ending thread Thread Group 1-18 
2011/09/26 09:43:48 INFO  - jmeter.threads.JMeterThread: Thread finished: Thread Group 1-1 
2011/09/26 09:43:48 INFO  - jmeter.engine.StandardJMeterEngine: Ending thread Thread Group 1-1 
2011/09/26 09:43:48 INFO  - org.apache.jmeter.protocol.http.sampler.HTTPHC4Impl$3: I/O exception (java.net.SocketException) caught when connecting to the target host: Software caused connection abort 
2011/09/26 09:43:48 INFO  - org.apache.jmeter.protocol.http.sampler.HTTPHC4Impl$3: Retrying connect 
2011/09/26 09:43:48 INFO  - jmeter.threads.JMeterThread: Stopping: Thread Group 1-9 
2011/09/26 09:43:48 INFO  - jmeter.threads.JMeterThread: Stopping: Thread Group 1-6 
2011/09/26 09:43:48 INFO  - jmeter.threads.JMeterThread: Stopping: Thread Group 1-2 
2011/09/26 09:43:48 WARN  - jmeter.threads.JMeterThread: Interrupting: Thread Group 1-2 sampler: 7 HTTP Request 
2011/09/26 09:43:48 INFO  - org.apache.jmeter.protocol.http.sampler.HTTPHC4Impl$3: I/O exception (java.net.SocketException) caught when connecting to the target host: Software caused connection abort 
2011/09/26 09:43:48 INFO  - org.apache.jmeter.protocol.http.sampler.HTTPHC4Impl$3: Retrying connect 
2011/09/26 09:43:48 INFO  - jmeter.threads.JMeterThread: Thread started: Thread Group 1-6 
2011/09/26 09:43:48 INFO  - jmeter.threads.JMeterThread: Thread started: Thread Group 1-9 
2011/09/26 09:43:48 INFO  - jmeter.threads.JMeterThread: Thread finished: Thread Group 1-6 
2011/09/26 09:43:48 INFO  - jmeter.threads.JMeterThread: Thread finished: Thread Group 1-9 
2011/09/26 09:43:48 INFO  - jmeter.threads.JMeterThread: Thread finished: Thread Group 1-3 
2011/09/26 09:43:48 INFO  - jmeter.threads.JMeterThread: Thread finished: Thread Group 1-2 
2011/09/26 09:43:48 INFO  - jmeter.engine.StandardJMeterEngine: Ending thread Thread Group 1-6 
2011/09/26 09:43:48 INFO  - jmeter.threads.JMeterThread: Stopping: Thread Group 1-8 
2011/09/26 09:43:48 INFO  - jmeter.engine.StandardJMeterEngine: Ending thread Thread Group 1-3 
2011/09/26 09:43:48 INFO  - jmeter.threads.JMeterThread: Thread started: Thread Group 1-8 
2011/09/26 09:43:48 INFO  - jmeter.threads.JMeterThread: Thread finished: Thread Group 1-8 
2011/09/26 09:43:48 INFO  - jmeter.threads.JMeterThread: Stopping: Thread Group 1-5 
2011/09/26 09:43:48 INFO  - jmeter.engine.StandardJMeterEngine: Ending thread Thread Group 1-9 
2011/09/26 09:43:48 INFO  - jmeter.threads.JMeterThread: Thread started: Thread Group 1-5 
2011/09/26 09:43:48 INFO  - jmeter.threads.JMeterThread: Thread finished: Thread Group 1-5 
2011/09/26 09:43:48 INFO  - jmeter.engine.StandardJMeterEngine: Ending thread Thread Group 1-5 
2011/09/26 09:43:48 INFO  - jmeter.threads.JMeterThread: Stopping: Thread Group 1-14 
2011/09/26 09:43:48 INFO  - jmeter.engine.StandardJMeterEngine: Ending thread Thread Group 1-8 
2011/09/26 09:43:48 INFO  - jmeter.threads.JMeterThread: Thread started: Thread Group 1-14 
2011/09/26 09:43:48 INFO  - jmeter.threads.JMeterThread: Stopping: Thread Group 1-13 
2011/09/26 09:43:48 INFO  - jmeter.threads.JMeterThread: Thread finished: Thread Group 1-14 
2011/09/26 09:43:48 INFO  - jmeter.threads.JMeterThread: Thread started: Thread Group 1-13 
2011/09/26 09:43:48 INFO  - jmeter.engine.StandardJMeterEngine: Ending thread Thread Group 1-2 
2011/09/26 09:43:48 INFO  - jmeter.threads.JMeterThread: Thread finished: Thread Group 1-13 
2011/09/26 09:43:48 INFO  - jmeter.engine.StandardJMeterEngine: Ending thread Thread Group 1-13 
2011/09/26 09:43:48 INFO  - jmeter.engine.StandardJMeterEngine: Ending thread Thread Group 1-14 
2011/09/26 09:43:48 INFO  - jmeter.threads.JMeterThread: Stopping: Thread Group 1-4 
2011/09/26 09:43:48 WARN  - jmeter.threads.JMeterThread: Interrupting: Thread Group 1-4 sampler: 1 HTTP Request 
2011/09/26 09:43:48 INFO  - jmeter.threads.JMeterThread: Stopping: Thread Group 1-19 
2011/09/26 09:43:48 INFO  - jmeter.threads.JMeterThread: Stopping: Thread Group 1-11 
2011/09/26 09:43:48 INFO  - jmeter.threads.JMeterThread: Thread finished: Thread Group 1-4 
2011/09/26 09:43:48 INFO  - jmeter.engine.StandardJMeterEngine: Ending thread Thread Group 1-4 
2011/09/26 09:43:48 INFO  - jmeter.threads.JMeterThread: Thread started: Thread Group 1-19 
2011/09/26 09:43:48 INFO  - jmeter.threads.JMeterThread: Thread started: Thread Group 1-11 
2011/09/26 09:43:48 INFO  - jmeter.threads.JMeterThread: Thread finished: Thread Group 1-19 
2011/09/26 09:43:48 INFO  - jmeter.threads.JMeterThread: Thread finished: Thread Group 1-11 
2011/09/26 09:43:48 INFO  - jmeter.engine.StandardJMeterEngine: Ending thread Thread Group 1-19 
2011/09/26 09:43:48 INFO  - jmeter.engine.StandardJMeterEngine: Ending thread Thread Group 1-11 
2011/09/26 09:43:48 INFO  - jmeter.engine.StandardJMeterEngine: Notifying test listeners of end of test 
2011/09/26 09:43:48 INFO  - jmeter.gui.util.JMeterMenuBar: setRunning(false,*local*) 
2011/09/26 09:43:48 INFO  - jmeter.engine.StandardJMeterEngine: Test has ended on host null 
2011/09/26 09:44:45 INFO  - jmeter.engine.StandardJMeterEngine: Running the test! 
2011/09/26 09:44:45 INFO  - jmeter.gui.util.JMeterMenuBar: setRunning(true,*local*) 
2011/09/26 09:44:45 INFO  - jmeter.engine.StandardJMeterEngine: Starting 50 threads for group Thread Group. 
2011/09/26 09:44:45 INFO  - jmeter.engine.StandardJMeterEngine: Thread will continue on error 
2011/09/26 09:44:46 INFO  - jmeter.threads.JMeterThread: Thread started: Thread Group 1-1 
2011/09/26 09:44:46 INFO  - jmeter.engine.StandardJMeterEngine: All threads have been started 
2011/09/26 09:44:48 INFO  - jmeter.threads.JMeterThread: Thread started: Thread Group 1-2 
2011/09/26 09:44:50 INFO  - jmeter.threads.JMeterThread: Thread started: Thread Group 1-3 
2011/09/26 09:44:52 INFO  - jmeter.threads.JMeterThread: Thread started: Thread Group 1-4 
2011/09/26 09:44:54 INFO  - jmeter.threads.JMeterThread: Thread started: Thread Group 1-5 
2011/09/26 09:44:56 INFO  - jmeter.threads.JMeterThread: Thread started: Thread Group 1-6 
2011/09/26 09:44:58 INFO  - jmeter.threads.JMeterThread: Thread started: Thread Group 1-7 
2011/09/26 09:45:00 INFO  - jmeter.threads.JMeterThread: Thread started: Thread Group 1-8 
2011/09/26 09:45:02 INFO  - jmeter.threads.JMeterThread: Thread started: Thread Group 1-9 
2011/09/26 09:45:04 INFO  - jmeter.threads.JMeterThread: Thread started: Thread Group 1-10 
2011/09/26 09:45:06 INFO  - jmeter.threads.JMeterThread: Thread started: Thread Group 1-11 
2011/09/26 09:45:08 INFO  - jmeter.threads.JMeterThread: Thread started: Thread Group 1-12 
2011/09/26 09:45:10 INFO  - jmeter.threads.JMeterThread: Thread started: Thread Group 1-13 
2011/09/26 09:45:12 INFO  - jmeter.threads.JMeterThread: Thread started: Thread Group 1-14 
2011/09/26 09:45:14 INFO  - jmeter.threads.JMeterThread: Thread started: Thread Group 1-15 
2011/09/26 09:45:16 INFO  - jmeter.threads.JMeterThread: Thread started: Thread Group 1-16 
2011/09/26 09:45:18 INFO  - jmeter.threads.JMeterThread: Thread started: Thread Group 1-17 
2011/09/26 09:45:20 INFO  - jmeter.threads.JMeterThread: Thread started: Thread Group 1-18 
2011/09/26 09:45:22 INFO  - jmeter.threads.JMeterThread: Thread started: Thread Group 1-19 
2011/09/26 09:45:24 INFO  - jmeter.threads.JMeterThread: Thread started: Thread Group 1-20 
2011/09/26 09:45:26 INFO  - jmeter.threads.JMeterThread: Thread started: Thread Group 1-21 
2011/09/26 09:45:28 INFO  - jmeter.threads.JMeterThread: Thread started: Thread Group 1-22 
2011/09/26 09:45:30 INFO  - jmeter.threads.JMeterThread: Thread started: Thread Group 1-23 
2011/09/26 09:45:32 INFO  - jmeter.threads.JMeterThread: Thread started: Thread Group 1-24 
2011/09/26 09:45:34 INFO  - jmeter.threads.JMeterThread: Thread started: Thread Group 1-25 
2011/09/26 09:45:36 INFO  - jmeter.threads.JMeterThread: Thread started: Thread Group 1-26 
2011/09/26 09:45:38 INFO  - jmeter.threads.JMeterThread: Thread started: Thread Group 1-27 
2011/09/26 09:45:40 INFO  - jmeter.threads.JMeterThread: Thread started: Thread Group 1-28 
2011/09/26 09:45:42 INFO  - jmeter.threads.JMeterThread: Thread started: Thread Group 1-29 
2011/09/26 09:45:44 INFO  - jmeter.threads.JMeterThread: Thread started: Thread Group 1-30 
2011/09/26 09:45:46 INFO  - jmeter.threads.JMeterThread: Thread started: Thread Group 1-31 
2011/09/26 09:45:48 INFO  - jmeter.threads.JMeterThread: Thread started: Thread Group 1-32 
2011/09/26 09:45:50 INFO  - jmeter.threads.JMeterThread: Thread started: Thread Group 1-33 
2011/09/26 09:45:52 INFO  - jmeter.threads.JMeterThread: Thread started: Thread Group 1-34 
2011/09/26 09:45:54 INFO  - jmeter.threads.JMeterThread: Thread started: Thread Group 1-35 
2011/09/26 09:45:56 INFO  - jmeter.threads.JMeterThread: Thread started: Thread Group 1-36 
2011/09/26 09:45:58 INFO  - jmeter.threads.JMeterThread: Thread started: Thread Group 1-37 
2011/09/26 09:46:00 INFO  - jmeter.threads.JMeterThread: Thread started: Thread Group 1-38 
2011/09/26 09:46:02 INFO  - jmeter.threads.JMeterThread: Thread started: Thread Group 1-39 
2011/09/26 09:46:04 INFO  - jmeter.threads.JMeterThread: Thread started: Thread Group 1-40 
2011/09/26 09:46:06 INFO  - jmeter.threads.JMeterThread: Thread started: Thread Group 1-41 
2011/09/26 09:46:07 INFO  - jmeter.gui.action.Start: Stopping test 
2011/09/26 09:46:07 INFO  - jmeter.threads.JMeterThread: Stopping: Thread Group 1-41 
2011/09/26 09:46:07 WARN  - jmeter.threads.JMeterThread: Interrupting: Thread Group 1-41 sampler: 1 HTTP Request 
2011/09/26 09:46:07 INFO  - jmeter.threads.JMeterThread: Stopping: Thread Group 1-32 
2011/09/26 09:46:07 WARN  - jmeter.threads.JMeterThread: Interrupting: Thread Group 1-32 sampler: 5 HTTP Request 
2011/09/26 09:46:07 INFO  - org.apache.jmeter.protocol.http.sampler.HTTPHC4Impl$3: I/O exception (java.net.SocketException) caught when connecting to the target host: Software caused connection abort 
2011/09/26 09:46:07 INFO  - org.apache.jmeter.protocol.http.sampler.HTTPHC4Impl$3: Retrying connect 
2011/09/26 09:46:07 INFO  - jmeter.threads.JMeterThread: Thread finished: Thread Group 1-32 
2011/09/26 09:46:07 INFO  - jmeter.threads.JMeterThread: Thread finished: Thread Group 1-41 
2011/09/26 09:46:07 INFO  - jmeter.engine.StandardJMeterEngine: Ending thread Thread Group 1-41 
2011/09/26 09:46:08 INFO  - jmeter.threads.JMeterThread: Thread started: Thread Group 1-42 
2011/09/26 09:46:10 INFO  - jmeter.threads.JMeterThread: Thread started: Thread Group 1-43 
2011/09/26 09:46:12 INFO  - jmeter.threads.JMeterThread: Thread started: Thread Group 1-44 
2011/09/26 09:46:14 INFO  - jmeter.threads.JMeterThread: Thread started: Thread Group 1-45 
2011/09/26 09:46:16 INFO  - jmeter.threads.JMeterThread: Thread started: Thread Group 1-46 
2011/09/26 09:46:18 INFO  - jmeter.threads.JMeterThread: Thread started: Thread Group 1-47 
2011/09/26 09:46:20 INFO  - jmeter.threads.JMeterThread: Thread started: Thread Group 1-48 
2011/09/26 09:46:22 INFO  - jmeter.threads.JMeterThread: Thread started: Thread Group 1-49 
2011/09/26 09:46:24 INFO  - jmeter.threads.JMeterThread: Thread started: Thread Group 1-50 
