2015/08/27 20:54:10 INFO  - jmeter.util.JMeterUtils: Setting Locale to en_US 
2015/08/27 20:54:10 INFO  - jmeter.JMeter: Loading user properties from: C:\javatools\apache-jmeter-2.13\bin\user.properties 
2015/08/27 20:54:10 INFO  - jmeter.JMeter: Loading system properties from: C:\javatools\apache-jmeter-2.13\bin\system.properties 
2015/08/27 20:54:10 INFO  - jmeter.JMeter: Copyright (c) 1998-2015 The Apache Software Foundation 
2015/08/27 20:54:10 INFO  - jmeter.JMeter: Version 2.13 r1665067 
2015/08/27 20:54:10 INFO  - jmeter.JMeter: java.version=1.7.0_10 
2015/08/27 20:54:10 INFO  - jmeter.JMeter: java.vm.name=Java HotSpot(TM) 64-Bit Server VM 
2015/08/27 20:54:10 INFO  - jmeter.JMeter: os.name=Windows 7 
2015/08/27 20:54:10 INFO  - jmeter.JMeter: os.arch=amd64 
2015/08/27 20:54:10 INFO  - jmeter.JMeter: os.version=6.1 
2015/08/27 20:54:10 INFO  - jmeter.JMeter: file.encoding=Cp1252 
2015/08/27 20:54:10 INFO  - jmeter.JMeter: Default Locale=English (United States) 
2015/08/27 20:54:10 INFO  - jmeter.JMeter: JMeter  Locale=English (United States) 
2015/08/27 20:54:10 INFO  - jmeter.JMeter: JMeterHome=C:\javatools\apache-jmeter-2.13 
2015/08/27 20:54:10 INFO  - jmeter.JMeter: user.dir  =C:\javatools\apache-jmeter-2.13\bin 
2015/08/27 20:54:10 INFO  - jmeter.JMeter: PWD       =C:\javatools\apache-jmeter-2.13\bin 
2015/08/27 20:54:10 INFO  - jmeter.JMeter: IP: 10.165.230.220 Name: DTV-H90859 FullName: DTV-H90859.LA.FRD.DIRECTV.com 
2015/08/27 20:54:10 INFO  - jmeter.gui.action.LookAndFeelCommand: Using look and feel: javax.swing.plaf.metal.MetalLookAndFeel [Metal, CrossPlatform] 
2015/08/27 20:54:10 INFO  - jmeter.JMeter: Loaded icon properties from org/apache/jmeter/images/icon.properties 
2015/08/27 20:54:11 INFO  - jmeter.engine.util.CompoundVariable: Note: Function class names must contain the string: '.functions.' 
2015/08/27 20:54:11 INFO  - jmeter.engine.util.CompoundVariable: Note: Function class names must not contain the string: '.gui.' 
2015/08/27 20:54:11 INFO  - jmeter.util.BSFTestElement: Registering JMeter version of JavaScript engine as work-round for BSF-22 
2015/08/27 20:54:12 INFO  - jmeter.protocol.http.sampler.HTTPSamplerBase: Cannot find .className property for htmlParser, using default 
2015/08/27 20:54:12 INFO  - jmeter.protocol.http.sampler.HTTPSamplerBase: Parser for text/html is  
2015/08/27 20:54:12 INFO  - jmeter.protocol.http.sampler.HTTPSamplerBase: Parser for application/xhtml+xml is  
2015/08/27 20:54:12 INFO  - jmeter.protocol.http.sampler.HTTPSamplerBase: Parser for application/xml is  
2015/08/27 20:54:12 INFO  - jmeter.protocol.http.sampler.HTTPSamplerBase: Parser for text/xml is  
2015/08/27 20:54:12 INFO  - jmeter.protocol.http.sampler.HTTPSamplerBase: Parser for text/vnd.wap.wml is org.apache.jmeter.protocol.http.parser.RegexpHTMLParser 
2015/08/27 20:54:12 INFO  - jmeter.gui.util.MenuFactory: Skipping org.apache.jmeter.protocol.http.control.gui.WebServiceSamplerGui 
2015/08/27 20:54:12 INFO  - jmeter.gui.util.MenuFactory: Skipping org.apache.jmeter.protocol.http.modifier.gui.ParamModifierGui 
2015/08/27 20:54:12 INFO  - jorphan.exec.KeyToolUtils: keytool found at 'keytool' 
2015/08/27 20:54:12 INFO  - jmeter.protocol.http.proxy.ProxyControl: HTTP(S) Test Script Recorder SSL Proxy will use keys that support embedded 3rd party resources in file C:\javatools\apache-jmeter-2.13\bin\proxyserver.jks 
2015/08/27 20:54:13 INFO  - jmeter.samplers.SampleResult: Note: Sample TimeStamps are START times 
2015/08/27 20:54:13 INFO  - jmeter.samplers.SampleResult: sampleresult.default.encoding is set to ISO-8859-1 
2015/08/27 20:54:13 INFO  - jmeter.samplers.SampleResult: sampleresult.useNanoTime=true 
2015/08/27 20:54:13 INFO  - jmeter.samplers.SampleResult: sampleresult.nanoThreadSleep=5000 
2015/08/27 20:54:20 INFO  - jmeter.services.FileServer: Default base='C:\javatools\apache-jmeter-2.13\bin' 
2015/08/27 20:54:20 INFO  - jmeter.gui.action.Load: Loading file: C:\javatools\apache-jmeter-2.13\Scripts\ADE-Req.jmx 
2015/08/27 20:54:20 INFO  - jmeter.services.FileServer: Set new base='C:\javatools\apache-jmeter-2.13\Scripts' 
2015/08/27 20:54:20 INFO  - jmeter.save.SaveService: Testplan (JMX) version: 2.2. Testlog (JTL) version: 2.2 
2015/08/27 20:54:20 INFO  - jmeter.save.SaveService: Using SaveService properties file encoding UTF-8 
2015/08/27 20:54:20 INFO  - jmeter.save.SaveService: Using SaveService properties file version 1656252 
2015/08/27 20:54:20 INFO  - jmeter.save.SaveService: Using SaveService properties version 2.8 
2015/08/27 20:54:20 INFO  - jmeter.save.SaveService: All converter versions present and correct 
2015/08/27 20:54:20 INFO  - jmeter.save.SaveService: Loading file: C:\javatools\apache-jmeter-2.13\Scripts\ADE-Req.jmx 
2015/08/27 20:54:20 INFO  - jmeter.protocol.http.sampler.HTTPHCAbstractImpl: Local host = DTV-H90859 
2015/08/27 20:54:20 INFO  - jmeter.protocol.http.sampler.HTTPHC3Impl: HTTP request retry count = 0 
2015/08/27 20:54:20 INFO  - jmeter.services.FileServer: Set new base='C:\javatools\apache-jmeter-2.13\Scripts' 
2015/08/27 20:54:33 ERROR - jmeter.JMeter: Uncaught exception:  java.lang.NullPointerException
	at java.lang.String.endsWith(String.java:1429)
	at org.apache.jmeter.gui.JMeterFileFilter.accept(JMeterFileFilter.java:96)
	at org.apache.jmeter.gui.JMeterFileFilter.accept(JMeterFileFilter.java:75)
	at javax.swing.JFileChooser.setFileFilter(JFileChooser.java:1436)
	at javax.swing.JFileChooser.addChoosableFileFilter(JFileChooser.java:1135)
	at org.apache.jmeter.gui.util.FileDialoger.promptToOpenFile(FileDialoger.java:131)
	at org.apache.jmeter.gui.util.FilePanelEntry.actionPerformed(FilePanelEntry.java:141)
	at javax.swing.AbstractButton.fireActionPerformed(AbstractButton.java:2018)
	at javax.swing.AbstractButton$Handler.actionPerformed(AbstractButton.java:2341)
	at javax.swing.DefaultButtonModel.fireActionPerformed(DefaultButtonModel.java:402)
	at javax.swing.DefaultButtonModel.setPressed(DefaultButtonModel.java:259)
	at javax.swing.plaf.basic.BasicButtonListener.mouseReleased(BasicButtonListener.java:252)
	at java.awt.Component.processMouseEvent(Component.java:6505)
	at javax.swing.JComponent.processMouseEvent(JComponent.java:3321)
	at java.awt.Component.processEvent(Component.java:6270)
	at java.awt.Container.processEvent(Container.java:2229)
	at java.awt.Component.dispatchEventImpl(Component.java:4861)
	at java.awt.Container.dispatchEventImpl(Container.java:2287)
	at java.awt.Component.dispatchEvent(Component.java:4687)
	at java.awt.LightweightDispatcher.retargetMouseEvent(Container.java:4832)
	at java.awt.LightweightDispatcher.processMouseEvent(Container.java:4492)
	at java.awt.LightweightDispatcher.dispatchEvent(Container.java:4422)
	at java.awt.Container.dispatchEventImpl(Container.java:2273)
	at java.awt.Window.dispatchEventImpl(Window.java:2719)
	at java.awt.Component.dispatchEvent(Component.java:4687)
	at java.awt.EventQueue.dispatchEventImpl(EventQueue.java:723)
	at java.awt.EventQueue.access$200(EventQueue.java:103)
	at java.awt.EventQueue$3.run(EventQueue.java:682)
	at java.awt.EventQueue$3.run(EventQueue.java:680)
	at java.security.AccessController.doPrivileged(Native Method)
	at java.security.ProtectionDomain$1.doIntersectionPrivilege(ProtectionDomain.java:76)
	at java.security.ProtectionDomain$1.doIntersectionPrivilege(ProtectionDomain.java:87)
	at java.awt.EventQueue$4.run(EventQueue.java:696)
	at java.awt.EventQueue$4.run(EventQueue.java:694)
	at java.security.AccessController.doPrivileged(Native Method)
	at java.security.ProtectionDomain$1.doIntersectionPrivilege(ProtectionDomain.java:76)
	at java.awt.EventQueue.dispatchEvent(EventQueue.java:693)
	at java.awt.EventDispatchThread.pumpOneEventForFilters(EventDispatchThread.java:242)
	at java.awt.EventDispatchThread.pumpEventsForFilter(EventDispatchThread.java:161)
	at java.awt.EventDispatchThread.pumpEventsForHierarchy(EventDispatchThread.java:150)
	at java.awt.EventDispatchThread.pumpEvents(EventDispatchThread.java:146)
	at java.awt.EventDispatchThread.pumpEvents(EventDispatchThread.java:138)
	at java.awt.EventDispatchThread.run(EventDispatchThread.java:91)

2015/08/27 20:54:33 ERROR - jmeter.JMeter: Uncaught exception:  java.lang.NullPointerException
	at java.lang.String.endsWith(String.java:1429)
	at org.apache.jmeter.gui.JMeterFileFilter.accept(JMeterFileFilter.java:96)
	at org.apache.jmeter.gui.JMeterFileFilter.accept(JMeterFileFilter.java:75)
	at javax.swing.JFileChooser.accept(JFileChooser.java:1617)
	at javax.swing.plaf.basic.BasicDirectoryModel$LoadFilesThread.run0(BasicDirectoryModel.java:252)
	at javax.swing.plaf.basic.BasicDirectoryModel$LoadFilesThread.run(BasicDirectoryModel.java:228)

2015/08/27 20:58:12 ERROR - jmeter.JMeter: Uncaught exception:  java.lang.NullPointerException
	at java.lang.String.endsWith(String.java:1429)
	at org.apache.jmeter.gui.JMeterFileFilter.accept(JMeterFileFilter.java:96)
	at org.apache.jmeter.gui.JMeterFileFilter.accept(JMeterFileFilter.java:75)
	at javax.swing.JFileChooser.setFileFilter(JFileChooser.java:1436)
	at javax.swing.JFileChooser.addChoosableFileFilter(JFileChooser.java:1135)
	at org.apache.jmeter.gui.util.FileDialoger.promptToOpenFile(FileDialoger.java:131)
	at org.apache.jmeter.gui.util.FilePanelEntry.actionPerformed(FilePanelEntry.java:141)
	at javax.swing.AbstractButton.fireActionPerformed(AbstractButton.java:2018)
	at javax.swing.AbstractButton$Handler.actionPerformed(AbstractButton.java:2341)
	at javax.swing.DefaultButtonModel.fireActionPerformed(DefaultButtonModel.java:402)
	at javax.swing.DefaultButtonModel.setPressed(DefaultButtonModel.java:259)
	at javax.swing.plaf.basic.BasicButtonListener.mouseReleased(BasicButtonListener.java:252)
	at java.awt.Component.processMouseEvent(Component.java:6505)
	at javax.swing.JComponent.processMouseEvent(JComponent.java:3321)
	at java.awt.Component.processEvent(Component.java:6270)
	at java.awt.Container.processEvent(Container.java:2229)
	at java.awt.Component.dispatchEventImpl(Component.java:4861)
	at java.awt.Container.dispatchEventImpl(Container.java:2287)
	at java.awt.Component.dispatchEvent(Component.java:4687)
	at java.awt.LightweightDispatcher.retargetMouseEvent(Container.java:4832)
	at java.awt.LightweightDispatcher.processMouseEvent(Container.java:4492)
	at java.awt.LightweightDispatcher.dispatchEvent(Container.java:4422)
	at java.awt.Container.dispatchEventImpl(Container.java:2273)
	at java.awt.Window.dispatchEventImpl(Window.java:2719)
	at java.awt.Component.dispatchEvent(Component.java:4687)
	at java.awt.EventQueue.dispatchEventImpl(EventQueue.java:723)
	at java.awt.EventQueue.access$200(EventQueue.java:103)
	at java.awt.EventQueue$3.run(EventQueue.java:682)
	at java.awt.EventQueue$3.run(EventQueue.java:680)
	at java.security.AccessController.doPrivileged(Native Method)
	at java.security.ProtectionDomain$1.doIntersectionPrivilege(ProtectionDomain.java:76)
	at java.security.ProtectionDomain$1.doIntersectionPrivilege(ProtectionDomain.java:87)
	at java.awt.EventQueue$4.run(EventQueue.java:696)
	at java.awt.EventQueue$4.run(EventQueue.java:694)
	at java.security.AccessController.doPrivileged(Native Method)
	at java.security.ProtectionDomain$1.doIntersectionPrivilege(ProtectionDomain.java:76)
	at java.awt.EventQueue.dispatchEvent(EventQueue.java:693)
	at java.awt.EventDispatchThread.pumpOneEventForFilters(EventDispatchThread.java:242)
	at java.awt.EventDispatchThread.pumpEventsForFilter(EventDispatchThread.java:161)
	at java.awt.EventDispatchThread.pumpEventsForHierarchy(EventDispatchThread.java:150)
	at java.awt.EventDispatchThread.pumpEvents(EventDispatchThread.java:146)
	at java.awt.EventDispatchThread.pumpEvents(EventDispatchThread.java:138)
	at java.awt.EventDispatchThread.run(EventDispatchThread.java:91)

2015/08/27 20:58:12 ERROR - jmeter.JMeter: Uncaught exception:  java.lang.NullPointerException
	at java.lang.String.endsWith(String.java:1429)
	at org.apache.jmeter.gui.JMeterFileFilter.accept(JMeterFileFilter.java:96)
	at org.apache.jmeter.gui.JMeterFileFilter.accept(JMeterFileFilter.java:75)
	at javax.swing.JFileChooser.accept(JFileChooser.java:1617)
	at javax.swing.plaf.basic.BasicDirectoryModel$LoadFilesThread.run0(BasicDirectoryModel.java:252)
	at javax.swing.plaf.basic.BasicDirectoryModel$LoadFilesThread.run(BasicDirectoryModel.java:228)

2015/08/27 20:58:24 ERROR - jmeter.JMeter: Uncaught exception:  java.lang.NullPointerException
	at java.lang.String.endsWith(String.java:1429)
	at org.apache.jmeter.gui.JMeterFileFilter.accept(JMeterFileFilter.java:96)
	at org.apache.jmeter.gui.JMeterFileFilter.accept(JMeterFileFilter.java:75)
	at javax.swing.JFileChooser.setFileFilter(JFileChooser.java:1436)
	at javax.swing.JFileChooser.addChoosableFileFilter(JFileChooser.java:1135)
	at org.apache.jmeter.gui.util.FileDialoger.promptToOpenFile(FileDialoger.java:131)
	at org.apache.jmeter.gui.util.FilePanelEntry.actionPerformed(FilePanelEntry.java:141)
	at javax.swing.AbstractButton.fireActionPerformed(AbstractButton.java:2018)
	at javax.swing.AbstractButton$Handler.actionPerformed(AbstractButton.java:2341)
	at javax.swing.DefaultButtonModel.fireActionPerformed(DefaultButtonModel.java:402)
	at javax.swing.DefaultButtonModel.setPressed(DefaultButtonModel.java:259)
	at javax.swing.plaf.basic.BasicButtonListener.mouseReleased(BasicButtonListener.java:252)
	at java.awt.Component.processMouseEvent(Component.java:6505)
	at javax.swing.JComponent.processMouseEvent(JComponent.java:3321)
	at java.awt.Component.processEvent(Component.java:6270)
	at java.awt.Container.processEvent(Container.java:2229)
	at java.awt.Component.dispatchEventImpl(Component.java:4861)
	at java.awt.Container.dispatchEventImpl(Container.java:2287)
	at java.awt.Component.dispatchEvent(Component.java:4687)
	at java.awt.LightweightDispatcher.retargetMouseEvent(Container.java:4832)
	at java.awt.LightweightDispatcher.processMouseEvent(Container.java:4492)
	at java.awt.LightweightDispatcher.dispatchEvent(Container.java:4422)
	at java.awt.Container.dispatchEventImpl(Container.java:2273)
	at java.awt.Window.dispatchEventImpl(Window.java:2719)
	at java.awt.Component.dispatchEvent(Component.java:4687)
	at java.awt.EventQueue.dispatchEventImpl(EventQueue.java:723)
	at java.awt.EventQueue.access$200(EventQueue.java:103)
	at java.awt.EventQueue$3.run(EventQueue.java:682)
	at java.awt.EventQueue$3.run(EventQueue.java:680)
	at java.security.AccessController.doPrivileged(Native Method)
	at java.security.ProtectionDomain$1.doIntersectionPrivilege(ProtectionDomain.java:76)
	at java.security.ProtectionDomain$1.doIntersectionPrivilege(ProtectionDomain.java:87)
	at java.awt.EventQueue$4.run(EventQueue.java:696)
	at java.awt.EventQueue$4.run(EventQueue.java:694)
	at java.security.AccessController.doPrivileged(Native Method)
	at java.security.ProtectionDomain$1.doIntersectionPrivilege(ProtectionDomain.java:76)
	at java.awt.EventQueue.dispatchEvent(EventQueue.java:693)
	at java.awt.EventDispatchThread.pumpOneEventForFilters(EventDispatchThread.java:242)
	at java.awt.EventDispatchThread.pumpEventsForFilter(EventDispatchThread.java:161)
	at java.awt.EventDispatchThread.pumpEventsForHierarchy(EventDispatchThread.java:150)
	at java.awt.EventDispatchThread.pumpEvents(EventDispatchThread.java:146)
	at java.awt.EventDispatchThread.pumpEvents(EventDispatchThread.java:138)
	at java.awt.EventDispatchThread.run(EventDispatchThread.java:91)

2015/08/27 20:58:24 ERROR - jmeter.JMeter: Uncaught exception:  java.lang.NullPointerException
	at java.lang.String.endsWith(String.java:1429)
	at org.apache.jmeter.gui.JMeterFileFilter.accept(JMeterFileFilter.java:96)
	at org.apache.jmeter.gui.JMeterFileFilter.accept(JMeterFileFilter.java:75)
	at javax.swing.JFileChooser.accept(JFileChooser.java:1617)
	at javax.swing.plaf.basic.BasicDirectoryModel$LoadFilesThread.run0(BasicDirectoryModel.java:252)
	at javax.swing.plaf.basic.BasicDirectoryModel$LoadFilesThread.run(BasicDirectoryModel.java:228)

2015/08/27 21:00:07 INFO  - jmeter.engine.StandardJMeterEngine: Listeners will be started after enabling running version 
2015/08/27 21:00:07 INFO  - jmeter.engine.StandardJMeterEngine: To revert to the earlier behaviour, define jmeterengine.startlistenerslater=false 
2015/08/27 21:00:07 INFO  - jmeter.engine.StandardJMeterEngine: Running the test! 
2015/08/27 21:00:07 INFO  - jmeter.samplers.SampleEvent: List of sample_variables: [] 
2015/08/27 21:00:07 INFO  - jmeter.samplers.SampleEvent: List of sample_variables: [] 
2015/08/27 21:00:07 INFO  - jmeter.gui.util.JMeterMenuBar: setRunning(true,*local*) 
2015/08/27 21:00:08 INFO  - jmeter.engine.StandardJMeterEngine: Starting ThreadGroup: 1 : Number of Users 
2015/08/27 21:00:08 INFO  - jmeter.engine.StandardJMeterEngine: Starting 5 threads for group Number of Users. 
2015/08/27 21:00:08 INFO  - jmeter.engine.StandardJMeterEngine: Thread will continue on error 
2015/08/27 21:00:08 INFO  - jmeter.threads.ThreadGroup: Starting thread group number 1 threads 5 ramp-up 5 perThread 1000.0 delayedStart=false 
2015/08/27 21:00:08 INFO  - jmeter.threads.JMeterThread: jmeterthread.startearlier=true (see jmeter.properties) 
2015/08/27 21:00:08 INFO  - jmeter.threads.JMeterThread: Running PostProcessors in forward order 
2015/08/27 21:00:08 INFO  - jmeter.threads.ThreadGroup: Started thread group number 1 
2015/08/27 21:00:08 INFO  - jmeter.engine.StandardJMeterEngine: Starting ThreadGroup: 2 : Thread Group 
2015/08/27 21:00:08 INFO  - jmeter.engine.StandardJMeterEngine: Starting 1 threads for group Thread Group. 
2015/08/27 21:00:08 INFO  - jmeter.engine.StandardJMeterEngine: Thread will continue on error 
2015/08/27 21:00:08 INFO  - jmeter.threads.JMeterThread: Thread started: Number of Users 1-1 
2015/08/27 21:00:08 INFO  - jmeter.threads.ThreadGroup: Starting thread group number 2 threads 1 ramp-up 1 perThread 1000.0 delayedStart=false 
2015/08/27 21:00:08 INFO  - jmeter.threads.ThreadGroup: Started thread group number 2 
2015/08/27 21:00:08 INFO  - jmeter.engine.StandardJMeterEngine: All thread groups have been started 
2015/08/27 21:00:08 INFO  - jmeter.threads.JMeterThread: Thread started: Thread Group 2-1 
2015/08/27 21:00:08 INFO  - jmeter.protocol.http.sampler.HTTPHC4Impl: HTTP request retry count = 0 
2015/08/27 21:00:08 INFO  - jmeter.protocol.http.sampler.HTTPHC4Impl: Setting up HTTPS TrustAll scheme 
2015/08/27 21:00:08 INFO  - jmeter.util.JsseSSLManager: Using default SSL protocol: TLS 
2015/08/27 21:00:08 INFO  - jmeter.util.JsseSSLManager: SSL session context: per-thread 
2015/08/27 21:00:08 INFO  - jmeter.threads.JMeterThread: Thread is done: Number of Users 1-1 
2015/08/27 21:00:08 INFO  - jmeter.threads.JMeterThread: Thread finished: Number of Users 1-1 
2015/08/27 21:00:09 INFO  - jmeter.threads.JMeterThread: Thread started: Number of Users 1-2 
2015/08/27 21:00:09 INFO  - jmeter.threads.JMeterThread: Thread is done: Number of Users 1-2 
2015/08/27 21:00:09 INFO  - jmeter.threads.JMeterThread: Thread finished: Number of Users 1-2 
2015/08/27 21:00:09 INFO  - jmeter.threads.JMeterThread: Thread is done: Thread Group 2-1 
2015/08/27 21:00:09 INFO  - jmeter.threads.JMeterThread: Thread finished: Thread Group 2-1 
2015/08/27 21:00:10 INFO  - jmeter.threads.JMeterThread: Thread started: Number of Users 1-3 
2015/08/27 21:00:10 INFO  - jmeter.threads.JMeterThread: Thread is done: Number of Users 1-3 
2015/08/27 21:00:10 INFO  - jmeter.threads.JMeterThread: Thread finished: Number of Users 1-3 
2015/08/27 21:00:11 INFO  - jmeter.threads.JMeterThread: Thread started: Number of Users 1-4 
2015/08/27 21:00:11 INFO  - jmeter.threads.JMeterThread: Thread is done: Number of Users 1-4 
2015/08/27 21:00:11 INFO  - jmeter.threads.JMeterThread: Thread finished: Number of Users 1-4 
2015/08/27 21:00:12 INFO  - jmeter.threads.JMeterThread: Thread started: Number of Users 1-5 
2015/08/27 21:00:12 INFO  - jmeter.threads.JMeterThread: Thread is done: Number of Users 1-5 
2015/08/27 21:00:12 INFO  - jmeter.threads.JMeterThread: Thread finished: Number of Users 1-5 
2015/08/27 21:00:12 INFO  - jmeter.engine.StandardJMeterEngine: Notifying test listeners of end of test 
2015/08/27 21:00:12 INFO  - jmeter.gui.util.JMeterMenuBar: setRunning(false,*local*) 
2015/08/27 21:01:14 INFO  - jmeter.engine.StandardJMeterEngine: Running the test! 
2015/08/27 21:01:14 INFO  - jmeter.samplers.SampleEvent: List of sample_variables: [] 
2015/08/27 21:01:14 INFO  - jmeter.gui.util.JMeterMenuBar: setRunning(true,*local*) 
2015/08/27 21:01:14 INFO  - jmeter.engine.StandardJMeterEngine: Starting ThreadGroup: 1 : Number of Users 
2015/08/27 21:01:14 INFO  - jmeter.engine.StandardJMeterEngine: Starting 5 threads for group Number of Users. 
2015/08/27 21:01:14 INFO  - jmeter.engine.StandardJMeterEngine: Thread will continue on error 
2015/08/27 21:01:14 INFO  - jmeter.threads.ThreadGroup: Starting thread group number 1 threads 5 ramp-up 5 perThread 1000.0 delayedStart=false 
2015/08/27 21:01:14 INFO  - jmeter.threads.JMeterThread: Thread started: Number of Users 1-1 
2015/08/27 21:01:14 INFO  - jmeter.threads.ThreadGroup: Started thread group number 1 
2015/08/27 21:01:14 INFO  - jmeter.engine.StandardJMeterEngine: Starting ThreadGroup: 2 : Thread Group 
2015/08/27 21:01:14 INFO  - jmeter.engine.StandardJMeterEngine: Starting 1 threads for group Thread Group. 
2015/08/27 21:01:14 INFO  - jmeter.engine.StandardJMeterEngine: Thread will continue on error 
2015/08/27 21:01:14 INFO  - jmeter.threads.ThreadGroup: Starting thread group number 2 threads 1 ramp-up 1 perThread 1000.0 delayedStart=false 
2015/08/27 21:01:14 INFO  - jmeter.threads.ThreadGroup: Started thread group number 2 
2015/08/27 21:01:14 INFO  - jmeter.engine.StandardJMeterEngine: All thread groups have been started 
2015/08/27 21:01:14 INFO  - jmeter.threads.JMeterThread: Thread started: Thread Group 2-1 
2015/08/27 21:01:14 INFO  - jmeter.threads.JMeterThread: Thread is done: Number of Users 1-1 
2015/08/27 21:01:14 INFO  - jmeter.threads.JMeterThread: Thread finished: Number of Users 1-1 
2015/08/27 21:01:15 INFO  - jmeter.threads.JMeterThread: Thread started: Number of Users 1-2 
2015/08/27 21:01:15 INFO  - jmeter.threads.JMeterThread: Thread is done: Thread Group 2-1 
2015/08/27 21:01:15 INFO  - jmeter.threads.JMeterThread: Thread finished: Thread Group 2-1 
2015/08/27 21:01:15 INFO  - jmeter.threads.JMeterThread: Thread is done: Number of Users 1-2 
2015/08/27 21:01:15 INFO  - jmeter.threads.JMeterThread: Thread finished: Number of Users 1-2 
2015/08/27 21:01:16 INFO  - jmeter.threads.JMeterThread: Thread started: Number of Users 1-3 
2015/08/27 21:01:16 INFO  - jmeter.threads.JMeterThread: Thread is done: Number of Users 1-3 
2015/08/27 21:01:16 INFO  - jmeter.threads.JMeterThread: Thread finished: Number of Users 1-3 
2015/08/27 21:01:17 INFO  - jmeter.threads.JMeterThread: Thread started: Number of Users 1-4 
2015/08/27 21:01:17 INFO  - jmeter.threads.JMeterThread: Thread is done: Number of Users 1-4 
2015/08/27 21:01:17 INFO  - jmeter.threads.JMeterThread: Thread finished: Number of Users 1-4 
2015/08/27 21:01:18 INFO  - jmeter.threads.JMeterThread: Thread started: Number of Users 1-5 
2015/08/27 21:01:18 INFO  - jmeter.threads.JMeterThread: Thread is done: Number of Users 1-5 
2015/08/27 21:01:18 INFO  - jmeter.threads.JMeterThread: Thread finished: Number of Users 1-5 
2015/08/27 21:01:18 INFO  - jmeter.engine.StandardJMeterEngine: Notifying test listeners of end of test 
2015/08/27 21:01:18 INFO  - jmeter.gui.util.JMeterMenuBar: setRunning(false,*local*) 
2015/08/27 21:02:43 INFO  - jmeter.engine.StandardJMeterEngine: Running the test! 
2015/08/27 21:02:43 INFO  - jmeter.samplers.SampleEvent: List of sample_variables: [] 
2015/08/27 21:02:43 INFO  - jmeter.gui.util.JMeterMenuBar: setRunning(true,*local*) 
2015/08/27 21:02:43 INFO  - jmeter.engine.StandardJMeterEngine: Starting ThreadGroup: 1 : Number of Users 
2015/08/27 21:02:43 INFO  - jmeter.engine.StandardJMeterEngine: Starting 5 threads for group Number of Users. 
2015/08/27 21:02:43 INFO  - jmeter.engine.StandardJMeterEngine: Thread will continue on error 
2015/08/27 21:02:43 INFO  - jmeter.threads.ThreadGroup: Starting thread group number 1 threads 5 ramp-up 5 perThread 1000.0 delayedStart=false 
2015/08/27 21:02:43 INFO  - jmeter.threads.JMeterThread: Thread started: Number of Users 1-1 
2015/08/27 21:02:43 INFO  - jmeter.threads.ThreadGroup: Started thread group number 1 
2015/08/27 21:02:43 INFO  - jmeter.engine.StandardJMeterEngine: Starting ThreadGroup: 2 : Thread Group 
2015/08/27 21:02:43 INFO  - jmeter.engine.StandardJMeterEngine: Starting 1 threads for group Thread Group. 
2015/08/27 21:02:43 INFO  - jmeter.engine.StandardJMeterEngine: Thread will continue on error 
2015/08/27 21:02:43 INFO  - jmeter.threads.ThreadGroup: Starting thread group number 2 threads 1 ramp-up 1 perThread 1000.0 delayedStart=false 
2015/08/27 21:02:43 INFO  - jmeter.threads.ThreadGroup: Started thread group number 2 
2015/08/27 21:02:43 INFO  - jmeter.engine.StandardJMeterEngine: All thread groups have been started 
2015/08/27 21:02:43 INFO  - jmeter.threads.JMeterThread: Thread started: Thread Group 2-1 
2015/08/27 21:02:43 INFO  - jmeter.threads.JMeterThread: Thread is done: Number of Users 1-1 
2015/08/27 21:02:43 INFO  - jmeter.threads.JMeterThread: Thread finished: Number of Users 1-1 
2015/08/27 21:02:44 INFO  - jmeter.threads.JMeterThread: Thread started: Number of Users 1-2 
2015/08/27 21:02:44 INFO  - jmeter.threads.JMeterThread: Thread is done: Number of Users 1-2 
2015/08/27 21:02:44 INFO  - jmeter.threads.JMeterThread: Thread finished: Number of Users 1-2 
2015/08/27 21:02:45 INFO  - jmeter.threads.JMeterThread: Thread started: Number of Users 1-3 
2015/08/27 21:02:45 INFO  - jmeter.threads.JMeterThread: Thread is done: Number of Users 1-3 
2015/08/27 21:02:45 INFO  - jmeter.threads.JMeterThread: Thread finished: Number of Users 1-3 
2015/08/27 21:02:46 INFO  - jmeter.threads.JMeterThread: Thread started: Number of Users 1-4 
2015/08/27 21:02:46 INFO  - jmeter.threads.JMeterThread: Thread is done: Number of Users 1-4 
2015/08/27 21:02:46 INFO  - jmeter.threads.JMeterThread: Thread finished: Number of Users 1-4 
2015/08/27 21:02:47 INFO  - jmeter.threads.JMeterThread: Thread started: Number of Users 1-5 
2015/08/27 21:02:47 INFO  - jmeter.threads.JMeterThread: Thread is done: Number of Users 1-5 
2015/08/27 21:02:47 INFO  - jmeter.threads.JMeterThread: Thread finished: Number of Users 1-5 
2015/08/27 21:03:19 INFO  - jmeter.threads.JMeterThread: Thread is done: Thread Group 2-1 
2015/08/27 21:03:19 INFO  - jmeter.threads.JMeterThread: Thread finished: Thread Group 2-1 
2015/08/27 21:03:19 INFO  - jmeter.engine.StandardJMeterEngine: Notifying test listeners of end of test 
2015/08/27 21:03:19 INFO  - jmeter.gui.util.JMeterMenuBar: setRunning(false,*local*) 
2015/08/27 21:04:15 ERROR - jmeter.JMeter: Uncaught exception:  java.lang.NullPointerException
	at java.lang.String.endsWith(String.java:1429)
	at org.apache.jmeter.gui.JMeterFileFilter.accept(JMeterFileFilter.java:96)
	at org.apache.jmeter.gui.JMeterFileFilter.accept(JMeterFileFilter.java:75)
	at javax.swing.JFileChooser.setFileFilter(JFileChooser.java:1436)
	at javax.swing.JFileChooser.addChoosableFileFilter(JFileChooser.java:1135)
	at org.apache.jmeter.gui.util.FileDialoger.promptToOpenFile(FileDialoger.java:131)
	at org.apache.jmeter.gui.util.FilePanelEntry.actionPerformed(FilePanelEntry.java:141)
	at javax.swing.AbstractButton.fireActionPerformed(AbstractButton.java:2018)
	at javax.swing.AbstractButton$Handler.actionPerformed(AbstractButton.java:2341)
	at javax.swing.DefaultButtonModel.fireActionPerformed(DefaultButtonModel.java:402)
	at javax.swing.DefaultButtonModel.setPressed(DefaultButtonModel.java:259)
	at javax.swing.plaf.basic.BasicButtonListener.mouseReleased(BasicButtonListener.java:252)
	at java.awt.Component.processMouseEvent(Component.java:6505)
	at javax.swing.JComponent.processMouseEvent(JComponent.java:3321)
	at java.awt.Component.processEvent(Component.java:6270)
	at java.awt.Container.processEvent(Container.java:2229)
	at java.awt.Component.dispatchEventImpl(Component.java:4861)
	at java.awt.Container.dispatchEventImpl(Container.java:2287)
	at java.awt.Component.dispatchEvent(Component.java:4687)
	at java.awt.LightweightDispatcher.retargetMouseEvent(Container.java:4832)
	at java.awt.LightweightDispatcher.processMouseEvent(Container.java:4492)
	at java.awt.LightweightDispatcher.dispatchEvent(Container.java:4422)
	at java.awt.Container.dispatchEventImpl(Container.java:2273)
	at java.awt.Window.dispatchEventImpl(Window.java:2719)
	at java.awt.Component.dispatchEvent(Component.java:4687)
	at java.awt.EventQueue.dispatchEventImpl(EventQueue.java:723)
	at java.awt.EventQueue.access$200(EventQueue.java:103)
	at java.awt.EventQueue$3.run(EventQueue.java:682)
	at java.awt.EventQueue$3.run(EventQueue.java:680)
	at java.security.AccessController.doPrivileged(Native Method)
	at java.security.ProtectionDomain$1.doIntersectionPrivilege(ProtectionDomain.java:76)
	at java.security.ProtectionDomain$1.doIntersectionPrivilege(ProtectionDomain.java:87)
	at java.awt.EventQueue$4.run(EventQueue.java:696)
	at java.awt.EventQueue$4.run(EventQueue.java:694)
	at java.security.AccessController.doPrivileged(Native Method)
	at java.security.ProtectionDomain$1.doIntersectionPrivilege(ProtectionDomain.java:76)
	at java.awt.EventQueue.dispatchEvent(EventQueue.java:693)
	at java.awt.EventDispatchThread.pumpOneEventForFilters(EventDispatchThread.java:242)
	at java.awt.EventDispatchThread.pumpEventsForFilter(EventDispatchThread.java:161)
	at java.awt.EventDispatchThread.pumpEventsForHierarchy(EventDispatchThread.java:150)
	at java.awt.EventDispatchThread.pumpEvents(EventDispatchThread.java:146)
	at java.awt.EventDispatchThread.pumpEvents(EventDispatchThread.java:138)
	at java.awt.EventDispatchThread.run(EventDispatchThread.java:91)

2015/08/27 21:04:15 ERROR - jmeter.JMeter: Uncaught exception:  java.lang.NullPointerException
	at java.lang.String.endsWith(String.java:1429)
	at org.apache.jmeter.gui.JMeterFileFilter.accept(JMeterFileFilter.java:96)
	at org.apache.jmeter.gui.JMeterFileFilter.accept(JMeterFileFilter.java:75)
	at javax.swing.JFileChooser.accept(JFileChooser.java:1617)
	at javax.swing.plaf.basic.BasicDirectoryModel$LoadFilesThread.run0(BasicDirectoryModel.java:252)
	at javax.swing.plaf.basic.BasicDirectoryModel$LoadFilesThread.run(BasicDirectoryModel.java:228)

