2008/02/11 13:23:44 INFO  - jmeter.util.JMeterUtils: Setting Locale to en_US 
2008/02/11 13:23:44 INFO  - jmeter.JMeter: Loading user properties from: C:\jmeter\jakarta-jmeter-2.3\bin\user.properties 
2008/02/11 13:23:44 INFO  - jmeter.JMeter: Loading system properties from: C:\jmeter\jakarta-jmeter-2.3\bin\system.properties 
2008/02/11 13:23:44 INFO  - jmeter.JMeter: Copyright (c) 1998-2007 The Apache Software Foundation 
2008/02/11 13:23:44 INFO  - jmeter.JMeter: Version 2.3 
2008/02/11 13:23:44 INFO  - jmeter.JMeter: java.version=1.6.0_01 
2008/02/11 13:23:44 INFO  - jmeter.JMeter: os.name=Windows XP 
2008/02/11 13:23:44 INFO  - jmeter.JMeter: os.arch=x86 
2008/02/11 13:23:44 INFO  - jmeter.JMeter: os.version=5.1 
2008/02/11 13:23:44 INFO  - jmeter.JMeter: file.encoding=Cp1252 
2008/02/11 13:23:44 INFO  - jmeter.JMeter: Default Locale=English (United States) 
2008/02/11 13:23:44 INFO  - jmeter.JMeter: JMeter  Locale=English (United States) 
2008/02/11 13:23:44 INFO  - jmeter.JMeter: JMeterHome=C:\jmeter\jakarta-jmeter-2.3 
2008/02/11 13:23:44 INFO  - jmeter.JMeter: user.dir  =C:\jmeter\jakarta-jmeter-2.3\bin 
2008/02/11 13:23:44 INFO  - jmeter.JMeter: PWD       =C:\jmeter\jakarta-jmeter-2.3\bin 
2008/02/11 13:23:44 INFO  - jmeter.JMeter: Loaded icon properties from org/apache/jmeter/images/icon.properties 
2008/02/11 13:23:45 INFO  - jmeter.protocol.http.sampler.HTTPSamplerBase: Cannot find .className property for htmlParser, using default 
2008/02/11 13:23:45 INFO  - jmeter.protocol.http.sampler.HTTPSamplerBase: Parser for text/html is  
2008/02/11 13:23:45 INFO  - jmeter.protocol.http.sampler.HTTPSamplerBase: Parser for application/xhtml+xml is  
2008/02/11 13:23:45 INFO  - jmeter.protocol.http.sampler.HTTPSamplerBase: Parser for application/xml is  
2008/02/11 13:23:45 INFO  - jmeter.protocol.http.sampler.HTTPSamplerBase: Parser for text/xml is  
2008/02/11 13:23:45 INFO  - jmeter.protocol.http.sampler.HTTPSamplerBase: Parser for text/vnd.wap.wml is org.apache.jmeter.protocol.http.parser.RegexpHTMLParser 
2008/02/11 13:23:45 INFO  - jmeter.protocol.http.sampler.HTTPSampler: Maximum connection retries = 10 
2008/02/11 13:23:45 WARN  - jmeter.gui.util.MenuFactory: Missing jar? Could not create org.apache.jmeter.visualizers.MailerVisualizer. java.lang.NoClassDefFoundError: javax/mail/MessagingException 
2008/02/11 13:23:45 INFO  - jmeter.samplers.SampleResult: Note: Sample TimeStamps are START times 
2008/02/11 13:23:45 INFO  - jmeter.samplers.SampleResult: sampleresult.default.encoding is set to ISO-8859-1 
2008/02/11 13:24:44 INFO  - jmeter.save.SaveService: Testplan (JMX) version: 2.2. Testlog (JTL) version: 2.2 
2008/02/11 13:24:44 INFO  - jmeter.save.SaveService: Using SaveService properties file encoding UTF-8 
2008/02/11 13:24:44 INFO  - jmeter.save.SaveService: Using SaveService properties file version 545311 
2008/02/11 13:24:44 WARN  - jmeter.save.SaveService: Could not set up alias MailerModel java.lang.NoClassDefFoundError: javax/mail/Message 
2008/02/11 13:24:44 INFO  - jmeter.protocol.http.sampler.HTTPSampler2: Local host = dl02138 
2008/02/11 13:24:44 WARN  - jmeter.save.SaveService: Could not set up alias JMSSampler java.lang.NoClassDefFoundError: javax/jms/Message 
2008/02/11 13:24:44 WARN  - jmeter.save.SaveService: Could not set up alias SubscriberSampler java.lang.NoClassDefFoundError: javax/jms/MessageListener 
2008/02/11 13:24:44 WARN  - jmeter.save.SaveService: Could not set up alias MailerVisualizer java.lang.NoClassDefFoundError: javax/mail/MessagingException 
2008/02/11 13:24:44 INFO  - jmeter.save.SaveService: Using SaveService properties version 1.8 
2008/02/11 13:24:44 INFO  - jmeter.save.SaveService: All converter versions present and correct 
2008/02/11 13:24:44 INFO  - jmeter.engine.StandardJMeterEngine: Listeners will be started after enabling running version 
2008/02/11 13:24:44 INFO  - jmeter.engine.StandardJMeterEngine: To revert to the earlier behaviour, define jmeterengine.startlistenerslater=false 
2008/02/11 13:24:44 INFO  - jmeter.engine.StandardJMeterEngine: Running the test! 
2008/02/11 13:24:44 INFO  - jmeter.gui.util.JMeterMenuBar: setRunning(true,local) 
2008/02/11 13:24:44 INFO  - jmeter.engine.StandardJMeterEngine: Starting 1 threads for group Thread Group. Ramp up = 1. 
2008/02/11 13:24:44 INFO  - jmeter.engine.StandardJMeterEngine: Continue on error 
2008/02/11 13:24:44 INFO  - jmeter.threads.JMeterThread: jmeterthread.startearlier=true (see jmeter.properties) 
2008/02/11 13:24:44 INFO  - jmeter.threads.JMeterThread: Running PostProcessors in forward order 
2008/02/11 13:24:44 INFO  - jmeter.threads.JMeterThread: Thread Thread Group 1-1 started 
2008/02/11 13:24:44 INFO  - jmeter.threads.JMeterThread: Thread Thread Group 1-1 is done 
2008/02/11 13:24:44 INFO  - jmeter.engine.StandardJMeterEngine: Ending thread Thread Group 1-1 
2008/02/11 13:24:44 INFO  - jmeter.engine.StandardJMeterEngine: Stopping test 
2008/02/11 13:24:44 INFO  - jmeter.engine.StandardJMeterEngine: Notifying test listeners of end of test 
2008/02/11 13:24:44 INFO  - jmeter.gui.util.JMeterMenuBar: setRunning(false,local) 
2008/02/11 13:24:44 INFO  - jmeter.engine.StandardJMeterEngine: Test has ended 
2008/02/11 13:24:46 INFO  - jmeter.engine.StandardJMeterEngine: Running the test! 
2008/02/11 13:24:46 INFO  - jmeter.gui.util.JMeterMenuBar: setRunning(true,local) 
2008/02/11 13:24:46 INFO  - jmeter.engine.StandardJMeterEngine: Starting 1 threads for group Thread Group. Ramp up = 1. 
2008/02/11 13:24:46 INFO  - jmeter.engine.StandardJMeterEngine: Continue on error 
2008/02/11 13:24:46 INFO  - jmeter.threads.JMeterThread: Thread Thread Group 1-1 started 
2008/02/11 13:24:46 INFO  - jmeter.threads.JMeterThread: Thread Thread Group 1-1 is done 
2008/02/11 13:24:46 INFO  - jmeter.engine.StandardJMeterEngine: Ending thread Thread Group 1-1 
2008/02/11 13:24:46 INFO  - jmeter.engine.StandardJMeterEngine: Stopping test 
2008/02/11 13:24:46 INFO  - jmeter.engine.StandardJMeterEngine: Notifying test listeners of end of test 
2008/02/11 13:24:46 INFO  - jmeter.gui.util.JMeterMenuBar: setRunning(false,local) 
2008/02/11 13:24:46 INFO  - jmeter.engine.StandardJMeterEngine: Test has ended 
2008/02/11 13:25:46 INFO  - jmeter.engine.StandardJMeterEngine: Running the test! 
2008/02/11 13:25:46 INFO  - jmeter.gui.util.JMeterMenuBar: setRunning(true,local) 
2008/02/11 13:25:46 INFO  - jmeter.engine.StandardJMeterEngine: Starting 1 threads for group Thread Group. Ramp up = 1. 
2008/02/11 13:25:46 INFO  - jmeter.engine.StandardJMeterEngine: Continue on error 
2008/02/11 13:25:46 INFO  - jmeter.threads.JMeterThread: Thread Thread Group 1-1 started 
2008/02/11 13:25:46 INFO  - jmeter.threads.JMeterThread: Thread Thread Group 1-1 is done 
2008/02/11 13:25:46 INFO  - jmeter.engine.StandardJMeterEngine: Ending thread Thread Group 1-1 
2008/02/11 13:25:46 INFO  - jmeter.engine.StandardJMeterEngine: Stopping test 
2008/02/11 13:25:46 INFO  - jmeter.engine.StandardJMeterEngine: Notifying test listeners of end of test 
2008/02/11 13:25:46 INFO  - jmeter.gui.util.JMeterMenuBar: setRunning(false,local) 
2008/02/11 13:25:46 INFO  - jmeter.engine.StandardJMeterEngine: Test has ended 
2008/02/11 13:26:59 INFO  - jmeter.gui.action.Load: Loading file: C:\load_testing\TestPlan\foreachdb100-User_CORE_Test_Plan_Analysis.jmx 
2008/02/11 13:27:12 INFO  - jmeter.gui.action.Load: Loading file: C:\Documents and Settings\ray.trejo\Desktop\Simple Data Writer.jmx 
2008/02/11 13:27:26 INFO  - jmeter.engine.StandardJMeterEngine: Running the test! 
2008/02/11 13:27:26 INFO  - jmeter.gui.util.JMeterMenuBar: setRunning(true,local) 
2008/02/11 13:27:26 INFO  - jmeter.engine.StandardJMeterEngine: Starting 1 threads for group Thread Group. Ramp up = 1. 
2008/02/11 13:27:26 INFO  - jmeter.engine.StandardJMeterEngine: Continue on error 
2008/02/11 13:27:26 INFO  - jmeter.threads.JMeterThread: Thread Thread Group 1-1 started 
2008/02/11 13:27:26 INFO  - jmeter.threads.JMeterThread: Thread Thread Group 1-1 is done 
2008/02/11 13:27:26 INFO  - jmeter.engine.StandardJMeterEngine: Ending thread Thread Group 1-1 
2008/02/11 13:27:26 INFO  - jmeter.engine.StandardJMeterEngine: Stopping test 
2008/02/11 13:27:26 INFO  - jmeter.engine.StandardJMeterEngine: Notifying test listeners of end of test 
2008/02/11 13:27:26 INFO  - jmeter.gui.util.JMeterMenuBar: setRunning(false,local) 
2008/02/11 13:27:26 INFO  - jmeter.engine.StandardJMeterEngine: Test has ended 
2008/02/11 13:27:43 INFO  - jmeter.engine.StandardJMeterEngine: Running the test! 
2008/02/11 13:27:43 INFO  - jmeter.gui.util.JMeterMenuBar: setRunning(true,local) 
2008/02/11 13:27:43 INFO  - jmeter.engine.StandardJMeterEngine: Starting 1 threads for group Thread Group. Ramp up = 1. 
2008/02/11 13:27:43 INFO  - jmeter.engine.StandardJMeterEngine: Continue on error 
2008/02/11 13:27:43 INFO  - jmeter.threads.JMeterThread: Thread Thread Group 1-1 started 
2008/02/11 13:27:43 INFO  - jmeter.threads.JMeterThread: Thread Thread Group 1-1 is done 
2008/02/11 13:27:43 INFO  - jmeter.engine.StandardJMeterEngine: Ending thread Thread Group 1-1 
2008/02/11 13:27:43 INFO  - jmeter.engine.StandardJMeterEngine: Stopping test 
2008/02/11 13:27:43 INFO  - jmeter.engine.StandardJMeterEngine: Notifying test listeners of end of test 
2008/02/11 13:27:43 INFO  - jmeter.gui.util.JMeterMenuBar: setRunning(false,local) 
2008/02/11 13:27:43 INFO  - jmeter.engine.StandardJMeterEngine: Test has ended 
2008/02/11 13:28:47 INFO  - jmeter.engine.StandardJMeterEngine: Running the test! 
2008/02/11 13:28:47 INFO  - jmeter.gui.util.JMeterMenuBar: setRunning(true,local) 
2008/02/11 13:28:47 INFO  - jmeter.engine.StandardJMeterEngine: Starting 1 threads for group Thread Group. Ramp up = 1. 
2008/02/11 13:28:47 INFO  - jmeter.engine.StandardJMeterEngine: Continue on error 
2008/02/11 13:28:47 INFO  - jmeter.threads.JMeterThread: Thread Thread Group 1-1 started 
2008/02/11 13:28:47 INFO  - jmeter.threads.JMeterThread: Thread Thread Group 1-1 is done 
2008/02/11 13:28:47 INFO  - jmeter.engine.StandardJMeterEngine: Ending thread Thread Group 1-1 
2008/02/11 13:28:47 INFO  - jmeter.engine.StandardJMeterEngine: Stopping test 
2008/02/11 13:28:47 INFO  - jmeter.engine.StandardJMeterEngine: Notifying test listeners of end of test 
2008/02/11 13:28:47 INFO  - jmeter.gui.util.JMeterMenuBar: setRunning(false,local) 
2008/02/11 13:28:47 INFO  - jmeter.engine.StandardJMeterEngine: Test has ended 
2008/02/11 13:30:28 INFO  - jmeter.engine.ClientJMeterEngine: about to run remote test 
2008/02/11 13:30:28 INFO  - jmeter.engine.ClientJMeterEngine: done initiating run command 
2008/02/11 13:30:28 INFO  - jmeter.engine.ClientJMeterEngine: about to run remote test 
2008/02/11 13:30:28 INFO  - jmeter.engine.ClientJMeterEngine: running clientengine run method 
2008/02/11 13:30:28 INFO  - jmeter.engine.ClientJMeterEngine: done initiating run command 
2008/02/11 13:30:28 INFO  - jmeter.engine.ConvertListeners: num threads = 1 
2008/02/11 13:30:28 INFO  - jmeter.engine.ClientJMeterEngine: running clientengine run method 
2008/02/11 13:30:28 INFO  - jmeter.engine.ConvertListeners: num threads = 1 
2008/02/11 13:30:28 INFO  - jmeter.engine.ConvertListeners: num threads = 1 
2008/02/11 13:30:28 INFO  - jmeter.engine.ConvertListeners: num threads = 1 
2008/02/11 13:30:28 INFO  - jmeter.samplers.StandardSampleSender: Using Standard Remote Sampler for this test run 
2008/02/11 13:30:28 INFO  - jmeter.samplers.StandardSampleSender: Using Standard Remote Sampler for this test run 
2008/02/11 13:30:29 INFO  - jmeter.engine.ClientJMeterEngine: sent host =10.6.104.85 
2008/02/11 13:30:29 INFO  - jmeter.engine.ClientJMeterEngine: sent host =10.6.104.124 
2008/02/11 13:30:29 INFO  - jmeter.engine.ClientJMeterEngine: sent test 
2008/02/11 13:30:29 INFO  - jmeter.engine.ClientJMeterEngine: sent run command 
2008/02/11 13:30:29 INFO  - jmeter.engine.ClientJMeterEngine: sent test 
2008/02/11 13:30:29 INFO  - jmeter.engine.ClientJMeterEngine: sent run command 
2008/02/11 13:30:30 INFO  - jmeter.gui.util.JMeterMenuBar: setRunning(true,10.6.104.85) 
2008/02/11 13:30:30 INFO  - jmeter.gui.util.JMeterMenuBar: setRunning(false,10.6.104.85) 
2008/02/11 13:30:31 INFO  - jmeter.gui.util.JMeterMenuBar: setRunning(true,10.6.104.124) 
2008/02/11 13:30:32 INFO  - jmeter.gui.util.JMeterMenuBar: setRunning(false,10.6.104.124) 
2008/02/11 13:31:53 INFO  - jmeter.engine.ClientJMeterEngine: about to run remote test 
2008/02/11 13:31:53 INFO  - jmeter.engine.ClientJMeterEngine: done initiating run command 
2008/02/11 13:31:53 INFO  - jmeter.engine.ClientJMeterEngine: about to run remote test 
2008/02/11 13:31:53 INFO  - jmeter.engine.ClientJMeterEngine: running clientengine run method 
2008/02/11 13:31:53 INFO  - jmeter.engine.ConvertListeners: num threads = 1 
2008/02/11 13:31:53 INFO  - jmeter.engine.ClientJMeterEngine: done initiating run command 
2008/02/11 13:31:53 INFO  - jmeter.engine.ConvertListeners: num threads = 1 
2008/02/11 13:31:53 INFO  - jmeter.engine.ClientJMeterEngine: running clientengine run method 
2008/02/11 13:31:53 INFO  - jmeter.engine.ConvertListeners: num threads = 1 
2008/02/11 13:31:53 INFO  - jmeter.samplers.StandardSampleSender: Using Standard Remote Sampler for this test run 
2008/02/11 13:31:53 INFO  - jmeter.engine.ConvertListeners: num threads = 1 
2008/02/11 13:31:53 INFO  - jmeter.samplers.StandardSampleSender: Using Standard Remote Sampler for this test run 
2008/02/11 13:31:53 INFO  - jmeter.engine.ClientJMeterEngine: sent host =10.6.104.85 
2008/02/11 13:31:53 INFO  - jmeter.engine.ClientJMeterEngine: sent host =10.6.104.124 
2008/02/11 13:31:53 INFO  - jmeter.engine.ClientJMeterEngine: sent test 
2008/02/11 13:31:53 INFO  - jmeter.engine.ClientJMeterEngine: sent run command 
2008/02/11 13:31:53 INFO  - jmeter.engine.ClientJMeterEngine: sent test 
2008/02/11 13:31:53 INFO  - jmeter.gui.util.JMeterMenuBar: setRunning(true,10.6.104.85) 
2008/02/11 13:31:53 INFO  - jmeter.engine.ClientJMeterEngine: sent run command 
2008/02/11 13:31:53 INFO  - jmeter.gui.util.JMeterMenuBar: setRunning(true,10.6.104.124) 
2008/02/11 13:31:53 INFO  - jmeter.gui.util.JMeterMenuBar: setRunning(false,10.6.104.124) 
2008/02/11 13:31:53 INFO  - jmeter.gui.util.JMeterMenuBar: setRunning(false,10.6.104.85) 
2008/02/11 15:02:13 INFO  - jmeter.engine.StandardJMeterEngine: Running the test! 
2008/02/11 15:02:13 INFO  - jmeter.gui.util.JMeterMenuBar: setRunning(true,local) 
2008/02/11 15:02:13 INFO  - jmeter.engine.StandardJMeterEngine: Starting 1 threads for group Thread Group. Ramp up = 1. 
2008/02/11 15:02:13 INFO  - jmeter.engine.StandardJMeterEngine: Continue on error 
2008/02/11 15:02:13 INFO  - jmeter.threads.JMeterThread: Thread Thread Group 1-1 started 
2008/02/11 15:02:13 INFO  - jmeter.threads.JMeterThread: Thread Thread Group 1-1 is done 
2008/02/11 15:02:13 INFO  - jmeter.engine.StandardJMeterEngine: Ending thread Thread Group 1-1 
2008/02/11 15:02:13 INFO  - jmeter.engine.StandardJMeterEngine: Stopping test 
2008/02/11 15:02:13 INFO  - jmeter.engine.StandardJMeterEngine: Notifying test listeners of end of test 
2008/02/11 15:02:13 INFO  - jmeter.gui.util.JMeterMenuBar: setRunning(false,local) 
2008/02/11 15:02:13 INFO  - jmeter.engine.StandardJMeterEngine: Test has ended 
2008/02/11 15:03:27 INFO  - jmeter.engine.ClientJMeterEngine: about to run remote test 
2008/02/11 15:03:27 INFO  - jmeter.engine.ClientJMeterEngine: done initiating run command 
2008/02/11 15:03:27 INFO  - jmeter.engine.ClientJMeterEngine: about to run remote test 
2008/02/11 15:03:27 INFO  - jmeter.engine.ClientJMeterEngine: running clientengine run method 
2008/02/11 15:03:27 INFO  - jmeter.engine.ClientJMeterEngine: done initiating run command 
2008/02/11 15:03:27 INFO  - jmeter.engine.ConvertListeners: num threads = 1 
2008/02/11 15:03:27 INFO  - jmeter.engine.ConvertListeners: num threads = 1 
2008/02/11 15:03:27 INFO  - jmeter.samplers.StandardSampleSender: Using Standard Remote Sampler for this test run 
2008/02/11 15:03:27 INFO  - jmeter.engine.ClientJMeterEngine: running clientengine run method 
2008/02/11 15:03:27 INFO  - jmeter.engine.ConvertListeners: num threads = 1 
2008/02/11 15:03:27 INFO  - jmeter.engine.ConvertListeners: num threads = 1 
2008/02/11 15:03:27 INFO  - jmeter.samplers.StandardSampleSender: Using Standard Remote Sampler for this test run 
2008/02/11 15:03:27 INFO  - jmeter.engine.ClientJMeterEngine: sent host =10.6.104.85 
2008/02/11 15:03:27 INFO  - jmeter.engine.ClientJMeterEngine: sent host =10.6.104.124 
2008/02/11 15:03:27 INFO  - jmeter.engine.ClientJMeterEngine: sent test 
2008/02/11 15:03:27 INFO  - jmeter.engine.ClientJMeterEngine: sent run command 
2008/02/11 15:03:27 INFO  - jmeter.gui.util.JMeterMenuBar: setRunning(true,10.6.104.85) 
2008/02/11 15:03:27 INFO  - jmeter.engine.ClientJMeterEngine: sent test 
2008/02/11 15:03:27 INFO  - jmeter.engine.ClientJMeterEngine: sent run command 
2008/02/11 15:03:27 INFO  - jmeter.gui.util.JMeterMenuBar: setRunning(false,10.6.104.85) 
2008/02/11 15:03:28 INFO  - jmeter.gui.util.JMeterMenuBar: setRunning(true,10.6.104.124) 
2008/02/11 15:03:28 INFO  - jmeter.gui.util.JMeterMenuBar: setRunning(false,10.6.104.124) 
2008/02/11 15:44:48 INFO  - jmeter.engine.ClientJMeterEngine: about to run remote test 
2008/02/11 15:44:48 INFO  - jmeter.engine.ClientJMeterEngine: done initiating run command 
2008/02/11 15:44:48 INFO  - jmeter.engine.ClientJMeterEngine: running clientengine run method 
2008/02/11 15:44:48 INFO  - jmeter.engine.ConvertListeners: num threads = 1 
2008/02/11 15:44:48 INFO  - jmeter.engine.ConvertListeners: num threads = 1 
2008/02/11 15:44:48 INFO  - jmeter.samplers.StandardSampleSender: Using Standard Remote Sampler for this test run 
2008/02/11 15:44:48 INFO  - jmeter.engine.ClientJMeterEngine: sent host =10.6.104.85 
2008/02/11 15:44:48 INFO  - jmeter.engine.ClientJMeterEngine: sent test 
2008/02/11 15:44:48 INFO  - jmeter.engine.ClientJMeterEngine: sent run command 
2008/02/11 15:44:48 INFO  - jmeter.gui.util.JMeterMenuBar: setRunning(true,10.6.104.85) 
2008/02/11 15:44:48 INFO  - jmeter.gui.util.JMeterMenuBar: setRunning(false,10.6.104.85) 
2008/02/11 15:44:58 INFO  - jmeter.engine.ClientJMeterEngine: about to run remote test 
2008/02/11 15:44:58 INFO  - jmeter.engine.ClientJMeterEngine: done initiating run command 
2008/02/11 15:44:58 INFO  - jmeter.engine.ClientJMeterEngine: running clientengine run method 
2008/02/11 15:44:58 INFO  - jmeter.engine.ConvertListeners: num threads = 1 
2008/02/11 15:44:58 INFO  - jmeter.engine.ConvertListeners: num threads = 1 
2008/02/11 15:44:58 INFO  - jmeter.samplers.StandardSampleSender: Using Standard Remote Sampler for this test run 
2008/02/11 15:44:58 INFO  - jmeter.engine.ClientJMeterEngine: sent host =10.6.104.124 
2008/02/11 15:44:59 INFO  - jmeter.engine.ClientJMeterEngine: sent test 
2008/02/11 15:44:59 INFO  - jmeter.engine.ClientJMeterEngine: sent run command 
2008/02/11 15:44:59 INFO  - jmeter.gui.util.JMeterMenuBar: setRunning(true,10.6.104.124) 
2008/02/11 15:44:59 INFO  - jmeter.gui.util.JMeterMenuBar: setRunning(false,10.6.104.124) 
2008/02/11 15:45:13 INFO  - jmeter.engine.ClientJMeterEngine: about to run remote test 
2008/02/11 15:45:13 INFO  - jmeter.engine.ClientJMeterEngine: done initiating run command 
2008/02/11 15:45:13 INFO  - jmeter.engine.ClientJMeterEngine: running clientengine run method 
2008/02/11 15:45:13 INFO  - jmeter.engine.ConvertListeners: num threads = 1 
2008/02/11 15:45:13 INFO  - jmeter.engine.ConvertListeners: num threads = 1 
2008/02/11 15:45:13 INFO  - jmeter.samplers.StandardSampleSender: Using Standard Remote Sampler for this test run 
2008/02/11 15:45:13 INFO  - jmeter.engine.ClientJMeterEngine: sent host =10.6.104.124 
2008/02/11 15:45:13 INFO  - jmeter.engine.ClientJMeterEngine: sent test 
2008/02/11 15:45:13 INFO  - jmeter.engine.ClientJMeterEngine: sent run command 
2008/02/11 15:45:13 INFO  - jmeter.gui.util.JMeterMenuBar: setRunning(true,10.6.104.124) 
2008/02/11 15:45:13 INFO  - jmeter.gui.util.JMeterMenuBar: setRunning(false,10.6.104.124) 
