2012/01/17 14:52:14 INFO  - jmeter.util.JMeterUtils: Setting Locale to de_DE 
2012/01/17 14:52:14 WARN  - jmeter.util.JMeterUtils: Could not find resources for 'de_DE', using 'de' 
2012/01/17 14:52:14 INFO  - jmeter.JMeter: Loading user properties from: C:\jakarta-jmeter-2.5.1\bin\user.properties 
2012/01/17 14:52:14 INFO  - jmeter.JMeter: Loading system properties from: C:\jakarta-jmeter-2.5.1\bin\system.properties 
2012/01/17 14:52:14 INFO  - jmeter.JMeter: Copyright (c) 1998-2011 The Apache Software Foundation 
2012/01/17 14:52:14 INFO  - jmeter.JMeter: Version 2.5.1 r1177103 
2012/01/17 14:52:14 INFO  - jmeter.JMeter: java.version=1.7.0_02 
2012/01/17 14:52:14 INFO  - jmeter.JMeter: java.vm.name=Java HotSpot(TM) 64-Bit Server VM 
2012/01/17 14:52:14 INFO  - jmeter.JMeter: os.name=Windows 7 
2012/01/17 14:52:14 INFO  - jmeter.JMeter: os.arch=amd64 
2012/01/17 14:52:14 INFO  - jmeter.JMeter: os.version=6.1 
2012/01/17 14:52:14 INFO  - jmeter.JMeter: file.encoding=Cp1252 
2012/01/17 14:52:14 INFO  - jmeter.JMeter: Default Locale=Deutsch (Deutschland) 
2012/01/17 14:52:14 INFO  - jmeter.JMeter: JMeter  Locale=Deutsch (Deutschland) 
2012/01/17 14:52:14 INFO  - jmeter.JMeter: JMeterHome=C:\jakarta-jmeter-2.5.1 
2012/01/17 14:52:14 INFO  - jmeter.JMeter: user.dir  =C:\jakarta-jmeter-2.5.1\bin 
2012/01/17 14:52:14 INFO  - jmeter.JMeter: PWD       =C:\jakarta-jmeter-2.5.1\bin 
2012/01/17 14:52:14 INFO  - jmeter.JMeter: IP: 192.168.168.164 Name: WIN-6ZH876HR-GL FullName: 192.168.168.164 
2012/01/17 14:52:15 INFO  - jmeter.JMeter: Loaded icon properties from org/apache/jmeter/images/icon.properties 
2012/01/17 14:52:17 INFO  - jmeter.engine.util.CompoundVariable: Note: Function class names must contain the string: '.functions.' 
2012/01/17 14:52:17 INFO  - jmeter.engine.util.CompoundVariable: Note: Function class names must not contain the string: '.gui.' 
2012/01/17 14:52:18 INFO  - jmeter.util.BSFTestElement: Registering JMeter version of JavaScript engine as work-round for BSF-22 
2012/01/17 14:52:20 INFO  - jmeter.protocol.http.sampler.HTTPSamplerBase: Cannot find .className property for htmlParser, using default 
2012/01/17 14:52:20 INFO  - jmeter.protocol.http.sampler.HTTPSamplerBase: Parser for text/html is  
2012/01/17 14:52:20 INFO  - jmeter.protocol.http.sampler.HTTPSamplerBase: Parser for application/xhtml+xml is  
2012/01/17 14:52:20 INFO  - jmeter.protocol.http.sampler.HTTPSamplerBase: Parser for application/xml is  
2012/01/17 14:52:20 INFO  - jmeter.protocol.http.sampler.HTTPSamplerBase: Parser for text/xml is  
2012/01/17 14:52:20 INFO  - jmeter.protocol.http.sampler.HTTPSamplerBase: Parser for text/vnd.wap.wml is org.apache.jmeter.protocol.http.parser.RegexpHTMLParser 
2012/01/17 14:52:20 INFO  - jmeter.protocol.http.sampler.HTTPSamplerBase: Reuse SSL session context on subsequent iterations: true 
2012/01/17 14:52:20 INFO  - jmeter.protocol.http.control.CookieManager: Settings: Delete null: true Check: true Allow variable: true Save: false Prefix: COOKIE_ 
2012/01/17 14:52:21 INFO  - jmeter.samplers.SampleResult: Note: Sample TimeStamps are START times 
2012/01/17 14:52:21 INFO  - jmeter.samplers.SampleResult: sampleresult.default.encoding is set to ISO-8859-1 
2012/01/17 14:52:21 INFO  - jmeter.samplers.SampleResult: sampleresult.useNanoTime=true 
2012/01/17 14:52:34 INFO  - jmeter.util.JMeterUtils: Setting Locale to en 
2012/01/17 14:55:39 INFO  - jmeter.protocol.http.proxy.Daemon: Creating Daemon Socket on port: 1234 
2012/01/17 14:55:39 INFO  - jmeter.protocol.http.proxy.Daemon: Proxy up and running! 
2012/01/17 14:55:48 INFO  - jmeter.protocol.http.proxy.Proxy: Proxy will remove the headers: If-Modified-Since,If-None-Match,Host 
2012/01/17 14:55:49 INFO  - jmeter.protocol.http.sampler.HTTPJavaImpl: Maximum connection retries = 10 
2012/01/17 14:56:01 INFO  - jmeter.protocol.http.proxy.FormCharSetFinder: Using htmlparser version: 2.0 (Release Build Sep 17, 2006) 
2012/01/17 14:56:06 INFO  - jmeter.protocol.http.sampler.HTTPJavaImpl: Error Response Code: 404 
2012/01/17 14:56:06 INFO  - jmeter.protocol.http.sampler.HTTPJavaImpl: Error Response Code: 404 
2012/01/17 14:56:06 INFO  - jmeter.protocol.http.sampler.HTTPJavaImpl: Error Response Code: 404 
2012/01/17 14:56:06 INFO  - jmeter.protocol.http.sampler.HTTPJavaImpl: Error Response Code: 404 
2012/01/17 14:56:06 INFO  - jmeter.protocol.http.sampler.HTTPJavaImpl: Error Response Code: 404 
2012/01/17 14:56:06 INFO  - jmeter.protocol.http.sampler.HTTPJavaImpl: Error Response Code: 404 
2012/01/17 14:56:06 INFO  - jmeter.protocol.http.sampler.HTTPJavaImpl: Error Response Code: 404 
2012/01/17 14:56:06 INFO  - jmeter.protocol.http.sampler.HTTPJavaImpl: Error Response Code: 404 
2012/01/17 14:56:06 INFO  - jmeter.protocol.http.sampler.HTTPJavaImpl: Error Response Code: 404 
2012/01/17 14:56:06 INFO  - jmeter.protocol.http.sampler.HTTPJavaImpl: Error Response Code: 404 
2012/01/17 14:56:38 INFO  - jmeter.protocol.http.sampler.HTTPJavaImpl: Error Response Code: 404 
2012/01/17 14:56:38 INFO  - jmeter.protocol.http.sampler.HTTPJavaImpl: Error Response Code: 404 
2012/01/17 14:56:55 INFO  - jmeter.protocol.http.proxy.Daemon: Proxy Server stopped 
2012/01/17 14:56:55 INFO  - jmeter.protocol.http.proxy.Daemon: Creating Daemon Socket on port: 1234 
2012/01/17 14:56:55 INFO  - jmeter.protocol.http.proxy.Daemon: Proxy up and running! 
2012/01/17 14:57:17 INFO  - jmeter.protocol.http.sampler.HTTPJavaImpl: Error Response Code: 404 
2012/01/17 14:57:17 INFO  - jmeter.protocol.http.sampler.HTTPJavaImpl: Error Response Code: 404 
2012/01/17 14:57:17 INFO  - jmeter.protocol.http.sampler.HTTPJavaImpl: Error Response Code: 404 
2012/01/17 14:57:17 INFO  - jmeter.protocol.http.sampler.HTTPJavaImpl: Error Response Code: 404 
2012/01/17 14:57:17 INFO  - jmeter.protocol.http.sampler.HTTPJavaImpl: Error Response Code: 404 
2012/01/17 14:57:17 INFO  - jmeter.protocol.http.sampler.HTTPJavaImpl: Error Response Code: 404 
2012/01/17 14:57:17 INFO  - jmeter.protocol.http.sampler.HTTPJavaImpl: Error Response Code: 404 
2012/01/17 14:57:17 INFO  - jmeter.protocol.http.sampler.HTTPJavaImpl: Error Response Code: 404 
2012/01/17 14:57:18 INFO  - jmeter.protocol.http.sampler.HTTPJavaImpl: Error Response Code: 404 
2012/01/17 14:57:18 INFO  - jmeter.protocol.http.sampler.HTTPJavaImpl: Error Response Code: 404 
2012/01/17 14:57:49 INFO  - jmeter.protocol.http.sampler.HTTPJavaImpl: Error Response Code: 404 
2012/01/17 14:57:49 INFO  - jmeter.protocol.http.sampler.HTTPJavaImpl: Error Response Code: 404 
2012/01/17 14:59:01 INFO  - jmeter.services.FileServer: Default base='C:\jakarta-jmeter-2.5.1\bin' 
2012/01/17 14:59:01 INFO  - jmeter.services.FileServer: Set new base='C:\Source\JMeter' 
2012/01/17 14:59:01 INFO  - jmeter.save.SaveService: Testplan (JMX) version: 2.2. Testlog (JTL) version: 2.2 
2012/01/17 14:59:01 INFO  - jmeter.save.SaveService: Using SaveService properties file encoding UTF-8 
2012/01/17 14:59:01 INFO  - jmeter.save.SaveService: Using SaveService properties file version 1050447 
2012/01/17 14:59:01 INFO  - jmeter.save.SaveService: Using SaveService properties version 2.1 
2012/01/17 14:59:01 INFO  - jmeter.save.SaveService: All converter versions present and correct 
2012/01/17 14:59:59 INFO  - jmeter.services.FileServer: Set new base='C:\Source\JMeter' 
2012/01/17 15:00:35 INFO  - jmeter.protocol.http.proxy.Daemon: Proxy Server stopped 
2012/01/17 15:00:35 INFO  - jmeter.protocol.http.proxy.Daemon: Creating Daemon Socket on port: 8080 
2012/01/17 15:00:35 INFO  - jmeter.protocol.http.proxy.Daemon: Proxy up and running! 
2012/01/17 15:03:47 INFO  - jmeter.protocol.http.proxy.Daemon: Proxy Server stopped 
2012/01/17 15:03:47 INFO  - jmeter.protocol.http.proxy.Daemon: Creating Daemon Socket on port: 8080 
2012/01/17 15:03:47 INFO  - jmeter.protocol.http.proxy.Daemon: Proxy up and running! 
2012/01/17 15:28:04 INFO  - jmeter.protocol.http.proxy.Daemon: Proxy Server stopped 
2012/01/17 15:28:06 INFO  - jmeter.protocol.http.proxy.Daemon: Creating Daemon Socket on port: 1234 
2012/01/17 15:28:06 INFO  - jmeter.protocol.http.proxy.Daemon: Proxy up and running! 
2012/01/17 15:34:24 INFO  - jmeter.protocol.http.proxy.Daemon: Proxy Server stopped 
2012/01/17 15:39:25 INFO  - jmeter.protocol.http.proxy.Daemon: Creating Daemon Socket on port: 1234 
2012/01/17 15:39:25 INFO  - jmeter.protocol.http.proxy.Daemon: Proxy up and running! 
2012/01/17 15:39:36 INFO  - jmeter.protocol.http.sampler.HTTPHCAbstractImpl: Local host = WIN-6ZH876HR-GL 
2012/01/17 15:39:36 INFO  - jmeter.protocol.http.sampler.HTTPHC4Impl: HTTP request retry count = 1 
2012/01/17 15:39:37 INFO  - jmeter.protocol.http.sampler.HTTPHC4Impl: Setting up HTTPS TrustAll scheme 
