2019-07-28 15:07:40,505 INFO o.a.j.u.JMeterUtils: Setting Locale to en_EN
2019-07-28 15:07:40,552 INFO o.a.j.JMeter: Loading user properties from: user.properties
2019-07-28 15:07:40,552 INFO o.a.j.JMeter: Loading system properties from: system.properties
2019-07-28 15:07:40,552 INFO o.a.j.JMeter: Copyright (c) 1998-2019 The Apache Software Foundation
2019-07-28 15:07:40,552 INFO o.a.j.JMeter: Version 5.1.1 r1855137
2019-07-28 15:07:40,552 INFO o.a.j.JMeter: java.version=11.0.4
2019-07-28 15:07:40,552 INFO o.a.j.JMeter: java.vm.name=Java HotSpot(TM) 64-Bit Server VM
2019-07-28 15:07:40,552 INFO o.a.j.JMeter: os.name=Windows 10
2019-07-28 15:07:40,552 INFO o.a.j.JMeter: os.arch=amd64
2019-07-28 15:07:40,552 INFO o.a.j.JMeter: os.version=10.0
2019-07-28 15:07:40,552 INFO o.a.j.JMeter: file.encoding=Cp1252
2019-07-28 15:07:40,552 INFO o.a.j.JMeter: java.awt.headless=null
2019-07-28 15:07:40,552 INFO o.a.j.JMeter: Max memory     =6442450944
2019-07-28 15:07:40,552 INFO o.a.j.JMeter: Available Processors =4
2019-07-28 15:07:40,568 INFO o.a.j.JMeter: Default Locale=English (EN)
2019-07-28 15:07:40,568 INFO o.a.j.JMeter: JMeter  Locale=English (EN)
2019-07-28 15:07:40,568 INFO o.a.j.JMeter: JMeterHome=C:\Users\iskadigamuwa\Downloads\apache-jmeter-5.1.1
2019-07-28 15:07:40,568 INFO o.a.j.JMeter: user.dir  =C:\Users\iskadigamuwa\Downloads\apache-jmeter-5.1.1\bin
2019-07-28 15:07:40,568 INFO o.a.j.JMeter: PWD       =C:\Users\iskadigamuwa\Downloads\apache-jmeter-5.1.1\bin
2019-07-28 15:07:40,568 INFO o.a.j.JMeter: IP: 192.168.29.90 Name: MQNVTWJMET02 FullName: MQNVTWJMET02.acustaff.acu.edu.au
2019-07-28 15:07:41,005 INFO o.a.j.g.a.LookAndFeelCommand: Installing Darcula LAF
2019-07-28 15:07:41,005 INFO o.a.j.g.a.LookAndFeelCommand: Using look and feel: com.bulenkov.darcula.DarculaLaf [Darcula]
2019-07-28 15:07:41,005 INFO o.a.j.JMeter: Setting LAF to: com.bulenkov.darcula.DarculaLaf
2019-07-28 15:07:41,099 INFO o.a.j.JMeter: Loaded icon properties from org/apache/jmeter/images/icon.properties
2019-07-28 15:07:42,771 INFO o.a.j.p.h.s.HTTPSamplerBase: Parser for text/html is org.apache.jmeter.protocol.http.parser.LagartoBasedHtmlParser
2019-07-28 15:07:42,771 INFO o.a.j.p.h.s.HTTPSamplerBase: Parser for application/xhtml+xml is org.apache.jmeter.protocol.http.parser.LagartoBasedHtmlParser
2019-07-28 15:07:42,771 INFO o.a.j.p.h.s.HTTPSamplerBase: Parser for application/xml is org.apache.jmeter.protocol.http.parser.LagartoBasedHtmlParser
2019-07-28 15:07:42,771 INFO o.a.j.p.h.s.HTTPSamplerBase: Parser for text/xml is org.apache.jmeter.protocol.http.parser.LagartoBasedHtmlParser
2019-07-28 15:07:42,771 INFO o.a.j.p.h.s.HTTPSamplerBase: Parser for text/vnd.wap.wml is org.apache.jmeter.protocol.http.parser.RegexpHTMLParser
2019-07-28 15:07:42,771 INFO o.a.j.p.h.s.HTTPSamplerBase: Parser for text/css is org.apache.jmeter.protocol.http.parser.CssParser
2019-07-28 15:07:43,256 INFO o.a.j.e.KeyToolUtils: keytool found at 'keytool'
2019-07-28 15:07:43,256 INFO o.a.j.p.h.p.ProxyControl: HTTP(S) Test Script Recorder SSL Proxy will use keys that support embedded 3rd party resources in file C:\Users\iskadigamuwa\Downloads\apache-jmeter-5.1.1\bin\proxyserver.jks
2019-07-28 15:07:43,412 INFO o.a.j.s.FileServer: Default base='C:\Users\iskadigamuwa\Downloads\apache-jmeter-5.1.1\bin'
2019-07-28 15:07:43,959 INFO o.a.j.s.SampleResult: Note: Sample TimeStamps are START times
2019-07-28 15:07:43,959 INFO o.a.j.s.SampleResult: sampleresult.default.encoding is set to ISO-8859-1
2019-07-28 15:07:43,959 INFO o.a.j.s.SampleResult: sampleresult.useNanoTime=true
2019-07-28 15:07:43,959 INFO o.a.j.s.SampleResult: sampleresult.nanoThreadSleep=5000
2019-07-28 15:07:43,974 INFO o.a.j.v.ViewResultsFullVisualizer: Add JavaFX to your Java installation if you want to use renderer: org.apache.jmeter.visualizers.RenderInBrowser
