2020-03-25 22:47:32,859 DEBUG o.a.j.g.GuiPackage: Updating current node View Results Tree
2020-03-25 22:47:32,859 DEBUG o.a.j.g.GuiPackage: Gui retrieved = org.apache.jmeter.visualizers.ViewResultsFullVisualizer[View Results Tree,0,0,1008x569,invalid,layout=java.awt.BorderLayout,alignmentX=0.0,alignmentY=0.0,border=javax.swing.border.EmptyBorder@439f81bc,flags=9,maximumSize=,minimumSize=,preferredSize=]
2020-03-25 22:47:32,859 DEBUG o.a.j.g.AbstractJMeterGuiComponent: setting element to enabled: true
2020-03-25 22:47:32,859 DEBUG o.a.j.g.GuiPackage: Gui retrieved = org.apache.jmeter.visualizers.ViewResultsFullVisualizer[View Results Tree,0,0,1008x569,invalid,layout=java.awt.BorderLayout,alignmentX=0.0,alignmentY=0.0,border=javax.swing.border.EmptyBorder@439f81bc,flags=9,maximumSize=,minimumSize=,preferredSize=]
2020-03-25 22:47:32,860 DEBUG o.a.j.g.a.AbstractAction: popupShouldSave
2020-03-25 22:47:32,860 DEBUG o.a.j.g.a.Start: test plan before cloning is running version: false
2020-03-25 22:47:32,860 DEBUG o.a.j.g.a.Start: test plan after cloning and running test is running version: false
2020-03-25 22:47:32,860 INFO o.a.j.e.StandardJMeterEngine: Running the test!
2020-03-25 22:47:32,861 INFO o.a.j.s.SampleEvent: List of sample_variables: []
2020-03-25 22:47:32,861 DEBUG o.a.j.e.u.ValueReplacer: About to replace in property of type: class org.apache.jmeter.testelement.property.StringProperty: Test Plan
2020-03-25 22:47:32,861 DEBUG o.a.j.e.u.ValueReplacer: Replacement result: Test Plan
2020-03-25 22:47:32,861 DEBUG o.a.j.e.u.ValueReplacer: About to replace in property of type: class org.apache.jmeter.testelement.property.StringProperty: org.apache.jmeter.control.gui.TestPlanGui
2020-03-25 22:47:32,862 DEBUG o.a.j.e.u.ValueReplacer: About to replace in property of type: class org.apache.jmeter.testelement.property.StringProperty: org.apache.jmeter.testelement.TestPlan
2020-03-25 22:47:32,862 DEBUG o.a.j.e.u.ValueReplacer: About to replace in property of type: class org.apache.jmeter.testelement.property.BooleanProperty: true
2020-03-25 22:47:32,862 DEBUG o.a.j.e.u.ValueReplacer: Won't replace true
2020-03-25 22:47:32,862 DEBUG o.a.j.e.u.ValueReplacer: About to replace in property of type: class org.apache.jmeter.testelement.property.StringProperty: 
2020-03-25 22:47:32,862 DEBUG o.a.j.e.u.ValueReplacer: Replacement result: 
2020-03-25 22:47:32,862 DEBUG o.a.j.e.u.ValueReplacer: About to replace in property of type: class org.apache.jmeter.testelement.property.BooleanProperty: false
2020-03-25 22:47:32,862 DEBUG o.a.j.e.u.ValueReplacer: Won't replace false
2020-03-25 22:47:32,862 DEBUG o.a.j.e.u.ValueReplacer: About to replace in property of type: class org.apache.jmeter.testelement.property.BooleanProperty: false
2020-03-25 22:47:32,862 DEBUG o.a.j.e.u.ValueReplacer: Won't replace false
2020-03-25 22:47:32,862 DEBUG o.a.j.e.u.ValueReplacer: About to replace in property of type: class org.apache.jmeter.testelement.property.TestElementProperty: 
2020-03-25 22:47:32,862 DEBUG o.a.j.e.u.ValueReplacer: About to replace in property of type: class org.apache.jmeter.testelement.property.CollectionProperty: []
2020-03-25 22:47:32,863 DEBUG o.a.j.e.u.ValueReplacer: Replacement result: []
2020-03-25 22:47:32,863 DEBUG o.a.j.e.u.ValueReplacer: About to replace in property of type: class org.apache.jmeter.testelement.property.StringProperty: User Defined Variables
2020-03-25 22:47:32,863 DEBUG o.a.j.e.u.ValueReplacer: Replacement result: User Defined Variables
2020-03-25 22:47:32,863 DEBUG o.a.j.e.u.ValueReplacer: About to replace in property of type: class org.apache.jmeter.testelement.property.StringProperty: org.apache.jmeter.config.gui.ArgumentsPanel
2020-03-25 22:47:32,863 DEBUG o.a.j.e.u.ValueReplacer: About to replace in property of type: class org.apache.jmeter.testelement.property.StringProperty: org.apache.jmeter.config.Arguments
2020-03-25 22:47:32,863 DEBUG o.a.j.e.u.ValueReplacer: About to replace in property of type: class org.apache.jmeter.testelement.property.BooleanProperty: true
2020-03-25 22:47:32,863 DEBUG o.a.j.e.u.ValueReplacer: Won't replace true
2020-03-25 22:47:32,863 DEBUG o.a.j.e.u.ValueReplacer: About to replace in property of type: class org.apache.jmeter.testelement.property.StringProperty: 
2020-03-25 22:47:32,864 DEBUG o.a.j.e.u.ValueReplacer: Replacement result: 
2020-03-25 22:47:32,864 DEBUG o.a.j.e.u.ValueReplacer: Replacement result: 
2020-03-25 22:47:32,864 DEBUG o.a.j.e.u.ValueReplacer: About to replace in property of type: class org.apache.jmeter.testelement.property.StringProperty: 
2020-03-25 22:47:32,864 DEBUG o.a.j.e.u.ValueReplacer: Replacement result: 
2020-03-25 22:47:32,864 DEBUG o.a.j.e.u.ValueReplacer: About to replace in property of type: class org.apache.jmeter.testelement.property.CollectionProperty: [http	user	passwd		Fake Realm	BASIC_DIGEST]
2020-03-25 22:47:32,865 DEBUG o.a.j.e.u.ValueReplacer: About to replace in property of type: class org.apache.jmeter.testelement.property.TestElementProperty: http	user	passwd		Fake Realm	BASIC_DIGEST
2020-03-25 22:47:32,865 DEBUG o.a.j.e.u.ValueReplacer: About to replace in property of type: class org.apache.jmeter.testelement.property.StringProperty: http
2020-03-25 22:47:32,865 DEBUG o.a.j.e.u.ValueReplacer: Replacement result: http
2020-03-25 22:47:32,865 DEBUG o.a.j.e.u.ValueReplacer: About to replace in property of type: class org.apache.jmeter.testelement.property.StringProperty: user
2020-03-25 22:47:32,865 DEBUG o.a.j.e.u.ValueReplacer: Replacement result: user
2020-03-25 22:47:32,865 DEBUG o.a.j.e.u.ValueReplacer: About to replace in property of type: class org.apache.jmeter.testelement.property.StringProperty: passwd
2020-03-25 22:47:32,865 DEBUG o.a.j.e.u.ValueReplacer: Replacement result: passwd
2020-03-25 22:47:32,865 DEBUG o.a.j.e.u.ValueReplacer: About to replace in property of type: class org.apache.jmeter.testelement.property.StringProperty: 
2020-03-25 22:47:32,865 DEBUG o.a.j.e.u.ValueReplacer: Replacement result: 
2020-03-25 22:47:32,865 DEBUG o.a.j.e.u.ValueReplacer: About to replace in property of type: class org.apache.jmeter.testelement.property.StringProperty: Fake Realm
2020-03-25 22:47:32,865 DEBUG o.a.j.e.u.ValueReplacer: Replacement result: Fake Realm
2020-03-25 22:47:32,866 DEBUG o.a.j.e.u.ValueReplacer: Replacement result: http	user	passwd		Fake Realm	BASIC_DIGEST
2020-03-25 22:47:32,866 DEBUG o.a.j.e.u.ValueReplacer: Replacement result: [http	user	passwd		Fake Realm	BASIC_DIGEST]
2020-03-25 22:47:32,866 DEBUG o.a.j.e.u.ValueReplacer: About to replace in property of type: class org.apache.jmeter.testelement.property.StringProperty: HTTP Authorization Manager
2020-03-25 22:47:32,866 DEBUG o.a.j.e.u.ValueReplacer: Replacement result: HTTP Authorization Manager
2020-03-25 22:47:32,866 DEBUG o.a.j.e.u.ValueReplacer: About to replace in property of type: class org.apache.jmeter.testelement.property.StringProperty: org.apache.jmeter.protocol.http.gui.AuthPanel
2020-03-25 22:47:32,866 DEBUG o.a.j.e.u.ValueReplacer: About to replace in property of type: class org.apache.jmeter.testelement.property.StringProperty: org.apache.jmeter.protocol.http.control.AuthManager
2020-03-25 22:47:32,866 DEBUG o.a.j.e.u.ValueReplacer: About to replace in property of type: class org.apache.jmeter.testelement.property.BooleanProperty: true
2020-03-25 22:47:32,866 DEBUG o.a.j.e.u.ValueReplacer: Won't replace true
2020-03-25 22:47:32,866 DEBUG o.a.j.e.u.ValueReplacer: About to replace in property of type: class org.apache.jmeter.testelement.property.StringProperty: 
2020-03-25 22:47:32,866 DEBUG o.a.j.e.u.ValueReplacer: Replacement result: 
2020-03-25 22:47:32,867 DEBUG o.a.j.e.u.ValueReplacer: About to replace in property of type: class org.apache.jmeter.testelement.property.StringProperty: Thread Group
2020-03-25 22:47:32,867 DEBUG o.a.j.e.u.ValueReplacer: Replacement result: Thread Group
2020-03-25 22:47:32,867 DEBUG o.a.j.e.u.ValueReplacer: About to replace in property of type: class org.apache.jmeter.testelement.property.StringProperty: org.apache.jmeter.threads.gui.ThreadGroupGui
2020-03-25 22:47:32,867 DEBUG o.a.j.e.u.ValueReplacer: About to replace in property of type: class org.apache.jmeter.testelement.property.StringProperty: org.apache.jmeter.threads.ThreadGroup
2020-03-25 22:47:32,867 DEBUG o.a.j.e.u.ValueReplacer: About to replace in property of type: class org.apache.jmeter.testelement.property.BooleanProperty: true
2020-03-25 22:47:32,867 DEBUG o.a.j.e.u.ValueReplacer: Won't replace true
2020-03-25 22:47:32,867 DEBUG o.a.j.e.u.ValueReplacer: About to replace in property of type: class org.apache.jmeter.testelement.property.StringProperty: 
2020-03-25 22:47:32,867 DEBUG o.a.j.e.u.ValueReplacer: Replacement result: 
2020-03-25 22:47:32,868 DEBUG o.a.j.e.u.ValueReplacer: About to replace in property of type: class org.apache.jmeter.testelement.property.StringProperty: continue
2020-03-25 22:47:32,868 DEBUG o.a.j.e.u.ValueReplacer: Replacement result: continue
2020-03-25 22:47:32,868 DEBUG o.a.j.e.u.ValueReplacer: About to replace in property of type: class org.apache.jmeter.testelement.property.TestElementProperty: org.apache.jmeter.control.LoopController@1b5ac5bc
2020-03-25 22:47:32,868 DEBUG o.a.j.e.u.ValueReplacer: About to replace in property of type: class org.apache.jmeter.testelement.property.BooleanProperty: false
2020-03-25 22:47:32,868 DEBUG o.a.j.e.u.ValueReplacer: Won't replace false
2020-03-25 22:47:32,868 DEBUG o.a.j.e.u.ValueReplacer: About to replace in property of type: class org.apache.jmeter.testelement.property.StringProperty: Loop Controller
2020-03-25 22:47:32,868 DEBUG o.a.j.e.u.ValueReplacer: Replacement result: Loop Controller
2020-03-25 22:47:32,868 DEBUG o.a.j.e.u.ValueReplacer: About to replace in property of type: class org.apache.jmeter.testelement.property.StringProperty: org.apache.jmeter.control.gui.LoopControlPanel
2020-03-25 22:47:32,868 DEBUG o.a.j.e.u.ValueReplacer: About to replace in property of type: class org.apache.jmeter.testelement.property.StringProperty: org.apache.jmeter.control.LoopController
2020-03-25 22:47:32,869 DEBUG o.a.j.e.u.ValueReplacer: About to replace in property of type: class org.apache.jmeter.testelement.property.BooleanProperty: true
2020-03-25 22:47:32,869 DEBUG o.a.j.e.u.ValueReplacer: Won't replace true
2020-03-25 22:47:32,869 DEBUG o.a.j.e.u.ValueReplacer: About to replace in property of type: class org.apache.jmeter.testelement.property.StringProperty: 
2020-03-25 22:47:32,869 DEBUG o.a.j.e.u.ValueReplacer: Replacement result: 
2020-03-25 22:47:32,869 DEBUG o.a.j.e.u.ValueReplacer: About to replace in property of type: class org.apache.jmeter.testelement.property.StringProperty: 1
2020-03-25 22:47:32,869 DEBUG o.a.j.e.u.ValueReplacer: Replacement result: 1
2020-03-25 22:47:32,869 DEBUG o.a.j.e.u.ValueReplacer: Replacement result: org.apache.jmeter.control.LoopController@1b5ac5bc
2020-03-25 22:47:32,869 DEBUG o.a.j.e.u.ValueReplacer: About to replace in property of type: class org.apache.jmeter.testelement.property.StringProperty: 1
2020-03-25 22:47:32,869 DEBUG o.a.j.e.u.ValueReplacer: Replacement result: 1
2020-03-25 22:47:32,869 DEBUG o.a.j.e.u.ValueReplacer: About to replace in property of type: class org.apache.jmeter.testelement.property.StringProperty: 1
2020-03-25 22:47:32,869 DEBUG o.a.j.e.u.ValueReplacer: Replacement result: 1
2020-03-25 22:47:32,869 DEBUG o.a.j.e.u.ValueReplacer: About to replace in property of type: class org.apache.jmeter.testelement.property.LongProperty: 1585187092000
2020-03-25 22:47:32,869 DEBUG o.a.j.e.u.ValueReplacer: Replacement result: 1585187092000
2020-03-25 22:47:32,870 DEBUG o.a.j.e.u.ValueReplacer: About to replace in property of type: class org.apache.jmeter.testelement.property.LongProperty: 1585187092000
2020-03-25 22:47:32,870 DEBUG o.a.j.e.u.ValueReplacer: Replacement result: 1585187092000
2020-03-25 22:47:32,870 DEBUG o.a.j.e.u.ValueReplacer: About to replace in property of type: class org.apache.jmeter.testelement.property.BooleanProperty: false
2020-03-25 22:47:32,870 DEBUG o.a.j.e.u.ValueReplacer: Won't replace false
2020-03-25 22:47:32,870 DEBUG o.a.j.e.u.ValueReplacer: About to replace in property of type: class org.apache.jmeter.testelement.property.StringProperty: 
2020-03-25 22:47:32,870 DEBUG o.a.j.e.u.ValueReplacer: Replacement result: 
2020-03-25 22:47:32,870 DEBUG o.a.j.e.u.ValueReplacer: About to replace in property of type: class org.apache.jmeter.testelement.property.StringProperty: 
2020-03-25 22:47:32,870 DEBUG o.a.j.e.u.ValueReplacer: Replacement result: 
2020-03-25 22:47:32,870 DEBUG o.a.j.e.u.ValueReplacer: About to replace in property of type: class org.apache.jmeter.testelement.property.TestElementProperty: 
2020-03-25 22:47:32,871 DEBUG o.a.j.e.u.ValueReplacer: About to replace in property of type: class org.apache.jmeter.testelement.property.CollectionProperty: []
2020-03-25 22:47:32,871 DEBUG o.a.j.e.u.ValueReplacer: Replacement result: []
2020-03-25 22:47:32,871 DEBUG o.a.j.e.u.ValueReplacer: About to replace in property of type: class org.apache.jmeter.testelement.property.StringProperty: User Defined Variables
2020-03-25 22:47:32,871 DEBUG o.a.j.e.u.ValueReplacer: Replacement result: User Defined Variables
2020-03-25 22:47:32,871 DEBUG o.a.j.e.u.ValueReplacer: About to replace in property of type: class org.apache.jmeter.testelement.property.StringProperty: org.apache.jmeter.protocol.http.gui.HTTPArgumentsPanel
2020-03-25 22:47:32,871 DEBUG o.a.j.e.u.ValueReplacer: About to replace in property of type: class org.apache.jmeter.testelement.property.StringProperty: org.apache.jmeter.config.Arguments
2020-03-25 22:47:32,871 DEBUG o.a.j.e.u.ValueReplacer: About to replace in property of type: class org.apache.jmeter.testelement.property.BooleanProperty: true
2020-03-25 22:47:32,871 DEBUG o.a.j.e.u.ValueReplacer: Won't replace true
2020-03-25 22:47:32,871 DEBUG o.a.j.e.u.ValueReplacer: About to replace in property of type: class org.apache.jmeter.testelement.property.StringProperty: 
2020-03-25 22:47:32,871 DEBUG o.a.j.e.u.ValueReplacer: Replacement result: 
2020-03-25 22:47:32,871 DEBUG o.a.j.e.u.ValueReplacer: Replacement result: 
2020-03-25 22:47:32,871 DEBUG o.a.j.e.u.ValueReplacer: About to replace in property of type: class org.apache.jmeter.testelement.property.StringProperty: httpbin.org
2020-03-25 22:47:32,871 DEBUG o.a.j.e.u.ValueReplacer: Replacement result: httpbin.org
2020-03-25 22:47:32,872 DEBUG o.a.j.e.u.ValueReplacer: About to replace in property of type: class org.apache.jmeter.testelement.property.StringProperty: 
2020-03-25 22:47:32,872 DEBUG o.a.j.e.u.ValueReplacer: Replacement result: 
2020-03-25 22:47:32,872 DEBUG o.a.j.e.u.ValueReplacer: About to replace in property of type: class org.apache.jmeter.testelement.property.StringProperty: http
2020-03-25 22:47:32,872 DEBUG o.a.j.e.u.ValueReplacer: Replacement result: http
2020-03-25 22:47:32,872 DEBUG o.a.j.e.u.ValueReplacer: About to replace in property of type: class org.apache.jmeter.testelement.property.StringProperty: 
2020-03-25 22:47:32,872 DEBUG o.a.j.e.u.ValueReplacer: Replacement result: 
2020-03-25 22:47:32,872 DEBUG o.a.j.e.u.ValueReplacer: About to replace in property of type: class org.apache.jmeter.testelement.property.StringProperty: /basic-auth/user/passwd
2020-03-25 22:47:32,872 DEBUG o.a.j.e.u.ValueReplacer: Replacement result: /basic-auth/user/passwd
2020-03-25 22:47:32,872 DEBUG o.a.j.e.u.ValueReplacer: About to replace in property of type: class org.apache.jmeter.testelement.property.StringProperty: GET
2020-03-25 22:47:32,872 DEBUG o.a.j.e.u.ValueReplacer: Replacement result: GET
2020-03-25 22:47:32,872 DEBUG o.a.j.e.u.ValueReplacer: About to replace in property of type: class org.apache.jmeter.testelement.property.BooleanProperty: true
2020-03-25 22:47:32,872 DEBUG o.a.j.e.u.ValueReplacer: Won't replace true
2020-03-25 22:47:32,873 DEBUG o.a.j.e.u.ValueReplacer: About to replace in property of type: class org.apache.jmeter.testelement.property.BooleanProperty: false
2020-03-25 22:47:32,873 DEBUG o.a.j.e.u.ValueReplacer: Won't replace false
2020-03-25 22:47:32,873 DEBUG o.a.j.e.u.ValueReplacer: About to replace in property of type: class org.apache.jmeter.testelement.property.BooleanProperty: true
2020-03-25 22:47:32,873 DEBUG o.a.j.e.u.ValueReplacer: Won't replace true
2020-03-25 22:47:32,873 DEBUG o.a.j.e.u.ValueReplacer: About to replace in property of type: class org.apache.jmeter.testelement.property.BooleanProperty: false
2020-03-25 22:47:32,873 DEBUG o.a.j.e.u.ValueReplacer: Won't replace false
2020-03-25 22:47:32,873 DEBUG o.a.j.e.u.ValueReplacer: About to replace in property of type: class org.apache.jmeter.testelement.property.StringProperty: 
2020-03-25 22:47:32,873 DEBUG o.a.j.e.u.ValueReplacer: Replacement result: 
2020-03-25 22:47:32,873 DEBUG o.a.j.e.u.ValueReplacer: About to replace in property of type: class org.apache.jmeter.testelement.property.StringProperty: 
2020-03-25 22:47:32,873 DEBUG o.a.j.e.u.ValueReplacer: Replacement result: 
2020-03-25 22:47:32,873 DEBUG o.a.j.e.u.ValueReplacer: About to replace in property of type: class org.apache.jmeter.testelement.property.StringProperty: 
2020-03-25 22:47:32,873 DEBUG o.a.j.e.u.ValueReplacer: Replacement result: 
2020-03-25 22:47:32,873 DEBUG o.a.j.e.u.ValueReplacer: About to replace in property of type: class org.apache.jmeter.testelement.property.StringProperty: HTTP Request
2020-03-25 22:47:32,873 DEBUG o.a.j.e.u.ValueReplacer: Replacement result: HTTP Request
2020-03-25 22:47:32,874 DEBUG o.a.j.e.u.ValueReplacer: About to replace in property of type: class org.apache.jmeter.testelement.property.StringProperty: org.apache.jmeter.protocol.http.control.gui.HttpTestSampleGui
2020-03-25 22:47:32,874 DEBUG o.a.j.e.u.ValueReplacer: About to replace in property of type: class org.apache.jmeter.testelement.property.StringProperty: org.apache.jmeter.protocol.http.sampler.HTTPSamplerProxy
2020-03-25 22:47:32,874 DEBUG o.a.j.e.u.ValueReplacer: About to replace in property of type: class org.apache.jmeter.testelement.property.BooleanProperty: true
2020-03-25 22:47:32,874 DEBUG o.a.j.e.u.ValueReplacer: Won't replace true
2020-03-25 22:47:32,874 DEBUG o.a.j.e.u.ValueReplacer: About to replace in property of type: class org.apache.jmeter.testelement.property.StringProperty: 
2020-03-25 22:47:32,874 DEBUG o.a.j.e.u.ValueReplacer: Replacement result: 
2020-03-25 22:47:32,874 DEBUG o.a.j.e.u.ValueReplacer: About to replace in property of type: class org.apache.jmeter.testelement.property.CollectionProperty: [200]
2020-03-25 22:47:32,874 DEBUG o.a.j.e.u.ValueReplacer: About to replace in property of type: class org.apache.jmeter.testelement.property.StringProperty: 200
2020-03-25 22:47:32,874 DEBUG o.a.j.e.u.ValueReplacer: Replacement result: 200
2020-03-25 22:47:32,874 DEBUG o.a.j.e.u.ValueReplacer: Replacement result: [200]
2020-03-25 22:47:32,874 DEBUG o.a.j.e.u.ValueReplacer: About to replace in property of type: class org.apache.jmeter.testelement.property.StringProperty: Response Assertion
2020-03-25 22:47:32,875 DEBUG o.a.j.e.u.ValueReplacer: Replacement result: Response Assertion
2020-03-25 22:47:32,875 DEBUG o.a.j.e.u.ValueReplacer: About to replace in property of type: class org.apache.jmeter.testelement.property.StringProperty: org.apache.jmeter.assertions.gui.AssertionGui
2020-03-25 22:47:32,875 DEBUG o.a.j.e.u.ValueReplacer: About to replace in property of type: class org.apache.jmeter.testelement.property.StringProperty: org.apache.jmeter.assertions.ResponseAssertion
2020-03-25 22:47:32,875 DEBUG o.a.j.e.u.ValueReplacer: About to replace in property of type: class org.apache.jmeter.testelement.property.BooleanProperty: true
2020-03-25 22:47:32,875 DEBUG o.a.j.e.u.ValueReplacer: Won't replace true
2020-03-25 22:47:32,875 DEBUG o.a.j.e.u.ValueReplacer: About to replace in property of type: class org.apache.jmeter.testelement.property.StringProperty: 
2020-03-25 22:47:32,875 DEBUG o.a.j.e.u.ValueReplacer: Replacement result: 
2020-03-25 22:47:32,875 DEBUG o.a.j.e.u.ValueReplacer: About to replace in property of type: class org.apache.jmeter.testelement.property.StringProperty: Assertion.response_code
2020-03-25 22:47:32,875 DEBUG o.a.j.e.u.ValueReplacer: Replacement result: Assertion.response_code
2020-03-25 22:47:32,875 DEBUG o.a.j.e.u.ValueReplacer: About to replace in property of type: class org.apache.jmeter.testelement.property.BooleanProperty: true
2020-03-25 22:47:32,875 DEBUG o.a.j.e.u.ValueReplacer: Won't replace true
2020-03-25 22:47:32,875 DEBUG o.a.j.e.u.ValueReplacer: About to replace in property of type: class org.apache.jmeter.testelement.property.IntegerProperty: 8
2020-03-25 22:47:32,875 DEBUG o.a.j.e.u.ValueReplacer: Replacement result: 8
2020-03-25 22:47:32,876 DEBUG o.a.j.e.u.ValueReplacer: About to replace in property of type: class org.apache.jmeter.testelement.property.BooleanProperty: false
2020-03-25 22:47:32,876 DEBUG o.a.j.e.u.ValueReplacer: Won't replace false
2020-03-25 22:47:32,876 DEBUG o.a.j.e.u.ValueReplacer: About to replace in property of type: class org.apache.jmeter.testelement.property.ObjectProperty: org.apache.jmeter.samplers.SampleSaveConfiguration@733de5f0
2020-03-25 22:47:32,876 DEBUG o.a.j.e.u.ValueReplacer: Won't replace org.apache.jmeter.samplers.SampleSaveConfiguration@733de5f0
2020-03-25 22:47:32,876 DEBUG o.a.j.e.u.ValueReplacer: About to replace in property of type: class org.apache.jmeter.testelement.property.StringProperty: View Results Tree
2020-03-25 22:47:32,876 DEBUG o.a.j.e.u.ValueReplacer: Replacement result: View Results Tree
2020-03-25 22:47:32,876 DEBUG o.a.j.e.u.ValueReplacer: About to replace in property of type: class org.apache.jmeter.testelement.property.StringProperty: org.apache.jmeter.visualizers.ViewResultsFullVisualizer
2020-03-25 22:47:32,877 DEBUG o.a.j.e.u.ValueReplacer: About to replace in property of type: class org.apache.jmeter.testelement.property.StringProperty: org.apache.jmeter.reporters.ResultCollector
2020-03-25 22:47:32,877 DEBUG o.a.j.e.u.ValueReplacer: About to replace in property of type: class org.apache.jmeter.testelement.property.BooleanProperty: true
2020-03-25 22:47:32,877 DEBUG o.a.j.e.u.ValueReplacer: Won't replace true
2020-03-25 22:47:32,877 DEBUG o.a.j.e.u.ValueReplacer: About to replace in property of type: class org.apache.jmeter.testelement.property.StringProperty: 
2020-03-25 22:47:32,877 DEBUG o.a.j.e.u.ValueReplacer: Replacement result: 
2020-03-25 22:47:32,877 DEBUG o.a.j.e.u.ValueReplacer: About to replace in property of type: class org.apache.jmeter.testelement.property.StringProperty: 
2020-03-25 22:47:32,877 DEBUG o.a.j.e.u.ValueReplacer: Replacement result: 
2020-03-25 22:47:32,877 INFO o.a.j.g.u.JMeterMenuBar: setRunning(true, *local*)
2020-03-25 22:47:32,984 INFO o.a.j.e.StandardJMeterEngine: Starting ThreadGroup: 1 : Thread Group
2020-03-25 22:47:32,984 INFO o.a.j.e.StandardJMeterEngine: Starting 1 threads for group Thread Group.
2020-03-25 22:47:32,984 INFO o.a.j.e.StandardJMeterEngine: Thread will continue on error
2020-03-25 22:47:32,984 INFO o.a.j.t.ThreadGroup: Starting thread group... number=1 threads=1 ramp-up=1 perThread=1000.0 delayedStart=false
2020-03-25 22:47:32,985 INFO o.a.j.t.ThreadGroup: Started thread group number 1
2020-03-25 22:47:32,985 INFO o.a.j.e.StandardJMeterEngine: All thread groups have been started
2020-03-25 22:47:32,985 DEBUG o.a.j.t.TestCompiler: Subtracting node, stack size = 3
2020-03-25 22:47:32,986 DEBUG o.a.j.t.TestCompiler: Subtracting node, stack size = 2
2020-03-25 22:47:32,986 DEBUG o.a.j.t.TestCompiler: adding controller: org.apache.jmeter.threads.ThreadGroup@11a2aecc to sampler config
2020-03-25 22:47:32,987 DEBUG o.a.j.t.TestCompiler: Subtracting node, stack size = 2
2020-03-25 22:47:32,987 DEBUG o.a.j.t.TestCompiler: Subtracting node, stack size = 2
2020-03-25 22:47:32,987 DEBUG o.a.j.t.TestCompiler: Subtracting node, stack size = 1
2020-03-25 22:47:32,987 INFO o.a.j.t.JMeterThread: Thread started: Thread Group 1-1
2020-03-25 22:47:32,987 DEBUG o.a.j.c.GenericController: Calling next on: class org.apache.jmeter.control.GenericController
2020-03-25 22:47:32,987 DEBUG o.a.j.p.h.s.HTTPHC4Impl: notifyFirstSampleAfterLoopRestart
2020-03-25 22:47:32,987 DEBUG o.a.j.p.h.s.HTTPHC4Impl: Start : sample http://httpbin.org/basic-auth/user/passwd method GET followingRedirect false depth 0
2020-03-25 22:47:32,987 DEBUG o.a.j.p.h.s.HTTPHC4Impl: Created new HttpClient: @680217402 http://httpbin.org
2020-03-25 22:47:32,988 DEBUG o.a.j.p.h.c.AuthManager: Target URL strings to match against: http://httpbin.org/basic-auth/user/passwd and http://httpbin.org:80/basic-auth/user/passwd
2020-03-25 22:47:32,988 DEBUG o.a.j.p.h.c.AuthManager: Checking match against auth'n entry: http
2020-03-25 22:47:32,988 DEBUG o.a.j.p.h.c.AuthManager: Matched
2020-03-25 22:47:32,988 DEBUG o.a.j.p.h.c.AuthManager: Target URL strings to match against: http://httpbin.org/basic-auth/user/passwd and http://httpbin.org:80/basic-auth/user/passwd
2020-03-25 22:47:32,988 DEBUG o.a.j.p.h.c.AuthManager: Checking match against auth'n entry: http
2020-03-25 22:47:32,988 DEBUG o.a.j.p.h.c.AuthManager: Matched
2020-03-25 22:47:32,988 DEBUG o.a.j.p.h.c.AuthManager: user > D= R=Fake Realm M=BASIC_DIGEST
2020-03-25 22:47:32,988 DEBUG o.a.j.p.h.s.HTTPHC4Impl: Storing in HttpContext the user token: Thread Group 1-1
2020-03-25 22:47:32,988 DEBUG o.a.j.p.h.c.AuthManager: Target URL strings to match against: http://httpbin.org/basic-auth/user/passwd and http://httpbin.org:80/basic-auth/user/passwd
2020-03-25 22:47:32,988 DEBUG o.a.j.p.h.c.AuthManager: Checking match against auth'n entry: http
2020-03-25 22:47:32,988 DEBUG o.a.j.p.h.c.AuthManager: Matched
2020-03-25 22:47:32,989 DEBUG o.a.j.p.h.s.MeasuringConnectionManager: Connection request: [route: {}->http://httpbin.org:80][state: Thread Group 1-1], stats:[total kept alive: 0; route allocated: 0 of 2; total allocated: 0 of 20], pool:[leased: []][available: []][pending: []]
2020-03-25 22:47:32,989 DEBUG o.a.j.p.h.s.MeasuringConnectionManager: Connection leased: [id: 0][route: {}->http://httpbin.org:80][total kept alive: 0; route allocated: 1 of 2; total allocated: 1 of 20]
2020-03-25 22:47:32,991 DEBUG o.a.j.p.h.s.JMeterClientConnectionOperator: Connecting to httpbin.org:80
2020-03-25 22:47:33,035 DEBUG o.a.h.c.p.RequestAddCookies: CookieSpec selected: ignoreCookies
2020-03-25 22:47:33,035 DEBUG o.a.h.c.p.RequestAuthCache: Auth cache not set in the context
2020-03-25 22:47:33,035 DEBUG o.a.h.c.p.RequestTargetAuthentication: Target auth state: UNCHALLENGED
2020-03-25 22:47:33,035 DEBUG o.a.h.c.p.RequestProxyAuthentication: Proxy auth state: UNCHALLENGED
2020-03-25 22:47:33,035 DEBUG o.a.j.p.h.s.HTTPHC4Impl$6: Attempt 1 to execute request
2020-03-25 22:47:33,036 DEBUG o.a.j.p.h.s.JMeterClientConnectionOperator$JMeterDefaultClientConnection: Sending request: GET /basic-auth/user/passwd HTTP/1.1
2020-03-25 22:47:33,036 DEBUG o.a.h.wire:  >> "GET /basic-auth/user/passwd HTTP/1.1[\r][\n]"
2020-03-25 22:47:33,036 DEBUG o.a.h.wire:  >> "Connection: keep-alive[\r][\n]"
2020-03-25 22:47:33,036 DEBUG o.a.h.wire:  >> "Host: httpbin.org[\r][\n]"
2020-03-25 22:47:33,036 DEBUG o.a.h.wire:  >> "User-Agent: Apache-HttpClient/4.5.3 (Java/1.8.0_231)[\r][\n]"
2020-03-25 22:47:33,036 DEBUG o.a.h.wire:  >> "[\r][\n]"
2020-03-25 22:47:33,036 DEBUG o.a.h.headers: >> GET /basic-auth/user/passwd HTTP/1.1
2020-03-25 22:47:33,037 DEBUG o.a.h.headers: >> Connection: keep-alive
2020-03-25 22:47:33,037 DEBUG o.a.h.headers: >> Host: httpbin.org
2020-03-25 22:47:33,037 DEBUG o.a.h.headers: >> User-Agent: Apache-HttpClient/4.5.3 (Java/1.8.0_231)
2020-03-25 22:47:33,071 DEBUG o.a.h.wire:  << "HTTP/1.1 401 UNAUTHORIZED[\r][\n]"
2020-03-25 22:47:33,071 DEBUG o.a.h.wire:  << "Date: Thu, 26 Mar 2020 01:47:33 GMT[\r][\n]"
2020-03-25 22:47:33,071 DEBUG o.a.h.wire:  << "Content-Length: 0[\r][\n]"
2020-03-25 22:47:33,072 DEBUG o.a.h.wire:  << "Connection: keep-alive[\r][\n]"
2020-03-25 22:47:33,072 DEBUG o.a.h.wire:  << "Server: gunicorn/19.9.0[\r][\n]"
2020-03-25 22:47:33,072 DEBUG o.a.h.wire:  << "WWW-Authenticate: Basic realm="Fake Realm"[\r][\n]"
2020-03-25 22:47:33,072 DEBUG o.a.h.wire:  << "Access-Control-Allow-Origin: *[\r][\n]"
2020-03-25 22:47:33,072 DEBUG o.a.h.wire:  << "Access-Control-Allow-Credentials: true[\r][\n]"
2020-03-25 22:47:33,072 DEBUG o.a.h.wire:  << "[\r][\n]"
2020-03-25 22:47:33,072 DEBUG o.a.j.p.h.s.JMeterClientConnectionOperator$JMeterDefaultClientConnection: Receiving response: HTTP/1.1 401 UNAUTHORIZED
2020-03-25 22:47:33,072 DEBUG o.a.h.headers: << HTTP/1.1 401 UNAUTHORIZED
2020-03-25 22:47:33,072 DEBUG o.a.h.headers: << Date: Thu, 26 Mar 2020 01:47:33 GMT
2020-03-25 22:47:33,072 DEBUG o.a.h.headers: << Content-Length: 0
2020-03-25 22:47:33,072 DEBUG o.a.h.headers: << Connection: keep-alive
2020-03-25 22:47:33,072 DEBUG o.a.h.headers: << Server: gunicorn/19.9.0
2020-03-25 22:47:33,072 DEBUG o.a.h.headers: << WWW-Authenticate: Basic realm="Fake Realm"
2020-03-25 22:47:33,072 DEBUG o.a.h.headers: << Access-Control-Allow-Origin: *
2020-03-25 22:47:33,073 DEBUG o.a.h.headers: << Access-Control-Allow-Credentials: true
2020-03-25 22:47:33,073 DEBUG o.a.j.p.h.s.HTTPHC4Impl$6: Connection can be kept alive indefinitely
2020-03-25 22:47:33,073 DEBUG o.a.j.p.h.s.HTTPHC4Impl$6: Authentication required
2020-03-25 22:47:33,073 DEBUG o.a.j.p.h.s.HTTPHC4Impl$6: httpbin.org:80 requested authentication
2020-03-25 22:47:33,073 DEBUG o.a.h.i.c.TargetAuthenticationStrategy: Authentication schemes in the order of preference: [Negotiate, Kerberos, NTLM, Digest, Basic]
2020-03-25 22:47:33,073 DEBUG o.a.h.i.c.TargetAuthenticationStrategy: Challenge for Negotiate authentication scheme not available
2020-03-25 22:47:33,073 DEBUG o.a.h.i.c.TargetAuthenticationStrategy: Challenge for Kerberos authentication scheme not available
2020-03-25 22:47:33,073 DEBUG o.a.h.i.c.TargetAuthenticationStrategy: Challenge for NTLM authentication scheme not available
2020-03-25 22:47:33,073 DEBUG o.a.h.i.c.TargetAuthenticationStrategy: Challenge for Digest authentication scheme not available
2020-03-25 22:47:33,073 DEBUG o.a.j.p.h.s.HTTPHC4Impl$6: Selected authentication options: [BASIC [complete=true]]
2020-03-25 22:47:33,073 DEBUG o.a.h.c.p.RequestAddCookies: CookieSpec selected: ignoreCookies
2020-03-25 22:47:33,074 DEBUG o.a.h.c.p.RequestAuthCache: Auth cache not set in the context
2020-03-25 22:47:33,074 DEBUG o.a.h.c.p.RequestTargetAuthentication: Target auth state: CHALLENGED
2020-03-25 22:47:33,074 DEBUG o.a.h.c.p.RequestTargetAuthentication: Generating response to an authentication challenge using basic scheme
2020-03-25 22:47:33,074 DEBUG o.a.h.c.p.RequestProxyAuthentication: Proxy auth state: UNCHALLENGED
2020-03-25 22:47:33,074 DEBUG o.a.j.p.h.s.HTTPHC4Impl$6: Attempt 2 to execute request
2020-03-25 22:47:33,074 DEBUG o.a.j.p.h.s.JMeterClientConnectionOperator$JMeterDefaultClientConnection: Sending request: GET /basic-auth/user/passwd HTTP/1.1
2020-03-25 22:47:33,074 DEBUG o.a.h.wire:  >> "GET /basic-auth/user/passwd HTTP/1.1[\r][\n]"
2020-03-25 22:47:33,074 DEBUG o.a.h.wire:  >> "Connection: keep-alive[\r][\n]"
2020-03-25 22:47:33,074 DEBUG o.a.h.wire:  >> "Host: httpbin.org[\r][\n]"
2020-03-25 22:47:33,074 DEBUG o.a.h.wire:  >> "User-Agent: Apache-HttpClient/4.5.3 (Java/1.8.0_231)[\r][\n]"
2020-03-25 22:47:33,074 DEBUG o.a.h.wire:  >> "Authorization: Basic dXNlcjpwYXNzd2Q=[\r][\n]"
2020-03-25 22:47:33,074 DEBUG o.a.h.wire:  >> "[\r][\n]"
2020-03-25 22:47:33,074 DEBUG o.a.h.headers: >> GET /basic-auth/user/passwd HTTP/1.1
2020-03-25 22:47:33,074 DEBUG o.a.h.headers: >> Connection: keep-alive
2020-03-25 22:47:33,075 DEBUG o.a.h.headers: >> Host: httpbin.org
2020-03-25 22:47:33,075 DEBUG o.a.h.headers: >> User-Agent: Apache-HttpClient/4.5.3 (Java/1.8.0_231)
2020-03-25 22:47:33,075 DEBUG o.a.h.headers: >> Authorization: Basic dXNlcjpwYXNzd2Q=
2020-03-25 22:47:33,110 DEBUG o.a.h.wire:  << "HTTP/1.1 200 OK[\r][\n]"
2020-03-25 22:47:33,111 DEBUG o.a.h.wire:  << "Date: Thu, 26 Mar 2020 01:47:33 GMT[\r][\n]"
2020-03-25 22:47:33,111 DEBUG o.a.h.wire:  << "Content-Type: application/json[\r][\n]"
2020-03-25 22:47:33,111 DEBUG o.a.h.wire:  << "Content-Length: 47[\r][\n]"
2020-03-25 22:47:33,111 DEBUG o.a.h.wire:  << "Connection: keep-alive[\r][\n]"
2020-03-25 22:47:33,111 DEBUG o.a.h.wire:  << "Server: gunicorn/19.9.0[\r][\n]"
2020-03-25 22:47:33,111 DEBUG o.a.h.wire:  << "Access-Control-Allow-Origin: *[\r][\n]"
2020-03-25 22:47:33,111 DEBUG o.a.h.wire:  << "Access-Control-Allow-Credentials: true[\r][\n]"
2020-03-25 22:47:33,111 DEBUG o.a.h.wire:  << "[\r][\n]"
2020-03-25 22:47:33,112 DEBUG o.a.j.p.h.s.JMeterClientConnectionOperator$JMeterDefaultClientConnection: Receiving response: HTTP/1.1 200 OK
2020-03-25 22:47:33,112 DEBUG o.a.h.headers: << HTTP/1.1 200 OK
2020-03-25 22:47:33,112 DEBUG o.a.h.headers: << Date: Thu, 26 Mar 2020 01:47:33 GMT
2020-03-25 22:47:33,112 DEBUG o.a.h.headers: << Content-Type: application/json
2020-03-25 22:47:33,112 DEBUG o.a.h.headers: << Content-Length: 47
2020-03-25 22:47:33,112 DEBUG o.a.h.headers: << Connection: keep-alive
2020-03-25 22:47:33,112 DEBUG o.a.h.headers: << Server: gunicorn/19.9.0
2020-03-25 22:47:33,112 DEBUG o.a.h.headers: << Access-Control-Allow-Origin: *
2020-03-25 22:47:33,112 DEBUG o.a.h.headers: << Access-Control-Allow-Credentials: true
2020-03-25 22:47:33,112 DEBUG o.a.j.p.h.s.HTTPHC4Impl$6: Connection can be kept alive indefinitely
2020-03-25 22:47:33,112 DEBUG o.a.j.p.h.s.HTTPHC4Impl$6: Authentication succeeded
2020-03-25 22:47:33,112 DEBUG o.a.h.i.c.TargetAuthenticationStrategy: Caching 'basic' auth scheme for http://httpbin.org:80
2020-03-25 22:47:33,113 DEBUG o.a.j.p.h.s.HTTPHC4Impl: Extracted from HttpContext user token:Thread Group 1-1 storing it as JMeter variable:__jmeter.USER_TOKEN__
2020-03-25 22:47:33,113 DEBUG o.a.h.wire:  << "{[\n]"
2020-03-25 22:47:33,113 DEBUG o.a.h.wire:  << "  "authenticated": true, [\n]"
2020-03-25 22:47:33,113 DEBUG o.a.h.wire:  << "  "user": "user"[\n]"
2020-03-25 22:47:33,113 DEBUG o.a.h.wire:  << "}[\n]"
2020-03-25 22:47:33,113 DEBUG o.a.j.p.h.s.MeasuringConnectionManager: Connection [id: 0][route: {}->http://httpbin.org:80][state: Thread Group 1-1] can be kept alive indefinitely
2020-03-25 22:47:33,113 DEBUG o.a.j.p.h.s.MeasuringConnectionManager: Connection released: [id: 0][route: {}->http://httpbin.org:80][state: Thread Group 1-1][total kept alive: 1; route allocated: 1 of 2; total allocated: 1 of 20]
2020-03-25 22:47:33,113 DEBUG o.a.j.p.h.s.HTTPHC4Impl: ResponseHeadersSize=229 Content-Length=47 Total=276
2020-03-25 22:47:33,114 DEBUG o.a.j.a.ResponseAssertion: Test Type Info: contains=false, notTest=false, orTest=false
2020-03-25 22:47:33,114 DEBUG o.a.j.a.ResponseAssertion: Passed: 200
2020-03-25 22:47:33,114 DEBUG o.a.j.c.GenericController: Calling next on: class org.apache.jmeter.control.GenericController
2020-03-25 22:47:33,114 INFO o.a.j.t.JMeterThread: Thread is done: Thread Group 1-1
2020-03-25 22:47:33,114 INFO o.a.j.t.JMeterThread: Thread finished: Thread Group 1-1
2020-03-25 22:47:33,114 DEBUG o.a.j.p.h.s.HTTPHC4Impl: Thread Finished
2020-03-25 22:47:33,114 DEBUG o.a.j.p.h.s.MeasuringConnectionManager: Connection manager is shutting down
2020-03-25 22:47:33,115 DEBUG o.a.j.p.h.s.JMeterClientConnectionOperator$JMeterDefaultClientConnection: Connection 0.0.0.0:55877<->35.170.216.115:80 closed
2020-03-25 22:47:33,115 DEBUG o.a.j.p.h.s.JMeterClientConnectionOperator$JMeterDefaultClientConnection: Connection 0.0.0.0:55877<->35.170.216.115:80 closed
2020-03-25 22:47:33,115 DEBUG o.a.j.p.h.s.MeasuringConnectionManager: Connection manager shut down
2020-03-25 22:47:33,115 DEBUG o.a.j.p.h.s.MeasuringConnectionManager: Connection manager is shutting down
2020-03-25 22:47:33,115 DEBUG o.a.j.p.h.s.MeasuringConnectionManager: Connection manager shut down
2020-03-25 22:47:33,115 DEBUG o.a.j.t.ThreadGroup: Ending thread Thread Group 1-1
2020-03-25 22:47:33,115 INFO o.a.j.e.StandardJMeterEngine: Notifying test listeners of end of test
2020-03-25 22:47:33,115 INFO o.a.j.g.u.JMeterMenuBar: setRunning(false, *local*)
2020-03-25 22:47:33,215 DEBUG o.a.j.v.ViewResultsFullVisualizer: Expanded: [[Root]]
2020-03-25 22:47:33,217 DEBUG o.a.j.v.ViewResultsFullVisualizer: Elements: [Root]